07:35:47.957 fr.inria.lille.repair.nopol.NoPol - Source files: [src/main/java]
07:35:47.963 fr.inria.lille.repair.nopol.NoPol - Classpath: [file:/users2/cpca56132020/moliveira/folders/Nopol_QUIXBUGS_DETECT_CYCLE/Nopol_QuixBugs_DETECT_CYCLE_/target/classes/, file:/users2/cpca56132020/moliveira/folders/Nopol_QUIXBUGS_DETECT_CYCLE/Nopol_QuixBugs_DETECT_CYCLE_/target/test-classes/, file:/users2/cpca56132020/moliveira/.m2/repository/junit/junit/4.11/junit-4.11.jar, file:/users2/cpca56132020/moliveira/.m2/repository/org/hamcrest/hamcrest-core/1.3/hamcrest-core-1.3.jar, file:/users2/cpca56132020/moliveira/RepairThemAll/script/../repair_tools/nopol.jar]
07:35:47.963 fr.inria.lille.repair.nopol.NoPol - Statement type: PRE_THEN_COND
07:35:47.964 fr.inria.lille.repair.nopol.NoPol - Args: [java_testcases.junit.DETECT_CYCLE_Test]
07:35:47.966 fr.inria.lille.repair.nopol.NoPol - Config: Config{synthesisDepth=3, collectStaticMethods=true, collectStaticFields=false, collectLiterals=false, onlyOneSynthesisResult=true, sortExpressions=true, maxLineInvocationPerTest=250, timeoutMethodInvocation=2000, dataCollectionTimeoutInSecondForSynthesis=900, addWeight=0.19478, subWeight=0.04554, mulWeight=0.0102, divWeight=0.00613, andWeight=0.10597, orWeight=0.05708, eqWeight=0.22798, nEqWeight=0.0, lessEqWeight=0.0255, lessWeight=0.0947, methodCallWeight=0.1, fieldAccessWeight=0.08099, constantWeight=0.14232, variableWeight=0.05195, mode=REPAIR, type=PRE_THEN_COND, synthesis=SMT, oracle=ANGELIC, solver=Z3, solverPath='/users2/cpca56132020/moliveira/RepairThemAll/script/../libs/z3/build/z3', projectSources=[src/main/java], projectClasspath='[Ljava.net.URL;@16c0663d', projectTests=[java_testcases.junit.DETECT_CYCLE_Test], complianceLevel=8, outputFolder=., json=true}
07:35:47.966 fr.inria.lille.repair.nopol.NoPol - Available processors (cores): 1
07:35:47.969 fr.inria.lille.repair.nopol.NoPol - Free memory: 968 MB
07:35:47.969 fr.inria.lille.repair.nopol.NoPol - Maximum memory: 3 GB
07:35:47.969 fr.inria.lille.repair.nopol.NoPol - Total memory available to JVM: 989 MB
07:35:47.969 fr.inria.lille.repair.nopol.NoPol - Java version: 1.8.0_282
07:35:47.973 fr.inria.lille.repair.nopol.NoPol - JAVA_HOME: /users2/cpca56132020/moliveira/deps/jdk-8/bin
07:35:47.973 fr.inria.lille.repair.nopol.NoPol - PATH: /users2/cpca56132020/moliveira/deps/jdk-8/bin:/users2/cpca56132020/moliveira/deps/Maven/apache-maven/bin:/users2/cpca56132020/moliveira/deps/Gradle/gradle-6.8.3/bin:/usr/condabin:/usr/local/bin:/usr/bin:/usr/local/sbin:/usr/sbin:/users2/cpca56132020/moliveira/.local/bin:/users2/cpca56132020/moliveira/bin
07:35:52.783 fr.inria.lille.repair.nopol.NoPol - statement #1
07:35:52.785 fr.inria.lille.repair.nopol.NoPol - Analysing SourceLocation java_programs.DETECT_CYCLE:24 which is executed by 5 tests
07:35:52.925 fr.inria.lille.repair.nopol.NoPol - looking with class fr.inria.lille.repair.nopol.spoon.smt.ConditionalAdder
07:35:53.606 tests.output - Failing tests with false: 
[test4(java_testcases.junit.DETECT_CYCLE_Test): null]
07:35:53.606 tests.output - Failing tests with true: 
[test4(java_testcases.junit.DETECT_CYCLE_Test): null]
07:35:53.607 f.i.l.r.n.synth.SMTNopolSynthesizer - Not enough specifications: 0. A trivial patch is "true" or "false", please write new tests specifying SourceLocation java_programs.DETECT_CYCLE:24.
07:35:53.607 fr.inria.lille.repair.nopol.NoPol - looking with class fr.inria.lille.repair.nopol.spoon.smt.ConditionalReplacer
07:35:53.804 tests.output - Failing tests with false: 
[test4(java_testcases.junit.DETECT_CYCLE_Test): null]
07:35:53.805 tests.output - Failing tests with true: 
[test4(java_testcases.junit.DETECT_CYCLE_Test): expected:<Cycle [not ]detected!> but was:<Cycle []detected!>]
07:35:53.805 f.i.l.r.n.synth.SMTNopolSynthesizer - Not enough specifications: 0. A trivial patch is "true" or "false", please write new tests specifying SourceLocation java_programs.DETECT_CYCLE:24.
07:35:53.805 fr.inria.lille.repair.nopol.NoPol - statement #2
07:35:53.806 fr.inria.lille.repair.nopol.NoPol - Analysing SourceLocation java_programs.DETECT_CYCLE:22 which is executed by 5 tests
07:35:53.850 fr.inria.lille.repair.nopol.NoPol - looking with class fr.inria.lille.repair.nopol.spoon.smt.ConditionalAdder
07:35:54.038 tests.output - Failing tests with false: 
[test4(java_testcases.junit.DETECT_CYCLE_Test): null]
07:35:54.038 tests.output - Failing tests with true: 
[test4(java_testcases.junit.DETECT_CYCLE_Test): null]
07:35:54.038 f.i.l.r.n.synth.SMTNopolSynthesizer - Not enough specifications: 0. A trivial patch is "true" or "false", please write new tests specifying SourceLocation java_programs.DETECT_CYCLE:22.
07:35:54.039 fr.inria.lille.repair.nopol.NoPol - statement #3
07:35:54.039 fr.inria.lille.repair.nopol.NoPol - Analysing SourceLocation java_programs.DETECT_CYCLE:21 which is executed by 5 tests
07:35:54.081 fr.inria.lille.repair.nopol.NoPol - looking with class fr.inria.lille.repair.nopol.spoon.smt.ConditionalAdder
07:35:54.241 tests.output - Failing tests with false: 
[test4(java_testcases.junit.DETECT_CYCLE_Test): null]
07:35:54.241 tests.output - Failing tests with true: 
[test4(java_testcases.junit.DETECT_CYCLE_Test): null]
07:35:54.241 f.i.l.r.n.synth.SMTNopolSynthesizer - Not enough specifications: 0. A trivial patch is "true" or "false", please write new tests specifying SourceLocation java_programs.DETECT_CYCLE:21.
07:35:54.241 fr.inria.lille.repair.nopol.NoPol - statement #4
07:35:54.241 fr.inria.lille.repair.nopol.NoPol - Analysing SourceLocation java_programs.Node:58 which is executed by 6 tests
07:35:54.323 fr.inria.lille.repair.nopol.NoPol - statement #5
07:35:54.324 fr.inria.lille.repair.nopol.NoPol - Analysing SourceLocation java_programs.DETECT_CYCLE:18 which is executed by 6 tests
07:35:54.406 fr.inria.lille.repair.nopol.NoPol - looking with class fr.inria.lille.repair.nopol.spoon.smt.ConditionalAdder
07:35:54.565 tests.output - Failing tests with false: 
[test4(java_testcases.junit.DETECT_CYCLE_Test): null]
07:35:54.565 tests.output - Failing tests with true: 
[test4(java_testcases.junit.DETECT_CYCLE_Test): null]
07:35:54.565 f.i.l.r.n.synth.SMTNopolSynthesizer - Not enough specifications: 0. A trivial patch is "true" or "false", please write new tests specifying SourceLocation java_programs.DETECT_CYCLE:18.
07:35:54.566 fr.inria.lille.repair.nopol.NoPol - looking with class fr.inria.lille.repair.nopol.spoon.smt.ConditionalReplacer
07:35:55.031 f.i.l.c.s.ConstraintBasedSynthesis - Operators:
07:35:55.161 f.i.l.c.s.ConstraintBasedSynthesis - Operators:
== of arity: 2
!= of arity: 2
< of arity: 2
<= of arity: 2
07:35:55.238 f.i.l.c.s.ConstraintBasedSynthesis - Operators:
== of arity: 2
!= of arity: 2
< of arity: 2
<= of arity: 2
! of arity: 1
|| of arity: 2
&& of arity: 2
07:35:55.401 f.i.l.c.s.ConstraintBasedSynthesis - Operators:
== of arity: 2
!= of arity: 2
< of arity: 2
<= of arity: 2
! of arity: 1
|| of arity: 2
&& of arity: 2
== of arity: 2
!= of arity: 2
< of arity: 2
<= of arity: 2
07:35:55.620 f.i.l.c.s.ConstraintBasedSynthesis - Operators:
== of arity: 2
!= of arity: 2
< of arity: 2
<= of arity: 2
! of arity: 1
|| of arity: 2
&& of arity: 2
== of arity: 2
!= of arity: 2
< of arity: 2
<= of arity: 2
! of arity: 1
|| of arity: 2
&& of arity: 2
07:35:59.830 f.i.l.c.s.ConstraintBasedSynthesis - Failed code synthesis, returning NullCodeGenesis
07:35:59.831 fr.inria.lille.repair.nopol.NoPol - statement #6
07:35:59.831 fr.inria.lille.repair.nopol.NoPol - Analysing SourceLocation java_programs.DETECT_CYCLE:15 which is executed by 6 tests
07:35:59.884 fr.inria.lille.repair.nopol.NoPol - statement #7
07:35:59.884 fr.inria.lille.repair.nopol.NoPol - Analysing SourceLocation java_programs.DETECT_CYCLE:14 which is executed by 6 tests
07:35:59.961 fr.inria.lille.repair.nopol.NoPol - ----INFORMATION----
07:35:59.968 fr.inria.lille.repair.nopol.NoPol - Nb classes : 3
07:35:59.968 fr.inria.lille.repair.nopol.NoPol - Nb methods : 9
07:35:59.968 fr.inria.lille.repair.nopol.NoPol - Nb Statements Analyzed : 6
07:35:59.968 fr.inria.lille.repair.nopol.NoPol - Nb Statements with Angelic Value Found : 1
07:35:59.968 fr.inria.lille.repair.nopol.NoPol - Nb inputs in SMT : 0
07:35:59.968 fr.inria.lille.repair.nopol.NoPol - Nb SMT level: 5
07:35:59.968 fr.inria.lille.repair.nopol.NoPol - Nb SMT components: [14] [== of arity: 2, != of arity: 2, < of arity: 2, <= of arity: 2, ! of arity: 1, || of arity: 2, && of arity: 2, == of arity: 2, != of arity: 2, < of arity: 2, <= of arity: 2, ! of arity: 1, || of arity: 2, && of arity: 2]
07:35:59.968 fr.inria.lille.repair.nopol.NoPol -                   class java.lang.Boolean: 14
07:35:59.968 fr.inria.lille.repair.nopol.NoPol - Nb variables in SMT : 0
07:35:59.968 fr.inria.lille.repair.nopol.NoPol - NoPol Execution time : 12006ms
07:35:59.969 fr.inria.lille.repair.nopol.NoPol - 
