cd /users2/cpca56132020/moliveira/folders/Cardumen_13_QUIXBUGS_LEVENSHTEIN/Cardumen_QuixBugs_LEVENSHTEIN_;
export JAVA_TOOL_OPTIONS="-Dfile.encoding=UTF8 -Duser.language=en-US -Duser.country=US -Duser.language=en";
TZ="America/New_York"; export TZ;
export PATH="/usr/lib/jvm/java-1.8.0-openjdk/bin:$PATH";
export JAVA_HOME="/usr/lib/jvm/java-1.8.0-openjdk/bin";
time java -Xmx4g -Xms1g -cp /users2/cpca56132020/moliveira/RepairThemAll/script/../libs/jtestex7.jar:/users2/cpca56132020/moliveira/RepairThemAll/script/../repair_tools/astor.jar fr.inria.main.evolution.AstorMain \
	-mode cardumen \
	-location . \
	-id LEVENSHTEIN- \
	-failing java_testcases.junit.LEVENSHTEIN_Test \
	-jvm4testexecution /usr/lib/jvm/java-1.8.0-openjdk/bin \
	-jvm4evosuitetestexecution /usr/lib/jvm/java-1.8.0-openjdk/bin \
	-maxgen 1000000 \
	-maxtime 120 \
	-stopfirst false \
	-seed 13 \
	-scope package \
	-population 1 \
	-javacompliancelevel 8 \
	-srcjavafolder src/main/java \
	-srctestfolder src/test/java \
	-binjavafolder target/classes \
	-bintestfolder target/test-classes \
	-parameters x:x:maxCombinationVariableLimit:true:maxVarCombination:1000 \
	-dependencies /users2/cpca56132020/moliveira/.m2/repository/junit/junit/4.11/junit-4.11.jar:/users2/cpca56132020/moliveira/.m2/repository/org/hamcrest/hamcrest-core/1.3/hamcrest-core-1.3.jar;
	echo "\n\nNode: `hostname`\n";
	echo "\n\nDate: `date`\n";
Picked up JAVA_TOOL_OPTIONS: -Dfile.encoding=UTF8 -Duser.language=en-US -Duser.country=US -Duser.language=en
13:53:37.246 [main] ERROR fr.inria.astor.approaches.cardumen.ExpressionReplaceOperator - Replacement does not work for  modify target.substring(1) to target.substring(1)
13:53:39.394 [main] ERROR fr.inria.astor.approaches.cardumen.ExpressionReplaceOperator - Replacement does not work for  modify source.substring(1) to source.substring(1)
13:53:57.154 [main] ERROR fr.inria.astor.approaches.cardumen.ExpressionReplaceOperator - Replacement does not work for  modify source.isEmpty() || target.isEmpty() to source.isEmpty() || target.isEmpty()
13:53:57.956 [main] ERROR fr.inria.astor.approaches.cardumen.ExpressionReplaceOperator - Replacement does not work for  modify target.substring(1) to target.substring(1)
13:53:59.527 [main] ERROR fr.inria.astor.approaches.cardumen.ExpressionReplaceOperator - Replacement does not work for  modify target.substring(1) to target.substring(1)
13:54:06.376 [main] ERROR fr.inria.astor.approaches.cardumen.ExpressionReplaceOperator - Replacement does not work for  modify target.charAt(0) to target.charAt(0)
13:54:13.661 [main] ERROR fr.inria.astor.approaches.cardumen.ExpressionReplaceOperator - Replacement does not work for  modify target.isEmpty() to target.isEmpty()
13:54:14.587 [main] ERROR fr.inria.astor.approaches.cardumen.ExpressionReplaceOperator - Replacement does not work for  modify source.substring(1) to source.substring(1)
13:54:22.207 [main] ERROR fr.inria.astor.approaches.cardumen.ExpressionReplaceOperator - Replacement does not work for  modify source.isEmpty() to source.isEmpty()
13:54:38.252 [main] ERROR fr.inria.astor.approaches.cardumen.ExpressionReplaceOperator - Replacement does not work for  modify source.substring(1) to source.substring(1)
13:55:01.070 [main] ERROR fr.inria.astor.approaches.cardumen.ExpressionReplaceOperator - Replacement does not work for  modify source.charAt(0) == target.charAt(0) to source.charAt(0) == target.charAt(0)
13:55:03.926 [main] ERROR fr.inria.astor.approaches.cardumen.ExpressionReplaceOperator - Replacement does not work for  modify source.charAt(0) to source.charAt(0)
13:55:10.105 [main] ERROR fr.inria.astor.approaches.cardumen.ExpressionReplaceOperator - Replacement does not work for  modify java_programs.LEVENSHTEIN.levenshtein(source.substring(1), target.substring(1)) to java_programs.LEVENSHTEIN.levenshtein(source.substring(1), target.substring(1))
13:55:12.882 [main] ERROR fr.inria.astor.approaches.cardumen.ExpressionReplaceOperator - Replacement does not work for  modify source.isEmpty() ? target.length() : source.length() to source.isEmpty() ? target.length() : source.length()
13:55:28.982 [main] ERROR fr.inria.astor.approaches.cardumen.ExpressionReplaceOperator - Replacement does not work for  modify java_programs.LEVENSHTEIN.levenshtein(source.substring(1), target.substring(1)) to java_programs.LEVENSHTEIN.levenshtein(source.substring(1), target.substring(1))
13:55:50.756 [main] ERROR fr.inria.astor.approaches.cardumen.ExpressionReplaceOperator - Replacement does not work for  modify source.isEmpty() to source.isEmpty()
13:56:08.216 [main] ERROR fr.inria.astor.approaches.cardumen.ExpressionReplaceOperator - Replacement does not work for  modify java_programs.LEVENSHTEIN.levenshtein(source, target.substring(1)) to java_programs.LEVENSHTEIN.levenshtein(source, target.substring(1))
13:56:52.808 [main] ERROR fr.inria.astor.approaches.cardumen.ExpressionReplaceOperator - Replacement does not work for  modify 1 + java_programs.LEVENSHTEIN.levenshtein(source.substring(1), target.substring(1)) to 1 + java_programs.LEVENSHTEIN.levenshtein(source.substring(1), target.substring(1))
13:56:57.017 [main] ERROR fr.inria.astor.approaches.cardumen.ExpressionReplaceOperator - Replacement does not work for  modify 1 + java.lang.Math.min(java.lang.Math.min(java_programs.LEVENSHTEIN.levenshtein(source, target.substring(1)), java_programs.LEVENSHTEIN.levenshtein(source.substring(1), target.substring(1))), java_programs.LEVENSHTEIN.levenshtein(source.substring(1), target)) to 1 + java.lang.Math.min(java.lang.Math.min(java_programs.LEVENSHTEIN.levenshtein(source, target.substring(1)), java_programs.LEVENSHTEIN.levenshtein(source.substring(1), target.substring(1))), java_programs.LEVENSHTEIN.levenshtein(source.substring(1), target))
13:57:10.491 [main] ERROR fr.inria.astor.approaches.cardumen.ExpressionReplaceOperator - Replacement does not work for  modify java.lang.Math.min(java_programs.LEVENSHTEIN.levenshtein(source, target.substring(1)), java_programs.LEVENSHTEIN.levenshtein(source.substring(1), target.substring(1))) to java.lang.Math.min(java_programs.LEVENSHTEIN.levenshtein(source, target.substring(1)), java_programs.LEVENSHTEIN.levenshtein(source.substring(1), target.substring(1)))
13:57:55.934 [main] ERROR fr.inria.astor.approaches.cardumen.ExpressionReplaceOperator - Replacement does not work for  modify java_programs.LEVENSHTEIN.levenshtein(source.substring(1), target) to java_programs.LEVENSHTEIN.levenshtein(source.substring(1), target)
13:58:06.992 [main] ERROR fr.inria.astor.approaches.cardumen.ExpressionReplaceOperator - Replacement does not work for  modify java.lang.Math.min(java.lang.Math.min(java_programs.LEVENSHTEIN.levenshtein(source, target.substring(1)), java_programs.LEVENSHTEIN.levenshtein(source.substring(1), target.substring(1))), java_programs.LEVENSHTEIN.levenshtein(source.substring(1), target)) to java.lang.Math.min(java.lang.Math.min(java_programs.LEVENSHTEIN.levenshtein(source, target.substring(1)), java_programs.LEVENSHTEIN.levenshtein(source.substring(1), target.substring(1))), java_programs.LEVENSHTEIN.levenshtein(source.substring(1), target))
Astor Output:

General stats:
EXECUTION_IDENTIFIER=LEVENSHTEIN-
TOTAL_TIME=7200.012
NR_GENERATIONS=393
NR_RIGHT_COMPILATIONS=393
NR_FAILLING_COMPILATIONS=null
NR_ERRONEOUS_VARIANCES=null
NR_FAILING_VALIDATION_PROCESS=null
OUTPUT_STATUS=TIME_OUT

Patch stats:

Patch 1
VARIANT_ID=126
TIME=67
VALIDATION=|true|0|6|[]|
GENERATION=63
FOLDER_SOLUTION_CODE=/users2/cpca56132020/moliveira/folders/Cardumen_13_QUIXBUGS_LEVENSHTEIN/Cardumen_QuixBugs_LEVENSHTEIN_/./output_astor/AstorMain-LEVENSHTEIN-//src//variant-126
--Patch Hunk #1
OPERATOR=ExpressionReplaceOperator

LOCATION=java_programs.LEVENSHTEIN

PATH=/users2/cpca56132020/moliveira/folders/Cardumen_13_QUIXBUGS_LEVENSHTEIN/Cardumen_QuixBugs_LEVENSHTEIN_/src/main/java/LEVENSHTEIN.java

MODIFIED_FILE_PATH=/users2/cpca56132020/moliveira/folders/Cardumen_13_QUIXBUGS_LEVENSHTEIN/Cardumen_QuixBugs_LEVENSHTEIN_/./output_astor/AstorMain-LEVENSHTEIN-//src//variant-126/java_programs/LEVENSHTEIN.java

LINE=17

SUSPICIOUNESS=1

MP_RANKING=6

ORIGINAL_CODE=1 + java_programs.LEVENSHTEIN.levenshtein(source.substring(1), target.substring(1))

BUGGY_CODE_TYPE=CtBinaryOperatorImpl|CtReturnImpl

PATCH_HUNK_CODE=java.lang.Math.min(
java_programs.LEVENSHTEIN.levenshtein(target, source.substring(1)), 
java_programs.LEVENSHTEIN.levenshtein(target.substring(1), source.substring(1)))

PATCH_HUNK_TYPE=CtInvocationImpl|CtReturnImpl

INGREDIENT_SCOPE=-

INGREDIENT_PARENT=java.lang.Math.min(
java_programs.LEVENSHTEIN.levenshtein(_String_0, _String_1.substring(1)), 
java_programs.LEVENSHTEIN.levenshtein(_String_0.substring(1), _String_1.substring(1)))

PATCH_DIFF_ORIG=--- /users2/cpca56132020/moliveira/folders/Cardumen_13_QUIXBUGS_LEVENSHTEIN/Cardumen_QuixBugs_LEVENSHTEIN_/src/main/java/LEVENSHTEINjava
+++ /users2/cpca56132020/moliveira/folders/Cardumen_13_QUIXBUGS_LEVENSHTEIN/Cardumen_QuixBugs_LEVENSHTEIN_/src/main/java/LEVENSHTEINjava
@@ -17,5 +17,5 @@
-			return 1 + java_programs.LEVENSHTEIN.levenshtein(source.substring(1), target.substring(1));
-		} else {
-			return 1 + java.lang.Math.min(java.lang.Math.min(
-			java_programs.LEVENSHTEIN.levenshtein(source, target.substring(1)), 
-			java_programs.LEVENSHTEIN.levenshtein(source.substring(1), target.substring(1))), 
+			return 
+
+			java.lang.Math.min(
+			java_programs.LEVENSHTEIN.levenshtein(target, source.substring(1)), 
+			java_programs.LEVENSHTEIN.levenshtein(target.substring(1), source.substring(1)));} else { 			return 1 + java.lang.Math.min(java.lang.Math.min(java_programs.LEVENSHTEIN.levenshtein(source, target.substring(1)), java_programs.LEVENSHTEIN.levenshtein(source.substring(1), target.substring(1))), 



Patch 2
VARIANT_ID=162
TIME=81
VALIDATION=|true|0|6|[]|
GENERATION=81
FOLDER_SOLUTION_CODE=/users2/cpca56132020/moliveira/folders/Cardumen_13_QUIXBUGS_LEVENSHTEIN/Cardumen_QuixBugs_LEVENSHTEIN_/./output_astor/AstorMain-LEVENSHTEIN-//src//variant-162
--Patch Hunk #1
OPERATOR=ExpressionReplaceOperator

LOCATION=java_programs.LEVENSHTEIN

PATH=/users2/cpca56132020/moliveira/folders/Cardumen_13_QUIXBUGS_LEVENSHTEIN/Cardumen_QuixBugs_LEVENSHTEIN_/src/main/java/LEVENSHTEIN.java

MODIFIED_FILE_PATH=/users2/cpca56132020/moliveira/folders/Cardumen_13_QUIXBUGS_LEVENSHTEIN/Cardumen_QuixBugs_LEVENSHTEIN_/./output_astor/AstorMain-LEVENSHTEIN-//src//variant-162/java_programs/LEVENSHTEIN.java

LINE=17

SUSPICIOUNESS=1

MP_RANKING=6

ORIGINAL_CODE=1 + java_programs.LEVENSHTEIN.levenshtein(source.substring(1), target.substring(1))

BUGGY_CODE_TYPE=CtBinaryOperatorImpl|CtReturnImpl

PATCH_HUNK_CODE=java_programs.LEVENSHTEIN.levenshtein(target.substring(1), source.substring(1))

PATCH_HUNK_TYPE=CtInvocationImpl|CtReturnImpl

INGREDIENT_SCOPE=-

INGREDIENT_PARENT=java_programs.LEVENSHTEIN.levenshtein(_String_0.substring(1), _String_1.substring(1))

PATCH_DIFF_ORIG=--- /users2/cpca56132020/moliveira/folders/Cardumen_13_QUIXBUGS_LEVENSHTEIN/Cardumen_QuixBugs_LEVENSHTEIN_/src/main/java/LEVENSHTEINjava
+++ /users2/cpca56132020/moliveira/folders/Cardumen_13_QUIXBUGS_LEVENSHTEIN/Cardumen_QuixBugs_LEVENSHTEIN_/src/main/java/LEVENSHTEINjava
@@ -17 +17 @@
-			return 1 + java_programs.LEVENSHTEIN.levenshtein(source.substring(1), target.substring(1));
+			return java_programs.LEVENSHTEIN.levenshtein(target.substring(1), source.substring(1));



Patch 3
VARIANT_ID=270
TIME=133
VALIDATION=|true|0|6|[]|
GENERATION=135
FOLDER_SOLUTION_CODE=/users2/cpca56132020/moliveira/folders/Cardumen_13_QUIXBUGS_LEVENSHTEIN/Cardumen_QuixBugs_LEVENSHTEIN_/./output_astor/AstorMain-LEVENSHTEIN-//src//variant-270
--Patch Hunk #1
OPERATOR=ExpressionReplaceOperator

LOCATION=java_programs.LEVENSHTEIN

PATH=/users2/cpca56132020/moliveira/folders/Cardumen_13_QUIXBUGS_LEVENSHTEIN/Cardumen_QuixBugs_LEVENSHTEIN_/src/main/java/LEVENSHTEIN.java

MODIFIED_FILE_PATH=/users2/cpca56132020/moliveira/folders/Cardumen_13_QUIXBUGS_LEVENSHTEIN/Cardumen_QuixBugs_LEVENSHTEIN_/./output_astor/AstorMain-LEVENSHTEIN-//src//variant-270/java_programs/LEVENSHTEIN.java

LINE=17

SUSPICIOUNESS=1

MP_RANKING=6

ORIGINAL_CODE=1 + java_programs.LEVENSHTEIN.levenshtein(source.substring(1), target.substring(1))

BUGGY_CODE_TYPE=CtBinaryOperatorImpl|CtReturnImpl

PATCH_HUNK_CODE=java_programs.LEVENSHTEIN.levenshtein(source.substring(1), target.substring(1))

PATCH_HUNK_TYPE=CtInvocationImpl|CtReturnImpl

INGREDIENT_SCOPE=-

INGREDIENT_PARENT=java_programs.LEVENSHTEIN.levenshtein(_String_0.substring(1), _String_1.substring(1))

PATCH_DIFF_ORIG=--- /users2/cpca56132020/moliveira/folders/Cardumen_13_QUIXBUGS_LEVENSHTEIN/Cardumen_QuixBugs_LEVENSHTEIN_/src/main/java/LEVENSHTEINjava
+++ /users2/cpca56132020/moliveira/folders/Cardumen_13_QUIXBUGS_LEVENSHTEIN/Cardumen_QuixBugs_LEVENSHTEIN_/src/main/java/LEVENSHTEINjava
@@ -17 +17 @@
-			return 1 + java_programs.LEVENSHTEIN.levenshtein(source.substring(1), target.substring(1));
+			return java_programs.LEVENSHTEIN.levenshtein(source.substring(1), target.substring(1));



Patch 4
VARIANT_ID=674
TIME=302
VALIDATION=|true|0|6|[]|
GENERATION=337
FOLDER_SOLUTION_CODE=/users2/cpca56132020/moliveira/folders/Cardumen_13_QUIXBUGS_LEVENSHTEIN/Cardumen_QuixBugs_LEVENSHTEIN_/./output_astor/AstorMain-LEVENSHTEIN-//src//variant-674
--Patch Hunk #1
OPERATOR=ExpressionReplaceOperator

LOCATION=java_programs.LEVENSHTEIN

PATH=/users2/cpca56132020/moliveira/folders/Cardumen_13_QUIXBUGS_LEVENSHTEIN/Cardumen_QuixBugs_LEVENSHTEIN_/src/main/java/LEVENSHTEIN.java

MODIFIED_FILE_PATH=/users2/cpca56132020/moliveira/folders/Cardumen_13_QUIXBUGS_LEVENSHTEIN/Cardumen_QuixBugs_LEVENSHTEIN_/./output_astor/AstorMain-LEVENSHTEIN-//src//variant-674/java_programs/LEVENSHTEIN.java

LINE=17

SUSPICIOUNESS=1

MP_RANKING=6

ORIGINAL_CODE=1 + java_programs.LEVENSHTEIN.levenshtein(source.substring(1), target.substring(1))

BUGGY_CODE_TYPE=CtBinaryOperatorImpl|CtReturnImpl

PATCH_HUNK_CODE=java.lang.Math.min(
java_programs.LEVENSHTEIN.levenshtein(target, source.substring(1)), 
java_programs.LEVENSHTEIN.levenshtein(target.substring(1), source.substring(1)))

PATCH_HUNK_TYPE=CtInvocationImpl|CtReturnImpl

INGREDIENT_SCOPE=-

INGREDIENT_PARENT=java.lang.Math.min(
java_programs.LEVENSHTEIN.levenshtein(_String_0, _String_1.substring(1)), 
java_programs.LEVENSHTEIN.levenshtein(_String_0.substring(1), _String_1.substring(1)))

PATCH_DIFF_ORIG=--- /users2/cpca56132020/moliveira/folders/Cardumen_13_QUIXBUGS_LEVENSHTEIN/Cardumen_QuixBugs_LEVENSHTEIN_/src/main/java/LEVENSHTEINjava
+++ /users2/cpca56132020/moliveira/folders/Cardumen_13_QUIXBUGS_LEVENSHTEIN/Cardumen_QuixBugs_LEVENSHTEIN_/src/main/java/LEVENSHTEINjava
@@ -17,5 +17,5 @@
-			return 1 + java_programs.LEVENSHTEIN.levenshtein(source.substring(1), target.substring(1));
-		} else {
-			return 1 + java.lang.Math.min(java.lang.Math.min(
-			java_programs.LEVENSHTEIN.levenshtein(source, target.substring(1)), 
-			java_programs.LEVENSHTEIN.levenshtein(source.substring(1), target.substring(1))), 
+			return 
+
+			java.lang.Math.min(
+			java_programs.LEVENSHTEIN.levenshtein(target, source.substring(1)), 
+			java_programs.LEVENSHTEIN.levenshtein(target.substring(1), source.substring(1)));} else { 			return 1 + java.lang.Math.min(java.lang.Math.min(java_programs.LEVENSHTEIN.levenshtein(source, target.substring(1)), java_programs.LEVENSHTEIN.levenshtein(source.substring(1), target.substring(1))), 



Patch 5
VARIANT_ID=698
TIME=314
VALIDATION=|true|0|6|[]|
GENERATION=349
FOLDER_SOLUTION_CODE=/users2/cpca56132020/moliveira/folders/Cardumen_13_QUIXBUGS_LEVENSHTEIN/Cardumen_QuixBugs_LEVENSHTEIN_/./output_astor/AstorMain-LEVENSHTEIN-//src//variant-698
--Patch Hunk #1
OPERATOR=ExpressionReplaceOperator

LOCATION=java_programs.LEVENSHTEIN

PATH=/users2/cpca56132020/moliveira/folders/Cardumen_13_QUIXBUGS_LEVENSHTEIN/Cardumen_QuixBugs_LEVENSHTEIN_/src/main/java/LEVENSHTEIN.java

MODIFIED_FILE_PATH=/users2/cpca56132020/moliveira/folders/Cardumen_13_QUIXBUGS_LEVENSHTEIN/Cardumen_QuixBugs_LEVENSHTEIN_/./output_astor/AstorMain-LEVENSHTEIN-//src//variant-698/java_programs/LEVENSHTEIN.java

LINE=17

SUSPICIOUNESS=1

MP_RANKING=6

ORIGINAL_CODE=1 + java_programs.LEVENSHTEIN.levenshtein(source.substring(1), target.substring(1))

BUGGY_CODE_TYPE=CtBinaryOperatorImpl|CtReturnImpl

PATCH_HUNK_CODE=java.lang.Math.min(
java_programs.LEVENSHTEIN.levenshtein(source, target.substring(1)), 
java_programs.LEVENSHTEIN.levenshtein(source.substring(1), target.substring(1)))

PATCH_HUNK_TYPE=CtInvocationImpl|CtReturnImpl

INGREDIENT_SCOPE=-

INGREDIENT_PARENT=java.lang.Math.min(
java_programs.LEVENSHTEIN.levenshtein(_String_0, _String_1.substring(1)), 
java_programs.LEVENSHTEIN.levenshtein(_String_0.substring(1), _String_1.substring(1)))

PATCH_DIFF_ORIG=--- /users2/cpca56132020/moliveira/folders/Cardumen_13_QUIXBUGS_LEVENSHTEIN/Cardumen_QuixBugs_LEVENSHTEIN_/src/main/java/LEVENSHTEINjava
+++ /users2/cpca56132020/moliveira/folders/Cardumen_13_QUIXBUGS_LEVENSHTEIN/Cardumen_QuixBugs_LEVENSHTEIN_/src/main/java/LEVENSHTEINjava
@@ -17,3 +17,3 @@
-			return 1 + java_programs.LEVENSHTEIN.levenshtein(source.substring(1), target.substring(1));
-		} else {
-			return 1 + java.lang.Math.min(java.lang.Math.min(
+			return 
+
+			java.lang.Math.min(
@@ -21 +21 @@
-			java_programs.LEVENSHTEIN.levenshtein(source.substring(1), target.substring(1))), 
+			java_programs.LEVENSHTEIN.levenshtein(source.substring(1), target.substring(1)));} else { 			return 1 + java.lang.Math.min(java.lang.Math.min(java_programs.LEVENSHTEIN.levenshtein(source, target.substring(1)), java_programs.LEVENSHTEIN.levenshtein(source.substring(1), target.substring(1))), 




real	120m7.641s
user	119m38.607s
sys	0m20.668s
\n\nNode: hpc060.ncg.ingrid.pt\n
\n\nDate: Wed Apr  7 15:53:29 EDT 2021\n
