cd /users2/cpca56132020/moliveira/folders/Figra_5_QUIXBUGS_FIND_FIRST_IN_SORTED/Figra_QuixBugs_FIND_FIRST_IN_SORTED_;
export JAVA_TOOL_OPTIONS="-Dfile.encoding=UTF8 -Duser.language=en-US -Duser.country=US -Duser.language=en";
TZ="America/New_York"; export TZ;
export PATH="/usr/lib/jvm/java-1.8.0-openjdk/bin:$PATH";
export JAVA_HOME="/usr/lib/jvm/java-1.8.0-openjdk/bin";
time java -Xmx4g -Xms1g -cp /users2/cpca56132020/moliveira/RepairThemAll/script/../libs/jtestex7.jar:/users2/cpca56132020/moliveira/RepairThemAll/script/../repair_tools/astor.jar fr.inria.main.evolution.AstorMain \
	-mode figra \
	-location . \
	-id FIND_FIRST_IN_SORTED- \
	-failing java_testcases.junit.FIND_FIRST_IN_SORTED_Test \
	-jvm4testexecution /usr/lib/jvm/java-1.8.0-openjdk/bin \
	-jvm4evosuitetestexecution /usr/lib/jvm/java-1.8.0-openjdk/bin \
	-maxgen 1000000 \
	-maxtime 120 \
	-stopfirst false \
	-seed 5 \
	-scope package \
	-population 1 \
	-javacompliancelevel 8 \
	-srcjavafolder src/main/java \
	-srctestfolder src/test/java \
	-binjavafolder target/classes \
	-bintestfolder target/test-classes \
	-parameters x:x:maxCombinationVariableLimit:true:maxVarCombination:1000 \
	-dependencies /users2/cpca56132020/moliveira/.m2/repository/junit/junit/4.11/junit-4.11.jar:/users2/cpca56132020/moliveira/.m2/repository/org/hamcrest/hamcrest-core/1.3/hamcrest-core-1.3.jar;
	echo "\n\nNode: `hostname`\n";
	echo "\n\nDate: `date`\n";
Picked up JAVA_TOOL_OPTIONS: -Dfile.encoding=UTF8 -Duser.language=en-US -Duser.country=US -Duser.language=en
07:32:20.010 [main] ERROR fr.inria.astor.approaches.figra.ExpressionReplaceOperator - Replacement does not work for  modify arr to arr
07:33:28.374 [main] ERROR fr.inria.astor.approaches.figra.ExpressionReplaceOperator - Replacement does not work for  modify arr to arr
07:37:25.451 [main] ERROR fr.inria.astor.approaches.figra.ExpressionReplaceOperator - Replacement does not work for  modify (x == arr[mid]) to (x == arr[mid])
07:40:38.676 [main] ERROR fr.inria.astor.approaches.figra.ExpressionReplaceOperator - Replacement does not work for  modify (x != arr[mid - 1]) to (x != arr[mid - 1])
07:42:30.782 [main] ERROR fr.inria.astor.approaches.figra.ExpressionReplaceOperator - Replacement does not work for  modify arr to arr
07:49:47.028 [main] ERROR fr.inria.astor.approaches.figra.ExpressionReplaceOperator - Replacement does not work for  modify x <= arr[mid] to x <= arr[mid]
07:50:05.215 [main] ERROR fr.inria.astor.approaches.figra.ExpressionReplaceOperator - Replacement does not work for  modify (lo + hi) to (lo + hi)
07:55:33.568 [main] ERROR fr.inria.astor.approaches.figra.ExpressionReplaceOperator - Replacement does not work for  modify (x == arr[mid]) && ((mid == 0) || (x != arr[mid - 1])) to (x == arr[mid]) && ((mid == 0) || (x != arr[mid - 1]))
08:01:36.961 [main] ERROR fr.inria.astor.approaches.figra.ExpressionReplaceOperator - Replacement does not work for  modify lo to lo
08:02:11.713 [main] ERROR fr.inria.astor.approaches.figra.ExpressionReplaceOperator - Replacement does not work for  modify arr[mid - 1] to arr[mid - 1]
08:13:25.607 [main] ERROR fr.inria.astor.approaches.figra.ExpressionReplaceOperator - Replacement does not work for  modify mid to mid
08:16:07.144 [main] ERROR fr.inria.astor.approaches.figra.ExpressionReplaceOperator - Replacement does not work for  modify 0 to 0
08:34:38.326 [main] ERROR fr.inria.astor.approaches.figra.ExpressionReplaceOperator - Replacement does not work for  modify mid to mid
08:35:46.597 [main] ERROR fr.inria.astor.approaches.figra.ExpressionReplaceOperator - Replacement does not work for  modify mid to mid
08:46:44.854 [main] ERROR fr.inria.astor.approaches.figra.ExpressionReplaceOperator - Replacement does not work for  modify (mid == 0) to (mid == 0)
08:53:44.748 [main] ERROR fr.inria.astor.approaches.figra.ExpressionReplaceOperator - Replacement does not work for  modify lo to lo
09:01:39.748 [main] ERROR fr.inria.astor.approaches.figra.ExpressionReplaceOperator - Replacement does not work for  modify mid + 1 to mid + 1
09:19:49.124 [main] ERROR fr.inria.astor.approaches.figra.ExpressionReplaceOperator - Replacement does not work for  modify mid - 1 to mid - 1
09:23:07.684 [main] ERROR fr.inria.astor.approaches.figra.ExpressionReplaceOperator - Replacement does not work for  modify (lo + hi) to (lo + hi)
09:28:30.768 [main] ERROR fr.inria.astor.approaches.figra.ExpressionReplaceOperator - Replacement does not work for  modify mid + 1 to mid + 1
09:31:45.546 [main] ERROR fr.inria.astor.approaches.figra.ExpressionReplaceOperator - Replacement does not work for  modify (lo + hi) / 2 to (lo + hi) / 2
Astor Output:

General stats:
EXECUTION_IDENTIFIER=FIND_FIRST_IN_SORTED-
TOTAL_TIME=7200.929
NR_GENERATIONS=1206
NR_RIGHT_COMPILATIONS=1198
NR_FAILLING_COMPILATIONS=8
NR_ERRONEOUS_VARIANCES=null
NR_FAILING_VALIDATION_PROCESS=null
OUTPUT_STATUS=TIME_OUT

Patch stats:

Patch 1
VARIANT_ID=1278
TIME=3876
VALIDATION=|true|0|7|[]|
GENERATION=639
FOLDER_SOLUTION_CODE=/users2/cpca56132020/moliveira/folders/Figra_5_QUIXBUGS_FIND_FIRST_IN_SORTED/Figra_QuixBugs_FIND_FIRST_IN_SORTED_/./output_astor/AstorMain-FIND_FIRST_IN_SORTED-//src//variant-1278
--Patch Hunk #1
OPERATOR=ExpressionReplaceOperator

LOCATION=java_programs.FIND_FIRST_IN_SORTED

PATH=/users2/cpca56132020/moliveira/folders/Figra_5_QUIXBUGS_FIND_FIRST_IN_SORTED/Figra_QuixBugs_FIND_FIRST_IN_SORTED_/src/main/java/FIND_FIRST_IN_SORTED.java

MODIFIED_FILE_PATH=/users2/cpca56132020/moliveira/folders/Figra_5_QUIXBUGS_FIND_FIRST_IN_SORTED/Figra_QuixBugs_FIND_FIRST_IN_SORTED_/./output_astor/AstorMain-FIND_FIRST_IN_SORTED-//src//variant-1278/java_programs/FIND_FIRST_IN_SORTED.java

LINE=19

SUSPICIOUNESS=0.655

MP_RANKING=5

ORIGINAL_CODE=lo <= hi

BUGGY_CODE_TYPE=CtBinaryOperatorImpl|CtWhileImpl

PATCH_HUNK_CODE=lo != hi

PATCH_HUNK_TYPE=CtBinaryOperatorImpl|CtWhileImpl

INGREDIENT_SCOPE=-

INGREDIENT_PARENT=_int_0 != _int_1

PATCH_DIFF_ORIG=--- /users2/cpca56132020/moliveira/folders/Figra_5_QUIXBUGS_FIND_FIRST_IN_SORTED/Figra_QuixBugs_FIND_FIRST_IN_SORTED_/src/main/java/FIND_FIRST_IN_SORTEDjava
+++ /users2/cpca56132020/moliveira/folders/Figra_5_QUIXBUGS_FIND_FIRST_IN_SORTED/Figra_QuixBugs_FIND_FIRST_IN_SORTED_/src/main/java/FIND_FIRST_IN_SORTEDjava
@@ -19 +19 @@
-		while (lo <= hi) {
+		while (lo != hi) {



Patch 2
VARIANT_ID=2226
TIME=6660
VALIDATION=|true|0|7|[]|
GENERATION=1113
FOLDER_SOLUTION_CODE=/users2/cpca56132020/moliveira/folders/Figra_5_QUIXBUGS_FIND_FIRST_IN_SORTED/Figra_QuixBugs_FIND_FIRST_IN_SORTED_/./output_astor/AstorMain-FIND_FIRST_IN_SORTED-//src//variant-2226
--Patch Hunk #1
OPERATOR=ExpressionReplaceOperator

LOCATION=java_programs.FIND_FIRST_IN_SORTED

PATH=/users2/cpca56132020/moliveira/folders/Figra_5_QUIXBUGS_FIND_FIRST_IN_SORTED/Figra_QuixBugs_FIND_FIRST_IN_SORTED_/src/main/java/FIND_FIRST_IN_SORTED.java

MODIFIED_FILE_PATH=/users2/cpca56132020/moliveira/folders/Figra_5_QUIXBUGS_FIND_FIRST_IN_SORTED/Figra_QuixBugs_FIND_FIRST_IN_SORTED_/./output_astor/AstorMain-FIND_FIRST_IN_SORTED-//src//variant-2226/java_programs/FIND_FIRST_IN_SORTED.java

LINE=19

SUSPICIOUNESS=0.655

MP_RANKING=3

ORIGINAL_CODE=lo

BUGGY_CODE_TYPE=CtVariableReadImpl|CtBinaryOperatorImpl

PATCH_HUNK_CODE=(lo + 1)

PATCH_HUNK_TYPE=CtBinaryOperatorImpl|CtBinaryOperatorImpl

INGREDIENT_SCOPE=-

INGREDIENT_PARENT=_int_0 + 1

PATCH_DIFF_ORIG=--- /users2/cpca56132020/moliveira/folders/Figra_5_QUIXBUGS_FIND_FIRST_IN_SORTED/Figra_QuixBugs_FIND_FIRST_IN_SORTED_/src/main/java/FIND_FIRST_IN_SORTEDjava
+++ /users2/cpca56132020/moliveira/folders/Figra_5_QUIXBUGS_FIND_FIRST_IN_SORTED/Figra_QuixBugs_FIND_FIRST_IN_SORTED_/src/main/java/FIND_FIRST_IN_SORTEDjava
@@ -19,2 +19 @@
-		while (lo <= hi) {
-			int mid = (lo + hi) / 2;
+		while (
@@ -22,6 +21,7 @@
-			if ((x == arr[mid]) && ((mid == 0) || (x != arr[mid - 1]))) {
-				return mid;
-			} else if (x <= arr[mid]) {
-				hi = mid;
-			} else {
-				lo = mid + 1;
+
+
+
+
+
+
+		(lo + 1) <= hi) { 			int mid = (lo + hi) / 2; 			if ((x == arr[mid]) && ((mid == 0) || (x != arr[mid - 1]))) { 				return mid;} else if (x <= arr[mid]) { 				hi = mid;} else { 				lo = mid + 1;




real	120m42.607s
user	58m29.757s
sys	1m13.198s
\n\nNode: hpc060.ncg.ingrid.pt\n
\n\nDate: Fri Apr 16 09:32:08 EDT 2021\n
