cd /users2/cpca56132020/moliveira/folders/Figra_25_QUIXBUGS_SHORTEST_PATHS/Figra_QuixBugs_SHORTEST_PATHS_;
export JAVA_TOOL_OPTIONS="-Dfile.encoding=UTF8 -Duser.language=en-US -Duser.country=US -Duser.language=en";
TZ="America/New_York"; export TZ;
export PATH="/usr/lib/jvm/java-1.8.0-openjdk/bin:$PATH";
export JAVA_HOME="/usr/lib/jvm/java-1.8.0-openjdk/bin";
time java -Xmx4g -Xms1g -cp /users2/cpca56132020/moliveira/RepairThemAll/script/../libs/jtestex7.jar:/users2/cpca56132020/moliveira/RepairThemAll/script/../repair_tools/astor.jar fr.inria.main.evolution.AstorMain \
	-mode figra \
	-location . \
	-id SHORTEST_PATHS- \
	-failing java_testcases.junit.SHORTEST_PATHS_Test \
	-jvm4testexecution /usr/lib/jvm/java-1.8.0-openjdk/bin \
	-jvm4evosuitetestexecution /usr/lib/jvm/java-1.8.0-openjdk/bin \
	-maxgen 1000000 \
	-maxtime 120 \
	-stopfirst false \
	-seed 25 \
	-scope package \
	-population 1 \
	-javacompliancelevel 8 \
	-srcjavafolder src/main/java \
	-srctestfolder src/test/java \
	-binjavafolder target/classes \
	-bintestfolder target/test-classes \
	-parameters x:x:maxCombinationVariableLimit:true:maxVarCombination:1000 \
	-dependencies /users2/cpca56132020/moliveira/.m2/repository/junit/junit/4.11/junit-4.11.jar:/users2/cpca56132020/moliveira/.m2/repository/org/hamcrest/hamcrest-core/1.3/hamcrest-core-1.3.jar;
	echo "\n\nNode: `hostname`\n";
	echo "\n\nDate: `date`\n";
Picked up JAVA_TOOL_OPTIONS: -Dfile.encoding=UTF8 -Duser.language=en-US -Duser.country=US -Duser.language=en
07:31:49.095 [main] ERROR fr.inria.astor.approaches.figra.ExpressionReplaceOperator - Replacement does not work for  modify weight_by_edge to weight_by_edge
07:31:51.425 [main] ERROR fr.inria.astor.approaches.figra.ExpressionReplaceOperator - Replacement does not work for  modify weight_by_edge.keySet() to weight_by_edge.keySet()
07:31:52.792 [main] ERROR fr.inria.astor.approaches.figra.ExpressionReplaceOperator - Replacement does not work for  modify edge to edge
07:31:53.493 [main] ERROR fr.inria.astor.approaches.figra.ExpressionReplaceOperator - Replacement does not work for  modify weight_by_edge to weight_by_edge
07:31:53.840 [main] ERROR fr.inria.astor.approaches.figra.ExpressionReplaceOperator - Replacement does not work for  modify edge.get(1) to edge.get(1)
07:31:57.700 [main] ERROR fr.inria.astor.approaches.figra.ExpressionReplaceOperator - Replacement does not work for  modify edge to edge
07:31:58.381 [main] ERROR fr.inria.astor.approaches.figra.ExpressionReplaceOperator - Replacement does not work for  modify i to i
07:31:58.870 [main] ERROR fr.inria.astor.approaches.figra.ExpressionReplaceOperator - Replacement does not work for  modify source to source
07:31:59.128 [main] ERROR fr.inria.astor.approaches.figra.ExpressionReplaceOperator - Replacement does not work for  modify edge to edge
07:31:59.451 [main] ERROR fr.inria.astor.approaches.figra.ExpressionReplaceOperator - Replacement does not work for  modify weight_by_node to weight_by_node
07:32:11.212 [main] ERROR fr.inria.astor.approaches.figra.ExpressionReplaceOperator - error to modify i++ to i
07:32:11.279 [main] ERROR fr.inria.astor.approaches.figra.ExpressionReplaceOperator - Replacement does not work for  modify weight_by_node to weight_by_node
07:32:33.767 [main] ERROR fr.inria.astor.approaches.figra.ExpressionReplaceOperator - Replacement does not work for  modify edge.get(0) to edge.get(0)
07:32:56.059 [main] ERROR fr.inria.astor.approaches.figra.ExpressionReplaceOperator - Replacement does not work for  modify weight_by_node.get(edge.get(1)) to weight_by_node.get(edge.get(1))
07:33:06.272 [main] ERROR fr.inria.astor.approaches.figra.ExpressionReplaceOperator - Replacement does not work for  modify weight_by_node to weight_by_node
07:33:28.524 [main] ERROR fr.inria.astor.approaches.figra.ExpressionReplaceOperator - Replacement does not work for  modify new java.util.HashMap<java.lang.String, java.lang.Integer>() to new java.util.HashMap<java.lang.String, java.lang.Integer>()
07:33:52.583 [main] ERROR fr.inria.astor.approaches.figra.ExpressionReplaceOperator - Replacement does not work for  modify weight_by_edge to weight_by_edge
07:34:14.956 [main] ERROR fr.inria.astor.approaches.figra.ExpressionReplaceOperator - Replacement does not work for  modify weight_by_node.put(source, 0) to weight_by_node.put(source, 0)
07:34:25.422 [main] ERROR fr.inria.astor.approaches.figra.ExpressionReplaceOperator - Replacement does not work for  modify edge to edge
07:34:35.861 [main] ERROR fr.inria.astor.approaches.figra.ExpressionReplaceOperator - Replacement does not work for  modify edge to edge
07:34:59.331 [main] ERROR fr.inria.astor.approaches.figra.ExpressionReplaceOperator - Replacement does not work for  modify weight_by_edge to weight_by_edge
07:35:41.257 [main] ERROR fr.inria.astor.approaches.figra.ExpressionReplaceOperator - Replacement does not work for  modify weight_by_node.put(edge.get(1), java_programs.SHORTEST_PATHS.INF) to weight_by_node.put(edge.get(1), java_programs.SHORTEST_PATHS.INF)
07:36:14.006 [main] ERROR fr.inria.astor.approaches.figra.ExpressionReplaceOperator - Replacement does not work for  modify weight_by_edge.keySet() to weight_by_edge.keySet()
07:36:41.030 [main] ERROR fr.inria.astor.approaches.figra.ExpressionReplaceOperator - Replacement does not work for  modify weight_by_node to weight_by_node
07:37:17.438 [main] ERROR fr.inria.astor.approaches.figra.ExpressionReplaceOperator - Replacement does not work for  modify weight_by_node.size() to weight_by_node.size()
07:38:58.650 [main] ERROR fr.inria.astor.approaches.figra.ExpressionReplaceOperator - Replacement does not work for  modify edge.get(0) to edge.get(0)
07:39:19.929 [main] ERROR fr.inria.astor.approaches.figra.ExpressionReplaceOperator - Replacement does not work for  modify weight_by_node to weight_by_node
07:45:10.630 [main] ERROR fr.inria.astor.approaches.figra.ExpressionReplaceOperator - Replacement does not work for  modify edge to edge
07:50:12.406 [main] ERROR fr.inria.astor.approaches.figra.ExpressionReplaceOperator - Replacement does not work for  modify weight_by_node to weight_by_node
07:54:42.909 [main] ERROR fr.inria.astor.approaches.figra.ExpressionReplaceOperator - Replacement does not work for  modify weight_by_node to weight_by_node
07:58:30.774 [main] ERROR fr.inria.astor.approaches.figra.ExpressionReplaceOperator - Replacement does not work for  modify weight_by_edge.put(edge, update_weight) to weight_by_edge.put(edge, update_weight)
08:03:04.697 [main] ERROR fr.inria.astor.approaches.figra.ExpressionReplaceOperator - Replacement does not work for  modify edge.get(1) to edge.get(1)
08:12:13.509 [main] ERROR fr.inria.astor.approaches.figra.ExpressionReplaceOperator - Replacement does not work for  modify i < weight_by_node.size() to i < weight_by_node.size()
08:20:49.416 [main] ERROR fr.inria.astor.approaches.figra.ExpressionReplaceOperator - Replacement does not work for  modify i++ to i++
08:21:02.171 [main] ERROR fr.inria.astor.approaches.figra.ExpressionReplaceOperator - Replacement does not work for  modify weight_by_edge.get(edge) to weight_by_edge.get(edge)
08:35:53.588 [main] ERROR fr.inria.astor.approaches.figra.ExpressionReplaceOperator - Replacement does not work for  modify 0 to 0
08:36:49.016 [main] ERROR fr.inria.astor.approaches.figra.ExpressionReplaceOperator - Replacement does not work for  modify weight_by_node.get(edge.get(0)) to weight_by_node.get(edge.get(0))
08:57:21.291 [main] ERROR fr.inria.astor.approaches.figra.ExpressionReplaceOperator - Replacement does not work for  modify 0 to 0
09:16:34.194 [main] ERROR fr.inria.astor.approaches.figra.ExpressionReplaceOperator - Replacement does not work for  modify update_weight to update_weight
Astor Output:

General stats:
EXECUTION_IDENTIFIER=SHORTEST_PATHS-
TOTAL_TIME=7231.758
NR_GENERATIONS=405
NR_RIGHT_COMPILATIONS=348
NR_FAILLING_COMPILATIONS=57
NR_ERRONEOUS_VARIANCES=null
NR_FAILING_VALIDATION_PROCESS=null
OUTPUT_STATUS=TIME_OUT

Patch stats:


real	120m58.230s
user	2m0.672s
sys	0m24.340s
\n\nNode: hpc060.ncg.ingrid.pt\n
\n\nDate: Fri Apr 16 09:32:23 EDT 2021\n
