07:35:42.239 fr.inria.lille.repair.nopol.NoPol - Source files: [src/main/java]
07:35:42.241 fr.inria.lille.repair.nopol.NoPol - Classpath: [file:/users2/cpca56132020/moliveira/folders/Nopol_QUIXBUGS_BREADTH_FIRST_SEARCH/Nopol_QuixBugs_BREADTH_FIRST_SEARCH_/target/classes/, file:/users2/cpca56132020/moliveira/folders/Nopol_QUIXBUGS_BREADTH_FIRST_SEARCH/Nopol_QuixBugs_BREADTH_FIRST_SEARCH_/target/test-classes/, file:/users2/cpca56132020/moliveira/.m2/repository/junit/junit/4.11/junit-4.11.jar, file:/users2/cpca56132020/moliveira/.m2/repository/org/hamcrest/hamcrest-core/1.3/hamcrest-core-1.3.jar, file:/users2/cpca56132020/moliveira/RepairThemAll/script/../repair_tools/nopol.jar]
07:35:42.241 fr.inria.lille.repair.nopol.NoPol - Statement type: PRE_THEN_COND
07:35:42.242 fr.inria.lille.repair.nopol.NoPol - Args: [java_testcases.junit.BREADTH_FIRST_SEARCH_Test]
07:35:42.244 fr.inria.lille.repair.nopol.NoPol - Config: Config{synthesisDepth=3, collectStaticMethods=true, collectStaticFields=false, collectLiterals=false, onlyOneSynthesisResult=true, sortExpressions=true, maxLineInvocationPerTest=250, timeoutMethodInvocation=2000, dataCollectionTimeoutInSecondForSynthesis=900, addWeight=0.19478, subWeight=0.04554, mulWeight=0.0102, divWeight=0.00613, andWeight=0.10597, orWeight=0.05708, eqWeight=0.22798, nEqWeight=0.0, lessEqWeight=0.0255, lessWeight=0.0947, methodCallWeight=0.1, fieldAccessWeight=0.08099, constantWeight=0.14232, variableWeight=0.05195, mode=REPAIR, type=PRE_THEN_COND, synthesis=SMT, oracle=ANGELIC, solver=Z3, solverPath='/users2/cpca56132020/moliveira/RepairThemAll/script/../libs/z3/build/z3', projectSources=[src/main/java], projectClasspath='[Ljava.net.URL;@16c0663d', projectTests=[java_testcases.junit.BREADTH_FIRST_SEARCH_Test], complianceLevel=8, outputFolder=., json=true}
07:35:42.244 fr.inria.lille.repair.nopol.NoPol - Available processors (cores): 1
07:35:42.247 fr.inria.lille.repair.nopol.NoPol - Free memory: 968 MB
07:35:42.247 fr.inria.lille.repair.nopol.NoPol - Maximum memory: 3 GB
07:35:42.247 fr.inria.lille.repair.nopol.NoPol - Total memory available to JVM: 989 MB
07:35:42.247 fr.inria.lille.repair.nopol.NoPol - Java version: 1.8.0_282
07:35:42.251 fr.inria.lille.repair.nopol.NoPol - JAVA_HOME: /users2/cpca56132020/moliveira/deps/jdk-8/bin
07:35:42.251 fr.inria.lille.repair.nopol.NoPol - PATH: /users2/cpca56132020/moliveira/deps/jdk-8/bin:/users2/cpca56132020/moliveira/deps/Maven/apache-maven/bin:/users2/cpca56132020/moliveira/deps/Gradle/gradle-6.8.3/bin:/usr/condabin:/usr/local/bin:/usr/bin:/usr/local/sbin:/usr/sbin:/users2/cpca56132020/moliveira/.local/bin:/users2/cpca56132020/moliveira/bin
07:35:51.688 fr.inria.lille.repair.nopol.NoPol - statement #1
07:35:51.690 fr.inria.lille.repair.nopol.NoPol - Analysing SourceLocation java_programs.Node:62 which is executed by 4 tests
07:35:51.927 fr.inria.lille.repair.nopol.NoPol - statement #2
07:35:51.928 fr.inria.lille.repair.nopol.NoPol - Analysing SourceLocation java_programs.BREADTH_FIRST_SEARCH:37 which is executed by 4 tests
07:35:52.027 fr.inria.lille.repair.nopol.NoPol - statement #3
07:35:52.027 fr.inria.lille.repair.nopol.NoPol - Analysing SourceLocation java_programs.BREADTH_FIRST_SEARCH:30 which is executed by 4 tests
07:35:52.126 fr.inria.lille.repair.nopol.NoPol - looking with class fr.inria.lille.repair.nopol.spoon.smt.ConditionalAdder
07:35:53.016 tests.output - Failing tests with false: 
[test3(java_testcases.junit.BREADTH_FIRST_SEARCH_Test): null]
07:35:53.016 tests.output - Failing tests with true: 
[test3(java_testcases.junit.BREADTH_FIRST_SEARCH_Test): null]
07:35:53.016 f.i.l.r.n.synth.SMTNopolSynthesizer - Not enough specifications: 0. A trivial patch is "true" or "false", please write new tests specifying SourceLocation java_programs.BREADTH_FIRST_SEARCH:30.
07:35:53.017 fr.inria.lille.repair.nopol.NoPol - statement #4
07:35:53.017 fr.inria.lille.repair.nopol.NoPol - Analysing SourceLocation java_programs.BREADTH_FIRST_SEARCH:27 which is executed by 5 tests
07:35:53.092 fr.inria.lille.repair.nopol.NoPol - looking with class fr.inria.lille.repair.nopol.spoon.smt.ConditionalAdder
07:35:53.356 tests.output - Failing tests with false: 
[test3(java_testcases.junit.BREADTH_FIRST_SEARCH_Test): null]
07:35:53.356 tests.output - Failing tests with true: 
[test3(java_testcases.junit.BREADTH_FIRST_SEARCH_Test): null]
07:35:53.356 f.i.l.r.n.synth.SMTNopolSynthesizer - Not enough specifications: 0. A trivial patch is "true" or "false", please write new tests specifying SourceLocation java_programs.BREADTH_FIRST_SEARCH:27.
07:35:53.356 fr.inria.lille.repair.nopol.NoPol - looking with class fr.inria.lille.repair.nopol.spoon.smt.ConditionalReplacer
07:35:53.647 tests.output - Failing tests with false: 
[test3(java_testcases.junit.BREADTH_FIRST_SEARCH_Test): null]
07:35:53.648 tests.output - Failing tests with true: 
[test3(java_testcases.junit.BREADTH_FIRST_SEARCH_Test): expected:<Path [not ]found!> but was:<Path []found!>]
07:35:53.648 f.i.l.r.n.synth.SMTNopolSynthesizer - Not enough specifications: 0. A trivial patch is "true" or "false", please write new tests specifying SourceLocation java_programs.BREADTH_FIRST_SEARCH:27.
07:35:53.648 fr.inria.lille.repair.nopol.NoPol - statement #5
07:35:53.648 fr.inria.lille.repair.nopol.NoPol - Analysing SourceLocation java_programs.BREADTH_FIRST_SEARCH:25 which is executed by 5 tests
07:35:53.760 fr.inria.lille.repair.nopol.NoPol - statement #6
07:35:53.761 fr.inria.lille.repair.nopol.NoPol - Analysing SourceLocation java_programs.BREADTH_FIRST_SEARCH:22 which is executed by 5 tests
07:35:53.850 fr.inria.lille.repair.nopol.NoPol - looking with class fr.inria.lille.repair.nopol.spoon.smt.ConditionalAdder
07:35:54.103 tests.output - Failing tests with false: 
[test3(java_testcases.junit.BREADTH_FIRST_SEARCH_Test): null]
07:35:54.103 tests.output - Failing tests with true: 
[test3(java_testcases.junit.BREADTH_FIRST_SEARCH_Test): null]
07:35:54.103 f.i.l.r.n.synth.SMTNopolSynthesizer - Not enough specifications: 0. A trivial patch is "true" or "false", please write new tests specifying SourceLocation java_programs.BREADTH_FIRST_SEARCH:22.
07:35:54.104 fr.inria.lille.repair.nopol.NoPol - statement #7
07:35:54.104 fr.inria.lille.repair.nopol.NoPol - Analysing SourceLocation java_programs.BREADTH_FIRST_SEARCH:20 which is executed by 5 tests
07:35:54.167 fr.inria.lille.repair.nopol.NoPol - looking with class fr.inria.lille.repair.nopol.spoon.smt.ConditionalAdder
07:35:54.418 tests.output - Failing tests with false: 
[test3(java_testcases.junit.BREADTH_FIRST_SEARCH_Test): null]
07:35:54.418 tests.output - Failing tests with true: 
[test3(java_testcases.junit.BREADTH_FIRST_SEARCH_Test): null]
07:35:54.418 f.i.l.r.n.synth.SMTNopolSynthesizer - Not enough specifications: 0. A trivial patch is "true" or "false", please write new tests specifying SourceLocation java_programs.BREADTH_FIRST_SEARCH:20.
07:35:54.418 fr.inria.lille.repair.nopol.NoPol - statement #8
07:35:54.418 fr.inria.lille.repair.nopol.NoPol - Analysing SourceLocation java_programs.BREADTH_FIRST_SEARCH:19 which is executed by 5 tests
07:35:54.478 fr.inria.lille.repair.nopol.NoPol - ----INFORMATION----
07:35:54.492 fr.inria.lille.repair.nopol.NoPol - Nb classes : 3
07:35:54.493 fr.inria.lille.repair.nopol.NoPol - Nb methods : 9
07:35:54.493 fr.inria.lille.repair.nopol.NoPol - Nb Statements Analyzed : 5
07:35:54.493 fr.inria.lille.repair.nopol.NoPol - Nb Statements with Angelic Value Found : 0
07:35:54.493 fr.inria.lille.repair.nopol.NoPol - Nb inputs in SMT : 0
07:35:54.494 fr.inria.lille.repair.nopol.NoPol - Nb SMT level: 0
07:35:54.494 fr.inria.lille.repair.nopol.NoPol - Nb variables in SMT : 0
07:35:54.494 fr.inria.lille.repair.nopol.NoPol - NoPol Execution time : 12245ms
07:35:54.495 fr.inria.lille.repair.nopol.NoPol - 
