07:53:08.222 fr.inria.lille.repair.nopol.NoPol - Source files: [src/main/java]
07:53:08.224 fr.inria.lille.repair.nopol.NoPol - Classpath: [file:/users2/cpca56132020/moliveira/folders/Nopol_QUIXBUGS_MINIMUM_SPANNING_TREE/Nopol_QuixBugs_MINIMUM_SPANNING_TREE_/target/classes/, file:/users2/cpca56132020/moliveira/folders/Nopol_QUIXBUGS_MINIMUM_SPANNING_TREE/Nopol_QuixBugs_MINIMUM_SPANNING_TREE_/target/test-classes/, file:/users2/cpca56132020/moliveira/.m2/repository/junit/junit/4.11/junit-4.11.jar, file:/users2/cpca56132020/moliveira/.m2/repository/org/hamcrest/hamcrest-core/1.3/hamcrest-core-1.3.jar, file:/users2/cpca56132020/moliveira/RepairThemAll/script/../repair_tools/nopol.jar]
07:53:08.225 fr.inria.lille.repair.nopol.NoPol - Statement type: PRE_THEN_COND
07:53:08.225 fr.inria.lille.repair.nopol.NoPol - Args: []
07:53:08.227 fr.inria.lille.repair.nopol.NoPol - Config: Config{synthesisDepth=3, collectStaticMethods=true, collectStaticFields=false, collectLiterals=false, onlyOneSynthesisResult=true, sortExpressions=true, maxLineInvocationPerTest=250, timeoutMethodInvocation=2000, dataCollectionTimeoutInSecondForSynthesis=900, addWeight=0.19478, subWeight=0.04554, mulWeight=0.0102, divWeight=0.00613, andWeight=0.10597, orWeight=0.05708, eqWeight=0.22798, nEqWeight=0.0, lessEqWeight=0.0255, lessWeight=0.0947, methodCallWeight=0.1, fieldAccessWeight=0.08099, constantWeight=0.14232, variableWeight=0.05195, mode=REPAIR, type=PRE_THEN_COND, synthesis=SMT, oracle=ANGELIC, solver=Z3, solverPath='/users2/cpca56132020/moliveira/RepairThemAll/script/../libs/z3/build/z3', projectSources=[src/main/java], projectClasspath='[Ljava.net.URL;@16c0663d', projectTests=[], complianceLevel=8, outputFolder=., json=true}
07:53:08.228 fr.inria.lille.repair.nopol.NoPol - Available processors (cores): 1
07:53:08.230 fr.inria.lille.repair.nopol.NoPol - Free memory: 968 MB
07:53:08.230 fr.inria.lille.repair.nopol.NoPol - Maximum memory: 3 GB
07:53:08.230 fr.inria.lille.repair.nopol.NoPol - Total memory available to JVM: 989 MB
07:53:08.230 fr.inria.lille.repair.nopol.NoPol - Java version: 1.8.0_282
07:53:08.234 fr.inria.lille.repair.nopol.NoPol - JAVA_HOME: /users2/cpca56132020/moliveira/deps/jdk-8/bin
07:53:08.234 fr.inria.lille.repair.nopol.NoPol - PATH: /users2/cpca56132020/moliveira/deps/jdk-8/bin:/users2/cpca56132020/moliveira/deps/Maven/apache-maven/bin:/users2/cpca56132020/moliveira/deps/Gradle/gradle-6.8.3/bin:/usr/condabin:/usr/local/bin:/usr/bin:/usr/local/sbin:/usr/sbin:/users2/cpca56132020/moliveira/.local/bin:/users2/cpca56132020/moliveira/bin
07:53:16.003 fr.inria.lille.repair.nopol.NoPol - OOPS, no statement at all, no test results
07:53:16.005 fr.inria.lille.repair.nopol.NoPol - ----INFORMATION----
07:53:16.020 fr.inria.lille.repair.nopol.NoPol - Nb classes : 3
07:53:16.020 fr.inria.lille.repair.nopol.NoPol - Nb methods : 10
07:53:16.020 fr.inria.lille.repair.nopol.NoPol - Nb Statements Analyzed : 0
07:53:16.021 fr.inria.lille.repair.nopol.NoPol - Nb Statements with Angelic Value Found : 0
07:53:16.021 fr.inria.lille.repair.nopol.NoPol - Nb inputs in SMT : 0
07:53:16.022 fr.inria.lille.repair.nopol.NoPol - Nb SMT level: 0
07:53:16.022 fr.inria.lille.repair.nopol.NoPol - Nb variables in SMT : 0
07:53:16.022 fr.inria.lille.repair.nopol.NoPol - NoPol Execution time : 7785ms
07:53:16.023 fr.inria.lille.repair.nopol.NoPol - 
