cd /users2/cpca56132020/moliveira/folders/Figra_QUIXBUGS_FLATTEN/Figra_QuixBugs_FLATTEN_;
export JAVA_TOOL_OPTIONS="-Dfile.encoding=UTF8 -Duser.language=en-US -Duser.country=US -Duser.language=en";
TZ="America/New_York"; export TZ;
export PATH="/users2/cpca56132020/moliveira/deps/jdk-8/bin:$PATH";
export JAVA_HOME="/users2/cpca56132020/moliveira/deps/jdk-8/bin";
time java -Xmx4g -Xms1g -cp /users2/cpca56132020/moliveira/RepairThemAll/script/../libs/jtestex7.jar:/users2/cpca56132020/moliveira/RepairThemAll/script/../repair_tools/astor.jar fr.inria.main.evolution.AstorMain \
	-mode figra \
	-location . \
	-id FLATTEN- \
	-failing java_testcases.junit.FLATTEN_Test \
	-jvm4testexecution /users2/cpca56132020/moliveira/deps/jdk-8/bin \
	-jvm4evosuitetestexecution /users2/cpca56132020/moliveira/deps/jdk-8/bin \
	-maxgen 1000000 \
	-maxtime 120 \
	-stopfirst false \
	-seed 28 \
	-scope package \
	-population 1 \
	-javacompliancelevel 8 \
	-srcjavafolder src/main/java \
	-srctestfolder src/test/java \
	-binjavafolder target/classes \
	-bintestfolder target/test-classes \
	-parameters x:x:maxCombinationVariableLimit:true:maxVarCombination:1000 \
	-dependencies /users2/cpca56132020/moliveira/.m2/repository/junit/junit/4.11/junit-4.11.jar:/users2/cpca56132020/moliveira/.m2/repository/org/hamcrest/hamcrest-core/1.3/hamcrest-core-1.3.jar;
	echo "\n\nNode: `hostname`\n";
	echo "\n\nDate: `date`\n";
Picked up JAVA_TOOL_OPTIONS: -Dfile.encoding=UTF8 -Duser.language=en-US -Duser.country=US -Duser.language=en
12:02:50.614 [main] ERROR fr.inria.astor.approaches.figra.ExpressionReplaceOperator - Replacement does not work for  modify new java.util.ArrayList(50) to new java.util.ArrayList(50)
12:02:51.008 [main] ERROR fr.inria.astor.approaches.figra.ExpressionReplaceOperator - Replacement does not work for  modify 50 to 50
12:02:51.639 [main] ERROR fr.inria.astor.approaches.figra.ExpressionReplaceOperator - Replacement does not work for  modify java_programs.FLATTEN.flatten(x) to java_programs.FLATTEN.flatten(x)
12:02:53.639 [main] ERROR fr.inria.astor.approaches.figra.ExpressionReplaceOperator - Replacement does not work for  modify java_programs.FLATTEN.flatten(arr) to java_programs.FLATTEN.flatten(arr)
12:02:53.929 [main] ERROR fr.inria.astor.approaches.figra.ExpressionReplaceOperator - Replacement does not work for  modify result to result
12:02:54.255 [main] ERROR fr.inria.astor.approaches.figra.ExpressionReplaceOperator - Replacement does not work for  modify arr instanceof java.util.ArrayList to arr instanceof java.util.ArrayList
12:02:54.709 [main] ERROR fr.inria.astor.approaches.figra.ExpressionReplaceOperator - Replacement does not work for  modify narr to narr
12:02:55.574 [main] ERROR fr.inria.astor.approaches.figra.ExpressionReplaceOperator - Replacement does not work for  modify arr to arr
12:02:58.842 [main] ERROR fr.inria.astor.approaches.figra.ExpressionReplaceOperator - Replacement does not work for  modify result.addAll(((java.util.ArrayList) (java_programs.FLATTEN.flatten(x)))) to result.addAll(((java.util.ArrayList) (java_programs.FLATTEN.flatten(x))))
12:02:59.459 [main] ERROR fr.inria.astor.approaches.figra.ExpressionReplaceOperator - Replacement does not work for  modify result to result
12:03:00.982 [main] ERROR fr.inria.astor.approaches.figra.ExpressionReplaceOperator - Replacement does not work for  modify ((java.util.ArrayList) (java_programs.FLATTEN.flatten(x))) to ((java.util.ArrayList) (java_programs.FLATTEN.flatten(x)))
12:03:01.656 [main] ERROR fr.inria.astor.approaches.figra.ExpressionReplaceOperator - Replacement does not work for  modify ((java.util.ArrayList) (arr)) to ((java.util.ArrayList) (arr))
12:03:03.056 [main] ERROR fr.inria.astor.approaches.figra.ExpressionReplaceOperator - Replacement does not work for  modify result.add(java_programs.FLATTEN.flatten(x)) to result.add(java_programs.FLATTEN.flatten(x))
12:03:03.849 [main] ERROR fr.inria.astor.approaches.figra.ExpressionReplaceOperator - Replacement does not work for  modify x to x
12:03:04.861 [main] ERROR fr.inria.astor.approaches.figra.ExpressionReplaceOperator - Replacement does not work for  modify arr to arr
12:03:05.490 [main] ERROR fr.inria.astor.approaches.figra.ExpressionReplaceOperator - Replacement does not work for  modify x instanceof java.util.ArrayList to x instanceof java.util.ArrayList
12:03:06.124 [main] ERROR fr.inria.astor.approaches.figra.ExpressionReplaceOperator - Replacement does not work for  modify result to result
12:03:14.439 [main] ERROR fr.inria.astor.approaches.figra.ExpressionReplaceOperator - Replacement does not work for  modify x to x
12:03:15.283 [main] ERROR fr.inria.astor.approaches.figra.ExpressionReplaceOperator - Replacement does not work for  modify x to x
Astor Output:

General stats:
EXECUTION_IDENTIFIER=FLATTEN-
TOTAL_TIME=7200.08
NR_GENERATIONS=170
NR_RIGHT_COMPILATIONS=115
NR_FAILLING_COMPILATIONS=55
NR_ERRONEOUS_VARIANCES=null
NR_FAILING_VALIDATION_PROCESS=null
OUTPUT_STATUS=TIME_OUT

Patch stats:

Patch 1
VARIANT_ID=120
TIME=15
VALIDATION=|true|0|7|[]|
GENERATION=60
FOLDER_SOLUTION_CODE=/users2/cpca56132020/moliveira/folders/Figra_QUIXBUGS_FLATTEN/Figra_QuixBugs_FLATTEN_/./output_astor/AstorMain-FLATTEN-//src//variant-120
--Patch Hunk #1
OPERATOR=ExpressionReplaceOperator

LOCATION=java_programs.FLATTEN

PATH=/users2/cpca56132020/moliveira/folders/Figra_QUIXBUGS_FLATTEN/Figra_QuixBugs_FLATTEN_/src/main/java/FLATTEN.java

MODIFIED_FILE_PATH=/users2/cpca56132020/moliveira/folders/Figra_QUIXBUGS_FLATTEN/Figra_QuixBugs_FLATTEN_/./output_astor/AstorMain-FLATTEN-//src//variant-120/java_programs/FLATTEN.java

LINE=26

SUSPICIOUNESS=1

MP_RANKING=5

ORIGINAL_CODE=java_programs.FLATTEN.flatten(arr)

BUGGY_CODE_TYPE=CtInvocationImpl|CtReturnImpl

PATCH_HUNK_CODE=arr

PATCH_HUNK_TYPE=CtVariableReadImpl|CtInvocationImpl

INGREDIENT_SCOPE=-

INGREDIENT_PARENT=arr

PATCH_DIFF_ORIG=--- /users2/cpca56132020/moliveira/folders/Figra_QUIXBUGS_FLATTEN/Figra_QuixBugs_FLATTEN_/src/main/java/FLATTENjava
+++ /users2/cpca56132020/moliveira/folders/Figra_QUIXBUGS_FLATTEN/Figra_QuixBugs_FLATTEN_/src/main/java/FLATTENjava
@@ -26 +26 @@
-			return java_programs.FLATTEN.flatten(arr);
+			return arr;



Patch 2
VARIANT_ID=144
TIME=18
VALIDATION=|true|0|7|[]|
GENERATION=72
FOLDER_SOLUTION_CODE=/users2/cpca56132020/moliveira/folders/Figra_QUIXBUGS_FLATTEN/Figra_QuixBugs_FLATTEN_/./output_astor/AstorMain-FLATTEN-//src//variant-144
--Patch Hunk #1
OPERATOR=ExpressionReplaceOperator

LOCATION=java_programs.FLATTEN

PATH=/users2/cpca56132020/moliveira/folders/Figra_QUIXBUGS_FLATTEN/Figra_QuixBugs_FLATTEN_/src/main/java/FLATTEN.java

MODIFIED_FILE_PATH=/users2/cpca56132020/moliveira/folders/Figra_QUIXBUGS_FLATTEN/Figra_QuixBugs_FLATTEN_/./output_astor/AstorMain-FLATTEN-//src//variant-144/java_programs/FLATTEN.java

LINE=21

SUSPICIOUNESS=1

MP_RANKING=2

ORIGINAL_CODE=java_programs.FLATTEN.flatten(x)

BUGGY_CODE_TYPE=CtInvocationImpl|CtInvocationImpl

PATCH_HUNK_CODE=x

PATCH_HUNK_TYPE=CtVariableReadImpl|CtInvocationImpl

INGREDIENT_SCOPE=-

INGREDIENT_PARENT=x

PATCH_DIFF_ORIG=--- /users2/cpca56132020/moliveira/folders/Figra_QUIXBUGS_FLATTEN/Figra_QuixBugs_FLATTEN_/src/main/java/FLATTENjava
+++ /users2/cpca56132020/moliveira/folders/Figra_QUIXBUGS_FLATTEN/Figra_QuixBugs_FLATTEN_/src/main/java/FLATTENjava
@@ -21 +21 @@
-					result.add(java_programs.FLATTEN.flatten(x));
+					result.add(x);




real	120m6.043s
user	119m55.187s
sys	0m7.399s
\n\nNode: hpc060.ncg.ingrid.pt\n
\n\nDate: Thu Apr  1 14:02:50 EDT 2021\n
