cd /tmp/Figra_IntroClassJava_grade_489253253c866aa61b6b0d95c6072d3912f6b78dfbc01bdb2fbb663aefe33d6d353b1a61bb5fc567c9d6c334994111816edd3d43db47e4ea4a84953198736ff7-010;
export JAVA_TOOL_OPTIONS="-Dfile.encoding=UTF8 -Duser.language=en-US -Duser.country=US -Duser.language=en";
TZ="America/New_York"; export TZ;
export PATH="/usr/lib/jvm/java-1.8.0-openjdk-amd64/bin/:$PATH";
export JAVA_HOME="/usr/lib/jvm/java-1.8.0-openjdk-amd64/bin/";
time java -Xmx4g -Xms1g -cp /home/moliveira/Tese/RepairThemAll/script/../libs/jtestex7.jar:/home/moliveira/Tese/RepairThemAll/script/../repair_tools/astor.jar fr.inria.main.evolution.AstorMain \
	-mode figra \
	-location . \
	-id grade-489253253c866aa61b6b0d95c6072d3912f6b78dfbc01bdb2fbb663aefe33d6d353b1a61bb5fc567c9d6c334994111816edd3d43db47e4ea4a84953198736ff7-010 \
	-failing introclassJava.grade_48925325_010BlackboxTest:introclassJava.grade_48925325_010WhiteboxTest \
	-jvm4testexecution /usr/lib/jvm/jdk1.7.0_80/bin/ \
	-jvm4evosuitetestexecution /usr/lib/jvm/jdk1.7.0_80/bin/ \
	-maxgen 1000000 \
	-maxtime 120 \
	-stopfirst true \
	-seed 28 \
	-scope package \
	-population 1 \
	-javacompliancelevel 7 \
	-srcjavafolder src/main/java \
	-srctestfolder src/test/java \
	-binjavafolder target/classes \
	-bintestfolder target/test-classes \
	-parameters x:x:maxCombinationVariableLimit:true:maxVarCombination:1000:maxCombinationVariableLimit:true:maxVarCombination:1000:maxCombinationVariableLimit:true:maxVarCombination:1000:maxCombinationVariableLimit:true:maxVarCombination:1000:maxCombinationVariableLimit:true:maxVarCombination:1000:maxCombinationVariableLimit:true:maxVarCombination:1000:maxCombinationVariableLimit:true:maxVarCombination:1000:maxCombinationVariableLimit:true:maxVarCombination:1000:maxCombinationVariableLimit:true:maxVarCombination:1000:maxCombinationVariableLimit:true:maxVarCombination:1000:maxCombinationVariableLimit:true:maxVarCombination:1000:maxCombinationVariableLimit:true:maxVarCombination:1000:maxCombinationVariableLimit:true:maxVarCombination:1000:maxCombinationVariableLimit:true:maxVarCombination:1000:maxCombinationVariableLimit:true:maxVarCombination:1000:maxCombinationVariableLimit:true:maxVarCombination:1000:maxCombinationVariableLimit:true:maxVarCombination:1000:maxCombinationVariableLimit:true:maxVarCombination:1000:maxCombinationVariableLimit:true:maxVarCombination:1000:maxCombinationVariableLimit:true:maxVarCombination:1000:maxCombinationVariableLimit:true:maxVarCombination:1000:maxCombinationVariableLimit:true:maxVarCombination:1000:maxCombinationVariableLimit:true:maxVarCombination:1000:maxCombinationVariableLimit:true:maxVarCombination:1000:maxCombinationVariableLimit:true:maxVarCombination:1000:maxCombinationVariableLimit:true:maxVarCombination:1000:maxCombinationVariableLimit:true:maxVarCombination:1000:maxCombinationVariableLimit:true:maxVarCombination:1000:maxCombinationVariableLimit:true:maxVarCombination:1000:maxCombinationVariableLimit:true:maxVarCombination:1000:maxCombinationVariableLimit:true:maxVarCombination:1000:maxCombinationVariableLimit:true:maxVarCombination:1000:maxCombinationVariableLimit:true:maxVarCombination:1000:maxCombinationVariableLimit:true:maxVarCombination:1000:maxCombinationVariableLimit:true:maxVarCombination:1000:maxCombinationVariableLimit:true:maxVarCombination:1000:maxCombinationVariableLimit:true:maxVarCombination:1000:maxCombinationVariableLimit:true:maxVarCombination:1000:maxCombinationVariableLimit:true:maxVarCombination:1000:maxCombinationVariableLimit:true:maxVarCombination:1000:maxCombinationVariableLimit:true:maxVarCombination:1000:maxCombinationVariableLimit:true:maxVarCombination:1000:maxCombinationVariableLimit:true:maxVarCombination:1000:maxCombinationVariableLimit:true:maxVarCombination:1000:maxCombinationVariableLimit:true:maxVarCombination:1000:maxCombinationVariableLimit:true:maxVarCombination:1000:maxCombinationVariableLimit:true:maxVarCombination:1000:maxCombinationVariableLimit:true:maxVarCombination:1000:maxCombinationVariableLimit:true:maxVarCombination:1000:maxCombinationVariableLimit:true:maxVarCombination:1000:maxCombinationVariableLimit:true:maxVarCombination:1000:maxCombinationVariableLimit:true:maxVarCombination:1000:maxCombinationVariableLimit:true:maxVarCombination:1000:maxCombinationVariableLimit:true:maxVarCombination:1000:maxCombinationVariableLimit:true:maxVarCombination:1000:maxCombinationVariableLimit:true:maxVarCombination:1000:maxCombinationVariableLimit:true:maxVarCombination:1000:maxCombinationVariableLimit:true:maxVarCombination:1000:maxCombinationVariableLimit:true:maxVarCombination:1000:maxCombinationVariableLimit:true:maxVarCombination:1000:maxCombinationVariableLimit:true:maxVarCombination:1000:maxCombinationVariableLimit:true:maxVarCombination:1000:maxCombinationVariableLimit:true:maxVarCombination:1000:maxCombinationVariableLimit:true:maxVarCombination:1000:maxCombinationVariableLimit:true:maxVarCombination:1000:maxCombinationVariableLimit:true:maxVarCombination:1000:maxCombinationVariableLimit:true:maxVarCombination:1000:maxCombinationVariableLimit:true:maxVarCombination:1000:maxCombinationVariableLimit:true:maxVarCombination:1000:maxCombinationVariableLimit:true:maxVarCombination:1000:maxCombinationVariableLimit:true:maxVarCombination:1000:maxCombinationVariableLimit:true:maxVarCombination:1000:maxCombinationVariableLimit:true:maxVarCombination:1000:maxCombinationVariableLimit:true:maxVarCombination:1000:maxCombinationVariableLimit:true:maxVarCombination:1000:maxCombinationVariableLimit:true:maxVarCombination:1000:maxCombinationVariableLimit:true:maxVarCombination:1000:maxCombinationVariableLimit:true:maxVarCombination:1000:maxCombinationVariableLimit:true:maxVarCombination:1000:maxCombinationVariableLimit:true:maxVarCombination:1000:maxCombinationVariableLimit:true:maxVarCombination:1000:maxCombinationVariableLimit:true:maxVarCombination:1000:maxCombinationVariableLimit:true:maxVarCombination:1000:maxCombinationVariableLimit:true:maxVarCombination:1000:maxCombinationVariableLimit:true:maxVarCombination:1000:maxCombinationVariableLimit:true:maxVarCombination:1000:maxCombinationVariableLimit:true:maxVarCombination:1000:maxCombinationVariableLimit:true:maxVarCombination:1000:maxCombinationVariableLimit:true:maxVarCombination:1000:maxCombinationVariableLimit:true:maxVarCombination:1000:maxCombinationVariableLimit:true:maxVarCombination:1000:maxCombinationVariableLimit:true:maxVarCombination:1000:maxCombinationVariableLimit:true:maxVarCombination:1000:maxCombinationVariableLimit:true:maxVarCombination:1000:maxCombinationVariableLimit:true:maxVarCombination:1000:maxCombinationVariableLimit:true:maxVarCombination:1000:maxCombinationVariableLimit:true:maxVarCombination:1000:maxCombinationVariableLimit:true:maxVarCombination:1000:maxCombinationVariableLimit:true:maxVarCombination:1000:maxCombinationVariableLimit:true:maxVarCombination:1000:maxCombinationVariableLimit:true:maxVarCombination:1000:maxCombinationVariableLimit:true:maxVarCombination:1000:maxCombinationVariableLimit:true:maxVarCombination:1000:maxCombinationVariableLimit:true:maxVarCombination:1000:maxCombinationVariableLimit:true:maxVarCombination:1000:maxCombinationVariableLimit:true:maxVarCombination:1000:maxCombinationVariableLimit:true:maxVarCombination:1000:maxCombinationVariableLimit:true:maxVarCombination:1000:maxCombinationVariableLimit:true:maxVarCombination:1000:maxCombinationVariableLimit:true:maxVarCombination:1000:maxCombinationVariableLimit:true:maxVarCombination:1000:maxCombinationVariableLimit:true:maxVarCombination:1000:maxCombinationVariableLimit:true:maxVarCombination:1000:maxCombinationVariableLimit:true:maxVarCombination:1000:maxCombinationVariableLimit:true:maxVarCombination:1000:maxCombinationVariableLimit:true:maxVarCombination:1000:maxCombinationVariableLimit:true:maxVarCombination:1000:maxCombinationVariableLimit:true:maxVarCombination:1000:maxCombinationVariableLimit:true:maxVarCombination:1000:maxCombinationVariableLimit:true:maxVarCombination:1000:maxCombinationVariableLimit:true:maxVarCombination:1000:maxCombinationVariableLimit:true:maxVarCombination:1000:maxCombinationVariableLimit:true:maxVarCombination:1000:maxCombinationVariableLimit:true:maxVarCombination:1000:maxCombinationVariableLimit:true:maxVarCombination:1000:maxCombinationVariableLimit:true:maxVarCombination:1000:maxCombinationVariableLimit:true:maxVarCombination:1000:maxCombinationVariableLimit:true:maxVarCombination:1000:maxCombinationVariableLimit:true:maxVarCombination:1000:maxCombinationVariableLimit:true:maxVarCombination:1000:maxCombinationVariableLimit:true:maxVarCombination:1000:maxCombinationVariableLimit:true:maxVarCombination:1000:maxCombinationVariableLimit:true:maxVarCombination:1000:maxCombinationVariableLimit:true:maxVarCombination:1000:maxCombinationVariableLimit:true:maxVarCombination:1000:maxCombinationVariableLimit:true:maxVarCombination:1000:maxCombinationVariableLimit:true:maxVarCombination:1000:maxCombinationVariableLimit:true:maxVarCombination:1000:maxCombinationVariableLimit:true:maxVarCombination:1000:maxCombinationVariableLimit:true:maxVarCombination:1000:maxCombinationVariableLimit:true:maxVarCombination:1000:maxCombinationVariableLimit:true:maxVarCombination:1000:maxCombinationVariableLimit:true:maxVarCombination:1000:maxCombinationVariableLimit:true:maxVarCombination:1000:maxCombinationVariableLimit:true:maxVarCombination:1000:maxCombinationVariableLimit:true:maxVarCombination:1000:maxCombinationVariableLimit:true:maxVarCombination:1000:maxCombinationVariableLimit:true:maxVarCombination:1000:maxCombinationVariableLimit:true:maxVarCombination:1000:maxCombinationVariableLimit:true:maxVarCombination:1000:maxCombinationVariableLimit:true:maxVarCombination:1000:maxCombinationVariableLimit:true:maxVarCombination:1000:maxCombinationVariableLimit:true:maxVarCombination:1000:maxCombinationVariableLimit:true:maxVarCombination:1000:maxCombinationVariableLimit:true:maxVarCombination:1000:maxCombinationVariableLimit:true:maxVarCombination:1000:maxCombinationVariableLimit:true:maxVarCombination:1000:maxCombinationVariableLimit:true:maxVarCombination:1000:maxCombinationVariableLimit:true:maxVarCombination:1000:maxCombinationVariableLimit:true:maxVarCombination:1000:maxCombinationVariableLimit:true:maxVarCombination:1000:maxCombinationVariableLimit:true:maxVarCombination:1000:maxCombinationVariableLimit:true:maxVarCombination:1000:maxCombinationVariableLimit:true:maxVarCombination:1000:maxCombinationVariableLimit:true:maxVarCombination:1000:maxCombinationVariableLimit:true:maxVarCombination:1000:maxCombinationVariableLimit:true:maxVarCombination:1000:maxCombinationVariableLimit:true:maxVarCombination:1000:maxCombinationVariableLimit:true:maxVarCombination:1000:maxCombinationVariableLimit:true:maxVarCombination:1000:maxCombinationVariableLimit:true:maxVarCombination:1000:maxCombinationVariableLimit:true:maxVarCombination:1000:maxCombinationVariableLimit:true:maxVarCombination:1000:maxCombinationVariableLimit:true:maxVarCombination:1000:maxCombinationVariableLimit:true:maxVarCombination:1000:maxCombinationVariableLimit:true:maxVarCombination:1000:maxCombinationVariableLimit:true:maxVarCombination:1000:maxCombinationVariableLimit:true:maxVarCombination:1000:maxCombinationVariableLimit:true:maxVarCombination:1000:maxCombinationVariableLimit:true:maxVarCombination:1000:maxCombinationVariableLimit:true:maxVarCombination:1000:maxCombinationVariableLimit:true:maxVarCombination:1000:maxCombinationVariableLimit:true:maxVarCombination:1000:maxCombinationVariableLimit:true:maxVarCombination:1000:maxCombinationVariableLimit:true:maxVarCombination:1000:maxCombinationVariableLimit:true:maxVarCombination:1000:maxCombinationVariableLimit:true:maxVarCombination:1000:maxCombinationVariableLimit:true:maxVarCombination:1000:maxCombinationVariableLimit:true:maxVarCombination:1000:maxCombinationVariableLimit:true:maxVarCombination:1000:maxCombinationVariableLimit:true:maxVarCombination:1000:maxCombinationVariableLimit:true:maxVarCombination:1000:maxCombinationVariableLimit:true:maxVarCombination:1000:maxCombinationVariableLimit:true:maxVarCombination:1000:maxCombinationVariableLimit:true:maxVarCombination:1000:maxCombinationVariableLimit:true:maxVarCombination:1000:maxCombinationVariableLimit:true:maxVarCombination:1000:maxCombinationVariableLimit:true:maxVarCombination:1000:maxCombinationVariableLimit:true:maxVarCombination:1000:maxCombinationVariableLimit:true:maxVarCombination:1000:maxCombinationVariableLimit:true:maxVarCombination:1000:maxCombinationVariableLimit:true:maxVarCombination:1000:maxCombinationVariableLimit:true:maxVarCombination:1000:maxCombinationVariableLimit:true:maxVarCombination:1000:maxCombinationVariableLimit:true:maxVarCombination:1000:maxCombinationVariableLimit:true:maxVarCombination:1000:maxCombinationVariableLimit:true:maxVarCombination:1000:maxCombinationVariableLimit:true:maxVarCombination:1000:maxCombinationVariableLimit:true:maxVarCombination:1000:maxCombinationVariableLimit:true:maxVarCombination:1000:maxCombinationVariableLimit:true:maxVarCombination:1000:maxCombinationVariableLimit:true:maxVarCombination:1000:maxCombinationVariableLimit:true:maxVarCombination:1000:maxCombinationVariableLimit:true:maxVarCombination:1000:maxCombinationVariableLimit:true:maxVarCombination:1000:maxCombinationVariableLimit:true:maxVarCombination:1000:maxCombinationVariableLimit:true:maxVarCombination:1000:maxCombinationVariableLimit:true:maxVarCombination:1000:maxCombinationVariableLimit:true:maxVarCombination:1000:maxCombinationVariableLimit:true:maxVarCombination:1000:maxCombinationVariableLimit:true:maxVarCombination:1000:maxCombinationVariableLimit:true:maxVarCombination:1000:maxCombinationVariableLimit:true:maxVarCombination:1000:maxCombinationVariableLimit:true:maxVarCombination:1000:maxCombinationVariableLimit:true:maxVarCombination:1000:maxCombinationVariableLimit:true:maxVarCombination:1000:maxCombinationVariableLimit:true:maxVarCombination:1000:maxCombinationVariableLimit:true:maxVarCombination:1000:maxCombinationVariableLimit:true:maxVarCombination:1000:maxCombinationVariableLimit:true:maxVarCombination:1000:maxCombinationVariableLimit:true:maxVarCombination:1000:maxCombinationVariableLimit:true:maxVarCombination:1000:maxCombinationVariableLimit:true:maxVarCombination:1000:maxCombinationVariableLimit:true:maxVarCombination:1000:maxCombinationVariableLimit:true:maxVarCombination:1000:maxCombinationVariableLimit:true:maxVarCombination:1000:maxCombinationVariableLimit:true:maxVarCombination:1000:maxCombinationVariableLimit:true:maxVarCombination:1000:maxCombinationVariableLimit:true:maxVarCombination:1000:maxCombinationVariableLimit:true:maxVarCombination:1000:maxCombinationVariableLimit:true:maxVarCombination:1000:maxCombinationVariableLimit:true:maxVarCombination:1000:maxCombinationVariableLimit:true:maxVarCombination:1000:maxCombinationVariableLimit:true:maxVarCombination:1000:maxCombinationVariableLimit:true:maxVarCombination:1000:maxCombinationVariableLimit:true:maxVarCombination:1000:maxCombinationVariableLimit:true:maxVarCombination:1000:maxCombinationVariableLimit:true:maxVarCombination:1000:maxCombinationVariableLimit:true:maxVarCombination:1000:maxCombinationVariableLimit:true:maxVarCombination:1000:maxCombinationVariableLimit:true:maxVarCombination:1000:maxCombinationVariableLimit:true:maxVarCombination:1000:maxCombinationVariableLimit:true:maxVarCombination:1000:maxCombinationVariableLimit:true:maxVarCombination:1000:maxCombinationVariableLimit:true:maxVarCombination:1000:maxCombinationVariableLimit:true:maxVarCombination:1000:maxCombinationVariableLimit:true:maxVarCombination:1000:maxCombinationVariableLimit:true:maxVarCombination:1000:maxCombinationVariableLimit:true:maxVarCombination:1000:maxCombinationVariableLimit:true:maxVarCombination:1000:maxCombinationVariableLimit:true:maxVarCombination:1000:maxCombinationVariableLimit:true:maxVarCombination:1000:maxCombinationVariableLimit:true:maxVarCombination:1000 \
	-dependencies /home/moliveira/.m2/repository/junit/junit/4.11/junit-4.11.jar:/home/moliveira/.m2/repository/org/hamcrest/hamcrest-core/1.3/hamcrest-core-1.3.jar;
	echo "\n\nNode: `hostname`\n";
	echo "\n\nDate: `date`\n";
Picked up JAVA_TOOL_OPTIONS: -Dfile.encoding=UTF8 -Duser.language=en-US -Duser.country=US -Duser.language=en
09:07:34.578 [main] ERROR fr.inria.astor.approaches.figra.ExpressionReplaceOperator - Replacement does not work for  modify B to B
09:07:34.918 [main] ERROR fr.inria.astor.approaches.figra.ExpressionReplaceOperator - Replacement does not work for  modify scanner.nextFloat() to scanner.nextFloat()
09:07:35.707 [main] ERROR fr.inria.astor.approaches.figra.ExpressionReplaceOperator - Replacement does not work for  modify scanner.nextFloat() to scanner.nextFloat()
09:07:36.104 [main] ERROR fr.inria.astor.approaches.figra.ExpressionReplaceOperator - Replacement does not work for  modify scanner to scanner
09:07:36.766 [main] ERROR fr.inria.astor.approaches.figra.ExpressionReplaceOperator - Replacement does not work for  modify scanner to scanner
09:07:38.857 [main] ERROR fr.inria.astor.approaches.figra.ExpressionReplaceOperator - Replacement does not work for  modify D to D
09:07:39.419 [main] ERROR fr.inria.astor.approaches.figra.ExpressionReplaceOperator - Replacement does not work for  modify scanner.nextFloat() to scanner.nextFloat()
09:07:39.700 [main] ERROR fr.inria.astor.approaches.figra.ExpressionReplaceOperator - Replacement does not work for  modify A to A
09:07:40.529 [main] ERROR fr.inria.astor.approaches.figra.ExpressionReplaceOperator - Replacement does not work for  modify C to C
09:07:41.955 [main] ERROR fr.inria.astor.approaches.figra.ExpressionReplaceOperator - Replacement does not work for  modify scanner to scanner
09:07:44.601 [main] ERROR fr.inria.astor.approaches.figra.ExpressionReplaceOperator - Replacement does not work for  modify scanner.nextFloat() to scanner.nextFloat()
09:07:45.166 [main] ERROR fr.inria.astor.approaches.figra.ExpressionReplaceOperator - Replacement does not work for  modify new introclassJava.FloatObj() to new introclassJava.FloatObj()
09:07:49.449 [main] ERROR fr.inria.astor.approaches.figra.ExpressionReplaceOperator - Replacement does not work for  modify percent to percent
09:07:51.612 [main] ERROR fr.inria.astor.approaches.figra.ExpressionReplaceOperator - Replacement does not work for  modify percent to percent
09:07:53.123 [main] ERROR fr.inria.astor.approaches.figra.ExpressionReplaceOperator - Replacement does not work for  modify scanner to scanner
09:07:54.187 [main] ERROR fr.inria.astor.approaches.figra.ExpressionReplaceOperator - Replacement does not work for  modify scanner.nextFloat() to scanner.nextFloat()
09:08:06.002 [main] ERROR fr.inria.astor.approaches.figra.ExpressionReplaceOperator - Replacement does not work for  modify scanner to scanner
09:08:06.273 [main] ERROR fr.inria.astor.approaches.figra.ExpressionReplaceOperator - Replacement does not work for  modify D to D
09:08:07.316 [main] ERROR fr.inria.astor.approaches.figra.ExpressionReplaceOperator - Replacement does not work for  modify percent to percent
09:08:07.882 [main] ERROR fr.inria.astor.approaches.figra.ExpressionReplaceOperator - Replacement does not work for  modify percent to percent
09:08:12.245 [main] ERROR fr.inria.astor.approaches.figra.ExpressionReplaceOperator - Replacement does not work for  modify "Student has an F grade\n" to "Student has an F grade\n"
09:08:46.172 [main] ERROR fr.inria.astor.approaches.figra.ExpressionReplaceOperator - Replacement does not work for  modify java.lang.String.format("Student has an F grade\n") to java.lang.String.format("Student has an F grade\n")
09:08:49.441 [main] ERROR fr.inria.astor.approaches.figra.ExpressionReplaceOperator - Replacement does not work for  modify C to C
09:08:49.735 [main] ERROR fr.inria.astor.approaches.figra.ExpressionReplaceOperator - Replacement does not work for  modify A to A
09:08:56.620 [main] ERROR fr.inria.astor.approaches.figra.ExpressionReplaceOperator - Replacement does not work for  modify java.lang.String.format("in that order, decreasing percentages > ") to java.lang.String.format("in that order, decreasing percentages > ")
09:08:57.429 [main] ERROR fr.inria.astor.approaches.figra.ExpressionReplaceOperator - Replacement does not work for  modify B to B
09:09:05.378 [main] ERROR fr.inria.astor.approaches.figra.ExpressionReplaceOperator - Replacement does not work for  modify "Enter thresholds for A, B, C, D\n" to "Enter thresholds for A, B, C, D\n"
09:09:08.838 [main] ERROR fr.inria.astor.approaches.figra.ExpressionReplaceOperator - Replacement does not work for  modify java.lang.String.format("Enter thresholds for A, B, C, D\n") to java.lang.String.format("Enter thresholds for A, B, C, D\n")
09:09:09.123 [main] ERROR fr.inria.astor.approaches.figra.ExpressionReplaceOperator - Replacement does not work for  modify percent to percent
09:09:26.169 [main] ERROR fr.inria.astor.approaches.figra.ExpressionReplaceOperator - Replacement does not work for  modify java.lang.String.format("Thank you. Now enter student score (percent) >") to java.lang.String.format("Thank you. Now enter student score (percent) >")
09:09:29.643 [main] ERROR fr.inria.astor.approaches.figra.ExpressionReplaceOperator - Replacement does not work for  modify "Thank you. Now enter student score (percent) >" to "Thank you. Now enter student score (percent) >"
09:09:32.751 [main] ERROR fr.inria.astor.approaches.figra.ExpressionReplaceOperator - Replacement does not work for  modify "in that order, decreasing percentages > " to "in that order, decreasing percentages > "
Astor Output:

General stats:
EXECUTION_IDENTIFIER=grade-489253253c866aa61b6b0d95c6072d3912f6b78dfbc01bdb2fbb663aefe33d6d353b1a61bb5fc567c9d6c334994111816edd3d43db47e4ea4a84953198736ff7-010
TOTAL_TIME=7200.191
NR_GENERATIONS=282
NR_RIGHT_COMPILATIONS=246
NR_FAILLING_COMPILATIONS=36
NR_ERRONEOUS_VARIANCES=null
NR_FAILING_VALIDATION_PROCESS=null
OUTPUT_STATUS=TIME_OUT

Patch stats:

7343.50user 37.12system 2:00:06elapsed 102%CPU (0avgtext+0avgdata 1732292maxresident)k
0inputs+34016outputs (0major+22544107minor)pagefaults 0swaps


Node: franklin



Date: qua 21 abr 2021 11:07:24 EDT

