cd /users2/cpca56132020/moliveira/folders/Figra_IntroClassJava_smallest-818f8cf4e2e713753d02db9ee70a099b71f2a5a6bdc904191cf9ba68cfa5f64328464dccdd9b02fe0822e14a403dc196fe88b9964969409e60c93a776186a86a-002/Figra_IntroClassJava_smallest_818f8cf4e2e713753d02db9ee70a099b71f2a5a6bdc904191cf9ba68cfa5f64328464dccdd9b02fe0822e14a403dc196fe88b9964969409e60c93a776186a86a-002;
export JAVA_TOOL_OPTIONS="-Dfile.encoding=UTF8 -Duser.language=en-US -Duser.country=US -Duser.language=en";
TZ="America/New_York"; export TZ;
export PATH="/usr/lib/jvm/java-1.8.0-openjdk/bin/:$PATH";
export JAVA_HOME="/usr/lib/jvm/java-1.8.0-openjdk/bin/";
time java -Xmx4g -Xms1g -cp /users2/cpca56132020/moliveira/RepairThemAll/script/../libs/jtestex7.jar:/users2/cpca56132020/moliveira/RepairThemAll/script/../repair_tools/astor.jar fr.inria.main.evolution.AstorMain \
	-mode figra \
	-location . \
	-id smallest-818f8cf4e2e713753d02db9ee70a099b71f2a5a6bdc904191cf9ba68cfa5f64328464dccdd9b02fe0822e14a403dc196fe88b9964969409e60c93a776186a86a-002 \
	-failing introclassJava.smallest_818f8cf4_002BlackboxTest:introclassJava.smallest_818f8cf4_002WhiteboxTest \
	-jvm4testexecution /users2/cpca56132020/moliveira/jdk1.7.0_80/bin/ \
	-jvm4evosuitetestexecution /users2/cpca56132020/moliveira/jdk1.7.0_80/bin/ \
	-maxgen 1000000 \
	-maxtime 120 \
	-stopfirst false \
	-seed 28 \
	-scope package \
	-population 1 \
	-javacompliancelevel 7 \
	-srcjavafolder src/main/java \
	-srctestfolder src/test/java \
	-binjavafolder target/classes \
	-bintestfolder target/test-classes \
	-parameters x:x:maxCombinationVariableLimit:true:maxVarCombination:1000 \
	-dependencies /users2/cpca56132020/moliveira/.m2/repository/junit/junit/4.11/junit-4.11.jar:/users2/cpca56132020/moliveira/.m2/repository/org/hamcrest/hamcrest-core/1.3/hamcrest-core-1.3.jar;
	echo "\n\nNode: `hostname`\n";
	echo "\n\nDate: `date`\n";
Picked up JAVA_TOOL_OPTIONS: -Dfile.encoding=UTF8 -Duser.language=en-US -Duser.country=US -Duser.language=en
Picked up _JAVA_OPTIONS: -Xmx512m -Xms256m
06:10:53.242 [main] ERROR fr.inria.astor.approaches.figra.ExpressionReplaceOperator - Replacement does not work for  modify scanner.nextInt() to scanner.nextInt()
06:10:59.675 [main] ERROR fr.inria.astor.approaches.figra.ExpressionReplaceOperator - Replacement does not work for  modify num1 to num1
06:11:00.001 [main] ERROR fr.inria.astor.approaches.figra.ExpressionReplaceOperator - Replacement does not work for  modify new introclassJava.IntObj() to new introclassJava.IntObj()
06:11:00.350 [main] ERROR fr.inria.astor.approaches.figra.ExpressionReplaceOperator - Replacement does not work for  modify scanner to scanner
06:11:13.069 [main] ERROR fr.inria.astor.approaches.figra.ExpressionReplaceOperator - Replacement does not work for  modify scanner to scanner
06:11:23.484 [main] ERROR fr.inria.astor.approaches.figra.ExpressionReplaceOperator - Replacement does not work for  modify scanner to scanner
06:11:24.844 [main] ERROR fr.inria.astor.approaches.figra.ExpressionReplaceOperator - Replacement does not work for  modify scanner to scanner
06:11:25.175 [main] ERROR fr.inria.astor.approaches.figra.ExpressionReplaceOperator - Replacement does not work for  modify "%d is the smallest\n" to "%d is the smallest\n"
06:11:28.426 [main] ERROR fr.inria.astor.approaches.figra.ExpressionReplaceOperator - Replacement does not work for  modify num3 to num3
06:11:30.293 [main] ERROR fr.inria.astor.approaches.figra.ExpressionReplaceOperator - Replacement does not work for  modify num2 to num2
06:11:30.951 [main] ERROR fr.inria.astor.approaches.figra.ExpressionReplaceOperator - Replacement does not work for  modify num1 to num1
06:11:31.611 [main] ERROR fr.inria.astor.approaches.figra.ExpressionReplaceOperator - Replacement does not work for  modify java.lang.String.format("Please enter 4 numbers separated by spaces > ") to java.lang.String.format("Please enter 4 numbers separated by spaces > ")
06:11:40.042 [main] ERROR fr.inria.astor.approaches.figra.ExpressionReplaceOperator - Replacement does not work for  modify num4 to num4
06:11:43.711 [main] ERROR fr.inria.astor.approaches.figra.ExpressionReplaceOperator - Replacement does not work for  modify num_smallest to num_smallest
06:12:02.002 [main] ERROR fr.inria.astor.approaches.figra.ExpressionReplaceOperator - Replacement does not work for  modify scanner.nextInt() to scanner.nextInt()
06:12:10.796 [main] ERROR fr.inria.astor.approaches.figra.ExpressionReplaceOperator - Replacement does not work for  modify scanner.nextInt() to scanner.nextInt()
06:12:14.307 [main] ERROR fr.inria.astor.approaches.figra.ExpressionReplaceOperator - Replacement does not work for  modify num3 to num3
06:12:15.916 [main] ERROR fr.inria.astor.approaches.figra.ExpressionReplaceOperator - Replacement does not work for  modify num2 to num2
06:12:35.963 [main] ERROR fr.inria.astor.approaches.figra.ExpressionReplaceOperator - Replacement does not work for  modify num1 to num1
06:12:36.943 [main] ERROR fr.inria.astor.approaches.figra.ExpressionReplaceOperator - Replacement does not work for  modify num1 to num1
06:12:37.262 [main] ERROR fr.inria.astor.approaches.figra.ExpressionReplaceOperator - Replacement does not work for  modify num2 to num2
06:12:42.230 [main] ERROR fr.inria.astor.approaches.figra.ExpressionReplaceOperator - Replacement does not work for  modify num1 to num1
06:12:45.381 [main] ERROR fr.inria.astor.approaches.figra.ExpressionReplaceOperator - Replacement does not work for  modify num2 to num2
06:13:11.914 [main] ERROR fr.inria.astor.approaches.figra.ExpressionReplaceOperator - Replacement does not work for  modify num3 to num3
06:13:18.258 [main] ERROR fr.inria.astor.approaches.figra.ExpressionReplaceOperator - Replacement does not work for  modify num_smallest to num_smallest
06:13:32.374 [main] ERROR fr.inria.astor.approaches.figra.ExpressionReplaceOperator - Replacement does not work for  modify num3 to num3
06:13:58.577 [main] ERROR fr.inria.astor.approaches.figra.ExpressionReplaceOperator - Replacement does not work for  modify num1 to num1
06:14:03.365 [main] ERROR fr.inria.astor.approaches.figra.ExpressionReplaceOperator - Replacement does not work for  modify num4 to num4
06:14:08.594 [main] ERROR fr.inria.astor.approaches.figra.ExpressionReplaceOperator - Replacement does not work for  modify num2 to num2
06:14:34.798 [main] ERROR fr.inria.astor.approaches.figra.ExpressionReplaceOperator - Replacement does not work for  modify "Please enter 4 numbers separated by spaces > " to "Please enter 4 numbers separated by spaces > "
06:14:51.368 [main] ERROR fr.inria.astor.approaches.figra.ExpressionReplaceOperator - Replacement does not work for  modify scanner.nextInt() to scanner.nextInt()
Astor Output:

General stats:
EXECUTION_IDENTIFIER=smallest-818f8cf4e2e713753d02db9ee70a099b71f2a5a6bdc904191cf9ba68cfa5f64328464dccdd9b02fe0822e14a403dc196fe88b9964969409e60c93a776186a86a-002
TOTAL_TIME=7214.122
NR_GENERATIONS=329
NR_RIGHT_COMPILATIONS=195
NR_FAILLING_COMPILATIONS=134
NR_ERRONEOUS_VARIANCES=null
NR_FAILING_VALIDATION_PROCESS=null
OUTPUT_STATUS=TIME_OUT

Patch stats:


real	120m28.566s
user	119m26.523s
sys	0m18.322s
\n\nNode: hpc063.ncg.ingrid.pt\n
\n\nDate: Tue Apr 13 08:11:04 EDT 2021\n
