cd /users2/cpca56132020/moliveira/folders/Nopol_QUIXBUGS_KNAPSACK/Nopol_QuixBugs_KNAPSACK_;
export JAVA_TOOL_OPTIONS="-Dfile.encoding=UTF8 -Duser.language=en-US -Duser.country=US -Duser.language=en";
TZ="America/New_York"; export TZ;
export PATH="/users2/cpca56132020/moliveira/deps/jdk-8/bin:$PATH";
export JAVA_HOME="/users2/cpca56132020/moliveira/deps/jdk-8/bin";
time java -Xmx4g -Xms1g -cp /users2/cpca56132020/moliveira/RepairThemAll/script/../repair_tools/nopol.jar:/users2/cpca56132020/moliveira/deps/jdk-8/bin/../lib/tools.jar fr.inria.lille.repair.Main \
	--mode repair \
	--type pre_then_cond \
	--oracle angelic \
	--synthesis smt \
	--flocal gzoltar \
	--json \
	--solver z3 \
	--solver-path /users2/cpca56132020/moliveira/RepairThemAll/script/../libs/z3/build/z3 \
	--complianceLevel 8 \
	--source src/main/java \
	--classpath "target/classes:target/test-classes:/users2/cpca56132020/moliveira/.m2/repository/junit/junit/4.11/junit-4.11.jar:/users2/cpca56132020/moliveira/.m2/repository/org/hamcrest/hamcrest-core/1.3/hamcrest-core-1.3.jar:/users2/cpca56132020/moliveira/RepairThemAll/script/../repair_tools/nopol.jar";
	echo "\n\nNode: `hostname`\n";
	echo "\n\nDate: `date`\n";
Picked up JAVA_TOOL_OPTIONS: -Dfile.encoding=UTF8 -Duser.language=en-US -Duser.country=US -Duser.language=en
07:53:08.510 [main] INFO  fr.inria.lille.repair.nopol.NoPol - Source files: [src/main/java]
07:53:08.512 [main] INFO  fr.inria.lille.repair.nopol.NoPol - Classpath: [file:/users2/cpca56132020/moliveira/folders/Nopol_QUIXBUGS_KNAPSACK/Nopol_QuixBugs_KNAPSACK_/target/classes/, file:/users2/cpca56132020/moliveira/folders/Nopol_QUIXBUGS_KNAPSACK/Nopol_QuixBugs_KNAPSACK_/target/test-classes/, file:/users2/cpca56132020/moliveira/.m2/repository/junit/junit/4.11/junit-4.11.jar, file:/users2/cpca56132020/moliveira/.m2/repository/org/hamcrest/hamcrest-core/1.3/hamcrest-core-1.3.jar, file:/users2/cpca56132020/moliveira/RepairThemAll/script/../repair_tools/nopol.jar]
07:53:08.512 [main] INFO  fr.inria.lille.repair.nopol.NoPol - Statement type: PRE_THEN_COND
07:53:08.513 [main] INFO  fr.inria.lille.repair.nopol.NoPol - Args: [java_testcases.junit.KNAPSACK_Test]
07:53:08.515 [main] INFO  fr.inria.lille.repair.nopol.NoPol - Config: Config{synthesisDepth=3, collectStaticMethods=true, collectStaticFields=false, collectLiterals=false, onlyOneSynthesisResult=true, sortExpressions=true, maxLineInvocationPerTest=250, timeoutMethodInvocation=2000, dataCollectionTimeoutInSecondForSynthesis=900, addWeight=0.19478, subWeight=0.04554, mulWeight=0.0102, divWeight=0.00613, andWeight=0.10597, orWeight=0.05708, eqWeight=0.22798, nEqWeight=0.0, lessEqWeight=0.0255, lessWeight=0.0947, methodCallWeight=0.1, fieldAccessWeight=0.08099, constantWeight=0.14232, variableWeight=0.05195, mode=REPAIR, type=PRE_THEN_COND, synthesis=SMT, oracle=ANGELIC, solver=Z3, solverPath='/users2/cpca56132020/moliveira/RepairThemAll/script/../libs/z3/build/z3', projectSources=[src/main/java], projectClasspath='[Ljava.net.URL;@16c0663d', projectTests=[java_testcases.junit.KNAPSACK_Test], complianceLevel=8, outputFolder=., json=true}
07:53:08.515 [main] INFO  fr.inria.lille.repair.nopol.NoPol - Available processors (cores): 1
07:53:08.518 [main] INFO  fr.inria.lille.repair.nopol.NoPol - Free memory: 968 MB
07:53:08.518 [main] INFO  fr.inria.lille.repair.nopol.NoPol - Maximum memory: 3 GB
07:53:08.518 [main] INFO  fr.inria.lille.repair.nopol.NoPol - Total memory available to JVM: 989 MB
07:53:08.518 [main] INFO  fr.inria.lille.repair.nopol.NoPol - Java version: 1.8.0_282
07:53:08.522 [main] INFO  fr.inria.lille.repair.nopol.NoPol - JAVA_HOME: /users2/cpca56132020/moliveira/deps/jdk-8/bin
07:53:08.522 [main] INFO  fr.inria.lille.repair.nopol.NoPol - PATH: /users2/cpca56132020/moliveira/deps/jdk-8/bin:/users2/cpca56132020/moliveira/deps/Maven/apache-maven/bin:/users2/cpca56132020/moliveira/deps/Gradle/gradle-6.8.3/bin:/usr/condabin:/usr/local/bin:/usr/bin:/usr/local/sbin:/usr/sbin:/users2/cpca56132020/moliveira/.local/bin:/users2/cpca56132020/moliveira/bin
07:53:25.363 [pool-2-thread-1] DEBUG fr.inria.lille.repair.nopol.NoPol - statement #1
07:53:25.365 [pool-2-thread-1] DEBUG fr.inria.lille.repair.nopol.NoPol - Analysing SourceLocation java_programs.KNAPSACK:39 which is executed by 10 tests
9913097
07:53:25.511 [pool-2-thread-1] DEBUG fr.inria.lille.repair.nopol.NoPol - statement #2
07:53:25.511 [pool-2-thread-1] DEBUG fr.inria.lille.repair.nopol.NoPol - Analysing SourceLocation java_programs.KNAPSACK:34 which is executed by 10 tests
9913097
07:53:25.596 [pool-2-thread-1] DEBUG fr.inria.lille.repair.nopol.NoPol - looking with class fr.inria.lille.repair.nopol.spoon.smt.ConditionalAdder
07:53:30.515 [pool-3-thread-1] DEBUG tests.output - Failing tests with false: 
[test_7(java_testcases.junit.KNAPSACK_Test): expected:<309> but was:<284>, test_1(java_testcases.junit.KNAPSACK_Test): expected:<30> but was:<0>, test_3(java_testcases.junit.KNAPSACK_Test): expected:<51> but was:<47>, test_4(java_testcases.junit.KNAPSACK_Test): expected:<107> but was:<102>, test_5(java_testcases.junit.KNAPSACK_Test): expected:<150> but was:<146>, test_6(java_testcases.junit.KNAPSACK_Test): expected:<900> but was:<888>]
07:53:30.515 [pool-3-thread-1] DEBUG tests.output - Failing tests with true: 
[test_7(java_testcases.junit.KNAPSACK_Test): expected:<309> but was:<284>, test_1(java_testcases.junit.KNAPSACK_Test): expected:<30> but was:<20>, test_3(java_testcases.junit.KNAPSACK_Test): expected:<51> but was:<47>, test_4(java_testcases.junit.KNAPSACK_Test): expected:<107> but was:<102>, test_5(java_testcases.junit.KNAPSACK_Test): expected:<150> but was:<146>, test_6(java_testcases.junit.KNAPSACK_Test): expected:<900> but was:<898>]
07:53:30.515 [pool-3-thread-1] INFO  f.i.l.r.n.synth.SMTNopolSynthesizer - Not enough specifications: 0. A trivial patch is "true" or "false", please write new tests specifying SourceLocation java_programs.KNAPSACK:34.
07:53:30.516 [pool-2-thread-1] DEBUG fr.inria.lille.repair.nopol.NoPol - statement #3
07:53:30.516 [pool-2-thread-1] DEBUG fr.inria.lille.repair.nopol.NoPol - Analysing SourceLocation java_programs.KNAPSACK:31 which is executed by 10 tests
9913097
07:53:30.573 [pool-2-thread-1] DEBUG fr.inria.lille.repair.nopol.NoPol - looking with class fr.inria.lille.repair.nopol.spoon.smt.ConditionalAdder
07:53:34.862 [pool-17-thread-1] DEBUG tests.output - Failing tests with false: 
[test_7(java_testcases.junit.KNAPSACK_Test): expected:<309> but was:<0>, test_1(java_testcases.junit.KNAPSACK_Test): expected:<30> but was:<0>, test_3(java_testcases.junit.KNAPSACK_Test): expected:<51> but was:<0>, test_4(java_testcases.junit.KNAPSACK_Test): expected:<107> but was:<0>, test_5(java_testcases.junit.KNAPSACK_Test): expected:<150> but was:<0>, test_6(java_testcases.junit.KNAPSACK_Test): expected:<900> but was:<0>]
07:53:34.862 [pool-17-thread-1] DEBUG tests.output - Failing tests with true: 
[test_7(java_testcases.junit.KNAPSACK_Test): expected:<309> but was:<284>, test_1(java_testcases.junit.KNAPSACK_Test): expected:<30> but was:<20>, test_3(java_testcases.junit.KNAPSACK_Test): expected:<51> but was:<47>, test_4(java_testcases.junit.KNAPSACK_Test): expected:<107> but was:<102>, test_5(java_testcases.junit.KNAPSACK_Test): expected:<150> but was:<146>, test_6(java_testcases.junit.KNAPSACK_Test): expected:<900> but was:<898>]
07:53:34.862 [pool-17-thread-1] INFO  f.i.l.r.n.synth.SMTNopolSynthesizer - Not enough specifications: 0. A trivial patch is "true" or "false", please write new tests specifying SourceLocation java_programs.KNAPSACK:31.
07:53:34.862 [pool-2-thread-1] DEBUG fr.inria.lille.repair.nopol.NoPol - statement #4
07:53:34.862 [pool-2-thread-1] DEBUG fr.inria.lille.repair.nopol.NoPol - Analysing SourceLocation java_programs.KNAPSACK:30 which is executed by 10 tests
9913097
07:53:34.919 [pool-2-thread-1] DEBUG fr.inria.lille.repair.nopol.NoPol - looking with class fr.inria.lille.repair.nopol.spoon.smt.ConditionalAdder
07:53:39.281 [pool-31-thread-1] DEBUG tests.output - Failing tests with false: 
[test_7(java_testcases.junit.KNAPSACK_Test): expected:<309> but was:<0>, test_1(java_testcases.junit.KNAPSACK_Test): expected:<30> but was:<0>, test_3(java_testcases.junit.KNAPSACK_Test): expected:<51> but was:<0>, test_4(java_testcases.junit.KNAPSACK_Test): expected:<107> but was:<0>, test_5(java_testcases.junit.KNAPSACK_Test): expected:<150> but was:<0>, test_6(java_testcases.junit.KNAPSACK_Test): expected:<900> but was:<0>]
07:53:39.281 [pool-31-thread-1] DEBUG tests.output - Failing tests with true: 
[test_7(java_testcases.junit.KNAPSACK_Test): expected:<309> but was:<284>, test_1(java_testcases.junit.KNAPSACK_Test): expected:<30> but was:<20>, test_3(java_testcases.junit.KNAPSACK_Test): expected:<51> but was:<47>, test_4(java_testcases.junit.KNAPSACK_Test): expected:<107> but was:<102>, test_5(java_testcases.junit.KNAPSACK_Test): expected:<150> but was:<146>, test_6(java_testcases.junit.KNAPSACK_Test): expected:<900> but was:<898>]
07:53:39.282 [pool-31-thread-1] INFO  f.i.l.r.n.synth.SMTNopolSynthesizer - Not enough specifications: 0. A trivial patch is "true" or "false", please write new tests specifying SourceLocation java_programs.KNAPSACK:30.
07:53:39.282 [pool-2-thread-1] DEBUG fr.inria.lille.repair.nopol.NoPol - looking with class fr.inria.lille.repair.nopol.spoon.smt.ConditionalReplacer
07:53:43.614 [pool-45-thread-1] DEBUG tests.output - Failing tests with false: 
[test_7(java_testcases.junit.KNAPSACK_Test): expected:<309> but was:<0>, test_1(java_testcases.junit.KNAPSACK_Test): expected:<30> but was:<0>, test_3(java_testcases.junit.KNAPSACK_Test): expected:<51> but was:<0>, test_4(java_testcases.junit.KNAPSACK_Test): expected:<107> but was:<0>, test_5(java_testcases.junit.KNAPSACK_Test): expected:<150> but was:<0>, test_6(java_testcases.junit.KNAPSACK_Test): expected:<900> but was:<0>]
07:53:43.614 [pool-45-thread-1] DEBUG tests.output - Failing tests with true: 
[test_7(java_testcases.junit.KNAPSACK_Test): -22, test_1(java_testcases.junit.KNAPSACK_Test): -29, test_3(java_testcases.junit.KNAPSACK_Test): -11, test_4(java_testcases.junit.KNAPSACK_Test): -30, test_5(java_testcases.junit.KNAPSACK_Test): -55, test_6(java_testcases.junit.KNAPSACK_Test): -24]
07:53:43.614 [pool-45-thread-1] INFO  f.i.l.r.n.synth.SMTNopolSynthesizer - Not enough specifications: 0. A trivial patch is "true" or "false", please write new tests specifying SourceLocation java_programs.KNAPSACK:30.
07:53:43.614 [pool-2-thread-1] DEBUG fr.inria.lille.repair.nopol.NoPol - statement #5
07:53:43.614 [pool-2-thread-1] DEBUG fr.inria.lille.repair.nopol.NoPol - Analysing SourceLocation java_programs.KNAPSACK:28 which is executed by 10 tests
9913097
07:53:43.670 [pool-2-thread-1] DEBUG fr.inria.lille.repair.nopol.NoPol - looking with class fr.inria.lille.repair.nopol.spoon.smt.ConditionalAdder
07:53:48.394 [pool-59-thread-1] DEBUG tests.output - Failing tests with false: 
[test_7(java_testcases.junit.KNAPSACK_Test): expected:<309> but was:<284>, test_1(java_testcases.junit.KNAPSACK_Test): expected:<30> but was:<20>, test_3(java_testcases.junit.KNAPSACK_Test): expected:<51> but was:<47>, test_4(java_testcases.junit.KNAPSACK_Test): expected:<107> but was:<102>, test_5(java_testcases.junit.KNAPSACK_Test): expected:<150> but was:<146>, test_6(java_testcases.junit.KNAPSACK_Test): expected:<900> but was:<898>]
07:53:48.394 [pool-59-thread-1] DEBUG tests.output - Failing tests with true: 
[test_7(java_testcases.junit.KNAPSACK_Test): expected:<309> but was:<284>, test_1(java_testcases.junit.KNAPSACK_Test): expected:<30> but was:<20>, test_3(java_testcases.junit.KNAPSACK_Test): expected:<51> but was:<47>, test_4(java_testcases.junit.KNAPSACK_Test): expected:<107> but was:<102>, test_5(java_testcases.junit.KNAPSACK_Test): expected:<150> but was:<146>, test_6(java_testcases.junit.KNAPSACK_Test): expected:<900> but was:<898>]
07:53:48.394 [pool-59-thread-1] INFO  f.i.l.r.n.synth.SMTNopolSynthesizer - Not enough specifications: 0. A trivial patch is "true" or "false", please write new tests specifying SourceLocation java_programs.KNAPSACK:28.
07:53:48.394 [pool-2-thread-1] DEBUG fr.inria.lille.repair.nopol.NoPol - statement #6
07:53:48.394 [pool-2-thread-1] DEBUG fr.inria.lille.repair.nopol.NoPol - Analysing SourceLocation java_programs.KNAPSACK:27 which is executed by 10 tests
9913097
07:53:48.436 [pool-2-thread-1] DEBUG fr.inria.lille.repair.nopol.NoPol - looking with class fr.inria.lille.repair.nopol.spoon.smt.ConditionalAdder
07:53:53.054 [pool-73-thread-1] DEBUG tests.output - Failing tests with false: 
[test_7(java_testcases.junit.KNAPSACK_Test): expected:<309> but was:<0>, test_1(java_testcases.junit.KNAPSACK_Test): expected:<30> but was:<0>, test_3(java_testcases.junit.KNAPSACK_Test): expected:<51> but was:<0>, test_4(java_testcases.junit.KNAPSACK_Test): expected:<107> but was:<0>, test_5(java_testcases.junit.KNAPSACK_Test): expected:<150> but was:<0>, test_6(java_testcases.junit.KNAPSACK_Test): expected:<900> but was:<0>]
07:53:53.054 [pool-73-thread-1] DEBUG tests.output - Failing tests with true: 
[test_7(java_testcases.junit.KNAPSACK_Test): expected:<309> but was:<284>, test_1(java_testcases.junit.KNAPSACK_Test): expected:<30> but was:<20>, test_3(java_testcases.junit.KNAPSACK_Test): expected:<51> but was:<47>, test_4(java_testcases.junit.KNAPSACK_Test): expected:<107> but was:<102>, test_5(java_testcases.junit.KNAPSACK_Test): expected:<150> but was:<146>, test_6(java_testcases.junit.KNAPSACK_Test): expected:<900> but was:<898>]
07:53:53.055 [pool-73-thread-1] INFO  f.i.l.r.n.synth.SMTNopolSynthesizer - Not enough specifications: 0. A trivial patch is "true" or "false", please write new tests specifying SourceLocation java_programs.KNAPSACK:27.
07:53:53.055 [pool-2-thread-1] DEBUG fr.inria.lille.repair.nopol.NoPol - looking with class fr.inria.lille.repair.nopol.spoon.smt.ConditionalReplacer
07:53:57.939 [pool-87-thread-1] DEBUG tests.output - Failing tests with false: 
[test_7(java_testcases.junit.KNAPSACK_Test): -1, test_1(java_testcases.junit.KNAPSACK_Test): -1, test_3(java_testcases.junit.KNAPSACK_Test): -1, test_4(java_testcases.junit.KNAPSACK_Test): -1, test_5(java_testcases.junit.KNAPSACK_Test): -1, test_6(java_testcases.junit.KNAPSACK_Test): -1]
07:53:57.940 [pool-87-thread-1] DEBUG tests.output - Failing tests with true: 
[test_7(java_testcases.junit.KNAPSACK_Test): expected:<309> but was:<0>, test_1(java_testcases.junit.KNAPSACK_Test): expected:<30> but was:<0>, test_3(java_testcases.junit.KNAPSACK_Test): expected:<51> but was:<0>, test_4(java_testcases.junit.KNAPSACK_Test): expected:<107> but was:<0>, test_5(java_testcases.junit.KNAPSACK_Test): expected:<150> but was:<0>, test_6(java_testcases.junit.KNAPSACK_Test): expected:<900> but was:<0>]
07:53:57.940 [pool-87-thread-1] INFO  f.i.l.r.n.synth.SMTNopolSynthesizer - Not enough specifications: 0. A trivial patch is "true" or "false", please write new tests specifying SourceLocation java_programs.KNAPSACK:27.
07:53:57.941 [pool-2-thread-1] DEBUG fr.inria.lille.repair.nopol.NoPol - statement #7
07:53:57.941 [pool-2-thread-1] DEBUG fr.inria.lille.repair.nopol.NoPol - Analysing SourceLocation java_programs.KNAPSACK:25 which is executed by 10 tests
9913097
07:53:58.016 [pool-2-thread-1] DEBUG fr.inria.lille.repair.nopol.NoPol - looking with class fr.inria.lille.repair.nopol.spoon.smt.ConditionalAdder
07:54:02.875 [pool-101-thread-1] DEBUG tests.output - Failing tests with false: 
[test_7(java_testcases.junit.KNAPSACK_Test): expected:<309> but was:<0>, test_1(java_testcases.junit.KNAPSACK_Test): expected:<30> but was:<0>, test_3(java_testcases.junit.KNAPSACK_Test): expected:<51> but was:<0>, test_4(java_testcases.junit.KNAPSACK_Test): expected:<107> but was:<0>, test_5(java_testcases.junit.KNAPSACK_Test): expected:<150> but was:<0>, test_6(java_testcases.junit.KNAPSACK_Test): expected:<900> but was:<0>]
07:54:02.876 [pool-101-thread-1] DEBUG tests.output - Failing tests with true: 
[test_7(java_testcases.junit.KNAPSACK_Test): expected:<309> but was:<284>, test_1(java_testcases.junit.KNAPSACK_Test): expected:<30> but was:<20>, test_3(java_testcases.junit.KNAPSACK_Test): expected:<51> but was:<47>, test_4(java_testcases.junit.KNAPSACK_Test): expected:<107> but was:<102>, test_5(java_testcases.junit.KNAPSACK_Test): expected:<150> but was:<146>, test_6(java_testcases.junit.KNAPSACK_Test): expected:<900> but was:<898>]
07:54:02.876 [pool-101-thread-1] INFO  f.i.l.r.n.synth.SMTNopolSynthesizer - Not enough specifications: 0. A trivial patch is "true" or "false", please write new tests specifying SourceLocation java_programs.KNAPSACK:25.
07:54:02.876 [pool-2-thread-1] DEBUG fr.inria.lille.repair.nopol.NoPol - statement #8
07:54:02.876 [pool-2-thread-1] DEBUG fr.inria.lille.repair.nopol.NoPol - Analysing SourceLocation java_programs.KNAPSACK:23 which is executed by 10 tests
9913097
07:54:02.928 [pool-2-thread-1] DEBUG fr.inria.lille.repair.nopol.NoPol - looking with class fr.inria.lille.repair.nopol.spoon.smt.ConditionalAdder
07:54:07.115 [pool-115-thread-1] DEBUG tests.output - Failing tests with false: 
[test_7(java_testcases.junit.KNAPSACK_Test): expected:<309> but was:<0>, test_1(java_testcases.junit.KNAPSACK_Test): expected:<30> but was:<0>, test_3(java_testcases.junit.KNAPSACK_Test): expected:<51> but was:<0>, test_4(java_testcases.junit.KNAPSACK_Test): expected:<107> but was:<0>, test_5(java_testcases.junit.KNAPSACK_Test): expected:<150> but was:<0>, test_6(java_testcases.junit.KNAPSACK_Test): expected:<900> but was:<0>]
07:54:07.115 [pool-115-thread-1] DEBUG tests.output - Failing tests with true: 
[test_7(java_testcases.junit.KNAPSACK_Test): expected:<309> but was:<284>, test_1(java_testcases.junit.KNAPSACK_Test): expected:<30> but was:<20>, test_3(java_testcases.junit.KNAPSACK_Test): expected:<51> but was:<47>, test_4(java_testcases.junit.KNAPSACK_Test): expected:<107> but was:<102>, test_5(java_testcases.junit.KNAPSACK_Test): expected:<150> but was:<146>, test_6(java_testcases.junit.KNAPSACK_Test): expected:<900> but was:<898>]
07:54:07.115 [pool-115-thread-1] INFO  f.i.l.r.n.synth.SMTNopolSynthesizer - Not enough specifications: 0. A trivial patch is "true" or "false", please write new tests specifying SourceLocation java_programs.KNAPSACK:23.
07:54:07.115 [pool-2-thread-1] DEBUG fr.inria.lille.repair.nopol.NoPol - statement #9
07:54:07.115 [pool-2-thread-1] DEBUG fr.inria.lille.repair.nopol.NoPol - Analysing SourceLocation java_programs.KNAPSACK:22 which is executed by 10 tests
9913097
07:54:07.164 [pool-2-thread-1] DEBUG fr.inria.lille.repair.nopol.NoPol - looking with class fr.inria.lille.repair.nopol.spoon.smt.ConditionalAdder
07:54:11.263 [pool-129-thread-1] DEBUG tests.output - Failing tests with false: 
[test_7(java_testcases.junit.KNAPSACK_Test): expected:<309> but was:<679>, test_1(java_testcases.junit.KNAPSACK_Test): expected:<30> but was:<60>, test_3(java_testcases.junit.KNAPSACK_Test): expected:<51> but was:<91>, test_4(java_testcases.junit.KNAPSACK_Test): expected:<107> but was:<188>, test_5(java_testcases.junit.KNAPSACK_Test): expected:<150> but was:<265>, test_6(java_testcases.junit.KNAPSACK_Test): expected:<900> but was:<1308>]
07:54:11.263 [pool-129-thread-1] DEBUG tests.output - Failing tests with true: 
[test_7(java_testcases.junit.KNAPSACK_Test): expected:<309> but was:<284>, test_1(java_testcases.junit.KNAPSACK_Test): expected:<30> but was:<20>, test_3(java_testcases.junit.KNAPSACK_Test): expected:<51> but was:<47>, test_4(java_testcases.junit.KNAPSACK_Test): expected:<107> but was:<102>, test_5(java_testcases.junit.KNAPSACK_Test): expected:<150> but was:<146>, test_6(java_testcases.junit.KNAPSACK_Test): expected:<900> but was:<898>]
07:54:11.263 [pool-129-thread-1] INFO  f.i.l.r.n.synth.SMTNopolSynthesizer - Not enough specifications: 0. A trivial patch is "true" or "false", please write new tests specifying SourceLocation java_programs.KNAPSACK:22.
07:54:11.263 [pool-2-thread-1] DEBUG fr.inria.lille.repair.nopol.NoPol - statement #10
07:54:11.263 [pool-2-thread-1] DEBUG fr.inria.lille.repair.nopol.NoPol - Analysing SourceLocation java_programs.KNAPSACK:21 which is executed by 10 tests
9913097
07:54:11.330 [pool-2-thread-1] DEBUG fr.inria.lille.repair.nopol.NoPol - looking with class fr.inria.lille.repair.nopol.spoon.smt.ConditionalAdder
07:54:15.506 [pool-143-thread-1] DEBUG tests.output - Failing tests with false: 
[test_7(java_testcases.junit.KNAPSACK_Test): expected:<309> but was:<0>, test_1(java_testcases.junit.KNAPSACK_Test): expected:<30> but was:<0>, test_3(java_testcases.junit.KNAPSACK_Test): expected:<51> but was:<0>, test_4(java_testcases.junit.KNAPSACK_Test): expected:<107> but was:<0>, test_5(java_testcases.junit.KNAPSACK_Test): expected:<150> but was:<0>, test_6(java_testcases.junit.KNAPSACK_Test): expected:<900> but was:<0>]
07:54:15.507 [pool-143-thread-1] DEBUG tests.output - Failing tests with true: 
[test_7(java_testcases.junit.KNAPSACK_Test): expected:<309> but was:<284>, test_1(java_testcases.junit.KNAPSACK_Test): expected:<30> but was:<20>, test_3(java_testcases.junit.KNAPSACK_Test): expected:<51> but was:<47>, test_4(java_testcases.junit.KNAPSACK_Test): expected:<107> but was:<102>, test_5(java_testcases.junit.KNAPSACK_Test): expected:<150> but was:<146>, test_6(java_testcases.junit.KNAPSACK_Test): expected:<900> but was:<898>]
07:54:15.507 [pool-143-thread-1] INFO  f.i.l.r.n.synth.SMTNopolSynthesizer - Not enough specifications: 0. A trivial patch is "true" or "false", please write new tests specifying SourceLocation java_programs.KNAPSACK:21.
07:54:15.507 [pool-2-thread-1] DEBUG fr.inria.lille.repair.nopol.NoPol - looking with class fr.inria.lille.repair.nopol.spoon.smt.ConditionalReplacer
07:54:19.215 [pool-157-thread-1] DEBUG tests.output - Failing tests with false: 
[test_7(java_testcases.junit.KNAPSACK_Test): expected:<309> but was:<0>, test_1(java_testcases.junit.KNAPSACK_Test): expected:<30> but was:<0>, test_3(java_testcases.junit.KNAPSACK_Test): expected:<51> but was:<0>, test_4(java_testcases.junit.KNAPSACK_Test): expected:<107> but was:<0>, test_5(java_testcases.junit.KNAPSACK_Test): expected:<150> but was:<0>, test_6(java_testcases.junit.KNAPSACK_Test): expected:<900> but was:<0>]
07:54:19.215 [pool-157-thread-1] DEBUG tests.output - Failing tests with true: 
[test_7(java_testcases.junit.KNAPSACK_Test): -1, test_1(java_testcases.junit.KNAPSACK_Test): -1, test_3(java_testcases.junit.KNAPSACK_Test): -1, test_4(java_testcases.junit.KNAPSACK_Test): -1, test_5(java_testcases.junit.KNAPSACK_Test): -1, test_6(java_testcases.junit.KNAPSACK_Test): -1]
07:54:19.215 [pool-157-thread-1] INFO  f.i.l.r.n.synth.SMTNopolSynthesizer - Not enough specifications: 0. A trivial patch is "true" or "false", please write new tests specifying SourceLocation java_programs.KNAPSACK:21.
07:54:19.215 [pool-2-thread-1] DEBUG fr.inria.lille.repair.nopol.NoPol - statement #11
07:54:19.215 [pool-2-thread-1] DEBUG fr.inria.lille.repair.nopol.NoPol - Analysing SourceLocation java_programs.KNAPSACK:19 which is executed by 10 tests
9913097
07:54:19.271 [pool-2-thread-1] DEBUG fr.inria.lille.repair.nopol.NoPol - looking with class fr.inria.lille.repair.nopol.spoon.smt.ConditionalAdder
07:54:23.414 [pool-171-thread-1] DEBUG tests.output - Failing tests with false: 
[test_7(java_testcases.junit.KNAPSACK_Test): expected:<309> but was:<0>, test_1(java_testcases.junit.KNAPSACK_Test): expected:<30> but was:<0>, test_3(java_testcases.junit.KNAPSACK_Test): expected:<51> but was:<0>, test_4(java_testcases.junit.KNAPSACK_Test): expected:<107> but was:<0>, test_5(java_testcases.junit.KNAPSACK_Test): expected:<150> but was:<0>, test_6(java_testcases.junit.KNAPSACK_Test): expected:<900> but was:<0>]
07:54:23.414 [pool-171-thread-1] DEBUG tests.output - Failing tests with true: 
[test_7(java_testcases.junit.KNAPSACK_Test): expected:<309> but was:<284>, test_1(java_testcases.junit.KNAPSACK_Test): expected:<30> but was:<20>, test_3(java_testcases.junit.KNAPSACK_Test): expected:<51> but was:<47>, test_4(java_testcases.junit.KNAPSACK_Test): expected:<107> but was:<102>, test_5(java_testcases.junit.KNAPSACK_Test): expected:<150> but was:<146>, test_6(java_testcases.junit.KNAPSACK_Test): expected:<900> but was:<898>]
07:54:23.415 [pool-171-thread-1] INFO  f.i.l.r.n.synth.SMTNopolSynthesizer - Not enough specifications: 0. A trivial patch is "true" or "false", please write new tests specifying SourceLocation java_programs.KNAPSACK:19.
07:54:23.415 [pool-2-thread-1] DEBUG fr.inria.lille.repair.nopol.NoPol - statement #12
07:54:23.415 [pool-2-thread-1] DEBUG fr.inria.lille.repair.nopol.NoPol - Analysing SourceLocation java_programs.KNAPSACK:17 which is executed by 10 tests
9913097
07:54:23.466 [pool-2-thread-1] DEBUG fr.inria.lille.repair.nopol.NoPol - statement #13
07:54:23.466 [pool-2-thread-1] DEBUG fr.inria.lille.repair.nopol.NoPol - Analysing SourceLocation java_programs.KNAPSACK:16 which is executed by 10 tests
9913097
07:54:23.500 [pool-2-thread-1] DEBUG fr.inria.lille.repair.nopol.NoPol - statement #14
07:54:23.500 [pool-2-thread-1] DEBUG fr.inria.lille.repair.nopol.NoPol - Analysing SourceLocation java_programs.KNAPSACK:15 which is executed by 10 tests
9913097
07:54:23.543 [pool-2-thread-1] INFO  fr.inria.lille.repair.nopol.NoPol - ----INFORMATION----
07:54:23.557 [pool-2-thread-1] INFO  fr.inria.lille.repair.nopol.NoPol - Nb classes : 3
07:54:23.557 [pool-2-thread-1] INFO  fr.inria.lille.repair.nopol.NoPol - Nb methods : 9
07:54:23.557 [pool-2-thread-1] INFO  fr.inria.lille.repair.nopol.NoPol - Nb Statements Analyzed : 13
07:54:23.557 [pool-2-thread-1] INFO  fr.inria.lille.repair.nopol.NoPol - Nb Statements with Angelic Value Found : 0
07:54:23.557 [pool-2-thread-1] INFO  fr.inria.lille.repair.nopol.NoPol - Nb inputs in SMT : 0
07:54:23.558 [pool-2-thread-1] INFO  fr.inria.lille.repair.nopol.NoPol - Nb SMT level: 0
07:54:23.558 [pool-2-thread-1] INFO  fr.inria.lille.repair.nopol.NoPol - Nb variables in SMT : 0
07:54:23.558 [pool-2-thread-1] INFO  fr.inria.lille.repair.nopol.NoPol - NoPol Execution time : 75035ms
07:54:23.558 [pool-2-thread-1] INFO  fr.inria.lille.repair.nopol.NoPol - 
NO_ANGELIC_VALUE

real	1m15.731s
user	1m0.588s
sys	0m14.117s
\n\nNode: hpc060.ncg.ingrid.pt\n
\n\nDate: Tue Mar 30 07:54:23 EDT 2021\n
