cd /users2/cpca56132020/moliveira/folders/Cardumen_QUIXBUGS_TOPOLOGICAL_ORDERING/Cardumen_QuixBugs_TOPOLOGICAL_ORDERING_;
export JAVA_TOOL_OPTIONS="-Dfile.encoding=UTF8 -Duser.language=en-US -Duser.country=US -Duser.language=en";
TZ="America/New_York"; export TZ;
export PATH="/users2/cpca56132020/moliveira/deps/jdk-8/bin:$PATH";
export JAVA_HOME="/users2/cpca56132020/moliveira/deps/jdk-8/bin";
time java -Xmx4g -Xms1g -cp /users2/cpca56132020/moliveira/RepairThemAll/script/../libs/jtestex7.jar:/users2/cpca56132020/moliveira/RepairThemAll/script/../repair_tools/astor.jar fr.inria.main.evolution.AstorMain \
	-mode cardumen \
	-location . \
	-id TOPOLOGICAL_ORDERING- \
	-failing java_testcases.junit.TOPOLOGICAL_ORDERING_Test \
	-jvm4testexecution /users2/cpca56132020/moliveira/deps/jdk-8/bin \
	-jvm4evosuitetestexecution /users2/cpca56132020/moliveira/deps/jdk-8/bin \
	-maxgen 1000000 \
	-maxtime 120 \
	-stopfirst true \
	-seed 400 \
	-scope package \
	-population 1 \
	-javacompliancelevel 8 \
	-srcjavafolder src/main/java \
	-srctestfolder src/test/java \
	-binjavafolder target/classes \
	-bintestfolder target/test-classes \
	-parameters x:x:maxCombinationVariableLimit:true:maxVarCombination:1000 \
	-dependencies /users2/cpca56132020/moliveira/.m2/repository/junit/junit/4.11/junit-4.11.jar:/users2/cpca56132020/moliveira/.m2/repository/org/hamcrest/hamcrest-core/1.3/hamcrest-core-1.3.jar;
	echo "\n\nNode: `hostname`\n";
	echo "\n\nDate: `date`\n";
Picked up JAVA_TOOL_OPTIONS: -Dfile.encoding=UTF8 -Duser.language=en-US -Duser.country=US -Duser.language=en
07:35:50.978 [main] ERROR fr.inria.astor.approaches.cardumen.ExpressionReplaceOperator - Replacement does not work for  modify orderedNodes.contains(nextNode) to orderedNodes.contains(nextNode)
07:36:04.082 [main] ERROR fr.inria.astor.approaches.cardumen.ExpressionReplaceOperator - Replacement does not work for  modify orderedNodes.get(i) to orderedNodes.get(i)
07:36:08.523 [main] ERROR fr.inria.astor.approaches.cardumen.ExpressionReplaceOperator - Replacement does not work for  modify orderedNodes.size() to orderedNodes.size()
07:36:10.075 [main] ERROR fr.inria.astor.approaches.cardumen.ExpressionReplaceOperator - Replacement does not work for  modify node.getPredecessors() to node.getPredecessors()
07:36:10.900 [main] ERROR fr.inria.astor.approaches.cardumen.ExpressionReplaceOperator - Replacement does not work for  modify node.getSuccessors() to node.getSuccessors()
07:36:12.657 [main] ERROR fr.inria.astor.approaches.cardumen.ExpressionReplaceOperator - Replacement does not work for  modify this to this
07:36:14.336 [main] ERROR fr.inria.astor.approaches.cardumen.ExpressionReplaceOperator - Replacement does not work for  modify i++ to i++
07:36:27.618 [main] ERROR fr.inria.astor.approaches.cardumen.ExpressionReplaceOperator - Replacement does not work for  modify (!orderedNodes.contains(nextNode)) to (!orderedNodes.contains(nextNode))
07:36:28.393 [main] ERROR fr.inria.astor.approaches.cardumen.ExpressionReplaceOperator - Replacement does not work for  modify nextNode.getSuccessors() to nextNode.getSuccessors()
07:36:31.590 [main] ERROR fr.inria.astor.approaches.cardumen.ExpressionReplaceOperator - Replacement does not work for  modify orderedNodes.add(nextNode) to orderedNodes.add(nextNode)
07:36:36.349 [main] ERROR fr.inria.astor.approaches.cardumen.ExpressionReplaceOperator - Replacement does not work for  modify this to this
07:36:38.239 [main] ERROR fr.inria.astor.approaches.cardumen.ExpressionReplaceOperator - Replacement does not work for  modify node.getPredecessors().isEmpty() to node.getPredecessors().isEmpty()
07:37:02.008 [main] ERROR fr.inria.astor.approaches.cardumen.ExpressionReplaceOperator - Replacement does not work for  modify orderedNodes.containsAll(nextNode.getSuccessors()) && (!orderedNodes.contains(nextNode)) to orderedNodes.containsAll(nextNode.getSuccessors()) && (!orderedNodes.contains(nextNode))
07:37:03.215 [main] ERROR fr.inria.astor.approaches.cardumen.ExpressionReplaceOperator - Replacement does not work for  modify new java.util.ArrayList<java_programs.Node>() to new java.util.ArrayList<java_programs.Node>()
07:37:09.143 [main] ERROR fr.inria.astor.approaches.cardumen.ExpressionReplaceOperator - Replacement does not work for  modify orderedNodes.add(node) to orderedNodes.add(node)
07:37:10.347 [main] ERROR fr.inria.astor.approaches.cardumen.ExpressionReplaceOperator - Replacement does not work for  modify i < listSize to i < listSize
07:37:31.464 [main] ERROR fr.inria.astor.approaches.cardumen.ExpressionReplaceOperator - Replacement does not work for  modify orderedNodes.containsAll(nextNode.getSuccessors()) to orderedNodes.containsAll(nextNode.getSuccessors())
