cd /tmp/Figra_IntroClassJava_smallest_1b31fa5c50f7725ce468ebf24282f2d080a83aed87e4ee35522ae7710c8e0136bc263cc460b8ec7bf2c3519cb59af4a138e114d36541515b2609ab56ad2b8ee9-003;
export JAVA_TOOL_OPTIONS="-Dfile.encoding=UTF8 -Duser.language=en-US -Duser.country=US -Duser.language=en";
TZ="America/New_York"; export TZ;
export PATH="/usr/lib/jvm/java-1.8.0-openjdk-amd64/bin/:$PATH";
export JAVA_HOME="/usr/lib/jvm/java-1.8.0-openjdk-amd64/bin/";
time java -Xmx4g -Xms1g -cp /home/moliveira/Tese/RepairThemAll/script/../libs/jtestex7.jar:/home/moliveira/Tese/RepairThemAll/script/../repair_tools/astor.jar fr.inria.main.evolution.AstorMain \
	-mode figra \
	-location . \
	-id smallest-1b31fa5c50f7725ce468ebf24282f2d080a83aed87e4ee35522ae7710c8e0136bc263cc460b8ec7bf2c3519cb59af4a138e114d36541515b2609ab56ad2b8ee9-003 \
	-failing introclassJava.smallest_1b31fa5c_003BlackboxTest:introclassJava.smallest_1b31fa5c_003WhiteboxTest \
	-jvm4testexecution /usr/lib/jvm/jdk1.7.0_80/bin/ \
	-jvm4evosuitetestexecution /usr/lib/jvm/jdk1.7.0_80/bin/ \
	-maxgen 1000000 \
	-maxtime 120 \
	-stopfirst true \
	-seed 28 \
	-scope package \
	-population 1 \
	-javacompliancelevel 7 \
	-srcjavafolder src/main/java \
	-srctestfolder src/test/java \
	-binjavafolder target/classes \
	-bintestfolder target/test-classes \
	-parameters x:x:maxCombinationVariableLimit:true:maxVarCombination:1000:maxCombinationVariableLimit:true:maxVarCombination:1000:maxCombinationVariableLimit:true:maxVarCombination:1000:maxCombinationVariableLimit:true:maxVarCombination:1000:maxCombinationVariableLimit:true:maxVarCombination:1000:maxCombinationVariableLimit:true:maxVarCombination:1000:maxCombinationVariableLimit:true:maxVarCombination:1000:maxCombinationVariableLimit:true:maxVarCombination:1000:maxCombinationVariableLimit:true:maxVarCombination:1000:maxCombinationVariableLimit:true:maxVarCombination:1000:maxCombinationVariableLimit:true:maxVarCombination:1000:maxCombinationVariableLimit:true:maxVarCombination:1000:maxCombinationVariableLimit:true:maxVarCombination:1000:maxCombinationVariableLimit:true:maxVarCombination:1000:maxCombinationVariableLimit:true:maxVarCombination:1000:maxCombinationVariableLimit:true:maxVarCombination:1000:maxCombinationVariableLimit:true:maxVarCombination:1000:maxCombinationVariableLimit:true:maxVarCombination:1000:maxCombinationVariableLimit:true:maxVarCombination:1000:maxCombinationVariableLimit:true:maxVarCombination:1000:maxCombinationVariableLimit:true:maxVarCombination:1000:maxCombinationVariableLimit:true:maxVarCombination:1000:maxCombinationVariableLimit:true:maxVarCombination:1000:maxCombinationVariableLimit:true:maxVarCombination:1000:maxCombinationVariableLimit:true:maxVarCombination:1000:maxCombinationVariableLimit:true:maxVarCombination:1000:maxCombinationVariableLimit:true:maxVarCombination:1000:maxCombinationVariableLimit:true:maxVarCombination:1000:maxCombinationVariableLimit:true:maxVarCombination:1000:maxCombinationVariableLimit:true:maxVarCombination:1000:maxCombinationVariableLimit:true:maxVarCombination:1000:maxCombinationVariableLimit:true:maxVarCombination:1000:maxCombinationVariableLimit:true:maxVarCombination:1000:maxCombinationVariableLimit:true:maxVarCombination:1000:maxCombinationVariableLimit:true:maxVarCombination:1000:maxCombinationVariableLimit:true:maxVarCombination:1000:maxCombinationVariableLimit:true:maxVarCombination:1000:maxCombinationVariableLimit:true:maxVarCombination:1000:maxCombinationVariableLimit:true:maxVarCombination:1000:maxCombinationVariableLimit:true:maxVarCombination:1000:maxCombinationVariableLimit:true:maxVarCombination:1000:maxCombinationVariableLimit:true:maxVarCombination:1000:maxCombinationVariableLimit:true:maxVarCombination:1000:maxCombinationVariableLimit:true:maxVarCombination:1000:maxCombinationVariableLimit:true:maxVarCombination:1000:maxCombinationVariableLimit:true:maxVarCombination:1000:maxCombinationVariableLimit:true:maxVarCombination:1000:maxCombinationVariableLimit:true:maxVarCombination:1000:maxCombinationVariableLimit:true:maxVarCombination:1000:maxCombinationVariableLimit:true:maxVarCombination:1000:maxCombinationVariableLimit:true:maxVarCombination:1000:maxCombinationVariableLimit:true:maxVarCombination:1000:maxCombinationVariableLimit:true:maxVarCombination:1000:maxCombinationVariableLimit:true:maxVarCombination:1000:maxCombinationVariableLimit:true:maxVarCombination:1000:maxCombinationVariableLimit:true:maxVarCombination:1000:maxCombinationVariableLimit:true:maxVarCombination:1000:maxCombinationVariableLimit:true:maxVarCombination:1000:maxCombinationVariableLimit:true:maxVarCombination:1000:maxCombinationVariableLimit:true:maxVarCombination:1000:maxCombinationVariableLimit:true:maxVarCombination:1000:maxCombinationVariableLimit:true:maxVarCombination:1000:maxCombinationVariableLimit:true:maxVarCombination:1000:maxCombinationVariableLimit:true:maxVarCombination:1000:maxCombinationVariableLimit:true:maxVarCombination:1000:maxCombinationVariableLimit:true:maxVarCombination:1000:maxCombinationVariableLimit:true:maxVarCombination:1000:maxCombinationVariableLimit:true:maxVarCombination:1000:maxCombinationVariableLimit:true:maxVarCombination:1000:maxCombinationVariableLimit:true:maxVarCombination:1000:maxCombinationVariableLimit:true:maxVarCombination:1000:maxCombinationVariableLimit:true:maxVarCombination:1000:maxCombinationVariableLimit:true:maxVarCombination:1000:maxCombinationVariableLimit:true:maxVarCombination:1000:maxCombinationVariableLimit:true:maxVarCombination:1000:maxCombinationVariableLimit:true:maxVarCombination:1000:maxCombinationVariableLimit:true:maxVarCombination:1000:maxCombinationVariableLimit:true:maxVarCombination:1000:maxCombinationVariableLimit:true:maxVarCombination:1000:maxCombinationVariableLimit:true:maxVarCombination:1000:maxCombinationVariableLimit:true:maxVarCombination:1000:maxCombinationVariableLimit:true:maxVarCombination:1000:maxCombinationVariableLimit:true:maxVarCombination:1000:maxCombinationVariableLimit:true:maxVarCombination:1000:maxCombinationVariableLimit:true:maxVarCombination:1000:maxCombinationVariableLimit:true:maxVarCombination:1000:maxCombinationVariableLimit:true:maxVarCombination:1000:maxCombinationVariableLimit:true:maxVarCombination:1000:maxCombinationVariableLimit:true:maxVarCombination:1000:maxCombinationVariableLimit:true:maxVarCombination:1000:maxCombinationVariableLimit:true:maxVarCombination:1000:maxCombinationVariableLimit:true:maxVarCombination:1000 \
	-dependencies /home/moliveira/.m2/repository/junit/junit/4.11/junit-4.11.jar:/home/moliveira/.m2/repository/org/hamcrest/hamcrest-core/1.3/hamcrest-core-1.3.jar;
	echo "\n\nNode: `hostname`\n";
	echo "\n\nDate: `date`\n";
Picked up JAVA_TOOL_OPTIONS: -Dfile.encoding=UTF8 -Duser.language=en-US -Duser.country=US -Duser.language=en
00:55:29.601 [main] ERROR fr.inria.astor.approaches.figra.ExpressionReplaceOperator - Replacement does not work for  modify scanner.nextInt() to scanner.nextInt()
00:55:30.416 [main] ERROR fr.inria.astor.approaches.figra.ExpressionReplaceOperator - Replacement does not work for  modify "Please enter 4 numbers separated by spaces > " to "Please enter 4 numbers separated by spaces > "
00:55:51.756 [main] ERROR fr.inria.astor.approaches.figra.ExpressionReplaceOperator - Replacement does not work for  modify C to C
00:55:52.033 [main] ERROR fr.inria.astor.approaches.figra.ExpressionReplaceOperator - Replacement does not work for  modify A to A
00:55:53.115 [main] ERROR fr.inria.astor.approaches.figra.ExpressionReplaceOperator - Replacement does not work for  modify scanner.nextInt() to scanner.nextInt()
00:55:53.421 [main] ERROR fr.inria.astor.approaches.figra.ExpressionReplaceOperator - Replacement does not work for  modify scanner.nextInt() to scanner.nextInt()
00:55:55.935 [main] ERROR fr.inria.astor.approaches.figra.ExpressionReplaceOperator - Replacement does not work for  modify A to A
00:56:11.363 [main] ERROR fr.inria.astor.approaches.figra.ExpressionReplaceOperator - Replacement does not work for  modify A to A
00:56:11.852 [main] ERROR fr.inria.astor.approaches.figra.ExpressionReplaceOperator - Replacement does not work for  modify B to B
00:56:54.834 [main] ERROR fr.inria.astor.approaches.figra.ExpressionReplaceOperator - Replacement does not work for  modify scanner to scanner
00:57:01.028 [main] ERROR fr.inria.astor.approaches.figra.ExpressionReplaceOperator - Replacement does not work for  modify B to B
00:57:13.548 [main] ERROR fr.inria.astor.approaches.figra.ExpressionReplaceOperator - Replacement does not work for  modify scanner to scanner
00:57:14.093 [main] ERROR fr.inria.astor.approaches.figra.ExpressionReplaceOperator - Replacement does not work for  modify D to D
00:57:23.707 [main] ERROR fr.inria.astor.approaches.figra.ExpressionReplaceOperator - Replacement does not work for  modify C to C
00:57:25.406 [main] ERROR fr.inria.astor.approaches.figra.ExpressionReplaceOperator - Replacement does not work for  modify D to D
00:57:33.201 [main] ERROR fr.inria.astor.approaches.figra.ExpressionReplaceOperator - Replacement does not work for  modify new introclassJava.IntObj() to new introclassJava.IntObj()
00:57:35.463 [main] ERROR fr.inria.astor.approaches.figra.ExpressionReplaceOperator - Replacement does not work for  modify A to A
00:57:40.785 [main] ERROR fr.inria.astor.approaches.figra.ExpressionReplaceOperator - Replacement does not work for  modify D to D
00:57:41.318 [main] ERROR fr.inria.astor.approaches.figra.ExpressionReplaceOperator - Replacement does not work for  modify B to B
00:57:56.036 [main] ERROR fr.inria.astor.approaches.figra.ExpressionReplaceOperator - Replacement does not work for  modify D to D
00:58:06.609 [main] ERROR fr.inria.astor.approaches.figra.ExpressionReplaceOperator - Replacement does not work for  modify D to D
00:58:22.555 [main] ERROR fr.inria.astor.approaches.figra.ExpressionReplaceOperator - Replacement does not work for  modify scanner to scanner
00:58:28.815 [main] ERROR fr.inria.astor.approaches.figra.ExpressionReplaceOperator - Replacement does not work for  modify A to A
00:58:37.477 [main] ERROR fr.inria.astor.approaches.figra.ExpressionReplaceOperator - Replacement does not work for  modify scanner.nextInt() to scanner.nextInt()
00:58:39.332 [main] ERROR fr.inria.astor.approaches.figra.ExpressionReplaceOperator - Replacement does not work for  modify C to C
00:58:42.575 [main] ERROR fr.inria.astor.approaches.figra.ExpressionReplaceOperator - Replacement does not work for  modify B to B
00:58:44.969 [main] ERROR fr.inria.astor.approaches.figra.ExpressionReplaceOperator - Replacement does not work for  modify B to B
00:59:08.101 [main] ERROR fr.inria.astor.approaches.figra.ExpressionReplaceOperator - Replacement does not work for  modify C to C
00:59:46.423 [main] ERROR fr.inria.astor.approaches.figra.ExpressionReplaceOperator - Replacement does not work for  modify scanner to scanner
01:00:33.943 [main] ERROR fr.inria.astor.approaches.figra.ExpressionReplaceOperator - Replacement does not work for  modify C to C
01:00:50.591 [main] ERROR fr.inria.astor.approaches.figra.ExpressionReplaceOperator - Replacement does not work for  modify java.lang.String.format("Please enter 4 numbers separated by spaces > ") to java.lang.String.format("Please enter 4 numbers separated by spaces > ")
Astor Output:

General stats:
EXECUTION_IDENTIFIER=smallest-1b31fa5c50f7725ce468ebf24282f2d080a83aed87e4ee35522ae7710c8e0136bc263cc460b8ec7bf2c3519cb59af4a138e114d36541515b2609ab56ad2b8ee9-003
TOTAL_TIME=7218.125
NR_GENERATIONS=322
NR_RIGHT_COMPILATIONS=180
NR_FAILLING_COMPILATIONS=142
NR_ERRONEOUS_VARIANCES=null
NR_FAILING_VALIDATION_PROCESS=null
OUTPUT_STATUS=TIME_OUT

Patch stats:

7399.75user 54.07system 2:00:25elapsed 103%CPU (0avgtext+0avgdata 1770528maxresident)k
4056inputs+29448outputs (0major+47627279minor)pagefaults 0swaps


Node: franklin



Date: sáb 17 abr 2021 02:55:48 EDT

