cd /users2/cpca56132020/moliveira/folders/Figra_QUIXBUGS_DETECT_CYCLE/Figra_QuixBugs_DETECT_CYCLE_;
export JAVA_TOOL_OPTIONS="-Dfile.encoding=UTF8 -Duser.language=en-US -Duser.country=US -Duser.language=en";
TZ="America/New_York"; export TZ;
export PATH="/usr/lib/jvm/java-1.8.0-openjdk/bin/:$PATH";
export JAVA_HOME="/usr/lib/jvm/java-1.8.0-openjdk/bin/";
time java -Xmx4g -Xms1g -cp /users2/cpca56132020/moliveira/RepairThemAll/script/../libs/jtestex7.jar:/users2/cpca56132020/moliveira/RepairThemAll/script/../repair_tools/astor.jar fr.inria.main.evolution.AstorMain \
	-mode figra \
	-location . \
	-id DETECT_CYCLE- \
	-failing java_testcases.junit.DETECT_CYCLE_Test \
	-jvm4testexecution /usr/lib/jvm/java-1.8.0-openjdk/bin/ \
	-jvm4evosuitetestexecution /usr/lib/jvm/java-1.8.0-openjdk/bin/ \
	-maxgen 1000000 \
	-maxtime 180 \
	-stopfirst false \
	-seed 28 \
	-scope package \
	-population 1 \
	-javacompliancelevel 8 \
	-srcjavafolder src/main/java \
	-srctestfolder src/test/java \
	-binjavafolder target/classes \
	-bintestfolder target/test-classes \
	-parameters x:x:maxCombinationVariableLimit:true:maxVarCombination:1000 \
	-dependencies /users2/cpca56132020/moliveira/.m2/repository/junit/junit/4.11/junit-4.11.jar:/users2/cpca56132020/moliveira/.m2/repository/org/hamcrest/hamcrest-core/1.3/hamcrest-core-1.3.jar;
	echo "\n\nNode: `hostname`\n";
	echo "\n\nDate: `date`\n";
Picked up JAVA_TOOL_OPTIONS: -Dfile.encoding=UTF8 -Duser.language=en-US -Duser.country=US -Duser.language=en
05:45:57.851 [main] ERROR fr.inria.astor.approaches.figra.ExpressionReplaceOperator - Replacement does not work for  modify hare.getSuccessor() == null to hare.getSuccessor() == null
05:45:59.333 [main] ERROR fr.inria.astor.approaches.figra.ExpressionReplaceOperator - Replacement does not work for  modify hare.getSuccessor().getSuccessor() to hare.getSuccessor().getSuccessor()
05:46:11.941 [main] ERROR fr.inria.astor.approaches.figra.ExpressionReplaceOperator - Replacement does not work for  modify tortoise to tortoise
05:46:12.535 [main] ERROR fr.inria.astor.approaches.figra.ExpressionReplaceOperator - Replacement does not work for  modify hare.getSuccessor() to hare.getSuccessor()
05:48:41.160 [main] ERROR fr.inria.astor.approaches.figra.ExpressionReplaceOperator - Replacement does not work for  modify hare.getSuccessor() to hare.getSuccessor()
05:48:43.111 [main] ERROR fr.inria.astor.approaches.figra.ExpressionReplaceOperator - Replacement does not work for  modify node to node
05:49:09.964 [main] ERROR fr.inria.astor.approaches.figra.ExpressionReplaceOperator - Replacement does not work for  modify node to node
05:50:02.060 [main] ERROR fr.inria.astor.approaches.figra.ExpressionReplaceOperator - Replacement does not work for  modify hare to hare
05:50:13.355 [main] ERROR fr.inria.astor.approaches.figra.ExpressionReplaceOperator - Replacement does not work for  modify tortoise.getSuccessor() to tortoise.getSuccessor()
05:50:29.644 [main] ERROR fr.inria.astor.approaches.figra.ExpressionReplaceOperator - Replacement does not work for  modify successor to successor
05:50:53.990 [main] ERROR fr.inria.astor.approaches.figra.ExpressionReplaceOperator - Replacement does not work for  modify tortoise to tortoise
05:53:04.152 [main] ERROR fr.inria.astor.approaches.figra.ExpressionReplaceOperator - Replacement does not work for  modify hare == tortoise to hare == tortoise
05:53:07.777 [main] ERROR fr.inria.astor.approaches.figra.ExpressionReplaceOperator - Replacement does not work for  modify hare to hare
05:53:22.701 [main] ERROR fr.inria.astor.approaches.figra.ExpressionReplaceOperator - Replacement does not work for  modify hare to hare
Astor Output:

General stats:
EXECUTION_IDENTIFIER=DETECT_CYCLE-
TOTAL_TIME=10800.786
NR_GENERATIONS=150
NR_RIGHT_COMPILATIONS=126
NR_FAILLING_COMPILATIONS=24
NR_ERRONEOUS_VARIANCES=null
NR_FAILING_VALIDATION_PROCESS=null
OUTPUT_STATUS=TIME_OUT

Patch stats:


real	180m6.838s
user	6m19.478s
sys	0m4.075s
\n\nNode: hpc060.ncg.ingrid.pt\n
\n\nDate: Thu Apr 22 08:45:37 EDT 2021\n
