cd /users2/cpca56132020/moliveira/folders/Nopol_QUIXBUGS_BUCKETSORT/Nopol_QuixBugs_BUCKETSORT_;
export JAVA_TOOL_OPTIONS="-Dfile.encoding=UTF8 -Duser.language=en-US -Duser.country=US -Duser.language=en";
TZ="America/New_York"; export TZ;
export PATH="/users2/cpca56132020/moliveira/deps/jdk-8/bin:$PATH";
export JAVA_HOME="/users2/cpca56132020/moliveira/deps/jdk-8/bin";
time java -Xmx4g -Xms1g -cp /users2/cpca56132020/moliveira/RepairThemAll/script/../repair_tools/nopol.jar:/users2/cpca56132020/moliveira/deps/jdk-8/bin/../lib/tools.jar fr.inria.lille.repair.Main \
	--mode repair \
	--type pre_then_cond \
	--oracle angelic \
	--synthesis smt \
	--flocal gzoltar \
	--json \
	--solver z3 \
	--solver-path /users2/cpca56132020/moliveira/RepairThemAll/script/../libs/z3/build/z3 \
	--complianceLevel 8 \
	--source src/main/java \
	--classpath "target/classes:target/test-classes:/users2/cpca56132020/moliveira/.m2/repository/junit/junit/4.11/junit-4.11.jar:/users2/cpca56132020/moliveira/.m2/repository/org/hamcrest/hamcrest-core/1.3/hamcrest-core-1.3.jar:/users2/cpca56132020/moliveira/RepairThemAll/script/../repair_tools/nopol.jar";
	echo "\n\nNode: `hostname`\n";
	echo "\n\nDate: `date`\n";
Picked up JAVA_TOOL_OPTIONS: -Dfile.encoding=UTF8 -Duser.language=en-US -Duser.country=US -Duser.language=en
07:53:08.445 [main] INFO  fr.inria.lille.repair.nopol.NoPol - Source files: [src/main/java]
07:53:08.448 [main] INFO  fr.inria.lille.repair.nopol.NoPol - Classpath: [file:/users2/cpca56132020/moliveira/folders/Nopol_QUIXBUGS_BUCKETSORT/Nopol_QuixBugs_BUCKETSORT_/target/classes/, file:/users2/cpca56132020/moliveira/folders/Nopol_QUIXBUGS_BUCKETSORT/Nopol_QuixBugs_BUCKETSORT_/target/test-classes/, file:/users2/cpca56132020/moliveira/.m2/repository/junit/junit/4.11/junit-4.11.jar, file:/users2/cpca56132020/moliveira/.m2/repository/org/hamcrest/hamcrest-core/1.3/hamcrest-core-1.3.jar, file:/users2/cpca56132020/moliveira/RepairThemAll/script/../repair_tools/nopol.jar]
07:53:08.448 [main] INFO  fr.inria.lille.repair.nopol.NoPol - Statement type: PRE_THEN_COND
07:53:08.448 [main] INFO  fr.inria.lille.repair.nopol.NoPol - Args: [java_testcases.junit.BUCKETSORT_Test]
07:53:08.450 [main] INFO  fr.inria.lille.repair.nopol.NoPol - Config: Config{synthesisDepth=3, collectStaticMethods=true, collectStaticFields=false, collectLiterals=false, onlyOneSynthesisResult=true, sortExpressions=true, maxLineInvocationPerTest=250, timeoutMethodInvocation=2000, dataCollectionTimeoutInSecondForSynthesis=900, addWeight=0.19478, subWeight=0.04554, mulWeight=0.0102, divWeight=0.00613, andWeight=0.10597, orWeight=0.05708, eqWeight=0.22798, nEqWeight=0.0, lessEqWeight=0.0255, lessWeight=0.0947, methodCallWeight=0.1, fieldAccessWeight=0.08099, constantWeight=0.14232, variableWeight=0.05195, mode=REPAIR, type=PRE_THEN_COND, synthesis=SMT, oracle=ANGELIC, solver=Z3, solverPath='/users2/cpca56132020/moliveira/RepairThemAll/script/../libs/z3/build/z3', projectSources=[src/main/java], projectClasspath='[Ljava.net.URL;@16c0663d', projectTests=[java_testcases.junit.BUCKETSORT_Test], complianceLevel=8, outputFolder=., json=true}
07:53:08.451 [main] INFO  fr.inria.lille.repair.nopol.NoPol - Available processors (cores): 1
07:53:08.458 [main] INFO  fr.inria.lille.repair.nopol.NoPol - Free memory: 968 MB
07:53:08.458 [main] INFO  fr.inria.lille.repair.nopol.NoPol - Maximum memory: 3 GB
07:53:08.458 [main] INFO  fr.inria.lille.repair.nopol.NoPol - Total memory available to JVM: 989 MB
07:53:08.458 [main] INFO  fr.inria.lille.repair.nopol.NoPol - Java version: 1.8.0_282
07:53:08.462 [main] INFO  fr.inria.lille.repair.nopol.NoPol - JAVA_HOME: /users2/cpca56132020/moliveira/deps/jdk-8/bin
07:53:08.462 [main] INFO  fr.inria.lille.repair.nopol.NoPol - PATH: /users2/cpca56132020/moliveira/deps/jdk-8/bin:/users2/cpca56132020/moliveira/deps/Maven/apache-maven/bin:/users2/cpca56132020/moliveira/deps/Gradle/gradle-6.8.3/bin:/usr/condabin:/usr/local/bin:/usr/bin:/usr/local/sbin:/usr/sbin:/users2/cpca56132020/moliveira/.local/bin:/users2/cpca56132020/moliveira/bin
07:53:19.150 [pool-2-thread-1] DEBUG fr.inria.lille.repair.nopol.NoPol - statement #1
07:53:19.153 [pool-2-thread-1] DEBUG fr.inria.lille.repair.nopol.NoPol - Analysing SourceLocation java_testcases.junit.QuixFixOracleHelper:44 which is executed by 6 tests
07:53:19.153 [pool-2-thread-1] DEBUG fr.inria.lille.repair.nopol.NoPol - cannot spoon SourceLocation java_testcases.junit.QuixFixOracleHelper:44
07:53:19.153 [pool-2-thread-1] DEBUG fr.inria.lille.repair.nopol.NoPol - statement #2
07:53:19.153 [pool-2-thread-1] DEBUG fr.inria.lille.repair.nopol.NoPol - Analysing SourceLocation java_testcases.junit.QuixFixOracleHelper:41 which is executed by 6 tests
07:53:19.153 [pool-2-thread-1] DEBUG fr.inria.lille.repair.nopol.NoPol - cannot spoon SourceLocation java_testcases.junit.QuixFixOracleHelper:41
07:53:19.153 [pool-2-thread-1] DEBUG fr.inria.lille.repair.nopol.NoPol - statement #3
07:53:19.154 [pool-2-thread-1] DEBUG fr.inria.lille.repair.nopol.NoPol - Analysing SourceLocation java_testcases.junit.QuixFixOracleHelper:38 which is executed by 6 tests
07:53:19.154 [pool-2-thread-1] DEBUG fr.inria.lille.repair.nopol.NoPol - cannot spoon SourceLocation java_testcases.junit.QuixFixOracleHelper:38
07:53:19.154 [pool-2-thread-1] DEBUG fr.inria.lille.repair.nopol.NoPol - statement #4
07:53:19.154 [pool-2-thread-1] DEBUG fr.inria.lille.repair.nopol.NoPol - Analysing SourceLocation java_testcases.junit.QuixFixOracleHelper:37 which is executed by 6 tests
07:53:19.154 [pool-2-thread-1] DEBUG fr.inria.lille.repair.nopol.NoPol - cannot spoon SourceLocation java_testcases.junit.QuixFixOracleHelper:37
07:53:19.154 [pool-2-thread-1] DEBUG fr.inria.lille.repair.nopol.NoPol - statement #5
07:53:19.154 [pool-2-thread-1] DEBUG fr.inria.lille.repair.nopol.NoPol - Analysing SourceLocation java_testcases.junit.QuixFixOracleHelper:35 which is executed by 6 tests
07:53:19.154 [pool-2-thread-1] DEBUG fr.inria.lille.repair.nopol.NoPol - cannot spoon SourceLocation java_testcases.junit.QuixFixOracleHelper:35
07:53:19.154 [pool-2-thread-1] DEBUG fr.inria.lille.repair.nopol.NoPol - statement #6
07:53:19.154 [pool-2-thread-1] DEBUG fr.inria.lille.repair.nopol.NoPol - Analysing SourceLocation java_testcases.junit.QuixFixOracleHelper:32 which is executed by 6 tests
07:53:19.154 [pool-2-thread-1] DEBUG fr.inria.lille.repair.nopol.NoPol - cannot spoon SourceLocation java_testcases.junit.QuixFixOracleHelper:32
07:53:19.154 [pool-2-thread-1] DEBUG fr.inria.lille.repair.nopol.NoPol - statement #7
07:53:19.154 [pool-2-thread-1] DEBUG fr.inria.lille.repair.nopol.NoPol - Analysing SourceLocation java_testcases.junit.QuixFixOracleHelper:31 which is executed by 6 tests
07:53:19.155 [pool-2-thread-1] DEBUG fr.inria.lille.repair.nopol.NoPol - cannot spoon SourceLocation java_testcases.junit.QuixFixOracleHelper:31
07:53:19.155 [pool-2-thread-1] DEBUG fr.inria.lille.repair.nopol.NoPol - statement #8
07:53:19.155 [pool-2-thread-1] DEBUG fr.inria.lille.repair.nopol.NoPol - Analysing SourceLocation java_testcases.junit.QuixFixOracleHelper:30 which is executed by 6 tests
07:53:19.155 [pool-2-thread-1] DEBUG fr.inria.lille.repair.nopol.NoPol - cannot spoon SourceLocation java_testcases.junit.QuixFixOracleHelper:30
07:53:19.155 [pool-2-thread-1] DEBUG fr.inria.lille.repair.nopol.NoPol - statement #9
07:53:19.155 [pool-2-thread-1] DEBUG fr.inria.lille.repair.nopol.NoPol - Analysing SourceLocation java_testcases.junit.QuixFixOracleHelper:29 which is executed by 6 tests
07:53:19.155 [pool-2-thread-1] DEBUG fr.inria.lille.repair.nopol.NoPol - cannot spoon SourceLocation java_testcases.junit.QuixFixOracleHelper:29
07:53:19.155 [pool-2-thread-1] DEBUG fr.inria.lille.repair.nopol.NoPol - statement #10
07:53:19.155 [pool-2-thread-1] DEBUG fr.inria.lille.repair.nopol.NoPol - Analysing SourceLocation java_testcases.junit.QuixFixOracleHelper:28 which is executed by 6 tests
07:53:19.155 [pool-2-thread-1] DEBUG fr.inria.lille.repair.nopol.NoPol - cannot spoon SourceLocation java_testcases.junit.QuixFixOracleHelper:28
07:53:19.155 [pool-2-thread-1] DEBUG fr.inria.lille.repair.nopol.NoPol - statement #11
07:53:19.155 [pool-2-thread-1] DEBUG fr.inria.lille.repair.nopol.NoPol - Analysing SourceLocation java_testcases.junit.QuixFixOracleHelper:27 which is executed by 6 tests
07:53:19.156 [pool-2-thread-1] DEBUG fr.inria.lille.repair.nopol.NoPol - cannot spoon SourceLocation java_testcases.junit.QuixFixOracleHelper:27
07:53:19.156 [pool-2-thread-1] DEBUG fr.inria.lille.repair.nopol.NoPol - statement #12
07:53:19.156 [pool-2-thread-1] DEBUG fr.inria.lille.repair.nopol.NoPol - Analysing SourceLocation java_testcases.junit.QuixFixOracleHelper:26 which is executed by 6 tests
07:53:19.156 [pool-2-thread-1] DEBUG fr.inria.lille.repair.nopol.NoPol - cannot spoon SourceLocation java_testcases.junit.QuixFixOracleHelper:26
07:53:19.156 [pool-2-thread-1] DEBUG fr.inria.lille.repair.nopol.NoPol - statement #13
07:53:19.156 [pool-2-thread-1] DEBUG fr.inria.lille.repair.nopol.NoPol - Analysing SourceLocation java_testcases.junit.QuixFixOracleHelper:22 which is executed by 6 tests
07:53:19.156 [pool-2-thread-1] DEBUG fr.inria.lille.repair.nopol.NoPol - cannot spoon SourceLocation java_testcases.junit.QuixFixOracleHelper:22
07:53:19.156 [pool-2-thread-1] DEBUG fr.inria.lille.repair.nopol.NoPol - statement #14
07:53:19.156 [pool-2-thread-1] DEBUG fr.inria.lille.repair.nopol.NoPol - Analysing SourceLocation java_testcases.junit.QuixFixOracleHelper:21 which is executed by 6 tests
07:53:19.156 [pool-2-thread-1] DEBUG fr.inria.lille.repair.nopol.NoPol - cannot spoon SourceLocation java_testcases.junit.QuixFixOracleHelper:21
07:53:19.156 [pool-2-thread-1] DEBUG fr.inria.lille.repair.nopol.NoPol - statement #15
07:53:19.156 [pool-2-thread-1] DEBUG fr.inria.lille.repair.nopol.NoPol - Analysing SourceLocation java_testcases.junit.QuixFixOracleHelper:16 which is executed by 6 tests
07:53:19.157 [pool-2-thread-1] DEBUG fr.inria.lille.repair.nopol.NoPol - cannot spoon SourceLocation java_testcases.junit.QuixFixOracleHelper:16
07:53:19.157 [pool-2-thread-1] DEBUG fr.inria.lille.repair.nopol.NoPol - statement #16
07:53:19.157 [pool-2-thread-1] DEBUG fr.inria.lille.repair.nopol.NoPol - Analysing SourceLocation java_testcases.junit.QuixFixOracleHelper:15 which is executed by 6 tests
07:53:19.157 [pool-2-thread-1] DEBUG fr.inria.lille.repair.nopol.NoPol - cannot spoon SourceLocation java_testcases.junit.QuixFixOracleHelper:15
07:53:19.157 [pool-2-thread-1] DEBUG fr.inria.lille.repair.nopol.NoPol - statement #17
07:53:19.157 [pool-2-thread-1] DEBUG fr.inria.lille.repair.nopol.NoPol - Analysing SourceLocation java_testcases.junit.QuixFixOracleHelper:14 which is executed by 6 tests
07:53:19.157 [pool-2-thread-1] DEBUG fr.inria.lille.repair.nopol.NoPol - cannot spoon SourceLocation java_testcases.junit.QuixFixOracleHelper:14
07:53:19.157 [pool-2-thread-1] DEBUG fr.inria.lille.repair.nopol.NoPol - statement #18
07:53:19.157 [pool-2-thread-1] DEBUG fr.inria.lille.repair.nopol.NoPol - Analysing SourceLocation java_programs.BUCKETSORT:27 which is executed by 6 tests
1603217033
07:53:19.333 [pool-2-thread-1] DEBUG fr.inria.lille.repair.nopol.NoPol - statement #19
07:53:19.334 [pool-2-thread-1] DEBUG fr.inria.lille.repair.nopol.NoPol - Analysing SourceLocation java_programs.BUCKETSORT:25 which is executed by 6 tests
1603217033
07:53:19.429 [pool-2-thread-1] DEBUG fr.inria.lille.repair.nopol.NoPol - statement #20
07:53:19.430 [pool-2-thread-1] DEBUG fr.inria.lille.repair.nopol.NoPol - Analysing SourceLocation java_programs.BUCKETSORT:24 which is executed by 6 tests
1603217033
07:53:19.497 [pool-2-thread-1] DEBUG fr.inria.lille.repair.nopol.NoPol - looking with class fr.inria.lille.repair.nopol.spoon.smt.ConditionalAdder
07:53:20.666 [pool-3-thread-1] DEBUG tests.output - Failing tests with false: 
[test_0(java_testcases.junit.BUCKETSORT_Test): expected:<[[1,2,3,5,9,11]]> but was:<[[0,0,0,0,0,0,0,0,0,0,0,0,0,0,0,0,0,0,0,0,0,0,0,0,0,0,0,0,0,0,0]]>, test_2(java_testcases.junit.BUCKETSORT_Test): expected:<[[1,1,2,2,3,4,4,6,9,9]]> but was:<[[0,0,0,0,0,0,0,0,0,0,0,0,0,0,0,0,0,0,0,0,0,0,0,0,0,0,0,0,0,0,0,0,0,0,0,0,0,0,0,0,0]]>, test_1(java_testcases.junit.BUCKETSORT_Test): expected:<[[2,2,3,3,4,5]]> but was:<[[0,0,0,0,0,0,0,0,0,0,0,0,0,0,0,0,0,0,0]]>, test_4(java_testcases.junit.BUCKETSORT_Test): expected:<[[20,21,22,23,24,25,26,27,28,29]]> but was:<[[0,0,0,0,0,0,0,0,0,0,0,0,0,0,0,0,0,0,0,0,0,0,0,0,0,0,0,0,0,0,0,0,0,0,0,0,0,0,0,0,0,0,0,0,0,0,0,0,0,0,0,0,0,0,0,0,0,0,0,0,0,0,0,0,0,0,0,0,0,0,0,0,0,0,0,0,0,0,0,0,0,0,0,0,0,0,0,0,0,0,0,0,0,0,0,0,0,0,0,0,0,0,0,0,0,0,0,0,0,0,0,0,0,0,0,0,0,0,0,0,0,0,0,0,0,0,0,0,0,0,0,0,0,0,0,0,0,0,0,0,0,0,0,0,0,0,0,0,0,0,0,0,0,0,0,0,0,0,0,0,0,0,0,0,0,0,0,0,0,0,0,0,0,0,0,0,0,0,0,0,0,0,0,0,0,0,0,0,0,0,0,0,0,0,0,0,0,0,0,0,0,0,0,0,0,0,0,0,0,0,0,0,0,0,0,0,0,0,0,0,0,0,0,0,0,0,0,0,0,0,0,0,0,0,0,0,0,0,0,0,0,0,0,0,0]]>, test_3(java_testcases.junit.BUCKETSORT_Test): expected:<[[11,12,13,14,15,16,17,18,19,2]0]> but was:<[[0,0,0,0,0,0,0,0,0,0,0,0,0,0,0,0,0,0,0,0,0,0,0,0,0,0,0,0,0,0,0,0,0,0,0,0,0,0,0,0,0,0,0,0,0,0,0,0,0,0,0,0,0,0,0,0,0,0,0,0,0,0,0,0,0,0,0,0,0,0,0,0,0,0,0,0,0,0,0,0,0,0,0,0,0,0,0,0,0,0,0,0,0,0,0,0,0,0,0,0,0,0,0,0,0,0,0,0,0,0,0,0,0,0,0,0,0,0,0,0,0,0,0,0,0,0,0,0,0,0,0,0,0,0,0,0,0,0,0,0,0,0,0,0,0,0,0,0,0,0,0,0,0,0,]0]>, test_5(java_testcases.junit.BUCKETSORT_Test): expected:<[0,[1,2,3,4,5,5,6,7,8,9]]> but was:<[0,[0,0,0,0,0,0,0,0,0,0,0,0,0,0,0,0,0,0,0,0,0,0,0,0,0,0,0,0,0,0,0,0,0,0,0,0,0,0,0,0,0,0,0,0,0,0,0,0,0]]>]
07:53:20.667 [pool-3-thread-1] DEBUG tests.output - Failing tests with true: 
[test_0(java_testcases.junit.BUCKETSORT_Test): expected:<[[1,2,3,5,9,11]]> but was:<[[0,0,0,1,1,1,1,1,1,1,1,1,1,1,2,2,3,3,3,3,3,3,3,3,3,4,5,5,5,5,5]]>, test_2(java_testcases.junit.BUCKETSORT_Test): expected:<[[1,1,2,2,3,4,4,6],9,9]> but was:<[[0,1,1,1,2,2,2,2,3,3,3,3,3,3,4,4,4,4,5,5,6,6,6,6,6,6,6,6,6,7,8,8,9,9,9,9,9,9,9],9,9]>, test_1(java_testcases.junit.BUCKETSORT_Test): expected:<[[2,2,3,3,4],5]> but was:<[[0,0,0,1,1,2,2,2,2,3,3,4,4,4,5,5,5,5],5]>, test_4(java_testcases.junit.BUCKETSORT_Test): expected:<[[20,21,22,23,24,25,26,27,28,2]9]> but was:<[[0,0,0,0,0,0,0,0,0,0,0,0,0,0,0,0,0,0,0,0,1,1,1,1,1,1,1,1,1,1,1,1,1,1,1,1,1,1,1,1,1,2,2,2,2,2,2,2,2,2,2,2,2,2,2,2,2,2,2,2,2,2,2,3,3,3,3,3,3,3,3,3,3,3,3,3,3,3,3,3,3,3,3,3,3,3,4,4,4,4,4,4,4,4,4,4,4,4,4,4,4,4,4,4,4,4,4,4,4,4,5,5,5,5,5,5,5,5,5,5,5,5,5,5,5,5,5,5,5,5,5,5,5,5,5,6,6,6,6,6,6,6,6,6,6,6,6,6,6,6,6,6,6,6,6,6,6,6,6,6,6,7,7,7,7,7,7,7,7,7,7,7,7,7,7,7,7,7,7,7,7,7,7,7,7,7,7,7,8,8,8,8,8,8,8,8,8,8,8,8,8,8,8,8,8,8,8,8,8,8,8,8,8,8,8,8,9,9,9,9,9,9,9,9,9,9,9,9,9,9,9,9,9,9,9,9,9,9,9,9,9,9,9,9,]9]>, test_3(java_testcases.junit.BUCKETSORT_Test): expected:<[[11,12,13,14,15,16,17,18,19,20]]> but was:<[[0,0,0,0,0,0,0,0,0,0,0,0,0,0,0,0,0,0,0,0,1,1,1,1,1,1,1,1,1,1,1,1,1,1,1,1,1,1,1,2,2,2,2,2,2,2,2,2,2,2,2,2,2,2,2,2,2,3,3,3,3,3,3,3,3,3,3,3,3,3,3,3,3,3,4,4,4,4,4,4,4,4,4,4,4,4,4,4,4,4,5,5,5,5,5,5,5,5,5,5,5,5,5,5,5,6,6,6,6,6,6,6,6,6,6,6,6,6,6,7,7,7,7,7,7,7,7,7,7,7,7,7,8,8,8,8,8,8,8,8,8,8,8,8,9,9,9,9,9,9,9,9,9,9,9]]>, test_5(java_testcases.junit.BUCKETSORT_Test): expected:<[0,[1,2,3,4,5,5,6,7,8,9]]> but was:<[0,[0,0,0,0,0,0,0,1,1,1,1,1,2,2,2,3,4,4,4,4,4,4,4,4,4,5,5,5,5,5,5,7,7,7,7,7,7,7,8,8,8,8,9,9,10,10,10,10,10]]>]
07:53:20.667 [pool-3-thread-1] INFO  f.i.l.r.n.synth.SMTNopolSynthesizer - Not enough specifications: 0. A trivial patch is "true" or "false", please write new tests specifying SourceLocation java_programs.BUCKETSORT:24.
07:53:20.667 [pool-2-thread-1] DEBUG fr.inria.lille.repair.nopol.NoPol - statement #21
07:53:20.667 [pool-2-thread-1] DEBUG fr.inria.lille.repair.nopol.NoPol - Analysing SourceLocation java_programs.BUCKETSORT:23 which is executed by 6 tests
1603217033
07:53:20.730 [pool-2-thread-1] DEBUG fr.inria.lille.repair.nopol.NoPol - looking with class fr.inria.lille.repair.nopol.spoon.smt.ConditionalAdder
07:53:21.271 [pool-17-thread-1] DEBUG tests.output - Failing tests with false: 
[test_0(java_testcases.junit.BUCKETSORT_Test): expected:<[[1,2,3,5,9,11]]> but was:<[[]]>, test_2(java_testcases.junit.BUCKETSORT_Test): expected:<[[1,1,2,2,3,4,4,6,9,9]]> but was:<[[]]>, test_1(java_testcases.junit.BUCKETSORT_Test): expected:<[[2,2,3,3,4,5]]> but was:<[[]]>, test_4(java_testcases.junit.BUCKETSORT_Test): expected:<[[20,21,22,23,24,25,26,27,28,29]]> but was:<[[]]>, test_3(java_testcases.junit.BUCKETSORT_Test): expected:<[[11,12,13,14,15,16,17,18,19,20]]> but was:<[[]]>, test_5(java_testcases.junit.BUCKETSORT_Test): expected:<[[0,1,2,3,4,5,5,6,7,8,9]]> but was:<[[]]>]
07:53:21.271 [pool-17-thread-1] DEBUG tests.output - Failing tests with true: 
[test_0(java_testcases.junit.BUCKETSORT_Test): expected:<[[1,2,3,5,9,11]]> but was:<[[0,0,0,1,1,1,1,1,1,1,1,1,1,1,2,2,3,3,3,3,3,3,3,3,3,4,5,5,5,5,5]]>, test_2(java_testcases.junit.BUCKETSORT_Test): expected:<[[1,1,2,2,3,4,4,6],9,9]> but was:<[[0,1,1,1,2,2,2,2,3,3,3,3,3,3,4,4,4,4,5,5,6,6,6,6,6,6,6,6,6,7,8,8,9,9,9,9,9,9,9],9,9]>, test_1(java_testcases.junit.BUCKETSORT_Test): expected:<[[2,2,3,3,4],5]> but was:<[[0,0,0,1,1,2,2,2,2,3,3,4,4,4,5,5,5,5],5]>, test_4(java_testcases.junit.BUCKETSORT_Test): expected:<[[20,21,22,23,24,25,26,27,28,2]9]> but was:<[[0,0,0,0,0,0,0,0,0,0,0,0,0,0,0,0,0,0,0,0,1,1,1,1,1,1,1,1,1,1,1,1,1,1,1,1,1,1,1,1,1,2,2,2,2,2,2,2,2,2,2,2,2,2,2,2,2,2,2,2,2,2,2,3,3,3,3,3,3,3,3,3,3,3,3,3,3,3,3,3,3,3,3,3,3,3,4,4,4,4,4,4,4,4,4,4,4,4,4,4,4,4,4,4,4,4,4,4,4,4,5,5,5,5,5,5,5,5,5,5,5,5,5,5,5,5,5,5,5,5,5,5,5,5,5,6,6,6,6,6,6,6,6,6,6,6,6,6,6,6,6,6,6,6,6,6,6,6,6,6,6,7,7,7,7,7,7,7,7,7,7,7,7,7,7,7,7,7,7,7,7,7,7,7,7,7,7,7,8,8,8,8,8,8,8,8,8,8,8,8,8,8,8,8,8,8,8,8,8,8,8,8,8,8,8,8,9,9,9,9,9,9,9,9,9,9,9,9,9,9,9,9,9,9,9,9,9,9,9,9,9,9,9,9,]9]>, test_3(java_testcases.junit.BUCKETSORT_Test): expected:<[[11,12,13,14,15,16,17,18,19,20]]> but was:<[[0,0,0,0,0,0,0,0,0,0,0,0,0,0,0,0,0,0,0,0,1,1,1,1,1,1,1,1,1,1,1,1,1,1,1,1,1,1,1,2,2,2,2,2,2,2,2,2,2,2,2,2,2,2,2,2,2,3,3,3,3,3,3,3,3,3,3,3,3,3,3,3,3,3,4,4,4,4,4,4,4,4,4,4,4,4,4,4,4,4,5,5,5,5,5,5,5,5,5,5,5,5,5,5,5,6,6,6,6,6,6,6,6,6,6,6,6,6,6,7,7,7,7,7,7,7,7,7,7,7,7,7,8,8,8,8,8,8,8,8,8,8,8,8,9,9,9,9,9,9,9,9,9,9,9]]>, test_5(java_testcases.junit.BUCKETSORT_Test): expected:<[0,[1,2,3,4,5,5,6,7,8,9]]> but was:<[0,[0,0,0,0,0,0,0,1,1,1,1,1,2,2,2,3,4,4,4,4,4,4,4,4,4,5,5,5,5,5,5,7,7,7,7,7,7,7,8,8,8,8,9,9,10,10,10,10,10]]>]
07:53:21.271 [pool-17-thread-1] INFO  f.i.l.r.n.synth.SMTNopolSynthesizer - Not enough specifications: 0. A trivial patch is "true" or "false", please write new tests specifying SourceLocation java_programs.BUCKETSORT:23.
07:53:21.271 [pool-2-thread-1] DEBUG fr.inria.lille.repair.nopol.NoPol - statement #22
07:53:21.271 [pool-2-thread-1] DEBUG fr.inria.lille.repair.nopol.NoPol - Analysing SourceLocation java_programs.BUCKETSORT:22 which is executed by 6 tests
1603217033
07:53:21.346 [pool-2-thread-1] DEBUG fr.inria.lille.repair.nopol.NoPol - looking with class fr.inria.lille.repair.nopol.spoon.smt.ConditionalAdder
07:53:21.732 [pool-31-thread-1] DEBUG tests.output - Failing tests with false: 
[test_0(java_testcases.junit.BUCKETSORT_Test): expected:<[[1,2,3,5,9,11]]> but was:<[[]]>, test_2(java_testcases.junit.BUCKETSORT_Test): expected:<[[1,1,2,2,3,4,4,6,9,9]]> but was:<[[]]>, test_1(java_testcases.junit.BUCKETSORT_Test): expected:<[[2,2,3,3,4,5]]> but was:<[[]]>, test_4(java_testcases.junit.BUCKETSORT_Test): expected:<[[20,21,22,23,24,25,26,27,28,29]]> but was:<[[]]>, test_3(java_testcases.junit.BUCKETSORT_Test): expected:<[[11,12,13,14,15,16,17,18,19,20]]> but was:<[[]]>, test_5(java_testcases.junit.BUCKETSORT_Test): expected:<[[0,1,2,3,4,5,5,6,7,8,9]]> but was:<[[]]>]
07:53:21.732 [pool-31-thread-1] DEBUG tests.output - Failing tests with true: 
[test_0(java_testcases.junit.BUCKETSORT_Test): expected:<[[1,2,3,5,9,11]]> but was:<[[0,0,0,1,1,1,1,1,1,1,1,1,1,1,2,2,3,3,3,3,3,3,3,3,3,4,5,5,5,5,5]]>, test_2(java_testcases.junit.BUCKETSORT_Test): expected:<[[1,1,2,2,3,4,4,6],9,9]> but was:<[[0,1,1,1,2,2,2,2,3,3,3,3,3,3,4,4,4,4,5,5,6,6,6,6,6,6,6,6,6,7,8,8,9,9,9,9,9,9,9],9,9]>, test_1(java_testcases.junit.BUCKETSORT_Test): expected:<[[2,2,3,3,4],5]> but was:<[[0,0,0,1,1,2,2,2,2,3,3,4,4,4,5,5,5,5],5]>, test_4(java_testcases.junit.BUCKETSORT_Test): expected:<[[20,21,22,23,24,25,26,27,28,2]9]> but was:<[[0,0,0,0,0,0,0,0,0,0,0,0,0,0,0,0,0,0,0,0,1,1,1,1,1,1,1,1,1,1,1,1,1,1,1,1,1,1,1,1,1,2,2,2,2,2,2,2,2,2,2,2,2,2,2,2,2,2,2,2,2,2,2,3,3,3,3,3,3,3,3,3,3,3,3,3,3,3,3,3,3,3,3,3,3,3,4,4,4,4,4,4,4,4,4,4,4,4,4,4,4,4,4,4,4,4,4,4,4,4,5,5,5,5,5,5,5,5,5,5,5,5,5,5,5,5,5,5,5,5,5,5,5,5,5,6,6,6,6,6,6,6,6,6,6,6,6,6,6,6,6,6,6,6,6,6,6,6,6,6,6,7,7,7,7,7,7,7,7,7,7,7,7,7,7,7,7,7,7,7,7,7,7,7,7,7,7,7,8,8,8,8,8,8,8,8,8,8,8,8,8,8,8,8,8,8,8,8,8,8,8,8,8,8,8,8,9,9,9,9,9,9,9,9,9,9,9,9,9,9,9,9,9,9,9,9,9,9,9,9,9,9,9,9,]9]>, test_3(java_testcases.junit.BUCKETSORT_Test): expected:<[[11,12,13,14,15,16,17,18,19,20]]> but was:<[[0,0,0,0,0,0,0,0,0,0,0,0,0,0,0,0,0,0,0,0,1,1,1,1,1,1,1,1,1,1,1,1,1,1,1,1,1,1,1,2,2,2,2,2,2,2,2,2,2,2,2,2,2,2,2,2,2,3,3,3,3,3,3,3,3,3,3,3,3,3,3,3,3,3,4,4,4,4,4,4,4,4,4,4,4,4,4,4,4,4,5,5,5,5,5,5,5,5,5,5,5,5,5,5,5,6,6,6,6,6,6,6,6,6,6,6,6,6,6,7,7,7,7,7,7,7,7,7,7,7,7,7,8,8,8,8,8,8,8,8,8,8,8,8,9,9,9,9,9,9,9,9,9,9,9]]>, test_5(java_testcases.junit.BUCKETSORT_Test): expected:<[0,[1,2,3,4,5,5,6,7,8,9]]> but was:<[0,[0,0,0,0,0,0,0,1,1,1,1,1,2,2,2,3,4,4,4,4,4,4,4,4,4,5,5,5,5,5,5,7,7,7,7,7,7,7,8,8,8,8,9,9,10,10,10,10,10]]>]
07:53:21.732 [pool-31-thread-1] INFO  f.i.l.r.n.synth.SMTNopolSynthesizer - Not enough specifications: 0. A trivial patch is "true" or "false", please write new tests specifying SourceLocation java_programs.BUCKETSORT:22.
07:53:21.732 [pool-2-thread-1] DEBUG fr.inria.lille.repair.nopol.NoPol - statement #23
07:53:21.732 [pool-2-thread-1] DEBUG fr.inria.lille.repair.nopol.NoPol - Analysing SourceLocation java_programs.BUCKETSORT:21 which is executed by 6 tests
1603217033
07:53:21.813 [pool-2-thread-1] DEBUG fr.inria.lille.repair.nopol.NoPol - statement #24
07:53:21.814 [pool-2-thread-1] DEBUG fr.inria.lille.repair.nopol.NoPol - Analysing SourceLocation java_programs.BUCKETSORT:20 which is executed by 6 tests
1603217033
07:53:21.877 [pool-2-thread-1] DEBUG fr.inria.lille.repair.nopol.NoPol - statement #25
07:53:21.878 [pool-2-thread-1] DEBUG fr.inria.lille.repair.nopol.NoPol - Analysing SourceLocation java_programs.BUCKETSORT:18 which is executed by 6 tests
1603217033
07:53:21.964 [pool-2-thread-1] DEBUG fr.inria.lille.repair.nopol.NoPol - statement #26
07:53:21.964 [pool-2-thread-1] DEBUG fr.inria.lille.repair.nopol.NoPol - Analysing SourceLocation java_programs.BUCKETSORT:17 which is executed by 6 tests
1603217033
07:53:22.037 [pool-2-thread-1] DEBUG fr.inria.lille.repair.nopol.NoPol - looking with class fr.inria.lille.repair.nopol.spoon.smt.ConditionalAdder
07:53:22.578 [pool-45-thread-1] DEBUG tests.output - Failing tests with false: 
[test_0(java_testcases.junit.BUCKETSORT_Test): expected:<[[1,2,3,5,9,11]]> but was:<[[0,0,0,1,1,1,1,1,1,1,1,1,1,1,2,2,3,3,3,3,3,3,3,3,3,4,5,5,5,5,5]]>, test_2(java_testcases.junit.BUCKETSORT_Test): expected:<[[1,1,2,2,3,4,4,6],9,9]> but was:<[[0,1,1,1,2,2,2,2,3,3,3,3,3,3,4,4,4,4,5,5,6,6,6,6,6,6,6,6,6,7,8,8,9,9,9,9,9,9,9],9,9]>, test_1(java_testcases.junit.BUCKETSORT_Test): expected:<[[2,2,3,3,4],5]> but was:<[[0,0,0,1,1,2,2,2,2,3,3,4,4,4,5,5,5,5],5]>, test_4(java_testcases.junit.BUCKETSORT_Test): expected:<[[20,21,22,23,24,25,26,27,28,2]9]> but was:<[[0,0,0,0,0,0,0,0,0,0,0,0,0,0,0,0,0,0,0,0,1,1,1,1,1,1,1,1,1,1,1,1,1,1,1,1,1,1,1,1,1,2,2,2,2,2,2,2,2,2,2,2,2,2,2,2,2,2,2,2,2,2,2,3,3,3,3,3,3,3,3,3,3,3,3,3,3,3,3,3,3,3,3,3,3,3,4,4,4,4,4,4,4,4,4,4,4,4,4,4,4,4,4,4,4,4,4,4,4,4,5,5,5,5,5,5,5,5,5,5,5,5,5,5,5,5,5,5,5,5,5,5,5,5,5,6,6,6,6,6,6,6,6,6,6,6,6,6,6,6,6,6,6,6,6,6,6,6,6,6,6,7,7,7,7,7,7,7,7,7,7,7,7,7,7,7,7,7,7,7,7,7,7,7,7,7,7,7,8,8,8,8,8,8,8,8,8,8,8,8,8,8,8,8,8,8,8,8,8,8,8,8,8,8,8,8,9,9,9,9,9,9,9,9,9,9,9,9,9,9,9,9,9,9,9,9,9,9,9,9,9,9,9,9,]9]>, test_3(java_testcases.junit.BUCKETSORT_Test): expected:<[[11,12,13,14,15,16,17,18,19,20]]> but was:<[[0,0,0,0,0,0,0,0,0,0,0,0,0,0,0,0,0,0,0,0,1,1,1,1,1,1,1,1,1,1,1,1,1,1,1,1,1,1,1,2,2,2,2,2,2,2,2,2,2,2,2,2,2,2,2,2,2,3,3,3,3,3,3,3,3,3,3,3,3,3,3,3,3,3,4,4,4,4,4,4,4,4,4,4,4,4,4,4,4,4,5,5,5,5,5,5,5,5,5,5,5,5,5,5,5,6,6,6,6,6,6,6,6,6,6,6,6,6,6,7,7,7,7,7,7,7,7,7,7,7,7,7,8,8,8,8,8,8,8,8,8,8,8,8,9,9,9,9,9,9,9,9,9,9,9]]>, test_5(java_testcases.junit.BUCKETSORT_Test): expected:<[0,[1,2,3,4,5,5,6,7,8,9]]> but was:<[0,[0,0,0,0,0,0,0,1,1,1,1,1,2,2,2,3,4,4,4,4,4,4,4,4,4,5,5,5,5,5,5,7,7,7,7,7,7,7,8,8,8,8,9,9,10,10,10,10,10]]>]
07:53:22.578 [pool-45-thread-1] DEBUG tests.output - Failing tests with true: 
[test_0(java_testcases.junit.BUCKETSORT_Test): expected:<[[1,2,3,5,9,11]]> but was:<[[0,0,0,1,1,1,1,1,1,1,1,1,1,1,2,2,3,3,3,3,3,3,3,3,3,4,5,5,5,5,5]]>, test_2(java_testcases.junit.BUCKETSORT_Test): expected:<[[1,1,2,2,3,4,4,6],9,9]> but was:<[[0,1,1,1,2,2,2,2,3,3,3,3,3,3,4,4,4,4,5,5,6,6,6,6,6,6,6,6,6,7,8,8,9,9,9,9,9,9,9],9,9]>, test_1(java_testcases.junit.BUCKETSORT_Test): expected:<[[2,2,3,3,4],5]> but was:<[[0,0,0,1,1,2,2,2,2,3,3,4,4,4,5,5,5,5],5]>, test_4(java_testcases.junit.BUCKETSORT_Test): expected:<[[20,21,22,23,24,25,26,27,28,2]9]> but was:<[[0,0,0,0,0,0,0,0,0,0,0,0,0,0,0,0,0,0,0,0,1,1,1,1,1,1,1,1,1,1,1,1,1,1,1,1,1,1,1,1,1,2,2,2,2,2,2,2,2,2,2,2,2,2,2,2,2,2,2,2,2,2,2,3,3,3,3,3,3,3,3,3,3,3,3,3,3,3,3,3,3,3,3,3,3,3,4,4,4,4,4,4,4,4,4,4,4,4,4,4,4,4,4,4,4,4,4,4,4,4,5,5,5,5,5,5,5,5,5,5,5,5,5,5,5,5,5,5,5,5,5,5,5,5,5,6,6,6,6,6,6,6,6,6,6,6,6,6,6,6,6,6,6,6,6,6,6,6,6,6,6,7,7,7,7,7,7,7,7,7,7,7,7,7,7,7,7,7,7,7,7,7,7,7,7,7,7,7,8,8,8,8,8,8,8,8,8,8,8,8,8,8,8,8,8,8,8,8,8,8,8,8,8,8,8,8,9,9,9,9,9,9,9,9,9,9,9,9,9,9,9,9,9,9,9,9,9,9,9,9,9,9,9,9,]9]>, test_3(java_testcases.junit.BUCKETSORT_Test): expected:<[[11,12,13,14,15,16,17,18,19,20]]> but was:<[[0,0,0,0,0,0,0,0,0,0,0,0,0,0,0,0,0,0,0,0,1,1,1,1,1,1,1,1,1,1,1,1,1,1,1,1,1,1,1,2,2,2,2,2,2,2,2,2,2,2,2,2,2,2,2,2,2,3,3,3,3,3,3,3,3,3,3,3,3,3,3,3,3,3,4,4,4,4,4,4,4,4,4,4,4,4,4,4,4,4,5,5,5,5,5,5,5,5,5,5,5,5,5,5,5,6,6,6,6,6,6,6,6,6,6,6,6,6,6,7,7,7,7,7,7,7,7,7,7,7,7,7,8,8,8,8,8,8,8,8,8,8,8,8,9,9,9,9,9,9,9,9,9,9,9]]>, test_5(java_testcases.junit.BUCKETSORT_Test): expected:<[0,[1,2,3,4,5,5,6,7,8,9]]> but was:<[0,[0,0,0,0,0,0,0,1,1,1,1,1,2,2,2,3,4,4,4,4,4,4,4,4,4,5,5,5,5,5,5,7,7,7,7,7,7,7,8,8,8,8,9,9,10,10,10,10,10]]>]
07:53:22.578 [pool-45-thread-1] INFO  f.i.l.r.n.synth.SMTNopolSynthesizer - Not enough specifications: 0. A trivial patch is "true" or "false", please write new tests specifying SourceLocation java_programs.BUCKETSORT:17.
07:53:22.579 [pool-2-thread-1] DEBUG fr.inria.lille.repair.nopol.NoPol - statement #27
07:53:22.579 [pool-2-thread-1] DEBUG fr.inria.lille.repair.nopol.NoPol - Analysing SourceLocation java_programs.BUCKETSORT:16 which is executed by 6 tests
1603217033
07:53:22.628 [pool-2-thread-1] DEBUG fr.inria.lille.repair.nopol.NoPol - looking with class fr.inria.lille.repair.nopol.spoon.smt.ConditionalAdder
07:53:22.895 [pool-59-thread-1] DEBUG tests.output - Failing tests with false: 
[test_0(java_testcases.junit.BUCKETSORT_Test): expected:<[[1,2,3,5,9,11]]> but was:<[[0,0,0,1,1,1,1,1,1,1,1,1,1,1,2,2,3,3,3,3,3,3,3,3,3,4,5,5,5,5,5]]>, test_2(java_testcases.junit.BUCKETSORT_Test): expected:<[[1,1,2,2,3,4,4,6],9,9]> but was:<[[0,1,1,1,2,2,2,2,3,3,3,3,3,3,4,4,4,4,5,5,6,6,6,6,6,6,6,6,6,7,8,8,9,9,9,9,9,9,9],9,9]>, test_1(java_testcases.junit.BUCKETSORT_Test): expected:<[[2,2,3,3,4],5]> but was:<[[0,0,0,1,1,2,2,2,2,3,3,4,4,4,5,5,5,5],5]>, test_4(java_testcases.junit.BUCKETSORT_Test): expected:<[[20,21,22,23,24,25,26,27,28,2]9]> but was:<[[0,0,0,0,0,0,0,0,0,0,0,0,0,0,0,0,0,0,0,0,1,1,1,1,1,1,1,1,1,1,1,1,1,1,1,1,1,1,1,1,1,2,2,2,2,2,2,2,2,2,2,2,2,2,2,2,2,2,2,2,2,2,2,3,3,3,3,3,3,3,3,3,3,3,3,3,3,3,3,3,3,3,3,3,3,3,4,4,4,4,4,4,4,4,4,4,4,4,4,4,4,4,4,4,4,4,4,4,4,4,5,5,5,5,5,5,5,5,5,5,5,5,5,5,5,5,5,5,5,5,5,5,5,5,5,6,6,6,6,6,6,6,6,6,6,6,6,6,6,6,6,6,6,6,6,6,6,6,6,6,6,7,7,7,7,7,7,7,7,7,7,7,7,7,7,7,7,7,7,7,7,7,7,7,7,7,7,7,8,8,8,8,8,8,8,8,8,8,8,8,8,8,8,8,8,8,8,8,8,8,8,8,8,8,8,8,9,9,9,9,9,9,9,9,9,9,9,9,9,9,9,9,9,9,9,9,9,9,9,9,9,9,9,9,]9]>, test_3(java_testcases.junit.BUCKETSORT_Test): expected:<[[11,12,13,14,15,16,17,18,19,20]]> but was:<[[0,0,0,0,0,0,0,0,0,0,0,0,0,0,0,0,0,0,0,0,1,1,1,1,1,1,1,1,1,1,1,1,1,1,1,1,1,1,1,2,2,2,2,2,2,2,2,2,2,2,2,2,2,2,2,2,2,3,3,3,3,3,3,3,3,3,3,3,3,3,3,3,3,3,4,4,4,4,4,4,4,4,4,4,4,4,4,4,4,4,5,5,5,5,5,5,5,5,5,5,5,5,5,5,5,6,6,6,6,6,6,6,6,6,6,6,6,6,6,7,7,7,7,7,7,7,7,7,7,7,7,7,8,8,8,8,8,8,8,8,8,8,8,8,9,9,9,9,9,9,9,9,9,9,9]]>, test_5(java_testcases.junit.BUCKETSORT_Test): expected:<[0,[1,2,3,4,5,5,6,7,8,9]]> but was:<[0,[0,0,0,0,0,0,0,1,1,1,1,1,2,2,2,3,4,4,4,4,4,4,4,4,4,5,5,5,5,5,5,7,7,7,7,7,7,7,8,8,8,8,9,9,10,10,10,10,10]]>]
07:53:22.896 [pool-59-thread-1] DEBUG tests.output - Failing tests with true: 
[test_0(java_testcases.junit.BUCKETSORT_Test): expected:<[[1,2,3,5,9,11]]> but was:<[[0,0,0,1,1,1,1,1,1,1,1,1,1,1,2,2,3,3,3,3,3,3,3,3,3,4,5,5,5,5,5]]>, test_2(java_testcases.junit.BUCKETSORT_Test): expected:<[[1,1,2,2,3,4,4,6],9,9]> but was:<[[0,1,1,1,2,2,2,2,3,3,3,3,3,3,4,4,4,4,5,5,6,6,6,6,6,6,6,6,6,7,8,8,9,9,9,9,9,9,9],9,9]>, test_1(java_testcases.junit.BUCKETSORT_Test): expected:<[[2,2,3,3,4],5]> but was:<[[0,0,0,1,1,2,2,2,2,3,3,4,4,4,5,5,5,5],5]>, test_4(java_testcases.junit.BUCKETSORT_Test): expected:<[[20,21,22,23,24,25,26,27,28,2]9]> but was:<[[0,0,0,0,0,0,0,0,0,0,0,0,0,0,0,0,0,0,0,0,1,1,1,1,1,1,1,1,1,1,1,1,1,1,1,1,1,1,1,1,1,2,2,2,2,2,2,2,2,2,2,2,2,2,2,2,2,2,2,2,2,2,2,3,3,3,3,3,3,3,3,3,3,3,3,3,3,3,3,3,3,3,3,3,3,3,4,4,4,4,4,4,4,4,4,4,4,4,4,4,4,4,4,4,4,4,4,4,4,4,5,5,5,5,5,5,5,5,5,5,5,5,5,5,5,5,5,5,5,5,5,5,5,5,5,6,6,6,6,6,6,6,6,6,6,6,6,6,6,6,6,6,6,6,6,6,6,6,6,6,6,7,7,7,7,7,7,7,7,7,7,7,7,7,7,7,7,7,7,7,7,7,7,7,7,7,7,7,8,8,8,8,8,8,8,8,8,8,8,8,8,8,8,8,8,8,8,8,8,8,8,8,8,8,8,8,9,9,9,9,9,9,9,9,9,9,9,9,9,9,9,9,9,9,9,9,9,9,9,9,9,9,9,9,]9]>, test_3(java_testcases.junit.BUCKETSORT_Test): expected:<[[11,12,13,14,15,16,17,18,19,20]]> but was:<[[0,0,0,0,0,0,0,0,0,0,0,0,0,0,0,0,0,0,0,0,1,1,1,1,1,1,1,1,1,1,1,1,1,1,1,1,1,1,1,2,2,2,2,2,2,2,2,2,2,2,2,2,2,2,2,2,2,3,3,3,3,3,3,3,3,3,3,3,3,3,3,3,3,3,4,4,4,4,4,4,4,4,4,4,4,4,4,4,4,4,5,5,5,5,5,5,5,5,5,5,5,5,5,5,5,6,6,6,6,6,6,6,6,6,6,6,6,6,6,7,7,7,7,7,7,7,7,7,7,7,7,7,8,8,8,8,8,8,8,8,8,8,8,8,9,9,9,9,9,9,9,9,9,9,9]]>, test_5(java_testcases.junit.BUCKETSORT_Test): expected:<[0,[1,2,3,4,5,5,6,7,8,9]]> but was:<[0,[0,0,0,0,0,0,0,1,1,1,1,1,2,2,2,3,4,4,4,4,4,4,4,4,4,5,5,5,5,5,5,7,7,7,7,7,7,7,8,8,8,8,9,9,10,10,10,10,10]]>]
07:53:22.896 [pool-59-thread-1] INFO  f.i.l.r.n.synth.SMTNopolSynthesizer - Not enough specifications: 0. A trivial patch is "true" or "false", please write new tests specifying SourceLocation java_programs.BUCKETSORT:16.
07:53:22.896 [pool-2-thread-1] DEBUG fr.inria.lille.repair.nopol.NoPol - statement #28
07:53:22.896 [pool-2-thread-1] DEBUG fr.inria.lille.repair.nopol.NoPol - Analysing SourceLocation java_programs.BUCKETSORT:15 which is executed by 6 tests
1603217033
07:53:22.968 [pool-2-thread-1] INFO  fr.inria.lille.repair.nopol.NoPol - ----INFORMATION----
07:53:22.990 [pool-2-thread-1] INFO  fr.inria.lille.repair.nopol.NoPol - Nb classes : 3
07:53:22.990 [pool-2-thread-1] INFO  fr.inria.lille.repair.nopol.NoPol - Nb methods : 9
07:53:22.990 [pool-2-thread-1] INFO  fr.inria.lille.repair.nopol.NoPol - Nb Statements Analyzed : 5
07:53:22.990 [pool-2-thread-1] INFO  fr.inria.lille.repair.nopol.NoPol - Nb Statements with Angelic Value Found : 0
07:53:22.990 [pool-2-thread-1] INFO  fr.inria.lille.repair.nopol.NoPol - Nb inputs in SMT : 0
07:53:22.991 [pool-2-thread-1] INFO  fr.inria.lille.repair.nopol.NoPol - Nb SMT level: 0
07:53:22.991 [pool-2-thread-1] INFO  fr.inria.lille.repair.nopol.NoPol - Nb variables in SMT : 0
07:53:22.991 [pool-2-thread-1] INFO  fr.inria.lille.repair.nopol.NoPol - NoPol Execution time : 14525ms
07:53:22.992 [pool-2-thread-1] INFO  fr.inria.lille.repair.nopol.NoPol - 
NO_ANGELIC_VALUE

real	0m15.236s
user	0m6.809s
sys	0m7.958s
\n\nNode: hpc060.ncg.ingrid.pt\n
\n\nDate: Tue Mar 30 07:53:23 EDT 2021\n
