cd /users2/cpca56132020/moliveira/folders/Figra_8_QUIXBUGS_LEVENSHTEIN/Figra_QuixBugs_LEVENSHTEIN_;
export JAVA_TOOL_OPTIONS="-Dfile.encoding=UTF8 -Duser.language=en-US -Duser.country=US -Duser.language=en";
TZ="America/New_York"; export TZ;
export PATH="/usr/lib/jvm/java-1.8.0-openjdk/bin:$PATH";
export JAVA_HOME="/usr/lib/jvm/java-1.8.0-openjdk/bin";
time java -Xmx4g -Xms1g -cp /users2/cpca56132020/moliveira/RepairThemAll/script/../libs/jtestex7.jar:/users2/cpca56132020/moliveira/RepairThemAll/script/../repair_tools/astor.jar fr.inria.main.evolution.AstorMain \
	-mode figra \
	-location . \
	-id LEVENSHTEIN- \
	-failing java_testcases.junit.LEVENSHTEIN_Test \
	-jvm4testexecution /usr/lib/jvm/java-1.8.0-openjdk/bin \
	-jvm4evosuitetestexecution /usr/lib/jvm/java-1.8.0-openjdk/bin \
	-maxgen 1000000 \
	-maxtime 120 \
	-stopfirst false \
	-seed 8 \
	-scope package \
	-population 1 \
	-javacompliancelevel 8 \
	-srcjavafolder src/main/java \
	-srctestfolder src/test/java \
	-binjavafolder target/classes \
	-bintestfolder target/test-classes \
	-parameters x:x:maxCombinationVariableLimit:true:maxVarCombination:1000 \
	-dependencies /users2/cpca56132020/moliveira/.m2/repository/junit/junit/4.11/junit-4.11.jar:/users2/cpca56132020/moliveira/.m2/repository/org/hamcrest/hamcrest-core/1.3/hamcrest-core-1.3.jar;
	echo "\n\nNode: `hostname`\n";
	echo "\n\nDate: `date`\n";
Picked up JAVA_TOOL_OPTIONS: -Dfile.encoding=UTF8 -Duser.language=en-US -Duser.country=US -Duser.language=en
11:53:17.918 [main] ERROR fr.inria.astor.approaches.figra.ExpressionReplaceOperator - Replacement does not work for  modify target.substring(1) to target.substring(1)
11:53:20.544 [main] ERROR fr.inria.astor.approaches.figra.ExpressionReplaceOperator - Replacement does not work for  modify target.charAt(0) to target.charAt(0)
11:53:24.815 [main] ERROR fr.inria.astor.approaches.figra.ExpressionReplaceOperator - Replacement does not work for  modify target.substring(1) to target.substring(1)
11:53:36.175 [main] ERROR fr.inria.astor.approaches.figra.ExpressionReplaceOperator - Replacement does not work for  modify source to source
11:53:48.104 [main] ERROR fr.inria.astor.approaches.figra.ExpressionReplaceOperator - Replacement does not work for  modify source.charAt(0) to source.charAt(0)
11:53:58.528 [main] ERROR fr.inria.astor.approaches.figra.ExpressionReplaceOperator - Replacement does not work for  modify source to source
11:54:21.267 [main] ERROR fr.inria.astor.approaches.figra.ExpressionReplaceOperator - Replacement does not work for  modify 1 to 1
11:54:23.554 [main] ERROR fr.inria.astor.approaches.figra.ExpressionReplaceOperator - Replacement does not work for  modify target to target
11:54:26.383 [main] ERROR fr.inria.astor.approaches.figra.ExpressionReplaceOperator - Replacement does not work for  modify target to target
11:54:38.978 [main] ERROR fr.inria.astor.approaches.figra.ExpressionReplaceOperator - Replacement does not work for  modify target to target
11:54:54.899 [main] ERROR fr.inria.astor.approaches.figra.ExpressionReplaceOperator - Replacement does not work for  modify target to target
11:54:56.654 [main] ERROR fr.inria.astor.approaches.figra.ExpressionReplaceOperator - Replacement does not work for  modify target to target
11:55:01.766 [main] ERROR fr.inria.astor.approaches.figra.ExpressionReplaceOperator - Replacement does not work for  modify source to source
11:55:03.659 [main] ERROR fr.inria.astor.approaches.figra.ExpressionReplaceOperator - Replacement does not work for  modify source.substring(1) to source.substring(1)
11:55:07.713 [main] ERROR fr.inria.astor.approaches.figra.ExpressionReplaceOperator - Replacement does not work for  modify source to source
11:55:08.814 [main] ERROR fr.inria.astor.approaches.figra.ExpressionReplaceOperator - Replacement does not work for  modify 1 to 1
11:55:10.192 [main] ERROR fr.inria.astor.approaches.figra.ExpressionReplaceOperator - Replacement does not work for  modify source to source
11:55:10.972 [main] ERROR fr.inria.astor.approaches.figra.ExpressionReplaceOperator - Replacement does not work for  modify source.substring(1) to source.substring(1)
11:55:26.479 [main] ERROR fr.inria.astor.approaches.figra.ExpressionReplaceOperator - Replacement does not work for  modify source.isEmpty() to source.isEmpty()
11:55:32.890 [main] ERROR fr.inria.astor.approaches.figra.ExpressionReplaceOperator - Replacement does not work for  modify target to target
11:55:38.623 [main] ERROR fr.inria.astor.approaches.figra.ExpressionReplaceOperator - Replacement does not work for  modify source to source
11:55:53.271 [main] ERROR fr.inria.astor.approaches.figra.ExpressionReplaceOperator - Replacement does not work for  modify source.substring(1) to source.substring(1)
11:56:07.377 [main] ERROR fr.inria.astor.approaches.figra.ExpressionReplaceOperator - Replacement does not work for  modify target.substring(1) to target.substring(1)
11:56:49.269 [main] ERROR fr.inria.astor.approaches.figra.ExpressionReplaceOperator - Replacement does not work for  modify source to source
11:57:37.409 [main] ERROR fr.inria.astor.approaches.figra.ExpressionReplaceOperator - Replacement does not work for  modify target to target
11:58:02.115 [main] ERROR fr.inria.astor.approaches.figra.ExpressionReplaceOperator - Replacement does not work for  modify java.lang.Math.min(java_programs.LEVENSHTEIN.levenshtein(source, target.substring(1)), java_programs.LEVENSHTEIN.levenshtein(source.substring(1), target.substring(1))) to java.lang.Math.min(java_programs.LEVENSHTEIN.levenshtein(source, target.substring(1)), java_programs.LEVENSHTEIN.levenshtein(source.substring(1), target.substring(1)))
11:58:25.393 [main] ERROR fr.inria.astor.approaches.figra.ExpressionReplaceOperator - Replacement does not work for  modify source.isEmpty() to source.isEmpty()
11:58:26.503 [main] ERROR fr.inria.astor.approaches.figra.ExpressionReplaceOperator - Replacement does not work for  modify source.charAt(0) == target.charAt(0) to source.charAt(0) == target.charAt(0)
11:58:50.513 [main] ERROR fr.inria.astor.approaches.figra.ExpressionReplaceOperator - Replacement does not work for  modify source.isEmpty() || target.isEmpty() to source.isEmpty() || target.isEmpty()
12:00:01.396 [main] ERROR fr.inria.astor.approaches.figra.ExpressionReplaceOperator - Replacement does not work for  modify java.lang.Math.min(java.lang.Math.min(java_programs.LEVENSHTEIN.levenshtein(source, target.substring(1)), java_programs.LEVENSHTEIN.levenshtein(source.substring(1), target.substring(1))), java_programs.LEVENSHTEIN.levenshtein(source.substring(1), target)) to java.lang.Math.min(java.lang.Math.min(java_programs.LEVENSHTEIN.levenshtein(source, target.substring(1)), java_programs.LEVENSHTEIN.levenshtein(source.substring(1), target.substring(1))), java_programs.LEVENSHTEIN.levenshtein(source.substring(1), target))
12:00:37.017 [main] ERROR fr.inria.astor.approaches.figra.ExpressionReplaceOperator - Replacement does not work for  modify target.isEmpty() to target.isEmpty()
12:01:19.532 [main] ERROR fr.inria.astor.approaches.figra.ExpressionReplaceOperator - Replacement does not work for  modify source.isEmpty() ? target.length() : source.length() to source.isEmpty() ? target.length() : source.length()
12:02:36.882 [main] ERROR fr.inria.astor.approaches.figra.ExpressionReplaceOperator - Replacement does not work for  modify java_programs.LEVENSHTEIN.levenshtein(source.substring(1), target.substring(1)) to java_programs.LEVENSHTEIN.levenshtein(source.substring(1), target.substring(1))
12:04:34.102 [main] ERROR fr.inria.astor.approaches.figra.ExpressionReplaceOperator - Replacement does not work for  modify source.charAt(0) == target.charAt(0) to source.charAt(0) == target.charAt(0)
12:08:16.760 [main] ERROR fr.inria.astor.approaches.figra.ExpressionReplaceOperator - Replacement does not work for  modify java_programs.LEVENSHTEIN.levenshtein(source, target.substring(1)) to java_programs.LEVENSHTEIN.levenshtein(source, target.substring(1))
12:08:31.424 [main] ERROR fr.inria.astor.approaches.figra.ExpressionReplaceOperator - Replacement does not work for  modify 0 to 0
12:09:10.576 [main] ERROR fr.inria.astor.approaches.figra.ExpressionReplaceOperator - Replacement does not work for  modify java_programs.LEVENSHTEIN.levenshtein(source.substring(1), target.substring(1)) to java_programs.LEVENSHTEIN.levenshtein(source.substring(1), target.substring(1))
12:10:27.558 [main] ERROR fr.inria.astor.approaches.figra.ExpressionReplaceOperator - Replacement does not work for  modify java_programs.LEVENSHTEIN.levenshtein(source.substring(1), target) to java_programs.LEVENSHTEIN.levenshtein(source.substring(1), target)
12:11:46.268 [main] ERROR fr.inria.astor.approaches.figra.ExpressionReplaceOperator - Replacement does not work for  modify 1 + java.lang.Math.min(java.lang.Math.min(java_programs.LEVENSHTEIN.levenshtein(source, target.substring(1)), java_programs.LEVENSHTEIN.levenshtein(source.substring(1), target.substring(1))), java_programs.LEVENSHTEIN.levenshtein(source.substring(1), target)) to 1 + java.lang.Math.min(java.lang.Math.min(java_programs.LEVENSHTEIN.levenshtein(source, target.substring(1)), java_programs.LEVENSHTEIN.levenshtein(source.substring(1), target.substring(1))), java_programs.LEVENSHTEIN.levenshtein(source.substring(1), target))

real	20m53.893s
user	19m56.508s
sys	0m47.924s
\n\nNode: hpc060.ncg.ingrid.pt\n
\n\nDate: Wed Apr  7 12:13:59 EDT 2021\n
