cd /users2/cpca56132020/moliveira/folders/Figra_28_QUIXBUGS_GET_FACTORS/Figra_QuixBugs_GET_FACTORS_;
export JAVA_TOOL_OPTIONS="-Dfile.encoding=UTF8 -Duser.language=en-US -Duser.country=US -Duser.language=en";
TZ="America/New_York"; export TZ;
export PATH="/usr/lib/jvm/java-1.8.0-openjdk/bin:$PATH";
export JAVA_HOME="/usr/lib/jvm/java-1.8.0-openjdk/bin";
time java -Xmx4g -Xms1g -cp /users2/cpca56132020/moliveira/RepairThemAll/script/../libs/jtestex7.jar:/users2/cpca56132020/moliveira/RepairThemAll/script/../repair_tools/astor.jar fr.inria.main.evolution.AstorMain \
	-mode figra \
	-location . \
	-id GET_FACTORS- \
	-failing java_testcases.junit.GET_FACTORS_Test \
	-jvm4testexecution /usr/lib/jvm/java-1.8.0-openjdk/bin \
	-jvm4evosuitetestexecution /usr/lib/jvm/java-1.8.0-openjdk/bin \
	-maxgen 1000000 \
	-maxtime 120 \
	-stopfirst false \
	-seed 28 \
	-scope package \
	-population 1 \
	-javacompliancelevel 8 \
	-srcjavafolder src/main/java \
	-srctestfolder src/test/java \
	-binjavafolder target/classes \
	-bintestfolder target/test-classes \
	-parameters x:x:maxCombinationVariableLimit:true:maxVarCombination:1000 \
	-dependencies /users2/cpca56132020/moliveira/.m2/repository/junit/junit/4.11/junit-4.11.jar:/users2/cpca56132020/moliveira/.m2/repository/org/hamcrest/hamcrest-core/1.3/hamcrest-core-1.3.jar;
	echo "\n\nNode: `hostname`\n";
	echo "\n\nDate: `date`\n";
Picked up JAVA_TOOL_OPTIONS: -Dfile.encoding=UTF8 -Duser.language=en-US -Duser.country=US -Duser.language=en
12:01:38.151 [main] ERROR fr.inria.astor.approaches.figra.ExpressionReplaceOperator - Replacement does not work for  modify prepend to prepend
12:01:40.067 [main] ERROR fr.inria.astor.approaches.figra.ExpressionReplaceOperator - Replacement does not work for  modify i to i
12:01:42.185 [main] ERROR fr.inria.astor.approaches.figra.ExpressionReplaceOperator - Replacement does not work for  modify prepend to prepend
12:01:45.825 [main] ERROR fr.inria.astor.approaches.figra.ExpressionReplaceOperator - error to modify i++ to 0
12:01:55.915 [main] ERROR fr.inria.astor.approaches.figra.ExpressionReplaceOperator - Replacement does not work for  modify java.lang.Math.sqrt(n) to java.lang.Math.sqrt(n)
12:04:52.752 [main] ERROR fr.inria.astor.approaches.figra.ExpressionReplaceOperator - Replacement does not work for  modify ((int) (java.lang.Math.sqrt(n) + 1.0)) to ((int) (java.lang.Math.sqrt(n) + 1.0))
12:05:26.953 [main] ERROR fr.inria.astor.approaches.figra.ExpressionReplaceOperator - Replacement does not work for  modify prepend.addAll(java_programs.GET_FACTORS.get_factors(n / i)) to prepend.addAll(java_programs.GET_FACTORS.get_factors(n / i))
12:05:37.363 [main] ERROR fr.inria.astor.approaches.figra.ExpressionReplaceOperator - Replacement does not work for  modify 1.0 to 1.0
12:09:02.093 [main] ERROR fr.inria.astor.approaches.figra.ExpressionReplaceOperator - Replacement does not work for  modify prepend.add(i) to prepend.add(i)
12:09:22.784 [main] ERROR fr.inria.astor.approaches.figra.ExpressionReplaceOperator - Replacement does not work for  modify n to n
12:10:50.748 [main] ERROR fr.inria.astor.approaches.figra.ExpressionReplaceOperator - Replacement does not work for  modify i to i
12:11:41.998 [main] ERROR fr.inria.astor.approaches.figra.ExpressionReplaceOperator - Replacement does not work for  modify new java.util.ArrayList<java.lang.Integer>() to new java.util.ArrayList<java.lang.Integer>()
12:12:15.198 [main] ERROR fr.inria.astor.approaches.figra.ExpressionReplaceOperator - Replacement does not work for  modify java_programs.GET_FACTORS.get_factors(n / i) to java_programs.GET_FACTORS.get_factors(n / i)
12:15:14.051 [main] ERROR fr.inria.astor.approaches.figra.ExpressionReplaceOperator - Replacement does not work for  modify n to n
12:17:08.415 [main] ERROR fr.inria.astor.approaches.figra.ExpressionReplaceOperator - Replacement does not work for  modify new java.util.ArrayList<java.lang.Integer>(0) to new java.util.ArrayList<java.lang.Integer>(0)
12:18:11.067 [main] ERROR fr.inria.astor.approaches.figra.ExpressionReplaceOperator - Replacement does not work for  modify (n % i) to (n % i)
12:32:16.173 [main] ERROR fr.inria.astor.approaches.figra.ExpressionReplaceOperator - Replacement does not work for  modify i to i
12:32:26.419 [main] ERROR fr.inria.astor.approaches.figra.ExpressionReplaceOperator - Replacement does not work for  modify 0 to 0
12:41:10.248 [main] ERROR fr.inria.astor.approaches.figra.ExpressionReplaceOperator - Replacement does not work for  modify 2 to 2
12:46:22.625 [main] ERROR fr.inria.astor.approaches.figra.ExpressionReplaceOperator - Replacement does not work for  modify n == 1 to n == 1
12:46:53.429 [main] ERROR fr.inria.astor.approaches.figra.ExpressionReplaceOperator - Replacement does not work for  modify i++ to i++
12:47:24.179 [main] ERROR fr.inria.astor.approaches.figra.ExpressionReplaceOperator - Replacement does not work for  modify 0 to 0
12:49:39.416 [main] ERROR fr.inria.astor.approaches.figra.ExpressionReplaceOperator - Replacement does not work for  modify (n % i) == 0 to (n % i) == 0
12:59:21.119 [main] ERROR fr.inria.astor.approaches.figra.ExpressionReplaceOperator - Replacement does not work for  modify prepend to prepend
13:13:05.396 [main] ERROR fr.inria.astor.approaches.figra.ExpressionReplaceOperator - Replacement does not work for  modify i < max to i < max
13:20:29.323 [main] ERROR fr.inria.astor.approaches.figra.ExpressionReplaceOperator - Replacement does not work for  modify (n % i) to (n % i)
13:23:05.821 [main] ERROR fr.inria.astor.approaches.figra.ExpressionReplaceOperator - Replacement does not work for  modify 1 to 1
13:27:01.354 [main] ERROR fr.inria.astor.approaches.figra.ExpressionReplaceOperator - Replacement does not work for  modify n / i to n / i
13:30:09.244 [main] ERROR fr.inria.astor.approaches.figra.ExpressionReplaceOperator - Replacement does not work for  modify n / i to n / i
13:40:38.846 [main] ERROR fr.inria.astor.approaches.figra.ExpressionReplaceOperator - Replacement does not work for  modify max to max
13:50:03.617 [main] ERROR fr.inria.astor.approaches.figra.ExpressionReplaceOperator - Replacement does not work for  modify i to i
Astor Output:

General stats:
EXECUTION_IDENTIFIER=GET_FACTORS-
TOTAL_TIME=7202.618
NR_GENERATIONS=940
NR_RIGHT_COMPILATIONS=917
NR_FAILLING_COMPILATIONS=23
NR_ERRONEOUS_VARIANCES=null
NR_FAILING_VALIDATION_PROCESS=null
OUTPUT_STATUS=TIME_OUT

Patch stats:


real	120m21.801s
user	3m10.205s
sys	0m23.953s
\n\nNode: hpc063.ncg.ingrid.pt\n
\n\nDate: Wed Apr  7 14:01:41 EDT 2021\n
