cd /users2/cpca56132020/moliveira/folders/Nopol_QUIXBUGS_LIS/Nopol_QuixBugs_LIS_;
export JAVA_TOOL_OPTIONS="-Dfile.encoding=UTF8 -Duser.language=en-US -Duser.country=US -Duser.language=en";
TZ="America/New_York"; export TZ;
export PATH="/users2/cpca56132020/moliveira/deps/jdk-8/bin:$PATH";
export JAVA_HOME="/users2/cpca56132020/moliveira/deps/jdk-8/bin";
time java -Xmx4g -Xms1g -cp /users2/cpca56132020/moliveira/RepairThemAll/script/../repair_tools/nopol.jar:/users2/cpca56132020/moliveira/deps/jdk-8/bin/../lib/tools.jar fr.inria.lille.repair.Main \
	--mode repair \
	--type pre_then_cond \
	--oracle angelic \
	--synthesis smt \
	--flocal gzoltar \
	--json \
	--solver z3 \
	--solver-path /users2/cpca56132020/moliveira/RepairThemAll/script/../libs/z3/build/z3 \
	--complianceLevel 8 \
	--source src/main/java \
	--classpath "target/classes:target/test-classes:/users2/cpca56132020/moliveira/.m2/repository/junit/junit/4.11/junit-4.11.jar:/users2/cpca56132020/moliveira/.m2/repository/org/hamcrest/hamcrest-core/1.3/hamcrest-core-1.3.jar:/users2/cpca56132020/moliveira/RepairThemAll/script/../repair_tools/nopol.jar";
	echo "\n\nNode: `hostname`\n";
	echo "\n\nDate: `date`\n";
Picked up JAVA_TOOL_OPTIONS: -Dfile.encoding=UTF8 -Duser.language=en-US -Duser.country=US -Duser.language=en
07:53:10.823 [main] INFO  fr.inria.lille.repair.nopol.NoPol - Source files: [src/main/java]
07:53:10.825 [main] INFO  fr.inria.lille.repair.nopol.NoPol - Classpath: [file:/users2/cpca56132020/moliveira/folders/Nopol_QUIXBUGS_LIS/Nopol_QuixBugs_LIS_/target/classes/, file:/users2/cpca56132020/moliveira/folders/Nopol_QUIXBUGS_LIS/Nopol_QuixBugs_LIS_/target/test-classes/, file:/users2/cpca56132020/moliveira/.m2/repository/junit/junit/4.11/junit-4.11.jar, file:/users2/cpca56132020/moliveira/.m2/repository/org/hamcrest/hamcrest-core/1.3/hamcrest-core-1.3.jar, file:/users2/cpca56132020/moliveira/RepairThemAll/script/../repair_tools/nopol.jar]
07:53:10.825 [main] INFO  fr.inria.lille.repair.nopol.NoPol - Statement type: PRE_THEN_COND
07:53:10.826 [main] INFO  fr.inria.lille.repair.nopol.NoPol - Args: [java_testcases.junit.LIS_Test]
07:53:10.828 [main] INFO  fr.inria.lille.repair.nopol.NoPol - Config: Config{synthesisDepth=3, collectStaticMethods=true, collectStaticFields=false, collectLiterals=false, onlyOneSynthesisResult=true, sortExpressions=true, maxLineInvocationPerTest=250, timeoutMethodInvocation=2000, dataCollectionTimeoutInSecondForSynthesis=900, addWeight=0.19478, subWeight=0.04554, mulWeight=0.0102, divWeight=0.00613, andWeight=0.10597, orWeight=0.05708, eqWeight=0.22798, nEqWeight=0.0, lessEqWeight=0.0255, lessWeight=0.0947, methodCallWeight=0.1, fieldAccessWeight=0.08099, constantWeight=0.14232, variableWeight=0.05195, mode=REPAIR, type=PRE_THEN_COND, synthesis=SMT, oracle=ANGELIC, solver=Z3, solverPath='/users2/cpca56132020/moliveira/RepairThemAll/script/../libs/z3/build/z3', projectSources=[src/main/java], projectClasspath='[Ljava.net.URL;@16c0663d', projectTests=[java_testcases.junit.LIS_Test], complianceLevel=8, outputFolder=., json=true}
07:53:10.828 [main] INFO  fr.inria.lille.repair.nopol.NoPol - Available processors (cores): 1
07:53:10.831 [main] INFO  fr.inria.lille.repair.nopol.NoPol - Free memory: 968 MB
07:53:10.831 [main] INFO  fr.inria.lille.repair.nopol.NoPol - Maximum memory: 3 GB
07:53:10.831 [main] INFO  fr.inria.lille.repair.nopol.NoPol - Total memory available to JVM: 989 MB
07:53:10.831 [main] INFO  fr.inria.lille.repair.nopol.NoPol - Java version: 1.8.0_282
07:53:10.834 [main] INFO  fr.inria.lille.repair.nopol.NoPol - JAVA_HOME: /users2/cpca56132020/moliveira/deps/jdk-8/bin
07:53:10.834 [main] INFO  fr.inria.lille.repair.nopol.NoPol - PATH: /users2/cpca56132020/moliveira/deps/jdk-8/bin:/users2/cpca56132020/moliveira/deps/Maven/apache-maven/bin:/users2/cpca56132020/moliveira/deps/Gradle/gradle-6.8.3/bin:/usr/condabin:/usr/local/bin:/usr/bin:/usr/local/sbin:/usr/sbin:/users2/cpca56132020/moliveira/.local/bin:/users2/cpca56132020/moliveira/bin
07:53:26.551 [pool-2-thread-1] DEBUG fr.inria.lille.repair.nopol.NoPol - statement #1
07:53:26.553 [pool-2-thread-1] DEBUG fr.inria.lille.repair.nopol.NoPol - Analysing SourceLocation java_programs.LIS:36 which is executed by 4 tests
75383
07:53:26.741 [pool-2-thread-1] DEBUG fr.inria.lille.repair.nopol.NoPol - statement #2
07:53:26.742 [pool-2-thread-1] DEBUG fr.inria.lille.repair.nopol.NoPol - Analysing SourceLocation java_programs.LIS:34 which is executed by 4 tests
75383
07:53:26.861 [pool-2-thread-1] DEBUG fr.inria.lille.repair.nopol.NoPol - looking with class fr.inria.lille.repair.nopol.spoon.smt.ConditionalAdder
07:53:28.308 [pool-3-thread-1] DEBUG tests.output - Failing tests with false: 
[test_0(java_testcases.junit.LIS_Test): expected:<3> but was:<1>, test_2(java_testcases.junit.LIS_Test): expected:<3> but was:<1>, test_1(java_testcases.junit.LIS_Test): expected:<6> but was:<7>, test_3(java_testcases.junit.LIS_Test): expected:<4> but was:<2>]
07:53:28.309 [pool-3-thread-1] DEBUG tests.output - Failing tests with true: 
[test_0(java_testcases.junit.LIS_Test): expected:<3> but was:<2>, test_2(java_testcases.junit.LIS_Test): expected:<3> but was:<1>, test_1(java_testcases.junit.LIS_Test): expected:<6> but was:<5>, test_3(java_testcases.junit.LIS_Test): expected:<4> but was:<3>]
07:53:28.309 [pool-3-thread-1] INFO  f.i.l.r.n.synth.SMTNopolSynthesizer - Not enough specifications: 0. A trivial patch is "true" or "false", please write new tests specifying SourceLocation java_programs.LIS:34.
07:53:28.309 [pool-2-thread-1] DEBUG fr.inria.lille.repair.nopol.NoPol - statement #3
07:53:28.309 [pool-2-thread-1] DEBUG fr.inria.lille.repair.nopol.NoPol - Analysing SourceLocation java_programs.LIS:31 which is executed by 4 tests
75383
07:53:28.376 [pool-2-thread-1] DEBUG fr.inria.lille.repair.nopol.NoPol - looking with class fr.inria.lille.repair.nopol.spoon.smt.ConditionalAdder
07:53:29.399 [pool-13-thread-1] DEBUG tests.output - Failing tests with false: 
[test_0(java_testcases.junit.LIS_Test): expected:<3> but was:<0>, test_2(java_testcases.junit.LIS_Test): expected:<3> but was:<0>, test_1(java_testcases.junit.LIS_Test): expected:<6> but was:<0>, test_3(java_testcases.junit.LIS_Test): expected:<4> but was:<0>]
07:53:29.399 [pool-13-thread-1] DEBUG tests.output - Failing tests with true: 
[test_0(java_testcases.junit.LIS_Test): expected:<3> but was:<2>, test_2(java_testcases.junit.LIS_Test): expected:<3> but was:<1>, test_1(java_testcases.junit.LIS_Test): expected:<6> but was:<5>, test_3(java_testcases.junit.LIS_Test): expected:<4> but was:<3>]
07:53:29.399 [pool-13-thread-1] INFO  f.i.l.r.n.synth.SMTNopolSynthesizer - Not enough specifications: 0. A trivial patch is "true" or "false", please write new tests specifying SourceLocation java_programs.LIS:31.
07:53:29.401 [pool-2-thread-1] DEBUG fr.inria.lille.repair.nopol.NoPol - statement #4
07:53:29.402 [pool-2-thread-1] DEBUG fr.inria.lille.repair.nopol.NoPol - Analysing SourceLocation java_programs.LIS:30 which is executed by 4 tests
75383
07:53:29.508 [pool-2-thread-1] DEBUG fr.inria.lille.repair.nopol.NoPol - looking with class fr.inria.lille.repair.nopol.spoon.smt.ConditionalAdder
07:53:30.485 [pool-23-thread-1] DEBUG tests.output - Failing tests with false: 
[test_0(java_testcases.junit.LIS_Test): null, test_2(java_testcases.junit.LIS_Test): null, test_1(java_testcases.junit.LIS_Test): null, test_3(java_testcases.junit.LIS_Test): null]
07:53:30.486 [pool-23-thread-1] DEBUG tests.output - Failing tests with true: 
[test_0(java_testcases.junit.LIS_Test): expected:<3> but was:<2>, test_2(java_testcases.junit.LIS_Test): expected:<3> but was:<1>, test_1(java_testcases.junit.LIS_Test): expected:<6> but was:<5>, test_3(java_testcases.junit.LIS_Test): expected:<4> but was:<3>]
07:53:30.486 [pool-23-thread-1] INFO  f.i.l.r.n.synth.SMTNopolSynthesizer - Not enough specifications: 0. A trivial patch is "true" or "false", please write new tests specifying SourceLocation java_programs.LIS:30.
07:53:30.487 [pool-2-thread-1] DEBUG fr.inria.lille.repair.nopol.NoPol - statement #5
07:53:30.487 [pool-2-thread-1] DEBUG fr.inria.lille.repair.nopol.NoPol - Analysing SourceLocation java_programs.LIS:29 which is executed by 4 tests
75383
07:53:30.578 [pool-2-thread-1] DEBUG fr.inria.lille.repair.nopol.NoPol - looking with class fr.inria.lille.repair.nopol.spoon.smt.ConditionalAdder
07:53:31.471 [pool-33-thread-1] DEBUG tests.output - Failing tests with false: 
[test_0(java_testcases.junit.LIS_Test): expected:<3> but was:<0>, test_2(java_testcases.junit.LIS_Test): expected:<3> but was:<0>, test_1(java_testcases.junit.LIS_Test): expected:<6> but was:<0>, test_3(java_testcases.junit.LIS_Test): expected:<4> but was:<0>]
07:53:31.471 [pool-33-thread-1] DEBUG tests.output - Failing tests with true: 
[test_0(java_testcases.junit.LIS_Test): expected:<3> but was:<2>, test_2(java_testcases.junit.LIS_Test): expected:<3> but was:<1>, test_1(java_testcases.junit.LIS_Test): expected:<6> but was:<5>, test_3(java_testcases.junit.LIS_Test): expected:<4> but was:<3>]
07:53:31.471 [pool-33-thread-1] INFO  f.i.l.r.n.synth.SMTNopolSynthesizer - Not enough specifications: 0. A trivial patch is "true" or "false", please write new tests specifying SourceLocation java_programs.LIS:29.
07:53:31.472 [pool-2-thread-1] DEBUG fr.inria.lille.repair.nopol.NoPol - looking with class fr.inria.lille.repair.nopol.spoon.smt.ConditionalReplacer
07:53:32.262 [pool-43-thread-1] DEBUG tests.output - Failing tests with false: 
[test_0(java_testcases.junit.LIS_Test): expected:<3> but was:<0>, test_2(java_testcases.junit.LIS_Test): expected:<3> but was:<0>, test_1(java_testcases.junit.LIS_Test): expected:<6> but was:<0>, test_3(java_testcases.junit.LIS_Test): expected:<4> but was:<0>]
07:53:32.262 [pool-43-thread-1] DEBUG tests.output - Failing tests with true: 
[test_0(java_testcases.junit.LIS_Test): expected:<3> but was:<2>, test_2(java_testcases.junit.LIS_Test): expected:<3> but was:<1>, test_1(java_testcases.junit.LIS_Test): expected:<6> but was:<5>, test_3(java_testcases.junit.LIS_Test): expected:<4> but was:<3>]
07:53:32.262 [pool-43-thread-1] INFO  f.i.l.r.n.synth.SMTNopolSynthesizer - Not enough specifications: 0. A trivial patch is "true" or "false", please write new tests specifying SourceLocation java_programs.LIS:29.
07:53:32.262 [pool-2-thread-1] DEBUG fr.inria.lille.repair.nopol.NoPol - statement #6
07:53:32.263 [pool-2-thread-1] DEBUG fr.inria.lille.repair.nopol.NoPol - Analysing SourceLocation java_programs.LIS:27 which is executed by 4 tests
75383
07:53:32.340 [pool-2-thread-1] DEBUG fr.inria.lille.repair.nopol.NoPol - statement #7
07:53:32.340 [pool-2-thread-1] DEBUG fr.inria.lille.repair.nopol.NoPol - Analysing SourceLocation java_programs.LIS:23 which is executed by 4 tests
75383
07:53:32.411 [pool-2-thread-1] DEBUG fr.inria.lille.repair.nopol.NoPol - looking with class fr.inria.lille.repair.nopol.spoon.smt.ConditionalAdder
07:53:33.024 [pool-53-thread-1] DEBUG tests.output - Failing tests with false: 
[test_0(java_testcases.junit.LIS_Test): expected:<3> but was:<1>, test_2(java_testcases.junit.LIS_Test): expected:<3> but was:<1>, test_1(java_testcases.junit.LIS_Test): expected:<6> but was:<1>, test_3(java_testcases.junit.LIS_Test): expected:<4> but was:<1>]
07:53:33.024 [pool-53-thread-1] DEBUG tests.output - Failing tests with true: 
[test_0(java_testcases.junit.LIS_Test): expected:<3> but was:<2>, test_2(java_testcases.junit.LIS_Test): expected:<3> but was:<1>, test_1(java_testcases.junit.LIS_Test): expected:<6> but was:<5>, test_3(java_testcases.junit.LIS_Test): expected:<4> but was:<3>]
07:53:33.024 [pool-53-thread-1] INFO  f.i.l.r.n.synth.SMTNopolSynthesizer - Not enough specifications: 0. A trivial patch is "true" or "false", please write new tests specifying SourceLocation java_programs.LIS:23.
07:53:33.025 [pool-2-thread-1] DEBUG fr.inria.lille.repair.nopol.NoPol - statement #8
07:53:33.025 [pool-2-thread-1] DEBUG fr.inria.lille.repair.nopol.NoPol - Analysing SourceLocation java_programs.LIS:22 which is executed by 4 tests
75383
07:53:33.096 [pool-2-thread-1] DEBUG fr.inria.lille.repair.nopol.NoPol - looking with class fr.inria.lille.repair.nopol.spoon.smt.ConditionalAdder
07:53:33.618 [pool-63-thread-1] DEBUG tests.output - Failing tests with false: 
[test_0(java_testcases.junit.LIS_Test): expected:<3> but was:<1>, test_2(java_testcases.junit.LIS_Test): expected:<3> but was:<1>, test_1(java_testcases.junit.LIS_Test): expected:<6> but was:<1>, test_3(java_testcases.junit.LIS_Test): expected:<4> but was:<1>]
07:53:33.618 [pool-63-thread-1] DEBUG tests.output - Failing tests with true: 
[test_0(java_testcases.junit.LIS_Test): expected:<3> but was:<2>, test_2(java_testcases.junit.LIS_Test): expected:<3> but was:<1>, test_1(java_testcases.junit.LIS_Test): expected:<6> but was:<5>, test_3(java_testcases.junit.LIS_Test): expected:<4> but was:<3>]
07:53:33.618 [pool-63-thread-1] INFO  f.i.l.r.n.synth.SMTNopolSynthesizer - Not enough specifications: 0. A trivial patch is "true" or "false", please write new tests specifying SourceLocation java_programs.LIS:22.
07:53:33.619 [pool-2-thread-1] DEBUG fr.inria.lille.repair.nopol.NoPol - looking with class fr.inria.lille.repair.nopol.spoon.smt.ConditionalReplacer
07:53:34.205 [pool-73-thread-1] DEBUG tests.output - Failing tests with false: 
[test_0(java_testcases.junit.LIS_Test): expected:<3> but was:<1>, test_2(java_testcases.junit.LIS_Test): expected:<3> but was:<1>, test_1(java_testcases.junit.LIS_Test): expected:<6> but was:<1>, test_3(java_testcases.junit.LIS_Test): expected:<4> but was:<1>]
07:53:34.205 [pool-73-thread-1] DEBUG tests.output - Failing tests with true: 
[test_0(java_testcases.junit.LIS_Test): expected:<3> but was:<7>, test_2(java_testcases.junit.LIS_Test): expected:<3> but was:<7>, test_1(java_testcases.junit.LIS_Test): expected:<6> but was:<9>, test_3(java_testcases.junit.LIS_Test): expected:<4> but was:<6>]
07:53:34.205 [pool-73-thread-1] INFO  f.i.l.r.n.synth.SMTNopolSynthesizer - Not enough specifications: 0. A trivial patch is "true" or "false", please write new tests specifying SourceLocation java_programs.LIS:22.
07:53:34.206 [pool-2-thread-1] DEBUG fr.inria.lille.repair.nopol.NoPol - statement #9
07:53:34.206 [pool-2-thread-1] DEBUG fr.inria.lille.repair.nopol.NoPol - Analysing SourceLocation java_programs.LIS:21 which is executed by 4 tests
75383
07:53:34.287 [pool-2-thread-1] DEBUG fr.inria.lille.repair.nopol.NoPol - looking with class fr.inria.lille.repair.nopol.spoon.smt.ConditionalAdder
07:53:34.935 [pool-83-thread-1] DEBUG tests.output - Failing tests with false: 
[test_0(java_testcases.junit.LIS_Test): expected:<3> but was:<1>, test_2(java_testcases.junit.LIS_Test): expected:<3> but was:<1>, test_1(java_testcases.junit.LIS_Test): expected:<6> but was:<1>, test_3(java_testcases.junit.LIS_Test): expected:<4> but was:<1>]
07:53:34.936 [pool-83-thread-1] DEBUG tests.output - Failing tests with true: 
[test_0(java_testcases.junit.LIS_Test): expected:<3> but was:<2>, test_2(java_testcases.junit.LIS_Test): expected:<3> but was:<1>, test_1(java_testcases.junit.LIS_Test): expected:<6> but was:<5>, test_3(java_testcases.junit.LIS_Test): expected:<4> but was:<3>]
07:53:34.936 [pool-83-thread-1] INFO  f.i.l.r.n.synth.SMTNopolSynthesizer - Not enough specifications: 0. A trivial patch is "true" or "false", please write new tests specifying SourceLocation java_programs.LIS:21.
07:53:34.937 [pool-2-thread-1] DEBUG fr.inria.lille.repair.nopol.NoPol - statement #10
07:53:34.937 [pool-2-thread-1] DEBUG fr.inria.lille.repair.nopol.NoPol - Analysing SourceLocation java_programs.LIS:20 which is executed by 4 tests
75383
07:53:35.006 [pool-2-thread-1] DEBUG fr.inria.lille.repair.nopol.NoPol - statement #11
07:53:35.006 [pool-2-thread-1] DEBUG fr.inria.lille.repair.nopol.NoPol - Analysing SourceLocation java_programs.LIS:18 which is executed by 4 tests
75383
07:53:35.076 [pool-2-thread-1] DEBUG fr.inria.lille.repair.nopol.NoPol - looking with class fr.inria.lille.repair.nopol.spoon.smt.ConditionalAdder
07:53:35.618 [pool-93-thread-1] DEBUG tests.output - Failing tests with false: 
[test_0(java_testcases.junit.LIS_Test): expected:<3> but was:<0>, test_2(java_testcases.junit.LIS_Test): expected:<3> but was:<0>, test_1(java_testcases.junit.LIS_Test): expected:<6> but was:<0>, test_3(java_testcases.junit.LIS_Test): expected:<4> but was:<0>]
07:53:35.618 [pool-93-thread-1] DEBUG tests.output - Failing tests with true: 
[test_0(java_testcases.junit.LIS_Test): expected:<3> but was:<2>, test_2(java_testcases.junit.LIS_Test): expected:<3> but was:<1>, test_1(java_testcases.junit.LIS_Test): expected:<6> but was:<5>, test_3(java_testcases.junit.LIS_Test): expected:<4> but was:<3>]
07:53:35.618 [pool-93-thread-1] INFO  f.i.l.r.n.synth.SMTNopolSynthesizer - Not enough specifications: 0. A trivial patch is "true" or "false", please write new tests specifying SourceLocation java_programs.LIS:18.
07:53:35.618 [pool-2-thread-1] DEBUG fr.inria.lille.repair.nopol.NoPol - statement #12
07:53:35.618 [pool-2-thread-1] DEBUG fr.inria.lille.repair.nopol.NoPol - Analysing SourceLocation java_programs.LIS:17 which is executed by 4 tests
75383
07:53:35.684 [pool-2-thread-1] DEBUG fr.inria.lille.repair.nopol.NoPol - statement #13
07:53:35.685 [pool-2-thread-1] DEBUG fr.inria.lille.repair.nopol.NoPol - Analysing SourceLocation java_programs.LIS:15 which is executed by 4 tests
75383
07:53:35.750 [pool-2-thread-1] DEBUG fr.inria.lille.repair.nopol.NoPol - statement #14
07:53:35.750 [pool-2-thread-1] DEBUG fr.inria.lille.repair.nopol.NoPol - Analysing SourceLocation java_programs.LIS:14 which is executed by 4 tests
75383
07:53:35.830 [pool-2-thread-1] INFO  fr.inria.lille.repair.nopol.NoPol - ----INFORMATION----
07:53:35.833 [pool-2-thread-1] INFO  fr.inria.lille.repair.nopol.NoPol - Nb classes : 3
07:53:35.834 [pool-2-thread-1] INFO  fr.inria.lille.repair.nopol.NoPol - Nb methods : 9
07:53:35.834 [pool-2-thread-1] INFO  fr.inria.lille.repair.nopol.NoPol - Nb Statements Analyzed : 10
07:53:35.834 [pool-2-thread-1] INFO  fr.inria.lille.repair.nopol.NoPol - Nb Statements with Angelic Value Found : 0
07:53:35.834 [pool-2-thread-1] INFO  fr.inria.lille.repair.nopol.NoPol - Nb inputs in SMT : 0
07:53:35.835 [pool-2-thread-1] INFO  fr.inria.lille.repair.nopol.NoPol - Nb SMT level: 0
07:53:35.839 [pool-2-thread-1] INFO  fr.inria.lille.repair.nopol.NoPol - Nb variables in SMT : 0
07:53:35.840 [pool-2-thread-1] INFO  fr.inria.lille.repair.nopol.NoPol - NoPol Execution time : 25009ms
07:53:35.840 [pool-2-thread-1] INFO  fr.inria.lille.repair.nopol.NoPol - 
NO_ANGELIC_VALUE

real	0m25.712s
user	0m11.818s
sys	0m7.797s
\n\nNode: hpc060.ncg.ingrid.pt\n
\n\nDate: Tue Mar 30 07:53:36 EDT 2021\n
