10:00:45.565 fr.inria.lille.repair.nopol.NoPol - Source files: [src/main/java]
10:00:45.568 fr.inria.lille.repair.nopol.NoPol - Classpath: [file:/users2/cpca56132020/moliveira/folders/Nopol_QUIXBUGS_REVERSE_LINKED_LIST/Nopol_QuixBugs_REVERSE_LINKED_LIST_/target/classes/, file:/users2/cpca56132020/moliveira/folders/Nopol_QUIXBUGS_REVERSE_LINKED_LIST/Nopol_QuixBugs_REVERSE_LINKED_LIST_/target/test-classes/, file:/users2/cpca56132020/moliveira/.m2/repository/junit/junit/4.11/junit-4.11.jar, file:/users2/cpca56132020/moliveira/.m2/repository/org/hamcrest/hamcrest-core/1.3/hamcrest-core-1.3.jar, file:/users2/cpca56132020/moliveira/RepairThemAll/script/../repair_tools/nopol.jar]
10:00:45.568 fr.inria.lille.repair.nopol.NoPol - Statement type: PRE_THEN_COND
10:00:45.568 fr.inria.lille.repair.nopol.NoPol - Args: []
10:00:45.570 fr.inria.lille.repair.nopol.NoPol - Config: Config{synthesisDepth=3, collectStaticMethods=true, collectStaticFields=false, collectLiterals=false, onlyOneSynthesisResult=true, sortExpressions=true, maxLineInvocationPerTest=250, timeoutMethodInvocation=2000, dataCollectionTimeoutInSecondForSynthesis=900, addWeight=0.19478, subWeight=0.04554, mulWeight=0.0102, divWeight=0.00613, andWeight=0.10597, orWeight=0.05708, eqWeight=0.22798, nEqWeight=0.0, lessEqWeight=0.0255, lessWeight=0.0947, methodCallWeight=0.1, fieldAccessWeight=0.08099, constantWeight=0.14232, variableWeight=0.05195, mode=REPAIR, type=PRE_THEN_COND, synthesis=SMT, oracle=ANGELIC, solver=Z3, solverPath='/users2/cpca56132020/moliveira/RepairThemAll/script/../libs/z3/build/z3', projectSources=[src/main/java], projectClasspath='[Ljava.net.URL;@16c0663d', projectTests=[], complianceLevel=8, outputFolder=., json=true}
10:00:45.571 fr.inria.lille.repair.nopol.NoPol - Available processors (cores): 1
10:00:45.574 fr.inria.lille.repair.nopol.NoPol - Free memory: 968 MB
10:00:45.574 fr.inria.lille.repair.nopol.NoPol - Maximum memory: 3 GB
10:00:45.574 fr.inria.lille.repair.nopol.NoPol - Total memory available to JVM: 989 MB
10:00:45.574 fr.inria.lille.repair.nopol.NoPol - Java version: 1.8.0_272
10:00:45.580 fr.inria.lille.repair.nopol.NoPol - JAVA_HOME: /usr/lib/jvm/java-1.8.0-openjdk/bin
10:00:45.580 fr.inria.lille.repair.nopol.NoPol - PATH: /usr/lib/jvm/java-1.8.0-openjdk/bin:/users2/cpca56132020/moliveira/deps/Maven/apache-maven/bin:/users2/cpca56132020/moliveira/deps/Gradle/gradle-6.8.3/bin:/usr/condabin:/usr/local/bin:/usr/bin:/usr/local/sbin:/usr/sbin:/users2/cpca56132020/moliveira/.local/bin:/users2/cpca56132020/moliveira/bin
10:01:00.453 fr.inria.lille.repair.nopol.NoPol - OOPS, no statement at all, no test results
10:01:00.455 fr.inria.lille.repair.nopol.NoPol - ----INFORMATION----
10:01:00.464 fr.inria.lille.repair.nopol.NoPol - Nb classes : 3
10:01:00.464 fr.inria.lille.repair.nopol.NoPol - Nb methods : 9
10:01:00.468 fr.inria.lille.repair.nopol.NoPol - Nb Statements Analyzed : 0
10:01:00.469 fr.inria.lille.repair.nopol.NoPol - Nb Statements with Angelic Value Found : 0
10:01:00.469 fr.inria.lille.repair.nopol.NoPol - Nb inputs in SMT : 0
10:01:00.470 fr.inria.lille.repair.nopol.NoPol - Nb SMT level: 0
10:01:00.470 fr.inria.lille.repair.nopol.NoPol - Nb variables in SMT : 0
10:01:00.470 fr.inria.lille.repair.nopol.NoPol - NoPol Execution time : 14891ms
10:01:00.471 fr.inria.lille.repair.nopol.NoPol - 
