cd /tmp/figra_Defects4J_Chart_6;
export JAVA_TOOL_OPTIONS="-Dfile.encoding=UTF8 -Duser.language=en-US -Duser.country=US -Duser.language=en";
TZ="America/New_York"; export TZ;
export PATH="/usr/lib/jvm/java-1.8.0-openjdk-amd64/bin/:$PATH";
export JAVA_HOME="/usr/lib/jvm/java-1.8.0-openjdk-amd64/bin/";
time java -Xmx4g -Xms1g -cp /home/maxoliveira/Tese/RepairThemAll/script/../libs/jtestex7.jar:/home/maxoliveira/Tese/RepairThemAll/script/../repair_tools/astor.jar fr.inria.main.evolution.AstorMain \
	-mode figra \
	-location . \
	-id Chart-6 \
	-failing org.jfree.chart.util.junit.ShapeListTests \
	-jvm4testexecution /usr/lib/jvm/jdk1.7.0_80/bin/ \
	-jvm4evosuitetestexecution /usr/lib/jvm/jdk1.7.0_80/bin/ \
	-maxgen 100000000 \
	-maxtime 180 \
	-stopfirst true \
	-seed 400 \
	-scope package \
	-population 1 \
	-javacompliancelevel 4 \
	-srcjavafolder source/ \
	-srctestfolder tests/ \
	-binjavafolder build/ \
	-bintestfolder build-tests/ \
	-parameters x:x:maxCombinationVariableLimit:true:maxVarCombination:1000:maxCombinationVariableLimit:true:maxVarCombination:1000:maxCombinationVariableLimit:true:maxVarCombination:1000:maxCombinationVariableLimit:true:maxVarCombination:1000:maxCombinationVariableLimit:true:maxVarCombination:1000:maxCombinationVariableLimit:true:maxVarCombination:1000:maxCombinationVariableLimit:true:maxVarCombination:1000:maxCombinationVariableLimit:true:maxVarCombination:1000:maxCombinationVariableLimit:true:maxVarCombination:1000:maxCombinationVariableLimit:true:maxVarCombination:1000:maxCombinationVariableLimit:true:maxVarCombination:1000:maxCombinationVariableLimit:true:maxVarCombination:1000:maxCombinationVariableLimit:true:maxVarCombination:1000:maxCombinationVariableLimit:true:maxVarCombination:1000:maxCombinationVariableLimit:true:maxVarCombination:1000:maxCombinationVariableLimit:true:maxVarCombination:1000:maxCombinationVariableLimit:true:maxVarCombination:1000:maxCombinationVariableLimit:true:maxVarCombination:1000:maxCombinationVariableLimit:true:maxVarCombination:1000:maxCombinationVariableLimit:true:maxVarCombination:1000:maxCombinationVariableLimit:true:maxVarCombination:1000:maxCombinationVariableLimit:true:maxVarCombination:1000:maxCombinationVariableLimit:true:maxVarCombination:1000:maxCombinationVariableLimit:true:maxVarCombination:1000:maxCombinationVariableLimit:true:maxVarCombination:1000:maxCombinationVariableLimit:true:maxVarCombination:1000:maxCombinationVariableLimit:true:maxVarCombination:1000:maxCombinationVariableLimit:true:maxVarCombination:1000:maxCombinationVariableLimit:true:maxVarCombination:1000:maxCombinationVariableLimit:true:maxVarCombination:1000:maxCombinationVariableLimit:true:maxVarCombination:1000:maxCombinationVariableLimit:true:maxVarCombination:1000:maxCombinationVariableLimit:true:maxVarCombination:1000:maxCombinationVariableLimit:true:maxVarCombination:1000:maxCombinationVariableLimit:true:maxVarCombination:1000:maxCombinationVariableLimit:true:maxVarCombination:1000:maxCombinationVariableLimit:true:maxVarCombination:1000:maxCombinationVariableLimit:true:maxVarCombination:1000:maxCombinationVariableLimit:true:maxVarCombination:1000:maxCombinationVariableLimit:true:maxVarCombination:1000:maxCombinationVariableLimit:true:maxVarCombination:1000:maxCombinationVariableLimit:true:maxVarCombination:1000:maxCombinationVariableLimit:true:maxVarCombination:1000:maxCombinationVariableLimit:true:maxVarCombination:1000:maxCombinationVariableLimit:true:maxVarCombination:1000:maxCombinationVariableLimit:true:maxVarCombination:1000:maxCombinationVariableLimit:true:maxVarCombination:1000:maxCombinationVariableLimit:true:maxVarCombination:1000:maxCombinationVariableLimit:true:maxVarCombination:1000:maxCombinationVariableLimit:true:maxVarCombination:1000:maxCombinationVariableLimit:true:maxVarCombination:1000:maxCombinationVariableLimit:true:maxVarCombination:1000:maxCombinationVariableLimit:true:maxVarCombination:1000:maxCombinationVariableLimit:true:maxVarCombination:1000:maxCombinationVariableLimit:true:maxVarCombination:1000:maxCombinationVariableLimit:true:maxVarCombination:1000:maxCombinationVariableLimit:true:maxVarCombination:1000:maxCombinationVariableLimit:true:maxVarCombination:1000:maxCombinationVariableLimit:true:maxVarCombination:1000:maxCombinationVariableLimit:true:maxVarCombination:1000:maxCombinationVariableLimit:true:maxVarCombination:1000:maxCombinationVariableLimit:true:maxVarCombination:1000:maxCombinationVariableLimit:true:maxVarCombination:1000:maxCombinationVariableLimit:true:maxVarCombination:1000:maxCombinationVariableLimit:true:maxVarCombination:1000:maxCombinationVariableLimit:true:maxVarCombination:1000:maxCombinationVariableLimit:true:maxVarCombination:1000:maxCombinationVariableLimit:true:maxVarCombination:1000:maxCombinationVariableLimit:true:maxVarCombination:1000:maxCombinationVariableLimit:true:maxVarCombination:1000:maxCombinationVariableLimit:true:maxVarCombination:1000 \
	-dependencies /tmp/figra_Defects4J_Chart_6/build/:/tmp/figra_Defects4J_Chart_6/build-tests/:/tmp/figra_Defects4J_Chart_6/lib/junit.jar:/tmp/figra_Defects4J_Chart_6/lib/itext-2.0.6.jar:/tmp/figra_Defects4J_Chart_6/lib/servlet.jar:/home/maxoliveira/Tese/RepairThemAll/script/../benchmarks/defects4j/framework/projects/lib/junit-4.11.jar;
	echo "\n\nNode: `hostname`\n";
	echo "\n\nDate: `date`\n";
Picked up JAVA_TOOL_OPTIONS: -Dfile.encoding=UTF8 -Duser.language=en-US -Duser.country=US -Duser.language=en
12:11:29.192 [main] ERROR fr.inria.astor.approaches.figra.ExpressionReplaceOperator - Replacement does not work for  modify stream to stream
12:11:29.995 [main] ERROR fr.inria.astor.approaches.figra.ExpressionReplaceOperator - Replacement does not work for  modify this.getClass().getClassLoader() to this.getClass().getClassLoader()
12:11:30.207 [main] ERROR fr.inria.astor.approaches.figra.ExpressionReplaceOperator - Replacement does not work for  modify new javax.swing.ImageIcon(imageURL) to new javax.swing.ImageIcon(imageURL)
12:11:30.423 [main] ERROR fr.inria.astor.approaches.figra.ExpressionReplaceOperator - Replacement does not work for  modify org.jfree.chart.util.SerialUtilities.readShape(stream) to org.jfree.chart.util.SerialUtilities.readShape(stream)
12:11:36.547 [main] ERROR fr.inria.astor.approaches.figra.ExpressionReplaceOperator - Replacement does not work for  modify stream to stream
12:11:37.559 [main] ERROR fr.inria.astor.approaches.figra.ExpressionReplaceOperator - Replacement does not work for  modify imageURL != null to imageURL != null
12:11:38.284 [main] ERROR fr.inria.astor.approaches.figra.ExpressionReplaceOperator - Replacement does not work for  modify stream to stream
12:11:39.421 [main] ERROR fr.inria.astor.approaches.figra.ExpressionReplaceOperator - Replacement does not work for  modify getShape(i) to getShape(i)
12:11:40.031 [main] ERROR fr.inria.astor.approaches.figra.ExpressionReplaceOperator - Replacement does not work for  modify this.objects to this.objects
12:12:22.276 [main] ERROR fr.inria.astor.approaches.figra.ExpressionReplaceOperator - Replacement does not work for  modify stream to stream
12:12:22.941 [main] ERROR fr.inria.astor.approaches.figra.ExpressionReplaceOperator - Replacement does not work for  modify stream to stream
12:12:30.850 [main] ERROR fr.inria.astor.approaches.figra.ExpressionReplaceOperator - Replacement does not work for  modify stream.writeInt(i) to stream.writeInt(i)
12:12:31.063 [main] ERROR fr.inria.astor.approaches.figra.ExpressionReplaceOperator - Replacement does not work for  modify super to super
12:12:32.301 [main] ERROR fr.inria.astor.approaches.figra.ExpressionReplaceOperator - Replacement does not work for  modify stream to stream
12:12:32.990 [main] ERROR fr.inria.astor.approaches.figra.ExpressionReplaceOperator - Replacement does not work for  modify stream to stream
12:12:34.872 [main] ERROR fr.inria.astor.approaches.figra.ExpressionReplaceOperator - Replacement does not work for  modify stream to stream
12:12:38.012 [main] ERROR fr.inria.astor.approaches.figra.ExpressionReplaceOperator - Replacement does not work for  modify 1 to 1
12:12:38.663 [main] ERROR fr.inria.astor.approaches.figra.ExpressionReplaceOperator - Replacement does not work for  modify stream to stream
12:12:39.172 [main] ERROR fr.inria.astor.approaches.figra.ExpressionReplaceOperator - Replacement does not work for  modify this to this
12:12:39.861 [main] ERROR fr.inria.astor.approaches.figra.ExpressionReplaceOperator - Replacement does not work for  modify stream to stream
12:12:58.085 [main] ERROR fr.inria.astor.approaches.figra.ExpressionReplaceOperator - Replacement does not work for  modify imageURL to imageURL
12:13:28.270 [main] ERROR fr.inria.astor.approaches.figra.ExpressionReplaceOperator - Replacement does not work for  modify line to line
12:13:32.932 [main] ERROR fr.inria.astor.approaches.figra.ExpressionReplaceOperator - Replacement does not work for  modify ((java.awt.geom.Line2D) (shape)) to ((java.awt.geom.Line2D) (shape))
12:13:40.375 [main] ERROR fr.inria.astor.approaches.figra.ExpressionReplaceOperator - Replacement does not work for  modify stream.readDouble() to stream.readDouble()
12:14:09.494 [main] ERROR fr.inria.astor.approaches.figra.ExpressionReplaceOperator - Replacement does not work for  modify stream.readDouble() to stream.readDouble()
12:14:09.960 [main] ERROR fr.inria.astor.approaches.figra.ExpressionReplaceOperator - Replacement does not work for  modify line to line
12:14:43.801 [main] ERROR fr.inria.astor.approaches.figra.ExpressionReplaceOperator - Replacement does not work for  modify this.objects to this.objects
12:15:17.013 [main] ERROR fr.inria.astor.approaches.figra.ExpressionReplaceOperator - Replacement does not work for  modify stream to stream
12:16:25.199 [main] ERROR fr.inria.astor.approaches.figra.ExpressionReplaceOperator - Replacement does not work for  modify shape to shape
12:16:29.737 [main] ERROR fr.inria.astor.approaches.figra.ExpressionReplaceOperator - Replacement does not work for  modify this.getClass() to this.getClass()
12:16:29.904 [main] ERROR fr.inria.astor.approaches.figra.ExpressionReplaceOperator - Replacement does not work for  modify stream to stream
12:16:30.296 [main] ERROR fr.inria.astor.approaches.figra.ExpressionReplaceOperator - Replacement does not work for  modify stream to stream
12:19:08.538 [main] ERROR fr.inria.astor.approaches.figra.ExpressionReplaceOperator - Replacement does not work for  modify object to object
12:19:08.833 [main] ERROR fr.inria.astor.approaches.figra.ExpressionReplaceOperator - Replacement does not work for  modify stream.readInt() to stream.readInt()
12:19:34.556 [main] ERROR fr.inria.astor.approaches.figra.ExpressionReplaceOperator - Replacement does not work for  modify this.getClass().getClassLoader().getResource(
"org/jfree/chart/gorilla.jpg") to this.getClass().getClassLoader().getResource(
"org/jfree/chart/gorilla.jpg")
12:22:08.259 [main] ERROR fr.inria.astor.approaches.figra.ExpressionReplaceOperator - Replacement does not work for  modify ((java.awt.Shape) (get(index))) to ((java.awt.Shape) (get(index)))
12:24:01.941 [main] ERROR fr.inria.astor.approaches.figra.ExpressionReplaceOperator - Replacement does not work for  modify line to line
12:24:02.641 [main] ERROR fr.inria.astor.approaches.figra.ExpressionReplaceOperator - Replacement does not work for  modify stream.readDouble() to stream.readDouble()
12:24:56.580 [main] ERROR fr.inria.astor.approaches.figra.ExpressionReplaceOperator - Replacement does not work for  modify size to size
12:40:18.153 [main] ERROR fr.inria.astor.approaches.figra.ExpressionReplaceOperator - Replacement does not work for  modify stream.readDouble() to stream.readDouble()
12:41:25.261 [main] ERROR fr.inria.astor.approaches.figra.ExpressionReplaceOperator - Replacement does not work for  modify stream to stream
12:41:26.393 [main] ERROR fr.inria.astor.approaches.figra.ExpressionReplaceOperator - Replacement does not work for  modify stream to stream
12:44:15.296 [main] ERROR fr.inria.astor.approaches.figra.ExpressionReplaceOperator - Replacement does not work for  modify shape to shape
12:44:16.262 [main] ERROR fr.inria.astor.approaches.figra.ExpressionReplaceOperator - Replacement does not work for  modify stream to stream
12:45:45.456 [main] ERROR fr.inria.astor.approaches.figra.ExpressionReplaceOperator - Replacement does not work for  modify stream to stream
12:52:21.908 [main] ERROR fr.inria.astor.approaches.figra.ExpressionReplaceOperator - Replacement does not work for  modify super to super
12:54:09.967 [main] ERROR fr.inria.astor.approaches.figra.ExpressionReplaceOperator - Replacement does not work for  modify this to this
13:01:27.028 [main] ERROR fr.inria.astor.approaches.figra.ExpressionReplaceOperator - Replacement does not work for  modify setShape(index, org.jfree.chart.util.SerialUtilities.readShape(stream)) to setShape(index, org.jfree.chart.util.SerialUtilities.readShape(stream))
13:01:27.206 [main] ERROR fr.inria.astor.approaches.figra.ExpressionReplaceOperator - Replacement does not work for  modify stream to stream
13:06:53.635 [main] ERROR fr.inria.astor.approaches.figra.ExpressionReplaceOperator - Replacement does not work for  modify imageURL to imageURL
13:09:31.061 [main] ERROR fr.inria.astor.approaches.figra.ExpressionReplaceOperator - Replacement does not work for  modify get(i) to get(i)
13:13:30.954 [main] ERROR fr.inria.astor.approaches.figra.ExpressionReplaceOperator - Replacement does not work for  modify 1 to 1
13:14:05.296 [main] ERROR fr.inria.astor.approaches.figra.ExpressionReplaceOperator - Replacement does not work for  modify line.getY2() to line.getY2()
13:14:06.372 [main] ERROR fr.inria.astor.approaches.figra.ExpressionReplaceOperator - Replacement does not work for  modify other to other
13:23:50.001 [main] ERROR fr.inria.astor.approaches.figra.ExpressionReplaceOperator - Replacement does not work for  modify logo == null to logo == null
Astor Output:

General stats:
EXECUTION_IDENTIFIER=Chart-6
TOTAL_TIME=4804.426
NR_GENERATIONS=533
NR_RIGHT_COMPILATIONS=393
NR_FAILLING_COMPILATIONS=140
NR_ERRONEOUS_VARIANCES=null
NR_FAILING_VALIDATION_PROCESS=null
OUTPUT_STATUS=STOP_BY_PATCH_FOUND

Patch stats:

Patch 1
VARIANT_ID=1066
TIME=4804
VALIDATION=|true|0|3789|[]|
GENERATION=533
FOLDER_SOLUTION_CODE=/tmp/figra_Defects4J_Chart_6/./output_astor/AstorMain-Chart-6//src//variant-1066
--Patch Hunk #1
OPERATOR=ExpressionReplaceOperator

LOCATION=org.jfree.chart.util.ShapeList

PATH=/tmp/figra_Defects4J_Chart_6/source/org/jfree/chart/util/ShapeList.java

MODIFIED_FILE_PATH=/tmp/figra_Defects4J_Chart_6/./output_astor/AstorMain-Chart-6//src//variant-1066/org/jfree/chart/util/ShapeList.java

LINE=81

SUSPICIOUNESS=0.243

MP_RANKING=58

ORIGINAL_CODE=index

BUGGY_CODE_TYPE=CtVariableReadImpl|CtInvocationImpl

PATCH_HUNK_CODE=2

PATCH_HUNK_TYPE=CtLiteralImpl|CtInvocationImpl

INGREDIENT_SCOPE=-

INGREDIENT_PARENT=2

PATCH_DIFF_ORIG=--- /tmp/figra_Defects4J_Chart_6/source/org/jfree/chart/util/ShapeListjava
+++ /tmp/figra_Defects4J_Chart_6/source/org/jfree/chart/util/ShapeListjava
@@ -81,2 +81 @@
-		set(index, shape);
-	}
+		set(
@@ -92,3 +90,0 @@
-	public java.lang.Object clone() throws java.lang.CloneNotSupportedException {
-		return super.clone();
-	}
@@ -103 +98,0 @@
-	public boolean equals(java.lang.Object obj) {
@@ -105,7 +99,0 @@
-		if (obj == this) {
-			return true;
-		}
-		if (!(obj instanceof org.jfree.chart.util.ShapeList)) {
-			return false;
-		}
-		return super.equals(obj);
@@ -113 +100,0 @@
-	}
@@ -120,3 +106,0 @@
-	public int hashCode() {
-		return super.hashCode();
-	}
@@ -131 +114,0 @@
-	private void writeObject(java.io.ObjectOutputStream stream) throws java.io.IOException {
@@ -133,13 +115,0 @@
-		stream.defaultWriteObject();
-		int count = size();
-		stream.writeInt(count);
-		for (int i = 0; i < count; i++) {
-			java.awt.Shape shape = getShape(i);
-			if (shape != null) {
-				stream.writeInt(i);
-				org.jfree.chart.util.SerialUtilities.writeShape(shape, stream);
-			} else 
-			{
-				stream.writeInt(-1);
-			}
-		}
@@ -147 +116,0 @@
-	}
@@ -157,2 +125,0 @@
-	private void readObject(java.io.ObjectInputStream stream) throws java.io.IOException, 
-	java.lang.ClassNotFoundException {
@@ -160,8 +126,0 @@
-		stream.defaultReadObject();
-		int count = stream.readInt();
-		for (int i = 0; i < count; i++) {
-			int index = stream.readInt();
-			if (index != (-1)) {
-				setShape(index, org.jfree.chart.util.SerialUtilities.readShape(stream));
-			}
-		}
@@ -169 +128,191 @@
-	}}
\ No newline at end of file
+
+
+
+
+
+
+
+
+
+
+
+
+
+
+
+
+
+
+
+
+
+
+
+
+
+
+
+
+
+
+
+
+
+
+
+
+
+
+
+
+
+
+
+
+
+
+
+
+
+
+
+
+
+
+
+
+
+
+
+
+
+
+
+
+
+
+
+
+
+
+
+
+
+
+
+
+
+
+
+
+
+
+
+
+
+
+
+
+
+
+
+
+
+
+
+
+
+
+
+
+
+
+
+
+
+
+
+
+
+
+
+
+
+
+
+
+
+
+
+
+
+
+
+
+
+
+
+
+
+
+
+
+
+
+
+
+
+
+
+
+
+
+
+
+
+
+
+
+
+
+
+
+
+
+
+
+
+
+
+
+
+
+
+
+
+
+
+
+
+
+
+
+
+
+
+
+
+
+
+
+
+
+
+
+
+
+
+
+
+
+		2, shape);} 	public java.lang.Object clone() throws java.lang.CloneNotSupportedException { 		return super.clone();} 	public boolean equals(java.lang.Object obj) { 		if (obj == this) { 			return true;} 		if (!(obj instanceof org.jfree.chart.util.ShapeList)) { 			return false;} 		return super.equals(obj);} 	public int hashCode() { 		return super.hashCode();} 	private void writeObject(java.io.ObjectOutputStream stream) throws java.io.IOException { 		stream.defaultWriteObject(); 		int count = size(); 		stream.writeInt(count); 		for (int i = 0; i < count; i++) { 			java.awt.Shape shape = getShape(i); 			if (shape != null) { 				stream.writeInt(i); 				org.jfree.chart.util.SerialUtilities.writeShape(shape, stream);} else { 				stream.writeInt(-1);}}} 	private void readObject(java.io.ObjectInputStream stream) throws java.io.IOException, java.lang.ClassNotFoundException { 		stream.defaultReadObject(); 		int count = stream.readInt(); 		for (int i = 0; i < count; i++) { 			int index = stream.readInt(); 			if (index != (-1)) { 				setShape(index, org.jfree.chart.util.SerialUtilities.readShape(stream));}}}}
\ No newline at end of file



5508.75user 20.75system 1:22:59elapsed 111%CPU (0avgtext+0avgdata 2468188maxresident)k
440inputs+97952outputs (0major+3777453minor)pagefaults 0swaps


Node: polaris



Date: qui 15 abr 2021 13:31:30 EDT

