cd /users2/cpca56132020/moliveira/folders/Cardumen_QUIXBUGS_LCS_LENGTH/Cardumen_QuixBugs_LCS_LENGTH_;
export JAVA_TOOL_OPTIONS="-Dfile.encoding=UTF8 -Duser.language=en-US -Duser.country=US -Duser.language=en";
TZ="America/New_York"; export TZ;
export PATH="/users2/cpca56132020/moliveira/deps/jdk-8/bin:$PATH";
export JAVA_HOME="/users2/cpca56132020/moliveira/deps/jdk-8/bin";
time java -Xmx4g -Xms1g -cp /users2/cpca56132020/moliveira/RepairThemAll/script/../libs/jtestex7.jar:/users2/cpca56132020/moliveira/RepairThemAll/script/../repair_tools/astor.jar fr.inria.main.evolution.AstorMain \
	-mode cardumen \
	-location . \
	-id LCS_LENGTH- \
	-failing java_testcases.junit.LCS_LENGTH_Test \
	-jvm4testexecution /users2/cpca56132020/moliveira/deps/jdk-8/bin \
	-jvm4evosuitetestexecution /users2/cpca56132020/moliveira/deps/jdk-8/bin \
	-maxgen 1000000 \
	-maxtime 120 \
	-stopfirst true \
	-seed 400 \
	-scope package \
	-population 1 \
	-javacompliancelevel 8 \
	-srcjavafolder src/main/java \
	-srctestfolder src/test/java \
	-binjavafolder target/classes \
	-bintestfolder target/test-classes \
	-parameters x:x:maxCombinationVariableLimit:true:maxVarCombination:1000 \
	-dependencies /users2/cpca56132020/moliveira/.m2/repository/junit/junit/4.11/junit-4.11.jar:/users2/cpca56132020/moliveira/.m2/repository/org/hamcrest/hamcrest-core/1.3/hamcrest-core-1.3.jar;
	echo "\n\nNode: `hostname`\n";
	echo "\n\nDate: `date`\n";
Picked up JAVA_TOOL_OPTIONS: -Dfile.encoding=UTF8 -Duser.language=en-US -Duser.country=US -Duser.language=en
07:35:52.494 [main] ERROR fr.inria.astor.approaches.cardumen.ExpressionReplaceOperator - Replacement does not work for  modify i++ to i++
07:35:53.797 [main] ERROR fr.inria.astor.approaches.cardumen.ExpressionReplaceOperator - Replacement does not work for  modify new java.util.HashMap<java.lang.Integer, java.util.Map<java.lang.Integer, java.lang.Integer>>() to new java.util.HashMap<java.lang.Integer, java.util.Map<java.lang.Integer, java.lang.Integer>>()
07:36:04.392 [main] ERROR fr.inria.astor.approaches.cardumen.ExpressionReplaceOperator - error to modify i++ to i - 1
07:37:00.273 [main] ERROR fr.inria.astor.approaches.cardumen.ExpressionReplaceOperator - Replacement does not work for  modify t.charAt(j) to t.charAt(j)
07:37:14.159 [main] ERROR fr.inria.astor.approaches.cardumen.ExpressionReplaceOperator - Replacement does not work for  modify s.charAt(i) to s.charAt(i)
07:37:36.044 [main] ERROR fr.inria.astor.approaches.cardumen.ExpressionReplaceOperator - error to modify j++ to dp.get(i - 1).get(i) + 1
07:38:50.748 [main] ERROR fr.inria.astor.approaches.cardumen.ExpressionReplaceOperator - Replacement does not work for  modify dp.isEmpty() to dp.isEmpty()
07:39:33.485 [main] ERROR fr.inria.astor.approaches.cardumen.ExpressionReplaceOperator - error to modify i++ to i - 1
07:39:55.172 [main] ERROR fr.inria.astor.approaches.cardumen.ExpressionReplaceOperator - Replacement does not work for  modify dp.containsKey(i - 1) to dp.containsKey(i - 1)
07:40:05.986 [main] ERROR fr.inria.astor.approaches.cardumen.ExpressionReplaceOperator - Replacement does not work for  modify dp.get(i).values() to dp.get(i).values()
07:40:27.468 [main] ERROR fr.inria.astor.approaches.cardumen.ExpressionReplaceOperator - Replacement does not work for  modify new java.util.ArrayList<java.lang.Integer>() to new java.util.ArrayList<java.lang.Integer>()
07:40:38.111 [main] ERROR fr.inria.astor.approaches.cardumen.ExpressionReplaceOperator - Replacement does not work for  modify !dp.isEmpty() to !dp.isEmpty()
07:42:30.295 [main] ERROR fr.inria.astor.approaches.cardumen.ExpressionReplaceOperator - Replacement does not work for  modify j < t.length() to j < t.length()
07:43:14.374 [main] ERROR fr.inria.astor.approaches.cardumen.ExpressionReplaceOperator - Replacement does not work for  modify dp.get(i) to dp.get(i)
07:43:36.799 [main] ERROR fr.inria.astor.approaches.cardumen.ExpressionReplaceOperator - Replacement does not work for  modify j < t.length() to j < t.length()
07:43:47.658 [main] ERROR fr.inria.astor.approaches.cardumen.ExpressionReplaceOperator - error to modify i++ to dp.get(i - 1).get(i) + 1
07:44:30.743 [main] ERROR fr.inria.astor.approaches.cardumen.ExpressionReplaceOperator - Replacement does not work for  modify i - 1 to i - 1
07:44:41.468 [main] ERROR fr.inria.astor.approaches.cardumen.ExpressionReplaceOperator - Replacement does not work for  modify dp.put(i, internal_map) to dp.put(i, internal_map)
07:45:36.279 [main] ERROR fr.inria.astor.approaches.cardumen.ExpressionReplaceOperator - Replacement does not work for  modify s.length() to s.length()
07:46:08.723 [main] ERROR fr.inria.astor.approaches.cardumen.ExpressionReplaceOperator - Replacement does not work for  modify !dp.get(i).isEmpty() to !dp.get(i).isEmpty()
07:47:04.061 [main] ERROR fr.inria.astor.approaches.cardumen.ExpressionReplaceOperator - Replacement does not work for  modify i < s.length() to i < s.length()
07:47:25.169 [main] ERROR fr.inria.astor.approaches.cardumen.ExpressionReplaceOperator - Replacement does not work for  modify internal_map.put(j, insert_value) to internal_map.put(j, insert_value)
07:47:46.851 [main] ERROR fr.inria.astor.approaches.cardumen.ExpressionReplaceOperator - Replacement does not work for  modify java.util.Collections.max(ret_list) to java.util.Collections.max(ret_list)
07:47:57.614 [main] ERROR fr.inria.astor.approaches.cardumen.ExpressionReplaceOperator - error to modify j++ to dp.get(i - 1).get(i) + 1
07:49:04.272 [main] ERROR fr.inria.astor.approaches.cardumen.ExpressionReplaceOperator - Replacement does not work for  modify dp.get(i) to dp.get(i)
07:49:16.010 [main] ERROR fr.inria.astor.approaches.cardumen.ExpressionReplaceOperator - Replacement does not work for  modify s.length() to s.length()
07:49:37.556 [main] ERROR fr.inria.astor.approaches.cardumen.ExpressionReplaceOperator - Replacement does not work for  modify j++ to j++
07:50:52.139 [main] ERROR main - Error reading the validation process
 output: 
America/Los_Angeles
Picked up JAVA_TOOL_OPTIONS: -Dfile.encoding=UTF8 -Duser.language=en-US -Duser.country=US -Duser.language=en

07:51:13.316 [main] ERROR fr.inria.astor.approaches.cardumen.ExpressionReplaceOperator - Replacement does not work for  modify i++ to i++
07:54:15.890 [main] ERROR fr.inria.astor.approaches.cardumen.ExpressionReplaceOperator - Replacement does not work for  modify dp.get(i) to dp.get(i)
07:54:47.502 [main] ERROR fr.inria.astor.approaches.cardumen.ExpressionReplaceOperator - Replacement does not work for  modify j++ to j++
07:55:08.903 [main] ERROR fr.inria.astor.approaches.cardumen.ExpressionReplaceOperator - Replacement does not work for  modify t.length() to t.length()
07:56:43.501 [main] ERROR fr.inria.astor.approaches.cardumen.ExpressionReplaceOperator - Replacement does not work for  modify new java.util.HashMap<java.lang.Integer, java.lang.Integer>() to new java.util.HashMap<java.lang.Integer, java.lang.Integer>()
07:57:05.060 [main] ERROR fr.inria.astor.approaches.cardumen.ExpressionReplaceOperator - Replacement does not work for  modify i - 1 to i - 1
07:57:47.645 [main] ERROR fr.inria.astor.approaches.cardumen.ExpressionReplaceOperator - Replacement does not work for  modify s.length() to s.length()
07:58:19.405 [main] ERROR fr.inria.astor.approaches.cardumen.ExpressionReplaceOperator - Replacement does not work for  modify ret_list.add(!dp.get(i).isEmpty() ? java.util.Collections.max(dp.get(i).values()) : 0) to ret_list.add(!dp.get(i).isEmpty() ? java.util.Collections.max(dp.get(i).values()) : 0)
07:58:50.970 [main] ERROR fr.inria.astor.approaches.cardumen.ExpressionReplaceOperator - Replacement does not work for  modify i < s.length() to i < s.length()
08:01:25.593 [main] ERROR fr.inria.astor.approaches.cardumen.ExpressionReplaceOperator - Replacement does not work for  modify i < s.length() to i < s.length()
08:01:46.440 [main] ERROR fr.inria.astor.approaches.cardumen.ExpressionReplaceOperator - Replacement does not work for  modify i++ to i++
08:02:17.128 [main] ERROR fr.inria.astor.approaches.cardumen.ExpressionReplaceOperator - Replacement does not work for  modify dp.get(i) to dp.get(i)
08:03:09.070 [main] ERROR fr.inria.astor.approaches.cardumen.ExpressionReplaceOperator - Replacement does not work for  modify dp.put(i, initialize) to dp.put(i, initialize)
08:03:19.798 [main] ERROR main - Error reading the validation process
 output: 
America/Los_Angeles
Picked up JAVA_TOOL_OPTIONS: -Dfile.encoding=UTF8 -Duser.language=en-US -Duser.country=US -Duser.language=en

08:04:01.994 [main] ERROR fr.inria.astor.approaches.cardumen.ExpressionReplaceOperator - Replacement does not work for  modify dp.get(i - 1).get(j) + 1 to dp.get(i - 1).get(j) + 1
08:04:33.425 [main] ERROR fr.inria.astor.approaches.cardumen.ExpressionReplaceOperator - Replacement does not work for  modify dp.get(i).isEmpty() to dp.get(i).isEmpty()
08:04:44.001 [main] ERROR fr.inria.astor.approaches.cardumen.ExpressionReplaceOperator - Replacement does not work for  modify dp.put(i, internal_map) to dp.put(i, internal_map)
08:07:33.979 [main] ERROR fr.inria.astor.approaches.cardumen.ExpressionReplaceOperator - Replacement does not work for  modify t.length() to t.length()
08:10:09.433 [main] ERROR fr.inria.astor.approaches.cardumen.ExpressionReplaceOperator - Replacement does not work for  modify internal_map.put(j, 1) to internal_map.put(j, 1)
08:12:56.696 [main] ERROR fr.inria.astor.approaches.cardumen.ExpressionReplaceOperator - Replacement does not work for  modify dp.put(i, internal_map) to dp.put(i, internal_map)
08:13:06.859 [main] ERROR fr.inria.astor.approaches.cardumen.ExpressionReplaceOperator - Replacement does not work for  modify dp.get(i - 1) to dp.get(i - 1)
08:16:03.410 [main] ERROR fr.inria.astor.approaches.cardumen.ExpressionReplaceOperator - Replacement does not work for  modify !dp.get(i).isEmpty() ? java.util.Collections.max(dp.get(i).values()) : 0 to !dp.get(i).isEmpty() ? java.util.Collections.max(dp.get(i).values()) : 0
08:24:43.250 [main] ERROR fr.inria.astor.approaches.cardumen.ExpressionReplaceOperator - Replacement does not work for  modify s.charAt(i) == t.charAt(j) to s.charAt(i) == t.charAt(j)
08:26:34.427 [main] ERROR fr.inria.astor.approaches.cardumen.ExpressionReplaceOperator - Replacement does not work for  modify internal_map.put(j, 0) to internal_map.put(j, 0)
08:35:57.295 [main] ERROR fr.inria.astor.approaches.cardumen.ExpressionReplaceOperator - Replacement does not work for  modify dp.get(i - 1).get(j) to dp.get(i - 1).get(j)
