cd /users2/cpca56132020/moliveira/folders/Figra_29_QUIXBUGS_NEXT_PERMUTATION/Figra_QuixBugs_NEXT_PERMUTATION_;
export JAVA_TOOL_OPTIONS="-Dfile.encoding=UTF8 -Duser.language=en-US -Duser.country=US -Duser.language=en";
TZ="America/New_York"; export TZ;
export PATH="/usr/lib/jvm/java-1.8.0-openjdk/bin:$PATH";
export JAVA_HOME="/usr/lib/jvm/java-1.8.0-openjdk/bin";
time java -Xmx4g -Xms1g -cp /users2/cpca56132020/moliveira/RepairThemAll/script/../libs/jtestex7.jar:/users2/cpca56132020/moliveira/RepairThemAll/script/../repair_tools/astor.jar fr.inria.main.evolution.AstorMain \
	-mode figra \
	-location . \
	-id NEXT_PERMUTATION- \
	-failing java_testcases.junit.NEXT_PERMUTATION_Test \
	-jvm4testexecution /usr/lib/jvm/java-1.8.0-openjdk/bin \
	-jvm4evosuitetestexecution /usr/lib/jvm/java-1.8.0-openjdk/bin \
	-maxgen 1000000 \
	-maxtime 120 \
	-stopfirst false \
	-seed 29 \
	-scope package \
	-population 1 \
	-javacompliancelevel 8 \
	-srcjavafolder src/main/java \
	-srctestfolder src/test/java \
	-binjavafolder target/classes \
	-bintestfolder target/test-classes \
	-parameters x:x:maxCombinationVariableLimit:true:maxVarCombination:1000 \
	-dependencies /users2/cpca56132020/moliveira/.m2/repository/junit/junit/4.11/junit-4.11.jar:/users2/cpca56132020/moliveira/.m2/repository/org/hamcrest/hamcrest-core/1.3/hamcrest-core-1.3.jar;
	echo "\n\nNode: `hostname`\n";
	echo "\n\nDate: `date`\n";
Picked up JAVA_TOOL_OPTIONS: -Dfile.encoding=UTF8 -Duser.language=en-US -Duser.country=US -Duser.language=en
07:32:07.707 [main] ERROR fr.inria.astor.approaches.figra.ExpressionReplaceOperator - error to modify k-- to i ^ 1
07:32:29.328 [main] ERROR fr.inria.astor.approaches.figra.ExpressionReplaceOperator - Replacement does not work for  modify perm.get(i) to perm.get(i)
07:33:44.977 [main] ERROR fr.inria.astor.approaches.figra.ExpressionReplaceOperator - Replacement does not work for  modify perm to perm
07:34:36.033 [main] ERROR fr.inria.astor.approaches.figra.ExpressionReplaceOperator - Replacement does not work for  modify perm to perm
07:36:19.385 [main] ERROR fr.inria.astor.approaches.figra.ExpressionReplaceOperator - Replacement does not work for  modify replace to replace
07:37:26.143 [main] ERROR fr.inria.astor.approaches.figra.ExpressionReplaceOperator - Replacement does not work for  modify reversed to reversed
07:37:47.247 [main] ERROR fr.inria.astor.approaches.figra.ExpressionReplaceOperator - error to modify j-- to perm.size() - 1
07:37:58.192 [main] ERROR fr.inria.astor.approaches.figra.ExpressionReplaceOperator - Replacement does not work for  modify perm.get(j) < perm.get(i) to perm.get(j) < perm.get(i)
07:38:28.932 [main] ERROR fr.inria.astor.approaches.figra.ExpressionReplaceOperator - error to modify i-- to i & 1
07:38:49.606 [main] ERROR fr.inria.astor.approaches.figra.ExpressionReplaceOperator - Replacement does not work for  modify j to j
07:39:51.540 [main] ERROR fr.inria.astor.approaches.figra.ExpressionReplaceOperator - Replacement does not work for  modify next_perm.set(j, temp_i) to next_perm.set(j, temp_i)
07:40:01.676 [main] ERROR fr.inria.astor.approaches.figra.ExpressionReplaceOperator - Replacement does not work for  modify perm.get(i) to perm.get(i)
07:40:44.899 [main] ERROR fr.inria.astor.approaches.figra.ExpressionReplaceOperator - Replacement does not work for  modify new java.util.ArrayList<java.lang.Integer>() to new java.util.ArrayList<java.lang.Integer>()
07:42:11.055 [main] ERROR fr.inria.astor.approaches.figra.ExpressionReplaceOperator - Replacement does not work for  modify next_perm to next_perm

real	13m12.521s
user	0m30.747s
sys	0m3.380s
\n\nNode: hpc060.ncg.ingrid.pt\n
\n\nDate: Fri Apr 16 07:45:08 EDT 2021\n
