cd /users2/cpca56132020/moliveira/folders/Cardumen_QUIXBUGS_FIND_IN_SORTED/Cardumen_QuixBugs_FIND_IN_SORTED_;
export JAVA_TOOL_OPTIONS="-Dfile.encoding=UTF8 -Duser.language=en-US -Duser.country=US -Duser.language=en";
TZ="America/New_York"; export TZ;
export PATH="/usr/lib/jvm/java-1.8.0-openjdk/bin:$PATH";
export JAVA_HOME="/usr/lib/jvm/java-1.8.0-openjdk/bin";
time java -Xmx4g -Xms1g -cp /users2/cpca56132020/moliveira/RepairThemAll/script/../libs/jtestex7.jar:/users2/cpca56132020/moliveira/RepairThemAll/script/../repair_tools/astor.jar fr.inria.main.evolution.AstorMain \
	-mode cardumen \
	-location . \
	-id FIND_IN_SORTED- \
	-failing java_testcases.junit.FIND_IN_SORTED_Test \
	-jvm4testexecution /usr/lib/jvm/java-1.8.0-openjdk/bin \
	-jvm4evosuitetestexecution /usr/lib/jvm/java-1.8.0-openjdk/bin \
	-maxgen 1000000 \
	-maxtime 120 \
	-stopfirst true \
	-seed 28 \
	-scope package \
	-population 1 \
	-javacompliancelevel 8 \
	-srcjavafolder src/main/java \
	-srctestfolder src/test/java \
	-binjavafolder target/classes \
	-bintestfolder target/test-classes \
	-parameters x:x:maxCombinationVariableLimit:true:maxVarCombination:1000 \
	-dependencies /users2/cpca56132020/moliveira/.m2/repository/junit/junit/4.11/junit-4.11.jar:/users2/cpca56132020/moliveira/.m2/repository/org/hamcrest/hamcrest-core/1.3/hamcrest-core-1.3.jar;
	echo "\n\nNode: `hostname`\n";
	echo "\n\nDate: `date`\n";
Picked up JAVA_TOOL_OPTIONS: -Dfile.encoding=UTF8 -Duser.language=en-US -Duser.country=US -Duser.language=en
10:00:55.553 [main] ERROR fr.inria.astor.approaches.cardumen.ExpressionReplaceOperator - Replacement does not work for  modify x > arr[mid] to x > arr[mid]
10:00:59.901 [main] ERROR fr.inria.astor.approaches.cardumen.ExpressionReplaceOperator - Replacement does not work for  modify java_programs.FIND_IN_SORTED.binsearch(arr, x, start, mid) to java_programs.FIND_IN_SORTED.binsearch(arr, x, start, mid)
10:01:02.043 [main] ERROR fr.inria.astor.approaches.cardumen.ExpressionReplaceOperator - Replacement does not work for  modify x < arr[mid] to x < arr[mid]
10:01:14.211 [main] ERROR fr.inria.astor.approaches.cardumen.ExpressionReplaceOperator - Replacement does not work for  modify arr[mid] to arr[mid]
10:01:18.963 [main] ERROR fr.inria.astor.approaches.cardumen.ExpressionReplaceOperator - Replacement does not work for  modify start == end to start == end
10:01:47.511 [main] ERROR fr.inria.astor.approaches.cardumen.ExpressionReplaceOperator - Replacement does not work for  modify arr[mid] to arr[mid]
10:02:06.084 [main] ERROR fr.inria.astor.approaches.cardumen.ExpressionReplaceOperator - Replacement does not work for  modify start + ((end - start) / 2) to start + ((end - start) / 2)
10:02:11.498 [main] ERROR fr.inria.astor.approaches.cardumen.ExpressionReplaceOperator - Replacement does not work for  modify java_programs.FIND_IN_SORTED.binsearch(arr, x, mid, end) to java_programs.FIND_IN_SORTED.binsearch(arr, x, mid, end)
10:02:38.122 [main] ERROR fr.inria.astor.approaches.cardumen.ExpressionReplaceOperator - Replacement does not work for  modify (end - start) to (end - start)
10:03:30.711 [main] ERROR fr.inria.astor.approaches.cardumen.ExpressionReplaceOperator - Replacement does not work for  modify ((end - start) / 2) to ((end - start) / 2)
Astor Output:

General stats:
EXECUTION_IDENTIFIER=FIND_IN_SORTED-
TOTAL_TIME=7200.022
NR_GENERATIONS=863
NR_RIGHT_COMPILATIONS=863
NR_FAILLING_COMPILATIONS=null
NR_ERRONEOUS_VARIANCES=null
NR_FAILING_VALIDATION_PROCESS=null
OUTPUT_STATUS=TIME_OUT

Patch stats:


real	120m7.100s
user	119m7.771s
sys	0m46.124s
\n\nNode: hpc060.ncg.ingrid.pt\n
\n\nDate: Sat Apr  3 12:00:53 EDT 2021\n
