cd /users2/cpca56132020/moliveira/folders/Figra_IntroClassJava_digits-e79f832ff314d3658c07e164d7866db707eafc8c97f209cf1d5cdb3b0cfc6738e7bd533c426a4887122d853ffa152b8861f30c41642a180152ba50c983de66dc-000/Figra_IntroClassJava_digits_e79f832ff314d3658c07e164d7866db707eafc8c97f209cf1d5cdb3b0cfc6738e7bd533c426a4887122d853ffa152b8861f30c41642a180152ba50c983de66dc-000;
export JAVA_TOOL_OPTIONS="-Dfile.encoding=UTF8 -Duser.language=en-US -Duser.country=US -Duser.language=en";
TZ="America/New_York"; export TZ;
export PATH="/usr/lib/jvm/java-1.8.0-openjdk/bin/:$PATH";
export JAVA_HOME="/usr/lib/jvm/java-1.8.0-openjdk/bin/";
time java -Xmx4g -Xms1g -cp /users2/cpca56132020/moliveira/RepairThemAll/script/../libs/jtestex7.jar:/users2/cpca56132020/moliveira/RepairThemAll/script/../repair_tools/astor.jar fr.inria.main.evolution.AstorMain \
	-mode figra \
	-location . \
	-id digits-e79f832ff314d3658c07e164d7866db707eafc8c97f209cf1d5cdb3b0cfc6738e7bd533c426a4887122d853ffa152b8861f30c41642a180152ba50c983de66dc-000 \
	-failing introclassJava.digits_e79f832f_000BlackboxTest:introclassJava.digits_e79f832f_000WhiteboxTest \
	-jvm4testexecution /users2/cpca56132020/moliveira/jdk1.7.0_80/bin/ \
	-jvm4evosuitetestexecution /users2/cpca56132020/moliveira/jdk1.7.0_80/bin/ \
	-maxgen 1000000 \
	-maxtime 120 \
	-stopfirst false \
	-seed 28 \
	-scope package \
	-population 1 \
	-javacompliancelevel 7 \
	-srcjavafolder src/main/java \
	-srctestfolder src/test/java \
	-binjavafolder target/classes \
	-bintestfolder target/test-classes \
	-parameters x:x:maxCombinationVariableLimit:true:maxVarCombination:1000 \
	-dependencies /users2/cpca56132020/moliveira/.m2/repository/junit/junit/4.11/junit-4.11.jar:/users2/cpca56132020/moliveira/.m2/repository/org/hamcrest/hamcrest-core/1.3/hamcrest-core-1.3.jar;
	echo "\n\nNode: `hostname`\n";
	echo "\n\nDate: `date`\n";
Picked up JAVA_TOOL_OPTIONS: -Dfile.encoding=UTF8 -Duser.language=en-US -Duser.country=US -Duser.language=en
Picked up _JAVA_OPTIONS: -Xmx512m -Xms256m
06:10:57.683 [main] ERROR fr.inria.astor.approaches.figra.ExpressionReplaceOperator - Replacement does not work for  modify java.lang.String.format("\n") to java.lang.String.format("\n")
06:10:59.434 [main] ERROR fr.inria.astor.approaches.figra.ExpressionReplaceOperator - Replacement does not work for  modify scanner.nextInt() to scanner.nextInt()
06:11:00.482 [main] ERROR fr.inria.astor.approaches.figra.ExpressionReplaceOperator - Replacement does not work for  modify java.lang.String.format("\nEnter an integer > ") to java.lang.String.format("\nEnter an integer > ")
06:11:02.957 [main] ERROR fr.inria.astor.approaches.figra.ExpressionReplaceOperator - Replacement does not work for  modify scanner to scanner
06:11:03.552 [main] ERROR fr.inria.astor.approaches.figra.ExpressionReplaceOperator - Replacement does not work for  modify new introclassJava.IntObj() to new introclassJava.IntObj()
06:11:04.560 [main] ERROR fr.inria.astor.approaches.figra.ExpressionReplaceOperator - Replacement does not work for  modify number to number
06:11:05.685 [main] ERROR fr.inria.astor.approaches.figra.ExpressionReplaceOperator - Replacement does not work for  modify 0 to 0
06:11:07.087 [main] ERROR fr.inria.astor.approaches.figra.ExpressionReplaceOperator - Replacement does not work for  modify java.lang.String.format("That\'s all, have a nice day!\n") to java.lang.String.format("That\'s all, have a nice day!\n")
06:11:14.597 [main] ERROR fr.inria.astor.approaches.figra.ExpressionReplaceOperator - Replacement does not work for  modify "That\'s all, have a nice day!\n" to "That\'s all, have a nice day!\n"
06:11:15.336 [main] ERROR fr.inria.astor.approaches.figra.ExpressionReplaceOperator - Replacement does not work for  modify number to number
06:11:52.361 [main] ERROR fr.inria.astor.approaches.figra.ExpressionReplaceOperator - Replacement does not work for  modify 0 to 0
06:11:53.278 [main] ERROR fr.inria.astor.approaches.figra.ExpressionReplaceOperator - Replacement does not work for  modify number to number
06:12:24.337 [main] ERROR fr.inria.astor.approaches.figra.ExpressionReplaceOperator - Replacement does not work for  modify "\n" to "\n"
06:12:28.304 [main] ERROR fr.inria.astor.approaches.figra.ExpressionReplaceOperator - Replacement does not work for  modify "\nEnter an integer > " to "\nEnter an integer > "
Astor Output:

General stats:
EXECUTION_IDENTIFIER=digits-e79f832ff314d3658c07e164d7866db707eafc8c97f209cf1d5cdb3b0cfc6738e7bd533c426a4887122d853ffa152b8861f30c41642a180152ba50c983de66dc-000
TOTAL_TIME=7200.805
NR_GENERATIONS=108
NR_RIGHT_COMPILATIONS=85
NR_FAILLING_COMPILATIONS=23
NR_ERRONEOUS_VARIANCES=null
NR_FAILING_VALIDATION_PROCESS=null
OUTPUT_STATUS=TIME_OUT

Patch stats:

Patch 1
VARIANT_ID=150
TIME=76
VALIDATION=|true|0|16|[]|
GENERATION=75
FOLDER_SOLUTION_CODE=/users2/cpca56132020/moliveira/folders/Figra_IntroClassJava_digits-e79f832ff314d3658c07e164d7866db707eafc8c97f209cf1d5cdb3b0cfc6738e7bd533c426a4887122d853ffa152b8861f30c41642a180152ba50c983de66dc-000/Figra_IntroClassJava_digits_e79f832ff314d3658c07e164d7866db707eafc8c97f209cf1d5cdb3b0cfc6738e7bd533c426a4887122d853ffa152b8861f30c41642a180152ba50c983de66dc-000/./output_astor/AstorMain-digits-e79f832ff314d3658c07e164d7866db707eafc8c97f209cf1d5cdb3b0cfc6738e7bd533c426a4887122d853ffa152b8861f30c41642a180152ba50c983de66dc-000//src//variant-150
--Patch Hunk #1
OPERATOR=ExpressionReplaceOperator

LOCATION=introclassJava.digits_e79f832f_000

PATH=/users2/cpca56132020/moliveira/folders/Figra_IntroClassJava_digits-e79f832ff314d3658c07e164d7866db707eafc8c97f209cf1d5cdb3b0cfc6738e7bd533c426a4887122d853ffa152b8861f30c41642a180152ba50c983de66dc-000/Figra_IntroClassJava_digits_e79f832ff314d3658c07e164d7866db707eafc8c97f209cf1d5cdb3b0cfc6738e7bd533c426a4887122d853ffa152b8861f30c41642a180152ba50c983de66dc-000/src/main/java/introclassJava/digits_e79f832f_000.java

MODIFIED_FILE_PATH=/users2/cpca56132020/moliveira/folders/Figra_IntroClassJava_digits-e79f832ff314d3658c07e164d7866db707eafc8c97f209cf1d5cdb3b0cfc6738e7bd533c426a4887122d853ffa152b8861f30c41642a180152ba50c983de66dc-000/Figra_IntroClassJava_digits_e79f832ff314d3658c07e164d7866db707eafc8c97f209cf1d5cdb3b0cfc6738e7bd533c426a4887122d853ffa152b8861f30c41642a180152ba50c983de66dc-000/./output_astor/AstorMain-digits-e79f832ff314d3658c07e164d7866db707eafc8c97f209cf1d5cdb3b0cfc6738e7bd533c426a4887122d853ffa152b8861f30c41642a180152ba50c983de66dc-000//src//variant-150/introclassJava/digits_e79f832f_000.java

LINE=64

SUSPICIOUNESS=0.25

MP_RANKING=16

ORIGINAL_CODE=0

BUGGY_CODE_TYPE=CtLiteralImpl|CtBinaryOperatorImpl

PATCH_HUNK_CODE=2

PATCH_HUNK_TYPE=CtLiteralImpl|CtBinaryOperatorImpl

INGREDIENT_SCOPE=-

INGREDIENT_PARENT=2

PATCH_DIFF_ORIG=--- /users2/cpca56132020/moliveira/folders/Figra_IntroClassJava_digits-e79f832ff314d3658c07e164d7866db707eafc8c97f209cf1d5cdb3b0cfc6738e7bd533c426a4887122d853ffa152b8861f30c41642a180152ba50c983de66dc-000/Figra_IntroClassJava_digits_e79f832ff314d3658c07e164d7866db707eafc8c97f209cf1d5cdb3b0cfc6738e7bd533c426a4887122d853ffa152b8861f30c41642a180152ba50c983de66dc-000/src/main/java/introclassJava/digits_e79f832f_000java
+++ /users2/cpca56132020/moliveira/folders/Figra_IntroClassJava_digits-e79f832ff314d3658c07e164d7866db707eafc8c97f209cf1d5cdb3b0cfc6738e7bd533c426a4887122d853ffa152b8861f30c41642a180152ba50c983de66dc-000/Figra_IntroClassJava_digits_e79f832ff314d3658c07e164d7866db707eafc8c97f209cf1d5cdb3b0cfc6738e7bd533c426a4887122d853ffa152b8861f30c41642a180152ba50c983de66dc-000/src/main/java/introclassJava/digits_e79f832f_000java
@@ -64,8 +64,8 @@
-		if (number.value < 0) {
-			number.value = java.lang.Math.abs(number.value);
-			while (number.value > 10) {
-				rem.value = number.value % 10;
-				output += java.lang.String.format("%d\n", rem.value);
-				number.value = number.value / 10;
-			} 
-			number.value = number.value - (2 * number.value);
+		if (number.value < 
+
+
+
+
+
+
+		2) { 			number.value = java.lang.Math.abs(number.value); 			while (number.value > 10) { 				rem.value = number.value % 10; 				output += java.lang.String.format("%d\n", rem.value); 				number.value = number.value / 10;} 			number.value = number.value - (2 * number.value);




real	120m15.244s
user	119m12.005s
sys	0m19.056s
\n\nNode: hpc060.ncg.ingrid.pt\n
\n\nDate: Tue Apr 13 08:10:58 EDT 2021\n
