cd /users2/cpca56132020/moliveira/folders/Cardumen_QUIXBUGS_SHORTEST_PATH_LENGTH/Cardumen_QuixBugs_SHORTEST_PATH_LENGTH_;
export JAVA_TOOL_OPTIONS="-Dfile.encoding=UTF8 -Duser.language=en-US -Duser.country=US -Duser.language=en";
TZ="America/New_York"; export TZ;
export PATH="/usr/lib/jvm/java-1.8.0-openjdk/bin:$PATH";
export JAVA_HOME="/usr/lib/jvm/java-1.8.0-openjdk/bin";
time java -Xmx4g -Xms1g -cp /users2/cpca56132020/moliveira/RepairThemAll/script/../libs/jtestex7.jar:/users2/cpca56132020/moliveira/RepairThemAll/script/../repair_tools/astor.jar fr.inria.main.evolution.AstorMain \
	-mode cardumen \
	-location . \
	-id SHORTEST_PATH_LENGTH- \
	-failing java_testcases.junit.SHORTEST_PATH_LENGTH_Test \
	-jvm4testexecution /usr/lib/jvm/java-1.8.0-openjdk/bin \
	-jvm4evosuitetestexecution /usr/lib/jvm/java-1.8.0-openjdk/bin \
	-maxgen 1000000 \
	-maxtime 120 \
	-stopfirst true \
	-seed 28 \
	-scope package \
	-population 1 \
	-javacompliancelevel 8 \
	-srcjavafolder src/main/java \
	-srctestfolder src/test/java \
	-binjavafolder target/classes \
	-bintestfolder target/test-classes \
	-parameters x:x:maxCombinationVariableLimit:true:maxVarCombination:1000 \
	-dependencies /users2/cpca56132020/moliveira/.m2/repository/junit/junit/4.11/junit-4.11.jar:/users2/cpca56132020/moliveira/.m2/repository/org/hamcrest/hamcrest-core/1.3/hamcrest-core-1.3.jar;
	echo "\n\nNode: `hostname`\n";
	echo "\n\nDate: `date`\n";
Picked up JAVA_TOOL_OPTIONS: -Dfile.encoding=UTF8 -Duser.language=en-US -Duser.country=US -Duser.language=en
10:00:53.263 [main] ERROR fr.inria.astor.approaches.cardumen.ExpressionReplaceOperator - Replacement does not work for  modify node.getValue() to node.getValue()
10:00:54.145 [main] ERROR fr.inria.astor.approaches.cardumen.ExpressionReplaceOperator - Replacement does not work for  modify getNodeWithMinDistance(unvisitedNodes) to getNodeWithMinDistance(unvisitedNodes)
10:00:56.406 [main] ERROR fr.inria.astor.approaches.cardumen.ExpressionReplaceOperator - Replacement does not work for  modify visitedNodes.add(node) to visitedNodes.add(node)
10:00:57.368 [main] ERROR fr.inria.astor.approaches.cardumen.ExpressionReplaceOperator - Replacement does not work for  modify java.util.Arrays.asList(node, nextnode) to java.util.Arrays.asList(node, nextnode)
10:01:00.588 [main] ERROR fr.inria.astor.approaches.cardumen.ExpressionReplaceOperator - Replacement does not work for  modify list.keySet() to list.keySet()
10:01:02.980 [main] ERROR fr.inria.astor.approaches.cardumen.ExpressionReplaceOperator - Replacement does not work for  modify unvisitedNodes.remove(node) to unvisitedNodes.remove(node)
10:01:04.081 [main] ERROR fr.inria.astor.approaches.cardumen.ExpressionReplaceOperator - Replacement does not work for  modify new java.util.HashSet<>() to new java.util.HashSet<>()
10:01:04.713 [main] ERROR fr.inria.astor.approaches.cardumen.ExpressionReplaceOperator - Replacement does not work for  modify goalnode.getValue() to goalnode.getValue()
10:01:04.981 [main] ERROR fr.inria.astor.approaches.cardumen.ExpressionReplaceOperator - Replacement does not work for  modify new java.util.HashMap<>() to new java.util.HashMap<>()
10:01:05.276 [main] ERROR fr.inria.astor.approaches.cardumen.ExpressionReplaceOperator - Replacement does not work for  modify unvisitedNodes.get(nextnode) + length_by_edge.get(java.util.Arrays.asList(node, nextnode)) to unvisitedNodes.get(nextnode) + length_by_edge.get(java.util.Arrays.asList(node, nextnode))
10:01:07.007 [main] ERROR fr.inria.astor.approaches.cardumen.ExpressionReplaceOperator - Replacement does not work for  modify unvisitedNodes.put(startnode, 0) to unvisitedNodes.put(startnode, 0)
10:01:08.006 [main] ERROR fr.inria.astor.approaches.cardumen.ExpressionReplaceOperator - Replacement does not work for  modify node.getSuccessors() to node.getSuccessors()
10:01:24.630 [main] ERROR fr.inria.astor.approaches.cardumen.ExpressionReplaceOperator - Replacement does not work for  modify list.get(node) to list.get(node)
10:01:26.844 [main] ERROR fr.inria.astor.approaches.cardumen.ExpressionReplaceOperator - Replacement does not work for  modify length_by_edge.size() to length_by_edge.size()
10:01:28.341 [main] ERROR fr.inria.astor.approaches.cardumen.ExpressionReplaceOperator - Replacement does not work for  modify node.getValue() == goalnode.getValue() to node.getValue() == goalnode.getValue()
10:01:29.367 [main] ERROR fr.inria.astor.approaches.cardumen.ExpressionReplaceOperator - Replacement does not work for  modify !unvisitedNodes.isEmpty() to !unvisitedNodes.isEmpty()
10:01:29.887 [main] ERROR fr.inria.astor.approaches.cardumen.ExpressionReplaceOperator - Replacement does not work for  modify java.lang.Math.min(unvisitedNodes.get(nextnode), 
unvisitedNodes.get(nextnode) + length_by_edge.get(java.util.Arrays.asList(node, nextnode))) to java.lang.Math.min(unvisitedNodes.get(nextnode), 
unvisitedNodes.get(nextnode) + length_by_edge.get(java.util.Arrays.asList(node, nextnode)))
10:01:33.328 [main] ERROR fr.inria.astor.approaches.cardumen.ExpressionReplaceOperator - Replacement does not work for  modify unvisitedNodes.get(node) to unvisitedNodes.get(node)
10:01:38.269 [main] ERROR fr.inria.astor.approaches.cardumen.ExpressionReplaceOperator - Replacement does not work for  modify unvisitedNodes.get(nextnode) to unvisitedNodes.get(nextnode)
10:01:39.966 [main] ERROR fr.inria.astor.approaches.cardumen.ExpressionReplaceOperator - Replacement does not work for  modify distance < minDistance to distance < minDistance
10:02:06.242 [main] ERROR fr.inria.astor.approaches.cardumen.ExpressionReplaceOperator - Replacement does not work for  modify unvisitedNodes.put(nextnode, java.lang.Math.min(unvisitedNodes.get(nextnode), 
unvisitedNodes.get(nextnode) + length_by_edge.get(java.util.Arrays.asList(node, nextnode)))) to unvisitedNodes.put(nextnode, java.lang.Math.min(unvisitedNodes.get(nextnode), 
unvisitedNodes.get(nextnode) + length_by_edge.get(java.util.Arrays.asList(node, nextnode))))
10:02:44.740 [main] ERROR fr.inria.astor.approaches.cardumen.ExpressionReplaceOperator - Replacement does not work for  modify unvisitedNodes.isEmpty() to unvisitedNodes.isEmpty()
10:03:39.825 [main] ERROR fr.inria.astor.approaches.cardumen.ExpressionReplaceOperator - Replacement does not work for  modify unvisitedNodes.get(nextnode) to unvisitedNodes.get(nextnode)
10:03:41.000 [main] ERROR fr.inria.astor.approaches.cardumen.ExpressionReplaceOperator - Replacement does not work for  modify unvisitedNodes.get(nextnode) == null to unvisitedNodes.get(nextnode) == null
10:04:13.179 [main] ERROR fr.inria.astor.approaches.cardumen.ExpressionReplaceOperator - Replacement does not work for  modify unvisitedNodes.put(nextnode, java.lang.Integer.MAX_VALUE) to unvisitedNodes.put(nextnode, java.lang.Integer.MAX_VALUE)
10:05:32.973 [main] ERROR fr.inria.astor.approaches.cardumen.ExpressionReplaceOperator - Replacement does not work for  modify visitedNodes.contains(nextnode) to visitedNodes.contains(nextnode)
10:05:55.075 [main] ERROR fr.inria.astor.approaches.cardumen.ExpressionReplaceOperator - Replacement does not work for  modify length_by_edge.get(java.util.Arrays.asList(node, nextnode)) to length_by_edge.get(java.util.Arrays.asList(node, nextnode))
10:07:28.098 [main] ERROR fr.inria.astor.approaches.cardumen.ExpressionReplaceOperator - Replacement does not work for  modify unvisitedNodes.get(nextnode) to unvisitedNodes.get(nextnode)
Astor Output:

General stats:
EXECUTION_IDENTIFIER=SHORTEST_PATH_LENGTH-
TOTAL_TIME=7200.532
NR_GENERATIONS=893
NR_RIGHT_COMPILATIONS=774
NR_FAILLING_COMPILATIONS=119
NR_ERRONEOUS_VARIANCES=null
NR_FAILING_VALIDATION_PROCESS=null
OUTPUT_STATUS=TIME_OUT

Patch stats:


real	120m11.448s
user	16m1.179s
sys	0m31.339s
\n\nNode: hpc060.ncg.ingrid.pt\n
\n\nDate: Sat Apr  3 12:00:53 EDT 2021\n
