cd /tmp/Figra_IntroClassJava_smallest_f8d57deac89e46f99354a70e8f6bc830e0bded0c297d7a0765348de79d6071cb076d4e8f2cd60cff584cb220049d6065827a29904a7e1f9144f510f7773e6d0e-000;
export JAVA_TOOL_OPTIONS="-Dfile.encoding=UTF8 -Duser.language=en-US -Duser.country=US -Duser.language=en";
TZ="America/New_York"; export TZ;
export PATH="/usr/lib/jvm/java-1.8.0-openjdk-amd64/bin/:$PATH";
export JAVA_HOME="/usr/lib/jvm/java-1.8.0-openjdk-amd64/bin/";
time java -Xmx4g -Xms1g -cp /home/moliveira/Tese/RepairThemAll/script/../libs/jtestex7.jar:/home/moliveira/Tese/RepairThemAll/script/../repair_tools/astor.jar fr.inria.main.evolution.AstorMain \
	-mode figra \
	-location . \
	-id smallest-f8d57deac89e46f99354a70e8f6bc830e0bded0c297d7a0765348de79d6071cb076d4e8f2cd60cff584cb220049d6065827a29904a7e1f9144f510f7773e6d0e-000 \
	-failing introclassJava.smallest_f8d57dea_000BlackboxTest:introclassJava.smallest_f8d57dea_000WhiteboxTest \
	-jvm4testexecution /usr/lib/jvm/jdk1.7.0_80/bin/ \
	-jvm4evosuitetestexecution /usr/lib/jvm/jdk1.7.0_80/bin/ \
	-maxgen 1000000 \
	-maxtime 120 \
	-stopfirst true \
	-seed 28 \
	-scope package \
	-population 1 \
	-javacompliancelevel 7 \
	-srcjavafolder src/main/java \
	-srctestfolder src/test/java \
	-binjavafolder target/classes \
	-bintestfolder target/test-classes \
	-parameters x:x:maxCombinationVariableLimit:true:maxVarCombination:1000:maxCombinationVariableLimit:true:maxVarCombination:1000:maxCombinationVariableLimit:true:maxVarCombination:1000:maxCombinationVariableLimit:true:maxVarCombination:1000:maxCombinationVariableLimit:true:maxVarCombination:1000:maxCombinationVariableLimit:true:maxVarCombination:1000:maxCombinationVariableLimit:true:maxVarCombination:1000:maxCombinationVariableLimit:true:maxVarCombination:1000:maxCombinationVariableLimit:true:maxVarCombination:1000:maxCombinationVariableLimit:true:maxVarCombination:1000:maxCombinationVariableLimit:true:maxVarCombination:1000:maxCombinationVariableLimit:true:maxVarCombination:1000:maxCombinationVariableLimit:true:maxVarCombination:1000:maxCombinationVariableLimit:true:maxVarCombination:1000:maxCombinationVariableLimit:true:maxVarCombination:1000:maxCombinationVariableLimit:true:maxVarCombination:1000:maxCombinationVariableLimit:true:maxVarCombination:1000:maxCombinationVariableLimit:true:maxVarCombination:1000:maxCombinationVariableLimit:true:maxVarCombination:1000:maxCombinationVariableLimit:true:maxVarCombination:1000:maxCombinationVariableLimit:true:maxVarCombination:1000:maxCombinationVariableLimit:true:maxVarCombination:1000:maxCombinationVariableLimit:true:maxVarCombination:1000:maxCombinationVariableLimit:true:maxVarCombination:1000:maxCombinationVariableLimit:true:maxVarCombination:1000:maxCombinationVariableLimit:true:maxVarCombination:1000:maxCombinationVariableLimit:true:maxVarCombination:1000:maxCombinationVariableLimit:true:maxVarCombination:1000:maxCombinationVariableLimit:true:maxVarCombination:1000:maxCombinationVariableLimit:true:maxVarCombination:1000:maxCombinationVariableLimit:true:maxVarCombination:1000:maxCombinationVariableLimit:true:maxVarCombination:1000:maxCombinationVariableLimit:true:maxVarCombination:1000:maxCombinationVariableLimit:true:maxVarCombination:1000:maxCombinationVariableLimit:true:maxVarCombination:1000:maxCombinationVariableLimit:true:maxVarCombination:1000:maxCombinationVariableLimit:true:maxVarCombination:1000:maxCombinationVariableLimit:true:maxVarCombination:1000:maxCombinationVariableLimit:true:maxVarCombination:1000:maxCombinationVariableLimit:true:maxVarCombination:1000:maxCombinationVariableLimit:true:maxVarCombination:1000:maxCombinationVariableLimit:true:maxVarCombination:1000:maxCombinationVariableLimit:true:maxVarCombination:1000:maxCombinationVariableLimit:true:maxVarCombination:1000:maxCombinationVariableLimit:true:maxVarCombination:1000:maxCombinationVariableLimit:true:maxVarCombination:1000:maxCombinationVariableLimit:true:maxVarCombination:1000:maxCombinationVariableLimit:true:maxVarCombination:1000:maxCombinationVariableLimit:true:maxVarCombination:1000:maxCombinationVariableLimit:true:maxVarCombination:1000:maxCombinationVariableLimit:true:maxVarCombination:1000:maxCombinationVariableLimit:true:maxVarCombination:1000:maxCombinationVariableLimit:true:maxVarCombination:1000:maxCombinationVariableLimit:true:maxVarCombination:1000:maxCombinationVariableLimit:true:maxVarCombination:1000:maxCombinationVariableLimit:true:maxVarCombination:1000:maxCombinationVariableLimit:true:maxVarCombination:1000:maxCombinationVariableLimit:true:maxVarCombination:1000:maxCombinationVariableLimit:true:maxVarCombination:1000:maxCombinationVariableLimit:true:maxVarCombination:1000:maxCombinationVariableLimit:true:maxVarCombination:1000:maxCombinationVariableLimit:true:maxVarCombination:1000:maxCombinationVariableLimit:true:maxVarCombination:1000:maxCombinationVariableLimit:true:maxVarCombination:1000:maxCombinationVariableLimit:true:maxVarCombination:1000:maxCombinationVariableLimit:true:maxVarCombination:1000:maxCombinationVariableLimit:true:maxVarCombination:1000:maxCombinationVariableLimit:true:maxVarCombination:1000:maxCombinationVariableLimit:true:maxVarCombination:1000:maxCombinationVariableLimit:true:maxVarCombination:1000:maxCombinationVariableLimit:true:maxVarCombination:1000:maxCombinationVariableLimit:true:maxVarCombination:1000:maxCombinationVariableLimit:true:maxVarCombination:1000:maxCombinationVariableLimit:true:maxVarCombination:1000:maxCombinationVariableLimit:true:maxVarCombination:1000:maxCombinationVariableLimit:true:maxVarCombination:1000:maxCombinationVariableLimit:true:maxVarCombination:1000:maxCombinationVariableLimit:true:maxVarCombination:1000:maxCombinationVariableLimit:true:maxVarCombination:1000:maxCombinationVariableLimit:true:maxVarCombination:1000:maxCombinationVariableLimit:true:maxVarCombination:1000:maxCombinationVariableLimit:true:maxVarCombination:1000:maxCombinationVariableLimit:true:maxVarCombination:1000:maxCombinationVariableLimit:true:maxVarCombination:1000:maxCombinationVariableLimit:true:maxVarCombination:1000:maxCombinationVariableLimit:true:maxVarCombination:1000:maxCombinationVariableLimit:true:maxVarCombination:1000:maxCombinationVariableLimit:true:maxVarCombination:1000:maxCombinationVariableLimit:true:maxVarCombination:1000:maxCombinationVariableLimit:true:maxVarCombination:1000:maxCombinationVariableLimit:true:maxVarCombination:1000:maxCombinationVariableLimit:true:maxVarCombination:1000:maxCombinationVariableLimit:true:maxVarCombination:1000:maxCombinationVariableLimit:true:maxVarCombination:1000:maxCombinationVariableLimit:true:maxVarCombination:1000:maxCombinationVariableLimit:true:maxVarCombination:1000:maxCombinationVariableLimit:true:maxVarCombination:1000:maxCombinationVariableLimit:true:maxVarCombination:1000:maxCombinationVariableLimit:true:maxVarCombination:1000:maxCombinationVariableLimit:true:maxVarCombination:1000 \
	-dependencies /home/moliveira/.m2/repository/junit/junit/4.11/junit-4.11.jar:/home/moliveira/.m2/repository/org/hamcrest/hamcrest-core/1.3/hamcrest-core-1.3.jar;
	echo "\n\nNode: `hostname`\n";
	echo "\n\nDate: `date`\n";
Picked up JAVA_TOOL_OPTIONS: -Dfile.encoding=UTF8 -Duser.language=en-US -Duser.country=US -Duser.language=en
Astor Output:

General stats:
EXECUTION_IDENTIFIER=smallest-f8d57deac89e46f99354a70e8f6bc830e0bded0c297d7a0765348de79d6071cb076d4e8f2cd60cff584cb220049d6065827a29904a7e1f9144f510f7773e6d0e-000
TOTAL_TIME=22.017
NR_GENERATIONS=6
NR_RIGHT_COMPILATIONS=5
NR_FAILLING_COMPILATIONS=1
NR_ERRONEOUS_VARIANCES=null
NR_FAILING_VALIDATION_PROCESS=null
OUTPUT_STATUS=STOP_BY_PATCH_FOUND

Patch stats:

Patch 1
VARIANT_ID=12
TIME=22
VALIDATION=|true|0|16|[]|
GENERATION=6
FOLDER_SOLUTION_CODE=/tmp/Figra_IntroClassJava_smallest_f8d57deac89e46f99354a70e8f6bc830e0bded0c297d7a0765348de79d6071cb076d4e8f2cd60cff584cb220049d6065827a29904a7e1f9144f510f7773e6d0e-000/./output_astor/AstorMain-smallest-f8d57deac89e46f99354a70e8f6bc830e0bded0c297d7a0765348de79d6071cb076d4e8f2cd60cff584cb220049d6065827a29904a7e1f9144f510f7773e6d0e-000//src//variant-12
--Patch Hunk #1
OPERATOR=ExpressionReplaceOperator

LOCATION=introclassJava.smallest_f8d57dea_000

PATH=/tmp/Figra_IntroClassJava_smallest_f8d57deac89e46f99354a70e8f6bc830e0bded0c297d7a0765348de79d6071cb076d4e8f2cd60cff584cb220049d6065827a29904a7e1f9144f510f7773e6d0e-000/src/main/java/introclassJava/smallest_f8d57dea_000.java

MODIFIED_FILE_PATH=/tmp/Figra_IntroClassJava_smallest_f8d57deac89e46f99354a70e8f6bc830e0bded0c297d7a0765348de79d6071cb076d4e8f2cd60cff584cb220049d6065827a29904a7e1f9144f510f7773e6d0e-000/./output_astor/AstorMain-smallest-f8d57deac89e46f99354a70e8f6bc830e0bded0c297d7a0765348de79d6071cb076d4e8f2cd60cff584cb220049d6065827a29904a7e1f9144f510f7773e6d0e-000//src//variant-12/introclassJava/smallest_f8d57dea_000.java

LINE=70

SUSPICIOUNESS=0.48

MP_RANKING=22

ORIGINAL_CODE=((v2.value < v1.value) && (v2.value < v3.value))

BUGGY_CODE_TYPE=CtBinaryOperatorImpl|CtBinaryOperatorImpl

PATCH_HUNK_CODE=true

PATCH_HUNK_TYPE=CtLiteralImpl|CtBinaryOperatorImpl

INGREDIENT_SCOPE=-

INGREDIENT_PARENT=true

PATCH_DIFF_ORIG=--- /tmp/Figra_IntroClassJava_smallest_f8d57deac89e46f99354a70e8f6bc830e0bded0c297d7a0765348de79d6071cb076d4e8f2cd60cff584cb220049d6065827a29904a7e1f9144f510f7773e6d0e-000/src/main/java/introclassJava/smallest_f8d57dea_000java
+++ /tmp/Figra_IntroClassJava_smallest_f8d57deac89e46f99354a70e8f6bc830e0bded0c297d7a0765348de79d6071cb076d4e8f2cd60cff584cb220049d6065827a29904a7e1f9144f510f7773e6d0e-000/src/main/java/introclassJava/smallest_f8d57dea_000java
@@ -70,10 +70,10 @@
-		} else if (((v2.value < v1.value) && (v2.value < v3.value)) && 
-		(v2.value < v4.value)) {
-			output += java.lang.String.format("%d is the smallest\n", v2.value);
-		} else if (((v3.value < v1.value) && (v3.value < v2.value)) && 
-		(v3.value < v4.value)) {
-			output += java.lang.String.format("%d is the smallest\n", v3.value);
-		} else {
-			output += java.lang.String.format("%d is the smallest\n", v4.value);
-		}
-		if (true)
+		} else if (
+
+
+
+
+
+
+
+
+		true && (v2.value < v4.value)) { 			output += java.lang.String.format("%d is the smallest\n", v2.value);} else if (((v3.value < v1.value) && (v3.value < v2.value)) && (v3.value < v4.value)) { 			output += java.lang.String.format("%d is the smallest\n", v3.value);} else { 			output += java.lang.String.format("%d is the smallest\n", v4.value);} 		if (true)



23.41user 1.91system 0:28.79elapsed 87%CPU (0avgtext+0avgdata 637452maxresident)k
8inputs+7456outputs (0major+302348minor)pagefaults 0swaps


Node: franklin



Date: sáb 17 abr 2021 06:51:36 EDT

