cd /users2/cpca56132020/moliveira/folders/Figra_IntroClassJava_checksum-08c7ea4ac39aa6a5ab206393bb4412de9d2c365ecdda9c1b391be963c1811014ed23d2722d7433b8e8a95305eee314d39da4950f31e01f9147f90af91a5c433a-011/Figra_IntroClassJava_checksum_08c7ea4ac39aa6a5ab206393bb4412de9d2c365ecdda9c1b391be963c1811014ed23d2722d7433b8e8a95305eee314d39da4950f31e01f9147f90af91a5c433a-011;
export JAVA_TOOL_OPTIONS="-Dfile.encoding=UTF8 -Duser.language=en-US -Duser.country=US -Duser.language=en";
TZ="America/New_York"; export TZ;
export PATH="/usr/lib/jvm/java-1.8.0-openjdk/bin/:$PATH";
export JAVA_HOME="/usr/lib/jvm/java-1.8.0-openjdk/bin/";
time java -Xmx4g -Xms1g -cp /users2/cpca56132020/moliveira/RepairThemAll/script/../libs/jtestex7.jar:/users2/cpca56132020/moliveira/RepairThemAll/script/../repair_tools/astor.jar fr.inria.main.evolution.AstorMain \
	-mode figra \
	-location . \
	-id checksum-08c7ea4ac39aa6a5ab206393bb4412de9d2c365ecdda9c1b391be963c1811014ed23d2722d7433b8e8a95305eee314d39da4950f31e01f9147f90af91a5c433a-011 \
	-failing introclassJava.checksum_08c7ea4a_011BlackboxTest:introclassJava.checksum_08c7ea4a_011WhiteboxTest \
	-jvm4testexecution /users2/cpca56132020/moliveira/jdk1.7.0_80/bin/ \
	-jvm4evosuitetestexecution /users2/cpca56132020/moliveira/jdk1.7.0_80/bin/ \
	-maxgen 1000000 \
	-maxtime 120 \
	-stopfirst false \
	-seed 28 \
	-scope package \
	-population 1 \
	-javacompliancelevel 7 \
	-srcjavafolder src/main/java \
	-srctestfolder src/test/java \
	-binjavafolder target/classes \
	-bintestfolder target/test-classes \
	-parameters x:x:maxCombinationVariableLimit:true:maxVarCombination:1000 \
	-dependencies /users2/cpca56132020/moliveira/.m2/repository/junit/junit/4.11/junit-4.11.jar:/users2/cpca56132020/moliveira/.m2/repository/org/hamcrest/hamcrest-core/1.3/hamcrest-core-1.3.jar;
	echo "\n\nNode: `hostname`\n";
	echo "\n\nDate: `date`\n";
Picked up JAVA_TOOL_OPTIONS: -Dfile.encoding=UTF8 -Duser.language=en-US -Duser.country=US -Duser.language=en
Picked up _JAVA_OPTIONS: -Xmx512m -Xms256m
06:11:01.120 [main] ERROR fr.inria.astor.approaches.figra.ExpressionReplaceOperator - Replacement does not work for  modify 0 to 0
06:11:01.533 [main] ERROR fr.inria.astor.approaches.figra.ExpressionReplaceOperator - Replacement does not work for  modify stringlength to stringlength
06:11:03.652 [main] ERROR fr.inria.astor.approaches.figra.ExpressionReplaceOperator - Replacement does not work for  modify string to string
06:11:04.554 [main] ERROR fr.inria.astor.approaches.figra.ExpressionReplaceOperator - Replacement does not work for  modify "Check sum is %c\n" to "Check sum is %c\n"
06:11:18.663 [main] ERROR fr.inria.astor.approaches.figra.ExpressionReplaceOperator - error to modify i.value++ to 1000000
06:11:18.927 [main] ERROR fr.inria.astor.approaches.figra.ExpressionReplaceOperator - Replacement does not work for  modify stringlength to stringlength
06:11:44.129 [main] ERROR fr.inria.astor.approaches.figra.ExpressionReplaceOperator - Replacement does not work for  modify new introclassJava.IntObj() to new introclassJava.IntObj()
06:11:54.331 [main] ERROR fr.inria.astor.approaches.figra.ExpressionReplaceOperator - Replacement does not work for  modify checksumchar to checksumchar
06:12:04.731 [main] ERROR fr.inria.astor.approaches.figra.ExpressionReplaceOperator - Replacement does not work for  modify 1000000 to 1000000
06:12:46.359 [main] ERROR fr.inria.astor.approaches.figra.ExpressionReplaceOperator - Replacement does not work for  modify 64 to 64
06:13:31.958 [main] ERROR fr.inria.astor.approaches.figra.ExpressionReplaceOperator - Replacement does not work for  modify checksum_summation to checksum_summation
06:14:00.031 [main] ERROR fr.inria.astor.approaches.figra.ExpressionReplaceOperator - Replacement does not work for  modify checksum_summation to checksum_summation
06:14:10.526 [main] ERROR fr.inria.astor.approaches.figra.ExpressionReplaceOperator - Replacement does not work for  modify scanner.next().toCharArray() to scanner.next().toCharArray()
06:14:35.125 [main] ERROR fr.inria.astor.approaches.figra.ExpressionReplaceOperator - Replacement does not work for  modify checksumchar to checksumchar
06:14:54.570 [main] ERROR fr.inria.astor.approaches.figra.ExpressionReplaceOperator - Replacement does not work for  modify "Enter an abitrarily long string, ending with carriage return > " to "Enter an abitrarily long string, ending with carriage return > "
06:15:15.142 [main] ERROR fr.inria.astor.approaches.figra.ExpressionReplaceOperator - Replacement does not work for  modify i to i
06:15:25.463 [main] ERROR fr.inria.astor.approaches.figra.ExpressionReplaceOperator - Replacement does not work for  modify checksum_summation to checksum_summation
06:15:40.872 [main] ERROR fr.inria.astor.approaches.figra.ExpressionReplaceOperator - Replacement does not work for  modify scanner to scanner
06:16:34.159 [main] ERROR main - Error reading the validation process
 output: 
America/Los_Angeles
Picked up JAVA_TOOL_OPTIONS: -Dfile.encoding=UTF8 -Duser.language=en-US -Duser.country=US -Duser.language=en
Picked up _JAVA_OPTIONS: -Xmx512m -Xms256m
#
# A fatal error has been detected by the Java Runtime Environment:
#
#  SIGSEGV (0xb) at pc=0x00007ffff6928445, pid=22239, tid=140732792768256
#
# JRE version: Java(TM) SE Runtime Environment (7.0_80-b15) (build 1.7.0_80-b15)
# Java VM: Java HotSpot(TM) 64-Bit Server VM (24.80-b11 mixed mode linux-amd64 compressed oops)
# Problematic frame:
# V  [libjvm.so+0x3ca445]  PhaseChaitin::gather_lrg_masks(bool)+0x465
#
# Core dump written. Default location: /users2/cpca56132020/moliveira/folders/Figra_IntroClassJava_checksum-08c7ea4ac39aa6a5ab206393bb4412de9d2c365ecdda9c1b391be963c1811014ed23d2722d7433b8e8a95305eee314d39da4950f31e01f9147f90af91a5c433a-011/Figra_IntroClassJava_checksum_08c7ea4ac39aa6a5ab206393bb4412de9d2c365ecdda9c1b391be963c1811014ed23d2722d7433b8e8a95305eee314d39da4950f31e01f9147f90af91a5c433a-011/core or core.22239
#
# An error report file with more information is saved as:
# /users2/cpca56132020/moliveira/folders/Figra_IntroClassJava_checksum-08c7ea4ac39aa6a5ab206393bb4412de9d2c365ecdda9c1b391be963c1811014ed23d2722d7433b8e8a95305eee314d39da4950f31e01f9147f90af91a5c433a-011/Figra_IntroClassJava_checksum_08c7ea4ac39aa6a5ab206393bb4412de9d2c365ecdda9c1b391be963c1811014ed23d2722d7433b8e8a95305eee314d39da4950f31e01f9147f90af91a5c433a-011/hs_err_pid22239.log
#
# If you would like to submit a bug report, please visit:
#   http://bugreport.java.com/bugreport/crash.jsp
#
/bin/bash: line 4: 22239 Aborted                 (core dumped) /users2/cpca56132020/moliveira/jdk1.7.0_80/bin//java -Xmx2048m -Dmutnumber_0=null -cp /users2/cpca56132020/moliveira/folders/Figra_IntroClassJava_checksum-08c7ea4ac39aa6a5ab206393bb4412de9d2c365ecdda9c1b391be963c1811014ed23d2722d7433b8e8a95305eee314d39da4950f31e01f9147f90af91a5c433a-011/Figra_IntroClassJava_checksum_08c7ea4ac39aa6a5ab206393bb4412de9d2c365ecdda9c1b391be963c1811014ed23d2722d7433b8e8a95305eee314d39da4950f31e01f9147f90af91a5c433a-011/./lib/jtestex7.jar:"/users2/cpca56132020/moliveira/folders/Figra_IntroClassJava_checksum-08c7ea4ac39aa6a5ab206393bb4412de9d2c365ecdda9c1b391be963c1811014ed23d2722d7433b8e8a95305eee314d39da4950f31e01f9147f90af91a5c433a-011/Figra_IntroClassJava_checksum_08c7ea4ac39aa6a5ab206393bb4412de9d2c365ecdda9c1b391be963c1811014ed23d2722d7433b8e8a95305eee314d39da4950f31e01f9147f90af91a5c433a-011/./lib/com.gzoltar-0.1.1-jar-with-dependencies.jar":"/users2/cpca56132020/moliveira/folders/Figra_IntroClassJava_checksum-08c7ea4ac39aa6a5ab206393bb4412de9d2c365ecdda9c1b391be963c1811014ed23d2722d7433b8e8a95305eee314d39da4950f31e01f9147f90af91a5c433a-011/Figra_IntroClassJava_checksum_08c7ea4ac39aa6a5ab206393bb4412de9d2c365ecdda9c1b391be963c1811014ed23d2722d7433b8e8a95305eee314d39da4950f31e01f9147f90af91a5c433a-011/./output_astor/AstorMain-checksum-08c7ea4ac39aa6a5ab206393bb4412de9d2c365ecdda9c1b391be963c1811014ed23d2722d7433b8e8a95305eee314d39da4950f31e01f9147f90af91a5c433a-011/bin/variant-146/":"/users2/cpca56132020/moliveira/.m2/repository/junit/junit/4.11/junit-4.11.jar":"/users2/cpca56132020/moliveira/.m2/repository/org/hamcrest/hamcrest-core/1.3/hamcrest-core-1.3.jar":"/users2/cpca56132020/moliveira/folders/Figra_IntroClassJava_checksum-08c7ea4ac39aa6a5ab206393bb4412de9d2c365ecdda9c1b391be963c1811014ed23d2722d7433b8e8a95305eee314d39da4950f31e01f9147f90af91a5c433a-011/Figra_IntroClassJava_checksum_08c7ea4ac39aa6a5ab206393bb4412de9d2c365ecdda9c1b391be963c1811014ed23d2722d7433b8e8a95305eee314d39da4950f31e01f9147f90af91a5c433a-011/./output_astor/AstorMain-checksum-08c7ea4ac39aa6a5ab206393bb4412de9d2c365ecdda9c1b391be963c1811014ed23d2722d7433b8e8a95305eee314d39da4950f31e01f9147f90af91a5c433a-011/bin/default/":"/users2/cpca56132020/moliveira/RepairThemAll/script/../libs/jtestex7.jar":"/users2/cpca56132020/moliveira/RepairThemAll/script/../repair_tools/astor.jar": fr.inria.astor.core.validation.junit.JUnitNologExternalExecutor introclassJava.checksum_08c7ea4a_011BlackboxTest introclassJava.checksum_08c7ea4a_011WhiteboxTest

06:17:19.968 [main] ERROR fr.inria.astor.approaches.figra.ExpressionReplaceOperator - Replacement does not work for  modify checksum_summation to checksum_summation
06:17:59.958 [main] ERROR fr.inria.astor.approaches.figra.ExpressionReplaceOperator - Replacement does not work for  modify string to string
06:18:10.480 [main] ERROR fr.inria.astor.approaches.figra.ExpressionReplaceOperator - Replacement does not work for  modify 32 to 32
06:18:20.689 [main] ERROR fr.inria.astor.approaches.figra.ExpressionReplaceOperator - Replacement does not work for  modify new introclassJava.CharObj() to new introclassJava.CharObj()
06:18:31.206 [main] ERROR fr.inria.astor.approaches.figra.ExpressionReplaceOperator - Replacement does not work for  modify i to i
06:20:04.752 [main] ERROR fr.inria.astor.approaches.figra.ExpressionReplaceOperator - Replacement does not work for  modify checksum_summation to checksum_summation
06:20:25.583 [main] ERROR fr.inria.astor.approaches.figra.ExpressionReplaceOperator - Replacement does not work for  modify 0 to 0
06:22:40.715 [main] ERROR fr.inria.astor.approaches.figra.ExpressionReplaceOperator - Replacement does not work for  modify scanner.next() to scanner.next()
Astor Output:

General stats:
EXECUTION_IDENTIFIER=checksum-08c7ea4ac39aa6a5ab206393bb4412de9d2c365ecdda9c1b391be963c1811014ed23d2722d7433b8e8a95305eee314d39da4950f31e01f9147f90af91a5c433a-011
TOTAL_TIME=7200.145
NR_GENERATIONS=137
NR_RIGHT_COMPILATIONS=115
NR_FAILLING_COMPILATIONS=22
NR_ERRONEOUS_VARIANCES=null
NR_FAILING_VALIDATION_PROCESS=null
OUTPUT_STATUS=TIME_OUT

Patch stats:


real	120m17.044s
user	107m39.285s
sys	0m15.751s
\n\nNode: hpc063.ncg.ingrid.pt\n
\n\nDate: Tue Apr 13 08:10:59 EDT 2021\n
