cd /users2/cpca56132020/moliveira/folders/Cardumen_20_QUIXBUGS_GET_FACTORS/Cardumen_QuixBugs_GET_FACTORS_;
export JAVA_TOOL_OPTIONS="-Dfile.encoding=UTF8 -Duser.language=en-US -Duser.country=US -Duser.language=en";
TZ="America/New_York"; export TZ;
export PATH="/usr/lib/jvm/java-1.8.0-openjdk/bin:$PATH";
export JAVA_HOME="/usr/lib/jvm/java-1.8.0-openjdk/bin";
time java -Xmx4g -Xms1g -cp /users2/cpca56132020/moliveira/RepairThemAll/script/../libs/jtestex7.jar:/users2/cpca56132020/moliveira/RepairThemAll/script/../repair_tools/astor.jar fr.inria.main.evolution.AstorMain \
	-mode cardumen \
	-location . \
	-id GET_FACTORS- \
	-failing java_testcases.junit.GET_FACTORS_Test \
	-jvm4testexecution /usr/lib/jvm/java-1.8.0-openjdk/bin \
	-jvm4evosuitetestexecution /usr/lib/jvm/java-1.8.0-openjdk/bin \
	-maxgen 1000000 \
	-maxtime 120 \
	-stopfirst false \
	-seed 20 \
	-scope package \
	-population 1 \
	-javacompliancelevel 8 \
	-srcjavafolder src/main/java \
	-srctestfolder src/test/java \
	-binjavafolder target/classes \
	-bintestfolder target/test-classes \
	-parameters x:x:maxCombinationVariableLimit:true:maxVarCombination:1000 \
	-dependencies /users2/cpca56132020/moliveira/.m2/repository/junit/junit/4.11/junit-4.11.jar:/users2/cpca56132020/moliveira/.m2/repository/org/hamcrest/hamcrest-core/1.3/hamcrest-core-1.3.jar;
	echo "\n\nNode: `hostname`\n";
	echo "\n\nDate: `date`\n";
Picked up JAVA_TOOL_OPTIONS: -Dfile.encoding=UTF8 -Duser.language=en-US -Duser.country=US -Duser.language=en
13:54:29.922 [main] ERROR fr.inria.astor.approaches.cardumen.ExpressionReplaceOperator - Replacement does not work for  modify prepend.add(i) to prepend.add(i)
13:54:31.565 [main] ERROR fr.inria.astor.approaches.cardumen.ExpressionReplaceOperator - Replacement does not work for  modify prepend.addAll(java_programs.GET_FACTORS.get_factors(n / i)) to prepend.addAll(java_programs.GET_FACTORS.get_factors(n / i))
13:54:32.442 [main] ERROR fr.inria.astor.approaches.cardumen.ExpressionReplaceOperator - Replacement does not work for  modify n == 1 to n == 1
13:54:33.757 [main] ERROR fr.inria.astor.approaches.cardumen.ExpressionReplaceOperator - Replacement does not work for  modify i++ to i++
13:54:34.846 [main] ERROR fr.inria.astor.approaches.cardumen.ExpressionReplaceOperator - Replacement does not work for  modify java.lang.Math.sqrt(n) to java.lang.Math.sqrt(n)
13:54:35.794 [main] ERROR fr.inria.astor.approaches.cardumen.ExpressionReplaceOperator - Replacement does not work for  modify ((int) (java.lang.Math.sqrt(n) + 1.0)) to ((int) (java.lang.Math.sqrt(n) + 1.0))
13:54:43.540 [main] ERROR fr.inria.astor.approaches.cardumen.ExpressionReplaceOperator - Replacement does not work for  modify new java.util.ArrayList<java.lang.Integer>(0) to new java.util.ArrayList<java.lang.Integer>(0)
13:54:44.937 [main] ERROR fr.inria.astor.approaches.cardumen.ExpressionReplaceOperator - error to modify i++ to n % n
13:55:15.846 [main] ERROR fr.inria.astor.approaches.cardumen.ExpressionReplaceOperator - Replacement does not work for  modify (n % i) to (n % i)
13:56:19.199 [main] ERROR fr.inria.astor.approaches.cardumen.ExpressionReplaceOperator - Replacement does not work for  modify (n % i) == 0 to (n % i) == 0
13:57:33.920 [main] ERROR fr.inria.astor.approaches.cardumen.ExpressionReplaceOperator - Replacement does not work for  modify new java.util.ArrayList<java.lang.Integer>() to new java.util.ArrayList<java.lang.Integer>()
13:58:16.288 [main] ERROR fr.inria.astor.approaches.cardumen.ExpressionReplaceOperator - Replacement does not work for  modify n / i to n / i
14:00:43.414 [main] ERROR fr.inria.astor.approaches.cardumen.ExpressionReplaceOperator - Replacement does not work for  modify java_programs.GET_FACTORS.get_factors(n / i) to java_programs.GET_FACTORS.get_factors(n / i)
14:07:49.116 [main] ERROR fr.inria.astor.approaches.cardumen.ExpressionReplaceOperator - Replacement does not work for  modify i < max to i < max
