cd /users2/cpca56132020/moliveira/folders/Figra_IntroClassJava_smallest-dedc2a7c919835ade6d92729cfb18fc71addf6dcdf36ce26ca8b1e3d3aea81bad974c61b96fd71537e95a6aac4582d5b08f9fd8057ce40fb18fb5df37d86b70d-000/Figra_IntroClassJava_smallest_dedc2a7c919835ade6d92729cfb18fc71addf6dcdf36ce26ca8b1e3d3aea81bad974c61b96fd71537e95a6aac4582d5b08f9fd8057ce40fb18fb5df37d86b70d-000;
export JAVA_TOOL_OPTIONS="-Dfile.encoding=UTF8 -Duser.language=en-US -Duser.country=US -Duser.language=en";
TZ="America/New_York"; export TZ;
export PATH="/usr/lib/jvm/java-1.8.0-openjdk/bin/:$PATH";
export JAVA_HOME="/usr/lib/jvm/java-1.8.0-openjdk/bin/";
time java -Xmx4g -Xms1g -cp /users2/cpca56132020/moliveira/RepairThemAll/script/../libs/jtestex7.jar:/users2/cpca56132020/moliveira/RepairThemAll/script/../repair_tools/astor.jar fr.inria.main.evolution.AstorMain \
	-mode figra \
	-location . \
	-id smallest-dedc2a7c919835ade6d92729cfb18fc71addf6dcdf36ce26ca8b1e3d3aea81bad974c61b96fd71537e95a6aac4582d5b08f9fd8057ce40fb18fb5df37d86b70d-000 \
	-failing introclassJava.smallest_dedc2a7c_000BlackboxTest:introclassJava.smallest_dedc2a7c_000WhiteboxTest \
	-jvm4testexecution /users2/cpca56132020/moliveira/jdk1.7.0_80/bin/ \
	-jvm4evosuitetestexecution /users2/cpca56132020/moliveira/jdk1.7.0_80/bin/ \
	-maxgen 1000000 \
	-maxtime 120 \
	-stopfirst false \
	-seed 28 \
	-scope package \
	-population 1 \
	-javacompliancelevel 7 \
	-srcjavafolder src/main/java \
	-srctestfolder src/test/java \
	-binjavafolder target/classes \
	-bintestfolder target/test-classes \
	-parameters x:x:maxCombinationVariableLimit:true:maxVarCombination:1000 \
	-dependencies /users2/cpca56132020/moliveira/.m2/repository/junit/junit/4.11/junit-4.11.jar:/users2/cpca56132020/moliveira/.m2/repository/org/hamcrest/hamcrest-core/1.3/hamcrest-core-1.3.jar;
	echo "\n\nNode: `hostname`\n";
	echo "\n\nDate: `date`\n";
Picked up JAVA_TOOL_OPTIONS: -Dfile.encoding=UTF8 -Duser.language=en-US -Duser.country=US -Duser.language=en
Picked up _JAVA_OPTIONS: -Xmx512m -Xms256m
06:11:08.363 [main] ERROR fr.inria.astor.approaches.figra.ExpressionReplaceOperator - Replacement does not work for  modify scanner.nextFloat() to scanner.nextFloat()
06:11:09.155 [main] ERROR fr.inria.astor.approaches.figra.ExpressionReplaceOperator - Replacement does not work for  modify a to a
06:11:22.280 [main] ERROR fr.inria.astor.approaches.figra.ExpressionReplaceOperator - Replacement does not work for  modify scanner to scanner
06:11:23.608 [main] ERROR fr.inria.astor.approaches.figra.ExpressionReplaceOperator - Replacement does not work for  modify scanner.nextFloat() to scanner.nextFloat()
06:11:27.313 [main] ERROR fr.inria.astor.approaches.figra.ExpressionReplaceOperator - Replacement does not work for  modify scanner to scanner
06:11:28.086 [main] ERROR fr.inria.astor.approaches.figra.ExpressionReplaceOperator - Replacement does not work for  modify scanner.nextFloat() to scanner.nextFloat()
06:11:28.432 [main] ERROR fr.inria.astor.approaches.figra.ExpressionReplaceOperator - Replacement does not work for  modify scanner to scanner
06:11:28.865 [main] ERROR fr.inria.astor.approaches.figra.ExpressionReplaceOperator - Replacement does not work for  modify d to d
06:11:34.123 [main] ERROR fr.inria.astor.approaches.figra.ExpressionReplaceOperator - Replacement does not work for  modify c to c
06:11:34.854 [main] ERROR fr.inria.astor.approaches.figra.ExpressionReplaceOperator - Replacement does not work for  modify "%.0f is the smallest\n" to "%.0f is the smallest\n"
06:11:47.275 [main] ERROR fr.inria.astor.approaches.figra.ExpressionReplaceOperator - Replacement does not work for  modify d to d
06:11:48.945 [main] ERROR fr.inria.astor.approaches.figra.ExpressionReplaceOperator - Replacement does not work for  modify "Please enter 4 numbers separated by spaces > " to "Please enter 4 numbers separated by spaces > "
06:12:07.184 [main] ERROR fr.inria.astor.approaches.figra.ExpressionReplaceOperator - Replacement does not work for  modify a to a
06:12:08.638 [main] ERROR fr.inria.astor.approaches.figra.ExpressionReplaceOperator - Replacement does not work for  modify scanner.nextFloat() to scanner.nextFloat()
06:12:11.141 [main] ERROR fr.inria.astor.approaches.figra.ExpressionReplaceOperator - Replacement does not work for  modify c to c
06:12:12.932 [main] ERROR fr.inria.astor.approaches.figra.ExpressionReplaceOperator - Replacement does not work for  modify b to b
06:12:21.526 [main] ERROR fr.inria.astor.approaches.figra.ExpressionReplaceOperator - Replacement does not work for  modify d to d
06:12:23.907 [main] ERROR fr.inria.astor.approaches.figra.ExpressionReplaceOperator - Replacement does not work for  modify b to b
06:12:28.167 [main] ERROR fr.inria.astor.approaches.figra.ExpressionReplaceOperator - Replacement does not work for  modify new introclassJava.FloatObj() to new introclassJava.FloatObj()
06:12:33.190 [main] ERROR fr.inria.astor.approaches.figra.ExpressionReplaceOperator - Replacement does not work for  modify c to c
06:12:34.750 [main] ERROR fr.inria.astor.approaches.figra.ExpressionReplaceOperator - Replacement does not work for  modify a to a
06:12:40.179 [main] ERROR fr.inria.astor.approaches.figra.ExpressionReplaceOperator - Replacement does not work for  modify b to b
06:12:41.617 [main] ERROR fr.inria.astor.approaches.figra.ExpressionReplaceOperator - Replacement does not work for  modify a to a
06:12:49.703 [main] ERROR fr.inria.astor.approaches.figra.ExpressionReplaceOperator - Replacement does not work for  modify b to b
06:12:53.740 [main] ERROR fr.inria.astor.approaches.figra.ExpressionReplaceOperator - Replacement does not work for  modify scanner to scanner
06:13:08.840 [main] ERROR fr.inria.astor.approaches.figra.ExpressionReplaceOperator - Replacement does not work for  modify c to c
06:13:36.447 [main] ERROR fr.inria.astor.approaches.figra.ExpressionReplaceOperator - Replacement does not work for  modify java.lang.String.format("Please enter 4 numbers separated by spaces > ") to java.lang.String.format("Please enter 4 numbers separated by spaces > ")
Astor Output:

General stats:
EXECUTION_IDENTIFIER=smallest-dedc2a7c919835ade6d92729cfb18fc71addf6dcdf36ce26ca8b1e3d3aea81bad974c61b96fd71537e95a6aac4582d5b08f9fd8057ce40fb18fb5df37d86b70d-000
TOTAL_TIME=7204.391
NR_GENERATIONS=213
NR_RIGHT_COMPILATIONS=131
NR_FAILLING_COMPILATIONS=82
NR_ERRONEOUS_VARIANCES=null
NR_FAILING_VALIDATION_PROCESS=null
OUTPUT_STATUS=TIME_OUT

Patch stats:

Patch 1
VARIANT_ID=6
TIME=2
VALIDATION=|true|0|16|[]|
GENERATION=3
FOLDER_SOLUTION_CODE=/users2/cpca56132020/moliveira/folders/Figra_IntroClassJava_smallest-dedc2a7c919835ade6d92729cfb18fc71addf6dcdf36ce26ca8b1e3d3aea81bad974c61b96fd71537e95a6aac4582d5b08f9fd8057ce40fb18fb5df37d86b70d-000/Figra_IntroClassJava_smallest_dedc2a7c919835ade6d92729cfb18fc71addf6dcdf36ce26ca8b1e3d3aea81bad974c61b96fd71537e95a6aac4582d5b08f9fd8057ce40fb18fb5df37d86b70d-000/./output_astor/AstorMain-smallest-dedc2a7c919835ade6d92729cfb18fc71addf6dcdf36ce26ca8b1e3d3aea81bad974c61b96fd71537e95a6aac4582d5b08f9fd8057ce40fb18fb5df37d86b70d-000//src//variant-6
--Patch Hunk #1
OPERATOR=ExpressionReplaceOperator

LOCATION=introclassJava.smallest_dedc2a7c_000

PATH=/users2/cpca56132020/moliveira/folders/Figra_IntroClassJava_smallest-dedc2a7c919835ade6d92729cfb18fc71addf6dcdf36ce26ca8b1e3d3aea81bad974c61b96fd71537e95a6aac4582d5b08f9fd8057ce40fb18fb5df37d86b70d-000/Figra_IntroClassJava_smallest_dedc2a7c919835ade6d92729cfb18fc71addf6dcdf36ce26ca8b1e3d3aea81bad974c61b96fd71537e95a6aac4582d5b08f9fd8057ce40fb18fb5df37d86b70d-000/src/main/java/introclassJava/smallest_dedc2a7c_000.java

MODIFIED_FILE_PATH=/users2/cpca56132020/moliveira/folders/Figra_IntroClassJava_smallest-dedc2a7c919835ade6d92729cfb18fc71addf6dcdf36ce26ca8b1e3d3aea81bad974c61b96fd71537e95a6aac4582d5b08f9fd8057ce40fb18fb5df37d86b70d-000/Figra_IntroClassJava_smallest_dedc2a7c919835ade6d92729cfb18fc71addf6dcdf36ce26ca8b1e3d3aea81bad974c61b96fd71537e95a6aac4582d5b08f9fd8057ce40fb18fb5df37d86b70d-000/./output_astor/AstorMain-smallest-dedc2a7c919835ade6d92729cfb18fc71addf6dcdf36ce26ca8b1e3d3aea81bad974c61b96fd71537e95a6aac4582d5b08f9fd8057ce40fb18fb5df37d86b70d-000//src//variant-6/introclassJava/smallest_dedc2a7c_000.java

LINE=70

SUSPICIOUNESS=0.48

MP_RANKING=22

ORIGINAL_CODE=((b.value < a.value) && (b.value < c.value))

BUGGY_CODE_TYPE=CtBinaryOperatorImpl|CtBinaryOperatorImpl

PATCH_HUNK_CODE=true

PATCH_HUNK_TYPE=CtLiteralImpl|CtIfImpl

INGREDIENT_SCOPE=-

INGREDIENT_PARENT=true

PATCH_DIFF_ORIG=--- /users2/cpca56132020/moliveira/folders/Figra_IntroClassJava_smallest-dedc2a7c919835ade6d92729cfb18fc71addf6dcdf36ce26ca8b1e3d3aea81bad974c61b96fd71537e95a6aac4582d5b08f9fd8057ce40fb18fb5df37d86b70d-000/Figra_IntroClassJava_smallest_dedc2a7c919835ade6d92729cfb18fc71addf6dcdf36ce26ca8b1e3d3aea81bad974c61b96fd71537e95a6aac4582d5b08f9fd8057ce40fb18fb5df37d86b70d-000/src/main/java/introclassJava/smallest_dedc2a7c_000java
+++ /users2/cpca56132020/moliveira/folders/Figra_IntroClassJava_smallest-dedc2a7c919835ade6d92729cfb18fc71addf6dcdf36ce26ca8b1e3d3aea81bad974c61b96fd71537e95a6aac4582d5b08f9fd8057ce40fb18fb5df37d86b70d-000/Figra_IntroClassJava_smallest_dedc2a7c919835ade6d92729cfb18fc71addf6dcdf36ce26ca8b1e3d3aea81bad974c61b96fd71537e95a6aac4582d5b08f9fd8057ce40fb18fb5df37d86b70d-000/src/main/java/introclassJava/smallest_dedc2a7c_000java
@@ -70,10 +70,10 @@
-		} else if (((b.value < a.value) && (b.value < c.value)) && 
-		(b.value < d.value)) {
-			output += java.lang.String.format("%.0f is the smallest\n", b.value);
-		} else if (((c.value < a.value) && (c.value < b.value)) && 
-		(c.value < d.value)) {
-			output += java.lang.String.format("%.0f is the smallest\n", c.value);
-		} else {
-			output += java.lang.String.format("%.0f is the smallest\n", d.value);
-		}
-		if (true)
+		} else if (
+
+
+
+
+
+
+
+
+		true && (b.value < d.value)) { 			output += java.lang.String.format("%.0f is the smallest\n", b.value);} else if (((c.value < a.value) && (c.value < b.value)) && (c.value < d.value)) { 			output += java.lang.String.format("%.0f is the smallest\n", c.value);} else { 			output += java.lang.String.format("%.0f is the smallest\n", d.value);} 		if (true)



Patch 2
VARIANT_ID=12
TIME=4
VALIDATION=|true|0|16|[]|
GENERATION=6
FOLDER_SOLUTION_CODE=/users2/cpca56132020/moliveira/folders/Figra_IntroClassJava_smallest-dedc2a7c919835ade6d92729cfb18fc71addf6dcdf36ce26ca8b1e3d3aea81bad974c61b96fd71537e95a6aac4582d5b08f9fd8057ce40fb18fb5df37d86b70d-000/Figra_IntroClassJava_smallest_dedc2a7c919835ade6d92729cfb18fc71addf6dcdf36ce26ca8b1e3d3aea81bad974c61b96fd71537e95a6aac4582d5b08f9fd8057ce40fb18fb5df37d86b70d-000/./output_astor/AstorMain-smallest-dedc2a7c919835ade6d92729cfb18fc71addf6dcdf36ce26ca8b1e3d3aea81bad974c61b96fd71537e95a6aac4582d5b08f9fd8057ce40fb18fb5df37d86b70d-000//src//variant-12
--Patch Hunk #1
OPERATOR=ExpressionReplaceOperator

LOCATION=introclassJava.smallest_dedc2a7c_000

PATH=/users2/cpca56132020/moliveira/folders/Figra_IntroClassJava_smallest-dedc2a7c919835ade6d92729cfb18fc71addf6dcdf36ce26ca8b1e3d3aea81bad974c61b96fd71537e95a6aac4582d5b08f9fd8057ce40fb18fb5df37d86b70d-000/Figra_IntroClassJava_smallest_dedc2a7c919835ade6d92729cfb18fc71addf6dcdf36ce26ca8b1e3d3aea81bad974c61b96fd71537e95a6aac4582d5b08f9fd8057ce40fb18fb5df37d86b70d-000/src/main/java/introclassJava/smallest_dedc2a7c_000.java

MODIFIED_FILE_PATH=/users2/cpca56132020/moliveira/folders/Figra_IntroClassJava_smallest-dedc2a7c919835ade6d92729cfb18fc71addf6dcdf36ce26ca8b1e3d3aea81bad974c61b96fd71537e95a6aac4582d5b08f9fd8057ce40fb18fb5df37d86b70d-000/Figra_IntroClassJava_smallest_dedc2a7c919835ade6d92729cfb18fc71addf6dcdf36ce26ca8b1e3d3aea81bad974c61b96fd71537e95a6aac4582d5b08f9fd8057ce40fb18fb5df37d86b70d-000/./output_astor/AstorMain-smallest-dedc2a7c919835ade6d92729cfb18fc71addf6dcdf36ce26ca8b1e3d3aea81bad974c61b96fd71537e95a6aac4582d5b08f9fd8057ce40fb18fb5df37d86b70d-000//src//variant-12/introclassJava/smallest_dedc2a7c_000.java

LINE=68

SUSPICIOUNESS=0.433

MP_RANKING=48

ORIGINAL_CODE=((a.value < b.value) && (a.value < c.value))

BUGGY_CODE_TYPE=CtBinaryOperatorImpl|CtBinaryOperatorImpl

PATCH_HUNK_CODE=true

PATCH_HUNK_TYPE=CtLiteralImpl|CtIfImpl

INGREDIENT_SCOPE=-

INGREDIENT_PARENT=true

PATCH_DIFF_ORIG=--- /users2/cpca56132020/moliveira/folders/Figra_IntroClassJava_smallest-dedc2a7c919835ade6d92729cfb18fc71addf6dcdf36ce26ca8b1e3d3aea81bad974c61b96fd71537e95a6aac4582d5b08f9fd8057ce40fb18fb5df37d86b70d-000/Figra_IntroClassJava_smallest_dedc2a7c919835ade6d92729cfb18fc71addf6dcdf36ce26ca8b1e3d3aea81bad974c61b96fd71537e95a6aac4582d5b08f9fd8057ce40fb18fb5df37d86b70d-000/src/main/java/introclassJava/smallest_dedc2a7c_000java
+++ /users2/cpca56132020/moliveira/folders/Figra_IntroClassJava_smallest-dedc2a7c919835ade6d92729cfb18fc71addf6dcdf36ce26ca8b1e3d3aea81bad974c61b96fd71537e95a6aac4582d5b08f9fd8057ce40fb18fb5df37d86b70d-000/Figra_IntroClassJava_smallest_dedc2a7c919835ade6d92729cfb18fc71addf6dcdf36ce26ca8b1e3d3aea81bad974c61b96fd71537e95a6aac4582d5b08f9fd8057ce40fb18fb5df37d86b70d-000/src/main/java/introclassJava/smallest_dedc2a7c_000java
@@ -68,12 +68,12 @@
-		if (((a.value < b.value) && (a.value < c.value)) && (a.value < d.value)) {
-			output += java.lang.String.format("%.0f is the smallest\n", a.value);
-		} else if (((b.value < a.value) && (b.value < c.value)) && 
-		(b.value < d.value)) {
-			output += java.lang.String.format("%.0f is the smallest\n", b.value);
-		} else if (((c.value < a.value) && (c.value < b.value)) && 
-		(c.value < d.value)) {
-			output += java.lang.String.format("%.0f is the smallest\n", c.value);
-		} else {
-			output += java.lang.String.format("%.0f is the smallest\n", d.value);
-		}
-		if (true)
+		if (
+
+
+
+
+
+
+
+
+
+
+		true && (a.value < d.value)) { 			output += java.lang.String.format("%.0f is the smallest\n", a.value);} else if (((b.value < a.value) && (b.value < c.value)) && (b.value < d.value)) { 			output += java.lang.String.format("%.0f is the smallest\n", b.value);} else if (((c.value < a.value) && (c.value < b.value)) && (c.value < d.value)) { 			output += java.lang.String.format("%.0f is the smallest\n", c.value);} else { 			output += java.lang.String.format("%.0f is the smallest\n", d.value);} 		if (true)




real	120m14.009s
user	119m18.265s
sys	0m12.898s
\n\nNode: hpc063.ncg.ingrid.pt\n
\n\nDate: Tue Apr 13 08:11:08 EDT 2021\n
