cd /tmp/figra_QuixBugs_SQRT_;
export JAVA_TOOL_OPTIONS="-Dfile.encoding=UTF8 -Duser.language=en-US -Duser.country=US -Duser.language=en";
TZ="America/New_York"; export TZ;
export PATH="/usr/lib/jvm/java-1.8.0-openjdk-amd64/bin/:$PATH";
export JAVA_HOME="/usr/lib/jvm/java-1.8.0-openjdk-amd64/bin/";
time java -Xmx4g -Xms1g -cp /home/maxoliveira/Tese/RepairThemAll/script/../libs/jtestex7.jar:/home/maxoliveira/Tese/RepairThemAll/script/../repair_tools/astor.jar fr.inria.main.evolution.AstorMain \
	-mode figra \
	-location . \
	-id SQRT- \
	-failing java_testcases.junit.SQRT_Test \
	-jvm4testexecution /usr/lib/jvm/java-1.8.0-openjdk-amd64/bin/ \
	-jvm4evosuitetestexecution /usr/lib/jvm/java-1.8.0-openjdk-amd64/bin/ \
	-maxgen 100000000 \
	-maxtime 180 \
	-stopfirst true \
	-seed 28 \
	-scope package \
	-population 1 \
	-javacompliancelevel 8 \
	-srcjavafolder src/main/java \
	-srctestfolder src/test/java \
	-binjavafolder target/classes \
	-bintestfolder target/test-classes \
	-parameters x:x:maxCombinationVariableLimit:true:maxVarCombination:1000:maxCombinationVariableLimit:true:maxVarCombination:1000:maxCombinationVariableLimit:true:maxVarCombination:1000:maxCombinationVariableLimit:true:maxVarCombination:1000:maxCombinationVariableLimit:true:maxVarCombination:1000:maxCombinationVariableLimit:true:maxVarCombination:1000:maxCombinationVariableLimit:true:maxVarCombination:1000:maxCombinationVariableLimit:true:maxVarCombination:1000:maxCombinationVariableLimit:true:maxVarCombination:1000 \
	-dependencies /home/maxoliveira/.m2/repository/junit/junit/4.11/junit-4.11.jar:/home/maxoliveira/.m2/repository/org/hamcrest/hamcrest-core/1.3/hamcrest-core-1.3.jar;
	echo "\n\nNode: `hostname`\n";
	echo "\n\nDate: `date`\n";
Picked up JAVA_TOOL_OPTIONS: -Dfile.encoding=UTF8 -Duser.language=en-US -Duser.country=US -Duser.language=en
17:36:33.388 [main] ERROR AstorCoreEngine - Initial run of test suite fails
17:36:44.625 [main] ERROR fr.inria.astor.approaches.figra.ExpressionReplaceOperator - Replacement does not work for  modify 2.0F to 2.0F
17:37:25.344 [main] ERROR fr.inria.astor.approaches.figra.ExpressionReplaceOperator - Replacement does not work for  modify java.lang.Math.abs(x - approx) > epsilon to java.lang.Math.abs(x - approx) > epsilon
17:38:05.587 [main] ERROR fr.inria.astor.approaches.figra.ExpressionReplaceOperator - Replacement does not work for  modify 0.5F to 0.5F
Astor Output:

General stats:
EXECUTION_IDENTIFIER=SQRT-
TOTAL_TIME=296.837
NR_GENERATIONS=49
NR_RIGHT_COMPILATIONS=34
NR_FAILLING_COMPILATIONS=15
NR_ERRONEOUS_VARIANCES=null
NR_FAILING_VALIDATION_PROCESS=null
OUTPUT_STATUS=STOP_BY_PATCH_FOUND

Patch stats:

Patch 1
VARIANT_ID=98
TIME=296
VALIDATION=|true|0|7|[]|
GENERATION=49
FOLDER_SOLUTION_CODE=/tmp/figra_QuixBugs_SQRT_/./output_astor/AstorMain-SQRT-//src//variant-98
--Patch Hunk #1
OPERATOR=ExpressionReplaceOperator

LOCATION=java_programs.SQRT

PATH=/tmp/figra_QuixBugs_SQRT_/src/main/java/SQRT.java

MODIFIED_FILE_PATH=/tmp/figra_QuixBugs_SQRT_/./output_astor/AstorMain-SQRT-//src//variant-98/java_programs/SQRT.java

LINE=16

SUSPICIOUNESS=0.926

MP_RANKING=3

ORIGINAL_CODE=x

BUGGY_CODE_TYPE=CtVariableReadImpl|CtBinaryOperatorImpl

PATCH_HUNK_CODE=(0.5F * (approx + (x / approx)))

PATCH_HUNK_TYPE=CtBinaryOperatorImpl|CtBinaryOperatorImpl

INGREDIENT_SCOPE=-

INGREDIENT_PARENT=(0.5F * (approx + (x / approx)))

PATCH_DIFF_ORIG=--- /tmp/figra_QuixBugs_SQRT_/src/main/java/SQRTjava
+++ /tmp/figra_QuixBugs_SQRT_/src/main/java/SQRTjava
@@ -16,2 +16,2 @@
-		while (java.lang.Math.abs(x - approx) > epsilon) {
-			approx = 0.5F * (approx + (x / approx));
+		while (java.lang.Math.abs(
+		(0.5F * (approx + (x / approx))) - approx) > epsilon) { 			approx = 0.5F * (approx + (x / approx));



86.59user 2.00system 5:28.79elapsed 26%CPU (0avgtext+0avgdata 602960maxresident)k
280inputs+9080outputs (0major+239819minor)pagefaults 0swaps


Node: alcides-MS-7C60



Date: dom 14 mar 2021 17:41:31 EDT

