cd /tmp/jGenProg_QuixBugs_FIND_IN_SORTED_;
export JAVA_TOOL_OPTIONS="-Dfile.encoding=UTF8 -Duser.language=en-US -Duser.country=US -Duser.language=en";
TZ="America/New_York"; export TZ;
export PATH="/usr/lib/jvm/java-1.8.0-openjdk-amd64/bin/:$PATH";
export JAVA_HOME="/usr/lib/jvm/java-1.8.0-openjdk-amd64/bin/";
time java -Xmx4g -Xms1g -cp /home/maxoliveira/Tese/RepairThemAll/script/../libs/jtestex7.jar:/home/maxoliveira/Tese/RepairThemAll/script/../repair_tools/astor.jar fr.inria.main.evolution.AstorMain \
	-mode jgenprog \
	-location . \
	-id FIND_IN_SORTED- \
	-failing java_testcases.junit.FIND_IN_SORTED_Test \
	-jvm4testexecution /usr/lib/jvm/java-1.8.0-openjdk-amd64/bin/ \
	-jvm4evosuitetestexecution /usr/lib/jvm/java-1.8.0-openjdk-amd64/bin/ \
	-maxgen 100000000 \
	-maxtime 180 \
	-stopfirst true \
	-seed 28 \
	-scope package \
	-population 1 \
	-javacompliancelevel 8 \
	-srcjavafolder src/main/java \
	-srctestfolder src/test/java \
	-binjavafolder target/classes \
	-bintestfolder target/test-classes \
	-parameters x:x \
	-dependencies /home/maxoliveira/.m2/repository/junit/junit/4.11/junit-4.11.jar:/home/maxoliveira/.m2/repository/org/hamcrest/hamcrest-core/1.3/hamcrest-core-1.3.jar;
	echo "\n\nNode: `hostname`\n";
	echo "\n\nDate: `date`\n";
Picked up JAVA_TOOL_OPTIONS: -Dfile.encoding=UTF8 -Duser.language=en-US -Duser.country=US -Duser.language=en
Command terminated by signal 9
228.83user 52.63system 40:09.21elapsed 11%CPU (0avgtext+0avgdata 2032192maxresident)k
3175688inputs+92280outputs (118198major+5839104minor)pagefaults 0swaps


Node: alcides-MS-7C60



Date: seg 15 mar 2021 22:13:23 EDT

