cd /users2/cpca56132020/moliveira/folders/Figra_26_QUIXBUGS_DEPTH_FIRST_SEARCH/Figra_QuixBugs_DEPTH_FIRST_SEARCH_;
export JAVA_TOOL_OPTIONS="-Dfile.encoding=UTF8 -Duser.language=en-US -Duser.country=US -Duser.language=en";
TZ="America/New_York"; export TZ;
export PATH="/usr/lib/jvm/java-1.8.0-openjdk/bin:$PATH";
export JAVA_HOME="/usr/lib/jvm/java-1.8.0-openjdk/bin";
time java -Xmx4g -Xms1g -cp /users2/cpca56132020/moliveira/RepairThemAll/script/../libs/jtestex7.jar:/users2/cpca56132020/moliveira/RepairThemAll/script/../repair_tools/astor.jar fr.inria.main.evolution.AstorMain \
	-mode figra \
	-location . \
	-id DEPTH_FIRST_SEARCH- \
	-failing java_testcases.junit.DEPTH_FIRST_SEARCH_Test \
	-jvm4testexecution /usr/lib/jvm/java-1.8.0-openjdk/bin \
	-jvm4evosuitetestexecution /usr/lib/jvm/java-1.8.0-openjdk/bin \
	-maxgen 1000000 \
	-maxtime 120 \
	-stopfirst false \
	-seed 26 \
	-scope package \
	-population 1 \
	-javacompliancelevel 8 \
	-srcjavafolder src/main/java \
	-srctestfolder src/test/java \
	-binjavafolder target/classes \
	-bintestfolder target/test-classes \
	-parameters x:x:maxCombinationVariableLimit:true:maxVarCombination:1000 \
	-dependencies /users2/cpca56132020/moliveira/.m2/repository/junit/junit/4.11/junit-4.11.jar:/users2/cpca56132020/moliveira/.m2/repository/org/hamcrest/hamcrest-core/1.3/hamcrest-core-1.3.jar;
	echo "\n\nNode: `hostname`\n";
	echo "\n\nDate: `date`\n";
Picked up JAVA_TOOL_OPTIONS: -Dfile.encoding=UTF8 -Duser.language=en-US -Duser.country=US -Duser.language=en
12:01:28.689 [main] ERROR fr.inria.astor.approaches.figra.ExpressionReplaceOperator - Replacement does not work for  modify this to this
12:01:30.600 [main] ERROR fr.inria.astor.approaches.figra.ExpressionReplaceOperator - Replacement does not work for  modify new java.util.HashSet<>() to new java.util.HashSet<>()
12:01:31.365 [main] ERROR fr.inria.astor.approaches.figra.ExpressionReplaceOperator - Replacement does not work for  modify nodesvisited to nodesvisited
12:01:33.214 [main] ERROR fr.inria.astor.approaches.figra.ExpressionReplaceOperator - Replacement does not work for  modify node.getSuccessors() to node.getSuccessors()
12:01:35.344 [main] ERROR fr.inria.astor.approaches.figra.ExpressionReplaceOperator - Replacement does not work for  modify true to true
12:01:35.867 [main] ERROR fr.inria.astor.approaches.figra.ExpressionReplaceOperator - Replacement does not work for  modify successors to successors
12:01:39.930 [main] ERROR fr.inria.astor.approaches.figra.ExpressionReplaceOperator - Replacement does not work for  modify s.search(startnode) to s.search(startnode)
12:01:40.864 [main] ERROR fr.inria.astor.approaches.figra.ExpressionReplaceOperator - Replacement does not work for  modify node to node
12:01:41.192 [main] ERROR fr.inria.astor.approaches.figra.ExpressionReplaceOperator - Replacement does not work for  modify node to node
12:01:41.999 [main] ERROR fr.inria.astor.approaches.figra.ExpressionReplaceOperator - Replacement does not work for  modify node == goalnode to node == goalnode
12:01:43.821 [main] ERROR fr.inria.astor.approaches.figra.ExpressionReplaceOperator - Replacement does not work for  modify node to node
12:01:44.611 [main] ERROR fr.inria.astor.approaches.figra.ExpressionReplaceOperator - Replacement does not work for  modify new Search() to new Search()
12:01:45.601 [main] ERROR fr.inria.astor.approaches.figra.ExpressionReplaceOperator - Replacement does not work for  modify goalnode to goalnode
12:01:46.012 [main] ERROR fr.inria.astor.approaches.figra.ExpressionReplaceOperator - Replacement does not work for  modify s to s
12:01:47.052 [main] ERROR fr.inria.astor.approaches.figra.ExpressionReplaceOperator - Replacement does not work for  modify startnode to startnode
12:01:48.314 [main] ERROR fr.inria.astor.approaches.figra.ExpressionReplaceOperator - Replacement does not work for  modify successornodes to successornodes
12:01:50.017 [main] ERROR fr.inria.astor.approaches.figra.ExpressionReplaceOperator - Replacement does not work for  modify nodesvisited.contains(node) to nodesvisited.contains(node)
12:01:50.650 [main] ERROR fr.inria.astor.approaches.figra.ExpressionReplaceOperator - Replacement does not work for  modify successors to successors
12:01:57.510 [main] ERROR fr.inria.astor.approaches.figra.ExpressionReplaceOperator - Replacement does not work for  modify search(successornodes) to search(successornodes)
Astor Output:

General stats:
EXECUTION_IDENTIFIER=DEPTH_FIRST_SEARCH-
TOTAL_TIME=7200.14
NR_GENERATIONS=278
NR_RIGHT_COMPILATIONS=163
NR_FAILLING_COMPILATIONS=115
NR_ERRONEOUS_VARIANCES=null
NR_FAILING_VALIDATION_PROCESS=null
OUTPUT_STATUS=TIME_OUT

Patch stats:

Patch 1
VARIANT_ID=28
TIME=4
VALIDATION=|true|0|5|[]|
GENERATION=14
FOLDER_SOLUTION_CODE=/users2/cpca56132020/moliveira/folders/Figra_26_QUIXBUGS_DEPTH_FIRST_SEARCH/Figra_QuixBugs_DEPTH_FIRST_SEARCH_/./output_astor/AstorMain-DEPTH_FIRST_SEARCH-//src//variant-28
--Patch Hunk #1
OPERATOR=ExpressionReplaceOperator

LOCATION=java_programs.Node

PATH=/users2/cpca56132020/moliveira/folders/Figra_26_QUIXBUGS_DEPTH_FIRST_SEARCH/Figra_QuixBugs_DEPTH_FIRST_SEARCH_/src/main/java/Node.java

MODIFIED_FILE_PATH=/users2/cpca56132020/moliveira/folders/Figra_26_QUIXBUGS_DEPTH_FIRST_SEARCH/Figra_QuixBugs_DEPTH_FIRST_SEARCH_/./output_astor/AstorMain-DEPTH_FIRST_SEARCH-//src//variant-28/java_programs/Node.java

LINE=50

SUSPICIOUNESS=1

MP_RANKING=1

ORIGINAL_CODE=successors

BUGGY_CODE_TYPE=CtVariableReadImpl|CtAssignmentImpl

PATCH_HUNK_CODE=predecessors

PATCH_HUNK_TYPE=CtVariableReadImpl|CtReturnImpl

INGREDIENT_SCOPE=-

INGREDIENT_PARENT=predecessors

PATCH_DIFF_ORIG=--- /users2/cpca56132020/moliveira/folders/Figra_26_QUIXBUGS_DEPTH_FIRST_SEARCH/Figra_QuixBugs_DEPTH_FIRST_SEARCH_/src/main/java/Nodejava
+++ /users2/cpca56132020/moliveira/folders/Figra_26_QUIXBUGS_DEPTH_FIRST_SEARCH/Figra_QuixBugs_DEPTH_FIRST_SEARCH_/src/main/java/Nodejava
@@ -50 +50 @@
-		this.successors = successors;
+		this.successors = predecessors;



Patch 2
VARIANT_ID=66
TIME=9
VALIDATION=|true|0|5|[]|
GENERATION=33
FOLDER_SOLUTION_CODE=/users2/cpca56132020/moliveira/folders/Figra_26_QUIXBUGS_DEPTH_FIRST_SEARCH/Figra_QuixBugs_DEPTH_FIRST_SEARCH_/./output_astor/AstorMain-DEPTH_FIRST_SEARCH-//src//variant-66
--Patch Hunk #1
OPERATOR=ExpressionReplaceOperator

LOCATION=java_programs.DEPTH_FIRST_SEARCH

PATH=/users2/cpca56132020/moliveira/folders/Figra_26_QUIXBUGS_DEPTH_FIRST_SEARCH/Figra_QuixBugs_DEPTH_FIRST_SEARCH_/src/main/java/DEPTH_FIRST_SEARCH.java

MODIFIED_FILE_PATH=/users2/cpca56132020/moliveira/folders/Figra_26_QUIXBUGS_DEPTH_FIRST_SEARCH/Figra_QuixBugs_DEPTH_FIRST_SEARCH_/./output_astor/AstorMain-DEPTH_FIRST_SEARCH-//src//variant-66/java_programs/DEPTH_FIRST_SEARCH.java

LINE=23

SUSPICIOUNESS=0.577

MP_RANKING=2

ORIGINAL_CODE=successornodes

BUGGY_CODE_TYPE=CtVariableReadImpl|CtInvocationImpl

PATCH_HUNK_CODE=goalnode

PATCH_HUNK_TYPE=CtVariableReadImpl|CtInvocationImpl

INGREDIENT_SCOPE=-

INGREDIENT_PARENT=goalnode

PATCH_DIFF_ORIG=--- /users2/cpca56132020/moliveira/folders/Figra_26_QUIXBUGS_DEPTH_FIRST_SEARCH/Figra_QuixBugs_DEPTH_FIRST_SEARCH_/src/main/java/DEPTH_FIRST_SEARCHjava
+++ /users2/cpca56132020/moliveira/folders/Figra_26_QUIXBUGS_DEPTH_FIRST_SEARCH/Figra_QuixBugs_DEPTH_FIRST_SEARCH_/src/main/java/DEPTH_FIRST_SEARCHjava
@@ -23 +23 @@
-						if (search(successornodes)) { 							return true;}
+						if (search(goalnode)) { 							return true;}



Patch 3
VARIANT_ID=72
TIME=11
VALIDATION=|true|0|5|[]|
GENERATION=36
FOLDER_SOLUTION_CODE=/users2/cpca56132020/moliveira/folders/Figra_26_QUIXBUGS_DEPTH_FIRST_SEARCH/Figra_QuixBugs_DEPTH_FIRST_SEARCH_/./output_astor/AstorMain-DEPTH_FIRST_SEARCH-//src//variant-72
--Patch Hunk #1
OPERATOR=ExpressionReplaceOperator

LOCATION=java_programs.Node

PATH=/users2/cpca56132020/moliveira/folders/Figra_26_QUIXBUGS_DEPTH_FIRST_SEARCH/Figra_QuixBugs_DEPTH_FIRST_SEARCH_/src/main/java/Node.java

MODIFIED_FILE_PATH=/users2/cpca56132020/moliveira/folders/Figra_26_QUIXBUGS_DEPTH_FIRST_SEARCH/Figra_QuixBugs_DEPTH_FIRST_SEARCH_/./output_astor/AstorMain-DEPTH_FIRST_SEARCH-//src//variant-72/java_programs/Node.java

LINE=50

SUSPICIOUNESS=1

MP_RANKING=1

ORIGINAL_CODE=successors

BUGGY_CODE_TYPE=CtVariableReadImpl|CtAssignmentImpl

PATCH_HUNK_CODE=new java.util.ArrayList<java_programs.Node>()

PATCH_HUNK_TYPE=CtConstructorCallImpl|CtForEachImpl

INGREDIENT_SCOPE=-

INGREDIENT_PARENT=new java.util.ArrayList<java_programs.Node>()

PATCH_DIFF_ORIG=--- /users2/cpca56132020/moliveira/folders/Figra_26_QUIXBUGS_DEPTH_FIRST_SEARCH/Figra_QuixBugs_DEPTH_FIRST_SEARCH_/src/main/java/Nodejava
+++ /users2/cpca56132020/moliveira/folders/Figra_26_QUIXBUGS_DEPTH_FIRST_SEARCH/Figra_QuixBugs_DEPTH_FIRST_SEARCH_/src/main/java/Nodejava
@@ -50 +50 @@
-		this.successors = successors;
+		this.successors = new java.util.ArrayList<java_programs.Node>();



Patch 4
VARIANT_ID=140
TIME=20
VALIDATION=|true|0|5|[]|
GENERATION=70
FOLDER_SOLUTION_CODE=/users2/cpca56132020/moliveira/folders/Figra_26_QUIXBUGS_DEPTH_FIRST_SEARCH/Figra_QuixBugs_DEPTH_FIRST_SEARCH_/./output_astor/AstorMain-DEPTH_FIRST_SEARCH-//src//variant-140
--Patch Hunk #1
OPERATOR=ExpressionReplaceOperator

LOCATION=java_programs.DEPTH_FIRST_SEARCH

PATH=/users2/cpca56132020/moliveira/folders/Figra_26_QUIXBUGS_DEPTH_FIRST_SEARCH/Figra_QuixBugs_DEPTH_FIRST_SEARCH_/src/main/java/DEPTH_FIRST_SEARCH.java

MODIFIED_FILE_PATH=/users2/cpca56132020/moliveira/folders/Figra_26_QUIXBUGS_DEPTH_FIRST_SEARCH/Figra_QuixBugs_DEPTH_FIRST_SEARCH_/./output_astor/AstorMain-DEPTH_FIRST_SEARCH-//src//variant-140/java_programs/DEPTH_FIRST_SEARCH.java

LINE=23

SUSPICIOUNESS=0.577

MP_RANKING=3

ORIGINAL_CODE=search(successornodes)

BUGGY_CODE_TYPE=CtInvocationImpl|CtIfImpl

PATCH_HUNK_CODE=!nodesvisited.contains(node)

PATCH_HUNK_TYPE=CtUnaryOperatorImpl|CtIfImpl

INGREDIENT_SCOPE=-

INGREDIENT_PARENT=!_Set_0.contains(_Node_1)

PATCH_DIFF_ORIG=--- /users2/cpca56132020/moliveira/folders/Figra_26_QUIXBUGS_DEPTH_FIRST_SEARCH/Figra_QuixBugs_DEPTH_FIRST_SEARCH_/src/main/java/DEPTH_FIRST_SEARCHjava
+++ /users2/cpca56132020/moliveira/folders/Figra_26_QUIXBUGS_DEPTH_FIRST_SEARCH/Figra_QuixBugs_DEPTH_FIRST_SEARCH_/src/main/java/DEPTH_FIRST_SEARCHjava
@@ -23 +23 @@
-						if (search(successornodes)) { 							return true;}
+						if (!nodesvisited.contains(node)) { 							return true;}



Patch 5
VARIANT_ID=164
TIME=24
VALIDATION=|true|0|5|[]|
GENERATION=82
FOLDER_SOLUTION_CODE=/users2/cpca56132020/moliveira/folders/Figra_26_QUIXBUGS_DEPTH_FIRST_SEARCH/Figra_QuixBugs_DEPTH_FIRST_SEARCH_/./output_astor/AstorMain-DEPTH_FIRST_SEARCH-//src//variant-164
--Patch Hunk #1
OPERATOR=ExpressionReplaceOperator

LOCATION=java_programs.DEPTH_FIRST_SEARCH

PATH=/users2/cpca56132020/moliveira/folders/Figra_26_QUIXBUGS_DEPTH_FIRST_SEARCH/Figra_QuixBugs_DEPTH_FIRST_SEARCH_/src/main/java/DEPTH_FIRST_SEARCH.java

MODIFIED_FILE_PATH=/users2/cpca56132020/moliveira/folders/Figra_26_QUIXBUGS_DEPTH_FIRST_SEARCH/Figra_QuixBugs_DEPTH_FIRST_SEARCH_/./output_astor/AstorMain-DEPTH_FIRST_SEARCH-//src//variant-164/java_programs/DEPTH_FIRST_SEARCH.java

LINE=23

SUSPICIOUNESS=0.577

MP_RANKING=3

ORIGINAL_CODE=search(successornodes)

BUGGY_CODE_TYPE=CtInvocationImpl|CtIfImpl

PATCH_HUNK_CODE=!nodesvisited.contains(successornodes)

PATCH_HUNK_TYPE=CtUnaryOperatorImpl|CtIfImpl

INGREDIENT_SCOPE=-

INGREDIENT_PARENT=!_Set_0.contains(_Node_1)

PATCH_DIFF_ORIG=--- /users2/cpca56132020/moliveira/folders/Figra_26_QUIXBUGS_DEPTH_FIRST_SEARCH/Figra_QuixBugs_DEPTH_FIRST_SEARCH_/src/main/java/DEPTH_FIRST_SEARCHjava
+++ /users2/cpca56132020/moliveira/folders/Figra_26_QUIXBUGS_DEPTH_FIRST_SEARCH/Figra_QuixBugs_DEPTH_FIRST_SEARCH_/src/main/java/DEPTH_FIRST_SEARCHjava
@@ -23 +23 @@
-						if (search(successornodes)) { 							return true;}
+						if (!nodesvisited.contains(successornodes)) { 							return true;}



Patch 6
VARIANT_ID=244
TIME=39
VALIDATION=|true|0|5|[]|
GENERATION=122
FOLDER_SOLUTION_CODE=/users2/cpca56132020/moliveira/folders/Figra_26_QUIXBUGS_DEPTH_FIRST_SEARCH/Figra_QuixBugs_DEPTH_FIRST_SEARCH_/./output_astor/AstorMain-DEPTH_FIRST_SEARCH-//src//variant-244
--Patch Hunk #1
OPERATOR=ExpressionReplaceOperator

LOCATION=java_programs.DEPTH_FIRST_SEARCH

PATH=/users2/cpca56132020/moliveira/folders/Figra_26_QUIXBUGS_DEPTH_FIRST_SEARCH/Figra_QuixBugs_DEPTH_FIRST_SEARCH_/src/main/java/DEPTH_FIRST_SEARCH.java

MODIFIED_FILE_PATH=/users2/cpca56132020/moliveira/folders/Figra_26_QUIXBUGS_DEPTH_FIRST_SEARCH/Figra_QuixBugs_DEPTH_FIRST_SEARCH_/./output_astor/AstorMain-DEPTH_FIRST_SEARCH-//src//variant-244/java_programs/DEPTH_FIRST_SEARCH.java

LINE=23

SUSPICIOUNESS=0.577

MP_RANKING=3

ORIGINAL_CODE=search(successornodes)

BUGGY_CODE_TYPE=CtInvocationImpl|CtIfImpl

PATCH_HUNK_CODE=node == node

PATCH_HUNK_TYPE=CtBinaryOperatorImpl|CtIfImpl

INGREDIENT_SCOPE=-

INGREDIENT_PARENT=_Node_0 == _Node_1

PATCH_DIFF_ORIG=--- /users2/cpca56132020/moliveira/folders/Figra_26_QUIXBUGS_DEPTH_FIRST_SEARCH/Figra_QuixBugs_DEPTH_FIRST_SEARCH_/src/main/java/DEPTH_FIRST_SEARCHjava
+++ /users2/cpca56132020/moliveira/folders/Figra_26_QUIXBUGS_DEPTH_FIRST_SEARCH/Figra_QuixBugs_DEPTH_FIRST_SEARCH_/src/main/java/DEPTH_FIRST_SEARCHjava
@@ -23 +23 @@
-						if (search(successornodes)) { 							return true;}
+						if (node == node) { 							return true;}



Patch 7
VARIANT_ID=262
TIME=41
VALIDATION=|true|0|5|[]|
GENERATION=131
FOLDER_SOLUTION_CODE=/users2/cpca56132020/moliveira/folders/Figra_26_QUIXBUGS_DEPTH_FIRST_SEARCH/Figra_QuixBugs_DEPTH_FIRST_SEARCH_/./output_astor/AstorMain-DEPTH_FIRST_SEARCH-//src//variant-262
--Patch Hunk #1
OPERATOR=ExpressionReplaceOperator

LOCATION=java_programs.DEPTH_FIRST_SEARCH

PATH=/users2/cpca56132020/moliveira/folders/Figra_26_QUIXBUGS_DEPTH_FIRST_SEARCH/Figra_QuixBugs_DEPTH_FIRST_SEARCH_/src/main/java/DEPTH_FIRST_SEARCH.java

MODIFIED_FILE_PATH=/users2/cpca56132020/moliveira/folders/Figra_26_QUIXBUGS_DEPTH_FIRST_SEARCH/Figra_QuixBugs_DEPTH_FIRST_SEARCH_/./output_astor/AstorMain-DEPTH_FIRST_SEARCH-//src//variant-262/java_programs/DEPTH_FIRST_SEARCH.java

LINE=23

SUSPICIOUNESS=0.577

MP_RANKING=3

ORIGINAL_CODE=search(successornodes)

BUGGY_CODE_TYPE=CtInvocationImpl|CtIfImpl

PATCH_HUNK_CODE=true

PATCH_HUNK_TYPE=CtLiteralImpl|CtIfImpl

INGREDIENT_SCOPE=-

INGREDIENT_PARENT=true

PATCH_DIFF_ORIG=--- /users2/cpca56132020/moliveira/folders/Figra_26_QUIXBUGS_DEPTH_FIRST_SEARCH/Figra_QuixBugs_DEPTH_FIRST_SEARCH_/src/main/java/DEPTH_FIRST_SEARCHjava
+++ /users2/cpca56132020/moliveira/folders/Figra_26_QUIXBUGS_DEPTH_FIRST_SEARCH/Figra_QuixBugs_DEPTH_FIRST_SEARCH_/src/main/java/DEPTH_FIRST_SEARCHjava
@@ -23 +23 @@
-						if (search(successornodes)) { 							return true;}
+						if (true) { 							return true;}



Patch 8
VARIANT_ID=266
TIME=42
VALIDATION=|true|0|5|[]|
GENERATION=133
FOLDER_SOLUTION_CODE=/users2/cpca56132020/moliveira/folders/Figra_26_QUIXBUGS_DEPTH_FIRST_SEARCH/Figra_QuixBugs_DEPTH_FIRST_SEARCH_/./output_astor/AstorMain-DEPTH_FIRST_SEARCH-//src//variant-266
--Patch Hunk #1
OPERATOR=ExpressionReplaceOperator

LOCATION=java_programs.DEPTH_FIRST_SEARCH

PATH=/users2/cpca56132020/moliveira/folders/Figra_26_QUIXBUGS_DEPTH_FIRST_SEARCH/Figra_QuixBugs_DEPTH_FIRST_SEARCH_/src/main/java/DEPTH_FIRST_SEARCH.java

MODIFIED_FILE_PATH=/users2/cpca56132020/moliveira/folders/Figra_26_QUIXBUGS_DEPTH_FIRST_SEARCH/Figra_QuixBugs_DEPTH_FIRST_SEARCH_/./output_astor/AstorMain-DEPTH_FIRST_SEARCH-//src//variant-266/java_programs/DEPTH_FIRST_SEARCH.java

LINE=23

SUSPICIOUNESS=0.577

MP_RANKING=3

ORIGINAL_CODE=search(successornodes)

BUGGY_CODE_TYPE=CtInvocationImpl|CtIfImpl

PATCH_HUNK_CODE=!nodesvisited.contains(startnode)

PATCH_HUNK_TYPE=CtUnaryOperatorImpl|CtIfImpl

INGREDIENT_SCOPE=-

INGREDIENT_PARENT=!_Set_0.contains(_Node_1)

PATCH_DIFF_ORIG=--- /users2/cpca56132020/moliveira/folders/Figra_26_QUIXBUGS_DEPTH_FIRST_SEARCH/Figra_QuixBugs_DEPTH_FIRST_SEARCH_/src/main/java/DEPTH_FIRST_SEARCHjava
+++ /users2/cpca56132020/moliveira/folders/Figra_26_QUIXBUGS_DEPTH_FIRST_SEARCH/Figra_QuixBugs_DEPTH_FIRST_SEARCH_/src/main/java/DEPTH_FIRST_SEARCHjava
@@ -23 +23 @@
-						if (search(successornodes)) { 							return true;}
+						if (!nodesvisited.contains(startnode)) { 							return true;}



Patch 9
VARIANT_ID=272
TIME=43
VALIDATION=|true|0|5|[]|
GENERATION=136
FOLDER_SOLUTION_CODE=/users2/cpca56132020/moliveira/folders/Figra_26_QUIXBUGS_DEPTH_FIRST_SEARCH/Figra_QuixBugs_DEPTH_FIRST_SEARCH_/./output_astor/AstorMain-DEPTH_FIRST_SEARCH-//src//variant-272
--Patch Hunk #1
OPERATOR=ExpressionReplaceOperator

LOCATION=java_programs.DEPTH_FIRST_SEARCH

PATH=/users2/cpca56132020/moliveira/folders/Figra_26_QUIXBUGS_DEPTH_FIRST_SEARCH/Figra_QuixBugs_DEPTH_FIRST_SEARCH_/src/main/java/DEPTH_FIRST_SEARCH.java

MODIFIED_FILE_PATH=/users2/cpca56132020/moliveira/folders/Figra_26_QUIXBUGS_DEPTH_FIRST_SEARCH/Figra_QuixBugs_DEPTH_FIRST_SEARCH_/./output_astor/AstorMain-DEPTH_FIRST_SEARCH-//src//variant-272/java_programs/DEPTH_FIRST_SEARCH.java

LINE=23

SUSPICIOUNESS=0.577

MP_RANKING=3

ORIGINAL_CODE=search(successornodes)

BUGGY_CODE_TYPE=CtInvocationImpl|CtIfImpl

PATCH_HUNK_CODE=!nodesvisited.contains(goalnode)

PATCH_HUNK_TYPE=CtUnaryOperatorImpl|CtIfImpl

INGREDIENT_SCOPE=-

INGREDIENT_PARENT=!_Set_0.contains(_Node_1)

PATCH_DIFF_ORIG=--- /users2/cpca56132020/moliveira/folders/Figra_26_QUIXBUGS_DEPTH_FIRST_SEARCH/Figra_QuixBugs_DEPTH_FIRST_SEARCH_/src/main/java/DEPTH_FIRST_SEARCHjava
+++ /users2/cpca56132020/moliveira/folders/Figra_26_QUIXBUGS_DEPTH_FIRST_SEARCH/Figra_QuixBugs_DEPTH_FIRST_SEARCH_/src/main/java/DEPTH_FIRST_SEARCHjava
@@ -23 +23 @@
-						if (search(successornodes)) { 							return true;}
+						if (!nodesvisited.contains(goalnode)) { 							return true;}



Patch 10
VARIANT_ID=350
TIME=51
VALIDATION=|true|0|5|[]|
GENERATION=175
FOLDER_SOLUTION_CODE=/users2/cpca56132020/moliveira/folders/Figra_26_QUIXBUGS_DEPTH_FIRST_SEARCH/Figra_QuixBugs_DEPTH_FIRST_SEARCH_/./output_astor/AstorMain-DEPTH_FIRST_SEARCH-//src//variant-350
--Patch Hunk #1
OPERATOR=ExpressionReplaceOperator

LOCATION=java_programs.DEPTH_FIRST_SEARCH

PATH=/users2/cpca56132020/moliveira/folders/Figra_26_QUIXBUGS_DEPTH_FIRST_SEARCH/Figra_QuixBugs_DEPTH_FIRST_SEARCH_/src/main/java/DEPTH_FIRST_SEARCH.java

MODIFIED_FILE_PATH=/users2/cpca56132020/moliveira/folders/Figra_26_QUIXBUGS_DEPTH_FIRST_SEARCH/Figra_QuixBugs_DEPTH_FIRST_SEARCH_/./output_astor/AstorMain-DEPTH_FIRST_SEARCH-//src//variant-350/java_programs/DEPTH_FIRST_SEARCH.java

LINE=23

SUSPICIOUNESS=0.577

MP_RANKING=3

ORIGINAL_CODE=search(successornodes)

BUGGY_CODE_TYPE=CtInvocationImpl|CtIfImpl

PATCH_HUNK_CODE=successornodes == successornodes

PATCH_HUNK_TYPE=CtBinaryOperatorImpl|CtIfImpl

INGREDIENT_SCOPE=-

INGREDIENT_PARENT=_Node_0 == _Node_1

PATCH_DIFF_ORIG=--- /users2/cpca56132020/moliveira/folders/Figra_26_QUIXBUGS_DEPTH_FIRST_SEARCH/Figra_QuixBugs_DEPTH_FIRST_SEARCH_/src/main/java/DEPTH_FIRST_SEARCHjava
+++ /users2/cpca56132020/moliveira/folders/Figra_26_QUIXBUGS_DEPTH_FIRST_SEARCH/Figra_QuixBugs_DEPTH_FIRST_SEARCH_/src/main/java/DEPTH_FIRST_SEARCHjava
@@ -23 +23 @@
-						if (search(successornodes)) { 							return true;}
+						if (successornodes == successornodes) { 							return true;}



Patch 11
VARIANT_ID=372
TIME=53
VALIDATION=|true|0|5|[]|
GENERATION=186
FOLDER_SOLUTION_CODE=/users2/cpca56132020/moliveira/folders/Figra_26_QUIXBUGS_DEPTH_FIRST_SEARCH/Figra_QuixBugs_DEPTH_FIRST_SEARCH_/./output_astor/AstorMain-DEPTH_FIRST_SEARCH-//src//variant-372
--Patch Hunk #1
OPERATOR=ExpressionReplaceOperator

LOCATION=java_programs.DEPTH_FIRST_SEARCH

PATH=/users2/cpca56132020/moliveira/folders/Figra_26_QUIXBUGS_DEPTH_FIRST_SEARCH/Figra_QuixBugs_DEPTH_FIRST_SEARCH_/src/main/java/DEPTH_FIRST_SEARCH.java

MODIFIED_FILE_PATH=/users2/cpca56132020/moliveira/folders/Figra_26_QUIXBUGS_DEPTH_FIRST_SEARCH/Figra_QuixBugs_DEPTH_FIRST_SEARCH_/./output_astor/AstorMain-DEPTH_FIRST_SEARCH-//src//variant-372/java_programs/DEPTH_FIRST_SEARCH.java

LINE=23

SUSPICIOUNESS=0.577

MP_RANKING=3

ORIGINAL_CODE=search(successornodes)

BUGGY_CODE_TYPE=CtInvocationImpl|CtIfImpl

PATCH_HUNK_CODE=search(goalnode)

PATCH_HUNK_TYPE=CtInvocationImpl|CtIfImpl

INGREDIENT_SCOPE=-

INGREDIENT_PARENT=search(_Node_0)

PATCH_DIFF_ORIG=--- /users2/cpca56132020/moliveira/folders/Figra_26_QUIXBUGS_DEPTH_FIRST_SEARCH/Figra_QuixBugs_DEPTH_FIRST_SEARCH_/src/main/java/DEPTH_FIRST_SEARCHjava
+++ /users2/cpca56132020/moliveira/folders/Figra_26_QUIXBUGS_DEPTH_FIRST_SEARCH/Figra_QuixBugs_DEPTH_FIRST_SEARCH_/src/main/java/DEPTH_FIRST_SEARCHjava
@@ -23 +23 @@
-						if (search(successornodes)) { 							return true;}
+						if (search(goalnode)) { 							return true;}



Patch 12
VARIANT_ID=388
TIME=55
VALIDATION=|true|0|5|[]|
GENERATION=194
FOLDER_SOLUTION_CODE=/users2/cpca56132020/moliveira/folders/Figra_26_QUIXBUGS_DEPTH_FIRST_SEARCH/Figra_QuixBugs_DEPTH_FIRST_SEARCH_/./output_astor/AstorMain-DEPTH_FIRST_SEARCH-//src//variant-388
--Patch Hunk #1
OPERATOR=ExpressionReplaceOperator

LOCATION=java_programs.DEPTH_FIRST_SEARCH

PATH=/users2/cpca56132020/moliveira/folders/Figra_26_QUIXBUGS_DEPTH_FIRST_SEARCH/Figra_QuixBugs_DEPTH_FIRST_SEARCH_/src/main/java/DEPTH_FIRST_SEARCH.java

MODIFIED_FILE_PATH=/users2/cpca56132020/moliveira/folders/Figra_26_QUIXBUGS_DEPTH_FIRST_SEARCH/Figra_QuixBugs_DEPTH_FIRST_SEARCH_/./output_astor/AstorMain-DEPTH_FIRST_SEARCH-//src//variant-388/java_programs/DEPTH_FIRST_SEARCH.java

LINE=23

SUSPICIOUNESS=0.577

MP_RANKING=3

ORIGINAL_CODE=search(successornodes)

BUGGY_CODE_TYPE=CtInvocationImpl|CtIfImpl

PATCH_HUNK_CODE=startnode == startnode

PATCH_HUNK_TYPE=CtBinaryOperatorImpl|CtIfImpl

INGREDIENT_SCOPE=-

INGREDIENT_PARENT=_Node_0 == _Node_1

PATCH_DIFF_ORIG=--- /users2/cpca56132020/moliveira/folders/Figra_26_QUIXBUGS_DEPTH_FIRST_SEARCH/Figra_QuixBugs_DEPTH_FIRST_SEARCH_/src/main/java/DEPTH_FIRST_SEARCHjava
+++ /users2/cpca56132020/moliveira/folders/Figra_26_QUIXBUGS_DEPTH_FIRST_SEARCH/Figra_QuixBugs_DEPTH_FIRST_SEARCH_/src/main/java/DEPTH_FIRST_SEARCHjava
@@ -23 +23 @@
-						if (search(successornodes)) { 							return true;}
+						if (startnode == startnode) { 							return true;}



Patch 13
VARIANT_ID=396
TIME=56
VALIDATION=|true|0|5|[]|
GENERATION=198
FOLDER_SOLUTION_CODE=/users2/cpca56132020/moliveira/folders/Figra_26_QUIXBUGS_DEPTH_FIRST_SEARCH/Figra_QuixBugs_DEPTH_FIRST_SEARCH_/./output_astor/AstorMain-DEPTH_FIRST_SEARCH-//src//variant-396
--Patch Hunk #1
OPERATOR=ExpressionReplaceOperator

LOCATION=java_programs.DEPTH_FIRST_SEARCH

PATH=/users2/cpca56132020/moliveira/folders/Figra_26_QUIXBUGS_DEPTH_FIRST_SEARCH/Figra_QuixBugs_DEPTH_FIRST_SEARCH_/src/main/java/DEPTH_FIRST_SEARCH.java

MODIFIED_FILE_PATH=/users2/cpca56132020/moliveira/folders/Figra_26_QUIXBUGS_DEPTH_FIRST_SEARCH/Figra_QuixBugs_DEPTH_FIRST_SEARCH_/./output_astor/AstorMain-DEPTH_FIRST_SEARCH-//src//variant-396/java_programs/DEPTH_FIRST_SEARCH.java

LINE=23

SUSPICIOUNESS=0.577

MP_RANKING=3

ORIGINAL_CODE=search(successornodes)

BUGGY_CODE_TYPE=CtInvocationImpl|CtIfImpl

PATCH_HUNK_CODE=goalnode == goalnode

PATCH_HUNK_TYPE=CtBinaryOperatorImpl|CtIfImpl

INGREDIENT_SCOPE=-

INGREDIENT_PARENT=_Node_0 == _Node_1

PATCH_DIFF_ORIG=--- /users2/cpca56132020/moliveira/folders/Figra_26_QUIXBUGS_DEPTH_FIRST_SEARCH/Figra_QuixBugs_DEPTH_FIRST_SEARCH_/src/main/java/DEPTH_FIRST_SEARCHjava
+++ /users2/cpca56132020/moliveira/folders/Figra_26_QUIXBUGS_DEPTH_FIRST_SEARCH/Figra_QuixBugs_DEPTH_FIRST_SEARCH_/src/main/java/DEPTH_FIRST_SEARCHjava
@@ -23 +23 @@
-						if (search(successornodes)) { 							return true;}
+						if (goalnode == goalnode) { 							return true;}



Patch 14
VARIANT_ID=510
TIME=67
VALIDATION=|true|0|5|[]|
GENERATION=255
FOLDER_SOLUTION_CODE=/users2/cpca56132020/moliveira/folders/Figra_26_QUIXBUGS_DEPTH_FIRST_SEARCH/Figra_QuixBugs_DEPTH_FIRST_SEARCH_/./output_astor/AstorMain-DEPTH_FIRST_SEARCH-//src//variant-510
--Patch Hunk #1
OPERATOR=ExpressionReplaceOperator

LOCATION=java_programs.DEPTH_FIRST_SEARCH

PATH=/users2/cpca56132020/moliveira/folders/Figra_26_QUIXBUGS_DEPTH_FIRST_SEARCH/Figra_QuixBugs_DEPTH_FIRST_SEARCH_/src/main/java/DEPTH_FIRST_SEARCH.java

MODIFIED_FILE_PATH=/users2/cpca56132020/moliveira/folders/Figra_26_QUIXBUGS_DEPTH_FIRST_SEARCH/Figra_QuixBugs_DEPTH_FIRST_SEARCH_/./output_astor/AstorMain-DEPTH_FIRST_SEARCH-//src//variant-510/java_programs/DEPTH_FIRST_SEARCH.java

LINE=23

SUSPICIOUNESS=0.577

MP_RANKING=3

ORIGINAL_CODE=search(successornodes)

BUGGY_CODE_TYPE=CtInvocationImpl|CtIfImpl

PATCH_HUNK_CODE=startnode == node

PATCH_HUNK_TYPE=CtBinaryOperatorImpl|CtIfImpl

INGREDIENT_SCOPE=-

INGREDIENT_PARENT=_Node_0 == _Node_1

PATCH_DIFF_ORIG=--- /users2/cpca56132020/moliveira/folders/Figra_26_QUIXBUGS_DEPTH_FIRST_SEARCH/Figra_QuixBugs_DEPTH_FIRST_SEARCH_/src/main/java/DEPTH_FIRST_SEARCHjava
+++ /users2/cpca56132020/moliveira/folders/Figra_26_QUIXBUGS_DEPTH_FIRST_SEARCH/Figra_QuixBugs_DEPTH_FIRST_SEARCH_/src/main/java/DEPTH_FIRST_SEARCHjava
@@ -23 +23 @@
-						if (search(successornodes)) { 							return true;}
+						if (startnode == node) { 							return true;}



Patch 15
VARIANT_ID=530
TIME=70
VALIDATION=|true|0|5|[]|
GENERATION=265
FOLDER_SOLUTION_CODE=/users2/cpca56132020/moliveira/folders/Figra_26_QUIXBUGS_DEPTH_FIRST_SEARCH/Figra_QuixBugs_DEPTH_FIRST_SEARCH_/./output_astor/AstorMain-DEPTH_FIRST_SEARCH-//src//variant-530
--Patch Hunk #1
OPERATOR=ExpressionReplaceOperator

LOCATION=java_programs.DEPTH_FIRST_SEARCH

PATH=/users2/cpca56132020/moliveira/folders/Figra_26_QUIXBUGS_DEPTH_FIRST_SEARCH/Figra_QuixBugs_DEPTH_FIRST_SEARCH_/src/main/java/DEPTH_FIRST_SEARCH.java

MODIFIED_FILE_PATH=/users2/cpca56132020/moliveira/folders/Figra_26_QUIXBUGS_DEPTH_FIRST_SEARCH/Figra_QuixBugs_DEPTH_FIRST_SEARCH_/./output_astor/AstorMain-DEPTH_FIRST_SEARCH-//src//variant-530/java_programs/DEPTH_FIRST_SEARCH.java

LINE=23

SUSPICIOUNESS=0.577

MP_RANKING=3

ORIGINAL_CODE=search(successornodes)

BUGGY_CODE_TYPE=CtInvocationImpl|CtIfImpl

PATCH_HUNK_CODE=node == startnode

PATCH_HUNK_TYPE=CtBinaryOperatorImpl|CtIfImpl

INGREDIENT_SCOPE=-

INGREDIENT_PARENT=_Node_0 == _Node_1

PATCH_DIFF_ORIG=--- /users2/cpca56132020/moliveira/folders/Figra_26_QUIXBUGS_DEPTH_FIRST_SEARCH/Figra_QuixBugs_DEPTH_FIRST_SEARCH_/src/main/java/DEPTH_FIRST_SEARCHjava
+++ /users2/cpca56132020/moliveira/folders/Figra_26_QUIXBUGS_DEPTH_FIRST_SEARCH/Figra_QuixBugs_DEPTH_FIRST_SEARCH_/src/main/java/DEPTH_FIRST_SEARCHjava
@@ -23 +23 @@
-						if (search(successornodes)) { 							return true;}
+						if (node == startnode) { 							return true;}




real	120m7.766s
user	119m50.395s
sys	0m13.294s
\n\nNode: hpc063.ncg.ingrid.pt\n
\n\nDate: Wed Apr  7 14:01:28 EDT 2021\n
