cd /users2/cpca56132020/moliveira/folders/Nopol_QUIXBUGS_SHORTEST_PATH_LENGTH/Nopol_QuixBugs_SHORTEST_PATH_LENGTH_;
export JAVA_TOOL_OPTIONS="-Dfile.encoding=UTF8 -Duser.language=en-US -Duser.country=US -Duser.language=en";
TZ="America/New_York"; export TZ;
export PATH="/users2/cpca56132020/moliveira/deps/jdk-8/bin:$PATH";
export JAVA_HOME="/users2/cpca56132020/moliveira/deps/jdk-8/bin";
time java -Xmx4g -Xms1g -cp /users2/cpca56132020/moliveira/RepairThemAll/script/../repair_tools/nopol.jar:/users2/cpca56132020/moliveira/deps/jdk-8/bin/../lib/tools.jar fr.inria.lille.repair.Main \
	--mode repair \
	--type pre_then_cond \
	--oracle angelic \
	--synthesis smt \
	--flocal gzoltar \
	--json \
	--solver z3 \
	--solver-path /users2/cpca56132020/moliveira/RepairThemAll/script/../libs/z3/build/z3 \
	--complianceLevel 8 \
	--source src/main/java \
	--classpath "target/classes:target/test-classes:/users2/cpca56132020/moliveira/.m2/repository/junit/junit/4.11/junit-4.11.jar:/users2/cpca56132020/moliveira/.m2/repository/org/hamcrest/hamcrest-core/1.3/hamcrest-core-1.3.jar:/users2/cpca56132020/moliveira/RepairThemAll/script/../repair_tools/nopol.jar";
	echo "\n\nNode: `hostname`\n";
	echo "\n\nDate: `date`\n";
Picked up JAVA_TOOL_OPTIONS: -Dfile.encoding=UTF8 -Duser.language=en-US -Duser.country=US -Duser.language=en
07:35:42.221 [main] INFO  fr.inria.lille.repair.nopol.NoPol - Source files: [src/main/java]
07:35:42.224 [main] INFO  fr.inria.lille.repair.nopol.NoPol - Classpath: [file:/users2/cpca56132020/moliveira/folders/Nopol_QUIXBUGS_SHORTEST_PATH_LENGTH/Nopol_QuixBugs_SHORTEST_PATH_LENGTH_/target/classes/, file:/users2/cpca56132020/moliveira/folders/Nopol_QUIXBUGS_SHORTEST_PATH_LENGTH/Nopol_QuixBugs_SHORTEST_PATH_LENGTH_/target/test-classes/, file:/users2/cpca56132020/moliveira/.m2/repository/junit/junit/4.11/junit-4.11.jar, file:/users2/cpca56132020/moliveira/.m2/repository/org/hamcrest/hamcrest-core/1.3/hamcrest-core-1.3.jar, file:/users2/cpca56132020/moliveira/RepairThemAll/script/../repair_tools/nopol.jar]
07:35:42.224 [main] INFO  fr.inria.lille.repair.nopol.NoPol - Statement type: PRE_THEN_COND
07:35:42.224 [main] INFO  fr.inria.lille.repair.nopol.NoPol - Args: [java_testcases.junit.SHORTEST_PATH_LENGTH_Test]
07:35:42.226 [main] INFO  fr.inria.lille.repair.nopol.NoPol - Config: Config{synthesisDepth=3, collectStaticMethods=true, collectStaticFields=false, collectLiterals=false, onlyOneSynthesisResult=true, sortExpressions=true, maxLineInvocationPerTest=250, timeoutMethodInvocation=2000, dataCollectionTimeoutInSecondForSynthesis=900, addWeight=0.19478, subWeight=0.04554, mulWeight=0.0102, divWeight=0.00613, andWeight=0.10597, orWeight=0.05708, eqWeight=0.22798, nEqWeight=0.0, lessEqWeight=0.0255, lessWeight=0.0947, methodCallWeight=0.1, fieldAccessWeight=0.08099, constantWeight=0.14232, variableWeight=0.05195, mode=REPAIR, type=PRE_THEN_COND, synthesis=SMT, oracle=ANGELIC, solver=Z3, solverPath='/users2/cpca56132020/moliveira/RepairThemAll/script/../libs/z3/build/z3', projectSources=[src/main/java], projectClasspath='[Ljava.net.URL;@16c0663d', projectTests=[java_testcases.junit.SHORTEST_PATH_LENGTH_Test], complianceLevel=8, outputFolder=., json=true}
07:35:42.227 [main] INFO  fr.inria.lille.repair.nopol.NoPol - Available processors (cores): 1
07:35:42.229 [main] INFO  fr.inria.lille.repair.nopol.NoPol - Free memory: 968 MB
07:35:42.230 [main] INFO  fr.inria.lille.repair.nopol.NoPol - Maximum memory: 3 GB
07:35:42.230 [main] INFO  fr.inria.lille.repair.nopol.NoPol - Total memory available to JVM: 989 MB
07:35:42.230 [main] INFO  fr.inria.lille.repair.nopol.NoPol - Java version: 1.8.0_282
07:35:42.234 [main] INFO  fr.inria.lille.repair.nopol.NoPol - JAVA_HOME: /users2/cpca56132020/moliveira/deps/jdk-8/bin
07:35:42.234 [main] INFO  fr.inria.lille.repair.nopol.NoPol - PATH: /users2/cpca56132020/moliveira/deps/jdk-8/bin:/users2/cpca56132020/moliveira/deps/Maven/apache-maven/bin:/users2/cpca56132020/moliveira/deps/Gradle/gradle-6.8.3/bin:/usr/condabin:/usr/local/bin:/usr/bin:/usr/local/sbin:/usr/sbin:/users2/cpca56132020/moliveira/.local/bin:/users2/cpca56132020/moliveira/bin
07:35:53.209 [pool-2-thread-1] DEBUG fr.inria.lille.repair.nopol.NoPol - statement #1
07:35:53.212 [pool-2-thread-1] DEBUG fr.inria.lille.repair.nopol.NoPol - Analysing SourceLocation java_programs.SHORTEST_PATH_LENGTH:39 which is executed by 2 tests
-1734541556
07:35:53.517 [pool-2-thread-1] DEBUG fr.inria.lille.repair.nopol.NoPol - statement #2
07:35:53.518 [pool-2-thread-1] DEBUG fr.inria.lille.repair.nopol.NoPol - Analysing SourceLocation java_programs.SHORTEST_PATH_LENGTH:38 which is executed by 2 tests
-1734541556
07:35:53.648 [pool-2-thread-1] DEBUG fr.inria.lille.repair.nopol.NoPol - statement #3
07:35:53.649 [pool-2-thread-1] DEBUG fr.inria.lille.repair.nopol.NoPol - Analysing SourceLocation java_programs.SHORTEST_PATH_LENGTH:37 which is executed by 2 tests
-1734541556
07:35:53.763 [pool-2-thread-1] DEBUG fr.inria.lille.repair.nopol.NoPol - looking with class fr.inria.lille.repair.nopol.spoon.smt.ConditionalAdder
07:35:54.800 [pool-3-thread-1] DEBUG tests.output - Failing tests with false: 
[test1(java_testcases.junit.SHORTEST_PATH_LENGTH_Test): null, test2(java_testcases.junit.SHORTEST_PATH_LENGTH_Test): null]
07:35:54.800 [pool-3-thread-1] DEBUG tests.output - Failing tests with true: 
[test1(java_testcases.junit.SHORTEST_PATH_LENGTH_Test): expected:<4> but was:<-2147483648>, test2(java_testcases.junit.SHORTEST_PATH_LENGTH_Test): expected:<7> but was:<-2147483639>]
07:35:54.800 [pool-3-thread-1] INFO  f.i.l.r.n.synth.SMTNopolSynthesizer - Not enough specifications: 0. A trivial patch is "true" or "false", please write new tests specifying SourceLocation java_programs.SHORTEST_PATH_LENGTH:37.
07:35:54.800 [pool-2-thread-1] DEBUG fr.inria.lille.repair.nopol.NoPol - statement #4
07:35:54.800 [pool-2-thread-1] DEBUG fr.inria.lille.repair.nopol.NoPol - Analysing SourceLocation java_programs.SHORTEST_PATH_LENGTH:34 which is executed by 2 tests
-1734541556
07:35:54.909 [pool-2-thread-1] DEBUG fr.inria.lille.repair.nopol.NoPol - looking with class fr.inria.lille.repair.nopol.spoon.smt.ConditionalAdder
07:35:55.301 [pool-9-thread-1] DEBUG tests.output - Failing tests with false: 
[test1(java_testcases.junit.SHORTEST_PATH_LENGTH_Test): null, test2(java_testcases.junit.SHORTEST_PATH_LENGTH_Test): null]
07:35:55.301 [pool-9-thread-1] DEBUG tests.output - Failing tests with true: 
[test1(java_testcases.junit.SHORTEST_PATH_LENGTH_Test): expected:<4> but was:<-2147483648>, test2(java_testcases.junit.SHORTEST_PATH_LENGTH_Test): expected:<7> but was:<-2147483639>]
07:35:55.301 [pool-9-thread-1] INFO  f.i.l.r.n.synth.SMTNopolSynthesizer - Not enough specifications: 0. A trivial patch is "true" or "false", please write new tests specifying SourceLocation java_programs.SHORTEST_PATH_LENGTH:34.
07:35:55.301 [pool-2-thread-1] DEBUG fr.inria.lille.repair.nopol.NoPol - statement #5
07:35:55.301 [pool-2-thread-1] DEBUG fr.inria.lille.repair.nopol.NoPol - Analysing SourceLocation java_programs.SHORTEST_PATH_LENGTH:33 which is executed by 2 tests
-1734541556
07:35:55.426 [pool-2-thread-1] DEBUG fr.inria.lille.repair.nopol.NoPol - looking with class fr.inria.lille.repair.nopol.spoon.smt.ConditionalAdder
07:35:55.752 [pool-15-thread-1] DEBUG tests.output - Failing tests with false: 
[test1(java_testcases.junit.SHORTEST_PATH_LENGTH_Test): null, test2(java_testcases.junit.SHORTEST_PATH_LENGTH_Test): null]
07:35:55.752 [pool-15-thread-1] DEBUG tests.output - Failing tests with true: 
[test1(java_testcases.junit.SHORTEST_PATH_LENGTH_Test): expected:<4> but was:<-2147483648>, test2(java_testcases.junit.SHORTEST_PATH_LENGTH_Test): expected:<7> but was:<-2147483639>]
07:35:55.752 [pool-15-thread-1] INFO  f.i.l.r.n.synth.SMTNopolSynthesizer - Not enough specifications: 0. A trivial patch is "true" or "false", please write new tests specifying SourceLocation java_programs.SHORTEST_PATH_LENGTH:33.
07:35:55.752 [pool-2-thread-1] DEBUG fr.inria.lille.repair.nopol.NoPol - looking with class fr.inria.lille.repair.nopol.spoon.smt.ConditionalReplacer
07:35:56.079 [pool-21-thread-1] DEBUG tests.output - Failing tests with false: 
[test1(java_testcases.junit.SHORTEST_PATH_LENGTH_Test): null, test2(java_testcases.junit.SHORTEST_PATH_LENGTH_Test): null]
07:35:56.079 [pool-21-thread-1] DEBUG tests.output - Failing tests with true: 
[test1(java_testcases.junit.SHORTEST_PATH_LENGTH_Test): expected:<4> but was:<-2147483648>, test2(java_testcases.junit.SHORTEST_PATH_LENGTH_Test): expected:<7> but was:<-2147483648>]
07:35:56.079 [pool-21-thread-1] INFO  f.i.l.r.n.synth.SMTNopolSynthesizer - Not enough specifications: 0. A trivial patch is "true" or "false", please write new tests specifying SourceLocation java_programs.SHORTEST_PATH_LENGTH:33.
07:35:56.080 [pool-2-thread-1] DEBUG fr.inria.lille.repair.nopol.NoPol - statement #6
07:35:56.080 [pool-2-thread-1] DEBUG fr.inria.lille.repair.nopol.NoPol - Analysing SourceLocation java_programs.SHORTEST_PATH_LENGTH:29 which is executed by 2 tests
-1734541556
07:35:56.159 [pool-2-thread-1] DEBUG fr.inria.lille.repair.nopol.NoPol - looking with class fr.inria.lille.repair.nopol.spoon.smt.ConditionalAdder
07:35:56.465 [pool-27-thread-1] DEBUG tests.output - Failing tests with false: 
[test1(java_testcases.junit.SHORTEST_PATH_LENGTH_Test): expected:<4> but was:<-2147483648>, test2(java_testcases.junit.SHORTEST_PATH_LENGTH_Test): expected:<7> but was:<-2147483639>]
07:35:56.466 [pool-27-thread-1] DEBUG tests.output - Failing tests with true: 
[test1(java_testcases.junit.SHORTEST_PATH_LENGTH_Test): expected:<4> but was:<-2147483648>, test2(java_testcases.junit.SHORTEST_PATH_LENGTH_Test): expected:<7> but was:<-2147483639>]
07:35:56.466 [pool-27-thread-1] INFO  f.i.l.r.n.synth.SMTNopolSynthesizer - Not enough specifications: 0. A trivial patch is "true" or "false", please write new tests specifying SourceLocation java_programs.SHORTEST_PATH_LENGTH:29.
07:35:56.466 [pool-2-thread-1] DEBUG fr.inria.lille.repair.nopol.NoPol - looking with class fr.inria.lille.repair.nopol.spoon.smt.ConditionalReplacer
07:35:56.747 [pool-33-thread-1] DEBUG tests.output - Failing tests with false: 
[test1(java_testcases.junit.SHORTEST_PATH_LENGTH_Test): expected:<4> but was:<-2147483648>, test2(java_testcases.junit.SHORTEST_PATH_LENGTH_Test): expected:<7> but was:<-2147483639>]
07:35:56.747 [pool-33-thread-1] DEBUG tests.output - Failing tests with true: 
[test1(java_testcases.junit.SHORTEST_PATH_LENGTH_Test): expected:<4> but was:<2147483647>, test2(java_testcases.junit.SHORTEST_PATH_LENGTH_Test): expected:<7> but was:<2147483647>]
07:35:56.747 [pool-33-thread-1] INFO  f.i.l.r.n.synth.SMTNopolSynthesizer - Not enough specifications: 0. A trivial patch is "true" or "false", please write new tests specifying SourceLocation java_programs.SHORTEST_PATH_LENGTH:29.
07:35:56.747 [pool-2-thread-1] DEBUG fr.inria.lille.repair.nopol.NoPol - statement #7
07:35:56.747 [pool-2-thread-1] DEBUG fr.inria.lille.repair.nopol.NoPol - Analysing SourceLocation java_programs.Node:62 which is executed by 3 tests
2433571
07:35:56.828 [pool-2-thread-1] DEBUG fr.inria.lille.repair.nopol.NoPol - statement #8
07:35:56.831 [pool-2-thread-1] DEBUG fr.inria.lille.repair.nopol.NoPol - Analysing SourceLocation java_programs.SHORTEST_PATH_LENGTH:40 which is executed by 3 tests
-1734541556
07:35:56.938 [pool-2-thread-1] DEBUG fr.inria.lille.repair.nopol.NoPol - statement #9
07:35:56.938 [pool-2-thread-1] DEBUG fr.inria.lille.repair.nopol.NoPol - Analysing SourceLocation java_programs.SHORTEST_PATH_LENGTH:28 which is executed by 3 tests
-1734541556
07:35:57.022 [pool-2-thread-1] DEBUG fr.inria.lille.repair.nopol.NoPol - looking with class fr.inria.lille.repair.nopol.spoon.smt.ConditionalAdder
07:35:57.335 [pool-39-thread-1] DEBUG tests.output - Failing tests with false: 
[test1(java_testcases.junit.SHORTEST_PATH_LENGTH_Test): expected:<4> but was:<2147483647>, test2(java_testcases.junit.SHORTEST_PATH_LENGTH_Test): expected:<7> but was:<2147483647>]
07:35:57.335 [pool-39-thread-1] DEBUG tests.output - Failing tests with true: 
[test1(java_testcases.junit.SHORTEST_PATH_LENGTH_Test): expected:<4> but was:<-2147483648>, test2(java_testcases.junit.SHORTEST_PATH_LENGTH_Test): expected:<7> but was:<-2147483639>]
07:35:57.336 [pool-39-thread-1] INFO  f.i.l.r.n.synth.SMTNopolSynthesizer - Not enough specifications: 0. A trivial patch is "true" or "false", please write new tests specifying SourceLocation java_programs.SHORTEST_PATH_LENGTH:28.
07:35:57.336 [pool-2-thread-1] DEBUG fr.inria.lille.repair.nopol.NoPol - statement #10
07:35:57.336 [pool-2-thread-1] DEBUG fr.inria.lille.repair.nopol.NoPol - Analysing SourceLocation java_programs.SHORTEST_PATH_LENGTH:26 which is executed by 3 tests
-1734541556
07:35:57.415 [pool-2-thread-1] DEBUG fr.inria.lille.repair.nopol.NoPol - looking with class fr.inria.lille.repair.nopol.spoon.smt.ConditionalAdder
07:35:57.655 [pool-45-thread-1] DEBUG tests.output - Failing tests with false: 
[test1(java_testcases.junit.SHORTEST_PATH_LENGTH_Test): expected:<4> but was:<-2147483648>, test2(java_testcases.junit.SHORTEST_PATH_LENGTH_Test): expected:<7> but was:<-2147483639>]
07:35:57.656 [pool-45-thread-1] DEBUG tests.output - Failing tests with true: 
[test1(java_testcases.junit.SHORTEST_PATH_LENGTH_Test): expected:<4> but was:<-2147483648>, test2(java_testcases.junit.SHORTEST_PATH_LENGTH_Test): expected:<7> but was:<-2147483639>]
07:35:57.656 [pool-45-thread-1] INFO  f.i.l.r.n.synth.SMTNopolSynthesizer - Not enough specifications: 0. A trivial patch is "true" or "false", please write new tests specifying SourceLocation java_programs.SHORTEST_PATH_LENGTH:26.
07:35:57.656 [pool-2-thread-1] DEBUG fr.inria.lille.repair.nopol.NoPol - statement #11
07:35:57.656 [pool-2-thread-1] DEBUG fr.inria.lille.repair.nopol.NoPol - Analysing SourceLocation java_programs.SHORTEST_PATH_LENGTH:24 which is executed by 3 tests
-1734541556
07:35:57.722 [pool-2-thread-1] DEBUG fr.inria.lille.repair.nopol.NoPol - looking with class fr.inria.lille.repair.nopol.spoon.smt.ConditionalAdder
07:35:57.966 [pool-51-thread-1] DEBUG tests.output - Failing tests with false: 
[test1(java_testcases.junit.SHORTEST_PATH_LENGTH_Test): expected:<4> but was:<2147483647>, test2(java_testcases.junit.SHORTEST_PATH_LENGTH_Test): expected:<7> but was:<2147483647>]
07:35:57.966 [pool-51-thread-1] DEBUG tests.output - Failing tests with true: 
[test1(java_testcases.junit.SHORTEST_PATH_LENGTH_Test): expected:<4> but was:<-2147483648>, test2(java_testcases.junit.SHORTEST_PATH_LENGTH_Test): expected:<7> but was:<-2147483639>]
07:35:57.966 [pool-51-thread-1] INFO  f.i.l.r.n.synth.SMTNopolSynthesizer - Not enough specifications: 0. A trivial patch is "true" or "false", please write new tests specifying SourceLocation java_programs.SHORTEST_PATH_LENGTH:24.
07:35:57.966 [pool-2-thread-1] DEBUG fr.inria.lille.repair.nopol.NoPol - statement #12
07:35:57.966 [pool-2-thread-1] DEBUG fr.inria.lille.repair.nopol.NoPol - Analysing SourceLocation java_programs.Node:42 which is executed by 4 tests
2433571
07:35:58.032 [pool-2-thread-1] DEBUG fr.inria.lille.repair.nopol.NoPol - statement #13
07:35:58.032 [pool-2-thread-1] DEBUG fr.inria.lille.repair.nopol.NoPol - Analysing SourceLocation java_programs.SHORTEST_PATH_LENGTH:55 which is executed by 4 tests
-1734541556
07:35:58.114 [pool-2-thread-1] DEBUG fr.inria.lille.repair.nopol.NoPol - statement #14
07:35:58.115 [pool-2-thread-1] DEBUG fr.inria.lille.repair.nopol.NoPol - Analysing SourceLocation java_programs.SHORTEST_PATH_LENGTH:54 which is executed by 4 tests
-1734541556
07:35:58.189 [pool-2-thread-1] DEBUG fr.inria.lille.repair.nopol.NoPol - statement #15
07:35:58.196 [pool-2-thread-1] DEBUG fr.inria.lille.repair.nopol.NoPol - Analysing SourceLocation java_programs.SHORTEST_PATH_LENGTH:52 which is executed by 4 tests
-1734541556
07:35:58.270 [pool-2-thread-1] DEBUG fr.inria.lille.repair.nopol.NoPol - looking with class fr.inria.lille.repair.nopol.spoon.smt.ConditionalAdder
07:35:58.503 [pool-57-thread-1] DEBUG tests.output - Failing tests with false: 
[test1(java_testcases.junit.SHORTEST_PATH_LENGTH_Test): null, test2(java_testcases.junit.SHORTEST_PATH_LENGTH_Test): null]
07:35:58.503 [pool-57-thread-1] DEBUG tests.output - Failing tests with true: 
[test1(java_testcases.junit.SHORTEST_PATH_LENGTH_Test): expected:<4> but was:<-2147483648>, test2(java_testcases.junit.SHORTEST_PATH_LENGTH_Test): expected:<7> but was:<-2147483639>]
07:35:58.504 [pool-57-thread-1] INFO  f.i.l.r.n.synth.SMTNopolSynthesizer - Not enough specifications: 0. A trivial patch is "true" or "false", please write new tests specifying SourceLocation java_programs.SHORTEST_PATH_LENGTH:52.
07:35:58.504 [pool-2-thread-1] DEBUG fr.inria.lille.repair.nopol.NoPol - statement #16
07:35:58.504 [pool-2-thread-1] DEBUG fr.inria.lille.repair.nopol.NoPol - Analysing SourceLocation java_programs.SHORTEST_PATH_LENGTH:51 which is executed by 4 tests
-1734541556
07:35:58.571 [pool-2-thread-1] DEBUG fr.inria.lille.repair.nopol.NoPol - looking with class fr.inria.lille.repair.nopol.spoon.smt.ConditionalAdder
07:35:58.805 [pool-63-thread-1] DEBUG tests.output - Failing tests with false: 
[test1(java_testcases.junit.SHORTEST_PATH_LENGTH_Test): expected:<4> but was:<-2147483648>, test2(java_testcases.junit.SHORTEST_PATH_LENGTH_Test): expected:<7> but was:<-2147483639>]
07:35:58.805 [pool-63-thread-1] DEBUG tests.output - Failing tests with true: 
[test1(java_testcases.junit.SHORTEST_PATH_LENGTH_Test): expected:<4> but was:<-2147483648>, test2(java_testcases.junit.SHORTEST_PATH_LENGTH_Test): expected:<7> but was:<-2147483639>]
07:35:58.805 [pool-63-thread-1] INFO  f.i.l.r.n.synth.SMTNopolSynthesizer - Not enough specifications: 0. A trivial patch is "true" or "false", please write new tests specifying SourceLocation java_programs.SHORTEST_PATH_LENGTH:51.
07:35:58.805 [pool-2-thread-1] DEBUG fr.inria.lille.repair.nopol.NoPol - statement #17
07:35:58.806 [pool-2-thread-1] DEBUG fr.inria.lille.repair.nopol.NoPol - Analysing SourceLocation java_programs.SHORTEST_PATH_LENGTH:50 which is executed by 4 tests
-1734541556
07:35:58.867 [pool-2-thread-1] DEBUG fr.inria.lille.repair.nopol.NoPol - looking with class fr.inria.lille.repair.nopol.spoon.smt.ConditionalAdder
07:35:59.074 [pool-69-thread-1] DEBUG tests.output - Failing tests with false: 
[test1(java_testcases.junit.SHORTEST_PATH_LENGTH_Test): null, test2(java_testcases.junit.SHORTEST_PATH_LENGTH_Test): null]
07:35:59.074 [pool-69-thread-1] DEBUG tests.output - Failing tests with true: 
[test1(java_testcases.junit.SHORTEST_PATH_LENGTH_Test): expected:<4> but was:<-2147483648>, test2(java_testcases.junit.SHORTEST_PATH_LENGTH_Test): expected:<7> but was:<-2147483639>]
07:35:59.074 [pool-69-thread-1] INFO  f.i.l.r.n.synth.SMTNopolSynthesizer - Not enough specifications: 0. A trivial patch is "true" or "false", please write new tests specifying SourceLocation java_programs.SHORTEST_PATH_LENGTH:50.
07:35:59.074 [pool-2-thread-1] DEBUG fr.inria.lille.repair.nopol.NoPol - looking with class fr.inria.lille.repair.nopol.spoon.smt.ConditionalReplacer
07:35:59.253 [pool-75-thread-1] DEBUG tests.output - Failing tests with false: 
[test1(java_testcases.junit.SHORTEST_PATH_LENGTH_Test): null, test2(java_testcases.junit.SHORTEST_PATH_LENGTH_Test): null]
07:35:59.253 [pool-75-thread-1] DEBUG tests.output - Failing tests with true: 
[test1(java_testcases.junit.SHORTEST_PATH_LENGTH_Test): expected:<4> but was:<-2147483648>, test2(java_testcases.junit.SHORTEST_PATH_LENGTH_Test): expected:<7> but was:<-2147483639>]
07:35:59.253 [pool-75-thread-1] INFO  f.i.l.r.n.synth.SMTNopolSynthesizer - Not enough specifications: 0. A trivial patch is "true" or "false", please write new tests specifying SourceLocation java_programs.SHORTEST_PATH_LENGTH:50.
07:35:59.253 [pool-2-thread-1] DEBUG fr.inria.lille.repair.nopol.NoPol - statement #18
07:35:59.253 [pool-2-thread-1] DEBUG fr.inria.lille.repair.nopol.NoPol - Analysing SourceLocation java_programs.SHORTEST_PATH_LENGTH:49 which is executed by 4 tests
-1734541556
07:35:59.332 [pool-2-thread-1] DEBUG fr.inria.lille.repair.nopol.NoPol - statement #19
07:35:59.332 [pool-2-thread-1] DEBUG fr.inria.lille.repair.nopol.NoPol - Analysing SourceLocation java_programs.SHORTEST_PATH_LENGTH:48 which is executed by 4 tests
-1734541556
07:35:59.411 [pool-2-thread-1] DEBUG fr.inria.lille.repair.nopol.NoPol - looking with class fr.inria.lille.repair.nopol.spoon.smt.ConditionalAdder
07:35:59.634 [pool-81-thread-1] DEBUG tests.output - Failing tests with false: 
[test1(java_testcases.junit.SHORTEST_PATH_LENGTH_Test): null, test2(java_testcases.junit.SHORTEST_PATH_LENGTH_Test): null]
07:35:59.634 [pool-81-thread-1] DEBUG tests.output - Failing tests with true: 
[test1(java_testcases.junit.SHORTEST_PATH_LENGTH_Test): expected:<4> but was:<-2147483648>, test2(java_testcases.junit.SHORTEST_PATH_LENGTH_Test): expected:<7> but was:<-2147483639>]
07:35:59.634 [pool-81-thread-1] INFO  f.i.l.r.n.synth.SMTNopolSynthesizer - Not enough specifications: 0. A trivial patch is "true" or "false", please write new tests specifying SourceLocation java_programs.SHORTEST_PATH_LENGTH:48.
07:35:59.634 [pool-2-thread-1] DEBUG fr.inria.lille.repair.nopol.NoPol - statement #20
07:35:59.634 [pool-2-thread-1] DEBUG fr.inria.lille.repair.nopol.NoPol - Analysing SourceLocation java_programs.SHORTEST_PATH_LENGTH:47 which is executed by 4 tests
-1734541556
07:35:59.702 [pool-2-thread-1] DEBUG fr.inria.lille.repair.nopol.NoPol - statement #21
07:35:59.702 [pool-2-thread-1] DEBUG fr.inria.lille.repair.nopol.NoPol - Analysing SourceLocation java_programs.SHORTEST_PATH_LENGTH:46 which is executed by 4 tests
-1734541556
07:35:59.777 [pool-2-thread-1] DEBUG fr.inria.lille.repair.nopol.NoPol - statement #22
07:35:59.777 [pool-2-thread-1] DEBUG fr.inria.lille.repair.nopol.NoPol - Analysing SourceLocation java_programs.SHORTEST_PATH_LENGTH:23 which is executed by 4 tests
-1734541556
07:35:59.841 [pool-2-thread-1] DEBUG fr.inria.lille.repair.nopol.NoPol - looking with class fr.inria.lille.repair.nopol.spoon.smt.ConditionalAdder
07:36:00.084 [pool-87-thread-1] DEBUG tests.output - Failing tests with false: 
[test1(java_testcases.junit.SHORTEST_PATH_LENGTH_Test): expected:<4> but was:<2147483647>, test2(java_testcases.junit.SHORTEST_PATH_LENGTH_Test): expected:<7> but was:<2147483647>]
07:36:00.085 [pool-87-thread-1] DEBUG tests.output - Failing tests with true: 
[test1(java_testcases.junit.SHORTEST_PATH_LENGTH_Test): expected:<4> but was:<-2147483648>, test2(java_testcases.junit.SHORTEST_PATH_LENGTH_Test): expected:<7> but was:<-2147483639>]
07:36:00.085 [pool-87-thread-1] INFO  f.i.l.r.n.synth.SMTNopolSynthesizer - Not enough specifications: 0. A trivial patch is "true" or "false", please write new tests specifying SourceLocation java_programs.SHORTEST_PATH_LENGTH:23.
07:36:00.085 [pool-2-thread-1] DEBUG fr.inria.lille.repair.nopol.NoPol - looking with class fr.inria.lille.repair.nopol.spoon.smt.ConditionalReplacer
07:36:00.306 [pool-93-thread-1] DEBUG tests.output - Failing tests with false: 
[test1(java_testcases.junit.SHORTEST_PATH_LENGTH_Test): expected:<4> but was:<2147483647>, test2(java_testcases.junit.SHORTEST_PATH_LENGTH_Test): expected:<7> but was:<2147483647>]
07:36:00.306 [pool-93-thread-1] DEBUG tests.output - Failing tests with true: 
[test1(java_testcases.junit.SHORTEST_PATH_LENGTH_Test): expected:<4> but was:<0>, test2(java_testcases.junit.SHORTEST_PATH_LENGTH_Test): expected:<7> but was:<0>]
07:36:00.306 [pool-93-thread-1] INFO  f.i.l.r.n.synth.SMTNopolSynthesizer - Not enough specifications: 0. A trivial patch is "true" or "false", please write new tests specifying SourceLocation java_programs.SHORTEST_PATH_LENGTH:23.
07:36:00.306 [pool-2-thread-1] DEBUG fr.inria.lille.repair.nopol.NoPol - statement #23
07:36:00.306 [pool-2-thread-1] DEBUG fr.inria.lille.repair.nopol.NoPol - Analysing SourceLocation java_programs.SHORTEST_PATH_LENGTH:21 which is executed by 4 tests
-1734541556
07:36:00.371 [pool-2-thread-1] DEBUG fr.inria.lille.repair.nopol.NoPol - looking with class fr.inria.lille.repair.nopol.spoon.smt.ConditionalAdder
07:40:54.933 [pool-2-thread-1] ERROR fr.inria.lille.repair.nopol.NoPol - Error ExecutionException java.util.concurrent.ExecutionException: java.lang.OutOfMemoryError: Java heap space
07:40:59.424 [pool-2-thread-1] DEBUG fr.inria.lille.repair.nopol.NoPol - statement #24
07:41:04.977 [pool-2-thread-1] DEBUG fr.inria.lille.repair.nopol.NoPol - Analysing SourceLocation java_programs.SHORTEST_PATH_LENGTH:20 which is executed by 4 tests
java.util.concurrent.ExecutionException: java.lang.OutOfMemoryError: Java heap space
	at java.util.concurrent.FutureTask.report(FutureTask.java:122)
	at java.util.concurrent.FutureTask.get(FutureTask.java:206)
	at fr.inria.lille.repair.Main.main(Main.java:106)
Caused by: java.lang.OutOfMemoryError: Java heap space

Usage: java -jar nopol.jar
                          [(-m|--mode) <repair|ranking>] (-e|--type) <condition|precondition|pre_then_cond|loop|arithmetic> [(-o|--oracle) <angelic|symbolic>] [(-y|--synthesis) <smt|dynamoth>] [(-l|--solver) <z3|cvc4>] [(-p|--solver-path) <solverPath>] (-s|--source) source1:source2:...:sourceN  (-c|--classpath) <classpath> [(-t|--test) test1:test2:...:testN ] [--complianceLevel <complianceLevel>] [--maxTime <maxTime>] [--maxTimeType <maxTimeType>] [(-z|--flocal) < cocospoon|dumb|gzoltar>] [--output <outputFolder>] [--json[:<outputJson>]]

  [(-m|--mode) <repair|ranking>]
        Define the mode of execution. (default: repair)

  (-e|--type) <condition|precondition|pre_then_cond|loop|arithmetic>
        The repair type (example fixing only conditions, or adding
        precondition). REQUIRED OPTION (default: condition)

  [(-o|--oracle) <angelic|symbolic>]
        Define the oracle (only used with repair mode). (default: angelic)

  [(-y|--synthesis) <smt|dynamoth>]
        Define the patch synthesis. (default: smt)

  [(-l|--solver) <z3|cvc4>]
        Define the solver (only used with smt synthesis). (default: z3)

  [(-p|--solver-path) <solverPath>]
        Define the solver binary path (only used with smt synthesis).

  (-s|--source) source1:source2:...:sourceN 
        Define the path to the source code of the project.

  (-c|--classpath) <classpath>
        Define the classpath of the project.

  [(-t|--test) test1:test2:...:testN ]
        Define the test classes of the project (both failing and passing),
        fully-qualified, separated with ':' (even if the classpath contains
        other tests, only those are considered.

  [--complianceLevel <complianceLevel>]
        The compliance level of the project. (default: 7)

  [--maxTime <maxTime>]
        The maximum time execution in minute for the whole execution of
        Nopol.(default: 10)

  [--maxTimeType <maxTimeType>]
        The maximum time execution in minute for one type of patch. (default: 5)

  [(-z|--flocal) < cocospoon|dumb|gzoltar>]
        Define the fault localizer to be used. (default: gzoltar)

  [--output <outputFolder>]
        Define the location where the patches will be saved. (default: .)

  [--json[:<outputJson>]]
        Output a json file in the current working directory.


real	11m18.818s
user	11m8.187s
sys	0m9.980s
\n\nNode: hpc061.ncg.ingrid.pt\n
\n\nDate: Wed Mar 31 07:47:00 EDT 2021\n
