cd /users2/cpca56132020/moliveira/folders/Nopol_QUIXBUGS_SHORTEST_PATH_LENGTHS/Nopol_QuixBugs_SHORTEST_PATH_LENGTHS_;
export JAVA_TOOL_OPTIONS="-Dfile.encoding=UTF8 -Duser.language=en-US -Duser.country=US -Duser.language=en";
TZ="America/New_York"; export TZ;
export PATH="/usr/lib/jvm/java-1.8.0-openjdk/bin:$PATH";
export JAVA_HOME="/usr/lib/jvm/java-1.8.0-openjdk/bin";
time java -Xmx4g -Xms1g -cp /users2/cpca56132020/moliveira/RepairThemAll/script/../repair_tools/nopol.jar:/usr/lib/jvm/java-1.8.0-openjdk/bin/../lib/tools.jar fr.inria.lille.repair.Main \
	--mode repair \
	--type pre_then_cond \
	--oracle angelic \
	--synthesis smt \
	--flocal gzoltar \
	--json \
	--solver z3 \
	--solver-path /users2/cpca56132020/moliveira/RepairThemAll/script/../libs/z3/build/z3 \
	--complianceLevel 8 \
	--source src/main/java \
	--classpath "target/classes:target/test-classes:/users2/cpca56132020/moliveira/.m2/repository/junit/junit/4.11/junit-4.11.jar:/users2/cpca56132020/moliveira/.m2/repository/org/hamcrest/hamcrest-core/1.3/hamcrest-core-1.3.jar:/users2/cpca56132020/moliveira/RepairThemAll/script/../repair_tools/nopol.jar";
	echo "\n\nNode: `hostname`\n";
	echo "\n\nDate: `date`\n";
Picked up JAVA_TOOL_OPTIONS: -Dfile.encoding=UTF8 -Duser.language=en-US -Duser.country=US -Duser.language=en
10:00:48.842 [main] INFO  fr.inria.lille.repair.nopol.NoPol - Source files: [src/main/java]
10:00:48.844 [main] INFO  fr.inria.lille.repair.nopol.NoPol - Classpath: [file:/users2/cpca56132020/moliveira/folders/Nopol_QUIXBUGS_SHORTEST_PATH_LENGTHS/Nopol_QuixBugs_SHORTEST_PATH_LENGTHS_/target/classes/, file:/users2/cpca56132020/moliveira/folders/Nopol_QUIXBUGS_SHORTEST_PATH_LENGTHS/Nopol_QuixBugs_SHORTEST_PATH_LENGTHS_/target/test-classes/, file:/users2/cpca56132020/moliveira/.m2/repository/junit/junit/4.11/junit-4.11.jar, file:/users2/cpca56132020/moliveira/.m2/repository/org/hamcrest/hamcrest-core/1.3/hamcrest-core-1.3.jar, file:/users2/cpca56132020/moliveira/RepairThemAll/script/../repair_tools/nopol.jar]
10:00:48.845 [main] INFO  fr.inria.lille.repair.nopol.NoPol - Statement type: PRE_THEN_COND
10:00:48.846 [main] INFO  fr.inria.lille.repair.nopol.NoPol - Args: [java_testcases.junit.SHORTEST_PATH_LENGTHS_Test]
10:00:48.848 [main] INFO  fr.inria.lille.repair.nopol.NoPol - Config: Config{synthesisDepth=3, collectStaticMethods=true, collectStaticFields=false, collectLiterals=false, onlyOneSynthesisResult=true, sortExpressions=true, maxLineInvocationPerTest=250, timeoutMethodInvocation=2000, dataCollectionTimeoutInSecondForSynthesis=900, addWeight=0.19478, subWeight=0.04554, mulWeight=0.0102, divWeight=0.00613, andWeight=0.10597, orWeight=0.05708, eqWeight=0.22798, nEqWeight=0.0, lessEqWeight=0.0255, lessWeight=0.0947, methodCallWeight=0.1, fieldAccessWeight=0.08099, constantWeight=0.14232, variableWeight=0.05195, mode=REPAIR, type=PRE_THEN_COND, synthesis=SMT, oracle=ANGELIC, solver=Z3, solverPath='/users2/cpca56132020/moliveira/RepairThemAll/script/../libs/z3/build/z3', projectSources=[src/main/java], projectClasspath='[Ljava.net.URL;@16c0663d', projectTests=[java_testcases.junit.SHORTEST_PATH_LENGTHS_Test], complianceLevel=8, outputFolder=., json=true}
10:00:48.848 [main] INFO  fr.inria.lille.repair.nopol.NoPol - Available processors (cores): 1
10:00:48.851 [main] INFO  fr.inria.lille.repair.nopol.NoPol - Free memory: 968 MB
10:00:48.851 [main] INFO  fr.inria.lille.repair.nopol.NoPol - Maximum memory: 3 GB
10:00:48.851 [main] INFO  fr.inria.lille.repair.nopol.NoPol - Total memory available to JVM: 989 MB
10:00:48.851 [main] INFO  fr.inria.lille.repair.nopol.NoPol - Java version: 1.8.0_272
10:00:48.857 [main] INFO  fr.inria.lille.repair.nopol.NoPol - JAVA_HOME: /usr/lib/jvm/java-1.8.0-openjdk/bin
10:00:48.857 [main] INFO  fr.inria.lille.repair.nopol.NoPol - PATH: /usr/lib/jvm/java-1.8.0-openjdk/bin:/users2/cpca56132020/moliveira/deps/Maven/apache-maven/bin:/users2/cpca56132020/moliveira/deps/Gradle/gradle-6.8.3/bin:/usr/condabin:/usr/local/bin:/usr/bin:/usr/local/sbin:/usr/sbin:/users2/cpca56132020/moliveira/.local/bin:/users2/cpca56132020/moliveira/bin
10:01:03.067 [pool-2-thread-1] DEBUG fr.inria.lille.repair.nopol.NoPol - statement #1
10:01:03.069 [pool-2-thread-1] DEBUG fr.inria.lille.repair.nopol.NoPol - Analysing SourceLocation java_programs.SHORTEST_PATH_LENGTHS:41 which is executed by 4 tests
2063786665
10:01:03.403 [pool-2-thread-1] DEBUG fr.inria.lille.repair.nopol.NoPol - statement #2
10:01:03.403 [pool-2-thread-1] DEBUG fr.inria.lille.repair.nopol.NoPol - Analysing SourceLocation java_programs.SHORTEST_PATH_LENGTHS:37 which is executed by 4 tests
2063786665
10:01:03.535 [pool-2-thread-1] DEBUG fr.inria.lille.repair.nopol.NoPol - looking with class fr.inria.lille.repair.nopol.spoon.smt.ConditionalAdder
10:01:04.742 [pool-3-thread-1] DEBUG tests.output - Failing tests with false: 
[test4s(java_testcases.junit.SHORTEST_PATH_LENGTHS_Test): expected:<2> but was:<99999>, test2(java_testcases.junit.SHORTEST_PATH_LENGTHS_Test): expected:<10> but was:<99999>]
10:01:04.742 [pool-3-thread-1] DEBUG tests.output - Failing tests with true: 
[test4s(java_testcases.junit.SHORTEST_PATH_LENGTHS_Test): expected:<2> but was:<1>, test1(java_testcases.junit.SHORTEST_PATH_LENGTHS_Test): expected:<0> but was:<-10>, test2(java_testcases.junit.SHORTEST_PATH_LENGTHS_Test): expected:<10> but was:<99999>, test3(java_testcases.junit.SHORTEST_PATH_LENGTHS_Test): expected:<99999> but was:<3>]
10:01:04.743 [pool-3-thread-1] INFO  f.i.l.r.n.synth.SMTNopolSynthesizer - Not enough specifications: 0. A trivial patch is "true" or "false", please write new tests specifying SourceLocation java_programs.SHORTEST_PATH_LENGTHS:37.
10:01:04.743 [pool-2-thread-1] DEBUG fr.inria.lille.repair.nopol.NoPol - statement #3
10:01:04.743 [pool-2-thread-1] DEBUG fr.inria.lille.repair.nopol.NoPol - Analysing SourceLocation java_programs.SHORTEST_PATH_LENGTHS:36 which is executed by 4 tests
2063786665
10:01:04.861 [pool-2-thread-1] DEBUG fr.inria.lille.repair.nopol.NoPol - statement #4
10:01:04.861 [pool-2-thread-1] DEBUG fr.inria.lille.repair.nopol.NoPol - Analysing SourceLocation java_programs.SHORTEST_PATH_LENGTHS:35 which is executed by 4 tests
2063786665
10:01:05.013 [pool-2-thread-1] DEBUG fr.inria.lille.repair.nopol.NoPol - statement #5
10:01:05.013 [pool-2-thread-1] DEBUG fr.inria.lille.repair.nopol.NoPol - Analysing SourceLocation java_programs.SHORTEST_PATH_LENGTHS:34 which is executed by 4 tests
2063786665
10:01:05.124 [pool-2-thread-1] DEBUG fr.inria.lille.repair.nopol.NoPol - looking with class fr.inria.lille.repair.nopol.spoon.smt.ConditionalAdder
10:01:05.558 [pool-13-thread-1] DEBUG tests.output - Failing tests with false: 
[test4s(java_testcases.junit.SHORTEST_PATH_LENGTHS_Test): expected:<2> but was:<99999>, test2(java_testcases.junit.SHORTEST_PATH_LENGTHS_Test): expected:<10> but was:<99999>]
10:01:05.558 [pool-13-thread-1] DEBUG tests.output - Failing tests with true: 
[test4s(java_testcases.junit.SHORTEST_PATH_LENGTHS_Test): expected:<2> but was:<1>, test1(java_testcases.junit.SHORTEST_PATH_LENGTHS_Test): expected:<0> but was:<-10>, test2(java_testcases.junit.SHORTEST_PATH_LENGTHS_Test): expected:<10> but was:<99999>, test3(java_testcases.junit.SHORTEST_PATH_LENGTHS_Test): expected:<99999> but was:<3>]
10:01:05.558 [pool-13-thread-1] INFO  f.i.l.r.n.synth.SMTNopolSynthesizer - Not enough specifications: 0. A trivial patch is "true" or "false", please write new tests specifying SourceLocation java_programs.SHORTEST_PATH_LENGTHS:34.
10:01:05.558 [pool-2-thread-1] DEBUG fr.inria.lille.repair.nopol.NoPol - statement #6
10:01:05.558 [pool-2-thread-1] DEBUG fr.inria.lille.repair.nopol.NoPol - Analysing SourceLocation java_programs.SHORTEST_PATH_LENGTHS:33 which is executed by 4 tests
2063786665
10:01:05.677 [pool-2-thread-1] DEBUG fr.inria.lille.repair.nopol.NoPol - looking with class fr.inria.lille.repair.nopol.spoon.smt.ConditionalAdder
10:01:06.096 [pool-23-thread-1] DEBUG tests.output - Failing tests with false: 
[test4s(java_testcases.junit.SHORTEST_PATH_LENGTHS_Test): expected:<2> but was:<99999>, test2(java_testcases.junit.SHORTEST_PATH_LENGTHS_Test): expected:<10> but was:<99999>]
10:01:06.096 [pool-23-thread-1] DEBUG tests.output - Failing tests with true: 
[test4s(java_testcases.junit.SHORTEST_PATH_LENGTHS_Test): expected:<2> but was:<1>, test1(java_testcases.junit.SHORTEST_PATH_LENGTHS_Test): expected:<0> but was:<-10>, test2(java_testcases.junit.SHORTEST_PATH_LENGTHS_Test): expected:<10> but was:<99999>, test3(java_testcases.junit.SHORTEST_PATH_LENGTHS_Test): expected:<99999> but was:<3>]
10:01:06.096 [pool-23-thread-1] INFO  f.i.l.r.n.synth.SMTNopolSynthesizer - Not enough specifications: 0. A trivial patch is "true" or "false", please write new tests specifying SourceLocation java_programs.SHORTEST_PATH_LENGTHS:33.
10:01:06.097 [pool-2-thread-1] DEBUG fr.inria.lille.repair.nopol.NoPol - statement #7
10:01:06.097 [pool-2-thread-1] DEBUG fr.inria.lille.repair.nopol.NoPol - Analysing SourceLocation java_programs.SHORTEST_PATH_LENGTHS:32 which is executed by 4 tests
2063786665
10:01:06.222 [pool-2-thread-1] DEBUG fr.inria.lille.repair.nopol.NoPol - looking with class fr.inria.lille.repair.nopol.spoon.smt.ConditionalAdder
10:01:06.599 [pool-33-thread-1] DEBUG tests.output - Failing tests with false: 
[test4s(java_testcases.junit.SHORTEST_PATH_LENGTHS_Test): expected:<2> but was:<99999>, test2(java_testcases.junit.SHORTEST_PATH_LENGTHS_Test): expected:<10> but was:<99999>]
10:01:06.600 [pool-33-thread-1] DEBUG tests.output - Failing tests with true: 
[test4s(java_testcases.junit.SHORTEST_PATH_LENGTHS_Test): expected:<2> but was:<1>, test1(java_testcases.junit.SHORTEST_PATH_LENGTHS_Test): expected:<0> but was:<-10>, test2(java_testcases.junit.SHORTEST_PATH_LENGTHS_Test): expected:<10> but was:<99999>, test3(java_testcases.junit.SHORTEST_PATH_LENGTHS_Test): expected:<99999> but was:<3>]
10:01:06.600 [pool-33-thread-1] INFO  f.i.l.r.n.synth.SMTNopolSynthesizer - Not enough specifications: 0. A trivial patch is "true" or "false", please write new tests specifying SourceLocation java_programs.SHORTEST_PATH_LENGTHS:32.
10:01:06.600 [pool-2-thread-1] DEBUG fr.inria.lille.repair.nopol.NoPol - statement #8
10:01:06.600 [pool-2-thread-1] DEBUG fr.inria.lille.repair.nopol.NoPol - Analysing SourceLocation java_programs.SHORTEST_PATH_LENGTHS:28 which is executed by 4 tests
2063786665
10:01:06.716 [pool-2-thread-1] DEBUG fr.inria.lille.repair.nopol.NoPol - looking with class fr.inria.lille.repair.nopol.spoon.smt.ConditionalAdder
10:01:07.092 [pool-43-thread-1] DEBUG tests.output - Failing tests with false: 
[test4s(java_testcases.junit.SHORTEST_PATH_LENGTHS_Test): null, test1(java_testcases.junit.SHORTEST_PATH_LENGTHS_Test): null, test2(java_testcases.junit.SHORTEST_PATH_LENGTHS_Test): null, test3(java_testcases.junit.SHORTEST_PATH_LENGTHS_Test): null]
10:01:07.092 [pool-43-thread-1] DEBUG tests.output - Failing tests with true: 
[test4s(java_testcases.junit.SHORTEST_PATH_LENGTHS_Test): expected:<2> but was:<1>, test1(java_testcases.junit.SHORTEST_PATH_LENGTHS_Test): expected:<0> but was:<-10>, test2(java_testcases.junit.SHORTEST_PATH_LENGTHS_Test): expected:<10> but was:<99999>, test3(java_testcases.junit.SHORTEST_PATH_LENGTHS_Test): expected:<99999> but was:<3>]
10:01:07.092 [pool-43-thread-1] INFO  f.i.l.r.n.synth.SMTNopolSynthesizer - Not enough specifications: 0. A trivial patch is "true" or "false", please write new tests specifying SourceLocation java_programs.SHORTEST_PATH_LENGTHS:28.
10:01:07.092 [pool-2-thread-1] DEBUG fr.inria.lille.repair.nopol.NoPol - statement #9
10:01:07.092 [pool-2-thread-1] DEBUG fr.inria.lille.repair.nopol.NoPol - Analysing SourceLocation java_programs.SHORTEST_PATH_LENGTHS:26 which is executed by 4 tests
2063786665
10:01:07.184 [pool-2-thread-1] DEBUG fr.inria.lille.repair.nopol.NoPol - looking with class fr.inria.lille.repair.nopol.spoon.smt.ConditionalAdder
10:01:07.514 [pool-53-thread-1] DEBUG tests.output - Failing tests with false: 
[test4s(java_testcases.junit.SHORTEST_PATH_LENGTHS_Test): null, test1(java_testcases.junit.SHORTEST_PATH_LENGTHS_Test): null, test2(java_testcases.junit.SHORTEST_PATH_LENGTHS_Test): null, test3(java_testcases.junit.SHORTEST_PATH_LENGTHS_Test): null]
10:01:07.514 [pool-53-thread-1] DEBUG tests.output - Failing tests with true: 
[test4s(java_testcases.junit.SHORTEST_PATH_LENGTHS_Test): expected:<2> but was:<1>, test1(java_testcases.junit.SHORTEST_PATH_LENGTHS_Test): expected:<0> but was:<-10>, test2(java_testcases.junit.SHORTEST_PATH_LENGTHS_Test): expected:<10> but was:<99999>, test3(java_testcases.junit.SHORTEST_PATH_LENGTHS_Test): expected:<99999> but was:<3>]
10:01:07.514 [pool-53-thread-1] INFO  f.i.l.r.n.synth.SMTNopolSynthesizer - Not enough specifications: 0. A trivial patch is "true" or "false", please write new tests specifying SourceLocation java_programs.SHORTEST_PATH_LENGTHS:26.
10:01:07.515 [pool-2-thread-1] DEBUG fr.inria.lille.repair.nopol.NoPol - statement #10
10:01:07.515 [pool-2-thread-1] DEBUG fr.inria.lille.repair.nopol.NoPol - Analysing SourceLocation java_programs.SHORTEST_PATH_LENGTHS:25 which is executed by 4 tests
2063786665
10:01:07.592 [pool-2-thread-1] DEBUG fr.inria.lille.repair.nopol.NoPol - looking with class fr.inria.lille.repair.nopol.spoon.smt.ConditionalAdder
10:01:07.921 [pool-63-thread-1] DEBUG tests.output - Failing tests with false: 
[test4s(java_testcases.junit.SHORTEST_PATH_LENGTHS_Test): null, test1(java_testcases.junit.SHORTEST_PATH_LENGTHS_Test): null, test2(java_testcases.junit.SHORTEST_PATH_LENGTHS_Test): null, test3(java_testcases.junit.SHORTEST_PATH_LENGTHS_Test): null]
10:01:07.922 [pool-63-thread-1] DEBUG tests.output - Failing tests with true: 
[test4s(java_testcases.junit.SHORTEST_PATH_LENGTHS_Test): expected:<2> but was:<1>, test1(java_testcases.junit.SHORTEST_PATH_LENGTHS_Test): expected:<0> but was:<-10>, test2(java_testcases.junit.SHORTEST_PATH_LENGTHS_Test): expected:<10> but was:<99999>, test3(java_testcases.junit.SHORTEST_PATH_LENGTHS_Test): expected:<99999> but was:<3>]
10:01:07.922 [pool-63-thread-1] INFO  f.i.l.r.n.synth.SMTNopolSynthesizer - Not enough specifications: 0. A trivial patch is "true" or "false", please write new tests specifying SourceLocation java_programs.SHORTEST_PATH_LENGTHS:25.
10:01:07.923 [pool-2-thread-1] DEBUG fr.inria.lille.repair.nopol.NoPol - looking with class fr.inria.lille.repair.nopol.spoon.smt.ConditionalReplacer
10:01:08.221 [pool-73-thread-1] DEBUG tests.output - Failing tests with false: 
[test4s(java_testcases.junit.SHORTEST_PATH_LENGTHS_Test): expected:<2> but was:<99999>, test2(java_testcases.junit.SHORTEST_PATH_LENGTHS_Test): expected:<10> but was:<99999>]
10:01:08.221 [pool-73-thread-1] DEBUG tests.output - Failing tests with true: 
[test4s(java_testcases.junit.SHORTEST_PATH_LENGTHS_Test): null, test1(java_testcases.junit.SHORTEST_PATH_LENGTHS_Test): null, test2(java_testcases.junit.SHORTEST_PATH_LENGTHS_Test): null, test3(java_testcases.junit.SHORTEST_PATH_LENGTHS_Test): null]
10:01:08.222 [pool-73-thread-1] INFO  f.i.l.r.n.synth.SMTNopolSynthesizer - Not enough specifications: 0. A trivial patch is "true" or "false", please write new tests specifying SourceLocation java_programs.SHORTEST_PATH_LENGTHS:25.
10:01:08.222 [pool-2-thread-1] DEBUG fr.inria.lille.repair.nopol.NoPol - statement #11
10:01:08.222 [pool-2-thread-1] DEBUG fr.inria.lille.repair.nopol.NoPol - Analysing SourceLocation java_programs.SHORTEST_PATH_LENGTHS:23 which is executed by 4 tests
2063786665
10:01:08.305 [pool-2-thread-1] DEBUG fr.inria.lille.repair.nopol.NoPol - looking with class fr.inria.lille.repair.nopol.spoon.smt.ConditionalAdder
10:01:08.594 [pool-83-thread-1] DEBUG tests.output - Failing tests with false: 
[test4s(java_testcases.junit.SHORTEST_PATH_LENGTHS_Test): null, test1(java_testcases.junit.SHORTEST_PATH_LENGTHS_Test): null, test2(java_testcases.junit.SHORTEST_PATH_LENGTHS_Test): null, test3(java_testcases.junit.SHORTEST_PATH_LENGTHS_Test): null]
10:01:08.594 [pool-83-thread-1] DEBUG tests.output - Failing tests with true: 
[test4s(java_testcases.junit.SHORTEST_PATH_LENGTHS_Test): expected:<2> but was:<1>, test1(java_testcases.junit.SHORTEST_PATH_LENGTHS_Test): expected:<0> but was:<-10>, test2(java_testcases.junit.SHORTEST_PATH_LENGTHS_Test): expected:<10> but was:<99999>, test3(java_testcases.junit.SHORTEST_PATH_LENGTHS_Test): expected:<99999> but was:<3>]
10:01:08.595 [pool-83-thread-1] INFO  f.i.l.r.n.synth.SMTNopolSynthesizer - Not enough specifications: 0. A trivial patch is "true" or "false", please write new tests specifying SourceLocation java_programs.SHORTEST_PATH_LENGTHS:23.
10:01:08.595 [pool-2-thread-1] DEBUG fr.inria.lille.repair.nopol.NoPol - statement #12
10:01:08.595 [pool-2-thread-1] DEBUG fr.inria.lille.repair.nopol.NoPol - Analysing SourceLocation java_programs.SHORTEST_PATH_LENGTHS:22 which is executed by 4 tests
2063786665
10:01:08.684 [pool-2-thread-1] DEBUG fr.inria.lille.repair.nopol.NoPol - looking with class fr.inria.lille.repair.nopol.spoon.smt.ConditionalAdder
10:01:08.947 [pool-93-thread-1] DEBUG tests.output - Failing tests with false: 
[test4s(java_testcases.junit.SHORTEST_PATH_LENGTHS_Test): null, test1(java_testcases.junit.SHORTEST_PATH_LENGTHS_Test): null, test2(java_testcases.junit.SHORTEST_PATH_LENGTHS_Test): null, test3(java_testcases.junit.SHORTEST_PATH_LENGTHS_Test): null]
10:01:08.948 [pool-93-thread-1] DEBUG tests.output - Failing tests with true: 
[test4s(java_testcases.junit.SHORTEST_PATH_LENGTHS_Test): expected:<2> but was:<1>, test1(java_testcases.junit.SHORTEST_PATH_LENGTHS_Test): expected:<0> but was:<-10>, test2(java_testcases.junit.SHORTEST_PATH_LENGTHS_Test): expected:<10> but was:<99999>, test3(java_testcases.junit.SHORTEST_PATH_LENGTHS_Test): expected:<99999> but was:<3>]
10:01:08.948 [pool-93-thread-1] INFO  f.i.l.r.n.synth.SMTNopolSynthesizer - Not enough specifications: 0. A trivial patch is "true" or "false", please write new tests specifying SourceLocation java_programs.SHORTEST_PATH_LENGTHS:22.
10:01:08.948 [pool-2-thread-1] DEBUG fr.inria.lille.repair.nopol.NoPol - looking with class fr.inria.lille.repair.nopol.spoon.smt.ConditionalReplacer
10:01:09.207 [pool-103-thread-1] DEBUG tests.output - Failing tests with false: 
[test4s(java_testcases.junit.SHORTEST_PATH_LENGTHS_Test): expected:<2> but was:<1>, test1(java_testcases.junit.SHORTEST_PATH_LENGTHS_Test): expected:<0> but was:<-10>, test2(java_testcases.junit.SHORTEST_PATH_LENGTHS_Test): expected:<10> but was:<99999>]
10:01:09.207 [pool-103-thread-1] DEBUG tests.output - Failing tests with true: 
[test4s(java_testcases.junit.SHORTEST_PATH_LENGTHS_Test): expected:<2> but was:<0>, test2(java_testcases.junit.SHORTEST_PATH_LENGTHS_Test): expected:<10> but was:<0>, test3(java_testcases.junit.SHORTEST_PATH_LENGTHS_Test): expected:<99999> but was:<0>]
10:01:09.207 [pool-103-thread-1] INFO  f.i.l.r.n.synth.SMTNopolSynthesizer - Not enough specifications: 0. A trivial patch is "true" or "false", please write new tests specifying SourceLocation java_programs.SHORTEST_PATH_LENGTHS:22.
10:01:09.207 [pool-2-thread-1] DEBUG fr.inria.lille.repair.nopol.NoPol - statement #13
10:01:09.207 [pool-2-thread-1] DEBUG fr.inria.lille.repair.nopol.NoPol - Analysing SourceLocation java_programs.SHORTEST_PATH_LENGTHS:21 which is executed by 4 tests
2063786665
10:01:09.292 [pool-2-thread-1] DEBUG fr.inria.lille.repair.nopol.NoPol - statement #14
10:01:09.292 [pool-2-thread-1] DEBUG fr.inria.lille.repair.nopol.NoPol - Analysing SourceLocation java_programs.SHORTEST_PATH_LENGTHS:20 which is executed by 4 tests
2063786665
10:01:09.382 [pool-2-thread-1] DEBUG fr.inria.lille.repair.nopol.NoPol - looking with class fr.inria.lille.repair.nopol.spoon.smt.ConditionalAdder
10:01:09.639 [pool-113-thread-1] DEBUG tests.output - Failing tests with false: 
[test4s(java_testcases.junit.SHORTEST_PATH_LENGTHS_Test): null, test1(java_testcases.junit.SHORTEST_PATH_LENGTHS_Test): null, test2(java_testcases.junit.SHORTEST_PATH_LENGTHS_Test): null, test3(java_testcases.junit.SHORTEST_PATH_LENGTHS_Test): null]
10:01:09.640 [pool-113-thread-1] DEBUG tests.output - Failing tests with true: 
[test4s(java_testcases.junit.SHORTEST_PATH_LENGTHS_Test): expected:<2> but was:<1>, test1(java_testcases.junit.SHORTEST_PATH_LENGTHS_Test): expected:<0> but was:<-10>, test2(java_testcases.junit.SHORTEST_PATH_LENGTHS_Test): expected:<10> but was:<99999>, test3(java_testcases.junit.SHORTEST_PATH_LENGTHS_Test): expected:<99999> but was:<3>]
10:01:09.640 [pool-113-thread-1] INFO  f.i.l.r.n.synth.SMTNopolSynthesizer - Not enough specifications: 0. A trivial patch is "true" or "false", please write new tests specifying SourceLocation java_programs.SHORTEST_PATH_LENGTHS:20.
10:01:09.641 [pool-2-thread-1] DEBUG fr.inria.lille.repair.nopol.NoPol - statement #15
10:01:09.641 [pool-2-thread-1] DEBUG fr.inria.lille.repair.nopol.NoPol - Analysing SourceLocation java_programs.SHORTEST_PATH_LENGTHS:19 which is executed by 4 tests
2063786665
10:01:09.733 [pool-2-thread-1] DEBUG fr.inria.lille.repair.nopol.NoPol - looking with class fr.inria.lille.repair.nopol.spoon.smt.ConditionalAdder
10:01:09.983 [pool-123-thread-1] DEBUG tests.output - Failing tests with false: 
[test4s(java_testcases.junit.SHORTEST_PATH_LENGTHS_Test): null, test1(java_testcases.junit.SHORTEST_PATH_LENGTHS_Test): null, test2(java_testcases.junit.SHORTEST_PATH_LENGTHS_Test): null, test3(java_testcases.junit.SHORTEST_PATH_LENGTHS_Test): null]
10:01:09.984 [pool-123-thread-1] DEBUG tests.output - Failing tests with true: 
[test4s(java_testcases.junit.SHORTEST_PATH_LENGTHS_Test): expected:<2> but was:<1>, test1(java_testcases.junit.SHORTEST_PATH_LENGTHS_Test): expected:<0> but was:<-10>, test2(java_testcases.junit.SHORTEST_PATH_LENGTHS_Test): expected:<10> but was:<99999>, test3(java_testcases.junit.SHORTEST_PATH_LENGTHS_Test): expected:<99999> but was:<3>]
10:01:09.984 [pool-123-thread-1] INFO  f.i.l.r.n.synth.SMTNopolSynthesizer - Not enough specifications: 0. A trivial patch is "true" or "false", please write new tests specifying SourceLocation java_programs.SHORTEST_PATH_LENGTHS:19.
10:01:09.986 [pool-2-thread-1] DEBUG fr.inria.lille.repair.nopol.NoPol - statement #16
10:01:09.987 [pool-2-thread-1] DEBUG fr.inria.lille.repair.nopol.NoPol - Analysing SourceLocation java_programs.SHORTEST_PATH_LENGTHS:18 which is executed by 4 tests
2063786665
10:01:10.064 [pool-2-thread-1] INFO  fr.inria.lille.repair.nopol.NoPol - ----INFORMATION----
10:01:10.075 [pool-2-thread-1] INFO  fr.inria.lille.repair.nopol.NoPol - Nb classes : 3
10:01:10.075 [pool-2-thread-1] INFO  fr.inria.lille.repair.nopol.NoPol - Nb methods : 9
10:01:10.075 [pool-2-thread-1] INFO  fr.inria.lille.repair.nopol.NoPol - Nb Statements Analyzed : 13
10:01:10.075 [pool-2-thread-1] INFO  fr.inria.lille.repair.nopol.NoPol - Nb Statements with Angelic Value Found : 0
10:01:10.075 [pool-2-thread-1] INFO  fr.inria.lille.repair.nopol.NoPol - Nb inputs in SMT : 0
10:01:10.077 [pool-2-thread-1] INFO  fr.inria.lille.repair.nopol.NoPol - Nb SMT level: 0
10:01:10.077 [pool-2-thread-1] INFO  fr.inria.lille.repair.nopol.NoPol - Nb variables in SMT : 0
10:01:10.077 [pool-2-thread-1] INFO  fr.inria.lille.repair.nopol.NoPol - NoPol Execution time : 21224ms
10:01:10.077 [pool-2-thread-1] INFO  fr.inria.lille.repair.nopol.NoPol - 
NO_ANGELIC_VALUE

real	0m21.965s
user	0m9.832s
sys	0m10.602s
\n\nNode: hpc060.ncg.ingrid.pt\n
\n\nDate: Sat Apr  3 10:01:10 EDT 2021\n
