cd /users2/cpca56132020/moliveira/folders/Cardumen_QUIXBUGS_LCS_LENGTH/Cardumen_QuixBugs_LCS_LENGTH_;
export JAVA_TOOL_OPTIONS="-Dfile.encoding=UTF8 -Duser.language=en-US -Duser.country=US -Duser.language=en";
TZ="America/New_York"; export TZ;
export PATH="/usr/lib/jvm/java-1.8.0-openjdk/bin:$PATH";
export JAVA_HOME="/usr/lib/jvm/java-1.8.0-openjdk/bin";
time java -Xmx4g -Xms1g -cp /users2/cpca56132020/moliveira/RepairThemAll/script/../libs/jtestex7.jar:/users2/cpca56132020/moliveira/RepairThemAll/script/../repair_tools/astor.jar fr.inria.main.evolution.AstorMain \
	-mode cardumen \
	-location . \
	-id LCS_LENGTH- \
	-failing java_testcases.junit.LCS_LENGTH_Test \
	-jvm4testexecution /usr/lib/jvm/java-1.8.0-openjdk/bin \
	-jvm4evosuitetestexecution /usr/lib/jvm/java-1.8.0-openjdk/bin \
	-maxgen 1000000 \
	-maxtime 120 \
	-stopfirst true \
	-seed 28 \
	-scope package \
	-population 1 \
	-javacompliancelevel 8 \
	-srcjavafolder src/main/java \
	-srctestfolder src/test/java \
	-binjavafolder target/classes \
	-bintestfolder target/test-classes \
	-parameters x:x:maxCombinationVariableLimit:true:maxVarCombination:1000 \
	-dependencies /users2/cpca56132020/moliveira/.m2/repository/junit/junit/4.11/junit-4.11.jar:/users2/cpca56132020/moliveira/.m2/repository/org/hamcrest/hamcrest-core/1.3/hamcrest-core-1.3.jar;
	echo "\n\nNode: `hostname`\n";
	echo "\n\nDate: `date`\n";
Picked up JAVA_TOOL_OPTIONS: -Dfile.encoding=UTF8 -Duser.language=en-US -Duser.country=US -Duser.language=en
10:00:52.481 [main] ERROR fr.inria.astor.approaches.cardumen.ExpressionReplaceOperator - Replacement does not work for  modify i < s.length() to i < s.length()
10:00:54.040 [main] ERROR fr.inria.astor.approaches.cardumen.ExpressionReplaceOperator - Replacement does not work for  modify java.util.Collections.max(ret_list) to java.util.Collections.max(ret_list)
10:00:54.392 [main] ERROR fr.inria.astor.approaches.cardumen.ExpressionReplaceOperator - Replacement does not work for  modify dp.get(i) to dp.get(i)
10:00:56.614 [main] ERROR fr.inria.astor.approaches.cardumen.ExpressionReplaceOperator - Replacement does not work for  modify new java.util.ArrayList<java.lang.Integer>() to new java.util.ArrayList<java.lang.Integer>()
10:01:10.766 [main] ERROR fr.inria.astor.approaches.cardumen.ExpressionReplaceOperator - error to modify i++ to i - 1
10:01:10.803 [main] ERROR fr.inria.astor.approaches.cardumen.ExpressionReplaceOperator - Replacement does not work for  modify dp.isEmpty() to dp.isEmpty()
10:02:24.379 [main] ERROR fr.inria.astor.approaches.cardumen.ExpressionReplaceOperator - Replacement does not work for  modify s.charAt(i) to s.charAt(i)
10:02:56.052 [main] ERROR fr.inria.astor.approaches.cardumen.ExpressionReplaceOperator - error to modify j++ to i - 1
10:03:07.420 [main] ERROR fr.inria.astor.approaches.cardumen.ExpressionReplaceOperator - Replacement does not work for  modify i - 1 to i - 1
10:03:18.007 [main] ERROR fr.inria.astor.approaches.cardumen.ExpressionReplaceOperator - Replacement does not work for  modify !dp.isEmpty() to !dp.isEmpty()
10:03:38.781 [main] ERROR fr.inria.astor.approaches.cardumen.ExpressionReplaceOperator - Replacement does not work for  modify dp.put(i, internal_map) to dp.put(i, internal_map)
10:04:10.690 [main] ERROR fr.inria.astor.approaches.cardumen.ExpressionReplaceOperator - error to modify i++ to dp.get(i - 1).get(i) + 1
10:04:31.959 [main] ERROR fr.inria.astor.approaches.cardumen.ExpressionReplaceOperator - Replacement does not work for  modify t.charAt(j) to t.charAt(j)
10:06:05.499 [main] ERROR fr.inria.astor.approaches.cardumen.ExpressionReplaceOperator - Replacement does not work for  modify dp.get(i) to dp.get(i)
10:06:47.050 [main] ERROR fr.inria.astor.approaches.cardumen.ExpressionReplaceOperator - Replacement does not work for  modify i++ to i++
10:07:07.617 [main] ERROR fr.inria.astor.approaches.cardumen.ExpressionReplaceOperator - Replacement does not work for  modify i - 1 to i - 1
10:08:25.483 [main] ERROR fr.inria.astor.approaches.cardumen.ExpressionReplaceOperator - Replacement does not work for  modify s.length() to s.length()
10:09:17.405 [main] ERROR fr.inria.astor.approaches.cardumen.ExpressionReplaceOperator - Replacement does not work for  modify dp.get(i).values() to dp.get(i).values()
10:10:09.013 [main] ERROR fr.inria.astor.approaches.cardumen.ExpressionReplaceOperator - Replacement does not work for  modify s.length() to s.length()
10:11:30.762 [main] ERROR fr.inria.astor.approaches.cardumen.ExpressionReplaceOperator - Replacement does not work for  modify internal_map.put(j, 0) to internal_map.put(j, 0)
10:12:02.163 [main] ERROR fr.inria.astor.approaches.cardumen.ExpressionReplaceOperator - error to modify i++ to i - 1
10:12:12.261 [main] ERROR fr.inria.astor.approaches.cardumen.ExpressionReplaceOperator - Replacement does not work for  modify !dp.get(i).isEmpty() to !dp.get(i).isEmpty()
10:12:53.265 [main] ERROR fr.inria.astor.approaches.cardumen.ExpressionReplaceOperator - Replacement does not work for  modify i++ to i++
10:13:13.935 [main] ERROR fr.inria.astor.approaches.cardumen.ExpressionReplaceOperator - Replacement does not work for  modify i++ to i++
10:13:44.496 [main] ERROR fr.inria.astor.approaches.cardumen.ExpressionReplaceOperator - Replacement does not work for  modify j < t.length() to j < t.length()
10:15:16.328 [main] ERROR fr.inria.astor.approaches.cardumen.ExpressionReplaceOperator - Replacement does not work for  modify new java.util.HashMap<java.lang.Integer, java.lang.Integer>() to new java.util.HashMap<java.lang.Integer, java.lang.Integer>()
10:15:47.085 [main] ERROR fr.inria.astor.approaches.cardumen.ExpressionReplaceOperator - Replacement does not work for  modify dp.get(i - 1).get(j) + 1 to dp.get(i - 1).get(j) + 1
10:16:07.461 [main] ERROR fr.inria.astor.approaches.cardumen.ExpressionReplaceOperator - Replacement does not work for  modify new java.util.HashMap<java.lang.Integer, java.util.Map<java.lang.Integer, java.lang.Integer>>() to new java.util.HashMap<java.lang.Integer, java.util.Map<java.lang.Integer, java.lang.Integer>>()
10:16:58.768 [main] ERROR fr.inria.astor.approaches.cardumen.ExpressionReplaceOperator - error to modify j++ to i - 1
10:16:58.925 [main] ERROR fr.inria.astor.approaches.cardumen.ExpressionReplaceOperator - Replacement does not work for  modify internal_map.put(j, 1) to internal_map.put(j, 1)
10:17:19.623 [main] ERROR fr.inria.astor.approaches.cardumen.ExpressionReplaceOperator - Replacement does not work for  modify dp.get(i) to dp.get(i)
10:19:01.265 [main] ERROR fr.inria.astor.approaches.cardumen.ExpressionReplaceOperator - Replacement does not work for  modify i < s.length() to i < s.length()
10:19:52.135 [main] ERROR fr.inria.astor.approaches.cardumen.ExpressionReplaceOperator - Replacement does not work for  modify s.length() to s.length()
10:21:23.867 [main] ERROR fr.inria.astor.approaches.cardumen.ExpressionReplaceOperator - Replacement does not work for  modify t.length() to t.length()
10:23:05.671 [main] ERROR fr.inria.astor.approaches.cardumen.ExpressionReplaceOperator - Replacement does not work for  modify dp.get(i) to dp.get(i)
10:24:47.570 [main] ERROR fr.inria.astor.approaches.cardumen.ExpressionReplaceOperator - Replacement does not work for  modify i < s.length() to i < s.length()
10:25:58.809 [main] ERROR fr.inria.astor.approaches.cardumen.ExpressionReplaceOperator - Replacement does not work for  modify internal_map.put(j, insert_value) to internal_map.put(j, insert_value)
10:26:39.533 [main] ERROR fr.inria.astor.approaches.cardumen.ExpressionReplaceOperator - Replacement does not work for  modify j++ to j++
10:27:20.621 [main] ERROR fr.inria.astor.approaches.cardumen.ExpressionReplaceOperator - Replacement does not work for  modify dp.get(i - 1) to dp.get(i - 1)
10:28:01.500 [main] ERROR fr.inria.astor.approaches.cardumen.ExpressionReplaceOperator - Replacement does not work for  modify dp.put(i, internal_map) to dp.put(i, internal_map)
10:30:04.091 [main] ERROR fr.inria.astor.approaches.cardumen.ExpressionReplaceOperator - Replacement does not work for  modify dp.put(i, internal_map) to dp.put(i, internal_map)
10:30:14.292 [main] ERROR fr.inria.astor.approaches.cardumen.ExpressionReplaceOperator - Replacement does not work for  modify dp.get(i).isEmpty() to dp.get(i).isEmpty()
10:31:56.653 [main] ERROR fr.inria.astor.approaches.cardumen.ExpressionReplaceOperator - Replacement does not work for  modify !dp.get(i).isEmpty() ? java.util.Collections.max(dp.get(i).values()) : 0 to !dp.get(i).isEmpty() ? java.util.Collections.max(dp.get(i).values()) : 0
10:32:27.346 [main] ERROR fr.inria.astor.approaches.cardumen.ExpressionReplaceOperator - Replacement does not work for  modify t.length() to t.length()
10:34:10.531 [main] ERROR fr.inria.astor.approaches.cardumen.ExpressionReplaceOperator - Replacement does not work for  modify j < t.length() to j < t.length()
10:34:30.989 [main] ERROR fr.inria.astor.approaches.cardumen.ExpressionReplaceOperator - Replacement does not work for  modify dp.put(i, initialize) to dp.put(i, initialize)
10:37:39.665 [main] ERROR fr.inria.astor.approaches.cardumen.ExpressionReplaceOperator - Replacement does not work for  modify dp.get(i - 1).get(j) to dp.get(i - 1).get(j)
10:38:51.110 [main] ERROR fr.inria.astor.approaches.cardumen.ExpressionReplaceOperator - Replacement does not work for  modify j++ to j++
10:40:23.323 [main] ERROR fr.inria.astor.approaches.cardumen.ExpressionReplaceOperator - Replacement does not work for  modify ret_list.add(!dp.get(i).isEmpty() ? java.util.Collections.max(dp.get(i).values()) : 0) to ret_list.add(!dp.get(i).isEmpty() ? java.util.Collections.max(dp.get(i).values()) : 0)
10:43:26.726 [main] ERROR fr.inria.astor.approaches.cardumen.ExpressionReplaceOperator - Replacement does not work for  modify dp.containsKey(i - 1) to dp.containsKey(i - 1)
10:54:54.469 [main] ERROR fr.inria.astor.approaches.cardumen.ExpressionReplaceOperator - Replacement does not work for  modify s.charAt(i) == t.charAt(j) to s.charAt(i) == t.charAt(j)
Astor Output:

General stats:
EXECUTION_IDENTIFIER=LCS_LENGTH-
TOTAL_TIME=7200.002
NR_GENERATIONS=467
NR_RIGHT_COMPILATIONS=387
NR_FAILLING_COMPILATIONS=80
NR_ERRONEOUS_VARIANCES=null
NR_FAILING_VALIDATION_PROCESS=null
OUTPUT_STATUS=TIME_OUT

Patch stats:


real	120m10.114s
user	58m35.074s
sys	0m7.978s
\n\nNode: hpc060.ncg.ingrid.pt\n
\n\nDate: Sat Apr  3 12:00:51 EDT 2021\n
