cd /users2/cpca56132020/moliveira/folders/Figra_IntroClassJava_checksum-08c7ea4ac39aa6a5ab206393bb4412de9d2c365ecdda9c1b391be963c1811014ed23d2722d7433b8e8a95305eee314d39da4950f31e01f9147f90af91a5c433a-010/Figra_IntroClassJava_checksum_08c7ea4ac39aa6a5ab206393bb4412de9d2c365ecdda9c1b391be963c1811014ed23d2722d7433b8e8a95305eee314d39da4950f31e01f9147f90af91a5c433a-010;
export JAVA_TOOL_OPTIONS="-Dfile.encoding=UTF8 -Duser.language=en-US -Duser.country=US -Duser.language=en";
TZ="America/New_York"; export TZ;
export PATH="/usr/lib/jvm/java-1.8.0-openjdk/bin/:$PATH";
export JAVA_HOME="/usr/lib/jvm/java-1.8.0-openjdk/bin/";
time java -Xmx4g -Xms1g -cp /users2/cpca56132020/moliveira/RepairThemAll/script/../libs/jtestex7.jar:/users2/cpca56132020/moliveira/RepairThemAll/script/../repair_tools/astor.jar fr.inria.main.evolution.AstorMain \
	-mode figra \
	-location . \
	-id checksum-08c7ea4ac39aa6a5ab206393bb4412de9d2c365ecdda9c1b391be963c1811014ed23d2722d7433b8e8a95305eee314d39da4950f31e01f9147f90af91a5c433a-010 \
	-failing introclassJava.checksum_08c7ea4a_010BlackboxTest:introclassJava.checksum_08c7ea4a_010WhiteboxTest \
	-jvm4testexecution /users2/cpca56132020/moliveira/jdk1.7.0_80/bin/ \
	-jvm4evosuitetestexecution /users2/cpca56132020/moliveira/jdk1.7.0_80/bin/ \
	-maxgen 1000000 \
	-maxtime 120 \
	-stopfirst false \
	-seed 28 \
	-scope package \
	-population 1 \
	-javacompliancelevel 7 \
	-srcjavafolder src/main/java \
	-srctestfolder src/test/java \
	-binjavafolder target/classes \
	-bintestfolder target/test-classes \
	-parameters x:x:maxCombinationVariableLimit:true:maxVarCombination:1000 \
	-dependencies /users2/cpca56132020/moliveira/.m2/repository/junit/junit/4.11/junit-4.11.jar:/users2/cpca56132020/moliveira/.m2/repository/org/hamcrest/hamcrest-core/1.3/hamcrest-core-1.3.jar;
	echo "\n\nNode: `hostname`\n";
	echo "\n\nDate: `date`\n";
Picked up JAVA_TOOL_OPTIONS: -Dfile.encoding=UTF8 -Duser.language=en-US -Duser.country=US -Duser.language=en
Picked up _JAVA_OPTIONS: -Xmx512m -Xms256m
06:10:54.611 [main] ERROR fr.inria.astor.approaches.figra.ExpressionReplaceOperator - Replacement does not work for  modify 64 to 64
06:10:56.729 [main] ERROR fr.inria.astor.approaches.figra.ExpressionReplaceOperator - Replacement does not work for  modify i to i
06:10:57.783 [main] ERROR fr.inria.astor.approaches.figra.ExpressionReplaceOperator - Replacement does not work for  modify checksum_summation to checksum_summation
06:10:58.616 [main] ERROR fr.inria.astor.approaches.figra.ExpressionReplaceOperator - error to modify i.value++ to 32
06:12:01.330 [main] ERROR fr.inria.astor.approaches.figra.ExpressionReplaceOperator - Replacement does not work for  modify i to i
06:12:11.724 [main] ERROR fr.inria.astor.approaches.figra.ExpressionReplaceOperator - Replacement does not work for  modify scanner.next().toCharArray() to scanner.next().toCharArray()
06:12:32.305 [main] ERROR fr.inria.astor.approaches.figra.ExpressionReplaceOperator - Replacement does not work for  modify "Check sum is %c\n" to "Check sum is %c\n"
06:12:42.583 [main] ERROR fr.inria.astor.approaches.figra.ExpressionReplaceOperator - Replacement does not work for  modify checksum_summation to checksum_summation
06:13:03.123 [main] ERROR fr.inria.astor.approaches.figra.ExpressionReplaceOperator - Replacement does not work for  modify scanner to scanner
06:13:55.170 [main] ERROR fr.inria.astor.approaches.figra.ExpressionReplaceOperator - Replacement does not work for  modify 100000 to 100000
06:14:25.892 [main] ERROR main - Error reading the validation process
 output: 
America/Los_Angeles
Picked up JAVA_TOOL_OPTIONS: -Dfile.encoding=UTF8 -Duser.language=en-US -Duser.country=US -Duser.language=en
Picked up _JAVA_OPTIONS: -Xmx512m -Xms256m
#
# A fatal error has been detected by the Java Runtime Environment:
#
#  SIGSEGV (0xb) at pc=0x00007ffff6928445, pid=45614, tid=140732860843776
#
# JRE version: Java(TM) SE Runtime Environment (7.0_80-b15) (build 1.7.0_80-b15)
# Java VM: Java HotSpot(TM) 64-Bit Server VM (24.80-b11 mixed mode linux-amd64 compressed oops)
# Problematic frame:
# V  [libjvm.so+0x3ca445]  PhaseChaitin::gather_lrg_masks(bool)+0x465
#
# Core dump written. Default location: /users2/cpca56132020/moliveira/folders/Figra_IntroClassJava_checksum-08c7ea4ac39aa6a5ab206393bb4412de9d2c365ecdda9c1b391be963c1811014ed23d2722d7433b8e8a95305eee314d39da4950f31e01f9147f90af91a5c433a-010/Figra_IntroClassJava_checksum_08c7ea4ac39aa6a5ab206393bb4412de9d2c365ecdda9c1b391be963c1811014ed23d2722d7433b8e8a95305eee314d39da4950f31e01f9147f90af91a5c433a-010/core or core.45614
#
# An error report file with more information is saved as:
# /users2/cpca56132020/moliveira/folders/Figra_IntroClassJava_checksum-08c7ea4ac39aa6a5ab206393bb4412de9d2c365ecdda9c1b391be963c1811014ed23d2722d7433b8e8a95305eee314d39da4950f31e01f9147f90af91a5c433a-010/Figra_IntroClassJava_checksum_08c7ea4ac39aa6a5ab206393bb4412de9d2c365ecdda9c1b391be963c1811014ed23d2722d7433b8e8a95305eee314d39da4950f31e01f9147f90af91a5c433a-010/hs_err_pid45614.log
#
# If you would like to submit a bug report, please visit:
#   http://bugreport.java.com/bugreport/crash.jsp
#
/bin/bash: line 4: 45614 Aborted                 (core dumped) /users2/cpca56132020/moliveira/jdk1.7.0_80/bin//java -Xmx2048m -Dmutnumber_0=null -cp /users2/cpca56132020/moliveira/folders/Figra_IntroClassJava_checksum-08c7ea4ac39aa6a5ab206393bb4412de9d2c365ecdda9c1b391be963c1811014ed23d2722d7433b8e8a95305eee314d39da4950f31e01f9147f90af91a5c433a-010/Figra_IntroClassJava_checksum_08c7ea4ac39aa6a5ab206393bb4412de9d2c365ecdda9c1b391be963c1811014ed23d2722d7433b8e8a95305eee314d39da4950f31e01f9147f90af91a5c433a-010/./lib/jtestex7.jar:"/users2/cpca56132020/moliveira/folders/Figra_IntroClassJava_checksum-08c7ea4ac39aa6a5ab206393bb4412de9d2c365ecdda9c1b391be963c1811014ed23d2722d7433b8e8a95305eee314d39da4950f31e01f9147f90af91a5c433a-010/Figra_IntroClassJava_checksum_08c7ea4ac39aa6a5ab206393bb4412de9d2c365ecdda9c1b391be963c1811014ed23d2722d7433b8e8a95305eee314d39da4950f31e01f9147f90af91a5c433a-010/./lib/com.gzoltar-0.1.1-jar-with-dependencies.jar":"/users2/cpca56132020/moliveira/folders/Figra_IntroClassJava_checksum-08c7ea4ac39aa6a5ab206393bb4412de9d2c365ecdda9c1b391be963c1811014ed23d2722d7433b8e8a95305eee314d39da4950f31e01f9147f90af91a5c433a-010/Figra_IntroClassJava_checksum_08c7ea4ac39aa6a5ab206393bb4412de9d2c365ecdda9c1b391be963c1811014ed23d2722d7433b8e8a95305eee314d39da4950f31e01f9147f90af91a5c433a-010/./output_astor/AstorMain-checksum-08c7ea4ac39aa6a5ab206393bb4412de9d2c365ecdda9c1b391be963c1811014ed23d2722d7433b8e8a95305eee314d39da4950f31e01f9147f90af91a5c433a-010/bin/variant-64/":"/users2/cpca56132020/moliveira/.m2/repository/junit/junit/4.11/junit-4.11.jar":"/users2/cpca56132020/moliveira/.m2/repository/org/hamcrest/hamcrest-core/1.3/hamcrest-core-1.3.jar":"/users2/cpca56132020/moliveira/folders/Figra_IntroClassJava_checksum-08c7ea4ac39aa6a5ab206393bb4412de9d2c365ecdda9c1b391be963c1811014ed23d2722d7433b8e8a95305eee314d39da4950f31e01f9147f90af91a5c433a-010/Figra_IntroClassJava_checksum_08c7ea4ac39aa6a5ab206393bb4412de9d2c365ecdda9c1b391be963c1811014ed23d2722d7433b8e8a95305eee314d39da4950f31e01f9147f90af91a5c433a-010/./output_astor/AstorMain-checksum-08c7ea4ac39aa6a5ab206393bb4412de9d2c365ecdda9c1b391be963c1811014ed23d2722d7433b8e8a95305eee314d39da4950f31e01f9147f90af91a5c433a-010/bin/default/":"/users2/cpca56132020/moliveira/RepairThemAll/script/../libs/jtestex7.jar":"/users2/cpca56132020/moliveira/RepairThemAll/script/../repair_tools/astor.jar": fr.inria.astor.core.validation.junit.JUnitNologExternalExecutor introclassJava.checksum_08c7ea4a_010BlackboxTest introclassJava.checksum_08c7ea4a_010WhiteboxTest

06:14:38.160 [main] ERROR fr.inria.astor.approaches.figra.ExpressionReplaceOperator - Replacement does not work for  modify "Enter an abitrarily long string, ending with carriage return > " to "Enter an abitrarily long string, ending with carriage return > "
06:15:46.897 [main] ERROR fr.inria.astor.approaches.figra.ExpressionReplaceOperator - Replacement does not work for  modify checksum_summation to checksum_summation
06:15:57.345 [main] ERROR fr.inria.astor.approaches.figra.ExpressionReplaceOperator - Replacement does not work for  modify new introclassJava.IntObj() to new introclassJava.IntObj()
06:17:20.330 [main] ERROR fr.inria.astor.approaches.figra.ExpressionReplaceOperator - Replacement does not work for  modify string to string
06:17:48.236 [main] ERROR fr.inria.astor.approaches.figra.ExpressionReplaceOperator - Replacement does not work for  modify 0 to 0
06:17:58.584 [main] ERROR fr.inria.astor.approaches.figra.ExpressionReplaceOperator - Replacement does not work for  modify string to string
06:18:49.663 [main] ERROR fr.inria.astor.approaches.figra.ExpressionReplaceOperator - Replacement does not work for  modify scanner.next() to scanner.next()
06:19:00.025 [main] ERROR fr.inria.astor.approaches.figra.ExpressionReplaceOperator - Replacement does not work for  modify checksumchar to checksumchar
06:19:10.130 [main] ERROR fr.inria.astor.approaches.figra.ExpressionReplaceOperator - Replacement does not work for  modify stringlength to stringlength
06:19:20.304 [main] ERROR fr.inria.astor.approaches.figra.ExpressionReplaceOperator - Replacement does not work for  modify new introclassJava.CharObj() to new introclassJava.CharObj()
06:19:41.166 [main] ERROR fr.inria.astor.approaches.figra.ExpressionReplaceOperator - Replacement does not work for  modify 0 to 0
06:19:51.364 [main] ERROR fr.inria.astor.approaches.figra.ExpressionReplaceOperator - Replacement does not work for  modify checksumchar to checksumchar
06:20:01.661 [main] ERROR fr.inria.astor.approaches.figra.ExpressionReplaceOperator - Replacement does not work for  modify 32 to 32
06:20:22.451 [main] ERROR fr.inria.astor.approaches.figra.ExpressionReplaceOperator - Replacement does not work for  modify checksum_summation to checksum_summation
06:21:13.458 [main] ERROR fr.inria.astor.approaches.figra.ExpressionReplaceOperator - Replacement does not work for  modify checksum_summation to checksum_summation
06:24:25.053 [main] ERROR fr.inria.astor.approaches.figra.ExpressionReplaceOperator - Replacement does not work for  modify stringlength to stringlength
Astor Output:

General stats:
EXECUTION_IDENTIFIER=checksum-08c7ea4ac39aa6a5ab206393bb4412de9d2c365ecdda9c1b391be963c1811014ed23d2722d7433b8e8a95305eee314d39da4950f31e01f9147f90af91a5c433a-010
TOTAL_TIME=7200.125
NR_GENERATIONS=137
NR_RIGHT_COMPILATIONS=115
NR_FAILLING_COMPILATIONS=22
NR_ERRONEOUS_VARIANCES=null
NR_FAILING_VALIDATION_PROCESS=null
OUTPUT_STATUS=TIME_OUT

Patch stats:


real	120m11.283s
user	106m2.845s
sys	0m11.304s
\n\nNode: hpc063.ncg.ingrid.pt\n
\n\nDate: Tue Apr 13 08:10:54 EDT 2021\n
