cd /users2/cpca56132020/moliveira/folders/Figra_QUIXBUGS_QUICKSORT/Figra_QuixBugs_QUICKSORT_;
export JAVA_TOOL_OPTIONS="-Dfile.encoding=UTF8 -Duser.language=en-US -Duser.country=US -Duser.language=en";
TZ="America/New_York"; export TZ;
export PATH="/users2/cpca56132020/moliveira/deps/jdk-8/bin:$PATH";
export JAVA_HOME="/users2/cpca56132020/moliveira/deps/jdk-8/bin";
time java -Xmx4g -Xms1g -cp /users2/cpca56132020/moliveira/RepairThemAll/script/../libs/jtestex7.jar:/users2/cpca56132020/moliveira/RepairThemAll/script/../repair_tools/astor.jar fr.inria.main.evolution.AstorMain \
	-mode figra \
	-location . \
	-id QUICKSORT- \
	-failing java_testcases.junit.QUICKSORT_Test \
	-jvm4testexecution /users2/cpca56132020/moliveira/deps/jdk-8/bin \
	-jvm4evosuitetestexecution /users2/cpca56132020/moliveira/deps/jdk-8/bin \
	-maxgen 1000000 \
	-maxtime 120 \
	-stopfirst false \
	-seed 28 \
	-scope package \
	-population 1 \
	-javacompliancelevel 8 \
	-srcjavafolder src/main/java \
	-srctestfolder src/test/java \
	-binjavafolder target/classes \
	-bintestfolder target/test-classes \
	-parameters x:x:maxCombinationVariableLimit:true:maxVarCombination:1000 \
	-dependencies /users2/cpca56132020/moliveira/.m2/repository/junit/junit/4.11/junit-4.11.jar:/users2/cpca56132020/moliveira/.m2/repository/org/hamcrest/hamcrest-core/1.3/hamcrest-core-1.3.jar;
	echo "\n\nNode: `hostname`\n";
	echo "\n\nDate: `date`\n";
Picked up JAVA_TOOL_OPTIONS: -Dfile.encoding=UTF8 -Duser.language=en-US -Duser.country=US -Duser.language=en
11:48:26.635 [main] ERROR fr.inria.astor.approaches.figra.ExpressionReplaceOperator - Replacement does not work for  modify java_programs.QUICKSORT.quicksort(greater) to java_programs.QUICKSORT.quicksort(greater)
11:48:29.775 [main] ERROR fr.inria.astor.approaches.figra.ExpressionReplaceOperator - Replacement does not work for  modify java_programs.QUICKSORT.quicksort(lesser) to java_programs.QUICKSORT.quicksort(lesser)
11:48:31.812 [main] ERROR fr.inria.astor.approaches.figra.ExpressionReplaceOperator - Replacement does not work for  modify greater to greater
11:48:32.109 [main] ERROR fr.inria.astor.approaches.figra.ExpressionReplaceOperator - Replacement does not work for  modify pivot to pivot
11:48:33.259 [main] ERROR fr.inria.astor.approaches.figra.ExpressionReplaceOperator - Replacement does not work for  modify x > pivot to x > pivot
11:48:34.165 [main] ERROR fr.inria.astor.approaches.figra.ExpressionReplaceOperator - Replacement does not work for  modify middle to middle
11:48:34.436 [main] ERROR fr.inria.astor.approaches.figra.ExpressionReplaceOperator - Replacement does not work for  modify middle.add(pivot) to middle.add(pivot)
11:48:36.739 [main] ERROR fr.inria.astor.approaches.figra.ExpressionReplaceOperator - Replacement does not work for  modify arr to arr
11:48:38.903 [main] ERROR fr.inria.astor.approaches.figra.ExpressionReplaceOperator - Replacement does not work for  modify arr.get(0) to arr.get(0)
11:48:40.759 [main] ERROR fr.inria.astor.approaches.figra.ExpressionReplaceOperator - Replacement does not work for  modify x to x
11:48:41.957 [main] ERROR fr.inria.astor.approaches.figra.ExpressionReplaceOperator - Replacement does not work for  modify middle to middle
11:48:42.335 [main] ERROR fr.inria.astor.approaches.figra.ExpressionReplaceOperator - Replacement does not work for  modify arr.isEmpty() to arr.isEmpty()
11:48:43.991 [main] ERROR fr.inria.astor.approaches.figra.ExpressionReplaceOperator - Replacement does not work for  modify x to x
11:48:47.162 [main] ERROR fr.inria.astor.approaches.figra.ExpressionReplaceOperator - Replacement does not work for  modify pivot to pivot
11:48:48.160 [main] ERROR fr.inria.astor.approaches.figra.ExpressionReplaceOperator - Replacement does not work for  modify arr to arr
11:48:51.676 [main] ERROR fr.inria.astor.approaches.figra.ExpressionReplaceOperator - Replacement does not work for  modify arr.size() to arr.size()
11:48:51.958 [main] ERROR fr.inria.astor.approaches.figra.ExpressionReplaceOperator - Replacement does not work for  modify greater.add(x) to greater.add(x)
11:48:52.553 [main] ERROR fr.inria.astor.approaches.figra.ExpressionReplaceOperator - Replacement does not work for  modify new java.util.ArrayList<java.lang.Integer>() to new java.util.ArrayList<java.lang.Integer>()
11:48:53.310 [main] ERROR fr.inria.astor.approaches.figra.ExpressionReplaceOperator - Replacement does not work for  modify lesser to lesser
11:48:53.544 [main] ERROR fr.inria.astor.approaches.figra.ExpressionReplaceOperator - Replacement does not work for  modify new java.util.ArrayList<java.lang.Integer>() to new java.util.ArrayList<java.lang.Integer>()
11:48:53.866 [main] ERROR fr.inria.astor.approaches.figra.ExpressionReplaceOperator - Replacement does not work for  modify arr to arr
11:48:55.074 [main] ERROR fr.inria.astor.approaches.figra.ExpressionReplaceOperator - Replacement does not work for  modify 1 to 1
11:48:55.627 [main] ERROR fr.inria.astor.approaches.figra.ExpressionReplaceOperator - Replacement does not work for  modify 0 to 0
11:49:06.923 [main] ERROR fr.inria.astor.approaches.figra.ExpressionReplaceOperator - Replacement does not work for  modify greater to greater
11:49:10.050 [main] ERROR fr.inria.astor.approaches.figra.ExpressionReplaceOperator - Replacement does not work for  modify lesser to lesser
11:49:11.667 [main] ERROR fr.inria.astor.approaches.figra.ExpressionReplaceOperator - Replacement does not work for  modify lesser to lesser
11:49:13.084 [main] ERROR fr.inria.astor.approaches.figra.ExpressionReplaceOperator - Replacement does not work for  modify x to x
11:49:18.484 [main] ERROR fr.inria.astor.approaches.figra.ExpressionReplaceOperator - Replacement does not work for  modify arr.subList(1, arr.size()) to arr.subList(1, arr.size())
11:49:18.847 [main] ERROR fr.inria.astor.approaches.figra.ExpressionReplaceOperator - Replacement does not work for  modify new java.util.ArrayList<java.lang.Integer>() to new java.util.ArrayList<java.lang.Integer>()
11:49:24.059 [main] ERROR fr.inria.astor.approaches.figra.ExpressionReplaceOperator - Replacement does not work for  modify middle.addAll(greater) to middle.addAll(greater)
11:49:25.736 [main] ERROR fr.inria.astor.approaches.figra.ExpressionReplaceOperator - Replacement does not work for  modify new java.util.ArrayList<java.lang.Integer>() to new java.util.ArrayList<java.lang.Integer>()
11:49:26.662 [main] ERROR fr.inria.astor.approaches.figra.ExpressionReplaceOperator - Replacement does not work for  modify pivot to pivot
11:49:30.571 [main] ERROR fr.inria.astor.approaches.figra.ExpressionReplaceOperator - Replacement does not work for  modify x to x
11:49:43.346 [main] ERROR fr.inria.astor.approaches.figra.ExpressionReplaceOperator - Replacement does not work for  modify lesser.add(x) to lesser.add(x)
11:49:45.938 [main] ERROR fr.inria.astor.approaches.figra.ExpressionReplaceOperator - Replacement does not work for  modify lesser to lesser
11:49:49.932 [main] ERROR fr.inria.astor.approaches.figra.ExpressionReplaceOperator - Replacement does not work for  modify greater to greater
11:49:53.265 [main] ERROR fr.inria.astor.approaches.figra.ExpressionReplaceOperator - Replacement does not work for  modify middle to middle
11:50:15.116 [main] ERROR fr.inria.astor.approaches.figra.ExpressionReplaceOperator - Replacement does not work for  modify x < pivot to x < pivot
11:50:31.878 [main] ERROR fr.inria.astor.approaches.figra.ExpressionReplaceOperator - Replacement does not work for  modify lesser.addAll(middle) to lesser.addAll(middle)
Astor Output:

General stats:
EXECUTION_IDENTIFIER=QUICKSORT-
TOTAL_TIME=7200.028
NR_GENERATIONS=446
NR_RIGHT_COMPILATIONS=342
NR_FAILLING_COMPILATIONS=104
NR_ERRONEOUS_VARIANCES=null
NR_FAILING_VALIDATION_PROCESS=null
OUTPUT_STATUS=TIME_OUT

Patch stats:

Patch 1
VARIANT_ID=138
TIME=20
VALIDATION=|true|0|13|[]|
GENERATION=69
FOLDER_SOLUTION_CODE=/users2/cpca56132020/moliveira/folders/Figra_QUIXBUGS_QUICKSORT/Figra_QuixBugs_QUICKSORT_/./output_astor/AstorMain-QUICKSORT-//src//variant-138
--Patch Hunk #1
OPERATOR=ExpressionReplaceOperator

LOCATION=java_programs.QUICKSORT

PATH=/users2/cpca56132020/moliveira/folders/Figra_QUIXBUGS_QUICKSORT/Figra_QuixBugs_QUICKSORT_/src/main/java/QUICKSORT.java

MODIFIED_FILE_PATH=/users2/cpca56132020/moliveira/folders/Figra_QUIXBUGS_QUICKSORT/Figra_QuixBugs_QUICKSORT_/./output_astor/AstorMain-QUICKSORT-//src//variant-138/java_programs/QUICKSORT.java

LINE=24

SUSPICIOUNESS=0.277

MP_RANKING=20

ORIGINAL_CODE=x < pivot

BUGGY_CODE_TYPE=CtBinaryOperatorImpl|CtIfImpl

PATCH_HUNK_CODE=x <= pivot

PATCH_HUNK_TYPE=CtBinaryOperatorImpl|CtIfImpl

INGREDIENT_SCOPE=-

INGREDIENT_PARENT=x <= pivot

PATCH_DIFF_ORIG=--- /users2/cpca56132020/moliveira/folders/Figra_QUIXBUGS_QUICKSORT/Figra_QuixBugs_QUICKSORT_/src/main/java/QUICKSORTjava
+++ /users2/cpca56132020/moliveira/folders/Figra_QUIXBUGS_QUICKSORT/Figra_QuixBugs_QUICKSORT_/src/main/java/QUICKSORTjava
@@ -24 +24 @@
-			if (x < pivot) {
+			if (x <= pivot) {



Patch 2
VARIANT_ID=298
TIME=51
VALIDATION=|true|0|13|[]|
GENERATION=149
FOLDER_SOLUTION_CODE=/users2/cpca56132020/moliveira/folders/Figra_QUIXBUGS_QUICKSORT/Figra_QuixBugs_QUICKSORT_/./output_astor/AstorMain-QUICKSORT-//src//variant-298
--Patch Hunk #1
OPERATOR=ExpressionReplaceOperator

LOCATION=java_programs.QUICKSORT

PATH=/users2/cpca56132020/moliveira/folders/Figra_QUIXBUGS_QUICKSORT/Figra_QuixBugs_QUICKSORT_/src/main/java/QUICKSORT.java

MODIFIED_FILE_PATH=/users2/cpca56132020/moliveira/folders/Figra_QUIXBUGS_QUICKSORT/Figra_QuixBugs_QUICKSORT_/./output_astor/AstorMain-QUICKSORT-//src//variant-298/java_programs/QUICKSORT.java

LINE=26

SUSPICIOUNESS=0.289

MP_RANKING=2

ORIGINAL_CODE=x > pivot

BUGGY_CODE_TYPE=CtBinaryOperatorImpl|CtIfImpl

PATCH_HUNK_CODE=!arr.isEmpty()

PATCH_HUNK_TYPE=CtUnaryOperatorImpl|CtIfImpl

INGREDIENT_SCOPE=-

INGREDIENT_PARENT=!arr.isEmpty()

PATCH_DIFF_ORIG=--- /users2/cpca56132020/moliveira/folders/Figra_QUIXBUGS_QUICKSORT/Figra_QuixBugs_QUICKSORT_/src/main/java/QUICKSORTjava
+++ /users2/cpca56132020/moliveira/folders/Figra_QUIXBUGS_QUICKSORT/Figra_QuixBugs_QUICKSORT_/src/main/java/QUICKSORTjava
@@ -26 +26 @@
-			} else if (x > pivot) {
+			} else if (!arr.isEmpty()) {



Patch 3
VARIANT_ID=362
TIME=60
VALIDATION=|true|0|13|[]|
GENERATION=181
FOLDER_SOLUTION_CODE=/users2/cpca56132020/moliveira/folders/Figra_QUIXBUGS_QUICKSORT/Figra_QuixBugs_QUICKSORT_/./output_astor/AstorMain-QUICKSORT-//src//variant-362
--Patch Hunk #1
OPERATOR=ExpressionReplaceOperator

LOCATION=java_programs.QUICKSORT

PATH=/users2/cpca56132020/moliveira/folders/Figra_QUIXBUGS_QUICKSORT/Figra_QuixBugs_QUICKSORT_/src/main/java/QUICKSORT.java

MODIFIED_FILE_PATH=/users2/cpca56132020/moliveira/folders/Figra_QUIXBUGS_QUICKSORT/Figra_QuixBugs_QUICKSORT_/./output_astor/AstorMain-QUICKSORT-//src//variant-362/java_programs/QUICKSORT.java

LINE=26

SUSPICIOUNESS=0.289

MP_RANKING=2

ORIGINAL_CODE=x > pivot

BUGGY_CODE_TYPE=CtBinaryOperatorImpl|CtIfImpl

PATCH_HUNK_CODE=x >= pivot

PATCH_HUNK_TYPE=CtBinaryOperatorImpl|CtIfImpl

INGREDIENT_SCOPE=-

INGREDIENT_PARENT=x >= pivot

PATCH_DIFF_ORIG=--- /users2/cpca56132020/moliveira/folders/Figra_QUIXBUGS_QUICKSORT/Figra_QuixBugs_QUICKSORT_/src/main/java/QUICKSORTjava
+++ /users2/cpca56132020/moliveira/folders/Figra_QUIXBUGS_QUICKSORT/Figra_QuixBugs_QUICKSORT_/src/main/java/QUICKSORTjava
@@ -26 +26 @@
-			} else if (x > pivot) {
+			} else if (x >= pivot) {



Patch 4
VARIANT_ID=432
TIME=78
VALIDATION=|true|0|13|[]|
GENERATION=216
FOLDER_SOLUTION_CODE=/users2/cpca56132020/moliveira/folders/Figra_QUIXBUGS_QUICKSORT/Figra_QuixBugs_QUICKSORT_/./output_astor/AstorMain-QUICKSORT-//src//variant-432
--Patch Hunk #1
OPERATOR=ExpressionReplaceOperator

LOCATION=java_programs.QUICKSORT

PATH=/users2/cpca56132020/moliveira/folders/Figra_QUIXBUGS_QUICKSORT/Figra_QuixBugs_QUICKSORT_/src/main/java/QUICKSORT.java

MODIFIED_FILE_PATH=/users2/cpca56132020/moliveira/folders/Figra_QUIXBUGS_QUICKSORT/Figra_QuixBugs_QUICKSORT_/./output_astor/AstorMain-QUICKSORT-//src//variant-432/java_programs/QUICKSORT.java

LINE=26

SUSPICIOUNESS=0.289

MP_RANKING=2

ORIGINAL_CODE=x > pivot

BUGGY_CODE_TYPE=CtBinaryOperatorImpl|CtIfImpl

PATCH_HUNK_CODE=pivot <= x

PATCH_HUNK_TYPE=CtBinaryOperatorImpl|CtIfImpl

INGREDIENT_SCOPE=-

INGREDIENT_PARENT=_Integer_0 <= _Integer_1

PATCH_DIFF_ORIG=--- /users2/cpca56132020/moliveira/folders/Figra_QUIXBUGS_QUICKSORT/Figra_QuixBugs_QUICKSORT_/src/main/java/QUICKSORTjava
+++ /users2/cpca56132020/moliveira/folders/Figra_QUIXBUGS_QUICKSORT/Figra_QuixBugs_QUICKSORT_/src/main/java/QUICKSORTjava
@@ -26 +26 @@
-			} else if (x > pivot) {
+			} else if (pivot <= x) {



Patch 5
VARIANT_ID=484
TIME=86
VALIDATION=|true|0|13|[]|
GENERATION=242
FOLDER_SOLUTION_CODE=/users2/cpca56132020/moliveira/folders/Figra_QUIXBUGS_QUICKSORT/Figra_QuixBugs_QUICKSORT_/./output_astor/AstorMain-QUICKSORT-//src//variant-484
--Patch Hunk #1
OPERATOR=ExpressionReplaceOperator

LOCATION=java_programs.QUICKSORT

PATH=/users2/cpca56132020/moliveira/folders/Figra_QUIXBUGS_QUICKSORT/Figra_QuixBugs_QUICKSORT_/src/main/java/QUICKSORT.java

MODIFIED_FILE_PATH=/users2/cpca56132020/moliveira/folders/Figra_QUIXBUGS_QUICKSORT/Figra_QuixBugs_QUICKSORT_/./output_astor/AstorMain-QUICKSORT-//src//variant-484/java_programs/QUICKSORT.java

LINE=24

SUSPICIOUNESS=0.277

MP_RANKING=20

ORIGINAL_CODE=x < pivot

BUGGY_CODE_TYPE=CtBinaryOperatorImpl|CtIfImpl

PATCH_HUNK_CODE=pivot >= x

PATCH_HUNK_TYPE=CtBinaryOperatorImpl|CtIfImpl

INGREDIENT_SCOPE=-

INGREDIENT_PARENT=_Integer_0 >= _Integer_1

PATCH_DIFF_ORIG=--- /users2/cpca56132020/moliveira/folders/Figra_QUIXBUGS_QUICKSORT/Figra_QuixBugs_QUICKSORT_/src/main/java/QUICKSORTjava
+++ /users2/cpca56132020/moliveira/folders/Figra_QUIXBUGS_QUICKSORT/Figra_QuixBugs_QUICKSORT_/src/main/java/QUICKSORTjava
@@ -24 +24 @@
-			if (x < pivot) {
+			if (pivot >= x) {



Patch 6
VARIANT_ID=544
TIME=103
VALIDATION=|true|0|13|[]|
GENERATION=272
FOLDER_SOLUTION_CODE=/users2/cpca56132020/moliveira/folders/Figra_QUIXBUGS_QUICKSORT/Figra_QuixBugs_QUICKSORT_/./output_astor/AstorMain-QUICKSORT-//src//variant-544
--Patch Hunk #1
OPERATOR=ExpressionReplaceOperator

LOCATION=java_programs.QUICKSORT

PATH=/users2/cpca56132020/moliveira/folders/Figra_QUIXBUGS_QUICKSORT/Figra_QuixBugs_QUICKSORT_/src/main/java/QUICKSORT.java

MODIFIED_FILE_PATH=/users2/cpca56132020/moliveira/folders/Figra_QUIXBUGS_QUICKSORT/Figra_QuixBugs_QUICKSORT_/./output_astor/AstorMain-QUICKSORT-//src//variant-544/java_programs/QUICKSORT.java

LINE=26

SUSPICIOUNESS=0.289

MP_RANKING=2

ORIGINAL_CODE=x > pivot

BUGGY_CODE_TYPE=CtBinaryOperatorImpl|CtIfImpl

PATCH_HUNK_CODE=x >= x

PATCH_HUNK_TYPE=CtBinaryOperatorImpl|CtIfImpl

INGREDIENT_SCOPE=-

INGREDIENT_PARENT=_Integer_0 >= _Integer_1

PATCH_DIFF_ORIG=--- /users2/cpca56132020/moliveira/folders/Figra_QUIXBUGS_QUICKSORT/Figra_QuixBugs_QUICKSORT_/src/main/java/QUICKSORTjava
+++ /users2/cpca56132020/moliveira/folders/Figra_QUIXBUGS_QUICKSORT/Figra_QuixBugs_QUICKSORT_/src/main/java/QUICKSORTjava
@@ -26 +26 @@
-			} else if (x > pivot) {
+			} else if (x >= x) {



Patch 7
VARIANT_ID=566
TIME=105
VALIDATION=|true|0|13|[]|
GENERATION=283
FOLDER_SOLUTION_CODE=/users2/cpca56132020/moliveira/folders/Figra_QUIXBUGS_QUICKSORT/Figra_QuixBugs_QUICKSORT_/./output_astor/AstorMain-QUICKSORT-//src//variant-566
--Patch Hunk #1
OPERATOR=ExpressionReplaceOperator

LOCATION=java_programs.QUICKSORT

PATH=/users2/cpca56132020/moliveira/folders/Figra_QUIXBUGS_QUICKSORT/Figra_QuixBugs_QUICKSORT_/src/main/java/QUICKSORT.java

MODIFIED_FILE_PATH=/users2/cpca56132020/moliveira/folders/Figra_QUIXBUGS_QUICKSORT/Figra_QuixBugs_QUICKSORT_/./output_astor/AstorMain-QUICKSORT-//src//variant-566/java_programs/QUICKSORT.java

LINE=26

SUSPICIOUNESS=0.289

MP_RANKING=2

ORIGINAL_CODE=x > pivot

BUGGY_CODE_TYPE=CtBinaryOperatorImpl|CtIfImpl

PATCH_HUNK_CODE=x <= x

PATCH_HUNK_TYPE=CtBinaryOperatorImpl|CtIfImpl

INGREDIENT_SCOPE=-

INGREDIENT_PARENT=_Integer_0 <= _Integer_1

PATCH_DIFF_ORIG=--- /users2/cpca56132020/moliveira/folders/Figra_QUIXBUGS_QUICKSORT/Figra_QuixBugs_QUICKSORT_/src/main/java/QUICKSORTjava
+++ /users2/cpca56132020/moliveira/folders/Figra_QUIXBUGS_QUICKSORT/Figra_QuixBugs_QUICKSORT_/src/main/java/QUICKSORTjava
@@ -26 +26 @@
-			} else if (x > pivot) {
+			} else if (x <= x) {



Patch 8
VARIANT_ID=674
TIME=129
VALIDATION=|true|0|13|[]|
GENERATION=337
FOLDER_SOLUTION_CODE=/users2/cpca56132020/moliveira/folders/Figra_QUIXBUGS_QUICKSORT/Figra_QuixBugs_QUICKSORT_/./output_astor/AstorMain-QUICKSORT-//src//variant-674
--Patch Hunk #1
OPERATOR=ExpressionReplaceOperator

LOCATION=java_programs.QUICKSORT

PATH=/users2/cpca56132020/moliveira/folders/Figra_QUIXBUGS_QUICKSORT/Figra_QuixBugs_QUICKSORT_/src/main/java/QUICKSORT.java

MODIFIED_FILE_PATH=/users2/cpca56132020/moliveira/folders/Figra_QUIXBUGS_QUICKSORT/Figra_QuixBugs_QUICKSORT_/./output_astor/AstorMain-QUICKSORT-//src//variant-674/java_programs/QUICKSORT.java

LINE=26

SUSPICIOUNESS=0.289

MP_RANKING=2

ORIGINAL_CODE=x > pivot

BUGGY_CODE_TYPE=CtBinaryOperatorImpl|CtIfImpl

PATCH_HUNK_CODE=pivot >= pivot

PATCH_HUNK_TYPE=CtBinaryOperatorImpl|CtIfImpl

INGREDIENT_SCOPE=-

INGREDIENT_PARENT=_Integer_0 >= _Integer_1

PATCH_DIFF_ORIG=--- /users2/cpca56132020/moliveira/folders/Figra_QUIXBUGS_QUICKSORT/Figra_QuixBugs_QUICKSORT_/src/main/java/QUICKSORTjava
+++ /users2/cpca56132020/moliveira/folders/Figra_QUIXBUGS_QUICKSORT/Figra_QuixBugs_QUICKSORT_/src/main/java/QUICKSORTjava
@@ -26 +26 @@
-			} else if (x > pivot) {
+			} else if (pivot >= pivot) {



Patch 9
VARIANT_ID=756
TIME=160
VALIDATION=|true|0|13|[]|
GENERATION=378
FOLDER_SOLUTION_CODE=/users2/cpca56132020/moliveira/folders/Figra_QUIXBUGS_QUICKSORT/Figra_QuixBugs_QUICKSORT_/./output_astor/AstorMain-QUICKSORT-//src//variant-756
--Patch Hunk #1
OPERATOR=ExpressionReplaceOperator

LOCATION=java_programs.QUICKSORT

PATH=/users2/cpca56132020/moliveira/folders/Figra_QUIXBUGS_QUICKSORT/Figra_QuixBugs_QUICKSORT_/src/main/java/QUICKSORT.java

MODIFIED_FILE_PATH=/users2/cpca56132020/moliveira/folders/Figra_QUIXBUGS_QUICKSORT/Figra_QuixBugs_QUICKSORT_/./output_astor/AstorMain-QUICKSORT-//src//variant-756/java_programs/QUICKSORT.java

LINE=26

SUSPICIOUNESS=0.289

MP_RANKING=2

ORIGINAL_CODE=x > pivot

BUGGY_CODE_TYPE=CtBinaryOperatorImpl|CtIfImpl

PATCH_HUNK_CODE=x == x

PATCH_HUNK_TYPE=CtBinaryOperatorImpl|CtIfImpl

INGREDIENT_SCOPE=-

INGREDIENT_PARENT=_Integer_0 == _Integer_1

PATCH_DIFF_ORIG=--- /users2/cpca56132020/moliveira/folders/Figra_QUIXBUGS_QUICKSORT/Figra_QuixBugs_QUICKSORT_/src/main/java/QUICKSORTjava
+++ /users2/cpca56132020/moliveira/folders/Figra_QUIXBUGS_QUICKSORT/Figra_QuixBugs_QUICKSORT_/src/main/java/QUICKSORTjava
@@ -26 +26 @@
-			} else if (x > pivot) {
+			} else if (x == x) {



Patch 10
VARIANT_ID=758
TIME=160
VALIDATION=|true|0|13|[]|
GENERATION=379
FOLDER_SOLUTION_CODE=/users2/cpca56132020/moliveira/folders/Figra_QUIXBUGS_QUICKSORT/Figra_QuixBugs_QUICKSORT_/./output_astor/AstorMain-QUICKSORT-//src//variant-758
--Patch Hunk #1
OPERATOR=ExpressionReplaceOperator

LOCATION=java_programs.QUICKSORT

PATH=/users2/cpca56132020/moliveira/folders/Figra_QUIXBUGS_QUICKSORT/Figra_QuixBugs_QUICKSORT_/src/main/java/QUICKSORT.java

MODIFIED_FILE_PATH=/users2/cpca56132020/moliveira/folders/Figra_QUIXBUGS_QUICKSORT/Figra_QuixBugs_QUICKSORT_/./output_astor/AstorMain-QUICKSORT-//src//variant-758/java_programs/QUICKSORT.java

LINE=26

SUSPICIOUNESS=0.289

MP_RANKING=2

ORIGINAL_CODE=x > pivot

BUGGY_CODE_TYPE=CtBinaryOperatorImpl|CtIfImpl

PATCH_HUNK_CODE=pivot <= pivot

PATCH_HUNK_TYPE=CtBinaryOperatorImpl|CtIfImpl

INGREDIENT_SCOPE=-

INGREDIENT_PARENT=_Integer_0 <= _Integer_1

PATCH_DIFF_ORIG=--- /users2/cpca56132020/moliveira/folders/Figra_QUIXBUGS_QUICKSORT/Figra_QuixBugs_QUICKSORT_/src/main/java/QUICKSORTjava
+++ /users2/cpca56132020/moliveira/folders/Figra_QUIXBUGS_QUICKSORT/Figra_QuixBugs_QUICKSORT_/src/main/java/QUICKSORTjava
@@ -26 +26 @@
-			} else if (x > pivot) {
+			} else if (pivot <= pivot) {



Patch 11
VARIANT_ID=818
TIME=166
VALIDATION=|true|0|13|[]|
GENERATION=409
FOLDER_SOLUTION_CODE=/users2/cpca56132020/moliveira/folders/Figra_QUIXBUGS_QUICKSORT/Figra_QuixBugs_QUICKSORT_/./output_astor/AstorMain-QUICKSORT-//src//variant-818
--Patch Hunk #1
OPERATOR=ExpressionReplaceOperator

LOCATION=java_programs.QUICKSORT

PATH=/users2/cpca56132020/moliveira/folders/Figra_QUIXBUGS_QUICKSORT/Figra_QuixBugs_QUICKSORT_/src/main/java/QUICKSORT.java

MODIFIED_FILE_PATH=/users2/cpca56132020/moliveira/folders/Figra_QUIXBUGS_QUICKSORT/Figra_QuixBugs_QUICKSORT_/./output_astor/AstorMain-QUICKSORT-//src//variant-818/java_programs/QUICKSORT.java

LINE=26

SUSPICIOUNESS=0.289

MP_RANKING=2

ORIGINAL_CODE=x > pivot

BUGGY_CODE_TYPE=CtBinaryOperatorImpl|CtIfImpl

PATCH_HUNK_CODE=pivot == pivot

PATCH_HUNK_TYPE=CtBinaryOperatorImpl|CtIfImpl

INGREDIENT_SCOPE=-

INGREDIENT_PARENT=_Integer_0 == _Integer_1

PATCH_DIFF_ORIG=--- /users2/cpca56132020/moliveira/folders/Figra_QUIXBUGS_QUICKSORT/Figra_QuixBugs_QUICKSORT_/src/main/java/QUICKSORTjava
+++ /users2/cpca56132020/moliveira/folders/Figra_QUIXBUGS_QUICKSORT/Figra_QuixBugs_QUICKSORT_/src/main/java/QUICKSORTjava
@@ -26 +26 @@
-			} else if (x > pivot) {
+			} else if (pivot == pivot) {




real	120m6.630s
user	118m29.064s
sys	0m15.115s
\n\nNode: hpc060.ncg.ingrid.pt\n
\n\nDate: Thu Apr  1 13:48:25 EDT 2021\n
