cd /users2/cpca56132020/moliveira/folders/Cardumen_18_QUIXBUGS_GET_FACTORS/Cardumen_QuixBugs_GET_FACTORS_;
export JAVA_TOOL_OPTIONS="-Dfile.encoding=UTF8 -Duser.language=en-US -Duser.country=US -Duser.language=en";
TZ="America/New_York"; export TZ;
export PATH="/usr/lib/jvm/java-1.8.0-openjdk/bin:$PATH";
export JAVA_HOME="/usr/lib/jvm/java-1.8.0-openjdk/bin";
time java -Xmx4g -Xms1g -cp /users2/cpca56132020/moliveira/RepairThemAll/script/../libs/jtestex7.jar:/users2/cpca56132020/moliveira/RepairThemAll/script/../repair_tools/astor.jar fr.inria.main.evolution.AstorMain \
	-mode cardumen \
	-location . \
	-id GET_FACTORS- \
	-failing java_testcases.junit.GET_FACTORS_Test \
	-jvm4testexecution /usr/lib/jvm/java-1.8.0-openjdk/bin \
	-jvm4evosuitetestexecution /usr/lib/jvm/java-1.8.0-openjdk/bin \
	-maxgen 1000000 \
	-maxtime 120 \
	-stopfirst false \
	-seed 18 \
	-scope package \
	-population 1 \
	-javacompliancelevel 8 \
	-srcjavafolder src/main/java \
	-srctestfolder src/test/java \
	-binjavafolder target/classes \
	-bintestfolder target/test-classes \
	-parameters x:x:maxCombinationVariableLimit:true:maxVarCombination:1000 \
	-dependencies /users2/cpca56132020/moliveira/.m2/repository/junit/junit/4.11/junit-4.11.jar:/users2/cpca56132020/moliveira/.m2/repository/org/hamcrest/hamcrest-core/1.3/hamcrest-core-1.3.jar;
	echo "\n\nNode: `hostname`\n";
	echo "\n\nDate: `date`\n";
Picked up JAVA_TOOL_OPTIONS: -Dfile.encoding=UTF8 -Duser.language=en-US -Duser.country=US -Duser.language=en
13:54:23.954 [main] ERROR fr.inria.astor.approaches.cardumen.ExpressionReplaceOperator - Replacement does not work for  modify n == 1 to n == 1
13:54:25.503 [main] ERROR fr.inria.astor.approaches.cardumen.ExpressionReplaceOperator - Replacement does not work for  modify java.lang.Math.sqrt(n) to java.lang.Math.sqrt(n)
13:54:25.983 [main] ERROR fr.inria.astor.approaches.cardumen.ExpressionReplaceOperator - error to modify i++ to n / n
13:54:46.401 [main] ERROR fr.inria.astor.approaches.cardumen.ExpressionReplaceOperator - Replacement does not work for  modify new java.util.ArrayList<java.lang.Integer>(0) to new java.util.ArrayList<java.lang.Integer>(0)
13:55:20.411 [main] ERROR fr.inria.astor.approaches.cardumen.ExpressionReplaceOperator - Replacement does not work for  modify ((int) (java.lang.Math.sqrt(n) + 1.0)) to ((int) (java.lang.Math.sqrt(n) + 1.0))
13:56:56.422 [main] ERROR fr.inria.astor.approaches.cardumen.ExpressionReplaceOperator - Replacement does not work for  modify java_programs.GET_FACTORS.get_factors(n / i) to java_programs.GET_FACTORS.get_factors(n / i)
13:57:27.594 [main] ERROR fr.inria.astor.approaches.cardumen.ExpressionReplaceOperator - Replacement does not work for  modify n / i to n / i
13:58:53.663 [main] ERROR fr.inria.astor.approaches.cardumen.ExpressionReplaceOperator - Replacement does not work for  modify prepend.addAll(java_programs.GET_FACTORS.get_factors(n / i)) to prepend.addAll(java_programs.GET_FACTORS.get_factors(n / i))
13:59:16.845 [main] ERROR fr.inria.astor.approaches.cardumen.ExpressionReplaceOperator - Replacement does not work for  modify i++ to i++
14:00:09.422 [main] ERROR fr.inria.astor.approaches.cardumen.ExpressionReplaceOperator - Replacement does not work for  modify prepend.add(i) to prepend.add(i)
14:01:42.716 [main] ERROR fr.inria.astor.approaches.cardumen.ExpressionReplaceOperator - Replacement does not work for  modify new java.util.ArrayList<java.lang.Integer>() to new java.util.ArrayList<java.lang.Integer>()
14:03:30.358 [main] ERROR fr.inria.astor.approaches.cardumen.ExpressionReplaceOperator - Replacement does not work for  modify (n % i) == 0 to (n % i) == 0
14:08:17.765 [main] ERROR fr.inria.astor.approaches.cardumen.ExpressionReplaceOperator - Replacement does not work for  modify (n % i) to (n % i)
14:11:56.323 [main] ERROR fr.inria.astor.approaches.cardumen.ExpressionReplaceOperator - Replacement does not work for  modify i < max to i < max
Astor Output:

General stats:
EXECUTION_IDENTIFIER=GET_FACTORS-
TOTAL_TIME=7200.006
NR_GENERATIONS=163
NR_RIGHT_COMPILATIONS=162
NR_FAILLING_COMPILATIONS=1
NR_ERRONEOUS_VARIANCES=null
NR_FAILING_VALIDATION_PROCESS=null
OUTPUT_STATUS=TIME_OUT

Patch stats:


real	120m6.090s
user	96m39.283s
sys	0m5.404s
\n\nNode: hpc060.ncg.ingrid.pt\n
\n\nDate: Wed Apr  7 15:54:23 EDT 2021\n
