cd /tmp/Figra_IntroClassJava_smallest_346b1d3c1cdc3032d07222a8a5e0027a2abf95bb1697b9d367d7cca7db1af769d8298e232c56471a122f05e87e79f4bd965855c9c0f8b173ebc0ef5d0abebc7b-010;
export JAVA_TOOL_OPTIONS="-Dfile.encoding=UTF8 -Duser.language=en-US -Duser.country=US -Duser.language=en";
TZ="America/New_York"; export TZ;
export PATH="/usr/lib/jvm/java-1.8.0-openjdk-amd64/bin/:$PATH";
export JAVA_HOME="/usr/lib/jvm/java-1.8.0-openjdk-amd64/bin/";
time java -Xmx4g -Xms1g -cp /home/moliveira/Tese/RepairThemAll/script/../libs/jtestex7.jar:/home/moliveira/Tese/RepairThemAll/script/../repair_tools/astor.jar fr.inria.main.evolution.AstorMain \
	-mode figra \
	-location . \
	-id smallest-346b1d3c1cdc3032d07222a8a5e0027a2abf95bb1697b9d367d7cca7db1af769d8298e232c56471a122f05e87e79f4bd965855c9c0f8b173ebc0ef5d0abebc7b-010 \
	-failing introclassJava.smallest_346b1d3c_010BlackboxTest:introclassJava.smallest_346b1d3c_010WhiteboxTest \
	-jvm4testexecution /usr/lib/jvm/jdk1.7.0_80/bin/ \
	-jvm4evosuitetestexecution /usr/lib/jvm/jdk1.7.0_80/bin/ \
	-maxgen 1000000 \
	-maxtime 120 \
	-stopfirst true \
	-seed 28 \
	-scope package \
	-population 1 \
	-javacompliancelevel 7 \
	-srcjavafolder src/main/java \
	-srctestfolder src/test/java \
	-binjavafolder target/classes \
	-bintestfolder target/test-classes \
	-parameters x:x:maxCombinationVariableLimit:true:maxVarCombination:1000:maxCombinationVariableLimit:true:maxVarCombination:1000:maxCombinationVariableLimit:true:maxVarCombination:1000:maxCombinationVariableLimit:true:maxVarCombination:1000:maxCombinationVariableLimit:true:maxVarCombination:1000:maxCombinationVariableLimit:true:maxVarCombination:1000:maxCombinationVariableLimit:true:maxVarCombination:1000:maxCombinationVariableLimit:true:maxVarCombination:1000:maxCombinationVariableLimit:true:maxVarCombination:1000:maxCombinationVariableLimit:true:maxVarCombination:1000:maxCombinationVariableLimit:true:maxVarCombination:1000:maxCombinationVariableLimit:true:maxVarCombination:1000:maxCombinationVariableLimit:true:maxVarCombination:1000:maxCombinationVariableLimit:true:maxVarCombination:1000:maxCombinationVariableLimit:true:maxVarCombination:1000:maxCombinationVariableLimit:true:maxVarCombination:1000:maxCombinationVariableLimit:true:maxVarCombination:1000:maxCombinationVariableLimit:true:maxVarCombination:1000:maxCombinationVariableLimit:true:maxVarCombination:1000:maxCombinationVariableLimit:true:maxVarCombination:1000:maxCombinationVariableLimit:true:maxVarCombination:1000:maxCombinationVariableLimit:true:maxVarCombination:1000:maxCombinationVariableLimit:true:maxVarCombination:1000:maxCombinationVariableLimit:true:maxVarCombination:1000:maxCombinationVariableLimit:true:maxVarCombination:1000:maxCombinationVariableLimit:true:maxVarCombination:1000:maxCombinationVariableLimit:true:maxVarCombination:1000:maxCombinationVariableLimit:true:maxVarCombination:1000:maxCombinationVariableLimit:true:maxVarCombination:1000:maxCombinationVariableLimit:true:maxVarCombination:1000:maxCombinationVariableLimit:true:maxVarCombination:1000:maxCombinationVariableLimit:true:maxVarCombination:1000:maxCombinationVariableLimit:true:maxVarCombination:1000:maxCombinationVariableLimit:true:maxVarCombination:1000:maxCombinationVariableLimit:true:maxVarCombination:1000:maxCombinationVariableLimit:true:maxVarCombination:1000:maxCombinationVariableLimit:true:maxVarCombination:1000:maxCombinationVariableLimit:true:maxVarCombination:1000:maxCombinationVariableLimit:true:maxVarCombination:1000:maxCombinationVariableLimit:true:maxVarCombination:1000:maxCombinationVariableLimit:true:maxVarCombination:1000:maxCombinationVariableLimit:true:maxVarCombination:1000:maxCombinationVariableLimit:true:maxVarCombination:1000:maxCombinationVariableLimit:true:maxVarCombination:1000:maxCombinationVariableLimit:true:maxVarCombination:1000:maxCombinationVariableLimit:true:maxVarCombination:1000:maxCombinationVariableLimit:true:maxVarCombination:1000:maxCombinationVariableLimit:true:maxVarCombination:1000:maxCombinationVariableLimit:true:maxVarCombination:1000:maxCombinationVariableLimit:true:maxVarCombination:1000:maxCombinationVariableLimit:true:maxVarCombination:1000:maxCombinationVariableLimit:true:maxVarCombination:1000:maxCombinationVariableLimit:true:maxVarCombination:1000:maxCombinationVariableLimit:true:maxVarCombination:1000:maxCombinationVariableLimit:true:maxVarCombination:1000:maxCombinationVariableLimit:true:maxVarCombination:1000:maxCombinationVariableLimit:true:maxVarCombination:1000:maxCombinationVariableLimit:true:maxVarCombination:1000:maxCombinationVariableLimit:true:maxVarCombination:1000:maxCombinationVariableLimit:true:maxVarCombination:1000:maxCombinationVariableLimit:true:maxVarCombination:1000:maxCombinationVariableLimit:true:maxVarCombination:1000:maxCombinationVariableLimit:true:maxVarCombination:1000:maxCombinationVariableLimit:true:maxVarCombination:1000:maxCombinationVariableLimit:true:maxVarCombination:1000:maxCombinationVariableLimit:true:maxVarCombination:1000:maxCombinationVariableLimit:true:maxVarCombination:1000:maxCombinationVariableLimit:true:maxVarCombination:1000:maxCombinationVariableLimit:true:maxVarCombination:1000:maxCombinationVariableLimit:true:maxVarCombination:1000:maxCombinationVariableLimit:true:maxVarCombination:1000:maxCombinationVariableLimit:true:maxVarCombination:1000:maxCombinationVariableLimit:true:maxVarCombination:1000:maxCombinationVariableLimit:true:maxVarCombination:1000:maxCombinationVariableLimit:true:maxVarCombination:1000:maxCombinationVariableLimit:true:maxVarCombination:1000 \
	-dependencies /home/moliveira/.m2/repository/junit/junit/4.11/junit-4.11.jar:/home/moliveira/.m2/repository/org/hamcrest/hamcrest-core/1.3/hamcrest-core-1.3.jar;
	echo "\n\nNode: `hostname`\n";
	echo "\n\nDate: `date`\n";
Picked up JAVA_TOOL_OPTIONS: -Dfile.encoding=UTF8 -Duser.language=en-US -Duser.country=US -Duser.language=en
18:51:18.853 [main] ERROR fr.inria.astor.approaches.figra.ExpressionReplaceOperator - Replacement does not work for  modify scanner to scanner
18:51:22.016 [main] ERROR fr.inria.astor.approaches.figra.ExpressionReplaceOperator - Replacement does not work for  modify scanner.nextInt() to scanner.nextInt()
Astor Output:

General stats:
EXECUTION_IDENTIFIER=smallest-346b1d3c1cdc3032d07222a8a5e0027a2abf95bb1697b9d367d7cca7db1af769d8298e232c56471a122f05e87e79f4bd965855c9c0f8b173ebc0ef5d0abebc7b-010
TOTAL_TIME=6.882
NR_GENERATIONS=21
NR_RIGHT_COMPILATIONS=20
NR_FAILLING_COMPILATIONS=1
NR_ERRONEOUS_VARIANCES=null
NR_FAILING_VALIDATION_PROCESS=null
OUTPUT_STATUS=STOP_BY_PATCH_FOUND

Patch stats:

Patch 1
VARIANT_ID=42
TIME=6
VALIDATION=|true|0|16|[]|
GENERATION=21
FOLDER_SOLUTION_CODE=/tmp/Figra_IntroClassJava_smallest_346b1d3c1cdc3032d07222a8a5e0027a2abf95bb1697b9d367d7cca7db1af769d8298e232c56471a122f05e87e79f4bd965855c9c0f8b173ebc0ef5d0abebc7b-010/./output_astor/AstorMain-smallest-346b1d3c1cdc3032d07222a8a5e0027a2abf95bb1697b9d367d7cca7db1af769d8298e232c56471a122f05e87e79f4bd965855c9c0f8b173ebc0ef5d0abebc7b-010//src//variant-42
--Patch Hunk #1
OPERATOR=ExpressionReplaceOperator

LOCATION=introclassJava.smallest_346b1d3c_010

PATH=/tmp/Figra_IntroClassJava_smallest_346b1d3c1cdc3032d07222a8a5e0027a2abf95bb1697b9d367d7cca7db1af769d8298e232c56471a122f05e87e79f4bd965855c9c0f8b173ebc0ef5d0abebc7b-010/src/main/java/introclassJava/smallest_346b1d3c_010.java

MODIFIED_FILE_PATH=/tmp/Figra_IntroClassJava_smallest_346b1d3c1cdc3032d07222a8a5e0027a2abf95bb1697b9d367d7cca7db1af769d8298e232c56471a122f05e87e79f4bd965855c9c0f8b173ebc0ef5d0abebc7b-010/./output_astor/AstorMain-smallest-346b1d3c1cdc3032d07222a8a5e0027a2abf95bb1697b9d367d7cca7db1af769d8298e232c56471a122f05e87e79f4bd965855c9c0f8b173ebc0ef5d0abebc7b-010//src//variant-42/introclassJava/smallest_346b1d3c_010.java

LINE=78

SUSPICIOUNESS=1

MP_RANKING=0

ORIGINAL_CODE="%d is the smalles\n"

BUGGY_CODE_TYPE=CtLiteralImpl|CtInvocationImpl

PATCH_HUNK_CODE="%d is the smallest\n"

PATCH_HUNK_TYPE=CtLiteralImpl|CtInvocationImpl

INGREDIENT_SCOPE=-

INGREDIENT_PARENT="%d is the smallest\n"

PATCH_DIFF_ORIG=--- /tmp/Figra_IntroClassJava_smallest_346b1d3c1cdc3032d07222a8a5e0027a2abf95bb1697b9d367d7cca7db1af769d8298e232c56471a122f05e87e79f4bd965855c9c0f8b173ebc0ef5d0abebc7b-010/src/main/java/introclassJava/smallest_346b1d3c_010java
+++ /tmp/Figra_IntroClassJava_smallest_346b1d3c1cdc3032d07222a8a5e0027a2abf95bb1697b9d367d7cca7db1af769d8298e232c56471a122f05e87e79f4bd965855c9c0f8b173ebc0ef5d0abebc7b-010/src/main/java/introclassJava/smallest_346b1d3c_010java
@@ -78 +78 @@
-			output += java.lang.String.format("%d is the smalles\n", b.value);
+			output += java.lang.String.format("%d is the smallest\n", b.value);



32.56user 2.75system 0:14.09elapsed 250%CPU (0avgtext+0avgdata 720220maxresident)k
0inputs+8816outputs (0major+489034minor)pagefaults 0swaps


Node: franklin



Date: sex 16 abr 2021 18:51:23 EDT

