cd /users2/cpca56132020/moliveira/folders/Nopol_QUIXBUGS_POSSIBLE_CHANGE/Nopol_QuixBugs_POSSIBLE_CHANGE_;
export JAVA_TOOL_OPTIONS="-Dfile.encoding=UTF8 -Duser.language=en-US -Duser.country=US -Duser.language=en";
TZ="America/New_York"; export TZ;
export PATH="/usr/lib/jvm/java-1.8.0-openjdk/bin:$PATH";
export JAVA_HOME="/usr/lib/jvm/java-1.8.0-openjdk/bin";
time java -Xmx4g -Xms1g -cp /users2/cpca56132020/moliveira/RepairThemAll/script/../repair_tools/nopol.jar:/usr/lib/jvm/java-1.8.0-openjdk/bin/../lib/tools.jar fr.inria.lille.repair.Main \
	--mode repair \
	--type pre_then_cond \
	--oracle angelic \
	--synthesis smt \
	--flocal gzoltar \
	--json \
	--solver z3 \
	--solver-path /users2/cpca56132020/moliveira/RepairThemAll/script/../libs/z3/build/z3 \
	--complianceLevel 8 \
	--source src/main/java \
	--classpath "target/classes:target/test-classes:/users2/cpca56132020/moliveira/.m2/repository/junit/junit/4.11/junit-4.11.jar:/users2/cpca56132020/moliveira/.m2/repository/org/hamcrest/hamcrest-core/1.3/hamcrest-core-1.3.jar:/users2/cpca56132020/moliveira/RepairThemAll/script/../repair_tools/nopol.jar";
	echo "\n\nNode: `hostname`\n";
	echo "\n\nDate: `date`\n";
Picked up JAVA_TOOL_OPTIONS: -Dfile.encoding=UTF8 -Duser.language=en-US -Duser.country=US -Duser.language=en
10:00:45.092 [main] INFO  fr.inria.lille.repair.nopol.NoPol - Source files: [src/main/java]
10:00:45.094 [main] INFO  fr.inria.lille.repair.nopol.NoPol - Classpath: [file:/users2/cpca56132020/moliveira/folders/Nopol_QUIXBUGS_POSSIBLE_CHANGE/Nopol_QuixBugs_POSSIBLE_CHANGE_/target/classes/, file:/users2/cpca56132020/moliveira/folders/Nopol_QUIXBUGS_POSSIBLE_CHANGE/Nopol_QuixBugs_POSSIBLE_CHANGE_/target/test-classes/, file:/users2/cpca56132020/moliveira/.m2/repository/junit/junit/4.11/junit-4.11.jar, file:/users2/cpca56132020/moliveira/.m2/repository/org/hamcrest/hamcrest-core/1.3/hamcrest-core-1.3.jar, file:/users2/cpca56132020/moliveira/RepairThemAll/script/../repair_tools/nopol.jar]
10:00:45.094 [main] INFO  fr.inria.lille.repair.nopol.NoPol - Statement type: PRE_THEN_COND
10:00:45.095 [main] INFO  fr.inria.lille.repair.nopol.NoPol - Args: [java_testcases.junit.POSSIBLE_CHANGE_Test]
10:00:45.097 [main] INFO  fr.inria.lille.repair.nopol.NoPol - Config: Config{synthesisDepth=3, collectStaticMethods=true, collectStaticFields=false, collectLiterals=false, onlyOneSynthesisResult=true, sortExpressions=true, maxLineInvocationPerTest=250, timeoutMethodInvocation=2000, dataCollectionTimeoutInSecondForSynthesis=900, addWeight=0.19478, subWeight=0.04554, mulWeight=0.0102, divWeight=0.00613, andWeight=0.10597, orWeight=0.05708, eqWeight=0.22798, nEqWeight=0.0, lessEqWeight=0.0255, lessWeight=0.0947, methodCallWeight=0.1, fieldAccessWeight=0.08099, constantWeight=0.14232, variableWeight=0.05195, mode=REPAIR, type=PRE_THEN_COND, synthesis=SMT, oracle=ANGELIC, solver=Z3, solverPath='/users2/cpca56132020/moliveira/RepairThemAll/script/../libs/z3/build/z3', projectSources=[src/main/java], projectClasspath='[Ljava.net.URL;@16c0663d', projectTests=[java_testcases.junit.POSSIBLE_CHANGE_Test], complianceLevel=8, outputFolder=., json=true}
10:00:45.098 [main] INFO  fr.inria.lille.repair.nopol.NoPol - Available processors (cores): 1
10:00:45.100 [main] INFO  fr.inria.lille.repair.nopol.NoPol - Free memory: 968 MB
10:00:45.100 [main] INFO  fr.inria.lille.repair.nopol.NoPol - Maximum memory: 3 GB
10:00:45.101 [main] INFO  fr.inria.lille.repair.nopol.NoPol - Total memory available to JVM: 989 MB
10:00:45.101 [main] INFO  fr.inria.lille.repair.nopol.NoPol - Java version: 1.8.0_272
10:00:45.107 [main] INFO  fr.inria.lille.repair.nopol.NoPol - JAVA_HOME: /usr/lib/jvm/java-1.8.0-openjdk/bin
10:00:45.107 [main] INFO  fr.inria.lille.repair.nopol.NoPol - PATH: /usr/lib/jvm/java-1.8.0-openjdk/bin:/users2/cpca56132020/moliveira/deps/Maven/apache-maven/bin:/users2/cpca56132020/moliveira/deps/Gradle/gradle-6.8.3/bin:/usr/condabin:/usr/local/bin:/usr/bin:/usr/local/sbin:/usr/sbin:/users2/cpca56132020/moliveira/.local/bin:/users2/cpca56132020/moliveira/bin
10:00:58.197 [pool-2-thread-1] DEBUG fr.inria.lille.repair.nopol.NoPol - statement #1
10:00:58.199 [pool-2-thread-1] DEBUG fr.inria.lille.repair.nopol.NoPol - Analysing SourceLocation java_programs.POSSIBLE_CHANGE:23 which is executed by 9 tests
655907391
10:00:58.441 [pool-2-thread-1] DEBUG fr.inria.lille.repair.nopol.NoPol - statement #2
10:00:58.441 [pool-2-thread-1] DEBUG fr.inria.lille.repair.nopol.NoPol - Analysing SourceLocation java_programs.POSSIBLE_CHANGE:22 which is executed by 9 tests
655907391
10:00:58.541 [pool-2-thread-1] DEBUG fr.inria.lille.repair.nopol.NoPol - statement #3
10:00:58.541 [pool-2-thread-1] DEBUG fr.inria.lille.repair.nopol.NoPol - Analysing SourceLocation java_programs.POSSIBLE_CHANGE:21 which is executed by 9 tests
655907391
10:00:58.603 [pool-2-thread-1] DEBUG fr.inria.lille.repair.nopol.NoPol - statement #4
10:00:58.603 [pool-2-thread-1] DEBUG fr.inria.lille.repair.nopol.NoPol - Analysing SourceLocation java_programs.POSSIBLE_CHANGE:18 which is executed by 9 tests
655907391
10:00:58.693 [pool-2-thread-1] DEBUG fr.inria.lille.repair.nopol.NoPol - looking with class fr.inria.lille.repair.nopol.spoon.smt.ConditionalAdder
10:01:53.202 [pool-3-thread-1] DEBUG tests.output - Failing tests with false: 
[test_0(java_testcases.junit.POSSIBLE_CHANGE_Test): null, test_2(java_testcases.junit.POSSIBLE_CHANGE_Test): test timed out after 3000 milliseconds, test_1(java_testcases.junit.POSSIBLE_CHANGE_Test): test timed out after 3000 milliseconds, test_4(java_testcases.junit.POSSIBLE_CHANGE_Test): test timed out after 3000 milliseconds, test_3(java_testcases.junit.POSSIBLE_CHANGE_Test): test timed out after 3000 milliseconds, test_6(java_testcases.junit.POSSIBLE_CHANGE_Test): test timed out after 3000 milliseconds, test_5(java_testcases.junit.POSSIBLE_CHANGE_Test): test timed out after 3000 milliseconds, test_8(java_testcases.junit.POSSIBLE_CHANGE_Test): test timed out after 3000 milliseconds, test_7(java_testcases.junit.POSSIBLE_CHANGE_Test): test timed out after 3000 milliseconds]
10:01:53.207 [pool-3-thread-1] DEBUG tests.output - Failing tests with true: 
[test_0(java_testcases.junit.POSSIBLE_CHANGE_Test): test timed out after 3000 milliseconds, test_2(java_testcases.junit.POSSIBLE_CHANGE_Test): test timed out after 3000 milliseconds, test_1(java_testcases.junit.POSSIBLE_CHANGE_Test): test timed out after 3000 milliseconds, test_4(java_testcases.junit.POSSIBLE_CHANGE_Test): test timed out after 3000 milliseconds, test_3(java_testcases.junit.POSSIBLE_CHANGE_Test): test timed out after 3000 milliseconds, test_6(java_testcases.junit.POSSIBLE_CHANGE_Test): test timed out after 3000 milliseconds, test_5(java_testcases.junit.POSSIBLE_CHANGE_Test): test timed out after 3000 milliseconds, test_8(java_testcases.junit.POSSIBLE_CHANGE_Test): test timed out after 3000 milliseconds, test_7(java_testcases.junit.POSSIBLE_CHANGE_Test): test timed out after 3000 milliseconds]
10:01:53.208 [pool-3-thread-1] INFO  f.i.l.r.n.synth.SMTNopolSynthesizer - Not enough specifications: 0. A trivial patch is "true" or "false", please write new tests specifying SourceLocation java_programs.POSSIBLE_CHANGE:18.
10:01:53.209 [pool-2-thread-1] DEBUG fr.inria.lille.repair.nopol.NoPol - statement #5
10:01:53.209 [pool-2-thread-1] DEBUG fr.inria.lille.repair.nopol.NoPol - Analysing SourceLocation java_programs.POSSIBLE_CHANGE:17 which is executed by 9 tests
655907391
10:01:53.829 [pool-2-thread-1] DEBUG fr.inria.lille.repair.nopol.NoPol - looking with class fr.inria.lille.repair.nopol.spoon.smt.ConditionalAdder

real	1m16.314s
user	1m5.553s
sys	0m10.061s
\n\nNode: hpc060.ncg.ingrid.pt\n
\n\nDate: Sat Apr  3 10:02:01 EDT 2021\n
