10:00:43.577 fr.inria.lille.repair.nopol.NoPol - Source files: [src/main/java]
10:00:43.580 fr.inria.lille.repair.nopol.NoPol - Classpath: [file:/users2/cpca56132020/moliveira/folders/Nopol_QUIXBUGS_SHORTEST_PATHS/Nopol_QuixBugs_SHORTEST_PATHS_/target/classes/, file:/users2/cpca56132020/moliveira/folders/Nopol_QUIXBUGS_SHORTEST_PATHS/Nopol_QuixBugs_SHORTEST_PATHS_/target/test-classes/, file:/users2/cpca56132020/moliveira/.m2/repository/junit/junit/4.11/junit-4.11.jar, file:/users2/cpca56132020/moliveira/.m2/repository/org/hamcrest/hamcrest-core/1.3/hamcrest-core-1.3.jar, file:/users2/cpca56132020/moliveira/RepairThemAll/script/../repair_tools/nopol.jar]
10:00:43.580 fr.inria.lille.repair.nopol.NoPol - Statement type: PRE_THEN_COND
10:00:43.581 fr.inria.lille.repair.nopol.NoPol - Args: [java_testcases.junit.SHORTEST_PATHS_Test]
10:00:43.583 fr.inria.lille.repair.nopol.NoPol - Config: Config{synthesisDepth=3, collectStaticMethods=true, collectStaticFields=false, collectLiterals=false, onlyOneSynthesisResult=true, sortExpressions=true, maxLineInvocationPerTest=250, timeoutMethodInvocation=2000, dataCollectionTimeoutInSecondForSynthesis=900, addWeight=0.19478, subWeight=0.04554, mulWeight=0.0102, divWeight=0.00613, andWeight=0.10597, orWeight=0.05708, eqWeight=0.22798, nEqWeight=0.0, lessEqWeight=0.0255, lessWeight=0.0947, methodCallWeight=0.1, fieldAccessWeight=0.08099, constantWeight=0.14232, variableWeight=0.05195, mode=REPAIR, type=PRE_THEN_COND, synthesis=SMT, oracle=ANGELIC, solver=Z3, solverPath='/users2/cpca56132020/moliveira/RepairThemAll/script/../libs/z3/build/z3', projectSources=[src/main/java], projectClasspath='[Ljava.net.URL;@16c0663d', projectTests=[java_testcases.junit.SHORTEST_PATHS_Test], complianceLevel=8, outputFolder=., json=true}
10:00:43.584 fr.inria.lille.repair.nopol.NoPol - Available processors (cores): 1
10:00:43.587 fr.inria.lille.repair.nopol.NoPol - Free memory: 968 MB
10:00:43.587 fr.inria.lille.repair.nopol.NoPol - Maximum memory: 3 GB
10:00:43.587 fr.inria.lille.repair.nopol.NoPol - Total memory available to JVM: 989 MB
10:00:43.587 fr.inria.lille.repair.nopol.NoPol - Java version: 1.8.0_272
10:00:43.593 fr.inria.lille.repair.nopol.NoPol - JAVA_HOME: /usr/lib/jvm/java-1.8.0-openjdk/bin
10:00:43.593 fr.inria.lille.repair.nopol.NoPol - PATH: /usr/lib/jvm/java-1.8.0-openjdk/bin:/users2/cpca56132020/moliveira/deps/Maven/apache-maven/bin:/users2/cpca56132020/moliveira/deps/Gradle/gradle-6.8.3/bin:/usr/condabin:/usr/local/bin:/usr/bin:/usr/local/sbin:/usr/sbin:/users2/cpca56132020/moliveira/.local/bin:/users2/cpca56132020/moliveira/bin
10:00:51.255 fr.inria.lille.repair.nopol.NoPol - statement #1
10:00:51.256 fr.inria.lille.repair.nopol.NoPol - Analysing SourceLocation java_programs.SHORTEST_PATHS:33 which is executed by 3 tests
10:00:51.541 fr.inria.lille.repair.nopol.NoPol - statement #2
10:00:51.542 fr.inria.lille.repair.nopol.NoPol - Analysing SourceLocation java_programs.SHORTEST_PATHS:31 which is executed by 3 tests
10:00:51.638 fr.inria.lille.repair.nopol.NoPol - statement #3
10:00:51.638 fr.inria.lille.repair.nopol.NoPol - Analysing SourceLocation java_programs.SHORTEST_PATHS:30 which is executed by 3 tests
10:00:51.753 fr.inria.lille.repair.nopol.NoPol - looking with class fr.inria.lille.repair.nopol.spoon.smt.ConditionalAdder
10:00:52.762 tests.output - Failing tests with false: 
[test3(java_testcases.junit.SHORTEST_PATHS_Test): expected:<(A,0)(B,[1)(C,3)(D,6)(E,5)(F,]9)> but was:<(A,0)(B,[99999)(C,99999)(D,99999)(E,99999)(F,9999]9)>, test2(java_testcases.junit.SHORTEST_PATHS_Test): expected:<(A,0)(B,[1)(C,3)(D,6)(E,5)(F,]9)> but was:<(A,0)(B,[99999)(C,99999)(D,99999)(E,99999)(F,9999]9)>, test1(java_testcases.junit.SHORTEST_PATHS_Test): expected:<(A,0)(B,[1)(C,3)(D,10)(E,5)(F,4])> but was:<(A,0)(B,[99999)(C,99999)(D,99999)(E,99999)(F,99999])>]
10:00:52.762 tests.output - Failing tests with true: 
[test3(java_testcases.junit.SHORTEST_PATHS_Test): expected:<(A,0)(B,[1)(C,3)(D,6)(E,5)(F,]9)> but was:<(A,0)(B,[99999)(C,99999)(D,99999)(E,99999)(F,9999]9)>, test2(java_testcases.junit.SHORTEST_PATHS_Test): expected:<(A,0)(B,[1)(C,3)(D,6)(E,5)(F,]9)> but was:<(A,0)(B,[99999)(C,99999)(D,99999)(E,99999)(F,9999]9)>, test1(java_testcases.junit.SHORTEST_PATHS_Test): expected:<(A,0)(B,[1)(C,3)(D,10)(E,5)(F,4])> but was:<(A,0)(B,[99999)(C,99999)(D,99999)(E,99999)(F,99999])>]
10:00:52.763 f.i.l.r.n.synth.SMTNopolSynthesizer - Not enough specifications: 0. A trivial patch is "true" or "false", please write new tests specifying SourceLocation java_programs.SHORTEST_PATHS:30.
10:00:52.763 fr.inria.lille.repair.nopol.NoPol - statement #4
10:00:52.764 fr.inria.lille.repair.nopol.NoPol - Analysing SourceLocation java_programs.SHORTEST_PATHS:29 which is executed by 3 tests
10:00:52.851 fr.inria.lille.repair.nopol.NoPol - statement #5
10:00:52.851 fr.inria.lille.repair.nopol.NoPol - Analysing SourceLocation java_programs.SHORTEST_PATHS:28 which is executed by 3 tests
10:00:52.967 fr.inria.lille.repair.nopol.NoPol - statement #6
10:00:52.968 fr.inria.lille.repair.nopol.NoPol - Analysing SourceLocation java_programs.SHORTEST_PATHS:27 which is executed by 3 tests
10:00:53.052 fr.inria.lille.repair.nopol.NoPol - statement #7
10:00:53.056 fr.inria.lille.repair.nopol.NoPol - Analysing SourceLocation java_programs.SHORTEST_PATHS:26 which is executed by 3 tests
10:00:53.144 fr.inria.lille.repair.nopol.NoPol - statement #8
10:00:53.144 fr.inria.lille.repair.nopol.NoPol - Analysing SourceLocation java_programs.SHORTEST_PATHS:25 which is executed by 3 tests
10:00:53.255 fr.inria.lille.repair.nopol.NoPol - looking with class fr.inria.lille.repair.nopol.spoon.smt.ConditionalAdder
10:00:53.636 tests.output - Failing tests with false: 
[test3(java_testcases.junit.SHORTEST_PATHS_Test): expected:<(A,0)(B,[1)(C,3)(D,6)(E,5)(F,]9)> but was:<(A,0)(B,[99999)(C,99999)(D,99999)(E,99999)(F,9999]9)>, test2(java_testcases.junit.SHORTEST_PATHS_Test): expected:<(A,0)(B,[1)(C,3)(D,6)(E,5)(F,]9)> but was:<(A,0)(B,[99999)(C,99999)(D,99999)(E,99999)(F,9999]9)>, test1(java_testcases.junit.SHORTEST_PATHS_Test): expected:<(A,0)(B,[1)(C,3)(D,10)(E,5)(F,4])> but was:<(A,0)(B,[99999)(C,99999)(D,99999)(E,99999)(F,99999])>]
10:00:53.637 tests.output - Failing tests with true: 
[test3(java_testcases.junit.SHORTEST_PATHS_Test): expected:<(A,0)(B,[1)(C,3)(D,6)(E,5)(F,]9)> but was:<(A,0)(B,[99999)(C,99999)(D,99999)(E,99999)(F,9999]9)>, test2(java_testcases.junit.SHORTEST_PATHS_Test): expected:<(A,0)(B,[1)(C,3)(D,6)(E,5)(F,]9)> but was:<(A,0)(B,[99999)(C,99999)(D,99999)(E,99999)(F,9999]9)>, test1(java_testcases.junit.SHORTEST_PATHS_Test): expected:<(A,0)(B,[1)(C,3)(D,10)(E,5)(F,4])> but was:<(A,0)(B,[99999)(C,99999)(D,99999)(E,99999)(F,99999])>]
10:00:53.637 f.i.l.r.n.synth.SMTNopolSynthesizer - Not enough specifications: 0. A trivial patch is "true" or "false", please write new tests specifying SourceLocation java_programs.SHORTEST_PATHS:25.
10:00:53.637 fr.inria.lille.repair.nopol.NoPol - statement #9
10:00:53.637 fr.inria.lille.repair.nopol.NoPol - Analysing SourceLocation java_programs.SHORTEST_PATHS:24 which is executed by 3 tests
10:00:53.727 fr.inria.lille.repair.nopol.NoPol - looking with class fr.inria.lille.repair.nopol.spoon.smt.ConditionalAdder
10:00:54.028 tests.output - Failing tests with false: 
[test3(java_testcases.junit.SHORTEST_PATHS_Test): expected:<(A,0)(B,[1)(C,3)(D,6)(E,5)(F,]9)> but was:<(A,0)(B,[99999)(C,99999)(D,99999)(E,99999)(F,9999]9)>, test2(java_testcases.junit.SHORTEST_PATHS_Test): expected:<(A,0)(B,[1)(C,3)(D,6)(E,5)(F,]9)> but was:<(A,0)(B,[99999)(C,99999)(D,99999)(E,99999)(F,9999]9)>, test1(java_testcases.junit.SHORTEST_PATHS_Test): expected:<(A,0)(B,[1)(C,3)(D,10)(E,5)(F,4])> but was:<(A,0)(B,[99999)(C,99999)(D,99999)(E,99999)(F,99999])>]
10:00:54.028 tests.output - Failing tests with true: 
[test3(java_testcases.junit.SHORTEST_PATHS_Test): expected:<(A,0)(B,[1)(C,3)(D,6)(E,5)(F,]9)> but was:<(A,0)(B,[99999)(C,99999)(D,99999)(E,99999)(F,9999]9)>, test2(java_testcases.junit.SHORTEST_PATHS_Test): expected:<(A,0)(B,[1)(C,3)(D,6)(E,5)(F,]9)> but was:<(A,0)(B,[99999)(C,99999)(D,99999)(E,99999)(F,9999]9)>, test1(java_testcases.junit.SHORTEST_PATHS_Test): expected:<(A,0)(B,[1)(C,3)(D,10)(E,5)(F,4])> but was:<(A,0)(B,[99999)(C,99999)(D,99999)(E,99999)(F,99999])>]
10:00:54.029 f.i.l.r.n.synth.SMTNopolSynthesizer - Not enough specifications: 0. A trivial patch is "true" or "false", please write new tests specifying SourceLocation java_programs.SHORTEST_PATHS:24.
10:00:54.029 fr.inria.lille.repair.nopol.NoPol - statement #10
10:00:54.029 fr.inria.lille.repair.nopol.NoPol - Analysing SourceLocation java_programs.SHORTEST_PATHS:23 which is executed by 3 tests
10:00:54.107 fr.inria.lille.repair.nopol.NoPol - looking with class fr.inria.lille.repair.nopol.spoon.smt.ConditionalAdder
10:00:54.379 tests.output - Failing tests with false: 
[test3(java_testcases.junit.SHORTEST_PATHS_Test): expected:<(A,[0)(B,1)(C,3)(D,6)(E,5)(F,]9)> but was:<(A,[99999)(B,99999)(C,99999)(D,99999)(E,99999)(F,9999]9)>, test2(java_testcases.junit.SHORTEST_PATHS_Test): expected:<(A,[0)(B,1)(C,3)(D,6)(E,5)(F,]9)> but was:<(A,[99999)(B,99999)(C,99999)(D,99999)(E,99999)(F,9999]9)>, test1(java_testcases.junit.SHORTEST_PATHS_Test): expected:<(A,[0)(B,1)(C,3)(D,10)(E,5)(F,4])> but was:<(A,[99999)(B,99999)(C,99999)(D,99999)(E,99999)(F,99999])>]
10:00:54.380 tests.output - Failing tests with true: 
[test3(java_testcases.junit.SHORTEST_PATHS_Test): expected:<(A,0)(B,[1)(C,3)(D,6)(E,5)(F,]9)> but was:<(A,0)(B,[99999)(C,99999)(D,99999)(E,99999)(F,9999]9)>, test2(java_testcases.junit.SHORTEST_PATHS_Test): expected:<(A,0)(B,[1)(C,3)(D,6)(E,5)(F,]9)> but was:<(A,0)(B,[99999)(C,99999)(D,99999)(E,99999)(F,9999]9)>, test1(java_testcases.junit.SHORTEST_PATHS_Test): expected:<(A,0)(B,[1)(C,3)(D,10)(E,5)(F,4])> but was:<(A,0)(B,[99999)(C,99999)(D,99999)(E,99999)(F,99999])>]
10:00:54.380 f.i.l.r.n.synth.SMTNopolSynthesizer - Not enough specifications: 0. A trivial patch is "true" or "false", please write new tests specifying SourceLocation java_programs.SHORTEST_PATHS:23.
10:00:54.380 fr.inria.lille.repair.nopol.NoPol - statement #11
10:00:54.380 fr.inria.lille.repair.nopol.NoPol - Analysing SourceLocation java_programs.SHORTEST_PATHS:21 which is executed by 3 tests
10:00:54.457 fr.inria.lille.repair.nopol.NoPol - statement #12
10:00:54.457 fr.inria.lille.repair.nopol.NoPol - Analysing SourceLocation java_programs.SHORTEST_PATHS:20 which is executed by 3 tests
10:00:54.540 fr.inria.lille.repair.nopol.NoPol - looking with class fr.inria.lille.repair.nopol.spoon.smt.ConditionalAdder
10:00:54.826 tests.output - Failing tests with false: 
[test3(java_testcases.junit.SHORTEST_PATHS_Test): expected:<(A,0)(B,[1)(C,3)(D,6)(E,5)(F,]9)> but was:<(A,0)(B,[99999)(C,99999)(D,99999)(E,99999)(F,9999]9)>, test2(java_testcases.junit.SHORTEST_PATHS_Test): expected:<(A,0)(B,[1)(C,3)(D,6)(E,5)(F,]9)> but was:<(A,0)(B,[99999)(C,99999)(D,99999)(E,99999)(F,9999]9)>, test1(java_testcases.junit.SHORTEST_PATHS_Test): expected:<(A,0)(B,[1)(C,3)(D,10)(E,5)(F,4])> but was:<(A,0)(B,[99999)(C,99999)(D,99999)(E,99999)(F,99999])>]
10:00:54.826 tests.output - Failing tests with true: 
[test3(java_testcases.junit.SHORTEST_PATHS_Test): expected:<(A,0)(B,[1)(C,3)(D,6)(E,5)(F,]9)> but was:<(A,0)(B,[99999)(C,99999)(D,99999)(E,99999)(F,9999]9)>, test2(java_testcases.junit.SHORTEST_PATHS_Test): expected:<(A,0)(B,[1)(C,3)(D,6)(E,5)(F,]9)> but was:<(A,0)(B,[99999)(C,99999)(D,99999)(E,99999)(F,9999]9)>, test1(java_testcases.junit.SHORTEST_PATHS_Test): expected:<(A,0)(B,[1)(C,3)(D,10)(E,5)(F,4])> but was:<(A,0)(B,[99999)(C,99999)(D,99999)(E,99999)(F,99999])>]
10:00:54.826 f.i.l.r.n.synth.SMTNopolSynthesizer - Not enough specifications: 0. A trivial patch is "true" or "false", please write new tests specifying SourceLocation java_programs.SHORTEST_PATHS:20.
10:00:54.826 fr.inria.lille.repair.nopol.NoPol - statement #13
10:00:54.826 fr.inria.lille.repair.nopol.NoPol - Analysing SourceLocation java_programs.SHORTEST_PATHS:19 which is executed by 3 tests
10:00:54.923 fr.inria.lille.repair.nopol.NoPol - looking with class fr.inria.lille.repair.nopol.spoon.smt.ConditionalAdder
10:00:55.184 tests.output - Failing tests with false: 
[test3(java_testcases.junit.SHORTEST_PATHS_Test): null, test2(java_testcases.junit.SHORTEST_PATHS_Test): null, test1(java_testcases.junit.SHORTEST_PATHS_Test): null]
10:00:55.184 tests.output - Failing tests with true: 
[test3(java_testcases.junit.SHORTEST_PATHS_Test): expected:<(A,0)(B,[1)(C,3)(D,6)(E,5)(F,]9)> but was:<(A,0)(B,[99999)(C,99999)(D,99999)(E,99999)(F,9999]9)>, test2(java_testcases.junit.SHORTEST_PATHS_Test): expected:<(A,0)(B,[1)(C,3)(D,6)(E,5)(F,]9)> but was:<(A,0)(B,[99999)(C,99999)(D,99999)(E,99999)(F,9999]9)>, test1(java_testcases.junit.SHORTEST_PATHS_Test): expected:<(A,0)(B,[1)(C,3)(D,10)(E,5)(F,4])> but was:<(A,0)(B,[99999)(C,99999)(D,99999)(E,99999)(F,99999])>]
10:00:55.184 f.i.l.r.n.synth.SMTNopolSynthesizer - Not enough specifications: 0. A trivial patch is "true" or "false", please write new tests specifying SourceLocation java_programs.SHORTEST_PATHS:19.
10:00:55.184 fr.inria.lille.repair.nopol.NoPol - statement #14
10:00:55.184 fr.inria.lille.repair.nopol.NoPol - Analysing SourceLocation java_programs.SHORTEST_PATHS:18 which is executed by 3 tests
10:00:55.250 fr.inria.lille.repair.nopol.NoPol - looking with class fr.inria.lille.repair.nopol.spoon.smt.ConditionalAdder
10:00:55.454 tests.output - Failing tests with false: 
[test3(java_testcases.junit.SHORTEST_PATHS_Test): null, test2(java_testcases.junit.SHORTEST_PATHS_Test): null, test1(java_testcases.junit.SHORTEST_PATHS_Test): null]
10:00:55.455 tests.output - Failing tests with true: 
[test3(java_testcases.junit.SHORTEST_PATHS_Test): expected:<(A,0)(B,[1)(C,3)(D,6)(E,5)(F,]9)> but was:<(A,0)(B,[99999)(C,99999)(D,99999)(E,99999)(F,9999]9)>, test2(java_testcases.junit.SHORTEST_PATHS_Test): expected:<(A,0)(B,[1)(C,3)(D,6)(E,5)(F,]9)> but was:<(A,0)(B,[99999)(C,99999)(D,99999)(E,99999)(F,9999]9)>, test1(java_testcases.junit.SHORTEST_PATHS_Test): expected:<(A,0)(B,[1)(C,3)(D,10)(E,5)(F,4])> but was:<(A,0)(B,[99999)(C,99999)(D,99999)(E,99999)(F,99999])>]
10:00:55.455 f.i.l.r.n.synth.SMTNopolSynthesizer - Not enough specifications: 0. A trivial patch is "true" or "false", please write new tests specifying SourceLocation java_programs.SHORTEST_PATHS:18.
10:00:55.455 fr.inria.lille.repair.nopol.NoPol - statement #15
10:00:55.455 fr.inria.lille.repair.nopol.NoPol - Analysing SourceLocation java_programs.SHORTEST_PATHS:17 which is executed by 3 tests
10:00:55.521 fr.inria.lille.repair.nopol.NoPol - ----INFORMATION----
10:00:55.531 fr.inria.lille.repair.nopol.NoPol - Nb classes : 3
10:00:55.531 fr.inria.lille.repair.nopol.NoPol - Nb methods : 10
10:00:55.531 fr.inria.lille.repair.nopol.NoPol - Nb Statements Analyzed : 7
10:00:55.531 fr.inria.lille.repair.nopol.NoPol - Nb Statements with Angelic Value Found : 0
10:00:55.531 fr.inria.lille.repair.nopol.NoPol - Nb inputs in SMT : 0
10:00:55.534 fr.inria.lille.repair.nopol.NoPol - Nb SMT level: 0
10:00:55.534 fr.inria.lille.repair.nopol.NoPol - Nb variables in SMT : 0
10:00:55.534 fr.inria.lille.repair.nopol.NoPol - NoPol Execution time : 11950ms
10:00:55.534 fr.inria.lille.repair.nopol.NoPol - 
