cd /users2/cpca56132020/moliveira/folders/Figra_IntroClassJava_grade-36d8008b13f6475ca8fa4553fea10042b0a6c623665065672051445c3464d61b29b47cb66321844a0264505a0f5ccf5aa6de072aa266b5a8b0cf13198380a389-000/Figra_IntroClassJava_grade_36d8008b13f6475ca8fa4553fea10042b0a6c623665065672051445c3464d61b29b47cb66321844a0264505a0f5ccf5aa6de072aa266b5a8b0cf13198380a389-000;
export JAVA_TOOL_OPTIONS="-Dfile.encoding=UTF8 -Duser.language=en-US -Duser.country=US -Duser.language=en";
TZ="America/New_York"; export TZ;
export PATH="/usr/lib/jvm/java-1.8.0-openjdk/bin/:$PATH";
export JAVA_HOME="/usr/lib/jvm/java-1.8.0-openjdk/bin/";
time java -Xmx4g -Xms1g -cp /users2/cpca56132020/moliveira/RepairThemAll/script/../libs/jtestex7.jar:/users2/cpca56132020/moliveira/RepairThemAll/script/../repair_tools/astor.jar fr.inria.main.evolution.AstorMain \
	-mode figra \
	-location . \
	-id grade-36d8008b13f6475ca8fa4553fea10042b0a6c623665065672051445c3464d61b29b47cb66321844a0264505a0f5ccf5aa6de072aa266b5a8b0cf13198380a389-000 \
	-failing introclassJava.grade_36d8008b_000BlackboxTest:introclassJava.grade_36d8008b_000WhiteboxTest \
	-jvm4testexecution /users2/cpca56132020/moliveira/jdk1.7.0_80/bin/ \
	-jvm4evosuitetestexecution /users2/cpca56132020/moliveira/jdk1.7.0_80/bin/ \
	-maxgen 1000000 \
	-maxtime 120 \
	-stopfirst false \
	-seed 28 \
	-scope package \
	-population 1 \
	-javacompliancelevel 7 \
	-srcjavafolder src/main/java \
	-srctestfolder src/test/java \
	-binjavafolder target/classes \
	-bintestfolder target/test-classes \
	-parameters x:x:maxCombinationVariableLimit:true:maxVarCombination:1000 \
	-dependencies /users2/cpca56132020/moliveira/.m2/repository/junit/junit/4.11/junit-4.11.jar:/users2/cpca56132020/moliveira/.m2/repository/org/hamcrest/hamcrest-core/1.3/hamcrest-core-1.3.jar;
	echo "\n\nNode: `hostname`\n";
	echo "\n\nDate: `date`\n";
Picked up JAVA_TOOL_OPTIONS: -Dfile.encoding=UTF8 -Duser.language=en-US -Duser.country=US -Duser.language=en
Picked up _JAVA_OPTIONS: -Xmx512m -Xms256m
06:10:59.206 [main] ERROR fr.inria.astor.approaches.figra.ExpressionReplaceOperator - Replacement does not work for  modify scanner.nextFloat() to scanner.nextFloat()
06:11:01.510 [main] ERROR fr.inria.astor.approaches.figra.ExpressionReplaceOperator - Replacement does not work for  modify c to c
06:11:12.873 [main] ERROR fr.inria.astor.approaches.figra.ExpressionReplaceOperator - Replacement does not work for  modify d to d
06:11:13.808 [main] ERROR fr.inria.astor.approaches.figra.ExpressionReplaceOperator - Replacement does not work for  modify a to a
06:11:14.250 [main] ERROR fr.inria.astor.approaches.figra.ExpressionReplaceOperator - Replacement does not work for  modify scanner to scanner
06:11:27.397 [main] ERROR fr.inria.astor.approaches.figra.ExpressionReplaceOperator - Replacement does not work for  modify c to c
06:11:27.847 [main] ERROR fr.inria.astor.approaches.figra.ExpressionReplaceOperator - Replacement does not work for  modify scanner to scanner
06:11:29.788 [main] ERROR fr.inria.astor.approaches.figra.ExpressionReplaceOperator - Replacement does not work for  modify scanner.nextFloat() to scanner.nextFloat()
06:11:30.246 [main] ERROR fr.inria.astor.approaches.figra.ExpressionReplaceOperator - Replacement does not work for  modify scanner.nextFloat() to scanner.nextFloat()
06:11:37.672 [main] ERROR fr.inria.astor.approaches.figra.ExpressionReplaceOperator - Replacement does not work for  modify scanner to scanner
06:11:38.348 [main] ERROR fr.inria.astor.approaches.figra.ExpressionReplaceOperator - Replacement does not work for  modify scanner.nextFloat() to scanner.nextFloat()
06:11:42.694 [main] ERROR fr.inria.astor.approaches.figra.ExpressionReplaceOperator - Replacement does not work for  modify d to d
06:11:43.073 [main] ERROR fr.inria.astor.approaches.figra.ExpressionReplaceOperator - Replacement does not work for  modify java.lang.String.format("Student has an F grade\n") to java.lang.String.format("Student has an F grade\n")
06:11:43.847 [main] ERROR fr.inria.astor.approaches.figra.ExpressionReplaceOperator - Replacement does not work for  modify new introclassJava.FloatObj() to new introclassJava.FloatObj()
06:11:44.227 [main] ERROR fr.inria.astor.approaches.figra.ExpressionReplaceOperator - Replacement does not work for  modify "Student has an F grade\n" to "Student has an F grade\n"
06:11:56.035 [main] ERROR fr.inria.astor.approaches.figra.ExpressionReplaceOperator - Replacement does not work for  modify scanner to scanner
06:12:07.755 [main] ERROR fr.inria.astor.approaches.figra.ExpressionReplaceOperator - Replacement does not work for  modify s to s
06:12:10.265 [main] ERROR fr.inria.astor.approaches.figra.ExpressionReplaceOperator - Replacement does not work for  modify b to b
06:12:11.886 [main] ERROR fr.inria.astor.approaches.figra.ExpressionReplaceOperator - Replacement does not work for  modify s to s
06:12:19.552 [main] ERROR fr.inria.astor.approaches.figra.ExpressionReplaceOperator - Replacement does not work for  modify s to s
06:12:20.204 [main] ERROR fr.inria.astor.approaches.figra.ExpressionReplaceOperator - Replacement does not work for  modify scanner.nextFloat() to scanner.nextFloat()
06:12:39.486 [main] ERROR fr.inria.astor.approaches.figra.ExpressionReplaceOperator - Replacement does not work for  modify a to a
06:12:40.835 [main] ERROR fr.inria.astor.approaches.figra.ExpressionReplaceOperator - Replacement does not work for  modify scanner to scanner
06:12:43.067 [main] ERROR fr.inria.astor.approaches.figra.ExpressionReplaceOperator - Replacement does not work for  modify s to s
06:12:43.400 [main] ERROR fr.inria.astor.approaches.figra.ExpressionReplaceOperator - Replacement does not work for  modify b to b
06:12:46.490 [main] ERROR fr.inria.astor.approaches.figra.ExpressionReplaceOperator - Replacement does not work for  modify s to s
06:12:47.176 [main] ERROR fr.inria.astor.approaches.figra.ExpressionReplaceOperator - Replacement does not work for  modify "Thank you. Now enter student score (percent) >" to "Thank you. Now enter student score (percent) >"
06:12:52.802 [main] ERROR fr.inria.astor.approaches.figra.ExpressionReplaceOperator - Replacement does not work for  modify java.lang.String.format("Thank you. Now enter student score (percent) >") to java.lang.String.format("Thank you. Now enter student score (percent) >")
06:12:57.970 [main] ERROR fr.inria.astor.approaches.figra.ExpressionReplaceOperator - Replacement does not work for  modify "Enter thresholds for A, B, C, D\nin that order, decreasing percentages > " to "Enter thresholds for A, B, C, D\nin that order, decreasing percentages > "
Astor Output:

General stats:
EXECUTION_IDENTIFIER=grade-36d8008b13f6475ca8fa4553fea10042b0a6c623665065672051445c3464d61b29b47cb66321844a0264505a0f5ccf5aa6de072aa266b5a8b0cf13198380a389-000
TOTAL_TIME=7200.179
NR_GENERATIONS=218
NR_RIGHT_COMPILATIONS=185
NR_FAILLING_COMPILATIONS=33
NR_ERRONEOUS_VARIANCES=null
NR_FAILING_VALIDATION_PROCESS=null
OUTPUT_STATUS=TIME_OUT

Patch stats:


real	120m13.812s
user	119m1.496s
sys	0m16.959s
\n\nNode: hpc063.ncg.ingrid.pt\n
\n\nDate: Tue Apr 13 08:10:59 EDT 2021\n
