cd /users2/cpca56132020/moliveira/folders/Figra_16_QUIXBUGS_GET_FACTORS/Figra_QuixBugs_GET_FACTORS_;
export JAVA_TOOL_OPTIONS="-Dfile.encoding=UTF8 -Duser.language=en-US -Duser.country=US -Duser.language=en";
TZ="America/New_York"; export TZ;
export PATH="/usr/lib/jvm/java-1.8.0-openjdk/bin:$PATH";
export JAVA_HOME="/usr/lib/jvm/java-1.8.0-openjdk/bin";
time java -Xmx4g -Xms1g -cp /users2/cpca56132020/moliveira/RepairThemAll/script/../libs/jtestex7.jar:/users2/cpca56132020/moliveira/RepairThemAll/script/../repair_tools/astor.jar fr.inria.main.evolution.AstorMain \
	-mode figra \
	-location . \
	-id GET_FACTORS- \
	-failing java_testcases.junit.GET_FACTORS_Test \
	-jvm4testexecution /usr/lib/jvm/java-1.8.0-openjdk/bin \
	-jvm4evosuitetestexecution /usr/lib/jvm/java-1.8.0-openjdk/bin \
	-maxgen 1000000 \
	-maxtime 120 \
	-stopfirst false \
	-seed 16 \
	-scope package \
	-population 1 \
	-javacompliancelevel 8 \
	-srcjavafolder src/main/java \
	-srctestfolder src/test/java \
	-binjavafolder target/classes \
	-bintestfolder target/test-classes \
	-parameters x:x:maxCombinationVariableLimit:true:maxVarCombination:1000 \
	-dependencies /users2/cpca56132020/moliveira/.m2/repository/junit/junit/4.11/junit-4.11.jar:/users2/cpca56132020/moliveira/.m2/repository/org/hamcrest/hamcrest-core/1.3/hamcrest-core-1.3.jar;
	echo "\n\nNode: `hostname`\n";
	echo "\n\nDate: `date`\n";
Picked up JAVA_TOOL_OPTIONS: -Dfile.encoding=UTF8 -Duser.language=en-US -Duser.country=US -Duser.language=en
11:53:45.617 [main] ERROR fr.inria.astor.approaches.figra.ExpressionReplaceOperator - Replacement does not work for  modify 1.0 to 1.0
11:53:46.350 [main] ERROR fr.inria.astor.approaches.figra.ExpressionReplaceOperator - Replacement does not work for  modify prepend to prepend
11:53:47.726 [main] ERROR fr.inria.astor.approaches.figra.ExpressionReplaceOperator - error to modify i++ to n >>> n
11:54:44.006 [main] ERROR fr.inria.astor.approaches.figra.ExpressionReplaceOperator - Replacement does not work for  modify java.lang.Math.sqrt(n) to java.lang.Math.sqrt(n)
11:55:10.813 [main] ERROR fr.inria.astor.approaches.figra.ExpressionReplaceOperator - Replacement does not work for  modify n == 1 to n == 1
11:56:47.532 [main] ERROR fr.inria.astor.approaches.figra.ExpressionReplaceOperator - Replacement does not work for  modify ((int) (java.lang.Math.sqrt(n) + 1.0)) to ((int) (java.lang.Math.sqrt(n) + 1.0))
11:58:12.366 [main] ERROR fr.inria.astor.approaches.figra.ExpressionReplaceOperator - Replacement does not work for  modify new java.util.ArrayList<java.lang.Integer>() to new java.util.ArrayList<java.lang.Integer>()
11:59:14.319 [main] ERROR fr.inria.astor.approaches.figra.ExpressionReplaceOperator - Replacement does not work for  modify (n % i) == 0 to (n % i) == 0
12:01:16.833 [main] ERROR fr.inria.astor.approaches.figra.ExpressionReplaceOperator - Replacement does not work for  modify n to n
12:01:40.199 [main] ERROR fr.inria.astor.approaches.figra.ExpressionReplaceOperator - Replacement does not work for  modify java_programs.GET_FACTORS.get_factors(n / i) to java_programs.GET_FACTORS.get_factors(n / i)
12:03:35.851 [main] ERROR fr.inria.astor.approaches.figra.ExpressionReplaceOperator - Replacement does not work for  modify 0 to 0
12:06:38.100 [main] ERROR fr.inria.astor.approaches.figra.ExpressionReplaceOperator - Replacement does not work for  modify new java.util.ArrayList<java.lang.Integer>(0) to new java.util.ArrayList<java.lang.Integer>(0)
12:11:35.840 [main] ERROR fr.inria.astor.approaches.figra.ExpressionReplaceOperator - Replacement does not work for  modify prepend to prepend
12:15:47.948 [main] ERROR fr.inria.astor.approaches.figra.ExpressionReplaceOperator - Replacement does not work for  modify prepend to prepend
12:16:30.020 [main] ERROR fr.inria.astor.approaches.figra.ExpressionReplaceOperator - Replacement does not work for  modify prepend.add(i) to prepend.add(i)
12:28:59.783 [main] ERROR fr.inria.astor.approaches.figra.ExpressionReplaceOperator - Replacement does not work for  modify i to i
12:31:43.748 [main] ERROR fr.inria.astor.approaches.figra.ExpressionReplaceOperator - Replacement does not work for  modify i++ to i++
12:43:37.349 [main] ERROR fr.inria.astor.approaches.figra.ExpressionReplaceOperator - Replacement does not work for  modify i < max to i < max
12:49:16.189 [main] ERROR fr.inria.astor.approaches.figra.ExpressionReplaceOperator - Replacement does not work for  modify n / i to n / i
12:49:26.319 [main] ERROR fr.inria.astor.approaches.figra.ExpressionReplaceOperator - Replacement does not work for  modify max to max
12:53:41.855 [main] ERROR fr.inria.astor.approaches.figra.ExpressionReplaceOperator - Replacement does not work for  modify 1 to 1
12:55:59.678 [main] ERROR fr.inria.astor.approaches.figra.ExpressionReplaceOperator - Replacement does not work for  modify n to n
13:02:18.971 [main] ERROR fr.inria.astor.approaches.figra.ExpressionReplaceOperator - Replacement does not work for  modify i to i
13:11:43.984 [main] ERROR fr.inria.astor.approaches.figra.ExpressionReplaceOperator - Replacement does not work for  modify n to n
13:14:08.085 [main] ERROR fr.inria.astor.approaches.figra.ExpressionReplaceOperator - Replacement does not work for  modify i to i
13:36:39.725 [main] ERROR fr.inria.astor.approaches.figra.ExpressionReplaceOperator - Replacement does not work for  modify n to n
13:41:22.347 [main] ERROR fr.inria.astor.approaches.figra.ExpressionReplaceOperator - Replacement does not work for  modify (n % i) to (n % i)
13:43:04.982 [main] ERROR fr.inria.astor.approaches.figra.ExpressionReplaceOperator - Replacement does not work for  modify prepend.addAll(java_programs.GET_FACTORS.get_factors(n / i)) to prepend.addAll(java_programs.GET_FACTORS.get_factors(n / i))
13:47:21.136 [main] ERROR fr.inria.astor.approaches.figra.ExpressionReplaceOperator - Replacement does not work for  modify 2 to 2
13:53:13.901 [main] ERROR fr.inria.astor.approaches.figra.ExpressionReplaceOperator - Replacement does not work for  modify 0 to 0
Astor Output:

General stats:
EXECUTION_IDENTIFIER=GET_FACTORS-
TOTAL_TIME=7203.013
NR_GENERATIONS=934
NR_RIGHT_COMPILATIONS=908
NR_FAILLING_COMPILATIONS=26
NR_ERRONEOUS_VARIANCES=null
NR_FAILING_VALIDATION_PROCESS=null
OUTPUT_STATUS=TIME_OUT

Patch stats:

Patch 1
VARIANT_ID=6
TIME=2
VALIDATION=|true|0|11|[]|
GENERATION=3
FOLDER_SOLUTION_CODE=/users2/cpca56132020/moliveira/folders/Figra_16_QUIXBUGS_GET_FACTORS/Figra_QuixBugs_GET_FACTORS_/./output_astor/AstorMain-GET_FACTORS-//src//variant-6
--Patch Hunk #1
OPERATOR=ExpressionReplaceOperator

LOCATION=java_programs.GET_FACTORS

PATH=/users2/cpca56132020/moliveira/folders/Figra_16_QUIXBUGS_GET_FACTORS/Figra_QuixBugs_GET_FACTORS_/src/main/java/GET_FACTORS.java

MODIFIED_FILE_PATH=/users2/cpca56132020/moliveira/folders/Figra_16_QUIXBUGS_GET_FACTORS/Figra_QuixBugs_GET_FACTORS_/./output_astor/AstorMain-GET_FACTORS-//src//variant-6/java_programs/GET_FACTORS.java

LINE=19

SUSPICIOUNESS=1

MP_RANKING=7

ORIGINAL_CODE=i < max

BUGGY_CODE_TYPE=CtBinaryOperatorImpl|CtForImpl

PATCH_HUNK_CODE=n >= 1

PATCH_HUNK_TYPE=CtBinaryOperatorImpl|CtForImpl

INGREDIENT_SCOPE=-

INGREDIENT_PARENT=n >= 1

PATCH_DIFF_ORIG=--- /users2/cpca56132020/moliveira/folders/Figra_16_QUIXBUGS_GET_FACTORS/Figra_QuixBugs_GET_FACTORS_/src/main/java/GET_FACTORSjava
+++ /users2/cpca56132020/moliveira/folders/Figra_16_QUIXBUGS_GET_FACTORS/Figra_QuixBugs_GET_FACTORS_/src/main/java/GET_FACTORSjava
@@ -19 +19 @@
-		for (int i = 2; i < max;) {
+		for (int i = 2; n >= 1; i++) {




real	120m19.373s
user	3m23.971s
sys	0m23.959s
\n\nNode: hpc061.ncg.ingrid.pt\n
\n\nDate: Wed Apr  7 13:53:44 EDT 2021\n
