cd /users2/cpca56132020/moliveira/folders/Figra_QUIXBUGS_SHORTEST_PATHS/Figra_QuixBugs_SHORTEST_PATHS_;
export JAVA_TOOL_OPTIONS="-Dfile.encoding=UTF8 -Duser.language=en-US -Duser.country=US -Duser.language=en";
TZ="America/New_York"; export TZ;
export PATH="/users2/cpca56132020/moliveira/deps/jdk-8/bin:$PATH";
export JAVA_HOME="/users2/cpca56132020/moliveira/deps/jdk-8/bin";
time java -Xmx4g -Xms1g -cp /users2/cpca56132020/moliveira/RepairThemAll/script/../libs/jtestex7.jar:/users2/cpca56132020/moliveira/RepairThemAll/script/../repair_tools/astor.jar fr.inria.main.evolution.AstorMain \
	-mode figra \
	-location . \
	-id SHORTEST_PATHS- \
	-failing java_testcases.junit.SHORTEST_PATHS_Test \
	-jvm4testexecution /users2/cpca56132020/moliveira/deps/jdk-8/bin \
	-jvm4evosuitetestexecution /users2/cpca56132020/moliveira/deps/jdk-8/bin \
	-maxgen 1000000 \
	-maxtime 120 \
	-stopfirst false \
	-seed 400 \
	-scope package \
	-population 1 \
	-javacompliancelevel 8 \
	-srcjavafolder src/main/java \
	-srctestfolder src/test/java \
	-binjavafolder target/classes \
	-bintestfolder target/test-classes \
	-parameters x:x:maxCombinationVariableLimit:true:maxVarCombination:1000 \
	-dependencies /users2/cpca56132020/moliveira/.m2/repository/junit/junit/4.11/junit-4.11.jar:/users2/cpca56132020/moliveira/.m2/repository/org/hamcrest/hamcrest-core/1.3/hamcrest-core-1.3.jar;
	echo "\n\nNode: `hostname`\n";
	echo "\n\nDate: `date`\n";
Picked up JAVA_TOOL_OPTIONS: -Dfile.encoding=UTF8 -Duser.language=en-US -Duser.country=US -Duser.language=en
07:36:00.176 [main] ERROR fr.inria.astor.approaches.figra.ExpressionReplaceOperator - Replacement does not work for  modify weight_by_node to weight_by_node
07:36:00.544 [main] ERROR fr.inria.astor.approaches.figra.ExpressionReplaceOperator - Replacement does not work for  modify edge to edge
07:36:01.460 [main] ERROR fr.inria.astor.approaches.figra.ExpressionReplaceOperator - Replacement does not work for  modify weight_by_edge to weight_by_edge
07:36:02.199 [main] ERROR fr.inria.astor.approaches.figra.ExpressionReplaceOperator - Replacement does not work for  modify edge to edge
07:36:02.564 [main] ERROR fr.inria.astor.approaches.figra.ExpressionReplaceOperator - error to modify i++ to java_programs.SHORTEST_PATHS.INF | java_programs.SHORTEST_PATHS.INF
07:36:12.889 [main] ERROR fr.inria.astor.approaches.figra.ExpressionReplaceOperator - Replacement does not work for  modify weight_by_node.put(edge.get(1), java_programs.SHORTEST_PATHS.INF) to weight_by_node.put(edge.get(1), java_programs.SHORTEST_PATHS.INF)
07:36:23.100 [main] ERROR fr.inria.astor.approaches.figra.ExpressionReplaceOperator - Replacement does not work for  modify edge to edge
07:36:34.280 [main] ERROR fr.inria.astor.approaches.figra.ExpressionReplaceOperator - Replacement does not work for  modify weight_by_node to weight_by_node
07:36:56.915 [main] ERROR fr.inria.astor.approaches.figra.ExpressionReplaceOperator - Replacement does not work for  modify weight_by_edge to weight_by_edge
07:37:18.692 [main] ERROR fr.inria.astor.approaches.figra.ExpressionReplaceOperator - Replacement does not work for  modify weight_by_edge to weight_by_edge
07:37:52.408 [main] ERROR fr.inria.astor.approaches.figra.ExpressionReplaceOperator - Replacement does not work for  modify edge to edge
07:38:50.380 [main] ERROR fr.inria.astor.approaches.figra.ExpressionReplaceOperator - Replacement does not work for  modify weight_by_node to weight_by_node
07:39:01.064 [main] ERROR fr.inria.astor.approaches.figra.ExpressionReplaceOperator - Replacement does not work for  modify weight_by_node to weight_by_node
07:39:11.922 [main] ERROR fr.inria.astor.approaches.figra.ExpressionReplaceOperator - Replacement does not work for  modify new java.util.HashMap<java.lang.String, java.lang.Integer>() to new java.util.HashMap<java.lang.String, java.lang.Integer>()
07:40:02.353 [main] ERROR fr.inria.astor.approaches.figra.ExpressionReplaceOperator - Replacement does not work for  modify weight_by_node.put(source, 0) to weight_by_node.put(source, 0)
07:41:30.886 [main] ERROR fr.inria.astor.approaches.figra.ExpressionReplaceOperator - Replacement does not work for  modify weight_by_edge to weight_by_edge
07:41:54.848 [main] ERROR fr.inria.astor.approaches.figra.ExpressionReplaceOperator - Replacement does not work for  modify weight_by_node to weight_by_node
07:42:23.973 [main] ERROR fr.inria.astor.approaches.figra.ExpressionReplaceOperator - Replacement does not work for  modify source to source
07:43:05.559 [main] ERROR fr.inria.astor.approaches.figra.ExpressionReplaceOperator - Replacement does not work for  modify edge to edge
07:45:32.859 [main] ERROR fr.inria.astor.approaches.figra.ExpressionReplaceOperator - Replacement does not work for  modify edge.get(0) to edge.get(0)
07:47:36.482 [main] ERROR fr.inria.astor.approaches.figra.ExpressionReplaceOperator - Replacement does not work for  modify weight_by_node to weight_by_node
07:50:29.731 [main] ERROR fr.inria.astor.approaches.figra.ExpressionReplaceOperator - Replacement does not work for  modify weight_by_node.get(edge.get(0)) to weight_by_node.get(edge.get(0))
07:51:41.898 [main] ERROR fr.inria.astor.approaches.figra.ExpressionReplaceOperator - Replacement does not work for  modify weight_by_edge.keySet() to weight_by_edge.keySet()
07:54:56.562 [main] ERROR fr.inria.astor.approaches.figra.ExpressionReplaceOperator - Replacement does not work for  modify weight_by_edge.keySet() to weight_by_edge.keySet()
07:56:52.320 [main] ERROR fr.inria.astor.approaches.figra.ExpressionReplaceOperator - Replacement does not work for  modify weight_by_node.size() to weight_by_node.size()
07:58:39.778 [main] ERROR fr.inria.astor.approaches.figra.ExpressionReplaceOperator - Replacement does not work for  modify weight_by_node to weight_by_node
07:59:12.708 [main] ERROR fr.inria.astor.approaches.figra.ExpressionReplaceOperator - Replacement does not work for  modify edge to edge
08:08:34.589 [main] ERROR fr.inria.astor.approaches.figra.ExpressionReplaceOperator - Replacement does not work for  modify i < weight_by_node.size() to i < weight_by_node.size()
08:10:01.084 [main] ERROR fr.inria.astor.approaches.figra.ExpressionReplaceOperator - Replacement does not work for  modify edge.get(0) to edge.get(0)
08:14:48.746 [main] ERROR fr.inria.astor.approaches.figra.ExpressionReplaceOperator - Replacement does not work for  modify edge.get(1) to edge.get(1)
08:15:39.080 [main] ERROR fr.inria.astor.approaches.figra.ExpressionReplaceOperator - Replacement does not work for  modify 0 to 0
08:18:30.634 [main] ERROR fr.inria.astor.approaches.figra.ExpressionReplaceOperator - Replacement does not work for  modify 0 to 0
08:23:57.735 [main] ERROR fr.inria.astor.approaches.figra.ExpressionReplaceOperator - Replacement does not work for  modify weight_by_node.put(edge.get(0), java_programs.SHORTEST_PATHS.INF) to weight_by_node.put(edge.get(0), java_programs.SHORTEST_PATHS.INF)
08:24:48.776 [main] ERROR fr.inria.astor.approaches.figra.ExpressionReplaceOperator - Replacement does not work for  modify edge.get(1) to edge.get(1)
08:34:08.521 [main] ERROR fr.inria.astor.approaches.figra.ExpressionReplaceOperator - Replacement does not work for  modify 0 to 0
08:44:27.818 [main] ERROR fr.inria.astor.approaches.figra.ExpressionReplaceOperator - Replacement does not work for  modify i to i
09:12:29.497 [main] ERROR fr.inria.astor.approaches.figra.ExpressionReplaceOperator - Replacement does not work for  modify weight_by_edge.get(edge) to weight_by_edge.get(edge)
Astor Output:

General stats:
EXECUTION_IDENTIFIER=SHORTEST_PATHS-
TOTAL_TIME=7254.763
NR_GENERATIONS=351
NR_RIGHT_COMPILATIONS=301
NR_FAILLING_COMPILATIONS=50
NR_ERRONEOUS_VARIANCES=null
NR_FAILING_VALIDATION_PROCESS=null
OUTPUT_STATUS=TIME_OUT

Patch stats:


real	121m18.237s
user	1m36.907s
sys	0m18.155s
\n\nNode: hpc060.ncg.ingrid.pt\n
\n\nDate: Wed Mar 31 09:36:57 EDT 2021\n
