cd /users2/cpca56132020/moliveira/folders/Cardumen_9_QUIXBUGS_LEVENSHTEIN/Cardumen_QuixBugs_LEVENSHTEIN_;
export JAVA_TOOL_OPTIONS="-Dfile.encoding=UTF8 -Duser.language=en-US -Duser.country=US -Duser.language=en";
TZ="America/New_York"; export TZ;
export PATH="/usr/lib/jvm/java-1.8.0-openjdk/bin:$PATH";
export JAVA_HOME="/usr/lib/jvm/java-1.8.0-openjdk/bin";
time java -Xmx4g -Xms1g -cp /users2/cpca56132020/moliveira/RepairThemAll/script/../libs/jtestex7.jar:/users2/cpca56132020/moliveira/RepairThemAll/script/../repair_tools/astor.jar fr.inria.main.evolution.AstorMain \
	-mode cardumen \
	-location . \
	-id LEVENSHTEIN- \
	-failing java_testcases.junit.LEVENSHTEIN_Test \
	-jvm4testexecution /usr/lib/jvm/java-1.8.0-openjdk/bin \
	-jvm4evosuitetestexecution /usr/lib/jvm/java-1.8.0-openjdk/bin \
	-maxgen 1000000 \
	-maxtime 120 \
	-stopfirst false \
	-seed 9 \
	-scope package \
	-population 1 \
	-javacompliancelevel 8 \
	-srcjavafolder src/main/java \
	-srctestfolder src/test/java \
	-binjavafolder target/classes \
	-bintestfolder target/test-classes \
	-parameters x:x:maxCombinationVariableLimit:true:maxVarCombination:1000 \
	-dependencies /users2/cpca56132020/moliveira/.m2/repository/junit/junit/4.11/junit-4.11.jar:/users2/cpca56132020/moliveira/.m2/repository/org/hamcrest/hamcrest-core/1.3/hamcrest-core-1.3.jar;
	echo "\n\nNode: `hostname`\n";
	echo "\n\nDate: `date`\n";
Picked up JAVA_TOOL_OPTIONS: -Dfile.encoding=UTF8 -Duser.language=en-US -Duser.country=US -Duser.language=en
13:13:07.128 [main] ERROR fr.inria.astor.approaches.cardumen.ExpressionReplaceOperator - Replacement does not work for  modify target.substring(1) to target.substring(1)
13:13:08.820 [main] ERROR fr.inria.astor.approaches.cardumen.ExpressionReplaceOperator - Replacement does not work for  modify target.charAt(0) to target.charAt(0)
13:13:09.882 [main] ERROR fr.inria.astor.approaches.cardumen.ExpressionReplaceOperator - Replacement does not work for  modify target.substring(1) to target.substring(1)
13:13:11.405 [main] ERROR fr.inria.astor.approaches.cardumen.ExpressionReplaceOperator - Replacement does not work for  modify target.substring(1) to target.substring(1)
13:13:12.447 [main] ERROR fr.inria.astor.approaches.cardumen.ExpressionReplaceOperator - Replacement does not work for  modify source.substring(1) to source.substring(1)
13:13:29.225 [main] ERROR fr.inria.astor.approaches.cardumen.ExpressionReplaceOperator - Replacement does not work for  modify source.substring(1) to source.substring(1)
13:13:29.917 [main] ERROR fr.inria.astor.approaches.cardumen.ExpressionReplaceOperator - Replacement does not work for  modify source.charAt(0) == target.charAt(0) to source.charAt(0) == target.charAt(0)
13:13:41.011 [main] ERROR fr.inria.astor.approaches.cardumen.ExpressionReplaceOperator - Replacement does not work for  modify java_programs.LEVENSHTEIN.levenshtein(source.substring(1), target.substring(1)) to java_programs.LEVENSHTEIN.levenshtein(source.substring(1), target.substring(1))
13:13:42.396 [main] ERROR fr.inria.astor.approaches.cardumen.ExpressionReplaceOperator - Replacement does not work for  modify source.isEmpty() to source.isEmpty()
13:13:45.554 [main] ERROR fr.inria.astor.approaches.cardumen.ExpressionReplaceOperator - Replacement does not work for  modify source.substring(1) to source.substring(1)
13:13:52.133 [main] ERROR fr.inria.astor.approaches.cardumen.ExpressionReplaceOperator - Replacement does not work for  modify 1 + java_programs.LEVENSHTEIN.levenshtein(source.substring(1), target.substring(1)) to 1 + java_programs.LEVENSHTEIN.levenshtein(source.substring(1), target.substring(1))
13:13:57.605 [main] ERROR fr.inria.astor.approaches.cardumen.ExpressionReplaceOperator - Replacement does not work for  modify target.isEmpty() to target.isEmpty()
13:14:00.859 [main] ERROR fr.inria.astor.approaches.cardumen.ExpressionReplaceOperator - Replacement does not work for  modify source.charAt(0) to source.charAt(0)
13:14:12.814 [main] ERROR fr.inria.astor.approaches.cardumen.ExpressionReplaceOperator - Replacement does not work for  modify 1 + java.lang.Math.min(java.lang.Math.min(java_programs.LEVENSHTEIN.levenshtein(source, target.substring(1)), java_programs.LEVENSHTEIN.levenshtein(source.substring(1), target.substring(1))), java_programs.LEVENSHTEIN.levenshtein(source.substring(1), target)) to 1 + java.lang.Math.min(java.lang.Math.min(java_programs.LEVENSHTEIN.levenshtein(source, target.substring(1)), java_programs.LEVENSHTEIN.levenshtein(source.substring(1), target.substring(1))), java_programs.LEVENSHTEIN.levenshtein(source.substring(1), target))
13:14:16.661 [main] ERROR fr.inria.astor.approaches.cardumen.ExpressionReplaceOperator - Replacement does not work for  modify source.isEmpty() || target.isEmpty() to source.isEmpty() || target.isEmpty()
13:14:25.253 [main] ERROR fr.inria.astor.approaches.cardumen.ExpressionReplaceOperator - Replacement does not work for  modify java_programs.LEVENSHTEIN.levenshtein(source, target.substring(1)) to java_programs.LEVENSHTEIN.levenshtein(source, target.substring(1))
13:14:32.324 [main] ERROR fr.inria.astor.approaches.cardumen.ExpressionReplaceOperator - Replacement does not work for  modify java_programs.LEVENSHTEIN.levenshtein(source.substring(1), target.substring(1)) to java_programs.LEVENSHTEIN.levenshtein(source.substring(1), target.substring(1))
13:14:56.560 [main] ERROR fr.inria.astor.approaches.cardumen.ExpressionReplaceOperator - Replacement does not work for  modify java.lang.Math.min(java_programs.LEVENSHTEIN.levenshtein(source, target.substring(1)), java_programs.LEVENSHTEIN.levenshtein(source.substring(1), target.substring(1))) to java.lang.Math.min(java_programs.LEVENSHTEIN.levenshtein(source, target.substring(1)), java_programs.LEVENSHTEIN.levenshtein(source.substring(1), target.substring(1)))
13:15:04.992 [main] ERROR fr.inria.astor.approaches.cardumen.ExpressionReplaceOperator - Replacement does not work for  modify java.lang.Math.min(java.lang.Math.min(java_programs.LEVENSHTEIN.levenshtein(source, target.substring(1)), java_programs.LEVENSHTEIN.levenshtein(source.substring(1), target.substring(1))), java_programs.LEVENSHTEIN.levenshtein(source.substring(1), target)) to java.lang.Math.min(java.lang.Math.min(java_programs.LEVENSHTEIN.levenshtein(source, target.substring(1)), java_programs.LEVENSHTEIN.levenshtein(source.substring(1), target.substring(1))), java_programs.LEVENSHTEIN.levenshtein(source.substring(1), target))
13:15:38.194 [main] ERROR fr.inria.astor.approaches.cardumen.ExpressionReplaceOperator - Replacement does not work for  modify source.isEmpty() to source.isEmpty()
13:15:52.690 [main] ERROR fr.inria.astor.approaches.cardumen.ExpressionReplaceOperator - Replacement does not work for  modify source.isEmpty() ? target.length() : source.length() to source.isEmpty() ? target.length() : source.length()
13:17:04.464 [main] ERROR fr.inria.astor.approaches.cardumen.ExpressionReplaceOperator - Replacement does not work for  modify java_programs.LEVENSHTEIN.levenshtein(source.substring(1), target) to java_programs.LEVENSHTEIN.levenshtein(source.substring(1), target)
Astor Output:

General stats:
EXECUTION_IDENTIFIER=LEVENSHTEIN-
TOTAL_TIME=7200.014
NR_GENERATIONS=374
NR_RIGHT_COMPILATIONS=374
NR_FAILLING_COMPILATIONS=null
NR_ERRONEOUS_VARIANCES=null
NR_FAILING_VALIDATION_PROCESS=null
OUTPUT_STATUS=TIME_OUT

Patch stats:

Patch 1
VARIANT_ID=38
TIME=14
VALIDATION=|true|0|6|[]|
GENERATION=19
FOLDER_SOLUTION_CODE=/users2/cpca56132020/moliveira/folders/Cardumen_9_QUIXBUGS_LEVENSHTEIN/Cardumen_QuixBugs_LEVENSHTEIN_/./output_astor/AstorMain-LEVENSHTEIN-//src//variant-38
--Patch Hunk #1
OPERATOR=ExpressionReplaceOperator

LOCATION=java_programs.LEVENSHTEIN

PATH=/users2/cpca56132020/moliveira/folders/Cardumen_9_QUIXBUGS_LEVENSHTEIN/Cardumen_QuixBugs_LEVENSHTEIN_/src/main/java/LEVENSHTEIN.java

MODIFIED_FILE_PATH=/users2/cpca56132020/moliveira/folders/Cardumen_9_QUIXBUGS_LEVENSHTEIN/Cardumen_QuixBugs_LEVENSHTEIN_/./output_astor/AstorMain-LEVENSHTEIN-//src//variant-38/java_programs/LEVENSHTEIN.java

LINE=17

SUSPICIOUNESS=1

MP_RANKING=6

ORIGINAL_CODE=1 + java_programs.LEVENSHTEIN.levenshtein(source.substring(1), target.substring(1))

BUGGY_CODE_TYPE=CtBinaryOperatorImpl|CtReturnImpl

PATCH_HUNK_CODE=java_programs.LEVENSHTEIN.levenshtein(target.substring(1), source.substring(1))

PATCH_HUNK_TYPE=CtInvocationImpl|CtReturnImpl

INGREDIENT_SCOPE=-

INGREDIENT_PARENT=java_programs.LEVENSHTEIN.levenshtein(_String_0.substring(1), _String_1.substring(1))

PATCH_DIFF_ORIG=--- /users2/cpca56132020/moliveira/folders/Cardumen_9_QUIXBUGS_LEVENSHTEIN/Cardumen_QuixBugs_LEVENSHTEIN_/src/main/java/LEVENSHTEINjava
+++ /users2/cpca56132020/moliveira/folders/Cardumen_9_QUIXBUGS_LEVENSHTEIN/Cardumen_QuixBugs_LEVENSHTEIN_/src/main/java/LEVENSHTEINjava
@@ -17 +17 @@
-			return 1 + java_programs.LEVENSHTEIN.levenshtein(source.substring(1), target.substring(1));
+			return java_programs.LEVENSHTEIN.levenshtein(target.substring(1), source.substring(1));



Patch 2
VARIANT_ID=226
TIME=93
VALIDATION=|true|0|6|[]|
GENERATION=113
FOLDER_SOLUTION_CODE=/users2/cpca56132020/moliveira/folders/Cardumen_9_QUIXBUGS_LEVENSHTEIN/Cardumen_QuixBugs_LEVENSHTEIN_/./output_astor/AstorMain-LEVENSHTEIN-//src//variant-226
--Patch Hunk #1
OPERATOR=ExpressionReplaceOperator

LOCATION=java_programs.LEVENSHTEIN

PATH=/users2/cpca56132020/moliveira/folders/Cardumen_9_QUIXBUGS_LEVENSHTEIN/Cardumen_QuixBugs_LEVENSHTEIN_/src/main/java/LEVENSHTEIN.java

MODIFIED_FILE_PATH=/users2/cpca56132020/moliveira/folders/Cardumen_9_QUIXBUGS_LEVENSHTEIN/Cardumen_QuixBugs_LEVENSHTEIN_/./output_astor/AstorMain-LEVENSHTEIN-//src//variant-226/java_programs/LEVENSHTEIN.java

LINE=17

SUSPICIOUNESS=1

MP_RANKING=6

ORIGINAL_CODE=1 + java_programs.LEVENSHTEIN.levenshtein(source.substring(1), target.substring(1))

BUGGY_CODE_TYPE=CtBinaryOperatorImpl|CtReturnImpl

PATCH_HUNK_CODE=java.lang.Math.min(
java_programs.LEVENSHTEIN.levenshtein(target, source.substring(1)), 
java_programs.LEVENSHTEIN.levenshtein(target.substring(1), source.substring(1)))

PATCH_HUNK_TYPE=CtInvocationImpl|CtReturnImpl

INGREDIENT_SCOPE=-

INGREDIENT_PARENT=java.lang.Math.min(
java_programs.LEVENSHTEIN.levenshtein(_String_0, _String_1.substring(1)), 
java_programs.LEVENSHTEIN.levenshtein(_String_0.substring(1), _String_1.substring(1)))

PATCH_DIFF_ORIG=--- /users2/cpca56132020/moliveira/folders/Cardumen_9_QUIXBUGS_LEVENSHTEIN/Cardumen_QuixBugs_LEVENSHTEIN_/src/main/java/LEVENSHTEINjava
+++ /users2/cpca56132020/moliveira/folders/Cardumen_9_QUIXBUGS_LEVENSHTEIN/Cardumen_QuixBugs_LEVENSHTEIN_/src/main/java/LEVENSHTEINjava
@@ -17,5 +17,5 @@
-			return 1 + java_programs.LEVENSHTEIN.levenshtein(source.substring(1), target.substring(1));
-		} else {
-			return 1 + java.lang.Math.min(java.lang.Math.min(
-			java_programs.LEVENSHTEIN.levenshtein(source, target.substring(1)), 
-			java_programs.LEVENSHTEIN.levenshtein(source.substring(1), target.substring(1))), 
+			return 
+
+			java.lang.Math.min(
+			java_programs.LEVENSHTEIN.levenshtein(target, source.substring(1)), 
+			java_programs.LEVENSHTEIN.levenshtein(target.substring(1), source.substring(1)));} else { 			return 1 + java.lang.Math.min(java.lang.Math.min(java_programs.LEVENSHTEIN.levenshtein(source, target.substring(1)), java_programs.LEVENSHTEIN.levenshtein(source.substring(1), target.substring(1))), 



Patch 3
VARIANT_ID=350
TIME=141
VALIDATION=|true|0|6|[]|
GENERATION=175
FOLDER_SOLUTION_CODE=/users2/cpca56132020/moliveira/folders/Cardumen_9_QUIXBUGS_LEVENSHTEIN/Cardumen_QuixBugs_LEVENSHTEIN_/./output_astor/AstorMain-LEVENSHTEIN-//src//variant-350
--Patch Hunk #1
OPERATOR=ExpressionReplaceOperator

LOCATION=java_programs.LEVENSHTEIN

PATH=/users2/cpca56132020/moliveira/folders/Cardumen_9_QUIXBUGS_LEVENSHTEIN/Cardumen_QuixBugs_LEVENSHTEIN_/src/main/java/LEVENSHTEIN.java

MODIFIED_FILE_PATH=/users2/cpca56132020/moliveira/folders/Cardumen_9_QUIXBUGS_LEVENSHTEIN/Cardumen_QuixBugs_LEVENSHTEIN_/./output_astor/AstorMain-LEVENSHTEIN-//src//variant-350/java_programs/LEVENSHTEIN.java

LINE=17

SUSPICIOUNESS=1

MP_RANKING=6

ORIGINAL_CODE=1 + java_programs.LEVENSHTEIN.levenshtein(source.substring(1), target.substring(1))

BUGGY_CODE_TYPE=CtBinaryOperatorImpl|CtReturnImpl

PATCH_HUNK_CODE=java_programs.LEVENSHTEIN.levenshtein(source.substring(1), target.substring(1))

PATCH_HUNK_TYPE=CtInvocationImpl|CtReturnImpl

INGREDIENT_SCOPE=-

INGREDIENT_PARENT=java_programs.LEVENSHTEIN.levenshtein(_String_0.substring(1), _String_1.substring(1))

PATCH_DIFF_ORIG=--- /users2/cpca56132020/moliveira/folders/Cardumen_9_QUIXBUGS_LEVENSHTEIN/Cardumen_QuixBugs_LEVENSHTEIN_/src/main/java/LEVENSHTEINjava
+++ /users2/cpca56132020/moliveira/folders/Cardumen_9_QUIXBUGS_LEVENSHTEIN/Cardumen_QuixBugs_LEVENSHTEIN_/src/main/java/LEVENSHTEINjava
@@ -17 +17 @@
-			return 1 + java_programs.LEVENSHTEIN.levenshtein(source.substring(1), target.substring(1));
+			return java_programs.LEVENSHTEIN.levenshtein(source.substring(1), target.substring(1));



Patch 4
VARIANT_ID=664
TIME=248
VALIDATION=|true|0|6|[]|
GENERATION=332
FOLDER_SOLUTION_CODE=/users2/cpca56132020/moliveira/folders/Cardumen_9_QUIXBUGS_LEVENSHTEIN/Cardumen_QuixBugs_LEVENSHTEIN_/./output_astor/AstorMain-LEVENSHTEIN-//src//variant-664
--Patch Hunk #1
OPERATOR=ExpressionReplaceOperator

LOCATION=java_programs.LEVENSHTEIN

PATH=/users2/cpca56132020/moliveira/folders/Cardumen_9_QUIXBUGS_LEVENSHTEIN/Cardumen_QuixBugs_LEVENSHTEIN_/src/main/java/LEVENSHTEIN.java

MODIFIED_FILE_PATH=/users2/cpca56132020/moliveira/folders/Cardumen_9_QUIXBUGS_LEVENSHTEIN/Cardumen_QuixBugs_LEVENSHTEIN_/./output_astor/AstorMain-LEVENSHTEIN-//src//variant-664/java_programs/LEVENSHTEIN.java

LINE=17

SUSPICIOUNESS=1

MP_RANKING=6

ORIGINAL_CODE=1 + java_programs.LEVENSHTEIN.levenshtein(source.substring(1), target.substring(1))

BUGGY_CODE_TYPE=CtBinaryOperatorImpl|CtReturnImpl

PATCH_HUNK_CODE=java.lang.Math.min(
java_programs.LEVENSHTEIN.levenshtein(source, target.substring(1)), 
java_programs.LEVENSHTEIN.levenshtein(source.substring(1), target.substring(1)))

PATCH_HUNK_TYPE=CtInvocationImpl|CtReturnImpl

INGREDIENT_SCOPE=-

INGREDIENT_PARENT=java.lang.Math.min(
java_programs.LEVENSHTEIN.levenshtein(_String_0, _String_1.substring(1)), 
java_programs.LEVENSHTEIN.levenshtein(_String_0.substring(1), _String_1.substring(1)))

PATCH_DIFF_ORIG=--- /users2/cpca56132020/moliveira/folders/Cardumen_9_QUIXBUGS_LEVENSHTEIN/Cardumen_QuixBugs_LEVENSHTEIN_/src/main/java/LEVENSHTEINjava
+++ /users2/cpca56132020/moliveira/folders/Cardumen_9_QUIXBUGS_LEVENSHTEIN/Cardumen_QuixBugs_LEVENSHTEIN_/src/main/java/LEVENSHTEINjava
@@ -17,3 +17,3 @@
-			return 1 + java_programs.LEVENSHTEIN.levenshtein(source.substring(1), target.substring(1));
-		} else {
-			return 1 + java.lang.Math.min(java.lang.Math.min(
+			return 
+
+			java.lang.Math.min(
@@ -21 +21 @@
-			java_programs.LEVENSHTEIN.levenshtein(source.substring(1), target.substring(1))), 
+			java_programs.LEVENSHTEIN.levenshtein(source.substring(1), target.substring(1)));} else { 			return 1 + java.lang.Math.min(java.lang.Math.min(java_programs.LEVENSHTEIN.levenshtein(source, target.substring(1)), java_programs.LEVENSHTEIN.levenshtein(source.substring(1), target.substring(1))), 




real	120m8.076s
user	119m45.544s
sys	0m15.967s
\n\nNode: hpc060.ncg.ingrid.pt\n
\n\nDate: Wed Apr  7 15:13:06 EDT 2021\n
