cd /users2/cpca56132020/moliveira/folders/Figra_IntroClassJava_median-3cf6d33ab0357953aa5826c67dc74c4aa483f16ef04c973a68d58cda6f19ea712954b24f366f880b9c18b628c6605eabc4d3e80dc4aa120fac80fe680e2e708f-007/Figra_IntroClassJava_median_3cf6d33ab0357953aa5826c67dc74c4aa483f16ef04c973a68d58cda6f19ea712954b24f366f880b9c18b628c6605eabc4d3e80dc4aa120fac80fe680e2e708f-007;
export JAVA_TOOL_OPTIONS="-Dfile.encoding=UTF8 -Duser.language=en-US -Duser.country=US -Duser.language=en";
TZ="America/New_York"; export TZ;
export PATH="/usr/lib/jvm/java-1.8.0-openjdk/bin/:$PATH";
export JAVA_HOME="/usr/lib/jvm/java-1.8.0-openjdk/bin/";
time java -Xmx4g -Xms1g -cp /users2/cpca56132020/moliveira/RepairThemAll/script/../libs/jtestex7.jar:/users2/cpca56132020/moliveira/RepairThemAll/script/../repair_tools/astor.jar fr.inria.main.evolution.AstorMain \
	-mode figra \
	-location . \
	-id median-3cf6d33ab0357953aa5826c67dc74c4aa483f16ef04c973a68d58cda6f19ea712954b24f366f880b9c18b628c6605eabc4d3e80dc4aa120fac80fe680e2e708f-007 \
	-failing introclassJava.median_3cf6d33a_007BlackboxTest:introclassJava.median_3cf6d33a_007WhiteboxTest \
	-jvm4testexecution /users2/cpca56132020/moliveira/jdk1.7.0_80/bin/ \
	-jvm4evosuitetestexecution /users2/cpca56132020/moliveira/jdk1.7.0_80/bin/ \
	-maxgen 1000000 \
	-maxtime 120 \
	-stopfirst false \
	-seed 28 \
	-scope package \
	-population 1 \
	-javacompliancelevel 7 \
	-srcjavafolder src/main/java \
	-srctestfolder src/test/java \
	-binjavafolder  \
	-bintestfolder  \
	-parameters x:x:maxCombinationVariableLimit:true:maxVarCombination:1000 \
	-dependencies /users2/cpca56132020/moliveira/.m2/repository/junit/junit/4.11/junit-4.11.jar:/users2/cpca56132020/moliveira/.m2/repository/org/hamcrest/hamcrest-core/1.3/hamcrest-core-1.3.jar;
	echo "\n\nNode: `hostname`\n";
	echo "\n\nDate: `date`\n";
Picked up JAVA_TOOL_OPTIONS: -Dfile.encoding=UTF8 -Duser.language=en-US -Duser.country=US -Duser.language=en
Picked up _JAVA_OPTIONS: -Xmx512m -Xms256m
WARNING: sun.reflect.Reflection.getCallerClass is not supported. This will impact performance.
Exception in thread "main" org.apache.commons.cli.MissingArgumentException: Missing argument for option: binjavafolder
	at org.apache.commons.cli.Parser.processArgs(Parser.java:363)
	at org.apache.commons.cli.Parser.processOption(Parser.java:395)
	at org.apache.commons.cli.Parser.parse(Parser.java:210)
	at org.apache.commons.cli.Parser.parse(Parser.java:88)
	at fr.inria.main.AbstractMain.processArguments(AbstractMain.java:337)
	at fr.inria.main.evolution.AstorMain.execute(AstorMain.java:203)
	at fr.inria.main.evolution.AstorMain.main(AstorMain.java:199)

real	0m1.165s
user	0m1.016s
sys	0m0.098s
\n\nNode: hpc062.ncg.ingrid.pt\n
\n\nDate: Tue Apr 13 06:10:32 EDT 2021\n
