cd /users2/cpca56132020/moliveira/folders/Nopol_QUIXBUGS_TOPOLOGICAL_ORDERING/Nopol_QuixBugs_TOPOLOGICAL_ORDERING_;
export JAVA_TOOL_OPTIONS="-Dfile.encoding=UTF8 -Duser.language=en-US -Duser.country=US -Duser.language=en";
TZ="America/New_York"; export TZ;
export PATH="/usr/lib/jvm/java-1.8.0-openjdk/bin:$PATH";
export JAVA_HOME="/usr/lib/jvm/java-1.8.0-openjdk/bin";
time java -Xmx4g -Xms1g -cp /users2/cpca56132020/moliveira/RepairThemAll/script/../repair_tools/nopol.jar:/usr/lib/jvm/java-1.8.0-openjdk/bin/../lib/tools.jar fr.inria.lille.repair.Main \
	--mode repair \
	--type pre_then_cond \
	--oracle angelic \
	--synthesis smt \
	--flocal gzoltar \
	--json \
	--solver z3 \
	--solver-path /users2/cpca56132020/moliveira/RepairThemAll/script/../libs/z3/build/z3 \
	--complianceLevel 8 \
	--source src/main/java \
	--classpath "target/classes:target/test-classes:/users2/cpca56132020/moliveira/.m2/repository/junit/junit/4.11/junit-4.11.jar:/users2/cpca56132020/moliveira/.m2/repository/org/hamcrest/hamcrest-core/1.3/hamcrest-core-1.3.jar:/users2/cpca56132020/moliveira/RepairThemAll/script/../repair_tools/nopol.jar";
	echo "\n\nNode: `hostname`\n";
	echo "\n\nDate: `date`\n";
Picked up JAVA_TOOL_OPTIONS: -Dfile.encoding=UTF8 -Duser.language=en-US -Duser.country=US -Duser.language=en
10:00:50.467 [main] INFO  fr.inria.lille.repair.nopol.NoPol - Source files: [src/main/java]
10:00:50.470 [main] INFO  fr.inria.lille.repair.nopol.NoPol - Classpath: [file:/users2/cpca56132020/moliveira/folders/Nopol_QUIXBUGS_TOPOLOGICAL_ORDERING/Nopol_QuixBugs_TOPOLOGICAL_ORDERING_/target/classes/, file:/users2/cpca56132020/moliveira/folders/Nopol_QUIXBUGS_TOPOLOGICAL_ORDERING/Nopol_QuixBugs_TOPOLOGICAL_ORDERING_/target/test-classes/, file:/users2/cpca56132020/moliveira/.m2/repository/junit/junit/4.11/junit-4.11.jar, file:/users2/cpca56132020/moliveira/.m2/repository/org/hamcrest/hamcrest-core/1.3/hamcrest-core-1.3.jar, file:/users2/cpca56132020/moliveira/RepairThemAll/script/../repair_tools/nopol.jar]
10:00:50.470 [main] INFO  fr.inria.lille.repair.nopol.NoPol - Statement type: PRE_THEN_COND
10:00:50.471 [main] INFO  fr.inria.lille.repair.nopol.NoPol - Args: [java_testcases.junit.TOPOLOGICAL_ORDERING_Test]
10:00:50.473 [main] INFO  fr.inria.lille.repair.nopol.NoPol - Config: Config{synthesisDepth=3, collectStaticMethods=true, collectStaticFields=false, collectLiterals=false, onlyOneSynthesisResult=true, sortExpressions=true, maxLineInvocationPerTest=250, timeoutMethodInvocation=2000, dataCollectionTimeoutInSecondForSynthesis=900, addWeight=0.19478, subWeight=0.04554, mulWeight=0.0102, divWeight=0.00613, andWeight=0.10597, orWeight=0.05708, eqWeight=0.22798, nEqWeight=0.0, lessEqWeight=0.0255, lessWeight=0.0947, methodCallWeight=0.1, fieldAccessWeight=0.08099, constantWeight=0.14232, variableWeight=0.05195, mode=REPAIR, type=PRE_THEN_COND, synthesis=SMT, oracle=ANGELIC, solver=Z3, solverPath='/users2/cpca56132020/moliveira/RepairThemAll/script/../libs/z3/build/z3', projectSources=[src/main/java], projectClasspath='[Ljava.net.URL;@16c0663d', projectTests=[java_testcases.junit.TOPOLOGICAL_ORDERING_Test], complianceLevel=8, outputFolder=., json=true}
10:00:50.473 [main] INFO  fr.inria.lille.repair.nopol.NoPol - Available processors (cores): 1
10:00:50.476 [main] INFO  fr.inria.lille.repair.nopol.NoPol - Free memory: 968 MB
10:00:50.476 [main] INFO  fr.inria.lille.repair.nopol.NoPol - Maximum memory: 3 GB
10:00:50.476 [main] INFO  fr.inria.lille.repair.nopol.NoPol - Total memory available to JVM: 989 MB
10:00:50.476 [main] INFO  fr.inria.lille.repair.nopol.NoPol - Java version: 1.8.0_272
10:00:50.482 [main] INFO  fr.inria.lille.repair.nopol.NoPol - JAVA_HOME: /usr/lib/jvm/java-1.8.0-openjdk/bin
10:00:50.482 [main] INFO  fr.inria.lille.repair.nopol.NoPol - PATH: /usr/lib/jvm/java-1.8.0-openjdk/bin:/users2/cpca56132020/moliveira/deps/Maven/apache-maven/bin:/users2/cpca56132020/moliveira/deps/Gradle/gradle-6.8.3/bin:/usr/condabin:/usr/local/bin:/usr/bin:/usr/local/sbin:/usr/sbin:/users2/cpca56132020/moliveira/.local/bin:/users2/cpca56132020/moliveira/bin
10:01:00.829 [pool-2-thread-1] DEBUG fr.inria.lille.repair.nopol.NoPol - statement #1
10:01:00.831 [pool-2-thread-1] DEBUG fr.inria.lille.repair.nopol.NoPol - Analysing SourceLocation java_programs.TOPOLOGICAL_ORDERING:23 which is executed by 3 tests
-108092635
10:01:01.002 [pool-2-thread-1] DEBUG fr.inria.lille.repair.nopol.NoPol - statement #2
10:01:01.002 [pool-2-thread-1] DEBUG fr.inria.lille.repair.nopol.NoPol - Analysing SourceLocation java_programs.TOPOLOGICAL_ORDERING:21 which is executed by 3 tests
-108092635
10:01:01.098 [pool-2-thread-1] DEBUG fr.inria.lille.repair.nopol.NoPol - statement #3
10:01:01.099 [pool-2-thread-1] DEBUG fr.inria.lille.repair.nopol.NoPol - Analysing SourceLocation java_programs.TOPOLOGICAL_ORDERING:17 which is executed by 3 tests
-108092635
10:01:01.160 [pool-2-thread-1] DEBUG fr.inria.lille.repair.nopol.NoPol - looking with class fr.inria.lille.repair.nopol.spoon.smt.ConditionalAdder
10:01:01.948 [pool-3-thread-1] DEBUG tests.output - Failing tests with false: 
[test2(java_testcases.junit.TOPOLOGICAL_ORDERING_Test): expected:<4 5 [0 2 3 1 ]> but was:<4 5 []>, test3(java_testcases.junit.TOPOLOGICAL_ORDERING_Test): expected:<...bl oil heat griddle [1 cup mix pour 1/4 cup heat syrup turn when bubbly eat ]> but was:<...bl oil heat griddle []>, test1(java_testcases.junit.TOPOLOGICAL_ORDERING_Test): expected:<5 7 3 [11 8 10 2 9 ]> but was:<5 7 3 []>]
10:01:01.949 [pool-3-thread-1] DEBUG tests.output - Failing tests with true: 
[test2(java_testcases.junit.TOPOLOGICAL_ORDERING_Test): expected:<4 5 0 [2 3 ]1 > but was:<4 5 0 []1 >, test3(java_testcases.junit.TOPOLOGICAL_ORDERING_Test): expected:<...bl oil heat griddle [1 cup mix pour 1/4 cup heat syrup turn when bubbly eat ]> but was:<...bl oil heat griddle []>, test1(java_testcases.junit.TOPOLOGICAL_ORDERING_Test): expected:<5 7 3 1[1 8 10 2 9] > but was:<5 7 3 1[0] >]
10:01:01.949 [pool-3-thread-1] INFO  f.i.l.r.n.synth.SMTNopolSynthesizer - Not enough specifications: 0. A trivial patch is "true" or "false", please write new tests specifying SourceLocation java_programs.TOPOLOGICAL_ORDERING:17.
10:01:01.949 [pool-2-thread-1] DEBUG fr.inria.lille.repair.nopol.NoPol - looking with class fr.inria.lille.repair.nopol.spoon.smt.ConditionalReplacer
10:01:02.229 [pool-11-thread-1] DEBUG tests.output - Failing tests with false: 
[test2(java_testcases.junit.TOPOLOGICAL_ORDERING_Test): expected:<4 5 [0 2 3 1 ]> but was:<4 5 []>, test3(java_testcases.junit.TOPOLOGICAL_ORDERING_Test): expected:<...bl oil heat griddle [1 cup mix pour 1/4 cup heat syrup turn when bubbly eat ]> but was:<...bl oil heat griddle []>, test1(java_testcases.junit.TOPOLOGICAL_ORDERING_Test): expected:<5 7 3 [11 8 10 2 9 ]> but was:<5 7 3 []>]
10:01:02.229 [pool-11-thread-1] DEBUG tests.output - Failing tests with true: 
[test2(java_testcases.junit.TOPOLOGICAL_ORDERING_Test): expected:<4 5 0 [2] 3 1 > but was:<4 5 0 [1 2 0] 3 1 >, test3(java_testcases.junit.TOPOLOGICAL_ORDERING_Test): expected:<...t griddle 1 cup mix [pour 1/4 cup heat syrup turn when bubbly] eat > but was:<...t griddle 1 cup mix [1 cup mix 1 cup mix pour 1/4 cup heat syrup pour 1/4 cup heat syrup pour 1/4 cup heat syrup pour 1/4 cup turn when bubbly eat turn when bubbly eat turn when bubbly eat turn when bubbly eat eat eat] eat >, test1(java_testcases.junit.TOPOLOGICAL_ORDERING_Test): expected:<5 7 3 11 [8 10 2] 9 > but was:<5 7 3 11 [11 8 8 10 2 9 10 2 9 10 9] 9 >]
10:01:02.229 [pool-11-thread-1] INFO  f.i.l.r.n.synth.SMTNopolSynthesizer - Not enough specifications: 0. A trivial patch is "true" or "false", please write new tests specifying SourceLocation java_programs.TOPOLOGICAL_ORDERING:17.
10:01:02.229 [pool-2-thread-1] DEBUG fr.inria.lille.repair.nopol.NoPol - statement #4
10:01:02.229 [pool-2-thread-1] DEBUG fr.inria.lille.repair.nopol.NoPol - Analysing SourceLocation java_programs.TOPOLOGICAL_ORDERING:16 which is executed by 3 tests
-108092635
10:01:02.282 [pool-2-thread-1] DEBUG fr.inria.lille.repair.nopol.NoPol - looking with class fr.inria.lille.repair.nopol.spoon.smt.ConditionalAdder
10:01:02.573 [pool-19-thread-1] DEBUG tests.output - Failing tests with false: 
[test2(java_testcases.junit.TOPOLOGICAL_ORDERING_Test): expected:<4 5 [0 2 3 1 ]> but was:<4 5 []>, test3(java_testcases.junit.TOPOLOGICAL_ORDERING_Test): expected:<...bl oil heat griddle [1 cup mix pour 1/4 cup heat syrup turn when bubbly eat ]> but was:<...bl oil heat griddle []>, test1(java_testcases.junit.TOPOLOGICAL_ORDERING_Test): expected:<5 7 3 [11 8 10 2 9 ]> but was:<5 7 3 []>]
10:01:02.574 [pool-19-thread-1] DEBUG tests.output - Failing tests with true: 
[test2(java_testcases.junit.TOPOLOGICAL_ORDERING_Test): expected:<4 5 0 [2 3 ]1 > but was:<4 5 0 []1 >, test3(java_testcases.junit.TOPOLOGICAL_ORDERING_Test): expected:<...bl oil heat griddle [1 cup mix pour 1/4 cup heat syrup turn when bubbly eat ]> but was:<...bl oil heat griddle []>, test1(java_testcases.junit.TOPOLOGICAL_ORDERING_Test): expected:<5 7 3 1[1 8 10 2 9] > but was:<5 7 3 1[0] >]
10:01:02.574 [pool-19-thread-1] INFO  f.i.l.r.n.synth.SMTNopolSynthesizer - Not enough specifications: 0. A trivial patch is "true" or "false", please write new tests specifying SourceLocation java_programs.TOPOLOGICAL_ORDERING:16.
10:01:02.574 [pool-2-thread-1] DEBUG fr.inria.lille.repair.nopol.NoPol - statement #5
10:01:02.574 [pool-2-thread-1] DEBUG fr.inria.lille.repair.nopol.NoPol - Analysing SourceLocation java_programs.TOPOLOGICAL_ORDERING:15 which is executed by 3 tests
-108092635
10:01:02.643 [pool-2-thread-1] DEBUG fr.inria.lille.repair.nopol.NoPol - statement #6
10:01:02.643 [pool-2-thread-1] DEBUG fr.inria.lille.repair.nopol.NoPol - Analysing SourceLocation java_programs.TOPOLOGICAL_ORDERING:14 which is executed by 3 tests
-108092635
10:01:02.722 [pool-2-thread-1] DEBUG fr.inria.lille.repair.nopol.NoPol - looking with class fr.inria.lille.repair.nopol.spoon.smt.ConditionalAdder
10:01:03.002 [pool-27-thread-1] DEBUG tests.output - Failing tests with false: 
[test2(java_testcases.junit.TOPOLOGICAL_ORDERING_Test): expected:<4 5 [0 2 3 1 ]> but was:<4 5 []>, test3(java_testcases.junit.TOPOLOGICAL_ORDERING_Test): expected:<...bl oil heat griddle [1 cup mix pour 1/4 cup heat syrup turn when bubbly eat ]> but was:<...bl oil heat griddle []>, test1(java_testcases.junit.TOPOLOGICAL_ORDERING_Test): expected:<5 7 3 [11 8 10 2 9 ]> but was:<5 7 3 []>]
10:01:03.002 [pool-27-thread-1] DEBUG tests.output - Failing tests with true: 
[test2(java_testcases.junit.TOPOLOGICAL_ORDERING_Test): expected:<4 5 0 [2 3 ]1 > but was:<4 5 0 []1 >, test3(java_testcases.junit.TOPOLOGICAL_ORDERING_Test): expected:<...bl oil heat griddle [1 cup mix pour 1/4 cup heat syrup turn when bubbly eat ]> but was:<...bl oil heat griddle []>, test1(java_testcases.junit.TOPOLOGICAL_ORDERING_Test): expected:<5 7 3 1[1 8 10 2 9] > but was:<5 7 3 1[0] >]
10:01:03.002 [pool-27-thread-1] INFO  f.i.l.r.n.synth.SMTNopolSynthesizer - Not enough specifications: 0. A trivial patch is "true" or "false", please write new tests specifying SourceLocation java_programs.TOPOLOGICAL_ORDERING:14.
10:01:03.002 [pool-2-thread-1] DEBUG fr.inria.lille.repair.nopol.NoPol - statement #7
10:01:03.002 [pool-2-thread-1] DEBUG fr.inria.lille.repair.nopol.NoPol - Analysing SourceLocation java_programs.TOPOLOGICAL_ORDERING:13 which is executed by 3 tests
-108092635
10:01:03.068 [pool-2-thread-1] DEBUG fr.inria.lille.repair.nopol.NoPol - statement #8
10:01:03.068 [pool-2-thread-1] DEBUG fr.inria.lille.repair.nopol.NoPol - Analysing SourceLocation java_programs.TOPOLOGICAL_ORDERING:11 which is executed by 3 tests
-108092635
10:01:03.136 [pool-2-thread-1] DEBUG fr.inria.lille.repair.nopol.NoPol - statement #9
10:01:03.136 [pool-2-thread-1] DEBUG fr.inria.lille.repair.nopol.NoPol - Analysing SourceLocation java_programs.TOPOLOGICAL_ORDERING:9 which is executed by 3 tests
-108092635
10:01:03.209 [pool-2-thread-1] DEBUG fr.inria.lille.repair.nopol.NoPol - looking with class fr.inria.lille.repair.nopol.spoon.smt.ConditionalAdder
10:01:03.437 [pool-35-thread-1] DEBUG tests.output - Failing tests with false: 
[test2(java_testcases.junit.TOPOLOGICAL_ORDERING_Test): expected:<[4 5 0 2 3 1 ]> but was:<[]>, test3(java_testcases.junit.TOPOLOGICAL_ORDERING_Test): expected:<[3/4 cup milk 1 egg 1 Tbl oil heat griddle 1 cup mix pour 1/4 cup heat syrup turn when bubbly eat ]> but was:<[]>, test1(java_testcases.junit.TOPOLOGICAL_ORDERING_Test): expected:<[5 7 3 11 8 10 2 9 ]> but was:<[]>]
10:01:03.437 [pool-35-thread-1] DEBUG tests.output - Failing tests with true: 
[test2(java_testcases.junit.TOPOLOGICAL_ORDERING_Test): expected:<4 5 0 [2 3 ]1 > but was:<4 5 0 []1 >, test3(java_testcases.junit.TOPOLOGICAL_ORDERING_Test): expected:<...bl oil heat griddle [1 cup mix pour 1/4 cup heat syrup turn when bubbly eat ]> but was:<...bl oil heat griddle []>, test1(java_testcases.junit.TOPOLOGICAL_ORDERING_Test): expected:<5 7 3 1[1 8 10 2 9] > but was:<5 7 3 1[0] >]
10:01:03.437 [pool-35-thread-1] INFO  f.i.l.r.n.synth.SMTNopolSynthesizer - Not enough specifications: 0. A trivial patch is "true" or "false", please write new tests specifying SourceLocation java_programs.TOPOLOGICAL_ORDERING:9.
10:01:03.437 [pool-2-thread-1] DEBUG fr.inria.lille.repair.nopol.NoPol - statement #10
10:01:03.437 [pool-2-thread-1] DEBUG fr.inria.lille.repair.nopol.NoPol - Analysing SourceLocation java_programs.TOPOLOGICAL_ORDERING:8 which is executed by 3 tests
-108092635
10:01:03.513 [pool-2-thread-1] DEBUG fr.inria.lille.repair.nopol.NoPol - looking with class fr.inria.lille.repair.nopol.spoon.smt.ConditionalAdder
10:01:03.725 [pool-43-thread-1] DEBUG tests.output - Failing tests with false: 
[test2(java_testcases.junit.TOPOLOGICAL_ORDERING_Test): expected:<[4 5 0 2 3 1 ]> but was:<[]>, test3(java_testcases.junit.TOPOLOGICAL_ORDERING_Test): expected:<[3/4 cup milk 1 egg 1 Tbl oil heat griddle 1 cup mix pour 1/4 cup heat syrup turn when bubbly eat ]> but was:<[]>, test1(java_testcases.junit.TOPOLOGICAL_ORDERING_Test): expected:<[5 7 3 11 8 10 2 9 ]> but was:<[]>]
10:01:03.725 [pool-43-thread-1] DEBUG tests.output - Failing tests with true: 
[test2(java_testcases.junit.TOPOLOGICAL_ORDERING_Test): expected:<4 5 0 [2 3 ]1 > but was:<4 5 0 []1 >, test3(java_testcases.junit.TOPOLOGICAL_ORDERING_Test): expected:<...bl oil heat griddle [1 cup mix pour 1/4 cup heat syrup turn when bubbly eat ]> but was:<...bl oil heat griddle []>, test1(java_testcases.junit.TOPOLOGICAL_ORDERING_Test): expected:<5 7 3 1[1 8 10 2 9] > but was:<5 7 3 1[0] >]
10:01:03.725 [pool-43-thread-1] INFO  f.i.l.r.n.synth.SMTNopolSynthesizer - Not enough specifications: 0. A trivial patch is "true" or "false", please write new tests specifying SourceLocation java_programs.TOPOLOGICAL_ORDERING:8.
10:01:03.726 [pool-2-thread-1] DEBUG fr.inria.lille.repair.nopol.NoPol - looking with class fr.inria.lille.repair.nopol.spoon.smt.ConditionalReplacer
10:01:03.945 [pool-51-thread-1] DEBUG tests.output - Failing tests with false: 
[test2(java_testcases.junit.TOPOLOGICAL_ORDERING_Test): expected:<[4 5 0 2 3 1 ]> but was:<[]>, test3(java_testcases.junit.TOPOLOGICAL_ORDERING_Test): expected:<[3/4 cup milk 1 egg 1 Tbl oil heat griddle 1 cup mix pour 1/4 cup heat syrup turn when bubbly eat ]> but was:<[]>, test1(java_testcases.junit.TOPOLOGICAL_ORDERING_Test): expected:<[5 7 3 11 8 10 2 9 ]> but was:<[]>]
10:01:03.945 [pool-51-thread-1] DEBUG tests.output - Failing tests with true: 
[test2(java_testcases.junit.TOPOLOGICAL_ORDERING_Test): expected:<[4 5 0 2 3 1] > but was:<[0 1 2 3 4 5] >, test3(java_testcases.junit.TOPOLOGICAL_ORDERING_Test): expected:<...ilk 1 egg 1 Tbl oil [heat griddle 1 cup mix pour 1/4 cup heat syr]up turn when bubbly ...> but was:<...ilk 1 egg 1 Tbl oil [1 cup mix heat syrup heat griddle pour 1/4 c]up turn when bubbly ...>, test1(java_testcases.junit.TOPOLOGICAL_ORDERING_Test): expected:<5 7 3 11 8 [10 2 9] > but was:<5 7 3 11 8 [2 9 10] >]
10:01:03.945 [pool-51-thread-1] INFO  f.i.l.r.n.synth.SMTNopolSynthesizer - Not enough specifications: 0. A trivial patch is "true" or "false", please write new tests specifying SourceLocation java_programs.TOPOLOGICAL_ORDERING:8.
10:01:03.946 [pool-2-thread-1] DEBUG fr.inria.lille.repair.nopol.NoPol - statement #11
10:01:03.946 [pool-2-thread-1] DEBUG fr.inria.lille.repair.nopol.NoPol - Analysing SourceLocation java_programs.TOPOLOGICAL_ORDERING:7 which is executed by 3 tests
-108092635
10:01:04.002 [pool-2-thread-1] DEBUG fr.inria.lille.repair.nopol.NoPol - looking with class fr.inria.lille.repair.nopol.spoon.smt.ConditionalAdder
10:01:04.224 [pool-59-thread-1] DEBUG tests.output - Failing tests with false: 
[test2(java_testcases.junit.TOPOLOGICAL_ORDERING_Test): expected:<[4 5 0 2 3 1 ]> but was:<[]>, test3(java_testcases.junit.TOPOLOGICAL_ORDERING_Test): expected:<[3/4 cup milk 1 egg 1 Tbl oil heat griddle 1 cup mix pour 1/4 cup heat syrup turn when bubbly eat ]> but was:<[]>, test1(java_testcases.junit.TOPOLOGICAL_ORDERING_Test): expected:<[5 7 3 11 8 10 2 9 ]> but was:<[]>]
10:01:04.224 [pool-59-thread-1] DEBUG tests.output - Failing tests with true: 
[test2(java_testcases.junit.TOPOLOGICAL_ORDERING_Test): expected:<4 5 0 [2 3 ]1 > but was:<4 5 0 []1 >, test3(java_testcases.junit.TOPOLOGICAL_ORDERING_Test): expected:<...bl oil heat griddle [1 cup mix pour 1/4 cup heat syrup turn when bubbly eat ]> but was:<...bl oil heat griddle []>, test1(java_testcases.junit.TOPOLOGICAL_ORDERING_Test): expected:<5 7 3 1[1 8 10 2 9] > but was:<5 7 3 1[0] >]
10:01:04.224 [pool-59-thread-1] INFO  f.i.l.r.n.synth.SMTNopolSynthesizer - Not enough specifications: 0. A trivial patch is "true" or "false", please write new tests specifying SourceLocation java_programs.TOPOLOGICAL_ORDERING:7.
10:01:04.225 [pool-2-thread-1] DEBUG fr.inria.lille.repair.nopol.NoPol - statement #12
10:01:04.225 [pool-2-thread-1] DEBUG fr.inria.lille.repair.nopol.NoPol - Analysing SourceLocation java_programs.TOPOLOGICAL_ORDERING:6 which is executed by 3 tests
-108092635
10:01:04.286 [pool-2-thread-1] DEBUG fr.inria.lille.repair.nopol.NoPol - statement #13
10:01:04.286 [pool-2-thread-1] DEBUG fr.inria.lille.repair.nopol.NoPol - Analysing SourceLocation java_programs.Node:65 which is executed by 3 tests
2433571
10:01:04.372 [pool-2-thread-1] DEBUG fr.inria.lille.repair.nopol.NoPol - statement #14
10:01:04.372 [pool-2-thread-1] DEBUG fr.inria.lille.repair.nopol.NoPol - Analysing SourceLocation java_programs.Node:62 which is executed by 3 tests
2433571
10:01:04.448 [pool-2-thread-1] DEBUG fr.inria.lille.repair.nopol.NoPol - statement #15
10:01:04.448 [pool-2-thread-1] DEBUG fr.inria.lille.repair.nopol.NoPol - Analysing SourceLocation java_programs.Node:55 which is executed by 3 tests
2433571
10:01:04.524 [pool-2-thread-1] DEBUG fr.inria.lille.repair.nopol.NoPol - statement #16
10:01:04.524 [pool-2-thread-1] DEBUG fr.inria.lille.repair.nopol.NoPol - Analysing SourceLocation java_programs.Node:54 which is executed by 3 tests
2433571
10:01:04.595 [pool-2-thread-1] DEBUG fr.inria.lille.repair.nopol.NoPol - looking with class fr.inria.lille.repair.nopol.spoon.smt.ConditionalAdder
10:01:04.865 [pool-67-thread-1] DEBUG tests.output - Failing tests with false: 
[test2(java_testcases.junit.TOPOLOGICAL_ORDERING_Test): expected:<[4 5 0 2 3 1] > but was:<[0 1 2 3 4 5] >, test3(java_testcases.junit.TOPOLOGICAL_ORDERING_Test): expected:<...ilk 1 egg 1 Tbl oil [heat griddle 1 cup mix pour 1/4 cup heat syr]up turn when bubbly ...> but was:<...ilk 1 egg 1 Tbl oil [1 cup mix heat syrup heat griddle pour 1/4 c]up turn when bubbly ...>, test1(java_testcases.junit.TOPOLOGICAL_ORDERING_Test): expected:<5 7 3 11 8 [10 2 9] > but was:<5 7 3 11 8 [2 9 10] >]
10:01:04.865 [pool-67-thread-1] DEBUG tests.output - Failing tests with true: 
[test2(java_testcases.junit.TOPOLOGICAL_ORDERING_Test): expected:<4 5 0 [2 3 ]1 > but was:<4 5 0 []1 >, test3(java_testcases.junit.TOPOLOGICAL_ORDERING_Test): expected:<...bl oil heat griddle [1 cup mix pour 1/4 cup heat syrup turn when bubbly eat ]> but was:<...bl oil heat griddle []>, test1(java_testcases.junit.TOPOLOGICAL_ORDERING_Test): expected:<5 7 3 1[1 8 10 2 9] > but was:<5 7 3 1[0] >]
10:01:04.865 [pool-67-thread-1] INFO  f.i.l.r.n.synth.SMTNopolSynthesizer - Not enough specifications: 0. A trivial patch is "true" or "false", please write new tests specifying SourceLocation java_programs.Node:54.
10:01:04.865 [pool-2-thread-1] DEBUG fr.inria.lille.repair.nopol.NoPol - statement #17
10:01:04.865 [pool-2-thread-1] DEBUG fr.inria.lille.repair.nopol.NoPol - Analysing SourceLocation java_programs.Node:51 which is executed by 3 tests
2433571
10:01:04.944 [pool-2-thread-1] DEBUG fr.inria.lille.repair.nopol.NoPol - statement #18
10:01:04.944 [pool-2-thread-1] DEBUG fr.inria.lille.repair.nopol.NoPol - Analysing SourceLocation java_programs.Node:50 which is executed by 3 tests
2433571
10:01:05.021 [pool-2-thread-1] DEBUG fr.inria.lille.repair.nopol.NoPol - looking with class fr.inria.lille.repair.nopol.spoon.smt.ConditionalAdder
10:01:05.312 [pool-75-thread-1] DEBUG tests.output - Failing tests with false: 
[test2(java_testcases.junit.TOPOLOGICAL_ORDERING_Test): expected:<4 5 [0 2 3 1 ]> but was:<4 5 []>, test3(java_testcases.junit.TOPOLOGICAL_ORDERING_Test): expected:<...bl oil heat griddle [1 cup mix pour 1/4 cup heat syrup turn when bubbly eat ]> but was:<...bl oil heat griddle []>, test1(java_testcases.junit.TOPOLOGICAL_ORDERING_Test): expected:<5 7 3 [11 8 10 2 9 ]> but was:<5 7 3 []>]
10:01:05.312 [pool-75-thread-1] DEBUG tests.output - Failing tests with true: 
[test2(java_testcases.junit.TOPOLOGICAL_ORDERING_Test): expected:<4 5 0 [2 3 ]1 > but was:<4 5 0 []1 >, test3(java_testcases.junit.TOPOLOGICAL_ORDERING_Test): expected:<...bl oil heat griddle [1 cup mix pour 1/4 cup heat syrup turn when bubbly eat ]> but was:<...bl oil heat griddle []>, test1(java_testcases.junit.TOPOLOGICAL_ORDERING_Test): expected:<5 7 3 1[1 8 10 2 9] > but was:<5 7 3 1[0] >]
10:01:05.312 [pool-75-thread-1] INFO  f.i.l.r.n.synth.SMTNopolSynthesizer - Not enough specifications: 0. A trivial patch is "true" or "false", please write new tests specifying SourceLocation java_programs.Node:50.
10:01:05.313 [pool-2-thread-1] DEBUG fr.inria.lille.repair.nopol.NoPol - statement #19
10:01:05.313 [pool-2-thread-1] DEBUG fr.inria.lille.repair.nopol.NoPol - Analysing SourceLocation java_programs.Node:42 which is executed by 3 tests
2433571
10:01:05.378 [pool-2-thread-1] DEBUG fr.inria.lille.repair.nopol.NoPol - statement #20
10:01:05.379 [pool-2-thread-1] DEBUG fr.inria.lille.repair.nopol.NoPol - Analysing SourceLocation java_programs.TOPOLOGICAL_ORDERING:19 which is executed by 2 tests
-108092635
10:01:05.449 [pool-2-thread-1] DEBUG fr.inria.lille.repair.nopol.NoPol - looking with class fr.inria.lille.repair.nopol.spoon.smt.ConditionalAdder
10:01:05.667 [pool-83-thread-1] DEBUG tests.output - Failing tests with false: 
[test2(java_testcases.junit.TOPOLOGICAL_ORDERING_Test): expected:<4 5 0 [2 3 ]1 > but was:<4 5 0 []1 >, test3(java_testcases.junit.TOPOLOGICAL_ORDERING_Test): expected:<...bl oil heat griddle [1 cup mix pour 1/4 cup heat syrup turn when bubbly eat ]> but was:<...bl oil heat griddle []>, test1(java_testcases.junit.TOPOLOGICAL_ORDERING_Test): expected:<5 7 3 1[1 8 10 2 9] > but was:<5 7 3 1[0] >]
10:01:05.668 [pool-83-thread-1] DEBUG tests.output - Failing tests with true: 
[test2(java_testcases.junit.TOPOLOGICAL_ORDERING_Test): expected:<4 5 0 [2 3 ]1 > but was:<4 5 0 []1 >, test3(java_testcases.junit.TOPOLOGICAL_ORDERING_Test): expected:<...bl oil heat griddle [1 cup mix pour 1/4 cup heat syrup turn when bubbly eat ]> but was:<...bl oil heat griddle []>, test1(java_testcases.junit.TOPOLOGICAL_ORDERING_Test): expected:<5 7 3 1[1 8 10 2 9] > but was:<5 7 3 1[0] >]
10:01:05.668 [pool-83-thread-1] INFO  f.i.l.r.n.synth.SMTNopolSynthesizer - Not enough specifications: 0. A trivial patch is "true" or "false", please write new tests specifying SourceLocation java_programs.TOPOLOGICAL_ORDERING:19.
10:01:05.668 [pool-2-thread-1] DEBUG fr.inria.lille.repair.nopol.NoPol - statement #21
10:01:05.673 [pool-2-thread-1] DEBUG fr.inria.lille.repair.nopol.NoPol - Analysing SourceLocation java_programs.TOPOLOGICAL_ORDERING:18 which is executed by 2 tests
-108092635
10:01:05.730 [pool-2-thread-1] DEBUG fr.inria.lille.repair.nopol.NoPol - looking with class fr.inria.lille.repair.nopol.spoon.smt.ConditionalAdder
10:01:05.929 [pool-91-thread-1] DEBUG tests.output - Failing tests with false: 
[test2(java_testcases.junit.TOPOLOGICAL_ORDERING_Test): Index: 2, Size: 2, test3(java_testcases.junit.TOPOLOGICAL_ORDERING_Test): expected:<...bl oil heat griddle [1 cup mix pour 1/4 cup heat syrup turn when bubbly eat ]> but was:<...bl oil heat griddle []>, test1(java_testcases.junit.TOPOLOGICAL_ORDERING_Test): Index: 3, Size: 3]
10:01:05.930 [pool-91-thread-1] DEBUG tests.output - Failing tests with true: 
[test2(java_testcases.junit.TOPOLOGICAL_ORDERING_Test): expected:<4 5 0 [2 3 ]1 > but was:<4 5 0 []1 >, test3(java_testcases.junit.TOPOLOGICAL_ORDERING_Test): expected:<...bl oil heat griddle [1 cup mix pour 1/4 cup heat syrup turn when bubbly eat ]> but was:<...bl oil heat griddle []>, test1(java_testcases.junit.TOPOLOGICAL_ORDERING_Test): expected:<5 7 3 1[1 8 10 2 9] > but was:<5 7 3 1[0] >]
10:01:05.930 [pool-91-thread-1] INFO  f.i.l.r.n.synth.SMTNopolSynthesizer - Not enough specifications: 0. A trivial patch is "true" or "false", please write new tests specifying SourceLocation java_programs.TOPOLOGICAL_ORDERING:18.
10:01:05.930 [pool-2-thread-1] INFO  fr.inria.lille.repair.nopol.NoPol - ----INFORMATION----
10:01:05.932 [pool-2-thread-1] INFO  fr.inria.lille.repair.nopol.NoPol - Nb classes : 3
10:01:05.932 [pool-2-thread-1] INFO  fr.inria.lille.repair.nopol.NoPol - Nb methods : 9
10:01:05.932 [pool-2-thread-1] INFO  fr.inria.lille.repair.nopol.NoPol - Nb Statements Analyzed : 12
10:01:05.932 [pool-2-thread-1] INFO  fr.inria.lille.repair.nopol.NoPol - Nb Statements with Angelic Value Found : 0
10:01:05.932 [pool-2-thread-1] INFO  fr.inria.lille.repair.nopol.NoPol - Nb inputs in SMT : 0
10:01:05.933 [pool-2-thread-1] INFO  fr.inria.lille.repair.nopol.NoPol - Nb SMT level: 0
10:01:05.933 [pool-2-thread-1] INFO  fr.inria.lille.repair.nopol.NoPol - Nb variables in SMT : 0
10:01:05.934 [pool-2-thread-1] INFO  fr.inria.lille.repair.nopol.NoPol - NoPol Execution time : 15465ms
10:01:05.934 [pool-2-thread-1] INFO  fr.inria.lille.repair.nopol.NoPol - 
NO_ANGELIC_VALUE

real	0m16.187s
user	0m7.884s
sys	0m7.679s
\n\nNode: hpc060.ncg.ingrid.pt\n
\n\nDate: Sat Apr  3 10:01:06 EDT 2021\n
