cd /users2/cpca56132020/moliveira/folders/Figra_1_QUIXBUGS_MERGESORT/Figra_QuixBugs_MERGESORT_;
export JAVA_TOOL_OPTIONS="-Dfile.encoding=UTF8 -Duser.language=en-US -Duser.country=US -Duser.language=en";
TZ="America/New_York"; export TZ;
export PATH="/usr/lib/jvm/java-1.8.0-openjdk/bin:$PATH";
export JAVA_HOME="/usr/lib/jvm/java-1.8.0-openjdk/bin";
time java -Xmx4g -Xms1g -cp /users2/cpca56132020/moliveira/RepairThemAll/script/../libs/jtestex7.jar:/users2/cpca56132020/moliveira/RepairThemAll/script/../repair_tools/astor.jar fr.inria.main.evolution.AstorMain \
	-mode figra \
	-location . \
	-id MERGESORT- \
	-failing java_testcases.junit.MERGESORT_Test \
	-jvm4testexecution /usr/lib/jvm/java-1.8.0-openjdk/bin \
	-jvm4evosuitetestexecution /usr/lib/jvm/java-1.8.0-openjdk/bin \
	-maxgen 1000000 \
	-maxtime 120 \
	-stopfirst false \
	-seed 1 \
	-scope package \
	-population 1 \
	-javacompliancelevel 8 \
	-srcjavafolder src/main/java \
	-srctestfolder src/test/java \
	-binjavafolder target/classes \
	-bintestfolder target/test-classes \
	-parameters x:x:maxCombinationVariableLimit:true:maxVarCombination:1000 \
	-dependencies /users2/cpca56132020/moliveira/.m2/repository/junit/junit/4.11/junit-4.11.jar:/users2/cpca56132020/moliveira/.m2/repository/org/hamcrest/hamcrest-core/1.3/hamcrest-core-1.3.jar;
	echo "\n\nNode: `hostname`\n";
	echo "\n\nDate: `date`\n";
Picked up JAVA_TOOL_OPTIONS: -Dfile.encoding=UTF8 -Duser.language=en-US -Duser.country=US -Duser.language=en
11:53:07.428 [main] ERROR fr.inria.astor.approaches.figra.ExpressionReplaceOperator - Replacement does not work for  modify arr.size() to arr.size()
11:53:08.016 [main] ERROR fr.inria.astor.approaches.figra.ExpressionReplaceOperator - Replacement does not work for  modify arr to arr
11:53:09.310 [main] ERROR fr.inria.astor.approaches.figra.ExpressionReplaceOperator - Replacement does not work for  modify java_programs.MERGESORT.mergesort(right) to java_programs.MERGESORT.mergesort(right)
11:53:10.423 [main] ERROR fr.inria.astor.approaches.figra.ExpressionReplaceOperator - Replacement does not work for  modify arr to arr
11:53:12.242 [main] ERROR fr.inria.astor.approaches.figra.ExpressionReplaceOperator - Replacement does not work for  modify arr.size() == 0 to arr.size() == 0
11:53:21.785 [main] ERROR fr.inria.astor.approaches.figra.ExpressionReplaceOperator - Replacement does not work for  modify arr to arr
11:53:36.173 [main] ERROR fr.inria.astor.approaches.figra.ExpressionReplaceOperator - Replacement does not work for  modify arr to arr
11:53:36.928 [main] ERROR fr.inria.astor.approaches.figra.ExpressionReplaceOperator - Replacement does not work for  modify arr.size() to arr.size()
11:53:40.765 [main] ERROR fr.inria.astor.approaches.figra.ExpressionReplaceOperator - Replacement does not work for  modify left to left
11:53:45.866 [main] ERROR fr.inria.astor.approaches.figra.ExpressionReplaceOperator - Replacement does not work for  modify arr.size() to arr.size()
11:53:49.965 [main] ERROR fr.inria.astor.approaches.figra.ExpressionReplaceOperator - Replacement does not work for  modify arr.subList(middle, arr.size()) to arr.subList(middle, arr.size())
11:53:56.618 [main] ERROR fr.inria.astor.approaches.figra.ExpressionReplaceOperator - Replacement does not work for  modify arr to arr
11:55:09.448 [main] ERROR fr.inria.astor.approaches.figra.ExpressionReplaceOperator - Replacement does not work for  modify new java.util.ArrayList<java.lang.Integer>(100) to new java.util.ArrayList<java.lang.Integer>(100)
11:55:44.351 [main] ERROR fr.inria.astor.approaches.figra.ExpressionReplaceOperator - Replacement does not work for  modify 100 to 100
11:55:48.594 [main] ERROR fr.inria.astor.approaches.figra.ExpressionReplaceOperator - Replacement does not work for  modify java_programs.MERGESORT.mergesort(left) to java_programs.MERGESORT.mergesort(left)
11:55:51.502 [main] ERROR fr.inria.astor.approaches.figra.ExpressionReplaceOperator - Replacement does not work for  modify right to right
11:55:52.345 [main] ERROR fr.inria.astor.approaches.figra.ExpressionReplaceOperator - Replacement does not work for  modify right to right
11:55:53.030 [main] ERROR fr.inria.astor.approaches.figra.ExpressionReplaceOperator - Replacement does not work for  modify arr.subList(0, middle) to arr.subList(0, middle)
11:56:02.738 [main] ERROR fr.inria.astor.approaches.figra.ExpressionReplaceOperator - Replacement does not work for  modify middle to middle
11:56:28.076 [main] ERROR fr.inria.astor.approaches.figra.ExpressionReplaceOperator - Replacement does not work for  modify new java.util.ArrayList<java.lang.Integer>(100) to new java.util.ArrayList<java.lang.Integer>(100)
11:56:33.615 [main] ERROR fr.inria.astor.approaches.figra.ExpressionReplaceOperator - Replacement does not work for  modify left to left
11:57:06.442 [main] ERROR fr.inria.astor.approaches.figra.ExpressionReplaceOperator - Replacement does not work for  modify 100 to 100
11:57:43.673 [main] ERROR fr.inria.astor.approaches.figra.ExpressionReplaceOperator - Replacement does not work for  modify 2 to 2
11:57:48.778 [main] ERROR fr.inria.astor.approaches.figra.ExpressionReplaceOperator - Replacement does not work for  modify 0 to 0
11:58:03.048 [main] ERROR fr.inria.astor.approaches.figra.ExpressionReplaceOperator - Replacement does not work for  modify middle to middle
11:58:06.223 [main] ERROR fr.inria.astor.approaches.figra.ExpressionReplaceOperator - Replacement does not work for  modify right.addAll(arr.subList(middle, arr.size())) to right.addAll(arr.subList(middle, arr.size()))
11:58:12.660 [main] ERROR fr.inria.astor.approaches.figra.ExpressionReplaceOperator - Replacement does not work for  modify arr.size() / 2 to arr.size() / 2
11:58:15.973 [main] ERROR fr.inria.astor.approaches.figra.ExpressionReplaceOperator - Replacement does not work for  modify arr.size() / 2 to arr.size() / 2
11:58:52.077 [main] ERROR fr.inria.astor.approaches.figra.ExpressionReplaceOperator - Replacement does not work for  modify 0 to 0
11:59:48.470 [main] ERROR fr.inria.astor.approaches.figra.ExpressionReplaceOperator - Replacement does not work for  modify left.addAll(arr.subList(0, middle)) to left.addAll(arr.subList(0, middle))
Astor Output:

General stats:
EXECUTION_IDENTIFIER=MERGESORT-
TOTAL_TIME=7200.293
NR_GENERATIONS=671
NR_RIGHT_COMPILATIONS=585
NR_FAILLING_COMPILATIONS=86
NR_ERRONEOUS_VARIANCES=null
NR_FAILING_VALIDATION_PROCESS=null
OUTPUT_STATUS=TIME_OUT

Patch stats:

Patch 1
VARIANT_ID=128
TIME=44
VALIDATION=|true|0|13|[]|
GENERATION=64
FOLDER_SOLUTION_CODE=/users2/cpca56132020/moliveira/folders/Figra_1_QUIXBUGS_MERGESORT/Figra_QuixBugs_MERGESORT_/./output_astor/AstorMain-MERGESORT-//src//variant-128
--Patch Hunk #1
OPERATOR=ExpressionReplaceOperator

LOCATION=java_programs.MERGESORT

PATH=/users2/cpca56132020/moliveira/folders/Figra_1_QUIXBUGS_MERGESORT/Figra_QuixBugs_MERGESORT_/src/main/java/MERGESORT.java

MODIFIED_FILE_PATH=/users2/cpca56132020/moliveira/folders/Figra_1_QUIXBUGS_MERGESORT/Figra_QuixBugs_MERGESORT_/./output_astor/AstorMain-MERGESORT-//src//variant-128/java_programs/MERGESORT.java

LINE=38

SUSPICIOUNESS=1

MP_RANKING=1

ORIGINAL_CODE=arr.size()

BUGGY_CODE_TYPE=CtInvocationImpl|CtBinaryOperatorImpl

PATCH_HUNK_CODE=(arr.size() / 2)

PATCH_HUNK_TYPE=CtBinaryOperatorImpl|CtBinaryOperatorImpl

INGREDIENT_SCOPE=-

INGREDIENT_PARENT=_ArrayList_0.size() / 2

PATCH_DIFF_ORIG=--- /users2/cpca56132020/moliveira/folders/Figra_1_QUIXBUGS_MERGESORT/Figra_QuixBugs_MERGESORT_/src/main/java/MERGESORTjava
+++ /users2/cpca56132020/moliveira/folders/Figra_1_QUIXBUGS_MERGESORT/Figra_QuixBugs_MERGESORT_/src/main/java/MERGESORTjava
@@ -38,4 +38,4 @@
-		if (arr.size() == 0) {
-			return arr;
-		} else {
-			int middle = arr.size() / 2;
+		if (
+
+
+		(arr.size() / 2) == 0) { 			return arr;} else { 			int middle = arr.size() / 2;



Patch 2
VARIANT_ID=406
TIME=183
VALIDATION=|true|0|13|[]|
GENERATION=203
FOLDER_SOLUTION_CODE=/users2/cpca56132020/moliveira/folders/Figra_1_QUIXBUGS_MERGESORT/Figra_QuixBugs_MERGESORT_/./output_astor/AstorMain-MERGESORT-//src//variant-406
--Patch Hunk #1
OPERATOR=ExpressionReplaceOperator

LOCATION=java_programs.MERGESORT

PATH=/users2/cpca56132020/moliveira/folders/Figra_1_QUIXBUGS_MERGESORT/Figra_QuixBugs_MERGESORT_/src/main/java/MERGESORT.java

MODIFIED_FILE_PATH=/users2/cpca56132020/moliveira/folders/Figra_1_QUIXBUGS_MERGESORT/Figra_QuixBugs_MERGESORT_/./output_astor/AstorMain-MERGESORT-//src//variant-406/java_programs/MERGESORT.java

LINE=38

SUSPICIOUNESS=1

MP_RANKING=2

ORIGINAL_CODE=0

BUGGY_CODE_TYPE=CtLiteralImpl|CtBinaryOperatorImpl

PATCH_HUNK_CODE=arr.size() % 2

PATCH_HUNK_TYPE=CtBinaryOperatorImpl|CtInvocationImpl

INGREDIENT_SCOPE=-

INGREDIENT_PARENT=arr.size() % 2

PATCH_DIFF_ORIG=--- /users2/cpca56132020/moliveira/folders/Figra_1_QUIXBUGS_MERGESORT/Figra_QuixBugs_MERGESORT_/src/main/java/MERGESORTjava
+++ /users2/cpca56132020/moliveira/folders/Figra_1_QUIXBUGS_MERGESORT/Figra_QuixBugs_MERGESORT_/src/main/java/MERGESORTjava
@@ -38,4 +38,4 @@
-		if (arr.size() == 0) {
-			return arr;
-		} else {
-			int middle = arr.size() / 2;
+		if (arr.size() == 
+
+
+		(arr.size() % 2)) { 			return arr;} else { 			int middle = arr.size() / 2;



Patch 3
VARIANT_ID=558
TIME=268
VALIDATION=|true|0|13|[]|
GENERATION=279
FOLDER_SOLUTION_CODE=/users2/cpca56132020/moliveira/folders/Figra_1_QUIXBUGS_MERGESORT/Figra_QuixBugs_MERGESORT_/./output_astor/AstorMain-MERGESORT-//src//variant-558
--Patch Hunk #1
OPERATOR=ExpressionReplaceOperator

LOCATION=java_programs.MERGESORT

PATH=/users2/cpca56132020/moliveira/folders/Figra_1_QUIXBUGS_MERGESORT/Figra_QuixBugs_MERGESORT_/src/main/java/MERGESORT.java

MODIFIED_FILE_PATH=/users2/cpca56132020/moliveira/folders/Figra_1_QUIXBUGS_MERGESORT/Figra_QuixBugs_MERGESORT_/./output_astor/AstorMain-MERGESORT-//src//variant-558/java_programs/MERGESORT.java

LINE=38

SUSPICIOUNESS=1

MP_RANKING=1

ORIGINAL_CODE=arr.size()

BUGGY_CODE_TYPE=CtInvocationImpl|CtBinaryOperatorImpl

PATCH_HUNK_CODE=arr.size() / 2

PATCH_HUNK_TYPE=CtBinaryOperatorImpl|CtConstructorCallImpl

INGREDIENT_SCOPE=-

INGREDIENT_PARENT=arr.size() / 2

PATCH_DIFF_ORIG=--- /users2/cpca56132020/moliveira/folders/Figra_1_QUIXBUGS_MERGESORT/Figra_QuixBugs_MERGESORT_/src/main/java/MERGESORTjava
+++ /users2/cpca56132020/moliveira/folders/Figra_1_QUIXBUGS_MERGESORT/Figra_QuixBugs_MERGESORT_/src/main/java/MERGESORTjava
@@ -38,4 +38,4 @@
-		if (arr.size() == 0) {
-			return arr;
-		} else {
-			int middle = arr.size() / 2;
+		if (
+
+
+		(arr.size() / 2) == 0) { 			return arr;} else { 			int middle = arr.size() / 2;



Patch 4
VARIANT_ID=764
TIME=331
VALIDATION=|true|0|13|[]|
GENERATION=382
FOLDER_SOLUTION_CODE=/users2/cpca56132020/moliveira/folders/Figra_1_QUIXBUGS_MERGESORT/Figra_QuixBugs_MERGESORT_/./output_astor/AstorMain-MERGESORT-//src//variant-764
--Patch Hunk #1
OPERATOR=ExpressionReplaceOperator

LOCATION=java_programs.MERGESORT

PATH=/users2/cpca56132020/moliveira/folders/Figra_1_QUIXBUGS_MERGESORT/Figra_QuixBugs_MERGESORT_/src/main/java/MERGESORT.java

MODIFIED_FILE_PATH=/users2/cpca56132020/moliveira/folders/Figra_1_QUIXBUGS_MERGESORT/Figra_QuixBugs_MERGESORT_/./output_astor/AstorMain-MERGESORT-//src//variant-764/java_programs/MERGESORT.java

LINE=38

SUSPICIOUNESS=1

MP_RANKING=2

ORIGINAL_CODE=0

BUGGY_CODE_TYPE=CtLiteralImpl|CtBinaryOperatorImpl

PATCH_HUNK_CODE=(arr.size() % 2)

PATCH_HUNK_TYPE=CtBinaryOperatorImpl|CtBinaryOperatorImpl

INGREDIENT_SCOPE=-

INGREDIENT_PARENT=_ArrayList_0.size() % 2

PATCH_DIFF_ORIG=--- /users2/cpca56132020/moliveira/folders/Figra_1_QUIXBUGS_MERGESORT/Figra_QuixBugs_MERGESORT_/src/main/java/MERGESORTjava
+++ /users2/cpca56132020/moliveira/folders/Figra_1_QUIXBUGS_MERGESORT/Figra_QuixBugs_MERGESORT_/src/main/java/MERGESORTjava
@@ -38,4 +38,4 @@
-		if (arr.size() == 0) {
-			return arr;
-		} else {
-			int middle = arr.size() / 2;
+		if (arr.size() == 
+
+
+		(arr.size() % 2)) { 			return arr;} else { 			int middle = arr.size() / 2;




real	120m11.458s
user	116m35.773s
sys	0m27.400s
\n\nNode: hpc060.ncg.ingrid.pt\n
\n\nDate: Wed Apr  7 13:53:05 EDT 2021\n
