cd /users2/cpca56132020/moliveira/folders/Figra_18_QUIXBUGS_MERGESORT/Figra_QuixBugs_MERGESORT_;
export JAVA_TOOL_OPTIONS="-Dfile.encoding=UTF8 -Duser.language=en-US -Duser.country=US -Duser.language=en";
TZ="America/New_York"; export TZ;
export PATH="/usr/lib/jvm/java-1.8.0-openjdk/bin:$PATH";
export JAVA_HOME="/usr/lib/jvm/java-1.8.0-openjdk/bin";
time java -Xmx4g -Xms1g -cp /users2/cpca56132020/moliveira/RepairThemAll/script/../libs/jtestex7.jar:/users2/cpca56132020/moliveira/RepairThemAll/script/../repair_tools/astor.jar fr.inria.main.evolution.AstorMain \
	-mode figra \
	-location . \
	-id MERGESORT- \
	-failing java_testcases.junit.MERGESORT_Test \
	-jvm4testexecution /usr/lib/jvm/java-1.8.0-openjdk/bin \
	-jvm4evosuitetestexecution /usr/lib/jvm/java-1.8.0-openjdk/bin \
	-maxgen 1000000 \
	-maxtime 120 \
	-stopfirst false \
	-seed 18 \
	-scope package \
	-population 1 \
	-javacompliancelevel 8 \
	-srcjavafolder src/main/java \
	-srctestfolder src/test/java \
	-binjavafolder target/classes \
	-bintestfolder target/test-classes \
	-parameters x:x:maxCombinationVariableLimit:true:maxVarCombination:1000 \
	-dependencies /users2/cpca56132020/moliveira/.m2/repository/junit/junit/4.11/junit-4.11.jar:/users2/cpca56132020/moliveira/.m2/repository/org/hamcrest/hamcrest-core/1.3/hamcrest-core-1.3.jar;
	echo "\n\nNode: `hostname`\n";
	echo "\n\nDate: `date`\n";
Picked up JAVA_TOOL_OPTIONS: -Dfile.encoding=UTF8 -Duser.language=en-US -Duser.country=US -Duser.language=en
11:53:51.947 [main] ERROR fr.inria.astor.approaches.figra.ExpressionReplaceOperator - Replacement does not work for  modify arr.size() to arr.size()
11:53:52.424 [main] ERROR fr.inria.astor.approaches.figra.ExpressionReplaceOperator - Replacement does not work for  modify left to left
11:53:55.630 [main] ERROR fr.inria.astor.approaches.figra.ExpressionReplaceOperator - Replacement does not work for  modify right to right
11:54:09.872 [main] ERROR fr.inria.astor.approaches.figra.ExpressionReplaceOperator - Replacement does not work for  modify java_programs.MERGESORT.mergesort(right) to java_programs.MERGESORT.mergesort(right)
11:54:25.548 [main] ERROR fr.inria.astor.approaches.figra.ExpressionReplaceOperator - Replacement does not work for  modify left.addAll(arr.subList(0, middle)) to left.addAll(arr.subList(0, middle))
11:54:28.387 [main] ERROR fr.inria.astor.approaches.figra.ExpressionReplaceOperator - Replacement does not work for  modify left to left
11:54:53.690 [main] ERROR fr.inria.astor.approaches.figra.ExpressionReplaceOperator - Replacement does not work for  modify new java.util.ArrayList<java.lang.Integer>(100) to new java.util.ArrayList<java.lang.Integer>(100)
11:54:59.034 [main] ERROR fr.inria.astor.approaches.figra.ExpressionReplaceOperator - Replacement does not work for  modify arr to arr
11:55:04.332 [main] ERROR fr.inria.astor.approaches.figra.ExpressionReplaceOperator - Replacement does not work for  modify arr to arr
11:55:16.239 [main] ERROR fr.inria.astor.approaches.figra.ExpressionReplaceOperator - Replacement does not work for  modify arr.subList(0, middle) to arr.subList(0, middle)
11:55:21.230 [main] ERROR fr.inria.astor.approaches.figra.ExpressionReplaceOperator - Replacement does not work for  modify java_programs.MERGESORT.mergesort(left) to java_programs.MERGESORT.mergesort(left)
11:55:36.127 [main] ERROR fr.inria.astor.approaches.figra.ExpressionReplaceOperator - Replacement does not work for  modify arr.size() == 0 to arr.size() == 0
11:55:56.493 [main] ERROR fr.inria.astor.approaches.figra.ExpressionReplaceOperator - Replacement does not work for  modify arr to arr
11:56:22.786 [main] ERROR fr.inria.astor.approaches.figra.ExpressionReplaceOperator - Replacement does not work for  modify arr to arr
11:56:27.486 [main] ERROR fr.inria.astor.approaches.figra.ExpressionReplaceOperator - Replacement does not work for  modify arr to arr
11:56:41.813 [main] ERROR fr.inria.astor.approaches.figra.ExpressionReplaceOperator - Replacement does not work for  modify arr.subList(middle, arr.size()) to arr.subList(middle, arr.size())
11:57:43.510 [main] ERROR fr.inria.astor.approaches.figra.ExpressionReplaceOperator - Replacement does not work for  modify 0 to 0
11:57:53.261 [main] ERROR fr.inria.astor.approaches.figra.ExpressionReplaceOperator - Replacement does not work for  modify arr.size() / 2 to arr.size() / 2
11:57:58.662 [main] ERROR fr.inria.astor.approaches.figra.ExpressionReplaceOperator - Replacement does not work for  modify new java.util.ArrayList<java.lang.Integer>(100) to new java.util.ArrayList<java.lang.Integer>(100)
11:58:19.126 [main] ERROR fr.inria.astor.approaches.figra.ExpressionReplaceOperator - Replacement does not work for  modify arr.size() to arr.size()
11:58:22.931 [main] ERROR fr.inria.astor.approaches.figra.ExpressionReplaceOperator - Replacement does not work for  modify right to right
11:59:02.686 [main] ERROR fr.inria.astor.approaches.figra.ExpressionReplaceOperator - Replacement does not work for  modify 2 to 2
11:59:15.045 [main] ERROR fr.inria.astor.approaches.figra.ExpressionReplaceOperator - Replacement does not work for  modify 100 to 100
11:59:21.859 [main] ERROR fr.inria.astor.approaches.figra.ExpressionReplaceOperator - Replacement does not work for  modify 100 to 100
11:59:25.043 [main] ERROR fr.inria.astor.approaches.figra.ExpressionReplaceOperator - Replacement does not work for  modify 0 to 0
11:59:43.284 [main] ERROR fr.inria.astor.approaches.figra.ExpressionReplaceOperator - Replacement does not work for  modify arr.size() to arr.size()
12:00:16.181 [main] ERROR fr.inria.astor.approaches.figra.ExpressionReplaceOperator - Replacement does not work for  modify middle to middle
12:00:28.839 [main] ERROR fr.inria.astor.approaches.figra.ExpressionReplaceOperator - Replacement does not work for  modify middle to middle
12:00:45.379 [main] ERROR fr.inria.astor.approaches.figra.ExpressionReplaceOperator - Replacement does not work for  modify right.addAll(arr.subList(middle, arr.size())) to right.addAll(arr.subList(middle, arr.size()))
Astor Output:

General stats:
EXECUTION_IDENTIFIER=MERGESORT-
TOTAL_TIME=7200.408
NR_GENERATIONS=639
NR_RIGHT_COMPILATIONS=553
NR_FAILLING_COMPILATIONS=86
NR_ERRONEOUS_VARIANCES=null
NR_FAILING_VALIDATION_PROCESS=null
OUTPUT_STATUS=TIME_OUT

Patch stats:

Patch 1
VARIANT_ID=28
TIME=7
VALIDATION=|true|0|13|[]|
GENERATION=14
FOLDER_SOLUTION_CODE=/users2/cpca56132020/moliveira/folders/Figra_18_QUIXBUGS_MERGESORT/Figra_QuixBugs_MERGESORT_/./output_astor/AstorMain-MERGESORT-//src//variant-28
--Patch Hunk #1
OPERATOR=ExpressionReplaceOperator

LOCATION=java_programs.MERGESORT

PATH=/users2/cpca56132020/moliveira/folders/Figra_18_QUIXBUGS_MERGESORT/Figra_QuixBugs_MERGESORT_/src/main/java/MERGESORT.java

MODIFIED_FILE_PATH=/users2/cpca56132020/moliveira/folders/Figra_18_QUIXBUGS_MERGESORT/Figra_QuixBugs_MERGESORT_/./output_astor/AstorMain-MERGESORT-//src//variant-28/java_programs/MERGESORT.java

LINE=38

SUSPICIOUNESS=1

MP_RANKING=2

ORIGINAL_CODE=0

BUGGY_CODE_TYPE=CtLiteralImpl|CtBinaryOperatorImpl

PATCH_HUNK_CODE=(arr.size() % 2)

PATCH_HUNK_TYPE=CtBinaryOperatorImpl|CtBinaryOperatorImpl

INGREDIENT_SCOPE=-

INGREDIENT_PARENT=_ArrayList_0.size() % 2

PATCH_DIFF_ORIG=--- /users2/cpca56132020/moliveira/folders/Figra_18_QUIXBUGS_MERGESORT/Figra_QuixBugs_MERGESORT_/src/main/java/MERGESORTjava
+++ /users2/cpca56132020/moliveira/folders/Figra_18_QUIXBUGS_MERGESORT/Figra_QuixBugs_MERGESORT_/src/main/java/MERGESORTjava
@@ -38,4 +38,4 @@
-		if (arr.size() == 0) {
-			return arr;
-		} else {
-			int middle = arr.size() / 2;
+		if (arr.size() == 
+
+
+		(arr.size() % 2)) { 			return arr;} else { 			int middle = arr.size() / 2;



Patch 2
VARIANT_ID=168
TIME=83
VALIDATION=|true|0|13|[]|
GENERATION=84
FOLDER_SOLUTION_CODE=/users2/cpca56132020/moliveira/folders/Figra_18_QUIXBUGS_MERGESORT/Figra_QuixBugs_MERGESORT_/./output_astor/AstorMain-MERGESORT-//src//variant-168
--Patch Hunk #1
OPERATOR=ExpressionReplaceOperator

LOCATION=java_programs.MERGESORT

PATH=/users2/cpca56132020/moliveira/folders/Figra_18_QUIXBUGS_MERGESORT/Figra_QuixBugs_MERGESORT_/src/main/java/MERGESORT.java

MODIFIED_FILE_PATH=/users2/cpca56132020/moliveira/folders/Figra_18_QUIXBUGS_MERGESORT/Figra_QuixBugs_MERGESORT_/./output_astor/AstorMain-MERGESORT-//src//variant-168/java_programs/MERGESORT.java

LINE=38

SUSPICIOUNESS=1

MP_RANKING=2

ORIGINAL_CODE=0

BUGGY_CODE_TYPE=CtLiteralImpl|CtBinaryOperatorImpl

PATCH_HUNK_CODE=arr.size() % 2

PATCH_HUNK_TYPE=CtBinaryOperatorImpl|CtConstructorCallImpl

INGREDIENT_SCOPE=-

INGREDIENT_PARENT=arr.size() % 2

PATCH_DIFF_ORIG=--- /users2/cpca56132020/moliveira/folders/Figra_18_QUIXBUGS_MERGESORT/Figra_QuixBugs_MERGESORT_/src/main/java/MERGESORTjava
+++ /users2/cpca56132020/moliveira/folders/Figra_18_QUIXBUGS_MERGESORT/Figra_QuixBugs_MERGESORT_/src/main/java/MERGESORTjava
@@ -38,4 +38,4 @@
-		if (arr.size() == 0) {
-			return arr;
-		} else {
-			int middle = arr.size() / 2;
+		if (arr.size() == 
+
+
+		(arr.size() % 2)) { 			return arr;} else { 			int middle = arr.size() / 2;



Patch 3
VARIANT_ID=270
TIME=139
VALIDATION=|true|0|13|[]|
GENERATION=135
FOLDER_SOLUTION_CODE=/users2/cpca56132020/moliveira/folders/Figra_18_QUIXBUGS_MERGESORT/Figra_QuixBugs_MERGESORT_/./output_astor/AstorMain-MERGESORT-//src//variant-270
--Patch Hunk #1
OPERATOR=ExpressionReplaceOperator

LOCATION=java_programs.MERGESORT

PATH=/users2/cpca56132020/moliveira/folders/Figra_18_QUIXBUGS_MERGESORT/Figra_QuixBugs_MERGESORT_/src/main/java/MERGESORT.java

MODIFIED_FILE_PATH=/users2/cpca56132020/moliveira/folders/Figra_18_QUIXBUGS_MERGESORT/Figra_QuixBugs_MERGESORT_/./output_astor/AstorMain-MERGESORT-//src//variant-270/java_programs/MERGESORT.java

LINE=38

SUSPICIOUNESS=1

MP_RANKING=1

ORIGINAL_CODE=arr.size()

BUGGY_CODE_TYPE=CtInvocationImpl|CtBinaryOperatorImpl

PATCH_HUNK_CODE=(arr.size() / 2)

PATCH_HUNK_TYPE=CtBinaryOperatorImpl|CtBinaryOperatorImpl

INGREDIENT_SCOPE=-

INGREDIENT_PARENT=_ArrayList_0.size() / 2

PATCH_DIFF_ORIG=--- /users2/cpca56132020/moliveira/folders/Figra_18_QUIXBUGS_MERGESORT/Figra_QuixBugs_MERGESORT_/src/main/java/MERGESORTjava
+++ /users2/cpca56132020/moliveira/folders/Figra_18_QUIXBUGS_MERGESORT/Figra_QuixBugs_MERGESORT_/src/main/java/MERGESORTjava
@@ -38,4 +38,4 @@
-		if (arr.size() == 0) {
-			return arr;
-		} else {
-			int middle = arr.size() / 2;
+		if (
+
+
+		(arr.size() / 2) == 0) { 			return arr;} else { 			int middle = arr.size() / 2;




real	120m18.714s
user	116m51.447s
sys	0m33.845s
\n\nNode: hpc061.ncg.ingrid.pt\n
\n\nDate: Wed Apr  7 13:53:45 EDT 2021\n
