cd /tmp/Cardumen_QuixBugs_MERGESORT_;
export JAVA_TOOL_OPTIONS="-Dfile.encoding=UTF8 -Duser.language=en-US -Duser.country=US -Duser.language=en";
TZ="America/New_York"; export TZ;
export PATH="/usr/lib/jvm/java-1.8.0-openjdk-amd64/bin/:$PATH";
export JAVA_HOME="/usr/lib/jvm/java-1.8.0-openjdk-amd64/bin/";
time java -Xmx4g -Xms1g -cp /home/maxoliveira/Tese/RepairThemAll/script/../libs/jtestex7.jar:/home/maxoliveira/Tese/RepairThemAll/script/../repair_tools/astor.jar fr.inria.main.evolution.AstorMain \
	-mode cardumen \
	-location . \
	-id MERGESORT- \
	-failing java_testcases.junit.MERGESORT_Test \
	-jvm4testexecution /usr/lib/jvm/java-1.8.0-openjdk-amd64/bin/ \
	-jvm4evosuitetestexecution /usr/lib/jvm/java-1.8.0-openjdk-amd64/bin/ \
	-maxgen 100000000 \
	-maxtime 180 \
	-stopfirst true \
	-seed 28 \
	-scope package \
	-population 1 \
	-javacompliancelevel 8 \
	-srcjavafolder src/main/java \
	-srctestfolder src/test/java \
	-binjavafolder target/classes \
	-bintestfolder target/test-classes \
	-parameters x:x:maxCombinationVariableLimit:true:maxVarCombination:1000:maxCombinationVariableLimit:true:maxVarCombination:1000:maxCombinationVariableLimit:true:maxVarCombination:1000:maxCombinationVariableLimit:true:maxVarCombination:1000:maxCombinationVariableLimit:true:maxVarCombination:1000:maxCombinationVariableLimit:true:maxVarCombination:1000:maxCombinationVariableLimit:true:maxVarCombination:1000:maxCombinationVariableLimit:true:maxVarCombination:1000:maxCombinationVariableLimit:true:maxVarCombination:1000:maxCombinationVariableLimit:true:maxVarCombination:1000:maxCombinationVariableLimit:true:maxVarCombination:1000:maxCombinationVariableLimit:true:maxVarCombination:1000:maxCombinationVariableLimit:true:maxVarCombination:1000:maxCombinationVariableLimit:true:maxVarCombination:1000:maxCombinationVariableLimit:true:maxVarCombination:1000:maxCombinationVariableLimit:true:maxVarCombination:1000:maxCombinationVariableLimit:true:maxVarCombination:1000:maxCombinationVariableLimit:true:maxVarCombination:1000:maxCombinationVariableLimit:true:maxVarCombination:1000:maxCombinationVariableLimit:true:maxVarCombination:1000:maxCombinationVariableLimit:true:maxVarCombination:1000:maxCombinationVariableLimit:true:maxVarCombination:1000:maxCombinationVariableLimit:true:maxVarCombination:1000:maxCombinationVariableLimit:true:maxVarCombination:1000:maxCombinationVariableLimit:true:maxVarCombination:1000:maxCombinationVariableLimit:true:maxVarCombination:1000:maxCombinationVariableLimit:true:maxVarCombination:1000:maxCombinationVariableLimit:true:maxVarCombination:1000:maxCombinationVariableLimit:true:maxVarCombination:1000 \
	-dependencies /home/maxoliveira/.m2/repository/junit/junit/4.11/junit-4.11.jar:/home/maxoliveira/.m2/repository/org/hamcrest/hamcrest-core/1.3/hamcrest-core-1.3.jar;
	echo "\n\nNode: `hostname`\n";
	echo "\n\nDate: `date`\n";
Picked up JAVA_TOOL_OPTIONS: -Dfile.encoding=UTF8 -Duser.language=en-US -Duser.country=US -Duser.language=en
Astor Output:

General stats:
EXECUTION_IDENTIFIER=MERGESORT-
TOTAL_TIME=53.374
NR_GENERATIONS=33
NR_RIGHT_COMPILATIONS=33
NR_FAILLING_COMPILATIONS=null
NR_ERRONEOUS_VARIANCES=null
NR_FAILING_VALIDATION_PROCESS=null
OUTPUT_STATUS=STOP_BY_PATCH_FOUND

Patch stats:

Patch 1
VARIANT_ID=66
TIME=53
VALIDATION=|true|0|13|[]|
GENERATION=33
FOLDER_SOLUTION_CODE=/tmp/Cardumen_QuixBugs_MERGESORT_/./output_astor/AstorMain-MERGESORT-//src//variant-66
--Patch Hunk #1
OPERATOR=ExpressionReplaceOperator

LOCATION=java_programs.MERGESORT

PATH=/tmp/Cardumen_QuixBugs_MERGESORT_/src/main/java/MERGESORT.java

MODIFIED_FILE_PATH=/tmp/Cardumen_QuixBugs_MERGESORT_/./output_astor/AstorMain-MERGESORT-//src//variant-66/java_programs/MERGESORT.java

LINE=38

SUSPICIOUNESS=1

MP_RANKING=0

ORIGINAL_CODE=arr.size()

BUGGY_CODE_TYPE=CtInvocationImpl|CtBinaryOperatorImpl

PATCH_HUNK_CODE=(arr.size() / 2)

PATCH_HUNK_TYPE=CtBinaryOperatorImpl|CtBinaryOperatorImpl

INGREDIENT_SCOPE=-

INGREDIENT_PARENT=_ArrayList_0.size() / 2

PATCH_DIFF_ORIG=--- /tmp/Cardumen_QuixBugs_MERGESORT_/src/main/java/MERGESORTjava
+++ /tmp/Cardumen_QuixBugs_MERGESORT_/src/main/java/MERGESORTjava
@@ -38,4 +38,4 @@
-		if (arr.size() == 0) {
-			return arr;
-		} else {
-			int middle = arr.size() / 2;
+		if (
+
+
+		(arr.size() / 2) == 0) { 			return arr;} else { 			int middle = arr.size() / 2;



22.35user 2.72system 1:07.57elapsed 37%CPU (0avgtext+0avgdata 758444maxresident)k
0inputs+9872outputs (0major+1072318minor)pagefaults 0swaps


Node: alcides-MS-7C60



Date: seg 15 mar 2021 18:09:58 EDT

