cd /users2/cpca56132020/moliveira/folders/Figra_IntroClassJava_smallest-346b1d3c1cdc3032d07222a8a5e0027a2abf95bb1697b9d367d7cca7db1af769d8298e232c56471a122f05e87e79f4bd965855c9c0f8b173ebc0ef5d0abebc7b-005/Figra_IntroClassJava_smallest_346b1d3c1cdc3032d07222a8a5e0027a2abf95bb1697b9d367d7cca7db1af769d8298e232c56471a122f05e87e79f4bd965855c9c0f8b173ebc0ef5d0abebc7b-005;
export JAVA_TOOL_OPTIONS="-Dfile.encoding=UTF8 -Duser.language=en-US -Duser.country=US -Duser.language=en";
TZ="America/New_York"; export TZ;
export PATH="/usr/lib/jvm/java-1.8.0-openjdk/bin/:$PATH";
export JAVA_HOME="/usr/lib/jvm/java-1.8.0-openjdk/bin/";
time java -Xmx4g -Xms1g -cp /users2/cpca56132020/moliveira/RepairThemAll/script/../libs/jtestex7.jar:/users2/cpca56132020/moliveira/RepairThemAll/script/../repair_tools/astor.jar fr.inria.main.evolution.AstorMain \
	-mode figra \
	-location . \
	-id smallest-346b1d3c1cdc3032d07222a8a5e0027a2abf95bb1697b9d367d7cca7db1af769d8298e232c56471a122f05e87e79f4bd965855c9c0f8b173ebc0ef5d0abebc7b-005 \
	-failing introclassJava.smallest_346b1d3c_005BlackboxTest:introclassJava.smallest_346b1d3c_005WhiteboxTest \
	-jvm4testexecution /users2/cpca56132020/moliveira/jdk1.7.0_80/bin/ \
	-jvm4evosuitetestexecution /users2/cpca56132020/moliveira/jdk1.7.0_80/bin/ \
	-maxgen 1000000 \
	-maxtime 120 \
	-stopfirst false \
	-seed 28 \
	-scope package \
	-population 1 \
	-javacompliancelevel 7 \
	-srcjavafolder src/main/java \
	-srctestfolder src/test/java \
	-binjavafolder target/classes \
	-bintestfolder target/test-classes \
	-parameters x:x:maxCombinationVariableLimit:true:maxVarCombination:1000 \
	-dependencies /users2/cpca56132020/moliveira/.m2/repository/junit/junit/4.11/junit-4.11.jar:/users2/cpca56132020/moliveira/.m2/repository/org/hamcrest/hamcrest-core/1.3/hamcrest-core-1.3.jar;
	echo "\n\nNode: `hostname`\n";
	echo "\n\nDate: `date`\n";
Picked up JAVA_TOOL_OPTIONS: -Dfile.encoding=UTF8 -Duser.language=en-US -Duser.country=US -Duser.language=en
Picked up _JAVA_OPTIONS: -Xmx512m -Xms256m
06:11:09.637 [main] ERROR fr.inria.astor.approaches.figra.ExpressionReplaceOperator - Replacement does not work for  modify scanner to scanner
06:11:11.021 [main] ERROR fr.inria.astor.approaches.figra.ExpressionReplaceOperator - Replacement does not work for  modify "%d is the smalles\n" to "%d is the smalles\n"
06:11:13.521 [main] ERROR fr.inria.astor.approaches.figra.ExpressionReplaceOperator - Replacement does not work for  modify b to b
06:11:14.940 [main] ERROR fr.inria.astor.approaches.figra.ExpressionReplaceOperator - Replacement does not work for  modify num_4 to num_4
06:11:21.848 [main] ERROR fr.inria.astor.approaches.figra.ExpressionReplaceOperator - Replacement does not work for  modify b to b
06:11:32.742 [main] ERROR fr.inria.astor.approaches.figra.ExpressionReplaceOperator - Replacement does not work for  modify scanner to scanner
06:11:37.409 [main] ERROR main - Error reading the validation process
 output: 
America/Los_Angeles
Picked up JAVA_TOOL_OPTIONS: -Dfile.encoding=UTF8 -Duser.language=en-US -Duser.country=US -Duser.language=en
Picked up _JAVA_OPTIONS: -Xmx512m -Xms256m

06:11:37.411 [main] ERROR fr.inria.astor.approaches.figra.ExpressionReplaceOperator - Replacement does not work for  modify c to c
06:11:38.021 [main] ERROR fr.inria.astor.approaches.figra.ExpressionReplaceOperator - Replacement does not work for  modify scanner.nextInt() to scanner.nextInt()
06:11:47.867 [main] ERROR fr.inria.astor.approaches.figra.ExpressionReplaceOperator - Replacement does not work for  modify b to b
06:11:54.340 [main] ERROR fr.inria.astor.approaches.figra.ExpressionReplaceOperator - Replacement does not work for  modify new introclassJava.IntObj() to new introclassJava.IntObj()
06:11:54.620 [main] ERROR fr.inria.astor.approaches.figra.ExpressionReplaceOperator - Replacement does not work for  modify d to d
06:11:58.076 [main] ERROR fr.inria.astor.approaches.figra.ExpressionReplaceOperator - Replacement does not work for  modify new introclassJava.IntObj() to new introclassJava.IntObj()
06:12:14.964 [main] ERROR fr.inria.astor.approaches.figra.ExpressionReplaceOperator - Replacement does not work for  modify scanner to scanner
06:12:15.593 [main] ERROR fr.inria.astor.approaches.figra.ExpressionReplaceOperator - Replacement does not work for  modify d to d
06:12:26.522 [main] ERROR fr.inria.astor.approaches.figra.ExpressionReplaceOperator - Replacement does not work for  modify c to c
06:12:27.993 [main] ERROR fr.inria.astor.approaches.figra.ExpressionReplaceOperator - Replacement does not work for  modify a to a
06:12:28.299 [main] ERROR fr.inria.astor.approaches.figra.ExpressionReplaceOperator - Replacement does not work for  modify scanner.nextInt() to scanner.nextInt()
06:12:34.499 [main] ERROR fr.inria.astor.approaches.figra.ExpressionReplaceOperator - Replacement does not work for  modify a to a
06:12:47.751 [main] ERROR fr.inria.astor.approaches.figra.ExpressionReplaceOperator - Replacement does not work for  modify c to c
06:12:51.318 [main] ERROR fr.inria.astor.approaches.figra.ExpressionReplaceOperator - Replacement does not work for  modify num_1 to num_1
06:12:57.947 [main] ERROR fr.inria.astor.approaches.figra.ExpressionReplaceOperator - Replacement does not work for  modify num_4 to num_4
06:12:58.236 [main] ERROR fr.inria.astor.approaches.figra.ExpressionReplaceOperator - Replacement does not work for  modify scanner to scanner
06:13:00.313 [main] ERROR fr.inria.astor.approaches.figra.ExpressionReplaceOperator - Replacement does not work for  modify num_1 to num_1
06:13:00.616 [main] ERROR fr.inria.astor.approaches.figra.ExpressionReplaceOperator - Replacement does not work for  modify a to a
06:13:00.917 [main] ERROR fr.inria.astor.approaches.figra.ExpressionReplaceOperator - Replacement does not work for  modify scanner.nextInt() to scanner.nextInt()
06:13:08.446 [main] ERROR fr.inria.astor.approaches.figra.ExpressionReplaceOperator - Replacement does not work for  modify scanner.nextInt() to scanner.nextInt()
06:13:16.218 [main] ERROR fr.inria.astor.approaches.figra.ExpressionReplaceOperator - Replacement does not work for  modify b to b
06:13:28.821 [main] ERROR fr.inria.astor.approaches.figra.ExpressionReplaceOperator - Replacement does not work for  modify "Please enter 4 numbers separated by spaces > " to "Please enter 4 numbers separated by spaces > "
06:13:38.216 [main] ERROR fr.inria.astor.approaches.figra.ExpressionReplaceOperator - Replacement does not work for  modify num_2 to num_2
06:13:55.091 [main] ERROR fr.inria.astor.approaches.figra.ExpressionReplaceOperator - Replacement does not work for  modify num_3 to num_3
06:14:02.593 [main] ERROR fr.inria.astor.approaches.figra.ExpressionReplaceOperator - Replacement does not work for  modify java.lang.String.format("Please enter 4 numbers separated by spaces > ") to java.lang.String.format("Please enter 4 numbers separated by spaces > ")
06:14:29.592 [main] ERROR fr.inria.astor.approaches.figra.ExpressionReplaceOperator - Replacement does not work for  modify d to d
06:15:16.076 [main] ERROR fr.inria.astor.approaches.figra.ExpressionReplaceOperator - Replacement does not work for  modify num_2 to num_2
06:15:35.415 [main] ERROR fr.inria.astor.approaches.figra.ExpressionReplaceOperator - Replacement does not work for  modify num_3 to num_3
Astor Output:

General stats:
EXECUTION_IDENTIFIER=smallest-346b1d3c1cdc3032d07222a8a5e0027a2abf95bb1697b9d367d7cca7db1af769d8298e232c56471a122f05e87e79f4bd965855c9c0f8b173ebc0ef5d0abebc7b-005
TOTAL_TIME=7203.045
NR_GENERATIONS=394
NR_RIGHT_COMPILATIONS=273
NR_FAILLING_COMPILATIONS=121
NR_ERRONEOUS_VARIANCES=null
NR_FAILING_VALIDATION_PROCESS=null
OUTPUT_STATUS=TIME_OUT

Patch stats:

Patch 1
VARIANT_ID=214
TIME=47
VALIDATION=|true|0|16|[]|
GENERATION=107
FOLDER_SOLUTION_CODE=/users2/cpca56132020/moliveira/folders/Figra_IntroClassJava_smallest-346b1d3c1cdc3032d07222a8a5e0027a2abf95bb1697b9d367d7cca7db1af769d8298e232c56471a122f05e87e79f4bd965855c9c0f8b173ebc0ef5d0abebc7b-005/Figra_IntroClassJava_smallest_346b1d3c1cdc3032d07222a8a5e0027a2abf95bb1697b9d367d7cca7db1af769d8298e232c56471a122f05e87e79f4bd965855c9c0f8b173ebc0ef5d0abebc7b-005/./output_astor/AstorMain-smallest-346b1d3c1cdc3032d07222a8a5e0027a2abf95bb1697b9d367d7cca7db1af769d8298e232c56471a122f05e87e79f4bd965855c9c0f8b173ebc0ef5d0abebc7b-005//src//variant-214
--Patch Hunk #1
OPERATOR=ExpressionReplaceOperator

LOCATION=introclassJava.smallest_346b1d3c_005

PATH=/users2/cpca56132020/moliveira/folders/Figra_IntroClassJava_smallest-346b1d3c1cdc3032d07222a8a5e0027a2abf95bb1697b9d367d7cca7db1af769d8298e232c56471a122f05e87e79f4bd965855c9c0f8b173ebc0ef5d0abebc7b-005/Figra_IntroClassJava_smallest_346b1d3c1cdc3032d07222a8a5e0027a2abf95bb1697b9d367d7cca7db1af769d8298e232c56471a122f05e87e79f4bd965855c9c0f8b173ebc0ef5d0abebc7b-005/src/main/java/introclassJava/smallest_346b1d3c_005.java

MODIFIED_FILE_PATH=/users2/cpca56132020/moliveira/folders/Figra_IntroClassJava_smallest-346b1d3c1cdc3032d07222a8a5e0027a2abf95bb1697b9d367d7cca7db1af769d8298e232c56471a122f05e87e79f4bd965855c9c0f8b173ebc0ef5d0abebc7b-005/Figra_IntroClassJava_smallest_346b1d3c1cdc3032d07222a8a5e0027a2abf95bb1697b9d367d7cca7db1af769d8298e232c56471a122f05e87e79f4bd965855c9c0f8b173ebc0ef5d0abebc7b-005/./output_astor/AstorMain-smallest-346b1d3c1cdc3032d07222a8a5e0027a2abf95bb1697b9d367d7cca7db1af769d8298e232c56471a122f05e87e79f4bd965855c9c0f8b173ebc0ef5d0abebc7b-005//src//variant-214/introclassJava/smallest_346b1d3c_005.java

LINE=76

SUSPICIOUNESS=1

MP_RANKING=0

ORIGINAL_CODE="%d is the smalles\n"

BUGGY_CODE_TYPE=CtLiteralImpl|CtInvocationImpl

PATCH_HUNK_CODE="%d is the smallest\n"

PATCH_HUNK_TYPE=CtLiteralImpl|CtOperatorAssignmentImpl

INGREDIENT_SCOPE=-

INGREDIENT_PARENT="%d is the smallest\n"

PATCH_DIFF_ORIG=--- /users2/cpca56132020/moliveira/folders/Figra_IntroClassJava_smallest-346b1d3c1cdc3032d07222a8a5e0027a2abf95bb1697b9d367d7cca7db1af769d8298e232c56471a122f05e87e79f4bd965855c9c0f8b173ebc0ef5d0abebc7b-005/Figra_IntroClassJava_smallest_346b1d3c1cdc3032d07222a8a5e0027a2abf95bb1697b9d367d7cca7db1af769d8298e232c56471a122f05e87e79f4bd965855c9c0f8b173ebc0ef5d0abebc7b-005/src/main/java/introclassJava/smallest_346b1d3c_005java
+++ /users2/cpca56132020/moliveira/folders/Figra_IntroClassJava_smallest-346b1d3c1cdc3032d07222a8a5e0027a2abf95bb1697b9d367d7cca7db1af769d8298e232c56471a122f05e87e79f4bd965855c9c0f8b173ebc0ef5d0abebc7b-005/Figra_IntroClassJava_smallest_346b1d3c1cdc3032d07222a8a5e0027a2abf95bb1697b9d367d7cca7db1af769d8298e232c56471a122f05e87e79f4bd965855c9c0f8b173ebc0ef5d0abebc7b-005/src/main/java/introclassJava/smallest_346b1d3c_005java
@@ -76 +76 @@
-			output += java.lang.String.format("%d is the smalles\n", b.value);
+			output += java.lang.String.format("%d is the smallest\n", b.value);




real	120m12.793s
user	119m10.495s
sys	0m17.616s
\n\nNode: hpc063.ncg.ingrid.pt\n
\n\nDate: Tue Apr 13 08:11:05 EDT 2021\n
