10:00:46.853 fr.inria.lille.repair.nopol.NoPol - Source files: [src/main/java]
10:00:46.856 fr.inria.lille.repair.nopol.NoPol - Classpath: [file:/users2/cpca56132020/moliveira/folders/Nopol_QUIXBUGS_BREADTH_FIRST_SEARCH/Nopol_QuixBugs_BREADTH_FIRST_SEARCH_/target/classes/, file:/users2/cpca56132020/moliveira/folders/Nopol_QUIXBUGS_BREADTH_FIRST_SEARCH/Nopol_QuixBugs_BREADTH_FIRST_SEARCH_/target/test-classes/, file:/users2/cpca56132020/moliveira/.m2/repository/junit/junit/4.11/junit-4.11.jar, file:/users2/cpca56132020/moliveira/.m2/repository/org/hamcrest/hamcrest-core/1.3/hamcrest-core-1.3.jar, file:/users2/cpca56132020/moliveira/RepairThemAll/script/../repair_tools/nopol.jar]
10:00:46.856 fr.inria.lille.repair.nopol.NoPol - Statement type: PRE_THEN_COND
10:00:46.857 fr.inria.lille.repair.nopol.NoPol - Args: [java_testcases.junit.BREADTH_FIRST_SEARCH_Test]
10:00:46.859 fr.inria.lille.repair.nopol.NoPol - Config: Config{synthesisDepth=3, collectStaticMethods=true, collectStaticFields=false, collectLiterals=false, onlyOneSynthesisResult=true, sortExpressions=true, maxLineInvocationPerTest=250, timeoutMethodInvocation=2000, dataCollectionTimeoutInSecondForSynthesis=900, addWeight=0.19478, subWeight=0.04554, mulWeight=0.0102, divWeight=0.00613, andWeight=0.10597, orWeight=0.05708, eqWeight=0.22798, nEqWeight=0.0, lessEqWeight=0.0255, lessWeight=0.0947, methodCallWeight=0.1, fieldAccessWeight=0.08099, constantWeight=0.14232, variableWeight=0.05195, mode=REPAIR, type=PRE_THEN_COND, synthesis=SMT, oracle=ANGELIC, solver=Z3, solverPath='/users2/cpca56132020/moliveira/RepairThemAll/script/../libs/z3/build/z3', projectSources=[src/main/java], projectClasspath='[Ljava.net.URL;@16c0663d', projectTests=[java_testcases.junit.BREADTH_FIRST_SEARCH_Test], complianceLevel=8, outputFolder=., json=true}
10:00:46.859 fr.inria.lille.repair.nopol.NoPol - Available processors (cores): 1
10:00:46.862 fr.inria.lille.repair.nopol.NoPol - Free memory: 968 MB
10:00:46.863 fr.inria.lille.repair.nopol.NoPol - Maximum memory: 3 GB
10:00:46.863 fr.inria.lille.repair.nopol.NoPol - Total memory available to JVM: 989 MB
10:00:46.863 fr.inria.lille.repair.nopol.NoPol - Java version: 1.8.0_272
10:00:46.869 fr.inria.lille.repair.nopol.NoPol - JAVA_HOME: /usr/lib/jvm/java-1.8.0-openjdk/bin
10:00:46.869 fr.inria.lille.repair.nopol.NoPol - PATH: /usr/lib/jvm/java-1.8.0-openjdk/bin:/users2/cpca56132020/moliveira/deps/Maven/apache-maven/bin:/users2/cpca56132020/moliveira/deps/Gradle/gradle-6.8.3/bin:/usr/condabin:/usr/local/bin:/usr/bin:/usr/local/sbin:/usr/sbin:/users2/cpca56132020/moliveira/.local/bin:/users2/cpca56132020/moliveira/bin
10:01:04.578 fr.inria.lille.repair.nopol.NoPol - statement #1
10:01:04.580 fr.inria.lille.repair.nopol.NoPol - Analysing SourceLocation java_programs.Node:62 which is executed by 4 tests
10:01:04.803 fr.inria.lille.repair.nopol.NoPol - statement #2
10:01:04.803 fr.inria.lille.repair.nopol.NoPol - Analysing SourceLocation java_programs.BREADTH_FIRST_SEARCH:37 which is executed by 4 tests
10:01:04.926 fr.inria.lille.repair.nopol.NoPol - statement #3
10:01:04.926 fr.inria.lille.repair.nopol.NoPol - Analysing SourceLocation java_programs.BREADTH_FIRST_SEARCH:30 which is executed by 4 tests
10:01:05.022 fr.inria.lille.repair.nopol.NoPol - looking with class fr.inria.lille.repair.nopol.spoon.smt.ConditionalAdder
10:01:05.878 tests.output - Failing tests with false: 
[test3(java_testcases.junit.BREADTH_FIRST_SEARCH_Test): null]
10:01:05.879 tests.output - Failing tests with true: 
[test3(java_testcases.junit.BREADTH_FIRST_SEARCH_Test): null]
10:01:05.879 f.i.l.r.n.synth.SMTNopolSynthesizer - Not enough specifications: 0. A trivial patch is "true" or "false", please write new tests specifying SourceLocation java_programs.BREADTH_FIRST_SEARCH:30.
10:01:05.879 fr.inria.lille.repair.nopol.NoPol - statement #4
10:01:05.879 fr.inria.lille.repair.nopol.NoPol - Analysing SourceLocation java_programs.BREADTH_FIRST_SEARCH:27 which is executed by 5 tests
10:01:05.957 fr.inria.lille.repair.nopol.NoPol - looking with class fr.inria.lille.repair.nopol.spoon.smt.ConditionalAdder
10:01:06.217 tests.output - Failing tests with false: 
[test3(java_testcases.junit.BREADTH_FIRST_SEARCH_Test): null]
10:01:06.217 tests.output - Failing tests with true: 
[test3(java_testcases.junit.BREADTH_FIRST_SEARCH_Test): null]
10:01:06.217 f.i.l.r.n.synth.SMTNopolSynthesizer - Not enough specifications: 0. A trivial patch is "true" or "false", please write new tests specifying SourceLocation java_programs.BREADTH_FIRST_SEARCH:27.
10:01:06.218 fr.inria.lille.repair.nopol.NoPol - looking with class fr.inria.lille.repair.nopol.spoon.smt.ConditionalReplacer
10:01:06.471 tests.output - Failing tests with false: 
[test3(java_testcases.junit.BREADTH_FIRST_SEARCH_Test): null]
10:01:06.472 tests.output - Failing tests with true: 
[test3(java_testcases.junit.BREADTH_FIRST_SEARCH_Test): expected:<Path [not ]found!> but was:<Path []found!>]
10:01:06.472 f.i.l.r.n.synth.SMTNopolSynthesizer - Not enough specifications: 0. A trivial patch is "true" or "false", please write new tests specifying SourceLocation java_programs.BREADTH_FIRST_SEARCH:27.
10:01:06.472 fr.inria.lille.repair.nopol.NoPol - statement #5
10:01:06.472 fr.inria.lille.repair.nopol.NoPol - Analysing SourceLocation java_programs.BREADTH_FIRST_SEARCH:25 which is executed by 5 tests
10:01:06.533 fr.inria.lille.repair.nopol.NoPol - statement #6
10:01:06.533 fr.inria.lille.repair.nopol.NoPol - Analysing SourceLocation java_programs.BREADTH_FIRST_SEARCH:22 which is executed by 5 tests
10:01:06.607 fr.inria.lille.repair.nopol.NoPol - looking with class fr.inria.lille.repair.nopol.spoon.smt.ConditionalAdder
10:01:06.823 tests.output - Failing tests with false: 
[test3(java_testcases.junit.BREADTH_FIRST_SEARCH_Test): null]
10:01:06.823 tests.output - Failing tests with true: 
[test3(java_testcases.junit.BREADTH_FIRST_SEARCH_Test): null]
10:01:06.823 f.i.l.r.n.synth.SMTNopolSynthesizer - Not enough specifications: 0. A trivial patch is "true" or "false", please write new tests specifying SourceLocation java_programs.BREADTH_FIRST_SEARCH:22.
10:01:06.824 fr.inria.lille.repair.nopol.NoPol - statement #7
10:01:06.824 fr.inria.lille.repair.nopol.NoPol - Analysing SourceLocation java_programs.BREADTH_FIRST_SEARCH:20 which is executed by 5 tests
10:01:06.900 fr.inria.lille.repair.nopol.NoPol - looking with class fr.inria.lille.repair.nopol.spoon.smt.ConditionalAdder
10:01:07.118 tests.output - Failing tests with false: 
[test3(java_testcases.junit.BREADTH_FIRST_SEARCH_Test): null]
10:01:07.118 tests.output - Failing tests with true: 
[test3(java_testcases.junit.BREADTH_FIRST_SEARCH_Test): null]
10:01:07.118 f.i.l.r.n.synth.SMTNopolSynthesizer - Not enough specifications: 0. A trivial patch is "true" or "false", please write new tests specifying SourceLocation java_programs.BREADTH_FIRST_SEARCH:20.
10:01:07.118 fr.inria.lille.repair.nopol.NoPol - statement #8
10:01:07.118 fr.inria.lille.repair.nopol.NoPol - Analysing SourceLocation java_programs.BREADTH_FIRST_SEARCH:19 which is executed by 5 tests
10:01:07.207 fr.inria.lille.repair.nopol.NoPol - ----INFORMATION----
10:01:07.213 fr.inria.lille.repair.nopol.NoPol - Nb classes : 3
10:01:07.213 fr.inria.lille.repair.nopol.NoPol - Nb methods : 9
10:01:07.213 fr.inria.lille.repair.nopol.NoPol - Nb Statements Analyzed : 5
10:01:07.213 fr.inria.lille.repair.nopol.NoPol - Nb Statements with Angelic Value Found : 0
10:01:07.213 fr.inria.lille.repair.nopol.NoPol - Nb inputs in SMT : 0
10:01:07.214 fr.inria.lille.repair.nopol.NoPol - Nb SMT level: 0
10:01:07.214 fr.inria.lille.repair.nopol.NoPol - Nb variables in SMT : 0
10:01:07.214 fr.inria.lille.repair.nopol.NoPol - NoPol Execution time : 20356ms
10:01:07.214 fr.inria.lille.repair.nopol.NoPol - 
