07:53:08.257 fr.inria.lille.repair.nopol.NoPol - Source files: [src/main/java]
07:53:08.260 fr.inria.lille.repair.nopol.NoPol - Classpath: [file:/users2/cpca56132020/moliveira/folders/Nopol_QUIXBUGS_DEPTH_FIRST_SEARCH/Nopol_QuixBugs_DEPTH_FIRST_SEARCH_/target/classes/, file:/users2/cpca56132020/moliveira/folders/Nopol_QUIXBUGS_DEPTH_FIRST_SEARCH/Nopol_QuixBugs_DEPTH_FIRST_SEARCH_/target/test-classes/, file:/users2/cpca56132020/moliveira/.m2/repository/junit/junit/4.11/junit-4.11.jar, file:/users2/cpca56132020/moliveira/.m2/repository/org/hamcrest/hamcrest-core/1.3/hamcrest-core-1.3.jar, file:/users2/cpca56132020/moliveira/RepairThemAll/script/../repair_tools/nopol.jar]
07:53:08.260 fr.inria.lille.repair.nopol.NoPol - Statement type: PRE_THEN_COND
07:53:08.261 fr.inria.lille.repair.nopol.NoPol - Args: [java_testcases.junit.DEPTH_FIRST_SEARCH_Test]
07:53:08.263 fr.inria.lille.repair.nopol.NoPol - Config: Config{synthesisDepth=3, collectStaticMethods=true, collectStaticFields=false, collectLiterals=false, onlyOneSynthesisResult=true, sortExpressions=true, maxLineInvocationPerTest=250, timeoutMethodInvocation=2000, dataCollectionTimeoutInSecondForSynthesis=900, addWeight=0.19478, subWeight=0.04554, mulWeight=0.0102, divWeight=0.00613, andWeight=0.10597, orWeight=0.05708, eqWeight=0.22798, nEqWeight=0.0, lessEqWeight=0.0255, lessWeight=0.0947, methodCallWeight=0.1, fieldAccessWeight=0.08099, constantWeight=0.14232, variableWeight=0.05195, mode=REPAIR, type=PRE_THEN_COND, synthesis=SMT, oracle=ANGELIC, solver=Z3, solverPath='/users2/cpca56132020/moliveira/RepairThemAll/script/../libs/z3/build/z3', projectSources=[src/main/java], projectClasspath='[Ljava.net.URL;@16c0663d', projectTests=[java_testcases.junit.DEPTH_FIRST_SEARCH_Test], complianceLevel=8, outputFolder=., json=true}
07:53:08.263 fr.inria.lille.repair.nopol.NoPol - Available processors (cores): 1
07:53:08.266 fr.inria.lille.repair.nopol.NoPol - Free memory: 968 MB
07:53:08.266 fr.inria.lille.repair.nopol.NoPol - Maximum memory: 3 GB
07:53:08.266 fr.inria.lille.repair.nopol.NoPol - Total memory available to JVM: 989 MB
07:53:08.266 fr.inria.lille.repair.nopol.NoPol - Java version: 1.8.0_282
07:53:08.270 fr.inria.lille.repair.nopol.NoPol - JAVA_HOME: /users2/cpca56132020/moliveira/deps/jdk-8/bin
07:53:08.270 fr.inria.lille.repair.nopol.NoPol - PATH: /users2/cpca56132020/moliveira/deps/jdk-8/bin:/users2/cpca56132020/moliveira/deps/Maven/apache-maven/bin:/users2/cpca56132020/moliveira/deps/Gradle/gradle-6.8.3/bin:/usr/condabin:/usr/local/bin:/usr/bin:/usr/local/sbin:/usr/sbin:/users2/cpca56132020/moliveira/.local/bin:/users2/cpca56132020/moliveira/bin
07:53:22.124 fr.inria.lille.repair.nopol.NoPol - statement #1
07:53:22.126 fr.inria.lille.repair.nopol.NoPol - Analysing SourceLocation java_programs.Node:51 which is executed by 1 tests
07:53:22.334 fr.inria.lille.repair.nopol.NoPol - statement #2
07:53:22.334 fr.inria.lille.repair.nopol.NoPol - Analysing SourceLocation java_programs.Node:50 which is executed by 1 tests
07:53:22.448 fr.inria.lille.repair.nopol.NoPol - looking with class fr.inria.lille.repair.nopol.spoon.smt.ConditionalAdder
07:53:23.468 f.i.l.r.n.synth.SMTNopolSynthesizer - Not enough specifications: 1. A trivial patch is "true" or "false", please write new tests specifying SourceLocation java_programs.Node:50.
07:53:23.469 fr.inria.lille.repair.nopol.NoPol - statement #3
07:53:23.469 fr.inria.lille.repair.nopol.NoPol - Analysing SourceLocation java_programs.DEPTH_FIRST_SEARCH$1Search:23 which is executed by 3 tests
07:53:23.536 fr.inria.lille.repair.nopol.NoPol - looking with class fr.inria.lille.repair.nopol.spoon.smt.ConditionalAdder
07:53:23.820 tests.output - Failing tests with false: 
[test5(java_testcases.junit.DEPTH_FIRST_SEARCH_Test): null]
07:53:23.820 tests.output - Failing tests with true: 
[test5(java_testcases.junit.DEPTH_FIRST_SEARCH_Test): null]
07:53:23.820 f.i.l.r.n.synth.SMTNopolSynthesizer - Not enough specifications: 0. A trivial patch is "true" or "false", please write new tests specifying SourceLocation java_programs.DEPTH_FIRST_SEARCH$1Search:23.
07:53:23.821 fr.inria.lille.repair.nopol.NoPol - statement #4
07:53:23.821 fr.inria.lille.repair.nopol.NoPol - Analysing SourceLocation java_programs.Node:62 which is executed by 4 tests
07:53:23.911 fr.inria.lille.repair.nopol.NoPol - statement #5
07:53:23.911 fr.inria.lille.repair.nopol.NoPol - Analysing SourceLocation java_programs.DEPTH_FIRST_SEARCH$1Search:22 which is executed by 4 tests
07:53:23.981 fr.inria.lille.repair.nopol.NoPol - looking with class fr.inria.lille.repair.nopol.spoon.smt.ConditionalAdder
07:53:24.266 tests.output - Failing tests with false: 
[test5(java_testcases.junit.DEPTH_FIRST_SEARCH_Test): expected:<Path []found!> but was:<Path [not ]found!>]
07:53:24.266 tests.output - Failing tests with true: 
[test5(java_testcases.junit.DEPTH_FIRST_SEARCH_Test): null]
07:53:24.266 f.i.l.r.n.synth.SMTNopolSynthesizer - Not enough specifications: 0. A trivial patch is "true" or "false", please write new tests specifying SourceLocation java_programs.DEPTH_FIRST_SEARCH$1Search:22.
07:53:24.267 fr.inria.lille.repair.nopol.NoPol - statement #6
07:53:24.267 fr.inria.lille.repair.nopol.NoPol - Analysing SourceLocation java_programs.DEPTH_FIRST_SEARCH:31 which is executed by 5 tests
07:53:24.340 fr.inria.lille.repair.nopol.NoPol - statement #7
07:53:24.340 fr.inria.lille.repair.nopol.NoPol - Analysing SourceLocation java_programs.DEPTH_FIRST_SEARCH:30 which is executed by 5 tests
07:53:24.405 fr.inria.lille.repair.nopol.NoPol - statement #8
07:53:24.405 fr.inria.lille.repair.nopol.NoPol - Analysing SourceLocation java_programs.DEPTH_FIRST_SEARCH:14 which is executed by 5 tests
07:53:24.467 fr.inria.lille.repair.nopol.NoPol - statement #9
07:53:24.468 fr.inria.lille.repair.nopol.NoPol - Analysing SourceLocation java_programs.DEPTH_FIRST_SEARCH$1Search:19 which is executed by 5 tests
07:53:24.528 fr.inria.lille.repair.nopol.NoPol - looking with class fr.inria.lille.repair.nopol.spoon.smt.ConditionalAdder
07:53:24.803 tests.output - Failing tests with false: 
[test5(java_testcases.junit.DEPTH_FIRST_SEARCH_Test): expected:<Path []found!> but was:<Path [not ]found!>]
07:53:24.804 tests.output - Failing tests with true: 
[test5(java_testcases.junit.DEPTH_FIRST_SEARCH_Test): null]
07:53:24.804 f.i.l.r.n.synth.SMTNopolSynthesizer - Not enough specifications: 0. A trivial patch is "true" or "false", please write new tests specifying SourceLocation java_programs.DEPTH_FIRST_SEARCH$1Search:19.
07:53:24.804 fr.inria.lille.repair.nopol.NoPol - looking with class fr.inria.lille.repair.nopol.spoon.smt.ConditionalReplacer
07:53:25.308 f.i.l.c.s.ConstraintBasedSynthesis - Operators:
07:53:25.392 f.i.l.c.s.ConstraintBasedSynthesis - Operators:
== of arity: 2
!= of arity: 2
< of arity: 2
<= of arity: 2
07:53:25.462 f.i.l.c.s.ConstraintBasedSynthesis - Operators:
== of arity: 2
!= of arity: 2
< of arity: 2
<= of arity: 2
! of arity: 1
|| of arity: 2
&& of arity: 2
07:53:25.587 f.i.l.c.s.ConstraintBasedSynthesis - Operators:
== of arity: 2
!= of arity: 2
< of arity: 2
<= of arity: 2
! of arity: 1
|| of arity: 2
&& of arity: 2
== of arity: 2
!= of arity: 2
< of arity: 2
<= of arity: 2
07:53:25.829 f.i.l.c.s.ConstraintBasedSynthesis - Operators:
== of arity: 2
!= of arity: 2
< of arity: 2
<= of arity: 2
! of arity: 1
|| of arity: 2
&& of arity: 2
== of arity: 2
!= of arity: 2
< of arity: 2
<= of arity: 2
! of arity: 1
|| of arity: 2
&& of arity: 2
07:53:35.730 f.i.l.c.s.ConstraintBasedSynthesis - Failed code synthesis, returning NullCodeGenesis
07:53:35.736 fr.inria.lille.repair.nopol.NoPol - statement #10
07:53:35.736 fr.inria.lille.repair.nopol.NoPol - Analysing SourceLocation java_programs.DEPTH_FIRST_SEARCH$1Search:17 which is executed by 5 tests
07:53:35.811 fr.inria.lille.repair.nopol.NoPol - looking with class fr.inria.lille.repair.nopol.spoon.smt.ConditionalAdder
07:53:36.008 tests.output - Failing tests with false: 
[test5(java_testcases.junit.DEPTH_FIRST_SEARCH_Test): expected:<Path []found!> but was:<Path [not ]found!>]
07:53:36.008 tests.output - Failing tests with true: 
[test5(java_testcases.junit.DEPTH_FIRST_SEARCH_Test): null]
07:53:36.008 f.i.l.r.n.synth.SMTNopolSynthesizer - Not enough specifications: 0. A trivial patch is "true" or "false", please write new tests specifying SourceLocation java_programs.DEPTH_FIRST_SEARCH$1Search:17.
07:53:36.008 fr.inria.lille.repair.nopol.NoPol - looking with class fr.inria.lille.repair.nopol.spoon.smt.ConditionalReplacer
07:53:36.231 tests.output - Failing tests with false: 
[test5(java_testcases.junit.DEPTH_FIRST_SEARCH_Test): null]
07:53:36.231 tests.output - Failing tests with true: 
[test5(java_testcases.junit.DEPTH_FIRST_SEARCH_Test): expected:<Path []found!> but was:<Path [not ]found!>]
07:53:36.231 f.i.l.r.n.synth.SMTNopolSynthesizer - Not enough specifications: 0. A trivial patch is "true" or "false", please write new tests specifying SourceLocation java_programs.DEPTH_FIRST_SEARCH$1Search:17.
07:53:36.232 fr.inria.lille.repair.nopol.NoPol - ----INFORMATION----
07:53:36.235 fr.inria.lille.repair.nopol.NoPol - Nb classes : 3
07:53:36.236 fr.inria.lille.repair.nopol.NoPol - Nb methods : 9
07:53:36.236 fr.inria.lille.repair.nopol.NoPol - Nb Statements Analyzed : 7
07:53:36.236 fr.inria.lille.repair.nopol.NoPol - Nb Statements with Angelic Value Found : 1
07:53:36.236 fr.inria.lille.repair.nopol.NoPol - Nb inputs in SMT : 0
07:53:36.236 fr.inria.lille.repair.nopol.NoPol - Nb SMT level: 5
07:53:36.236 fr.inria.lille.repair.nopol.NoPol - Nb SMT components: [14] [== of arity: 2, != of arity: 2, < of arity: 2, <= of arity: 2, ! of arity: 1, || of arity: 2, && of arity: 2, == of arity: 2, != of arity: 2, < of arity: 2, <= of arity: 2, ! of arity: 1, || of arity: 2, && of arity: 2]
07:53:36.236 fr.inria.lille.repair.nopol.NoPol -                   class java.lang.Boolean: 14
07:53:36.236 fr.inria.lille.repair.nopol.NoPol - Nb variables in SMT : 0
07:53:36.236 fr.inria.lille.repair.nopol.NoPol - NoPol Execution time : 27981ms
07:53:36.236 fr.inria.lille.repair.nopol.NoPol - 
