cd /users2/cpca56132020/moliveira/folders/Figra_18_QUIXBUGS_GET_FACTORS/Figra_QuixBugs_GET_FACTORS_;
export JAVA_TOOL_OPTIONS="-Dfile.encoding=UTF8 -Duser.language=en-US -Duser.country=US -Duser.language=en";
TZ="America/New_York"; export TZ;
export PATH="/usr/lib/jvm/java-1.8.0-openjdk/bin:$PATH";
export JAVA_HOME="/usr/lib/jvm/java-1.8.0-openjdk/bin";
time java -Xmx4g -Xms1g -cp /users2/cpca56132020/moliveira/RepairThemAll/script/../libs/jtestex7.jar:/users2/cpca56132020/moliveira/RepairThemAll/script/../repair_tools/astor.jar fr.inria.main.evolution.AstorMain \
	-mode figra \
	-location . \
	-id GET_FACTORS- \
	-failing java_testcases.junit.GET_FACTORS_Test \
	-jvm4testexecution /usr/lib/jvm/java-1.8.0-openjdk/bin \
	-jvm4evosuitetestexecution /usr/lib/jvm/java-1.8.0-openjdk/bin \
	-maxgen 1000000 \
	-maxtime 120 \
	-stopfirst false \
	-seed 18 \
	-scope package \
	-population 1 \
	-javacompliancelevel 8 \
	-srcjavafolder src/main/java \
	-srctestfolder src/test/java \
	-binjavafolder target/classes \
	-bintestfolder target/test-classes \
	-parameters x:x:maxCombinationVariableLimit:true:maxVarCombination:1000 \
	-dependencies /users2/cpca56132020/moliveira/.m2/repository/junit/junit/4.11/junit-4.11.jar:/users2/cpca56132020/moliveira/.m2/repository/org/hamcrest/hamcrest-core/1.3/hamcrest-core-1.3.jar;
	echo "\n\nNode: `hostname`\n";
	echo "\n\nDate: `date`\n";
Picked up JAVA_TOOL_OPTIONS: -Dfile.encoding=UTF8 -Duser.language=en-US -Duser.country=US -Duser.language=en
11:53:52.986 [main] ERROR fr.inria.astor.approaches.figra.ExpressionReplaceOperator - Replacement does not work for  modify java_programs.GET_FACTORS.get_factors(n / i) to java_programs.GET_FACTORS.get_factors(n / i)
11:53:58.183 [main] ERROR fr.inria.astor.approaches.figra.ExpressionReplaceOperator - Replacement does not work for  modify 1.0 to 1.0
11:53:59.379 [main] ERROR fr.inria.astor.approaches.figra.ExpressionReplaceOperator - Replacement does not work for  modify ((int) (java.lang.Math.sqrt(n) + 1.0)) to ((int) (java.lang.Math.sqrt(n) + 1.0))
11:54:00.401 [main] ERROR fr.inria.astor.approaches.figra.ExpressionReplaceOperator - error to modify i++ to n >> n
11:54:11.827 [main] ERROR fr.inria.astor.approaches.figra.ExpressionReplaceOperator - Replacement does not work for  modify java.lang.Math.sqrt(n) to java.lang.Math.sqrt(n)
12:02:28.870 [main] ERROR fr.inria.astor.approaches.figra.ExpressionReplaceOperator - Replacement does not work for  modify n == 1 to n == 1
12:02:49.488 [main] ERROR fr.inria.astor.approaches.figra.ExpressionReplaceOperator - Replacement does not work for  modify prepend to prepend
12:05:47.075 [main] ERROR fr.inria.astor.approaches.figra.ExpressionReplaceOperator - Replacement does not work for  modify prepend to prepend
12:07:26.164 [main] ERROR fr.inria.astor.approaches.figra.ExpressionReplaceOperator - Replacement does not work for  modify prepend.add(i) to prepend.add(i)
12:08:54.491 [main] ERROR fr.inria.astor.approaches.figra.ExpressionReplaceOperator - Replacement does not work for  modify prepend.addAll(java_programs.GET_FACTORS.get_factors(n / i)) to prepend.addAll(java_programs.GET_FACTORS.get_factors(n / i))
12:09:46.736 [main] ERROR fr.inria.astor.approaches.figra.ExpressionReplaceOperator - Replacement does not work for  modify (n % i) to (n % i)
12:12:18.803 [main] ERROR fr.inria.astor.approaches.figra.ExpressionReplaceOperator - Replacement does not work for  modify new java.util.ArrayList<java.lang.Integer>(0) to new java.util.ArrayList<java.lang.Integer>(0)
12:13:04.224 [main] ERROR fr.inria.astor.approaches.figra.ExpressionReplaceOperator - Replacement does not work for  modify 2 to 2
12:13:45.282 [main] ERROR fr.inria.astor.approaches.figra.ExpressionReplaceOperator - Replacement does not work for  modify new java.util.ArrayList<java.lang.Integer>() to new java.util.ArrayList<java.lang.Integer>()
12:22:51.701 [main] ERROR fr.inria.astor.approaches.figra.ExpressionReplaceOperator - Replacement does not work for  modify prepend to prepend
12:44:19.703 [main] ERROR fr.inria.astor.approaches.figra.ExpressionReplaceOperator - Replacement does not work for  modify i to i
12:45:00.782 [main] ERROR fr.inria.astor.approaches.figra.ExpressionReplaceOperator - Replacement does not work for  modify n to n
12:55:11.987 [main] ERROR fr.inria.astor.approaches.figra.ExpressionReplaceOperator - Replacement does not work for  modify n to n
12:55:22.212 [main] ERROR fr.inria.astor.approaches.figra.ExpressionReplaceOperator - Replacement does not work for  modify n to n
12:57:49.202 [main] ERROR fr.inria.astor.approaches.figra.ExpressionReplaceOperator - Replacement does not work for  modify 1 to 1
13:17:53.564 [main] ERROR fr.inria.astor.approaches.figra.ExpressionReplaceOperator - Replacement does not work for  modify i < max to i < max
13:18:44.735 [main] ERROR fr.inria.astor.approaches.figra.ExpressionReplaceOperator - Replacement does not work for  modify 0 to 0
13:37:07.189 [main] ERROR fr.inria.astor.approaches.figra.ExpressionReplaceOperator - Replacement does not work for  modify i to i
13:39:30.021 [main] ERROR fr.inria.astor.approaches.figra.ExpressionReplaceOperator - Replacement does not work for  modify i to i
13:42:04.385 [main] ERROR fr.inria.astor.approaches.figra.ExpressionReplaceOperator - Replacement does not work for  modify i++ to i++
13:51:44.841 [main] ERROR fr.inria.astor.approaches.figra.ExpressionReplaceOperator - Replacement does not work for  modify (n % i) == 0 to (n % i) == 0
13:52:56.542 [main] ERROR fr.inria.astor.approaches.figra.ExpressionReplaceOperator - Replacement does not work for  modify n to n
Astor Output:

General stats:
EXECUTION_IDENTIFIER=GET_FACTORS-
TOTAL_TIME=7200.996
NR_GENERATIONS=958
NR_RIGHT_COMPILATIONS=941
NR_FAILLING_COMPILATIONS=17
NR_ERRONEOUS_VARIANCES=null
NR_FAILING_VALIDATION_PROCESS=null
OUTPUT_STATUS=TIME_OUT

Patch stats:

Patch 1
VARIANT_ID=28
TIME=6
VALIDATION=|true|0|11|[]|
GENERATION=14
FOLDER_SOLUTION_CODE=/users2/cpca56132020/moliveira/folders/Figra_18_QUIXBUGS_GET_FACTORS/Figra_QuixBugs_GET_FACTORS_/./output_astor/AstorMain-GET_FACTORS-//src//variant-28
--Patch Hunk #1
OPERATOR=ExpressionReplaceOperator

LOCATION=java_programs.GET_FACTORS

PATH=/users2/cpca56132020/moliveira/folders/Figra_18_QUIXBUGS_GET_FACTORS/Figra_QuixBugs_GET_FACTORS_/src/main/java/GET_FACTORS.java

MODIFIED_FILE_PATH=/users2/cpca56132020/moliveira/folders/Figra_18_QUIXBUGS_GET_FACTORS/Figra_QuixBugs_GET_FACTORS_/./output_astor/AstorMain-GET_FACTORS-//src//variant-28/java_programs/GET_FACTORS.java

LINE=19

SUSPICIOUNESS=1

MP_RANKING=7

ORIGINAL_CODE=i < max

BUGGY_CODE_TYPE=CtBinaryOperatorImpl|CtForImpl

PATCH_HUNK_CODE=(n % i) >= 0

PATCH_HUNK_TYPE=CtBinaryOperatorImpl|CtForImpl

INGREDIENT_SCOPE=-

INGREDIENT_PARENT=(n % i) >= 0

PATCH_DIFF_ORIG=--- /users2/cpca56132020/moliveira/folders/Figra_18_QUIXBUGS_GET_FACTORS/Figra_QuixBugs_GET_FACTORS_/src/main/java/GET_FACTORSjava
+++ /users2/cpca56132020/moliveira/folders/Figra_18_QUIXBUGS_GET_FACTORS/Figra_QuixBugs_GET_FACTORS_/src/main/java/GET_FACTORSjava
@@ -19,2 +19,2 @@
-		for (int i = 2; i < max;) {
-			if ((n % i) == 0) {
+		for (int i = 2; 
+		(n % i) >= 0; i++) { 			if ((n % i) == 0) {




real	120m20.702s
user	3m16.142s
sys	0m29.012s
\n\nNode: hpc061.ncg.ingrid.pt\n
\n\nDate: Wed Apr  7 13:53:52 EDT 2021\n
