cd /users2/cpca56132020/moliveira/folders/Nopol_QUIXBUGS_MERGESORT/Nopol_QuixBugs_MERGESORT_;
export JAVA_TOOL_OPTIONS="-Dfile.encoding=UTF8 -Duser.language=en-US -Duser.country=US -Duser.language=en";
TZ="America/New_York"; export TZ;
export PATH="/usr/lib/jvm/java-1.8.0-openjdk/bin:$PATH";
export JAVA_HOME="/usr/lib/jvm/java-1.8.0-openjdk/bin";
time java -Xmx4g -Xms1g -cp /users2/cpca56132020/moliveira/RepairThemAll/script/../repair_tools/nopol.jar:/usr/lib/jvm/java-1.8.0-openjdk/bin/../lib/tools.jar fr.inria.lille.repair.Main \
	--mode repair \
	--type pre_then_cond \
	--oracle angelic \
	--synthesis smt \
	--flocal gzoltar \
	--json \
	--solver z3 \
	--solver-path /users2/cpca56132020/moliveira/RepairThemAll/script/../libs/z3/build/z3 \
	--complianceLevel 8 \
	--source src/main/java \
	--classpath "target/classes:target/test-classes:/users2/cpca56132020/moliveira/.m2/repository/junit/junit/4.11/junit-4.11.jar:/users2/cpca56132020/moliveira/.m2/repository/org/hamcrest/hamcrest-core/1.3/hamcrest-core-1.3.jar:/users2/cpca56132020/moliveira/RepairThemAll/script/../repair_tools/nopol.jar";
	echo "\n\nNode: `hostname`\n";
	echo "\n\nDate: `date`\n";
Picked up JAVA_TOOL_OPTIONS: -Dfile.encoding=UTF8 -Duser.language=en-US -Duser.country=US -Duser.language=en
10:00:52.989 [main] INFO  fr.inria.lille.repair.nopol.NoPol - Source files: [src/main/java]
10:00:52.997 [main] INFO  fr.inria.lille.repair.nopol.NoPol - Classpath: [file:/users2/cpca56132020/moliveira/folders/Nopol_QUIXBUGS_MERGESORT/Nopol_QuixBugs_MERGESORT_/target/classes/, file:/users2/cpca56132020/moliveira/folders/Nopol_QUIXBUGS_MERGESORT/Nopol_QuixBugs_MERGESORT_/target/test-classes/, file:/users2/cpca56132020/moliveira/.m2/repository/junit/junit/4.11/junit-4.11.jar, file:/users2/cpca56132020/moliveira/.m2/repository/org/hamcrest/hamcrest-core/1.3/hamcrest-core-1.3.jar, file:/users2/cpca56132020/moliveira/RepairThemAll/script/../repair_tools/nopol.jar]
10:00:52.997 [main] INFO  fr.inria.lille.repair.nopol.NoPol - Statement type: PRE_THEN_COND
10:00:52.997 [main] INFO  fr.inria.lille.repair.nopol.NoPol - Args: [java_testcases.junit.MERGESORT_Test]
10:00:52.999 [main] INFO  fr.inria.lille.repair.nopol.NoPol - Config: Config{synthesisDepth=3, collectStaticMethods=true, collectStaticFields=false, collectLiterals=false, onlyOneSynthesisResult=true, sortExpressions=true, maxLineInvocationPerTest=250, timeoutMethodInvocation=2000, dataCollectionTimeoutInSecondForSynthesis=900, addWeight=0.19478, subWeight=0.04554, mulWeight=0.0102, divWeight=0.00613, andWeight=0.10597, orWeight=0.05708, eqWeight=0.22798, nEqWeight=0.0, lessEqWeight=0.0255, lessWeight=0.0947, methodCallWeight=0.1, fieldAccessWeight=0.08099, constantWeight=0.14232, variableWeight=0.05195, mode=REPAIR, type=PRE_THEN_COND, synthesis=SMT, oracle=ANGELIC, solver=Z3, solverPath='/users2/cpca56132020/moliveira/RepairThemAll/script/../libs/z3/build/z3', projectSources=[src/main/java], projectClasspath='[Ljava.net.URL;@16c0663d', projectTests=[java_testcases.junit.MERGESORT_Test], complianceLevel=8, outputFolder=., json=true}
10:00:53.000 [main] INFO  fr.inria.lille.repair.nopol.NoPol - Available processors (cores): 1
10:00:53.003 [main] INFO  fr.inria.lille.repair.nopol.NoPol - Free memory: 968 MB
10:00:53.003 [main] INFO  fr.inria.lille.repair.nopol.NoPol - Maximum memory: 3 GB
10:00:53.003 [main] INFO  fr.inria.lille.repair.nopol.NoPol - Total memory available to JVM: 989 MB
10:00:53.003 [main] INFO  fr.inria.lille.repair.nopol.NoPol - Java version: 1.8.0_272
10:00:53.009 [main] INFO  fr.inria.lille.repair.nopol.NoPol - JAVA_HOME: /usr/lib/jvm/java-1.8.0-openjdk/bin
10:00:53.009 [main] INFO  fr.inria.lille.repair.nopol.NoPol - PATH: /usr/lib/jvm/java-1.8.0-openjdk/bin:/users2/cpca56132020/moliveira/deps/Maven/apache-maven/bin:/users2/cpca56132020/moliveira/deps/Gradle/gradle-6.8.3/bin:/usr/condabin:/usr/local/bin:/usr/bin:/usr/local/sbin:/usr/sbin:/users2/cpca56132020/moliveira/.local/bin:/users2/cpca56132020/moliveira/bin
10:01:05.765 [pool-2-thread-1] DEBUG fr.inria.lille.repair.nopol.NoPol - statement #1
10:01:05.767 [pool-2-thread-1] DEBUG fr.inria.lille.repair.nopol.NoPol - Analysing SourceLocation java_programs.MERGESORT:47 which is executed by 13 tests
119590327
10:01:05.999 [pool-2-thread-1] DEBUG fr.inria.lille.repair.nopol.NoPol - looking with class fr.inria.lille.repair.nopol.spoon.smt.ConditionalAdder
10:01:45.621 [pool-3-thread-1] DEBUG tests.output - Failing tests with false: 
[test_0(java_testcases.junit.MERGESORT_Test): expected:<[1,2,[4,6,7,33,72]]> but was:<[1,2,[6,72,7,33,4]]>, test_11(java_testcases.junit.MERGESORT_Test): expected:<[[1,2,3,4,5,6,7,8,9,10,11,12,13,14,15,16,17,18,1]9]> but was:<[[4,6,1,10,14,16,18,17,12,3,11,8,13,5,7,19,15,2,]9]>, test_10(java_testcases.junit.MERGESORT_Test): expected:<[[1,2,3,4,5,6,7]]> but was:<[[3,4,2,5,6,7,1]]>, test_9(java_testcases.junit.MERGESORT_Test): expected:<[1,[2,3,4,5]]> but was:<[1,[3,4,5,2]]>, test_12(java_testcases.junit.MERGESORT_Test): expected:<[[1,2,4,6,9,10,14,15,16,18,19]]> but was:<[[6,1,10,14,16,19,15,2,9,4,18]]>, test_3(java_testcases.junit.MERGESORT_Test): expected:<[[1,2,3],4,5]> but was:<[[3,1,2],4,5]>, test_4(java_testcases.junit.MERGESORT_Test): expected:<[1,[2,3,4,5,6,7,8,9,10,11,12,13,14,15,16,17,18]]> but was:<[1,[8,14,9,15,5,4,3,7,17,11,18,2,12,16,13,6,10]]>, test_1(java_testcases.junit.MERGESORT_Test): expected:<[1,[1,2,3,3,3,4,5,5,5,6,7,8,9,9,9]]> but was:<[1,[3,4,1,5,5,3,5,8,9,2,6,9,7,9,3]]>, test_2(java_testcases.junit.MERGESORT_Test): expected:<[[1,2,3],4,5]> but was:<[[3,2,1],4,5]>, test_7(java_testcases.junit.MERGESORT_Test): expected:<[[1,2,3,4,5,6,7,8,9,10,11,12,13,14],15]> but was:<[[5,7,8,9,12,10,6,2,4,13,1,3,14,11],15]>, test_8(java_testcases.junit.MERGESORT_Test): expected:<[[1,2,3,4,5,6],7]> but was:<[[3,4,6,5,2,1],7]>, test_5(java_testcases.junit.MERGESORT_Test): expected:<[[1,2,3,4,5,6,7,8,9,10,11,12,13,14,15,16,17]]> but was:<[[4,5,2,9,15,8,12,13,16,3,1,7,11,17,14,10,6]]>, test_6(java_testcases.junit.MERGESORT_Test): expected:<[1,[2,3,4,5,6,7,8,9,10,11,12,13,14,15,16,17,18,19,20,21,22,23,24,25]]> but was:<[1,[13,14,7,15,16,9,5,23,24,21,19,17,12,10,25,11,3,2,6,22,8,20,4,18]]>]
10:01:45.622 [pool-3-thread-1] DEBUG tests.output - Failing tests with true: 
[test_0(java_testcases.junit.MERGESORT_Test): null, test_11(java_testcases.junit.MERGESORT_Test): test timed out after 3000 milliseconds, test_10(java_testcases.junit.MERGESORT_Test): test timed out after 3000 milliseconds, test_9(java_testcases.junit.MERGESORT_Test): test timed out after 3000 milliseconds, test_12(java_testcases.junit.MERGESORT_Test): test timed out after 3000 milliseconds, test_3(java_testcases.junit.MERGESORT_Test): test timed out after 3000 milliseconds, test_4(java_testcases.junit.MERGESORT_Test): test timed out after 3000 milliseconds, test_1(java_testcases.junit.MERGESORT_Test): test timed out after 3000 milliseconds, test_2(java_testcases.junit.MERGESORT_Test): test timed out after 3000 milliseconds, test_7(java_testcases.junit.MERGESORT_Test): test timed out after 3000 milliseconds, test_8(java_testcases.junit.MERGESORT_Test): test timed out after 3000 milliseconds, test_5(java_testcases.junit.MERGESORT_Test): test timed out after 3000 milliseconds, test_6(java_testcases.junit.MERGESORT_Test): test timed out after 3000 milliseconds]
10:01:45.622 [pool-3-thread-1] INFO  f.i.l.r.n.synth.SMTNopolSynthesizer - Not enough specifications: 0. A trivial patch is "true" or "false", please write new tests specifying SourceLocation java_programs.MERGESORT:47.
10:01:45.622 [pool-2-thread-1] DEBUG fr.inria.lille.repair.nopol.NoPol - statement #2
10:01:45.622 [pool-2-thread-1] DEBUG fr.inria.lille.repair.nopol.NoPol - Analysing SourceLocation java_programs.MERGESORT:46 which is executed by 13 tests
119590327
10:01:46.044 [pool-2-thread-1] DEBUG fr.inria.lille.repair.nopol.NoPol - looking with class fr.inria.lille.repair.nopol.spoon.smt.ConditionalAdder
10:02:42.187 [pool-31-thread-1] DEBUG tests.output - Failing tests with false: 
[test_0(java_testcases.junit.MERGESORT_Test): expected:<[[1,2,4,6,7,33,72]]> but was:<[[]]>, test_11(java_testcases.junit.MERGESORT_Test): expected:<[[1,2,3,4,5,6,7,8,9,10,11,12,13,14,15,16,17,18,19]]> but was:<[[]]>, test_10(java_testcases.junit.MERGESORT_Test): expected:<[[1,2,3,4,5,6,7]]> but was:<[[]]>, test_9(java_testcases.junit.MERGESORT_Test): expected:<[[1,2,3,4,5]]> but was:<[[]]>, test_12(java_testcases.junit.MERGESORT_Test): expected:<[[1,2,4,6,9,10,14,15,16,18,19]]> but was:<[[]]>, test_3(java_testcases.junit.MERGESORT_Test): expected:<[[1,2,3,4,5]]> but was:<[[]]>, test_4(java_testcases.junit.MERGESORT_Test): expected:<[[1,2,3,4,5,6,7,8,9,10,11,12,13,14,15,16,17,18]]> but was:<[[]]>, test_1(java_testcases.junit.MERGESORT_Test): expected:<[[1,1,2,3,3,3,4,5,5,5,6,7,8,9,9,9]]> but was:<[[]]>, test_2(java_testcases.junit.MERGESORT_Test): expected:<[[1,2,3,4,5]]> but was:<[[]]>, test_7(java_testcases.junit.MERGESORT_Test): expected:<[[1,2,3,4,5,6,7,8,9,10,11,12,13,14,15]]> but was:<[[]]>, test_8(java_testcases.junit.MERGESORT_Test): expected:<[[1,2,3,4,5,6,7]]> but was:<[[]]>, test_5(java_testcases.junit.MERGESORT_Test): expected:<[[1,2,3,4,5,6,7,8,9,10,11,12,13,14,15,16,17]]> but was:<[[]]>, test_6(java_testcases.junit.MERGESORT_Test): expected:<[[1,2,3,4,5,6,7,8,9,10,11,12,13,14,15,16,17,18,19,20,21,22,23,24,25]]> but was:<[[]]>]
10:02:42.188 [pool-31-thread-1] DEBUG tests.output - Failing tests with true: 
[test_0(java_testcases.junit.MERGESORT_Test): null, test_11(java_testcases.junit.MERGESORT_Test): null, test_10(java_testcases.junit.MERGESORT_Test): test timed out after 3000 milliseconds, test_9(java_testcases.junit.MERGESORT_Test): test timed out after 3000 milliseconds, test_12(java_testcases.junit.MERGESORT_Test): test timed out after 3000 milliseconds, test_3(java_testcases.junit.MERGESORT_Test): test timed out after 3000 milliseconds, test_4(java_testcases.junit.MERGESORT_Test): test timed out after 3000 milliseconds, test_1(java_testcases.junit.MERGESORT_Test): test timed out after 3000 milliseconds, test_2(java_testcases.junit.MERGESORT_Test): test timed out after 3000 milliseconds, test_7(java_testcases.junit.MERGESORT_Test): test timed out after 3000 milliseconds, test_8(java_testcases.junit.MERGESORT_Test): test timed out after 3000 milliseconds, test_5(java_testcases.junit.MERGESORT_Test): test timed out after 3000 milliseconds, test_6(java_testcases.junit.MERGESORT_Test): test timed out after 3000 milliseconds]
10:02:42.188 [pool-31-thread-1] INFO  f.i.l.r.n.synth.SMTNopolSynthesizer - Not enough specifications: 0. A trivial patch is "true" or "false", please write new tests specifying SourceLocation java_programs.MERGESORT:46.
10:02:42.189 [pool-2-thread-1] DEBUG fr.inria.lille.repair.nopol.NoPol - statement #3
10:02:42.189 [pool-2-thread-1] DEBUG fr.inria.lille.repair.nopol.NoPol - Analysing SourceLocation java_programs.MERGESORT:45 which is executed by 13 tests
119590327
10:02:42.768 [pool-2-thread-1] DEBUG fr.inria.lille.repair.nopol.NoPol - statement #4
10:02:42.768 [pool-2-thread-1] DEBUG fr.inria.lille.repair.nopol.NoPol - Analysing SourceLocation java_programs.MERGESORT:44 which is executed by 13 tests
119590327
10:02:43.702 [pool-2-thread-1] DEBUG fr.inria.lille.repair.nopol.NoPol - looking with class fr.inria.lille.repair.nopol.spoon.smt.ConditionalAdder
10:03:27.282 [pool-59-thread-1] DEBUG tests.output - Failing tests with false: 
[test_0(java_testcases.junit.MERGESORT_Test): null, test_11(java_testcases.junit.MERGESORT_Test): null, test_10(java_testcases.junit.MERGESORT_Test): null, test_9(java_testcases.junit.MERGESORT_Test): null, test_12(java_testcases.junit.MERGESORT_Test): null, test_3(java_testcases.junit.MERGESORT_Test): null, test_4(java_testcases.junit.MERGESORT_Test): null, test_1(java_testcases.junit.MERGESORT_Test): null, test_2(java_testcases.junit.MERGESORT_Test): null, test_7(java_testcases.junit.MERGESORT_Test): null, test_8(java_testcases.junit.MERGESORT_Test): null, test_5(java_testcases.junit.MERGESORT_Test): null, test_6(java_testcases.junit.MERGESORT_Test): null]
10:03:27.286 [pool-59-thread-1] DEBUG tests.output - Failing tests with true: 
[test_0(java_testcases.junit.MERGESORT_Test): null, test_11(java_testcases.junit.MERGESORT_Test): null, test_10(java_testcases.junit.MERGESORT_Test): null, test_9(java_testcases.junit.MERGESORT_Test): null, test_12(java_testcases.junit.MERGESORT_Test): null, test_3(java_testcases.junit.MERGESORT_Test): null, test_4(java_testcases.junit.MERGESORT_Test): null, test_1(java_testcases.junit.MERGESORT_Test): null, test_2(java_testcases.junit.MERGESORT_Test): null, test_7(java_testcases.junit.MERGESORT_Test): test timed out after 3000 milliseconds, test_8(java_testcases.junit.MERGESORT_Test): test timed out after 3000 milliseconds, test_5(java_testcases.junit.MERGESORT_Test): test timed out after 3000 milliseconds, test_6(java_testcases.junit.MERGESORT_Test): test timed out after 3000 milliseconds]
10:03:27.286 [pool-59-thread-1] INFO  f.i.l.r.n.synth.SMTNopolSynthesizer - Not enough specifications: 0. A trivial patch is "true" or "false", please write new tests specifying SourceLocation java_programs.MERGESORT:44.
10:03:27.286 [pool-2-thread-1] DEBUG fr.inria.lille.repair.nopol.NoPol - statement #5
10:03:27.286 [pool-2-thread-1] DEBUG fr.inria.lille.repair.nopol.NoPol - Analysing SourceLocation java_programs.MERGESORT:43 which is executed by 13 tests
119590327
10:03:27.991 [pool-2-thread-1] DEBUG fr.inria.lille.repair.nopol.NoPol - looking with class fr.inria.lille.repair.nopol.spoon.smt.ConditionalAdder

real	3m47.271s
user	3m36.307s
sys	0m10.352s
\n\nNode: hpc060.ncg.ingrid.pt\n
\n\nDate: Sat Apr  3 10:04:39 EDT 2021\n
