cd /tmp/Figra_IntroClassJava_median_9c9308d4cdf5bc5dfe6efc2b1a9c9bc9a44fbff73c5367c97e3be37861bbb3ba9ac7ad3ddec74dc66e34fe8f0804e46186819b4e90e8f9a59d1b82d9cf0a6218-007;
export JAVA_TOOL_OPTIONS="-Dfile.encoding=UTF8 -Duser.language=en-US -Duser.country=US -Duser.language=en";
TZ="America/New_York"; export TZ;
export PATH="/usr/lib/jvm/java-1.8.0-openjdk-amd64/bin/:$PATH";
export JAVA_HOME="/usr/lib/jvm/java-1.8.0-openjdk-amd64/bin/";
time java -Xmx4g -Xms1g -cp /home/moliveira/Tese/RepairThemAll/script/../libs/jtestex7.jar:/home/moliveira/Tese/RepairThemAll/script/../repair_tools/astor.jar fr.inria.main.evolution.AstorMain \
	-mode figra \
	-location . \
	-id median-9c9308d4cdf5bc5dfe6efc2b1a9c9bc9a44fbff73c5367c97e3be37861bbb3ba9ac7ad3ddec74dc66e34fe8f0804e46186819b4e90e8f9a59d1b82d9cf0a6218-007 \
	-failing introclassJava.median_9c9308d4_007BlackboxTest:introclassJava.median_9c9308d4_007WhiteboxTest \
	-jvm4testexecution /usr/lib/jvm/jdk1.7.0_80/bin/ \
	-jvm4evosuitetestexecution /usr/lib/jvm/jdk1.7.0_80/bin/ \
	-maxgen 1000000 \
	-maxtime 120 \
	-stopfirst true \
	-seed 28 \
	-scope package \
	-population 1 \
	-javacompliancelevel 7 \
	-srcjavafolder src/main/java \
	-srctestfolder src/test/java \
	-binjavafolder target/classes \
	-bintestfolder target/test-classes \
	-parameters x:x:maxCombinationVariableLimit:true:maxVarCombination:1000:maxCombinationVariableLimit:true:maxVarCombination:1000:maxCombinationVariableLimit:true:maxVarCombination:1000:maxCombinationVariableLimit:true:maxVarCombination:1000:maxCombinationVariableLimit:true:maxVarCombination:1000:maxCombinationVariableLimit:true:maxVarCombination:1000:maxCombinationVariableLimit:true:maxVarCombination:1000:maxCombinationVariableLimit:true:maxVarCombination:1000:maxCombinationVariableLimit:true:maxVarCombination:1000:maxCombinationVariableLimit:true:maxVarCombination:1000:maxCombinationVariableLimit:true:maxVarCombination:1000:maxCombinationVariableLimit:true:maxVarCombination:1000:maxCombinationVariableLimit:true:maxVarCombination:1000:maxCombinationVariableLimit:true:maxVarCombination:1000:maxCombinationVariableLimit:true:maxVarCombination:1000:maxCombinationVariableLimit:true:maxVarCombination:1000:maxCombinationVariableLimit:true:maxVarCombination:1000:maxCombinationVariableLimit:true:maxVarCombination:1000:maxCombinationVariableLimit:true:maxVarCombination:1000:maxCombinationVariableLimit:true:maxVarCombination:1000:maxCombinationVariableLimit:true:maxVarCombination:1000:maxCombinationVariableLimit:true:maxVarCombination:1000:maxCombinationVariableLimit:true:maxVarCombination:1000:maxCombinationVariableLimit:true:maxVarCombination:1000 \
	-dependencies /home/moliveira/.m2/repository/junit/junit/4.11/junit-4.11.jar:/home/moliveira/.m2/repository/org/hamcrest/hamcrest-core/1.3/hamcrest-core-1.3.jar;
	echo "\n\nNode: `hostname`\n";
	echo "\n\nDate: `date`\n";
Picked up JAVA_TOOL_OPTIONS: -Dfile.encoding=UTF8 -Duser.language=en-US -Duser.country=US -Duser.language=en
14:45:49.605 [main] ERROR fr.inria.astor.approaches.figra.ExpressionReplaceOperator - Replacement does not work for  modify n1 to n1
14:45:50.847 [main] ERROR fr.inria.astor.approaches.figra.ExpressionReplaceOperator - Replacement does not work for  modify scanner.nextDouble() to scanner.nextDouble()
14:45:51.427 [main] ERROR fr.inria.astor.approaches.figra.ExpressionReplaceOperator - Replacement does not work for  modify n3 to n3
14:45:51.971 [main] ERROR fr.inria.astor.approaches.figra.ExpressionReplaceOperator - Replacement does not work for  modify scanner to scanner
14:45:52.323 [main] ERROR fr.inria.astor.approaches.figra.ExpressionReplaceOperator - Replacement does not work for  modify scanner to scanner
14:45:53.859 [main] ERROR fr.inria.astor.approaches.figra.ExpressionReplaceOperator - Replacement does not work for  modify scanner to scanner
14:45:54.948 [main] ERROR fr.inria.astor.approaches.figra.ExpressionReplaceOperator - Replacement does not work for  modify new introclassJava.DoubleObj() to new introclassJava.DoubleObj()
14:45:55.208 [main] ERROR fr.inria.astor.approaches.figra.ExpressionReplaceOperator - Replacement does not work for  modify n1 to n1
14:46:07.559 [main] ERROR fr.inria.astor.approaches.figra.ExpressionReplaceOperator - Replacement does not work for  modify scanner.nextDouble() to scanner.nextDouble()
14:46:09.567 [main] ERROR fr.inria.astor.approaches.figra.ExpressionReplaceOperator - Replacement does not work for  modify n3 to n3
14:46:12.120 [main] ERROR fr.inria.astor.approaches.figra.ExpressionReplaceOperator - Replacement does not work for  modify n3 to n3
14:46:22.960 [main] ERROR fr.inria.astor.approaches.figra.ExpressionReplaceOperator - Replacement does not work for  modify scanner.nextDouble() to scanner.nextDouble()
14:46:23.837 [main] ERROR fr.inria.astor.approaches.figra.ExpressionReplaceOperator - Replacement does not work for  modify "Please enter 3 numbers separated by spaces > " to "Please enter 3 numbers separated by spaces > "
14:46:24.302 [main] ERROR fr.inria.astor.approaches.figra.ExpressionReplaceOperator - Replacement does not work for  modify median to median
14:46:26.677 [main] ERROR fr.inria.astor.approaches.figra.ExpressionReplaceOperator - Replacement does not work for  modify n1 to n1
14:46:26.926 [main] ERROR fr.inria.astor.approaches.figra.ExpressionReplaceOperator - Replacement does not work for  modify median to median
14:46:28.236 [main] ERROR fr.inria.astor.approaches.figra.ExpressionReplaceOperator - Replacement does not work for  modify n2 to n2
14:46:29.907 [main] ERROR fr.inria.astor.approaches.figra.ExpressionReplaceOperator - Replacement does not work for  modify n2 to n2
14:46:33.644 [main] ERROR fr.inria.astor.approaches.figra.ExpressionReplaceOperator - Replacement does not work for  modify n1 to n1
14:46:34.381 [main] ERROR fr.inria.astor.approaches.figra.ExpressionReplaceOperator - Replacement does not work for  modify java.lang.String.format("Please enter 3 numbers separated by spaces > ") to java.lang.String.format("Please enter 3 numbers separated by spaces > ")
14:46:37.362 [main] ERROR fr.inria.astor.approaches.figra.ExpressionReplaceOperator - Replacement does not work for  modify " %.0f is the median\n" to " %.0f is the median\n"
14:46:40.190 [main] ERROR fr.inria.astor.approaches.figra.ExpressionReplaceOperator - Replacement does not work for  modify n2 to n2
Astor Output:

General stats:
EXECUTION_IDENTIFIER=median-9c9308d4cdf5bc5dfe6efc2b1a9c9bc9a44fbff73c5367c97e3be37861bbb3ba9ac7ad3ddec74dc66e34fe8f0804e46186819b4e90e8f9a59d1b82d9cf0a6218-007
TOTAL_TIME=7200.125
NR_GENERATIONS=143
NR_RIGHT_COMPILATIONS=103
NR_FAILLING_COMPILATIONS=40
NR_ERRONEOUS_VARIANCES=null
NR_FAILING_VALIDATION_PROCESS=null
OUTPUT_STATUS=TIME_OUT

Patch stats:

7321.81user 33.66system 2:00:05elapsed 102%CPU (0avgtext+0avgdata 1655880maxresident)k
0inputs+23168outputs (0major+20615026minor)pagefaults 0swaps


Node: franklin



Date: qui 15 abr 2021 16:45:38 EDT

