cd /users2/cpca56132020/moliveira/folders/Figra_IntroClassJava_syllables-d5059e2b1493f91b32bb0c2c846d8461c50356f709a91792b6b625e112675de4edac2a09fa627d58c4651c662bbcf2c477660469b9327ed9427b43c25e4e070c-000/Figra_IntroClassJava_syllables_d5059e2b1493f91b32bb0c2c846d8461c50356f709a91792b6b625e112675de4edac2a09fa627d58c4651c662bbcf2c477660469b9327ed9427b43c25e4e070c-000;
export JAVA_TOOL_OPTIONS="-Dfile.encoding=UTF8 -Duser.language=en-US -Duser.country=US -Duser.language=en";
TZ="America/New_York"; export TZ;
export PATH="/usr/lib/jvm/java-1.8.0-openjdk/bin/:$PATH";
export JAVA_HOME="/usr/lib/jvm/java-1.8.0-openjdk/bin/";
time java -Xmx4g -Xms1g -cp /users2/cpca56132020/moliveira/RepairThemAll/script/../libs/jtestex7.jar:/users2/cpca56132020/moliveira/RepairThemAll/script/../repair_tools/astor.jar fr.inria.main.evolution.AstorMain \
	-mode figra \
	-location . \
	-id syllables-d5059e2b1493f91b32bb0c2c846d8461c50356f709a91792b6b625e112675de4edac2a09fa627d58c4651c662bbcf2c477660469b9327ed9427b43c25e4e070c-000 \
	-failing introclassJava.syllables_d5059e2b_000BlackboxTest:introclassJava.syllables_d5059e2b_000WhiteboxTest \
	-jvm4testexecution /users2/cpca56132020/moliveira/jdk1.7.0_80/bin/ \
	-jvm4evosuitetestexecution /users2/cpca56132020/moliveira/jdk1.7.0_80/bin/ \
	-maxgen 1000000 \
	-maxtime 120 \
	-stopfirst false \
	-seed 28 \
	-scope package \
	-population 1 \
	-javacompliancelevel 7 \
	-srcjavafolder src/main/java \
	-srctestfolder src/test/java \
	-binjavafolder target/classes \
	-bintestfolder target/test-classes \
	-parameters x:x:maxCombinationVariableLimit:true:maxVarCombination:1000 \
	-dependencies /users2/cpca56132020/moliveira/.m2/repository/junit/junit/4.11/junit-4.11.jar:/users2/cpca56132020/moliveira/.m2/repository/org/hamcrest/hamcrest-core/1.3/hamcrest-core-1.3.jar;
	echo "\n\nNode: `hostname`\n";
	echo "\n\nDate: `date`\n";
Picked up JAVA_TOOL_OPTIONS: -Dfile.encoding=UTF8 -Duser.language=en-US -Duser.country=US -Duser.language=en
Picked up _JAVA_OPTIONS: -Xmx512m -Xms256m
06:11:14.022 [main] ERROR fr.inria.astor.approaches.figra.ExpressionReplaceOperator - Replacement does not work for  modify 0 to 0
06:11:21.443 [main] ERROR fr.inria.astor.approaches.figra.ExpressionReplaceOperator - Replacement does not work for  modify new introclassJava.IntObj(0) to new introclassJava.IntObj(0)
06:11:22.477 [main] ERROR fr.inria.astor.approaches.figra.ExpressionReplaceOperator - Replacement does not work for  modify 1 to 1
06:11:42.425 [main] ERROR fr.inria.astor.approaches.figra.ExpressionReplaceOperator - Replacement does not work for  modify scanner.next().toCharArray() to scanner.next().toCharArray()
06:12:13.797 [main] ERROR fr.inria.astor.approaches.figra.ExpressionReplaceOperator - Replacement does not work for  modify scanner to scanner
06:12:17.343 [main] ERROR fr.inria.astor.approaches.figra.ExpressionReplaceOperator - Replacement does not work for  modify "The number of syllables is %d.\n" to "The number of syllables is %d.\n"
06:12:18.406 [main] ERROR fr.inria.astor.approaches.figra.ExpressionReplaceOperator - Replacement does not work for  modify totChar to totChar
06:12:24.440 [main] ERROR fr.inria.astor.approaches.figra.ExpressionReplaceOperator - Replacement does not work for  modify totChar to totChar
06:12:29.616 [main] ERROR fr.inria.astor.approaches.figra.ExpressionReplaceOperator - Replacement does not work for  modify i to i
06:12:30.295 [main] ERROR fr.inria.astor.approaches.figra.ExpressionReplaceOperator - Replacement does not work for  modify list to list
06:12:30.734 [main] ERROR fr.inria.astor.approaches.figra.ExpressionReplaceOperator - Replacement does not work for  modify scanner.next() to scanner.next()
06:12:56.301 [main] ERROR fr.inria.astor.approaches.figra.ExpressionReplaceOperator - Replacement does not work for  modify 'i' to 'i'
06:13:04.457 [main] ERROR fr.inria.astor.approaches.figra.ExpressionReplaceOperator - Replacement does not work for  modify counter to counter
06:13:08.401 [main] ERROR fr.inria.astor.approaches.figra.ExpressionReplaceOperator - Replacement does not work for  modify i to i
06:13:08.856 [main] ERROR fr.inria.astor.approaches.figra.ExpressionReplaceOperator - Replacement does not work for  modify counter to counter
06:13:11.869 [main] ERROR fr.inria.astor.approaches.figra.ExpressionReplaceOperator - Replacement does not work for  modify list to list
06:13:12.404 [main] ERROR fr.inria.astor.approaches.figra.ExpressionReplaceOperator - Replacement does not work for  modify "Please enter a string > " to "Please enter a string > "
06:13:18.353 [main] ERROR fr.inria.astor.approaches.figra.ExpressionReplaceOperator - Replacement does not work for  modify i to i
06:13:41.311 [main] ERROR fr.inria.astor.approaches.figra.ExpressionReplaceOperator - Replacement does not work for  modify 21 to 21
06:14:03.059 [main] ERROR fr.inria.astor.approaches.figra.ExpressionReplaceOperator - Replacement does not work for  modify java.lang.String.format("Please enter a string > ") to java.lang.String.format("Please enter a string > ")
06:14:20.648 [main] ERROR fr.inria.astor.approaches.figra.ExpressionReplaceOperator - Replacement does not work for  modify 'a' to 'a'
Astor Output:

General stats:
EXECUTION_IDENTIFIER=syllables-d5059e2b1493f91b32bb0c2c846d8461c50356f709a91792b6b625e112675de4edac2a09fa627d58c4651c662bbcf2c477660469b9327ed9427b43c25e4e070c-000
TOTAL_TIME=7201.944
NR_GENERATIONS=182
NR_RIGHT_COMPILATIONS=126
NR_FAILLING_COMPILATIONS=56
NR_ERRONEOUS_VARIANCES=null
NR_FAILING_VALIDATION_PROCESS=null
OUTPUT_STATUS=TIME_OUT

Patch stats:


real	120m17.019s
user	118m58.996s
sys	0m17.982s
\n\nNode: hpc061.ncg.ingrid.pt\n
\n\nDate: Tue Apr 13 08:10:52 EDT 2021\n
