cd /users2/cpca56132020/moliveira/folders/Nopol_QUIXBUGS_BITCOUNT/Nopol_QuixBugs_BITCOUNT_;
export JAVA_TOOL_OPTIONS="-Dfile.encoding=UTF8 -Duser.language=en-US -Duser.country=US -Duser.language=en";
TZ="America/New_York"; export TZ;
export PATH="/users2/cpca56132020/moliveira/deps/jdk-8/bin:$PATH";
export JAVA_HOME="/users2/cpca56132020/moliveira/deps/jdk-8/bin";
time java -Xmx4g -Xms1g -cp /users2/cpca56132020/moliveira/RepairThemAll/script/../repair_tools/nopol.jar:/users2/cpca56132020/moliveira/deps/jdk-8/bin/../lib/tools.jar fr.inria.lille.repair.Main \
	--mode repair \
	--type pre_then_cond \
	--oracle angelic \
	--synthesis smt \
	--flocal gzoltar \
	--json \
	--solver z3 \
	--solver-path /users2/cpca56132020/moliveira/RepairThemAll/script/../libs/z3/build/z3 \
	--complianceLevel 8 \
	--source src/main/java \
	--classpath "target/classes:target/test-classes:/users2/cpca56132020/moliveira/.m2/repository/junit/junit/4.11/junit-4.11.jar:/users2/cpca56132020/moliveira/.m2/repository/org/hamcrest/hamcrest-core/1.3/hamcrest-core-1.3.jar:/users2/cpca56132020/moliveira/RepairThemAll/script/../repair_tools/nopol.jar";
	echo "\n\nNode: `hostname`\n";
	echo "\n\nDate: `date`\n";
Picked up JAVA_TOOL_OPTIONS: -Dfile.encoding=UTF8 -Duser.language=en-US -Duser.country=US -Duser.language=en
07:35:47.683 [main] INFO  fr.inria.lille.repair.nopol.NoPol - Source files: [src/main/java]
07:35:47.685 [main] INFO  fr.inria.lille.repair.nopol.NoPol - Classpath: [file:/users2/cpca56132020/moliveira/folders/Nopol_QUIXBUGS_BITCOUNT/Nopol_QuixBugs_BITCOUNT_/target/classes/, file:/users2/cpca56132020/moliveira/folders/Nopol_QUIXBUGS_BITCOUNT/Nopol_QuixBugs_BITCOUNT_/target/test-classes/, file:/users2/cpca56132020/moliveira/.m2/repository/junit/junit/4.11/junit-4.11.jar, file:/users2/cpca56132020/moliveira/.m2/repository/org/hamcrest/hamcrest-core/1.3/hamcrest-core-1.3.jar, file:/users2/cpca56132020/moliveira/RepairThemAll/script/../repair_tools/nopol.jar]
07:35:47.686 [main] INFO  fr.inria.lille.repair.nopol.NoPol - Statement type: PRE_THEN_COND
07:35:47.687 [main] INFO  fr.inria.lille.repair.nopol.NoPol - Args: [java_testcases.junit.BITCOUNT_Test]
07:35:47.688 [main] INFO  fr.inria.lille.repair.nopol.NoPol - Config: Config{synthesisDepth=3, collectStaticMethods=true, collectStaticFields=false, collectLiterals=false, onlyOneSynthesisResult=true, sortExpressions=true, maxLineInvocationPerTest=250, timeoutMethodInvocation=2000, dataCollectionTimeoutInSecondForSynthesis=900, addWeight=0.19478, subWeight=0.04554, mulWeight=0.0102, divWeight=0.00613, andWeight=0.10597, orWeight=0.05708, eqWeight=0.22798, nEqWeight=0.0, lessEqWeight=0.0255, lessWeight=0.0947, methodCallWeight=0.1, fieldAccessWeight=0.08099, constantWeight=0.14232, variableWeight=0.05195, mode=REPAIR, type=PRE_THEN_COND, synthesis=SMT, oracle=ANGELIC, solver=Z3, solverPath='/users2/cpca56132020/moliveira/RepairThemAll/script/../libs/z3/build/z3', projectSources=[src/main/java], projectClasspath='[Ljava.net.URL;@16c0663d', projectTests=[java_testcases.junit.BITCOUNT_Test], complianceLevel=8, outputFolder=., json=true}
07:35:47.689 [main] INFO  fr.inria.lille.repair.nopol.NoPol - Available processors (cores): 1
07:35:47.691 [main] INFO  fr.inria.lille.repair.nopol.NoPol - Free memory: 968 MB
07:35:47.691 [main] INFO  fr.inria.lille.repair.nopol.NoPol - Maximum memory: 3 GB
07:35:47.691 [main] INFO  fr.inria.lille.repair.nopol.NoPol - Total memory available to JVM: 989 MB
07:35:47.691 [main] INFO  fr.inria.lille.repair.nopol.NoPol - Java version: 1.8.0_282
07:35:47.695 [main] INFO  fr.inria.lille.repair.nopol.NoPol - JAVA_HOME: /users2/cpca56132020/moliveira/deps/jdk-8/bin
07:35:47.695 [main] INFO  fr.inria.lille.repair.nopol.NoPol - PATH: /users2/cpca56132020/moliveira/deps/jdk-8/bin:/users2/cpca56132020/moliveira/deps/Maven/apache-maven/bin:/users2/cpca56132020/moliveira/deps/Gradle/gradle-6.8.3/bin:/usr/condabin:/usr/local/bin:/usr/bin:/usr/local/sbin:/usr/sbin:/users2/cpca56132020/moliveira/.local/bin:/users2/cpca56132020/moliveira/bin
07:36:32.878 [pool-2-thread-1] DEBUG fr.inria.lille.repair.nopol.NoPol - statement #1
07:36:32.881 [pool-2-thread-1] DEBUG fr.inria.lille.repair.nopol.NoPol - Analysing SourceLocation java_programs.BITCOUNT:16 which is executed by 9 tests
1893786659
07:36:33.022 [pool-2-thread-1] DEBUG fr.inria.lille.repair.nopol.NoPol - looking with class fr.inria.lille.repair.nopol.spoon.smt.ConditionalAdder
07:39:53.024 [pool-3-thread-1] DEBUG xxl.java.junit.TestSuiteExecution - Timeout after 200 seconds. Infinite loop?
07:39:53.027 [pool-2-thread-1] ERROR fr.inria.lille.repair.nopol.NoPol - Error ExecutionException java.util.concurrent.ExecutionException: java.lang.RuntimeException: java.util.concurrent.TimeoutException
07:39:53.027 [pool-2-thread-1] DEBUG fr.inria.lille.repair.nopol.NoPol - statement #2
07:39:53.027 [pool-2-thread-1] DEBUG fr.inria.lille.repair.nopol.NoPol - Analysing SourceLocation java_programs.BITCOUNT:15 which is executed by 9 tests
1893786659
07:39:54.623 [pool-2-thread-1] DEBUG fr.inria.lille.repair.nopol.NoPol - looking with class fr.inria.lille.repair.nopol.spoon.smt.ConditionalAdder
07:39:55.222 [pool-2-thread-1] ERROR fr.inria.lille.repair.nopol.NoPol - Error ExecutionException java.util.concurrent.ExecutionException: java.lang.OutOfMemoryError: unable to create new native thread
07:39:55.222 [pool-2-thread-1] DEBUG fr.inria.lille.repair.nopol.NoPol - statement #3
07:39:55.222 [pool-2-thread-1] DEBUG fr.inria.lille.repair.nopol.NoPol - Analysing SourceLocation java_programs.BITCOUNT:14 which is executed by 9 tests
1893786659
07:39:56.635 [pool-2-thread-1] DEBUG fr.inria.lille.repair.nopol.NoPol - looking with class fr.inria.lille.repair.nopol.spoon.smt.ConditionalAdder
#
# There is insufficient memory for the Java Runtime Environment to continue.
# Native memory allocation (malloc) failed to allocate 120 bytes for AllocateHeap
# An error report file with more information is saved as:
# /users2/cpca56132020/moliveira/folders/Nopol_QUIXBUGS_BITCOUNT/Nopol_QuixBugs_BITCOUNT_/hs_err_pid62451.log
[thread 140734334236416 also had an error]

real	4m10.055s
user	3m54.349s
sys	0m12.171s
\n\nNode: hpc060.ncg.ingrid.pt\n
\n\nDate: Wed Mar 31 07:39:57 EDT 2021\n
