cd /users2/cpca56132020/moliveira/folders/Nopol_QUIXBUGS_POSSIBLE_CHANGE/Nopol_QuixBugs_POSSIBLE_CHANGE_;
export JAVA_TOOL_OPTIONS="-Dfile.encoding=UTF8 -Duser.language=en-US -Duser.country=US -Duser.language=en";
TZ="America/New_York"; export TZ;
export PATH="/users2/cpca56132020/moliveira/deps/jdk-8/bin:$PATH";
export JAVA_HOME="/users2/cpca56132020/moliveira/deps/jdk-8/bin";
time java -Xmx4g -Xms1g -cp /users2/cpca56132020/moliveira/RepairThemAll/script/../repair_tools/nopol.jar:/users2/cpca56132020/moliveira/deps/jdk-8/bin/../lib/tools.jar fr.inria.lille.repair.Main \
	--mode repair \
	--type pre_then_cond \
	--oracle angelic \
	--synthesis smt \
	--flocal gzoltar \
	--json \
	--solver z3 \
	--solver-path /users2/cpca56132020/moliveira/RepairThemAll/script/../libs/z3/build/z3 \
	--complianceLevel 8 \
	--source src/main/java \
	--classpath "target/classes:target/test-classes:/users2/cpca56132020/moliveira/.m2/repository/junit/junit/4.11/junit-4.11.jar:/users2/cpca56132020/moliveira/.m2/repository/org/hamcrest/hamcrest-core/1.3/hamcrest-core-1.3.jar:/users2/cpca56132020/moliveira/RepairThemAll/script/../repair_tools/nopol.jar";
	echo "\n\nNode: `hostname`\n";
	echo "\n\nDate: `date`\n";
Picked up JAVA_TOOL_OPTIONS: -Dfile.encoding=UTF8 -Duser.language=en-US -Duser.country=US -Duser.language=en
07:53:08.595 [main] INFO  fr.inria.lille.repair.nopol.NoPol - Source files: [src/main/java]
07:53:08.598 [main] INFO  fr.inria.lille.repair.nopol.NoPol - Classpath: [file:/users2/cpca56132020/moliveira/folders/Nopol_QUIXBUGS_POSSIBLE_CHANGE/Nopol_QuixBugs_POSSIBLE_CHANGE_/target/classes/, file:/users2/cpca56132020/moliveira/folders/Nopol_QUIXBUGS_POSSIBLE_CHANGE/Nopol_QuixBugs_POSSIBLE_CHANGE_/target/test-classes/, file:/users2/cpca56132020/moliveira/.m2/repository/junit/junit/4.11/junit-4.11.jar, file:/users2/cpca56132020/moliveira/.m2/repository/org/hamcrest/hamcrest-core/1.3/hamcrest-core-1.3.jar, file:/users2/cpca56132020/moliveira/RepairThemAll/script/../repair_tools/nopol.jar]
07:53:08.598 [main] INFO  fr.inria.lille.repair.nopol.NoPol - Statement type: PRE_THEN_COND
07:53:08.599 [main] INFO  fr.inria.lille.repair.nopol.NoPol - Args: [java_testcases.junit.POSSIBLE_CHANGE_Test]
07:53:08.601 [main] INFO  fr.inria.lille.repair.nopol.NoPol - Config: Config{synthesisDepth=3, collectStaticMethods=true, collectStaticFields=false, collectLiterals=false, onlyOneSynthesisResult=true, sortExpressions=true, maxLineInvocationPerTest=250, timeoutMethodInvocation=2000, dataCollectionTimeoutInSecondForSynthesis=900, addWeight=0.19478, subWeight=0.04554, mulWeight=0.0102, divWeight=0.00613, andWeight=0.10597, orWeight=0.05708, eqWeight=0.22798, nEqWeight=0.0, lessEqWeight=0.0255, lessWeight=0.0947, methodCallWeight=0.1, fieldAccessWeight=0.08099, constantWeight=0.14232, variableWeight=0.05195, mode=REPAIR, type=PRE_THEN_COND, synthesis=SMT, oracle=ANGELIC, solver=Z3, solverPath='/users2/cpca56132020/moliveira/RepairThemAll/script/../libs/z3/build/z3', projectSources=[src/main/java], projectClasspath='[Ljava.net.URL;@16c0663d', projectTests=[java_testcases.junit.POSSIBLE_CHANGE_Test], complianceLevel=8, outputFolder=., json=true}
07:53:08.601 [main] INFO  fr.inria.lille.repair.nopol.NoPol - Available processors (cores): 1
07:53:08.604 [main] INFO  fr.inria.lille.repair.nopol.NoPol - Free memory: 968 MB
07:53:08.604 [main] INFO  fr.inria.lille.repair.nopol.NoPol - Maximum memory: 3 GB
07:53:08.604 [main] INFO  fr.inria.lille.repair.nopol.NoPol - Total memory available to JVM: 989 MB
07:53:08.604 [main] INFO  fr.inria.lille.repair.nopol.NoPol - Java version: 1.8.0_282
07:53:08.607 [main] INFO  fr.inria.lille.repair.nopol.NoPol - JAVA_HOME: /users2/cpca56132020/moliveira/deps/jdk-8/bin
07:53:08.608 [main] INFO  fr.inria.lille.repair.nopol.NoPol - PATH: /users2/cpca56132020/moliveira/deps/jdk-8/bin:/users2/cpca56132020/moliveira/deps/Maven/apache-maven/bin:/users2/cpca56132020/moliveira/deps/Gradle/gradle-6.8.3/bin:/usr/condabin:/usr/local/bin:/usr/bin:/usr/local/sbin:/usr/sbin:/users2/cpca56132020/moliveira/.local/bin:/users2/cpca56132020/moliveira/bin
07:53:24.202 [pool-2-thread-1] DEBUG fr.inria.lille.repair.nopol.NoPol - statement #1
07:53:24.204 [pool-2-thread-1] DEBUG fr.inria.lille.repair.nopol.NoPol - Analysing SourceLocation java_programs.POSSIBLE_CHANGE:23 which is executed by 9 tests
655907391
07:53:24.413 [pool-2-thread-1] DEBUG fr.inria.lille.repair.nopol.NoPol - statement #2
07:53:24.413 [pool-2-thread-1] DEBUG fr.inria.lille.repair.nopol.NoPol - Analysing SourceLocation java_programs.POSSIBLE_CHANGE:22 which is executed by 9 tests
655907391
07:53:24.499 [pool-2-thread-1] DEBUG fr.inria.lille.repair.nopol.NoPol - statement #3
07:53:24.499 [pool-2-thread-1] DEBUG fr.inria.lille.repair.nopol.NoPol - Analysing SourceLocation java_programs.POSSIBLE_CHANGE:21 which is executed by 9 tests
655907391
07:53:24.566 [pool-2-thread-1] DEBUG fr.inria.lille.repair.nopol.NoPol - statement #4
07:53:24.566 [pool-2-thread-1] DEBUG fr.inria.lille.repair.nopol.NoPol - Analysing SourceLocation java_programs.POSSIBLE_CHANGE:18 which is executed by 9 tests
655907391
07:53:24.638 [pool-2-thread-1] DEBUG fr.inria.lille.repair.nopol.NoPol - looking with class fr.inria.lille.repair.nopol.spoon.smt.ConditionalAdder
07:54:18.960 [pool-3-thread-1] DEBUG tests.output - Failing tests with false: 
[test_0(java_testcases.junit.POSSIBLE_CHANGE_Test): null, test_2(java_testcases.junit.POSSIBLE_CHANGE_Test): test timed out after 3000 milliseconds, test_1(java_testcases.junit.POSSIBLE_CHANGE_Test): test timed out after 3000 milliseconds, test_4(java_testcases.junit.POSSIBLE_CHANGE_Test): test timed out after 3000 milliseconds, test_3(java_testcases.junit.POSSIBLE_CHANGE_Test): test timed out after 3000 milliseconds, test_6(java_testcases.junit.POSSIBLE_CHANGE_Test): test timed out after 3000 milliseconds, test_5(java_testcases.junit.POSSIBLE_CHANGE_Test): test timed out after 3000 milliseconds, test_8(java_testcases.junit.POSSIBLE_CHANGE_Test): test timed out after 3000 milliseconds, test_7(java_testcases.junit.POSSIBLE_CHANGE_Test): test timed out after 3000 milliseconds]
07:54:18.960 [pool-3-thread-1] DEBUG tests.output - Failing tests with true: 
[test_0(java_testcases.junit.POSSIBLE_CHANGE_Test): test timed out after 3000 milliseconds, test_2(java_testcases.junit.POSSIBLE_CHANGE_Test): test timed out after 3000 milliseconds, test_1(java_testcases.junit.POSSIBLE_CHANGE_Test): test timed out after 3000 milliseconds, test_4(java_testcases.junit.POSSIBLE_CHANGE_Test): test timed out after 3000 milliseconds, test_3(java_testcases.junit.POSSIBLE_CHANGE_Test): test timed out after 3000 milliseconds, test_6(java_testcases.junit.POSSIBLE_CHANGE_Test): test timed out after 3000 milliseconds, test_5(java_testcases.junit.POSSIBLE_CHANGE_Test): test timed out after 3000 milliseconds, test_8(java_testcases.junit.POSSIBLE_CHANGE_Test): test timed out after 3000 milliseconds, test_7(java_testcases.junit.POSSIBLE_CHANGE_Test): test timed out after 3000 milliseconds]
07:54:18.960 [pool-3-thread-1] INFO  f.i.l.r.n.synth.SMTNopolSynthesizer - Not enough specifications: 0. A trivial patch is "true" or "false", please write new tests specifying SourceLocation java_programs.POSSIBLE_CHANGE:18.
07:54:18.961 [pool-2-thread-1] DEBUG fr.inria.lille.repair.nopol.NoPol - statement #5
07:54:18.961 [pool-2-thread-1] DEBUG fr.inria.lille.repair.nopol.NoPol - Analysing SourceLocation java_programs.POSSIBLE_CHANGE:17 which is executed by 9 tests
655907391
07:54:19.338 [pool-2-thread-1] DEBUG fr.inria.lille.repair.nopol.NoPol - looking with class fr.inria.lille.repair.nopol.spoon.smt.ConditionalAdder
07:55:26.881 [pool-23-thread-1] DEBUG tests.output - Failing tests with false: 
[test_0(java_testcases.junit.POSSIBLE_CHANGE_Test): null, test_2(java_testcases.junit.POSSIBLE_CHANGE_Test): test timed out after 3000 milliseconds, test_1(java_testcases.junit.POSSIBLE_CHANGE_Test): test timed out after 3000 milliseconds, test_4(java_testcases.junit.POSSIBLE_CHANGE_Test): test timed out after 3000 milliseconds, test_3(java_testcases.junit.POSSIBLE_CHANGE_Test): test timed out after 3000 milliseconds, test_6(java_testcases.junit.POSSIBLE_CHANGE_Test): test timed out after 3000 milliseconds, test_5(java_testcases.junit.POSSIBLE_CHANGE_Test): test timed out after 3000 milliseconds, test_8(java_testcases.junit.POSSIBLE_CHANGE_Test): test timed out after 3000 milliseconds, test_7(java_testcases.junit.POSSIBLE_CHANGE_Test): test timed out after 3000 milliseconds]
07:55:26.882 [pool-23-thread-1] DEBUG tests.output - Failing tests with true: 
[test_0(java_testcases.junit.POSSIBLE_CHANGE_Test): test timed out after 3000 milliseconds, test_2(java_testcases.junit.POSSIBLE_CHANGE_Test): test timed out after 3000 milliseconds, test_1(java_testcases.junit.POSSIBLE_CHANGE_Test): test timed out after 3000 milliseconds, test_4(java_testcases.junit.POSSIBLE_CHANGE_Test): test timed out after 3000 milliseconds, test_3(java_testcases.junit.POSSIBLE_CHANGE_Test): test timed out after 3000 milliseconds, test_6(java_testcases.junit.POSSIBLE_CHANGE_Test): test timed out after 3000 milliseconds, test_5(java_testcases.junit.POSSIBLE_CHANGE_Test): test timed out after 3000 milliseconds, test_8(java_testcases.junit.POSSIBLE_CHANGE_Test): test timed out after 3000 milliseconds, test_7(java_testcases.junit.POSSIBLE_CHANGE_Test): test timed out after 3000 milliseconds]
07:55:26.882 [pool-23-thread-1] INFO  f.i.l.r.n.synth.SMTNopolSynthesizer - Not enough specifications: 0. A trivial patch is "true" or "false", please write new tests specifying SourceLocation java_programs.POSSIBLE_CHANGE:17.
07:55:26.882 [pool-2-thread-1] DEBUG fr.inria.lille.repair.nopol.NoPol - looking with class fr.inria.lille.repair.nopol.spoon.smt.ConditionalReplacer
07:56:43.424 [pool-43-thread-1] DEBUG tests.output - Failing tests with false: 
[test_0(java_testcases.junit.POSSIBLE_CHANGE_Test): null, test_2(java_testcases.junit.POSSIBLE_CHANGE_Test): test timed out after 3000 milliseconds, test_1(java_testcases.junit.POSSIBLE_CHANGE_Test): test timed out after 3000 milliseconds, test_4(java_testcases.junit.POSSIBLE_CHANGE_Test): test timed out after 3000 milliseconds, test_3(java_testcases.junit.POSSIBLE_CHANGE_Test): test timed out after 3000 milliseconds, test_6(java_testcases.junit.POSSIBLE_CHANGE_Test): test timed out after 3000 milliseconds, test_5(java_testcases.junit.POSSIBLE_CHANGE_Test): test timed out after 3000 milliseconds, test_8(java_testcases.junit.POSSIBLE_CHANGE_Test): test timed out after 3000 milliseconds, test_7(java_testcases.junit.POSSIBLE_CHANGE_Test): test timed out after 3000 milliseconds]
07:56:43.424 [pool-43-thread-1] DEBUG tests.output - Failing tests with true: 
[test_0(java_testcases.junit.POSSIBLE_CHANGE_Test): test timed out after 3000 milliseconds, test_2(java_testcases.junit.POSSIBLE_CHANGE_Test): test timed out after 3000 milliseconds, test_1(java_testcases.junit.POSSIBLE_CHANGE_Test): test timed out after 3000 milliseconds, test_4(java_testcases.junit.POSSIBLE_CHANGE_Test): test timed out after 3000 milliseconds, test_3(java_testcases.junit.POSSIBLE_CHANGE_Test): test timed out after 3000 milliseconds, test_6(java_testcases.junit.POSSIBLE_CHANGE_Test): test timed out after 3000 milliseconds, test_5(java_testcases.junit.POSSIBLE_CHANGE_Test): test timed out after 3000 milliseconds, test_8(java_testcases.junit.POSSIBLE_CHANGE_Test): test timed out after 3000 milliseconds, test_7(java_testcases.junit.POSSIBLE_CHANGE_Test): test timed out after 3000 milliseconds]
07:56:43.424 [pool-43-thread-1] INFO  f.i.l.r.n.synth.SMTNopolSynthesizer - Not enough specifications: 0. A trivial patch is "true" or "false", please write new tests specifying SourceLocation java_programs.POSSIBLE_CHANGE:17.
07:56:43.425 [pool-2-thread-1] DEBUG fr.inria.lille.repair.nopol.NoPol - statement #6
07:56:43.425 [pool-2-thread-1] DEBUG fr.inria.lille.repair.nopol.NoPol - Analysing SourceLocation java_programs.POSSIBLE_CHANGE:14 which is executed by 9 tests
655907391
07:56:44.293 [pool-2-thread-1] DEBUG fr.inria.lille.repair.nopol.NoPol - looking with class fr.inria.lille.repair.nopol.spoon.smt.ConditionalAdder
07:57:14.687 [pool-63-thread-1] DEBUG tests.output - Failing tests with false: 
[test_0(java_testcases.junit.POSSIBLE_CHANGE_Test): 0, test_2(java_testcases.junit.POSSIBLE_CHANGE_Test): 0, test_1(java_testcases.junit.POSSIBLE_CHANGE_Test): 0, test_4(java_testcases.junit.POSSIBLE_CHANGE_Test): 0, test_3(java_testcases.junit.POSSIBLE_CHANGE_Test): 0, test_6(java_testcases.junit.POSSIBLE_CHANGE_Test): 0, test_5(java_testcases.junit.POSSIBLE_CHANGE_Test): 0, test_8(java_testcases.junit.POSSIBLE_CHANGE_Test): 0, test_7(java_testcases.junit.POSSIBLE_CHANGE_Test): 0]
07:57:14.687 [pool-63-thread-1] DEBUG tests.output - Failing tests with true: 
[test_0(java_testcases.junit.POSSIBLE_CHANGE_Test): 0, test_2(java_testcases.junit.POSSIBLE_CHANGE_Test): 0, test_1(java_testcases.junit.POSSIBLE_CHANGE_Test): 0, test_4(java_testcases.junit.POSSIBLE_CHANGE_Test): 0, test_3(java_testcases.junit.POSSIBLE_CHANGE_Test): 0, test_6(java_testcases.junit.POSSIBLE_CHANGE_Test): 0, test_5(java_testcases.junit.POSSIBLE_CHANGE_Test): 0, test_8(java_testcases.junit.POSSIBLE_CHANGE_Test): 0, test_7(java_testcases.junit.POSSIBLE_CHANGE_Test): 0]
07:57:14.688 [pool-63-thread-1] INFO  f.i.l.r.n.synth.SMTNopolSynthesizer - Not enough specifications: 0. A trivial patch is "true" or "false", please write new tests specifying SourceLocation java_programs.POSSIBLE_CHANGE:14.
07:57:14.688 [pool-2-thread-1] DEBUG fr.inria.lille.repair.nopol.NoPol - looking with class fr.inria.lille.repair.nopol.spoon.smt.ConditionalReplacer
07:57:45.130 [pool-83-thread-1] DEBUG tests.output - Failing tests with false: 
[test_0(java_testcases.junit.POSSIBLE_CHANGE_Test): 0, test_2(java_testcases.junit.POSSIBLE_CHANGE_Test): 0, test_1(java_testcases.junit.POSSIBLE_CHANGE_Test): 0, test_4(java_testcases.junit.POSSIBLE_CHANGE_Test): 0, test_3(java_testcases.junit.POSSIBLE_CHANGE_Test): 0, test_6(java_testcases.junit.POSSIBLE_CHANGE_Test): 0, test_5(java_testcases.junit.POSSIBLE_CHANGE_Test): 0, test_8(java_testcases.junit.POSSIBLE_CHANGE_Test): 0, test_7(java_testcases.junit.POSSIBLE_CHANGE_Test): 0]
07:57:45.130 [pool-83-thread-1] DEBUG tests.output - Failing tests with true: 
[test_0(java_testcases.junit.POSSIBLE_CHANGE_Test): expected:<4> but was:<1>, test_2(java_testcases.junit.POSSIBLE_CHANGE_Test): expected:<18> but was:<1>, test_1(java_testcases.junit.POSSIBLE_CHANGE_Test): expected:<121> but was:<1>, test_4(java_testcases.junit.POSSIBLE_CHANGE_Test): expected:<568> but was:<1>, test_3(java_testcases.junit.POSSIBLE_CHANGE_Test): expected:<16> but was:<1>, test_6(java_testcases.junit.POSSIBLE_CHANGE_Test): expected:<817> but was:<1>, test_5(java_testcases.junit.POSSIBLE_CHANGE_Test): expected:<786> but was:<1>, test_8(java_testcases.junit.POSSIBLE_CHANGE_Test): expected:<20> but was:<1>, test_7(java_testcases.junit.POSSIBLE_CHANGE_Test): expected:<981> but was:<1>]
07:57:45.130 [pool-83-thread-1] INFO  f.i.l.r.n.synth.SMTNopolSynthesizer - Not enough specifications: 0. A trivial patch is "true" or "false", please write new tests specifying SourceLocation java_programs.POSSIBLE_CHANGE:14.
07:57:45.130 [pool-2-thread-1] DEBUG fr.inria.lille.repair.nopol.NoPol - statement #7
07:57:45.130 [pool-2-thread-1] DEBUG fr.inria.lille.repair.nopol.NoPol - Analysing SourceLocation java_programs.POSSIBLE_CHANGE:15 which is executed by 8 tests
655907391
07:57:45.749 [pool-2-thread-1] DEBUG fr.inria.lille.repair.nopol.NoPol - looking with class fr.inria.lille.repair.nopol.spoon.smt.ConditionalAdder
07:58:15.013 [pool-103-thread-1] DEBUG tests.output - Failing tests with false: 
[test_0(java_testcases.junit.POSSIBLE_CHANGE_Test): 0, test_2(java_testcases.junit.POSSIBLE_CHANGE_Test): 0, test_1(java_testcases.junit.POSSIBLE_CHANGE_Test): 0, test_4(java_testcases.junit.POSSIBLE_CHANGE_Test): 0, test_3(java_testcases.junit.POSSIBLE_CHANGE_Test): 0, test_6(java_testcases.junit.POSSIBLE_CHANGE_Test): 0, test_5(java_testcases.junit.POSSIBLE_CHANGE_Test): 0, test_8(java_testcases.junit.POSSIBLE_CHANGE_Test): 0, test_7(java_testcases.junit.POSSIBLE_CHANGE_Test): 0]
07:58:15.013 [pool-103-thread-1] DEBUG tests.output - Failing tests with true: 
[test_0(java_testcases.junit.POSSIBLE_CHANGE_Test): 0, test_2(java_testcases.junit.POSSIBLE_CHANGE_Test): 0, test_1(java_testcases.junit.POSSIBLE_CHANGE_Test): 0, test_4(java_testcases.junit.POSSIBLE_CHANGE_Test): 0, test_3(java_testcases.junit.POSSIBLE_CHANGE_Test): 0, test_6(java_testcases.junit.POSSIBLE_CHANGE_Test): 0, test_5(java_testcases.junit.POSSIBLE_CHANGE_Test): 0, test_8(java_testcases.junit.POSSIBLE_CHANGE_Test): 0, test_7(java_testcases.junit.POSSIBLE_CHANGE_Test): 0]
07:58:15.014 [pool-103-thread-1] INFO  f.i.l.r.n.synth.SMTNopolSynthesizer - Not enough specifications: 0. A trivial patch is "true" or "false", please write new tests specifying SourceLocation java_programs.POSSIBLE_CHANGE:15.
07:58:15.014 [pool-2-thread-1] INFO  fr.inria.lille.repair.nopol.NoPol - ----INFORMATION----
07:58:15.016 [pool-2-thread-1] INFO  fr.inria.lille.repair.nopol.NoPol - Nb classes : 3
07:58:15.016 [pool-2-thread-1] INFO  fr.inria.lille.repair.nopol.NoPol - Nb methods : 9
07:58:15.016 [pool-2-thread-1] INFO  fr.inria.lille.repair.nopol.NoPol - Nb Statements Analyzed : 6
07:58:15.016 [pool-2-thread-1] INFO  fr.inria.lille.repair.nopol.NoPol - Nb Statements with Angelic Value Found : 0
07:58:15.016 [pool-2-thread-1] INFO  fr.inria.lille.repair.nopol.NoPol - Nb inputs in SMT : 0
07:58:15.019 [pool-2-thread-1] INFO  fr.inria.lille.repair.nopol.NoPol - Nb SMT level: 0
07:58:15.019 [pool-2-thread-1] INFO  fr.inria.lille.repair.nopol.NoPol - Nb variables in SMT : 0
07:58:15.019 [pool-2-thread-1] INFO  fr.inria.lille.repair.nopol.NoPol - NoPol Execution time : 306425ms
07:58:15.019 [pool-2-thread-1] INFO  fr.inria.lille.repair.nopol.NoPol - 
NO_ANGELIC_VALUE

real	5m7.302s
user	4m53.346s
sys	0m13.491s
\n\nNode: hpc060.ncg.ingrid.pt\n
\n\nDate: Tue Mar 30 07:58:15 EDT 2021\n
