cd /tmp/figra_QuixBugs_FIND_IN_SORTED_;
export JAVA_TOOL_OPTIONS="-Dfile.encoding=UTF8 -Duser.language=en-US -Duser.country=US -Duser.language=en";
TZ="America/New_York"; export TZ;
export PATH="/usr/lib/jvm/java-1.8.0-openjdk-amd64/bin/:$PATH";
export JAVA_HOME="/usr/lib/jvm/java-1.8.0-openjdk-amd64/bin/";
time java -Xmx4g -Xms1g -cp /home/maxoliveira/Tese/RepairThemAll/script/../libs/jtestex7.jar:/home/maxoliveira/Tese/RepairThemAll/script/../repair_tools/astor.jar fr.inria.main.evolution.AstorMain \
	-mode figra \
	-location . \
	-id FIND_IN_SORTED- \
	-failing java_testcases.junit.FIND_IN_SORTED_Test \
	-jvm4testexecution /usr/lib/jvm/java-1.8.0-openjdk-amd64/bin/ \
	-jvm4evosuitetestexecution /usr/lib/jvm/java-1.8.0-openjdk-amd64/bin/ \
	-maxgen 100000000 \
	-maxtime 180 \
	-stopfirst true \
	-seed 28 \
	-scope package \
	-population 1 \
	-javacompliancelevel 8 \
	-srcjavafolder src/main/java \
	-srctestfolder src/test/java \
	-binjavafolder target/classes \
	-bintestfolder target/test-classes \
	-parameters x:x:maxCombinationVariableLimit:true:maxVarCombination:1000:maxCombinationVariableLimit:true:maxVarCombination:1000:maxCombinationVariableLimit:true:maxVarCombination:1000:maxCombinationVariableLimit:true:maxVarCombination:1000:maxCombinationVariableLimit:true:maxVarCombination:1000:maxCombinationVariableLimit:true:maxVarCombination:1000:maxCombinationVariableLimit:true:maxVarCombination:1000:maxCombinationVariableLimit:true:maxVarCombination:1000:maxCombinationVariableLimit:true:maxVarCombination:1000:maxCombinationVariableLimit:true:maxVarCombination:1000:maxCombinationVariableLimit:true:maxVarCombination:1000:maxCombinationVariableLimit:true:maxVarCombination:1000:maxCombinationVariableLimit:true:maxVarCombination:1000:maxCombinationVariableLimit:true:maxVarCombination:1000:maxCombinationVariableLimit:true:maxVarCombination:1000:maxCombinationVariableLimit:true:maxVarCombination:1000:maxCombinationVariableLimit:true:maxVarCombination:1000 \
	-dependencies /home/maxoliveira/.m2/repository/junit/junit/4.11/junit-4.11.jar:/home/maxoliveira/.m2/repository/org/hamcrest/hamcrest-core/1.3/hamcrest-core-1.3.jar;
	echo "\n\nNode: `hostname`\n";
	echo "\n\nDate: `date`\n";
Picked up JAVA_TOOL_OPTIONS: -Dfile.encoding=UTF8 -Duser.language=en-US -Duser.country=US -Duser.language=en
17:36:43.038 [main] ERROR fr.inria.astor.approaches.figra.ExpressionReplaceOperator - Replacement does not work for  modify arr to arr
17:36:44.772 [main] ERROR fr.inria.astor.approaches.figra.ExpressionReplaceOperator - Replacement does not work for  modify arr to arr
17:36:47.264 [main] ERROR fr.inria.astor.approaches.figra.ExpressionReplaceOperator - Replacement does not work for  modify arr to arr
17:36:58.958 [main] ERROR fr.inria.astor.approaches.figra.ExpressionReplaceOperator - Replacement does not work for  modify arr to arr
17:37:05.443 [main] ERROR fr.inria.astor.approaches.figra.ExpressionReplaceOperator - Replacement does not work for  modify arr to arr
17:37:13.201 [main] ERROR fr.inria.astor.approaches.figra.ExpressionReplaceOperator - Replacement does not work for  modify end to end
17:37:15.201 [main] ERROR fr.inria.astor.approaches.figra.ExpressionReplaceOperator - Replacement does not work for  modify x > arr[mid] to x > arr[mid]
17:38:36.055 [main] ERROR fr.inria.astor.approaches.figra.ExpressionReplaceOperator - Replacement does not work for  modify mid to mid
17:38:41.732 [main] ERROR fr.inria.astor.approaches.figra.ExpressionReplaceOperator - Replacement does not work for  modify ((end - start) / 2) to ((end - start) / 2)
17:39:06.369 [main] ERROR fr.inria.astor.approaches.figra.ExpressionReplaceOperator - Replacement does not work for  modify end to end
17:40:25.596 [main] ERROR fr.inria.astor.approaches.figra.ExpressionReplaceOperator - Replacement does not work for  modify x < arr[mid] to x < arr[mid]
17:41:30.632 [main] ERROR fr.inria.astor.approaches.figra.ExpressionReplaceOperator - Replacement does not work for  modify start to start
17:42:03.350 [main] ERROR fr.inria.astor.approaches.figra.ExpressionReplaceOperator - Replacement does not work for  modify x to x
17:44:46.804 [main] ERROR fr.inria.astor.approaches.figra.ExpressionReplaceOperator - Replacement does not work for  modify start == end to start == end
17:46:52.113 [main] ERROR fr.inria.astor.approaches.figra.ExpressionReplaceOperator - Replacement does not work for  modify mid to mid
Astor Output:

General stats:
EXECUTION_IDENTIFIER=FIND_IN_SORTED-
TOTAL_TIME=753.71
NR_GENERATIONS=1034
NR_RIGHT_COMPILATIONS=1024
NR_FAILLING_COMPILATIONS=10
NR_ERRONEOUS_VARIANCES=null
NR_FAILING_VALIDATION_PROCESS=null
OUTPUT_STATUS=STOP_BY_PATCH_FOUND

Patch stats:

Patch 1
VARIANT_ID=2068
TIME=753
VALIDATION=|true|0|7|[]|
GENERATION=1034
FOLDER_SOLUTION_CODE=/tmp/figra_QuixBugs_FIND_IN_SORTED_/./output_astor/AstorMain-FIND_IN_SORTED-//src//variant-2068
--Patch Hunk #1
OPERATOR=ExpressionReplaceOperator

LOCATION=java_programs.FIND_IN_SORTED

PATH=/tmp/figra_QuixBugs_FIND_IN_SORTED_/src/main/java/FIND_IN_SORTED.java

MODIFIED_FILE_PATH=/tmp/figra_QuixBugs_FIND_IN_SORTED_/./output_astor/AstorMain-FIND_IN_SORTED-//src//variant-2068/java_programs/FIND_IN_SORTED.java

LINE=13

SUSPICIOUNESS=0.535

MP_RANKING=10

ORIGINAL_CODE=start

BUGGY_CODE_TYPE=CtVariableReadImpl|CtBinaryOperatorImpl

PATCH_HUNK_CODE=(start + 1)

PATCH_HUNK_TYPE=CtBinaryOperatorImpl|CtBinaryOperatorImpl

INGREDIENT_SCOPE=-

INGREDIENT_PARENT=(_int_0 + 1)

PATCH_DIFF_ORIG=--- /tmp/figra_QuixBugs_FIND_IN_SORTED_/src/main/java/FIND_IN_SORTEDjava
+++ /tmp/figra_QuixBugs_FIND_IN_SORTED_/src/main/java/FIND_IN_SORTEDjava
@@ -13,2 +13,2 @@
-		if (start == end) {
-			return -1;
+		if (
+		(start + 1) == end) { 			return -1;



312.39user 50.10system 12:42.28elapsed 47%CPU (0avgtext+0avgdata 1796260maxresident)k
856inputs+84072outputs (0major+6789204minor)pagefaults 0swaps


Node: alcides-MS-7C60



Date: dom 14 mar 2021 17:49:16 EDT

