cd /tmp/figra_QuixBugs_GET_FACTORS_;
export JAVA_TOOL_OPTIONS="-Dfile.encoding=UTF8 -Duser.language=en-US -Duser.country=US -Duser.language=en";
TZ="America/New_York"; export TZ;
export PATH="/usr/lib/jvm/java-1.8.0-openjdk-amd64/bin/:$PATH";
export JAVA_HOME="/usr/lib/jvm/java-1.8.0-openjdk-amd64/bin/";
time java -Xmx4g -Xms1g -cp /home/maxoliveira/Tese/RepairThemAll/script/../libs/jtestex7.jar:/home/maxoliveira/Tese/RepairThemAll/script/../repair_tools/astor.jar fr.inria.main.evolution.AstorMain \
	-mode figra \
	-location . \
	-id GET_FACTORS- \
	-failing java_testcases.junit.GET_FACTORS_Test \
	-jvm4testexecution /usr/lib/jvm/java-1.8.0-openjdk-amd64/bin/ \
	-jvm4evosuitetestexecution /usr/lib/jvm/java-1.8.0-openjdk-amd64/bin/ \
	-maxgen 100000000 \
	-maxtime 180 \
	-stopfirst true \
	-seed 28 \
	-scope package \
	-population 1 \
	-javacompliancelevel 8 \
	-srcjavafolder src/main/java \
	-srctestfolder src/test/java \
	-binjavafolder target/classes \
	-bintestfolder target/test-classes \
	-parameters x:x:maxCombinationVariableLimit:true:maxVarCombination:1000 \
	-dependencies /home/maxoliveira/.m2/repository/junit/junit/4.11/junit-4.11.jar:/home/maxoliveira/.m2/repository/org/hamcrest/hamcrest-core/1.3/hamcrest-core-1.3.jar;
	echo "\n\nNode: `hostname`\n";
	echo "\n\nDate: `date`\n";
Picked up JAVA_TOOL_OPTIONS: -Dfile.encoding=UTF8 -Duser.language=en-US -Duser.country=US -Duser.language=en
17:35:58.115 [main] ERROR fr.inria.astor.approaches.figra.ExpressionReplaceOperator - Replacement does not work for  modify new java.util.ArrayList<java.lang.Integer>() to new java.util.ArrayList<java.lang.Integer>()
17:36:00.324 [main] ERROR fr.inria.astor.approaches.figra.ExpressionReplaceOperator - Replacement does not work for  modify java.lang.Math.sqrt(n) to java.lang.Math.sqrt(n)
Astor Output:

General stats:
EXECUTION_IDENTIFIER=GET_FACTORS-
TOTAL_TIME=3.288
NR_GENERATIONS=21
NR_RIGHT_COMPILATIONS=21
NR_FAILLING_COMPILATIONS=null
NR_ERRONEOUS_VARIANCES=null
NR_FAILING_VALIDATION_PROCESS=null
OUTPUT_STATUS=STOP_BY_PATCH_FOUND

Patch stats:

Patch 1
VARIANT_ID=42
TIME=3
VALIDATION=|true|0|11|[]|
GENERATION=21
FOLDER_SOLUTION_CODE=/tmp/figra_QuixBugs_GET_FACTORS_/./output_astor/AstorMain-GET_FACTORS-//src//variant-42
--Patch Hunk #1
OPERATOR=ExpressionReplaceOperator

LOCATION=java_programs.GET_FACTORS

PATH=/tmp/figra_QuixBugs_GET_FACTORS_/src/main/java/GET_FACTORS.java

MODIFIED_FILE_PATH=/tmp/figra_QuixBugs_GET_FACTORS_/./output_astor/AstorMain-GET_FACTORS-//src//variant-42/java_programs/GET_FACTORS.java

LINE=19

SUSPICIOUNESS=1

MP_RANKING=7

ORIGINAL_CODE=i < max

BUGGY_CODE_TYPE=CtBinaryOperatorImpl|CtForImpl

PATCH_HUNK_CODE=n >= 1

PATCH_HUNK_TYPE=CtBinaryOperatorImpl|CtForImpl

INGREDIENT_SCOPE=-

INGREDIENT_PARENT=_int_0 >= 1

PATCH_DIFF_ORIG=--- /tmp/figra_QuixBugs_GET_FACTORS_/src/main/java/GET_FACTORSjava
+++ /tmp/figra_QuixBugs_GET_FACTORS_/src/main/java/GET_FACTORSjava
@@ -19 +19 @@
-		for (int i = 2; i < max; i++) {
+		for (int i = 2; n >= 1; i++) {



15.18user 1.36system 0:06.20elapsed 266%CPU (0avgtext+0avgdata 465632maxresident)k
43680inputs+8712outputs (4major+288404minor)pagefaults 0swaps


Node: alcides-MS-7C60



Date: dom 14 mar 2021 17:36:01 EDT

