cd /tmp/figra_QuixBugs_GCD_;
export JAVA_TOOL_OPTIONS="-Dfile.encoding=UTF8 -Duser.language=en-US -Duser.country=US -Duser.language=en";
TZ="America/New_York"; export TZ;
export PATH="/usr/lib/jvm/java-1.8.0-openjdk-amd64/bin/:$PATH";
export JAVA_HOME="/usr/lib/jvm/java-1.8.0-openjdk-amd64/bin/";
time java -Xmx4g -Xms1g -cp /home/maxoliveira/Tese/RepairThemAll/script/../libs/jtestex7.jar:/home/maxoliveira/Tese/RepairThemAll/script/../repair_tools/astor.jar fr.inria.main.evolution.AstorMain \
	-mode figra \
	-location . \
	-id GCD- \
	-failing java_testcases.junit.GCD_Test \
	-jvm4testexecution /usr/lib/jvm/java-1.8.0-openjdk-amd64/bin/ \
	-jvm4evosuitetestexecution /usr/lib/jvm/java-1.8.0-openjdk-amd64/bin/ \
	-maxgen 100000000 \
	-maxtime 180 \
	-stopfirst true \
	-seed 28 \
	-scope package \
	-population 1 \
	-javacompliancelevel 8 \
	-srcjavafolder src/main/java \
	-srctestfolder src/test/java \
	-binjavafolder target/classes \
	-bintestfolder target/test-classes \
	-parameters x:x:maxCombinationVariableLimit:true:maxVarCombination:1000:maxCombinationVariableLimit:true:maxVarCombination:1000:maxCombinationVariableLimit:true:maxVarCombination:1000:maxCombinationVariableLimit:true:maxVarCombination:1000:maxCombinationVariableLimit:true:maxVarCombination:1000:maxCombinationVariableLimit:true:maxVarCombination:1000:maxCombinationVariableLimit:true:maxVarCombination:1000:maxCombinationVariableLimit:true:maxVarCombination:1000:maxCombinationVariableLimit:true:maxVarCombination:1000:maxCombinationVariableLimit:true:maxVarCombination:1000:maxCombinationVariableLimit:true:maxVarCombination:1000:maxCombinationVariableLimit:true:maxVarCombination:1000:maxCombinationVariableLimit:true:maxVarCombination:1000:maxCombinationVariableLimit:true:maxVarCombination:1000:maxCombinationVariableLimit:true:maxVarCombination:1000:maxCombinationVariableLimit:true:maxVarCombination:1000:maxCombinationVariableLimit:true:maxVarCombination:1000:maxCombinationVariableLimit:true:maxVarCombination:1000:maxCombinationVariableLimit:true:maxVarCombination:1000:maxCombinationVariableLimit:true:maxVarCombination:1000:maxCombinationVariableLimit:true:maxVarCombination:1000:maxCombinationVariableLimit:true:maxVarCombination:1000:maxCombinationVariableLimit:true:maxVarCombination:1000:maxCombinationVariableLimit:true:maxVarCombination:1000:maxCombinationVariableLimit:true:maxVarCombination:1000:maxCombinationVariableLimit:true:maxVarCombination:1000:maxCombinationVariableLimit:true:maxVarCombination:1000:maxCombinationVariableLimit:true:maxVarCombination:1000 \
	-dependencies /home/maxoliveira/.m2/repository/junit/junit/4.11/junit-4.11.jar:/home/maxoliveira/.m2/repository/org/hamcrest/hamcrest-core/1.3/hamcrest-core-1.3.jar;
	echo "\n\nNode: `hostname`\n";
	echo "\n\nDate: `date`\n";
Picked up JAVA_TOOL_OPTIONS: -Dfile.encoding=UTF8 -Duser.language=en-US -Duser.country=US -Duser.language=en
20:36:13.015 [main] ERROR fr.inria.astor.approaches.figra.ExpressionReplaceOperator - Replacement does not work for  modify a to a
20:36:17.863 [main] ERROR fr.inria.astor.approaches.figra.ExpressionReplaceOperator - Replacement does not work for  modify java_programs.GCD.gcd(a % b, b) to java_programs.GCD.gcd(a % b, b)
20:36:18.521 [main] ERROR fr.inria.astor.approaches.figra.ExpressionReplaceOperator - Replacement does not work for  modify b to b
20:36:20.104 [main] ERROR fr.inria.astor.approaches.figra.ExpressionReplaceOperator - Replacement does not work for  modify b == 0 to b == 0
Astor Output:

General stats:
EXECUTION_IDENTIFIER=GCD-
TOTAL_TIME=15.032
NR_GENERATIONS=85
NR_RIGHT_COMPILATIONS=83
NR_FAILLING_COMPILATIONS=2
NR_ERRONEOUS_VARIANCES=null
NR_FAILING_VALIDATION_PROCESS=null
OUTPUT_STATUS=STOP_BY_PATCH_FOUND

Patch stats:

Patch 1
VARIANT_ID=170
TIME=15
VALIDATION=|true|0|5|[]|
GENERATION=85
FOLDER_SOLUTION_CODE=/tmp/figra_QuixBugs_GCD_/./output_astor/AstorMain-GCD-//src//variant-170
--Patch Hunk #1
OPERATOR=ExpressionReplaceOperator

LOCATION=java_programs.GCD

PATH=/tmp/figra_QuixBugs_GCD_/src/main/java/GCD.java

MODIFIED_FILE_PATH=/tmp/figra_QuixBugs_GCD_/./output_astor/AstorMain-GCD-//src//variant-170/java_programs/GCD.java

LINE=19

SUSPICIOUNESS=1

MP_RANKING=6

ORIGINAL_CODE=java_programs.GCD.gcd(a % b, b)

BUGGY_CODE_TYPE=CtInvocationImpl|CtReturnImpl

PATCH_HUNK_CODE=java_programs.GCD.gcd(b, a % b)

PATCH_HUNK_TYPE=CtInvocationImpl|CtReturnImpl

INGREDIENT_SCOPE=-

INGREDIENT_PARENT=java_programs.GCD.gcd(_int_0, _int_1 % _int_0)

PATCH_DIFF_ORIG=--- /tmp/figra_QuixBugs_GCD_/src/main/java/GCDjava
+++ /tmp/figra_QuixBugs_GCD_/src/main/java/GCDjava
@@ -19 +19 @@
-			return java_programs.GCD.gcd(a % b, b);
+			return java_programs.GCD.gcd(b, a % b);



28.06user 4.18system 0:19.76elapsed 163%CPU (0avgtext+0avgdata 721460maxresident)k
0inputs+13184outputs (0major+766243minor)pagefaults 0swaps


Node: alcides-MS-7C60



Date: dom 14 mar 2021 20:36:27 EDT

