cd /users2/cpca56132020/moliveira/folders/Figra_13_QUIXBUGS_SIEVE/Figra_QuixBugs_SIEVE_;
export JAVA_TOOL_OPTIONS="-Dfile.encoding=UTF8 -Duser.language=en-US -Duser.country=US -Duser.language=en";
TZ="America/New_York"; export TZ;
export PATH="/usr/lib/jvm/java-1.8.0-openjdk/bin:$PATH";
export JAVA_HOME="/usr/lib/jvm/java-1.8.0-openjdk/bin";
time java -Xmx4g -Xms1g -cp /users2/cpca56132020/moliveira/RepairThemAll/script/../libs/jtestex7.jar:/users2/cpca56132020/moliveira/RepairThemAll/script/../repair_tools/astor.jar fr.inria.main.evolution.AstorMain \
	-mode figra \
	-location . \
	-id SIEVE- \
	-failing java_testcases.junit.SIEVE_Test \
	-jvm4testexecution /usr/lib/jvm/java-1.8.0-openjdk/bin \
	-jvm4evosuitetestexecution /usr/lib/jvm/java-1.8.0-openjdk/bin \
	-maxgen 1000000 \
	-maxtime 120 \
	-stopfirst false \
	-seed 13 \
	-scope package \
	-population 1 \
	-javacompliancelevel 8 \
	-srcjavafolder src/main/java \
	-srctestfolder src/test/java \
	-binjavafolder target/classes \
	-bintestfolder target/test-classes \
	-parameters x:x:maxCombinationVariableLimit:true:maxVarCombination:1000 \
	-dependencies /users2/cpca56132020/moliveira/.m2/repository/junit/junit/4.11/junit-4.11.jar:/users2/cpca56132020/moliveira/.m2/repository/org/hamcrest/hamcrest-core/1.3/hamcrest-core-1.3.jar;
	echo "\n\nNode: `hostname`\n";
	echo "\n\nDate: `date`\n";
Picked up JAVA_TOOL_OPTIONS: -Dfile.encoding=UTF8 -Duser.language=en-US -Duser.country=US -Duser.language=en
07:31:28.287 [main] ERROR fr.inria.astor.approaches.figra.ExpressionReplaceOperator - Replacement does not work for  modify java_programs.SIEVE.list_comp(n, primes) to java_programs.SIEVE.list_comp(n, primes)
07:31:44.273 [main] ERROR fr.inria.astor.approaches.figra.ExpressionReplaceOperator - Replacement does not work for  modify primes to primes
07:31:47.192 [main] ERROR fr.inria.astor.approaches.figra.ExpressionReplaceOperator - Replacement does not work for  modify built_comprehension to built_comprehension
07:31:48.576 [main] ERROR fr.inria.astor.approaches.figra.ExpressionReplaceOperator - Replacement does not work for  modify max to max
07:31:53.211 [main] ERROR fr.inria.astor.approaches.figra.ExpressionReplaceOperator - Replacement does not work for  modify primes to primes
07:31:55.136 [main] ERROR fr.inria.astor.approaches.figra.ExpressionReplaceOperator - Replacement does not work for  modify new java.util.ArrayList<java.lang.Boolean>() to new java.util.ArrayList<java.lang.Boolean>()
07:31:58.007 [main] ERROR fr.inria.astor.approaches.figra.ExpressionReplaceOperator - Replacement does not work for  modify new java.util.ArrayList<java.lang.Integer>() to new java.util.ArrayList<java.lang.Integer>()
07:32:20.123 [main] ERROR fr.inria.astor.approaches.figra.ExpressionReplaceOperator - Replacement does not work for  modify arr to arr
07:32:31.171 [main] ERROR fr.inria.astor.approaches.figra.ExpressionReplaceOperator - Replacement does not work for  modify false to false
07:32:32.265 [main] ERROR fr.inria.astor.approaches.figra.ExpressionReplaceOperator - Replacement does not work for  modify primes to primes
07:32:33.537 [main] ERROR fr.inria.astor.approaches.figra.ExpressionReplaceOperator - error to modify n++ to n + max
07:32:43.826 [main] ERROR fr.inria.astor.approaches.figra.ExpressionReplaceOperator - Replacement does not work for  modify 2 to 2
07:34:40.528 [main] ERROR fr.inria.astor.approaches.figra.ExpressionReplaceOperator - Replacement does not work for  modify n to n
07:35:44.056 [main] ERROR fr.inria.astor.approaches.figra.ExpressionReplaceOperator - Replacement does not work for  modify (max + 1) to (max + 1)
07:36:41.106 [main] ERROR fr.inria.astor.approaches.figra.ExpressionReplaceOperator - Replacement does not work for  modify java_programs.SIEVE.any(java_programs.SIEVE.list_comp(n, primes)) to java_programs.SIEVE.any(java_programs.SIEVE.list_comp(n, primes))
07:37:49.489 [main] ERROR fr.inria.astor.approaches.figra.ExpressionReplaceOperator - Replacement does not work for  modify n to n
07:41:29.387 [main] ERROR fr.inria.astor.approaches.figra.ExpressionReplaceOperator - Replacement does not work for  modify n++ to n++
07:42:44.366 [main] ERROR fr.inria.astor.approaches.figra.ExpressionReplaceOperator - Replacement does not work for  modify 1 to 1
07:56:15.676 [main] ERROR fr.inria.astor.approaches.figra.ExpressionReplaceOperator - Replacement does not work for  modify n < (max + 1) to n < (max + 1)
Astor Output:

General stats:
EXECUTION_IDENTIFIER=SIEVE-
TOTAL_TIME=7200.097
NR_GENERATIONS=304
NR_RIGHT_COMPILATIONS=286
NR_FAILLING_COMPILATIONS=18
NR_ERRONEOUS_VARIANCES=null
NR_FAILING_VALIDATION_PROCESS=null
OUTPUT_STATUS=TIME_OUT

Patch stats:


real	120m8.802s
user	84m28.376s
sys	0m17.458s
\n\nNode: hpc063.ncg.ingrid.pt\n
\n\nDate: Fri Apr 16 09:31:28 EDT 2021\n
