cd /users2/cpca56132020/moliveira/folders/Figra_13_QUIXBUGS_HANOI/Figra_QuixBugs_HANOI_;
export JAVA_TOOL_OPTIONS="-Dfile.encoding=UTF8 -Duser.language=en-US -Duser.country=US -Duser.language=en";
TZ="America/New_York"; export TZ;
export PATH="/usr/lib/jvm/java-1.8.0-openjdk/bin:$PATH";
export JAVA_HOME="/usr/lib/jvm/java-1.8.0-openjdk/bin";
time java -Xmx4g -Xms1g -cp /users2/cpca56132020/moliveira/RepairThemAll/script/../libs/jtestex7.jar:/users2/cpca56132020/moliveira/RepairThemAll/script/../repair_tools/astor.jar fr.inria.main.evolution.AstorMain \
	-mode figra \
	-location . \
	-id HANOI- \
	-failing java_testcases.junit.HANOI_Test \
	-jvm4testexecution /usr/lib/jvm/java-1.8.0-openjdk/bin \
	-jvm4evosuitetestexecution /usr/lib/jvm/java-1.8.0-openjdk/bin \
	-maxgen 1000000 \
	-maxtime 120 \
	-stopfirst false \
	-seed 13 \
	-scope package \
	-population 1 \
	-javacompliancelevel 8 \
	-srcjavafolder src/main/java \
	-srctestfolder src/test/java \
	-binjavafolder target/classes \
	-bintestfolder target/test-classes \
	-parameters x:x:maxCombinationVariableLimit:true:maxVarCombination:1000 \
	-dependencies /users2/cpca56132020/moliveira/.m2/repository/junit/junit/4.11/junit-4.11.jar:/users2/cpca56132020/moliveira/.m2/repository/org/hamcrest/hamcrest-core/1.3/hamcrest-core-1.3.jar;
	echo "\n\nNode: `hostname`\n";
	echo "\n\nDate: `date`\n";
Picked up JAVA_TOOL_OPTIONS: -Dfile.encoding=UTF8 -Duser.language=en-US -Duser.country=US -Duser.language=en
11:53:49.302 [main] ERROR fr.inria.astor.approaches.figra.ExpressionReplaceOperator - Replacement does not work for  modify steps to steps
11:53:50.864 [main] ERROR fr.inria.astor.approaches.figra.ExpressionReplaceOperator - Replacement does not work for  modify first to first
11:53:54.671 [main] ERROR fr.inria.astor.approaches.figra.ExpressionReplaceOperator - Replacement does not work for  modify new java.util.ArrayList<java_programs.HANOI.Pair<java.lang.Integer, java.lang.Integer>>() to new java.util.ArrayList<java_programs.HANOI.Pair<java.lang.Integer, java.lang.Integer>>()
11:53:58.460 [main] ERROR fr.inria.astor.approaches.figra.ExpressionReplaceOperator - Replacement does not work for  modify steps to steps
11:53:58.921 [main] ERROR fr.inria.astor.approaches.figra.ExpressionReplaceOperator - Replacement does not work for  modify new java_programs.HANOI.Pair<java.lang.Integer, java.lang.Integer>(start, helper) to new java_programs.HANOI.Pair<java.lang.Integer, java.lang.Integer>(start, helper)
11:54:00.040 [main] ERROR fr.inria.astor.approaches.figra.ExpressionReplaceOperator - Replacement does not work for  modify crap_set to crap_set
11:54:04.510 [main] ERROR fr.inria.astor.approaches.figra.ExpressionReplaceOperator - Replacement does not work for  modify ", " to ", "
11:54:06.498 [main] ERROR fr.inria.astor.approaches.figra.ExpressionReplaceOperator - Replacement does not work for  modify new java.util.PriorityQueue<java.lang.Integer>() to new java.util.PriorityQueue<java.lang.Integer>()
11:54:07.111 [main] ERROR fr.inria.astor.approaches.figra.ExpressionReplaceOperator - Replacement does not work for  modify crap_set to crap_set
11:54:07.529 [main] ERROR fr.inria.astor.approaches.figra.ExpressionReplaceOperator - Replacement does not work for  modify crap_set to crap_set
11:54:07.887 [main] ERROR fr.inria.astor.approaches.figra.ExpressionReplaceOperator - Replacement does not work for  modify second to second
11:54:08.275 [main] ERROR fr.inria.astor.approaches.figra.ExpressionReplaceOperator - Replacement does not work for  modify java.lang.String.valueOf(second) to java.lang.String.valueOf(second)
11:54:08.784 [main] ERROR fr.inria.astor.approaches.figra.ExpressionReplaceOperator - Replacement does not work for  modify crap_set.poll() to crap_set.poll()
11:54:16.155 [main] ERROR fr.inria.astor.approaches.figra.ExpressionReplaceOperator - Replacement does not work for  modify crap_set to crap_set
11:54:16.715 [main] ERROR fr.inria.astor.approaches.figra.ExpressionReplaceOperator - Replacement does not work for  modify crap_set to crap_set
11:54:19.853 [main] ERROR fr.inria.astor.approaches.figra.ExpressionReplaceOperator - Replacement does not work for  modify steps to steps
11:54:24.069 [main] ERROR fr.inria.astor.approaches.figra.ExpressionReplaceOperator - Replacement does not work for  modify steps.add(new java_programs.HANOI.Pair<java.lang.Integer, java.lang.Integer>(start, helper)) to steps.add(new java_programs.HANOI.Pair<java.lang.Integer, java.lang.Integer>(start, helper))
11:54:33.564 [main] ERROR fr.inria.astor.approaches.figra.ExpressionReplaceOperator - Replacement does not work for  modify steps to steps
11:54:45.247 [main] ERROR fr.inria.astor.approaches.figra.ExpressionReplaceOperator - Replacement does not work for  modify crap_set to crap_set
11:54:47.959 [main] ERROR fr.inria.astor.approaches.figra.ExpressionReplaceOperator - Replacement does not work for  modify crap_set.add(2) to crap_set.add(2)
11:54:51.136 [main] ERROR fr.inria.astor.approaches.figra.ExpressionReplaceOperator - Replacement does not work for  modify (("(" + java.lang.String.valueOf(first)) + ", ") to (("(" + java.lang.String.valueOf(first)) + ", ")
11:54:53.810 [main] ERROR fr.inria.astor.approaches.figra.ExpressionReplaceOperator - Replacement does not work for  modify ("(" + java.lang.String.valueOf(first)) to ("(" + java.lang.String.valueOf(first))
11:54:56.016 [main] ERROR fr.inria.astor.approaches.figra.ExpressionReplaceOperator - Replacement does not work for  modify "(" to "("
11:54:56.666 [main] ERROR fr.inria.astor.approaches.figra.ExpressionReplaceOperator - Replacement does not work for  modify height > 0 to height > 0
11:54:57.267 [main] ERROR fr.inria.astor.approaches.figra.ExpressionReplaceOperator - Replacement does not work for  modify ((("(" + java.lang.String.valueOf(first)) + ", ") + java.lang.String.valueOf(second)) + ")" to ((("(" + java.lang.String.valueOf(first)) + ", ") + java.lang.String.valueOf(second)) + ")"
11:54:57.871 [main] ERROR fr.inria.astor.approaches.figra.ExpressionReplaceOperator - Replacement does not work for  modify java.lang.String.valueOf(first) to java.lang.String.valueOf(first)
11:55:00.196 [main] ERROR fr.inria.astor.approaches.figra.ExpressionReplaceOperator - Replacement does not work for  modify height to height
11:55:03.831 [main] ERROR fr.inria.astor.approaches.figra.ExpressionReplaceOperator - Replacement does not work for  modify ((("(" + java.lang.String.valueOf(first)) + ", ") + java.lang.String.valueOf(second)) + ")" to ((("(" + java.lang.String.valueOf(first)) + ", ") + java.lang.String.valueOf(second)) + ")"
11:55:04.614 [main] ERROR fr.inria.astor.approaches.figra.ExpressionReplaceOperator - Replacement does not work for  modify ")" to ")"
11:55:05.870 [main] ERROR fr.inria.astor.approaches.figra.ExpressionReplaceOperator - Replacement does not work for  modify ((("(" + java.lang.String.valueOf(first)) + ", ") + java.lang.String.valueOf(second)) to ((("(" + java.lang.String.valueOf(first)) + ", ") + java.lang.String.valueOf(second))
11:55:17.681 [main] ERROR fr.inria.astor.approaches.figra.ExpressionReplaceOperator - Replacement does not work for  modify height - 1 to height - 1
11:55:25.045 [main] ERROR fr.inria.astor.approaches.figra.ExpressionReplaceOperator - Replacement does not work for  modify crap_set.add(3) to crap_set.add(3)
11:55:30.592 [main] ERROR fr.inria.astor.approaches.figra.ExpressionReplaceOperator - Replacement does not work for  modify height to height
11:55:36.755 [main] ERROR fr.inria.astor.approaches.figra.ExpressionReplaceOperator - Replacement does not work for  modify java_programs.HANOI.hanoi(height - 1, helper, end) to java_programs.HANOI.hanoi(height - 1, helper, end)
11:56:20.370 [main] ERROR fr.inria.astor.approaches.figra.ExpressionReplaceOperator - Replacement does not work for  modify 1 to 1
11:56:30.979 [main] ERROR fr.inria.astor.approaches.figra.ExpressionReplaceOperator - Replacement does not work for  modify crap_set.add(1) to crap_set.add(1)
11:56:42.658 [main] ERROR fr.inria.astor.approaches.figra.ExpressionReplaceOperator - Replacement does not work for  modify height to height
11:56:47.157 [main] ERROR fr.inria.astor.approaches.figra.ExpressionReplaceOperator - Replacement does not work for  modify java_programs.HANOI.hanoi(height - 1, start, helper) to java_programs.HANOI.hanoi(height - 1, start, helper)
11:57:05.517 [main] ERROR fr.inria.astor.approaches.figra.ExpressionReplaceOperator - Replacement does not work for  modify 2 to 2
11:57:12.935 [main] ERROR fr.inria.astor.approaches.figra.ExpressionReplaceOperator - Replacement does not work for  modify 3 to 3
11:57:22.463 [main] ERROR fr.inria.astor.approaches.figra.ExpressionReplaceOperator - Replacement does not work for  modify 1 to 1
11:57:45.882 [main] ERROR fr.inria.astor.approaches.figra.ExpressionReplaceOperator - Replacement does not work for  modify steps.addAll(java_programs.HANOI.hanoi(height - 1, helper, end)) to steps.addAll(java_programs.HANOI.hanoi(height - 1, helper, end))
11:58:02.577 [main] ERROR fr.inria.astor.approaches.figra.ExpressionReplaceOperator - Replacement does not work for  modify crap_set.remove(end) to crap_set.remove(end)
11:59:04.280 [main] ERROR fr.inria.astor.approaches.figra.ExpressionReplaceOperator - Replacement does not work for  modify crap_set.remove(start) to crap_set.remove(start)
11:59:13.017 [main] ERROR fr.inria.astor.approaches.figra.ExpressionReplaceOperator - Replacement does not work for  modify steps.addAll(java_programs.HANOI.hanoi(height - 1, start, helper)) to steps.addAll(java_programs.HANOI.hanoi(height - 1, start, helper))
11:59:54.138 [main] ERROR fr.inria.astor.approaches.figra.ExpressionReplaceOperator - Replacement does not work for  modify helper to helper
12:00:00.570 [main] ERROR fr.inria.astor.approaches.figra.ExpressionReplaceOperator - Replacement does not work for  modify start to start
12:00:21.607 [main] ERROR fr.inria.astor.approaches.figra.ExpressionReplaceOperator - Replacement does not work for  modify start to start
12:00:31.536 [main] ERROR fr.inria.astor.approaches.figra.ExpressionReplaceOperator - Replacement does not work for  modify helper to helper
12:01:01.656 [main] ERROR fr.inria.astor.approaches.figra.ExpressionReplaceOperator - Replacement does not work for  modify 0 to 0
12:01:04.626 [main] ERROR fr.inria.astor.approaches.figra.ExpressionReplaceOperator - Replacement does not work for  modify end to end
12:01:12.360 [main] ERROR fr.inria.astor.approaches.figra.ExpressionReplaceOperator - Replacement does not work for  modify helper to helper
12:01:24.127 [main] ERROR fr.inria.astor.approaches.figra.ExpressionReplaceOperator - Replacement does not work for  modify height - 1 to height - 1
12:03:33.774 [main] ERROR fr.inria.astor.approaches.figra.ExpressionReplaceOperator - Replacement does not work for  modify end to end
12:06:34.182 [main] ERROR fr.inria.astor.approaches.figra.ExpressionReplaceOperator - Replacement does not work for  modify start to start
12:07:14.211 [main] ERROR fr.inria.astor.approaches.figra.ExpressionReplaceOperator - Replacement does not work for  modify height - 1 to height - 1
12:07:38.707 [main] ERROR fr.inria.astor.approaches.figra.ExpressionReplaceOperator - Replacement does not work for  modify height - 1 to height - 1
12:07:48.884 [main] ERROR fr.inria.astor.approaches.figra.ExpressionReplaceOperator - Replacement does not work for  modify 1 to 1
Astor Output:

General stats:
EXECUTION_IDENTIFIER=HANOI-
TOTAL_TIME=7200.753
NR_GENERATIONS=5565
NR_RIGHT_COMPILATIONS=5065
NR_FAILLING_COMPILATIONS=500
NR_ERRONEOUS_VARIANCES=null
NR_FAILING_VALIDATION_PROCESS=null
OUTPUT_STATUS=TIME_OUT

Patch stats:

Patch 1
VARIANT_ID=968
TIME=154
VALIDATION=|true|0|7|[]|
GENERATION=484
FOLDER_SOLUTION_CODE=/users2/cpca56132020/moliveira/folders/Figra_13_QUIXBUGS_HANOI/Figra_QuixBugs_HANOI_/./output_astor/AstorMain-HANOI-//src//variant-968
--Patch Hunk #1
OPERATOR=ExpressionReplaceOperator

LOCATION=java_programs.HANOI

PATH=/users2/cpca56132020/moliveira/folders/Figra_13_QUIXBUGS_HANOI/Figra_QuixBugs_HANOI_/src/main/java/HANOI.java

MODIFIED_FILE_PATH=/users2/cpca56132020/moliveira/folders/Figra_13_QUIXBUGS_HANOI/Figra_QuixBugs_HANOI_/./output_astor/AstorMain-HANOI-//src//variant-968/java_programs/HANOI.java

LINE=27

SUSPICIOUNESS=1

MP_RANKING=44

ORIGINAL_CODE=new java_programs.HANOI.Pair<java.lang.Integer, java.lang.Integer>(start, helper)

BUGGY_CODE_TYPE=CtConstructorCallImpl|CtInvocationImpl

PATCH_HUNK_CODE=new java_programs.HANOI.Pair<java.lang.Integer, java.lang.Integer>(start, end)

PATCH_HUNK_TYPE=CtConstructorCallImpl|CtInvocationImpl

INGREDIENT_SCOPE=-

INGREDIENT_PARENT=new java_programs.HANOI.Pair<java.lang.Integer, java.lang.Integer>(_int_0, _int_1)

PATCH_DIFF_ORIG=--- /users2/cpca56132020/moliveira/folders/Figra_13_QUIXBUGS_HANOI/Figra_QuixBugs_HANOI_/src/main/java/HANOIjava
+++ /users2/cpca56132020/moliveira/folders/Figra_13_QUIXBUGS_HANOI/Figra_QuixBugs_HANOI_/src/main/java/HANOIjava
@@ -27 +27 @@
-			steps.add(new java_programs.HANOI.Pair<java.lang.Integer, java.lang.Integer>(start, helper));
+			steps.add(new java_programs.HANOI.Pair<java.lang.Integer, java.lang.Integer>(start, end));



Patch 2
VARIANT_ID=4146
TIME=691
VALIDATION=|true|0|7|[]|
GENERATION=2073
FOLDER_SOLUTION_CODE=/users2/cpca56132020/moliveira/folders/Figra_13_QUIXBUGS_HANOI/Figra_QuixBugs_HANOI_/./output_astor/AstorMain-HANOI-//src//variant-4146
--Patch Hunk #1
OPERATOR=ExpressionReplaceOperator

LOCATION=java_programs.HANOI

PATH=/users2/cpca56132020/moliveira/folders/Figra_13_QUIXBUGS_HANOI/Figra_QuixBugs_HANOI_/src/main/java/HANOI.java

MODIFIED_FILE_PATH=/users2/cpca56132020/moliveira/folders/Figra_13_QUIXBUGS_HANOI/Figra_QuixBugs_HANOI_/./output_astor/AstorMain-HANOI-//src//variant-4146/java_programs/HANOI.java

LINE=27

SUSPICIOUNESS=1

MP_RANKING=43

ORIGINAL_CODE=helper

BUGGY_CODE_TYPE=CtVariableReadImpl|CtConstructorCallImpl

PATCH_HUNK_CODE=end / 1

PATCH_HUNK_TYPE=CtBinaryOperatorImpl|CtConstructorCallImpl

INGREDIENT_SCOPE=-

INGREDIENT_PARENT=_int_0 / 1

PATCH_DIFF_ORIG=--- /users2/cpca56132020/moliveira/folders/Figra_13_QUIXBUGS_HANOI/Figra_QuixBugs_HANOI_/src/main/java/HANOIjava
+++ /users2/cpca56132020/moliveira/folders/Figra_13_QUIXBUGS_HANOI/Figra_QuixBugs_HANOI_/src/main/java/HANOIjava
@@ -27 +27 @@
-			steps.add(new java_programs.HANOI.Pair<java.lang.Integer, java.lang.Integer>(start, helper));
+			steps.add(new java_programs.HANOI.Pair<java.lang.Integer, java.lang.Integer>(start, end / 1));



Patch 3
VARIANT_ID=5334
TIME=903
VALIDATION=|true|0|7|[]|
GENERATION=2667
FOLDER_SOLUTION_CODE=/users2/cpca56132020/moliveira/folders/Figra_13_QUIXBUGS_HANOI/Figra_QuixBugs_HANOI_/./output_astor/AstorMain-HANOI-//src//variant-5334
--Patch Hunk #1
OPERATOR=ExpressionReplaceOperator

LOCATION=java_programs.HANOI

PATH=/users2/cpca56132020/moliveira/folders/Figra_13_QUIXBUGS_HANOI/Figra_QuixBugs_HANOI_/src/main/java/HANOI.java

MODIFIED_FILE_PATH=/users2/cpca56132020/moliveira/folders/Figra_13_QUIXBUGS_HANOI/Figra_QuixBugs_HANOI_/./output_astor/AstorMain-HANOI-//src//variant-5334/java_programs/HANOI.java

LINE=27

SUSPICIOUNESS=1

MP_RANKING=43

ORIGINAL_CODE=helper

BUGGY_CODE_TYPE=CtVariableReadImpl|CtConstructorCallImpl

PATCH_HUNK_CODE=end

PATCH_HUNK_TYPE=CtVariableReadImpl|CtConstructorCallImpl

INGREDIENT_SCOPE=-

INGREDIENT_PARENT=end

PATCH_DIFF_ORIG=--- /users2/cpca56132020/moliveira/folders/Figra_13_QUIXBUGS_HANOI/Figra_QuixBugs_HANOI_/src/main/java/HANOIjava
+++ /users2/cpca56132020/moliveira/folders/Figra_13_QUIXBUGS_HANOI/Figra_QuixBugs_HANOI_/src/main/java/HANOIjava
@@ -27 +27 @@
-			steps.add(new java_programs.HANOI.Pair<java.lang.Integer, java.lang.Integer>(start, helper));
+			steps.add(new java_programs.HANOI.Pair<java.lang.Integer, java.lang.Integer>(start, end));



Patch 4
VARIANT_ID=7136
TIME=1208
VALIDATION=|true|0|7|[]|
GENERATION=3568
FOLDER_SOLUTION_CODE=/users2/cpca56132020/moliveira/folders/Figra_13_QUIXBUGS_HANOI/Figra_QuixBugs_HANOI_/./output_astor/AstorMain-HANOI-//src//variant-7136
--Patch Hunk #1
OPERATOR=ExpressionReplaceOperator

LOCATION=java_programs.HANOI

PATH=/users2/cpca56132020/moliveira/folders/Figra_13_QUIXBUGS_HANOI/Figra_QuixBugs_HANOI_/src/main/java/HANOI.java

MODIFIED_FILE_PATH=/users2/cpca56132020/moliveira/folders/Figra_13_QUIXBUGS_HANOI/Figra_QuixBugs_HANOI_/./output_astor/AstorMain-HANOI-//src//variant-7136/java_programs/HANOI.java

LINE=27

SUSPICIOUNESS=1

MP_RANKING=45

ORIGINAL_CODE=steps.add(new java_programs.HANOI.Pair<java.lang.Integer, java.lang.Integer>(start, helper))

BUGGY_CODE_TYPE=CtInvocationImpl|CtBlockImpl

PATCH_HUNK_CODE=steps.add(new java_programs.HANOI.Pair<java.lang.Integer, java.lang.Integer>(start, end))

PATCH_HUNK_TYPE=CtInvocationImpl|CtBlockImpl

INGREDIENT_SCOPE=-

INGREDIENT_PARENT=_ArrayList_0.add(new java_programs.HANOI.Pair<java.lang.Integer, java.lang.Integer>(_int_1, _int_2))

PATCH_DIFF_ORIG=--- /users2/cpca56132020/moliveira/folders/Figra_13_QUIXBUGS_HANOI/Figra_QuixBugs_HANOI_/src/main/java/HANOIjava
+++ /users2/cpca56132020/moliveira/folders/Figra_13_QUIXBUGS_HANOI/Figra_QuixBugs_HANOI_/src/main/java/HANOIjava
@@ -27 +27 @@
-			steps.add(new java_programs.HANOI.Pair<java.lang.Integer, java.lang.Integer>(start, helper));
+			steps.add(new java_programs.HANOI.Pair<java.lang.Integer, java.lang.Integer>(start, end));



Patch 5
VARIANT_ID=7576
TIME=1281
VALIDATION=|true|0|7|[]|
GENERATION=3788
FOLDER_SOLUTION_CODE=/users2/cpca56132020/moliveira/folders/Figra_13_QUIXBUGS_HANOI/Figra_QuixBugs_HANOI_/./output_astor/AstorMain-HANOI-//src//variant-7576
--Patch Hunk #1
OPERATOR=ExpressionReplaceOperator

LOCATION=java_programs.HANOI

PATH=/users2/cpca56132020/moliveira/folders/Figra_13_QUIXBUGS_HANOI/Figra_QuixBugs_HANOI_/src/main/java/HANOI.java

MODIFIED_FILE_PATH=/users2/cpca56132020/moliveira/folders/Figra_13_QUIXBUGS_HANOI/Figra_QuixBugs_HANOI_/./output_astor/AstorMain-HANOI-//src//variant-7576/java_programs/HANOI.java

LINE=27

SUSPICIOUNESS=1

MP_RANKING=43

ORIGINAL_CODE=helper

BUGGY_CODE_TYPE=CtVariableReadImpl|CtConstructorCallImpl

PATCH_HUNK_CODE=end * 1

PATCH_HUNK_TYPE=CtBinaryOperatorImpl|CtConstructorCallImpl

INGREDIENT_SCOPE=-

INGREDIENT_PARENT=_int_0 * 1

PATCH_DIFF_ORIG=--- /users2/cpca56132020/moliveira/folders/Figra_13_QUIXBUGS_HANOI/Figra_QuixBugs_HANOI_/src/main/java/HANOIjava
+++ /users2/cpca56132020/moliveira/folders/Figra_13_QUIXBUGS_HANOI/Figra_QuixBugs_HANOI_/src/main/java/HANOIjava
@@ -27 +27 @@
-			steps.add(new java_programs.HANOI.Pair<java.lang.Integer, java.lang.Integer>(start, helper));
+			steps.add(new java_programs.HANOI.Pair<java.lang.Integer, java.lang.Integer>(start, end * 1));



Patch 6
VARIANT_ID=8340
TIME=1426
VALIDATION=|true|0|7|[]|
GENERATION=4170
FOLDER_SOLUTION_CODE=/users2/cpca56132020/moliveira/folders/Figra_13_QUIXBUGS_HANOI/Figra_QuixBugs_HANOI_/./output_astor/AstorMain-HANOI-//src//variant-8340
--Patch Hunk #1
OPERATOR=ExpressionReplaceOperator

LOCATION=java_programs.HANOI

PATH=/users2/cpca56132020/moliveira/folders/Figra_13_QUIXBUGS_HANOI/Figra_QuixBugs_HANOI_/src/main/java/HANOI.java

MODIFIED_FILE_PATH=/users2/cpca56132020/moliveira/folders/Figra_13_QUIXBUGS_HANOI/Figra_QuixBugs_HANOI_/./output_astor/AstorMain-HANOI-//src//variant-8340/java_programs/HANOI.java

LINE=27

SUSPICIOUNESS=1

MP_RANKING=43

ORIGINAL_CODE=helper

BUGGY_CODE_TYPE=CtVariableReadImpl|CtConstructorCallImpl

PATCH_HUNK_CODE=end & end

PATCH_HUNK_TYPE=CtBinaryOperatorImpl|CtConstructorCallImpl

INGREDIENT_SCOPE=-

INGREDIENT_PARENT=(_int_0 & _int_1)

PATCH_DIFF_ORIG=--- /users2/cpca56132020/moliveira/folders/Figra_13_QUIXBUGS_HANOI/Figra_QuixBugs_HANOI_/src/main/java/HANOIjava
+++ /users2/cpca56132020/moliveira/folders/Figra_13_QUIXBUGS_HANOI/Figra_QuixBugs_HANOI_/src/main/java/HANOIjava
@@ -27 +27 @@
-			steps.add(new java_programs.HANOI.Pair<java.lang.Integer, java.lang.Integer>(start, helper));
+			steps.add(new java_programs.HANOI.Pair<java.lang.Integer, java.lang.Integer>(start, end & end));



Patch 7
VARIANT_ID=8966
TIME=1546
VALIDATION=|true|0|7|[]|
GENERATION=4483
FOLDER_SOLUTION_CODE=/users2/cpca56132020/moliveira/folders/Figra_13_QUIXBUGS_HANOI/Figra_QuixBugs_HANOI_/./output_astor/AstorMain-HANOI-//src//variant-8966
--Patch Hunk #1
OPERATOR=ExpressionReplaceOperator

LOCATION=java_programs.HANOI

PATH=/users2/cpca56132020/moliveira/folders/Figra_13_QUIXBUGS_HANOI/Figra_QuixBugs_HANOI_/src/main/java/HANOI.java

MODIFIED_FILE_PATH=/users2/cpca56132020/moliveira/folders/Figra_13_QUIXBUGS_HANOI/Figra_QuixBugs_HANOI_/./output_astor/AstorMain-HANOI-//src//variant-8966/java_programs/HANOI.java

LINE=27

SUSPICIOUNESS=1

MP_RANKING=43

ORIGINAL_CODE=helper

BUGGY_CODE_TYPE=CtVariableReadImpl|CtConstructorCallImpl

PATCH_HUNK_CODE=end | end

PATCH_HUNK_TYPE=CtBinaryOperatorImpl|CtConstructorCallImpl

INGREDIENT_SCOPE=-

INGREDIENT_PARENT=(_int_0 | _int_1)

PATCH_DIFF_ORIG=--- /users2/cpca56132020/moliveira/folders/Figra_13_QUIXBUGS_HANOI/Figra_QuixBugs_HANOI_/src/main/java/HANOIjava
+++ /users2/cpca56132020/moliveira/folders/Figra_13_QUIXBUGS_HANOI/Figra_QuixBugs_HANOI_/src/main/java/HANOIjava
@@ -27 +27 @@
-			steps.add(new java_programs.HANOI.Pair<java.lang.Integer, java.lang.Integer>(start, helper));
+			steps.add(new java_programs.HANOI.Pair<java.lang.Integer, java.lang.Integer>(start, end | end));




real	120m17.925s
user	116m3.638s
sys	3m9.939s
\n\nNode: hpc061.ncg.ingrid.pt\n
\n\nDate: Wed Apr  7 13:53:43 EDT 2021\n
