cd /users2/cpca56132020/moliveira/folders/Figra_QUIXBUGS_LONGEST_COMMON_SUBSEQUENCE/Figra_QuixBugs_LONGEST_COMMON_SUBSEQUENCE_;
export JAVA_TOOL_OPTIONS="-Dfile.encoding=UTF8 -Duser.language=en-US -Duser.country=US -Duser.language=en";
TZ="America/New_York"; export TZ;
export PATH="/usr/lib/jvm/java-1.8.0-openjdk/bin:$PATH";
export JAVA_HOME="/usr/lib/jvm/java-1.8.0-openjdk/bin";
time java -Xmx4g -Xms1g -cp /users2/cpca56132020/moliveira/RepairThemAll/script/../libs/jtestex7.jar:/users2/cpca56132020/moliveira/RepairThemAll/script/../repair_tools/astor.jar fr.inria.main.evolution.AstorMain \
	-mode figra \
	-location . \
	-id LONGEST_COMMON_SUBSEQUENCE- \
	-failing java_testcases.junit.LONGEST_COMMON_SUBSEQUENCE_Test \
	-jvm4testexecution /usr/lib/jvm/java-1.8.0-openjdk/bin \
	-jvm4evosuitetestexecution /usr/lib/jvm/java-1.8.0-openjdk/bin \
	-maxgen 1000000 \
	-maxtime 120 \
	-stopfirst false \
	-seed 28 \
	-scope package \
	-population 1 \
	-javacompliancelevel 8 \
	-srcjavafolder src/main/java \
	-srctestfolder src/test/java \
	-binjavafolder target/classes \
	-bintestfolder target/test-classes \
	-parameters x:x:maxCombinationVariableLimit:true:maxVarCombination:1000 \
	-dependencies /users2/cpca56132020/moliveira/.m2/repository/junit/junit/4.11/junit-4.11.jar:/users2/cpca56132020/moliveira/.m2/repository/org/hamcrest/hamcrest-core/1.3/hamcrest-core-1.3.jar;
	echo "\n\nNode: `hostname`\n";
	echo "\n\nDate: `date`\n";
Picked up JAVA_TOOL_OPTIONS: -Dfile.encoding=UTF8 -Duser.language=en-US -Duser.country=US -Duser.language=en
03:58:36.246 [main] ERROR fr.inria.astor.approaches.figra.ExpressionReplaceOperator - Replacement does not work for  modify a.charAt(0) to a.charAt(0)
03:58:36.654 [main] ERROR fr.inria.astor.approaches.figra.ExpressionReplaceOperator - Replacement does not work for  modify b.substring(1) to b.substring(1)
03:58:37.102 [main] ERROR fr.inria.astor.approaches.figra.ExpressionReplaceOperator - Replacement does not work for  modify b.charAt(0) to b.charAt(0)
03:58:55.975 [main] ERROR fr.inria.astor.approaches.figra.ExpressionReplaceOperator - Replacement does not work for  modify a.charAt(0) to a.charAt(0)
03:59:15.338 [main] ERROR fr.inria.astor.approaches.figra.ExpressionReplaceOperator - Replacement does not work for  modify 1 to 1
03:59:33.859 [main] ERROR fr.inria.astor.approaches.figra.ExpressionReplaceOperator - Replacement does not work for  modify 1 to 1
03:59:36.439 [main] ERROR fr.inria.astor.approaches.figra.ExpressionReplaceOperator - Replacement does not work for  modify snd.length() to snd.length()
03:59:38.857 [main] ERROR fr.inria.astor.approaches.figra.ExpressionReplaceOperator - Replacement does not work for  modify a.isEmpty() || b.isEmpty() to a.isEmpty() || b.isEmpty()
03:59:46.628 [main] ERROR fr.inria.astor.approaches.figra.ExpressionReplaceOperator - Replacement does not work for  modify java_programs.LONGEST_COMMON_SUBSEQUENCE.longest_common_subsequence(a.substring(1), b) to java_programs.LONGEST_COMMON_SUBSEQUENCE.longest_common_subsequence(a.substring(1), b)
03:59:47.416 [main] ERROR fr.inria.astor.approaches.figra.ExpressionReplaceOperator - Replacement does not work for  modify 1 to 1
03:59:57.072 [main] ERROR fr.inria.astor.approaches.figra.ExpressionReplaceOperator - Replacement does not work for  modify fst.length() to fst.length()
04:00:05.977 [main] ERROR fr.inria.astor.approaches.figra.ExpressionReplaceOperator - Replacement does not work for  modify a to a
04:00:06.664 [main] ERROR fr.inria.astor.approaches.figra.ExpressionReplaceOperator - Replacement does not work for  modify java_programs.LONGEST_COMMON_SUBSEQUENCE.longest_common_subsequence(a, b.substring(1)) to java_programs.LONGEST_COMMON_SUBSEQUENCE.longest_common_subsequence(a, b.substring(1))
04:00:08.480 [main] ERROR fr.inria.astor.approaches.figra.ExpressionReplaceOperator - Replacement does not work for  modify 0 to 0
04:00:10.481 [main] ERROR fr.inria.astor.approaches.figra.ExpressionReplaceOperator - Replacement does not work for  modify a.charAt(0) + java_programs.LONGEST_COMMON_SUBSEQUENCE.longest_common_subsequence(a.substring(1), b) to a.charAt(0) + java_programs.LONGEST_COMMON_SUBSEQUENCE.longest_common_subsequence(a.substring(1), b)
04:00:15.568 [main] ERROR fr.inria.astor.approaches.figra.ExpressionReplaceOperator - Replacement does not work for  modify fst to fst
04:00:19.040 [main] ERROR fr.inria.astor.approaches.figra.ExpressionReplaceOperator - Replacement does not work for  modify java_programs.LONGEST_COMMON_SUBSEQUENCE.longest_common_subsequence(a.substring(1), b) to java_programs.LONGEST_COMMON_SUBSEQUENCE.longest_common_subsequence(a.substring(1), b)
04:00:53.671 [main] ERROR fr.inria.astor.approaches.figra.ExpressionReplaceOperator - Replacement does not work for  modify 0 to 0
04:01:18.875 [main] ERROR fr.inria.astor.approaches.figra.ExpressionReplaceOperator - Replacement does not work for  modify b.isEmpty() to b.isEmpty()
04:01:20.118 [main] ERROR fr.inria.astor.approaches.figra.ExpressionReplaceOperator - Replacement does not work for  modify b to b
04:01:21.000 [main] ERROR fr.inria.astor.approaches.figra.ExpressionReplaceOperator - Replacement does not work for  modify a.substring(1) to a.substring(1)
04:01:22.625 [main] ERROR fr.inria.astor.approaches.figra.ExpressionReplaceOperator - Replacement does not work for  modify fst.length() >= snd.length() to fst.length() >= snd.length()
04:01:23.028 [main] ERROR fr.inria.astor.approaches.figra.ExpressionReplaceOperator - Replacement does not work for  modify b to b
04:02:35.861 [main] ERROR fr.inria.astor.approaches.figra.ExpressionReplaceOperator - Replacement does not work for  modify a to a
04:02:47.174 [main] ERROR fr.inria.astor.approaches.figra.ExpressionReplaceOperator - Replacement does not work for  modify a to a
04:03:08.142 [main] ERROR fr.inria.astor.approaches.figra.ExpressionReplaceOperator - Replacement does not work for  modify snd to snd
04:03:39.584 [main] ERROR fr.inria.astor.approaches.figra.ExpressionReplaceOperator - Replacement does not work for  modify b to b
04:04:24.398 [main] ERROR fr.inria.astor.approaches.figra.ExpressionReplaceOperator - Replacement does not work for  modify a.charAt(0) == b.charAt(0) to a.charAt(0) == b.charAt(0)
04:04:41.455 [main] ERROR fr.inria.astor.approaches.figra.ExpressionReplaceOperator - Replacement does not work for  modify b to b
04:05:16.947 [main] ERROR fr.inria.astor.approaches.figra.ExpressionReplaceOperator - Replacement does not work for  modify a to a
04:05:28.162 [main] ERROR fr.inria.astor.approaches.figra.ExpressionReplaceOperator - Replacement does not work for  modify a.substring(1) to a.substring(1)
04:05:28.596 [main] ERROR fr.inria.astor.approaches.figra.ExpressionReplaceOperator - Replacement does not work for  modify b to b
04:05:59.667 [main] ERROR fr.inria.astor.approaches.figra.ExpressionReplaceOperator - Replacement does not work for  modify "" to ""
04:06:18.088 [main] ERROR fr.inria.astor.approaches.figra.ExpressionReplaceOperator - Replacement does not work for  modify a to a
04:06:20.703 [main] ERROR fr.inria.astor.approaches.figra.ExpressionReplaceOperator - Replacement does not work for  modify fst.length() >= snd.length() ? fst : snd to fst.length() >= snd.length() ? fst : snd
04:09:24.090 [main] ERROR fr.inria.astor.approaches.figra.ExpressionReplaceOperator - Replacement does not work for  modify a.isEmpty() to a.isEmpty()
Astor Output:

General stats:
EXECUTION_IDENTIFIER=LONGEST_COMMON_SUBSEQUENCE-
TOTAL_TIME=7200.124
NR_GENERATIONS=1257
NR_RIGHT_COMPILATIONS=1217
NR_FAILLING_COMPILATIONS=40
NR_ERRONEOUS_VARIANCES=null
NR_FAILING_VALIDATION_PROCESS=null
OUTPUT_STATUS=TIME_OUT

Patch stats:

Patch 1
VARIANT_ID=766
TIME=271
VALIDATION=|true|0|10|[]|
GENERATION=383
FOLDER_SOLUTION_CODE=/users2/cpca56132020/moliveira/folders/Figra_QUIXBUGS_LONGEST_COMMON_SUBSEQUENCE/Figra_QuixBugs_LONGEST_COMMON_SUBSEQUENCE_/./output_astor/AstorMain-LONGEST_COMMON_SUBSEQUENCE-//src//variant-766
--Patch Hunk #1
OPERATOR=ExpressionReplaceOperator

LOCATION=java_programs.LONGEST_COMMON_SUBSEQUENCE

PATH=/users2/cpca56132020/moliveira/folders/Figra_QUIXBUGS_LONGEST_COMMON_SUBSEQUENCE/Figra_QuixBugs_LONGEST_COMMON_SUBSEQUENCE_/src/main/java/LONGEST_COMMON_SUBSEQUENCE.java

MODIFIED_FILE_PATH=/users2/cpca56132020/moliveira/folders/Figra_QUIXBUGS_LONGEST_COMMON_SUBSEQUENCE/Figra_QuixBugs_LONGEST_COMMON_SUBSEQUENCE_/./output_astor/AstorMain-LONGEST_COMMON_SUBSEQUENCE-//src//variant-766/java_programs/LONGEST_COMMON_SUBSEQUENCE.java

LINE=18

SUSPICIOUNESS=0.632

MP_RANKING=17

ORIGINAL_CODE=b

BUGGY_CODE_TYPE=CtVariableReadImpl|CtInvocationImpl

PATCH_HUNK_CODE=b.substring(1)

PATCH_HUNK_TYPE=CtInvocationImpl|CtInvocationImpl

INGREDIENT_SCOPE=-

INGREDIENT_PARENT=_String_0.substring(1)

PATCH_DIFF_ORIG=--- /users2/cpca56132020/moliveira/folders/Figra_QUIXBUGS_LONGEST_COMMON_SUBSEQUENCE/Figra_QuixBugs_LONGEST_COMMON_SUBSEQUENCE_/src/main/java/LONGEST_COMMON_SUBSEQUENCEjava
+++ /users2/cpca56132020/moliveira/folders/Figra_QUIXBUGS_LONGEST_COMMON_SUBSEQUENCE/Figra_QuixBugs_LONGEST_COMMON_SUBSEQUENCE_/src/main/java/LONGEST_COMMON_SUBSEQUENCEjava
@@ -18,3 +18,3 @@
-			return a.charAt(0) + java_programs.LONGEST_COMMON_SUBSEQUENCE.longest_common_subsequence(a.substring(1), b);
-		} else {
-			java.lang.String fst = java_programs.LONGEST_COMMON_SUBSEQUENCE.longest_common_subsequence(a, b.substring(1));
+			return a.charAt(0) + java_programs.LONGEST_COMMON_SUBSEQUENCE.longest_common_subsequence(a.substring(1), 
+
+			b.substring(1));} else { 			java.lang.String fst = java_programs.LONGEST_COMMON_SUBSEQUENCE.longest_common_subsequence(a, b.substring(1));




real	120m7.634s
user	117m36.124s
sys	1m20.920s
\n\nNode: hpc060.ncg.ingrid.pt\n
\n\nDate: Fri Apr  2 05:58:35 EDT 2021\n
