cd /users2/cpca56132020/moliveira/folders/Figra_3_QUIXBUGS_MERGESORT/Figra_QuixBugs_MERGESORT_;
export JAVA_TOOL_OPTIONS="-Dfile.encoding=UTF8 -Duser.language=en-US -Duser.country=US -Duser.language=en";
TZ="America/New_York"; export TZ;
export PATH="/usr/lib/jvm/java-1.8.0-openjdk/bin:$PATH";
export JAVA_HOME="/usr/lib/jvm/java-1.8.0-openjdk/bin";
time java -Xmx4g -Xms1g -cp /users2/cpca56132020/moliveira/RepairThemAll/script/../libs/jtestex7.jar:/users2/cpca56132020/moliveira/RepairThemAll/script/../repair_tools/astor.jar fr.inria.main.evolution.AstorMain \
	-mode figra \
	-location . \
	-id MERGESORT- \
	-failing java_testcases.junit.MERGESORT_Test \
	-jvm4testexecution /usr/lib/jvm/java-1.8.0-openjdk/bin \
	-jvm4evosuitetestexecution /usr/lib/jvm/java-1.8.0-openjdk/bin \
	-maxgen 1000000 \
	-maxtime 120 \
	-stopfirst false \
	-seed 3 \
	-scope package \
	-population 1 \
	-javacompliancelevel 8 \
	-srcjavafolder src/main/java \
	-srctestfolder src/test/java \
	-binjavafolder target/classes \
	-bintestfolder target/test-classes \
	-parameters x:x:maxCombinationVariableLimit:true:maxVarCombination:1000 \
	-dependencies /users2/cpca56132020/moliveira/.m2/repository/junit/junit/4.11/junit-4.11.jar:/users2/cpca56132020/moliveira/.m2/repository/org/hamcrest/hamcrest-core/1.3/hamcrest-core-1.3.jar;
	echo "\n\nNode: `hostname`\n";
	echo "\n\nDate: `date`\n";
Picked up JAVA_TOOL_OPTIONS: -Dfile.encoding=UTF8 -Duser.language=en-US -Duser.country=US -Duser.language=en
11:53:20.339 [main] ERROR fr.inria.astor.approaches.figra.ExpressionReplaceOperator - Replacement does not work for  modify right to right
11:53:22.835 [main] ERROR fr.inria.astor.approaches.figra.ExpressionReplaceOperator - Replacement does not work for  modify java_programs.MERGESORT.mergesort(right) to java_programs.MERGESORT.mergesort(right)
11:53:23.289 [main] ERROR fr.inria.astor.approaches.figra.ExpressionReplaceOperator - Replacement does not work for  modify right to right
11:53:28.040 [main] ERROR fr.inria.astor.approaches.figra.ExpressionReplaceOperator - Replacement does not work for  modify arr.subList(0, middle) to arr.subList(0, middle)
11:53:28.462 [main] ERROR fr.inria.astor.approaches.figra.ExpressionReplaceOperator - Replacement does not work for  modify middle to middle
11:53:31.565 [main] ERROR fr.inria.astor.approaches.figra.ExpressionReplaceOperator - Replacement does not work for  modify left to left
11:54:02.593 [main] ERROR fr.inria.astor.approaches.figra.ExpressionReplaceOperator - Replacement does not work for  modify arr to arr
11:54:03.770 [main] ERROR fr.inria.astor.approaches.figra.ExpressionReplaceOperator - Replacement does not work for  modify java_programs.MERGESORT.mergesort(left) to java_programs.MERGESORT.mergesort(left)
11:54:04.805 [main] ERROR fr.inria.astor.approaches.figra.ExpressionReplaceOperator - Replacement does not work for  modify new java.util.ArrayList<java.lang.Integer>(100) to new java.util.ArrayList<java.lang.Integer>(100)
11:54:06.568 [main] ERROR fr.inria.astor.approaches.figra.ExpressionReplaceOperator - Replacement does not work for  modify arr.size() == 0 to arr.size() == 0
11:54:35.073 [main] ERROR fr.inria.astor.approaches.figra.ExpressionReplaceOperator - Replacement does not work for  modify arr to arr
11:54:40.636 [main] ERROR fr.inria.astor.approaches.figra.ExpressionReplaceOperator - Replacement does not work for  modify arr.size() to arr.size()
11:55:23.869 [main] ERROR fr.inria.astor.approaches.figra.ExpressionReplaceOperator - Replacement does not work for  modify arr to arr
11:55:35.591 [main] ERROR fr.inria.astor.approaches.figra.ExpressionReplaceOperator - Replacement does not work for  modify arr.size() / 2 to arr.size() / 2
11:55:49.505 [main] ERROR fr.inria.astor.approaches.figra.ExpressionReplaceOperator - Replacement does not work for  modify arr.subList(middle, arr.size()) to arr.subList(middle, arr.size())
11:55:50.698 [main] ERROR fr.inria.astor.approaches.figra.ExpressionReplaceOperator - Replacement does not work for  modify new java.util.ArrayList<java.lang.Integer>(100) to new java.util.ArrayList<java.lang.Integer>(100)
11:56:05.461 [main] ERROR fr.inria.astor.approaches.figra.ExpressionReplaceOperator - Replacement does not work for  modify arr to arr
11:56:33.958 [main] ERROR fr.inria.astor.approaches.figra.ExpressionReplaceOperator - Replacement does not work for  modify arr.size() to arr.size()
11:56:53.132 [main] ERROR fr.inria.astor.approaches.figra.ExpressionReplaceOperator - Replacement does not work for  modify left to left
11:56:54.248 [main] ERROR fr.inria.astor.approaches.figra.ExpressionReplaceOperator - Replacement does not work for  modify arr to arr
11:57:10.156 [main] ERROR fr.inria.astor.approaches.figra.ExpressionReplaceOperator - Replacement does not work for  modify 0 to 0
11:57:12.382 [main] ERROR fr.inria.astor.approaches.figra.ExpressionReplaceOperator - Replacement does not work for  modify 2 to 2
11:57:20.147 [main] ERROR fr.inria.astor.approaches.figra.ExpressionReplaceOperator - Replacement does not work for  modify 0 to 0
11:57:25.593 [main] ERROR fr.inria.astor.approaches.figra.ExpressionReplaceOperator - Replacement does not work for  modify arr.size() to arr.size()
11:57:26.090 [main] ERROR fr.inria.astor.approaches.figra.ExpressionReplaceOperator - Replacement does not work for  modify 100 to 100
11:57:58.694 [main] ERROR fr.inria.astor.approaches.figra.ExpressionReplaceOperator - Replacement does not work for  modify arr.size() / 2 to arr.size() / 2
11:58:22.809 [main] ERROR fr.inria.astor.approaches.figra.ExpressionReplaceOperator - Replacement does not work for  modify middle to middle
11:58:30.046 [main] ERROR fr.inria.astor.approaches.figra.ExpressionReplaceOperator - Replacement does not work for  modify 100 to 100
11:58:54.798 [main] ERROR fr.inria.astor.approaches.figra.ExpressionReplaceOperator - Replacement does not work for  modify left.addAll(arr.subList(0, middle)) to left.addAll(arr.subList(0, middle))
11:59:28.507 [main] ERROR fr.inria.astor.approaches.figra.ExpressionReplaceOperator - Replacement does not work for  modify right.addAll(arr.subList(middle, arr.size())) to right.addAll(arr.subList(middle, arr.size()))
Astor Output:

General stats:
EXECUTION_IDENTIFIER=MERGESORT-
TOTAL_TIME=7201.042
NR_GENERATIONS=675
NR_RIGHT_COMPILATIONS=589
NR_FAILLING_COMPILATIONS=86
NR_ERRONEOUS_VARIANCES=null
NR_FAILING_VALIDATION_PROCESS=null
OUTPUT_STATUS=TIME_OUT

Patch stats:

Patch 1
VARIANT_ID=426
TIME=216
VALIDATION=|true|0|13|[]|
GENERATION=213
FOLDER_SOLUTION_CODE=/users2/cpca56132020/moliveira/folders/Figra_3_QUIXBUGS_MERGESORT/Figra_QuixBugs_MERGESORT_/./output_astor/AstorMain-MERGESORT-//src//variant-426
--Patch Hunk #1
OPERATOR=ExpressionReplaceOperator

LOCATION=java_programs.MERGESORT

PATH=/users2/cpca56132020/moliveira/folders/Figra_3_QUIXBUGS_MERGESORT/Figra_QuixBugs_MERGESORT_/src/main/java/MERGESORT.java

MODIFIED_FILE_PATH=/users2/cpca56132020/moliveira/folders/Figra_3_QUIXBUGS_MERGESORT/Figra_QuixBugs_MERGESORT_/./output_astor/AstorMain-MERGESORT-//src//variant-426/java_programs/MERGESORT.java

LINE=38

SUSPICIOUNESS=1

MP_RANKING=1

ORIGINAL_CODE=arr.size()

BUGGY_CODE_TYPE=CtInvocationImpl|CtBinaryOperatorImpl

PATCH_HUNK_CODE=arr.size() / 2

PATCH_HUNK_TYPE=CtBinaryOperatorImpl|CtInvocationImpl

INGREDIENT_SCOPE=-

INGREDIENT_PARENT=arr.size() / 2

PATCH_DIFF_ORIG=--- /users2/cpca56132020/moliveira/folders/Figra_3_QUIXBUGS_MERGESORT/Figra_QuixBugs_MERGESORT_/src/main/java/MERGESORTjava
+++ /users2/cpca56132020/moliveira/folders/Figra_3_QUIXBUGS_MERGESORT/Figra_QuixBugs_MERGESORT_/src/main/java/MERGESORTjava
@@ -38,4 +38,4 @@
-		if (arr.size() == 0) {
-			return arr;
-		} else {
-			int middle = arr.size() / 2;
+		if (
+
+
+		(arr.size() / 2) == 0) { 			return arr;} else { 			int middle = arr.size() / 2;



Patch 2
VARIANT_ID=676
TIME=265
VALIDATION=|true|0|13|[]|
GENERATION=338
FOLDER_SOLUTION_CODE=/users2/cpca56132020/moliveira/folders/Figra_3_QUIXBUGS_MERGESORT/Figra_QuixBugs_MERGESORT_/./output_astor/AstorMain-MERGESORT-//src//variant-676
--Patch Hunk #1
OPERATOR=ExpressionReplaceOperator

LOCATION=java_programs.MERGESORT

PATH=/users2/cpca56132020/moliveira/folders/Figra_3_QUIXBUGS_MERGESORT/Figra_QuixBugs_MERGESORT_/src/main/java/MERGESORT.java

MODIFIED_FILE_PATH=/users2/cpca56132020/moliveira/folders/Figra_3_QUIXBUGS_MERGESORT/Figra_QuixBugs_MERGESORT_/./output_astor/AstorMain-MERGESORT-//src//variant-676/java_programs/MERGESORT.java

LINE=38

SUSPICIOUNESS=1

MP_RANKING=2

ORIGINAL_CODE=0

BUGGY_CODE_TYPE=CtLiteralImpl|CtBinaryOperatorImpl

PATCH_HUNK_CODE=(arr.size() % 2)

PATCH_HUNK_TYPE=CtBinaryOperatorImpl|CtBinaryOperatorImpl

INGREDIENT_SCOPE=-

INGREDIENT_PARENT=_ArrayList_0.size() % 2

PATCH_DIFF_ORIG=--- /users2/cpca56132020/moliveira/folders/Figra_3_QUIXBUGS_MERGESORT/Figra_QuixBugs_MERGESORT_/src/main/java/MERGESORTjava
+++ /users2/cpca56132020/moliveira/folders/Figra_3_QUIXBUGS_MERGESORT/Figra_QuixBugs_MERGESORT_/src/main/java/MERGESORTjava
@@ -38,4 +38,4 @@
-		if (arr.size() == 0) {
-			return arr;
-		} else {
-			int middle = arr.size() / 2;
+		if (arr.size() == 
+
+
+		(arr.size() % 2)) { 			return arr;} else { 			int middle = arr.size() / 2;




real	120m17.556s
user	117m25.713s
sys	0m32.767s
\n\nNode: hpc060.ncg.ingrid.pt\n
\n\nDate: Wed Apr  7 13:53:17 EDT 2021\n
