cd /users2/cpca56132020/moliveira/folders/Figra_0_QUIXBUGS_HANOI/Figra_QuixBugs_HANOI_;
export JAVA_TOOL_OPTIONS="-Dfile.encoding=UTF8 -Duser.language=en-US -Duser.country=US -Duser.language=en";
TZ="America/New_York"; export TZ;
export PATH="/usr/lib/jvm/java-1.8.0-openjdk/bin:$PATH";
export JAVA_HOME="/usr/lib/jvm/java-1.8.0-openjdk/bin";
time java -Xmx4g -Xms1g -cp /users2/cpca56132020/moliveira/RepairThemAll/script/../libs/jtestex7.jar:/users2/cpca56132020/moliveira/RepairThemAll/script/../repair_tools/astor.jar fr.inria.main.evolution.AstorMain \
	-mode figra \
	-location . \
	-id HANOI- \
	-failing java_testcases.junit.HANOI_Test \
	-jvm4testexecution /usr/lib/jvm/java-1.8.0-openjdk/bin \
	-jvm4evosuitetestexecution /usr/lib/jvm/java-1.8.0-openjdk/bin \
	-maxgen 1000000 \
	-maxtime 120 \
	-stopfirst false \
	-seed 0 \
	-scope package \
	-population 1 \
	-javacompliancelevel 8 \
	-srcjavafolder src/main/java \
	-srctestfolder src/test/java \
	-binjavafolder target/classes \
	-bintestfolder target/test-classes \
	-parameters x:x:maxCombinationVariableLimit:true:maxVarCombination:1000 \
	-dependencies /users2/cpca56132020/moliveira/.m2/repository/junit/junit/4.11/junit-4.11.jar:/users2/cpca56132020/moliveira/.m2/repository/org/hamcrest/hamcrest-core/1.3/hamcrest-core-1.3.jar;
	echo "\n\nNode: `hostname`\n";
	echo "\n\nDate: `date`\n";
Picked up JAVA_TOOL_OPTIONS: -Dfile.encoding=UTF8 -Duser.language=en-US -Duser.country=US -Duser.language=en
11:53:03.974 [main] ERROR fr.inria.astor.approaches.figra.ExpressionReplaceOperator - Replacement does not work for  modify new java_programs.HANOI.Pair<java.lang.Integer, java.lang.Integer>(start, helper) to new java_programs.HANOI.Pair<java.lang.Integer, java.lang.Integer>(start, helper)
11:53:05.807 [main] ERROR fr.inria.astor.approaches.figra.ExpressionReplaceOperator - Replacement does not work for  modify steps to steps
11:53:06.939 [main] ERROR fr.inria.astor.approaches.figra.ExpressionReplaceOperator - Replacement does not work for  modify crap_set to crap_set
11:53:08.994 [main] ERROR fr.inria.astor.approaches.figra.ExpressionReplaceOperator - Replacement does not work for  modify crap_set to crap_set
11:53:09.671 [main] ERROR fr.inria.astor.approaches.figra.ExpressionReplaceOperator - Replacement does not work for  modify crap_set to crap_set
11:53:10.247 [main] ERROR fr.inria.astor.approaches.figra.ExpressionReplaceOperator - Replacement does not work for  modify new java.util.PriorityQueue<java.lang.Integer>() to new java.util.PriorityQueue<java.lang.Integer>()
11:53:11.971 [main] ERROR fr.inria.astor.approaches.figra.ExpressionReplaceOperator - Replacement does not work for  modify java_programs.HANOI.hanoi(height - 1, helper, end) to java_programs.HANOI.hanoi(height - 1, helper, end)
11:53:14.523 [main] ERROR fr.inria.astor.approaches.figra.ExpressionReplaceOperator - Replacement does not work for  modify ("(" + java.lang.String.valueOf(first)) to ("(" + java.lang.String.valueOf(first))
11:53:15.773 [main] ERROR fr.inria.astor.approaches.figra.ExpressionReplaceOperator - Replacement does not work for  modify crap_set.poll() to crap_set.poll()
11:53:16.942 [main] ERROR fr.inria.astor.approaches.figra.ExpressionReplaceOperator - Replacement does not work for  modify new java.util.ArrayList<java_programs.HANOI.Pair<java.lang.Integer, java.lang.Integer>>() to new java.util.ArrayList<java_programs.HANOI.Pair<java.lang.Integer, java.lang.Integer>>()
11:53:17.725 [main] ERROR fr.inria.astor.approaches.figra.ExpressionReplaceOperator - Replacement does not work for  modify 1 to 1
11:53:19.753 [main] ERROR fr.inria.astor.approaches.figra.ExpressionReplaceOperator - Replacement does not work for  modify first to first
11:53:20.861 [main] ERROR fr.inria.astor.approaches.figra.ExpressionReplaceOperator - Replacement does not work for  modify ((("(" + java.lang.String.valueOf(first)) + ", ") + java.lang.String.valueOf(second)) to ((("(" + java.lang.String.valueOf(first)) + ", ") + java.lang.String.valueOf(second))
11:53:21.642 [main] ERROR fr.inria.astor.approaches.figra.ExpressionReplaceOperator - Replacement does not work for  modify steps to steps
11:53:25.576 [main] ERROR fr.inria.astor.approaches.figra.ExpressionReplaceOperator - Replacement does not work for  modify crap_set to crap_set
11:53:26.714 [main] ERROR fr.inria.astor.approaches.figra.ExpressionReplaceOperator - Replacement does not work for  modify crap_set to crap_set
11:53:27.092 [main] ERROR fr.inria.astor.approaches.figra.ExpressionReplaceOperator - Replacement does not work for  modify steps to steps
11:53:28.048 [main] ERROR fr.inria.astor.approaches.figra.ExpressionReplaceOperator - Replacement does not work for  modify second to second
11:53:28.719 [main] ERROR fr.inria.astor.approaches.figra.ExpressionReplaceOperator - Replacement does not work for  modify ((("(" + java.lang.String.valueOf(first)) + ", ") + java.lang.String.valueOf(second)) + ")" to ((("(" + java.lang.String.valueOf(first)) + ", ") + java.lang.String.valueOf(second)) + ")"
11:53:30.872 [main] ERROR fr.inria.astor.approaches.figra.ExpressionReplaceOperator - Replacement does not work for  modify java_programs.HANOI.hanoi(height - 1, start, helper) to java_programs.HANOI.hanoi(height - 1, start, helper)
11:53:31.852 [main] ERROR fr.inria.astor.approaches.figra.ExpressionReplaceOperator - Replacement does not work for  modify helper to helper
11:53:42.671 [main] ERROR fr.inria.astor.approaches.figra.ExpressionReplaceOperator - Replacement does not work for  modify ((("(" + java.lang.String.valueOf(first)) + ", ") + java.lang.String.valueOf(second)) + ")" to ((("(" + java.lang.String.valueOf(first)) + ", ") + java.lang.String.valueOf(second)) + ")"
11:53:44.851 [main] ERROR fr.inria.astor.approaches.figra.ExpressionReplaceOperator - Replacement does not work for  modify crap_set to crap_set
11:53:51.242 [main] ERROR fr.inria.astor.approaches.figra.ExpressionReplaceOperator - Replacement does not work for  modify start to start
11:53:57.904 [main] ERROR fr.inria.astor.approaches.figra.ExpressionReplaceOperator - Replacement does not work for  modify helper to helper
11:54:00.357 [main] ERROR fr.inria.astor.approaches.figra.ExpressionReplaceOperator - Replacement does not work for  modify steps to steps
11:54:06.441 [main] ERROR fr.inria.astor.approaches.figra.ExpressionReplaceOperator - Replacement does not work for  modify java.lang.String.valueOf(second) to java.lang.String.valueOf(second)
11:54:10.114 [main] ERROR fr.inria.astor.approaches.figra.ExpressionReplaceOperator - Replacement does not work for  modify ", " to ", "
11:54:16.367 [main] ERROR fr.inria.astor.approaches.figra.ExpressionReplaceOperator - Replacement does not work for  modify crap_set.add(2) to crap_set.add(2)
11:54:18.910 [main] ERROR fr.inria.astor.approaches.figra.ExpressionReplaceOperator - Replacement does not work for  modify java.lang.String.valueOf(first) to java.lang.String.valueOf(first)
11:55:11.677 [main] ERROR fr.inria.astor.approaches.figra.ExpressionReplaceOperator - Replacement does not work for  modify (("(" + java.lang.String.valueOf(first)) + ", ") to (("(" + java.lang.String.valueOf(first)) + ", ")
11:55:26.724 [main] ERROR fr.inria.astor.approaches.figra.ExpressionReplaceOperator - Replacement does not work for  modify ")" to ")"
11:55:29.792 [main] ERROR fr.inria.astor.approaches.figra.ExpressionReplaceOperator - Replacement does not work for  modify height - 1 to height - 1
11:55:55.976 [main] ERROR fr.inria.astor.approaches.figra.ExpressionReplaceOperator - Replacement does not work for  modify "(" to "("
11:56:02.933 [main] ERROR fr.inria.astor.approaches.figra.ExpressionReplaceOperator - Replacement does not work for  modify height - 1 to height - 1
11:56:08.327 [main] ERROR fr.inria.astor.approaches.figra.ExpressionReplaceOperator - Replacement does not work for  modify 1 to 1
11:56:08.641 [main] ERROR fr.inria.astor.approaches.figra.ExpressionReplaceOperator - Replacement does not work for  modify height - 1 to height - 1
11:56:14.385 [main] ERROR fr.inria.astor.approaches.figra.ExpressionReplaceOperator - Replacement does not work for  modify end to end
11:56:15.054 [main] ERROR fr.inria.astor.approaches.figra.ExpressionReplaceOperator - Replacement does not work for  modify crap_set.add(1) to crap_set.add(1)
11:56:29.127 [main] ERROR fr.inria.astor.approaches.figra.ExpressionReplaceOperator - Replacement does not work for  modify height to height
11:56:51.053 [main] ERROR fr.inria.astor.approaches.figra.ExpressionReplaceOperator - Replacement does not work for  modify crap_set.add(3) to crap_set.add(3)
11:56:58.748 [main] ERROR fr.inria.astor.approaches.figra.ExpressionReplaceOperator - Replacement does not work for  modify height to height
11:57:00.318 [main] ERROR fr.inria.astor.approaches.figra.ExpressionReplaceOperator - Replacement does not work for  modify start to start
11:57:12.126 [main] ERROR fr.inria.astor.approaches.figra.ExpressionReplaceOperator - Replacement does not work for  modify 2 to 2
11:57:33.452 [main] ERROR fr.inria.astor.approaches.figra.ExpressionReplaceOperator - Replacement does not work for  modify steps.add(new java_programs.HANOI.Pair<java.lang.Integer, java.lang.Integer>(start, helper)) to steps.add(new java_programs.HANOI.Pair<java.lang.Integer, java.lang.Integer>(start, helper))
11:57:38.462 [main] ERROR fr.inria.astor.approaches.figra.ExpressionReplaceOperator - Replacement does not work for  modify 3 to 3
11:57:48.169 [main] ERROR fr.inria.astor.approaches.figra.ExpressionReplaceOperator - Replacement does not work for  modify crap_set.remove(start) to crap_set.remove(start)
11:58:39.795 [main] ERROR fr.inria.astor.approaches.figra.ExpressionReplaceOperator - Replacement does not work for  modify 0 to 0
11:58:49.655 [main] ERROR fr.inria.astor.approaches.figra.ExpressionReplaceOperator - Replacement does not work for  modify start to start
11:58:54.887 [main] ERROR fr.inria.astor.approaches.figra.ExpressionReplaceOperator - Replacement does not work for  modify crap_set.remove(end) to crap_set.remove(end)
11:59:19.561 [main] ERROR fr.inria.astor.approaches.figra.ExpressionReplaceOperator - Replacement does not work for  modify height > 0 to height > 0
12:00:19.173 [main] ERROR fr.inria.astor.approaches.figra.ExpressionReplaceOperator - Replacement does not work for  modify steps.addAll(java_programs.HANOI.hanoi(height - 1, start, helper)) to steps.addAll(java_programs.HANOI.hanoi(height - 1, start, helper))
12:00:40.702 [main] ERROR fr.inria.astor.approaches.figra.ExpressionReplaceOperator - Replacement does not work for  modify height - 1 to height - 1
12:00:49.360 [main] ERROR fr.inria.astor.approaches.figra.ExpressionReplaceOperator - Replacement does not work for  modify helper to helper
12:01:57.954 [main] ERROR fr.inria.astor.approaches.figra.ExpressionReplaceOperator - Replacement does not work for  modify steps.addAll(java_programs.HANOI.hanoi(height - 1, helper, end)) to steps.addAll(java_programs.HANOI.hanoi(height - 1, helper, end))
12:03:31.931 [main] ERROR fr.inria.astor.approaches.figra.ExpressionReplaceOperator - Replacement does not work for  modify 1 to 1
12:03:46.905 [main] ERROR fr.inria.astor.approaches.figra.ExpressionReplaceOperator - Replacement does not work for  modify height to height
12:05:56.804 [main] ERROR fr.inria.astor.approaches.figra.ExpressionReplaceOperator - Replacement does not work for  modify end to end
Astor Output:

General stats:
EXECUTION_IDENTIFIER=HANOI-
TOTAL_TIME=7201.989
NR_GENERATIONS=5571
NR_RIGHT_COMPILATIONS=5071
NR_FAILLING_COMPILATIONS=500
NR_ERRONEOUS_VARIANCES=null
NR_FAILING_VALIDATION_PROCESS=null
OUTPUT_STATUS=TIME_OUT

Patch stats:

Patch 1
VARIANT_ID=754
TIME=117
VALIDATION=|true|0|7|[]|
GENERATION=377
FOLDER_SOLUTION_CODE=/users2/cpca56132020/moliveira/folders/Figra_0_QUIXBUGS_HANOI/Figra_QuixBugs_HANOI_/./output_astor/AstorMain-HANOI-//src//variant-754
--Patch Hunk #1
OPERATOR=ExpressionReplaceOperator

LOCATION=java_programs.HANOI

PATH=/users2/cpca56132020/moliveira/folders/Figra_0_QUIXBUGS_HANOI/Figra_QuixBugs_HANOI_/src/main/java/HANOI.java

MODIFIED_FILE_PATH=/users2/cpca56132020/moliveira/folders/Figra_0_QUIXBUGS_HANOI/Figra_QuixBugs_HANOI_/./output_astor/AstorMain-HANOI-//src//variant-754/java_programs/HANOI.java

LINE=27

SUSPICIOUNESS=1

MP_RANKING=44

ORIGINAL_CODE=new java_programs.HANOI.Pair<java.lang.Integer, java.lang.Integer>(start, helper)

BUGGY_CODE_TYPE=CtConstructorCallImpl|CtInvocationImpl

PATCH_HUNK_CODE=new java_programs.HANOI.Pair<java.lang.Integer, java.lang.Integer>(start, end)

PATCH_HUNK_TYPE=CtConstructorCallImpl|CtInvocationImpl

INGREDIENT_SCOPE=-

INGREDIENT_PARENT=new java_programs.HANOI.Pair<java.lang.Integer, java.lang.Integer>(_int_0, _int_1)

PATCH_DIFF_ORIG=--- /users2/cpca56132020/moliveira/folders/Figra_0_QUIXBUGS_HANOI/Figra_QuixBugs_HANOI_/src/main/java/HANOIjava
+++ /users2/cpca56132020/moliveira/folders/Figra_0_QUIXBUGS_HANOI/Figra_QuixBugs_HANOI_/src/main/java/HANOIjava
@@ -27 +27 @@
-			steps.add(new java_programs.HANOI.Pair<java.lang.Integer, java.lang.Integer>(start, helper));
+			steps.add(new java_programs.HANOI.Pair<java.lang.Integer, java.lang.Integer>(start, end));



Patch 2
VARIANT_ID=3026
TIME=448
VALIDATION=|true|0|7|[]|
GENERATION=1513
FOLDER_SOLUTION_CODE=/users2/cpca56132020/moliveira/folders/Figra_0_QUIXBUGS_HANOI/Figra_QuixBugs_HANOI_/./output_astor/AstorMain-HANOI-//src//variant-3026
--Patch Hunk #1
OPERATOR=ExpressionReplaceOperator

LOCATION=java_programs.HANOI

PATH=/users2/cpca56132020/moliveira/folders/Figra_0_QUIXBUGS_HANOI/Figra_QuixBugs_HANOI_/src/main/java/HANOI.java

MODIFIED_FILE_PATH=/users2/cpca56132020/moliveira/folders/Figra_0_QUIXBUGS_HANOI/Figra_QuixBugs_HANOI_/./output_astor/AstorMain-HANOI-//src//variant-3026/java_programs/HANOI.java

LINE=27

SUSPICIOUNESS=1

MP_RANKING=43

ORIGINAL_CODE=helper

BUGGY_CODE_TYPE=CtVariableReadImpl|CtConstructorCallImpl

PATCH_HUNK_CODE=end / 1

PATCH_HUNK_TYPE=CtBinaryOperatorImpl|CtConstructorCallImpl

INGREDIENT_SCOPE=-

INGREDIENT_PARENT=_int_0 / 1

PATCH_DIFF_ORIG=--- /users2/cpca56132020/moliveira/folders/Figra_0_QUIXBUGS_HANOI/Figra_QuixBugs_HANOI_/src/main/java/HANOIjava
+++ /users2/cpca56132020/moliveira/folders/Figra_0_QUIXBUGS_HANOI/Figra_QuixBugs_HANOI_/src/main/java/HANOIjava
@@ -27 +27 @@
-			steps.add(new java_programs.HANOI.Pair<java.lang.Integer, java.lang.Integer>(start, helper));
+			steps.add(new java_programs.HANOI.Pair<java.lang.Integer, java.lang.Integer>(start, end / 1));



Patch 3
VARIANT_ID=4532
TIME=683
VALIDATION=|true|0|7|[]|
GENERATION=2266
FOLDER_SOLUTION_CODE=/users2/cpca56132020/moliveira/folders/Figra_0_QUIXBUGS_HANOI/Figra_QuixBugs_HANOI_/./output_astor/AstorMain-HANOI-//src//variant-4532
--Patch Hunk #1
OPERATOR=ExpressionReplaceOperator

LOCATION=java_programs.HANOI

PATH=/users2/cpca56132020/moliveira/folders/Figra_0_QUIXBUGS_HANOI/Figra_QuixBugs_HANOI_/src/main/java/HANOI.java

MODIFIED_FILE_PATH=/users2/cpca56132020/moliveira/folders/Figra_0_QUIXBUGS_HANOI/Figra_QuixBugs_HANOI_/./output_astor/AstorMain-HANOI-//src//variant-4532/java_programs/HANOI.java

LINE=27

SUSPICIOUNESS=1

MP_RANKING=43

ORIGINAL_CODE=helper

BUGGY_CODE_TYPE=CtVariableReadImpl|CtConstructorCallImpl

PATCH_HUNK_CODE=end

PATCH_HUNK_TYPE=CtVariableReadImpl|CtInvocationImpl

INGREDIENT_SCOPE=-

INGREDIENT_PARENT=end

PATCH_DIFF_ORIG=--- /users2/cpca56132020/moliveira/folders/Figra_0_QUIXBUGS_HANOI/Figra_QuixBugs_HANOI_/src/main/java/HANOIjava
+++ /users2/cpca56132020/moliveira/folders/Figra_0_QUIXBUGS_HANOI/Figra_QuixBugs_HANOI_/src/main/java/HANOIjava
@@ -27 +27 @@
-			steps.add(new java_programs.HANOI.Pair<java.lang.Integer, java.lang.Integer>(start, helper));
+			steps.add(new java_programs.HANOI.Pair<java.lang.Integer, java.lang.Integer>(start, end));



Patch 4
VARIANT_ID=7808
TIME=1200
VALIDATION=|true|0|7|[]|
GENERATION=3904
FOLDER_SOLUTION_CODE=/users2/cpca56132020/moliveira/folders/Figra_0_QUIXBUGS_HANOI/Figra_QuixBugs_HANOI_/./output_astor/AstorMain-HANOI-//src//variant-7808
--Patch Hunk #1
OPERATOR=ExpressionReplaceOperator

LOCATION=java_programs.HANOI

PATH=/users2/cpca56132020/moliveira/folders/Figra_0_QUIXBUGS_HANOI/Figra_QuixBugs_HANOI_/src/main/java/HANOI.java

MODIFIED_FILE_PATH=/users2/cpca56132020/moliveira/folders/Figra_0_QUIXBUGS_HANOI/Figra_QuixBugs_HANOI_/./output_astor/AstorMain-HANOI-//src//variant-7808/java_programs/HANOI.java

LINE=27

SUSPICIOUNESS=1

MP_RANKING=43

ORIGINAL_CODE=helper

BUGGY_CODE_TYPE=CtVariableReadImpl|CtConstructorCallImpl

PATCH_HUNK_CODE=end * 1

PATCH_HUNK_TYPE=CtBinaryOperatorImpl|CtConstructorCallImpl

INGREDIENT_SCOPE=-

INGREDIENT_PARENT=_int_0 * 1

PATCH_DIFF_ORIG=--- /users2/cpca56132020/moliveira/folders/Figra_0_QUIXBUGS_HANOI/Figra_QuixBugs_HANOI_/src/main/java/HANOIjava
+++ /users2/cpca56132020/moliveira/folders/Figra_0_QUIXBUGS_HANOI/Figra_QuixBugs_HANOI_/src/main/java/HANOIjava
@@ -27 +27 @@
-			steps.add(new java_programs.HANOI.Pair<java.lang.Integer, java.lang.Integer>(start, helper));
+			steps.add(new java_programs.HANOI.Pair<java.lang.Integer, java.lang.Integer>(start, end * 1));



Patch 5
VARIANT_ID=8152
TIME=1261
VALIDATION=|true|0|7|[]|
GENERATION=4076
FOLDER_SOLUTION_CODE=/users2/cpca56132020/moliveira/folders/Figra_0_QUIXBUGS_HANOI/Figra_QuixBugs_HANOI_/./output_astor/AstorMain-HANOI-//src//variant-8152
--Patch Hunk #1
OPERATOR=ExpressionReplaceOperator

LOCATION=java_programs.HANOI

PATH=/users2/cpca56132020/moliveira/folders/Figra_0_QUIXBUGS_HANOI/Figra_QuixBugs_HANOI_/src/main/java/HANOI.java

MODIFIED_FILE_PATH=/users2/cpca56132020/moliveira/folders/Figra_0_QUIXBUGS_HANOI/Figra_QuixBugs_HANOI_/./output_astor/AstorMain-HANOI-//src//variant-8152/java_programs/HANOI.java

LINE=27

SUSPICIOUNESS=1

MP_RANKING=43

ORIGINAL_CODE=helper

BUGGY_CODE_TYPE=CtVariableReadImpl|CtConstructorCallImpl

PATCH_HUNK_CODE=end & end

PATCH_HUNK_TYPE=CtBinaryOperatorImpl|CtConstructorCallImpl

INGREDIENT_SCOPE=-

INGREDIENT_PARENT=(_int_0 & _int_1)

PATCH_DIFF_ORIG=--- /users2/cpca56132020/moliveira/folders/Figra_0_QUIXBUGS_HANOI/Figra_QuixBugs_HANOI_/src/main/java/HANOIjava
+++ /users2/cpca56132020/moliveira/folders/Figra_0_QUIXBUGS_HANOI/Figra_QuixBugs_HANOI_/src/main/java/HANOIjava
@@ -27 +27 @@
-			steps.add(new java_programs.HANOI.Pair<java.lang.Integer, java.lang.Integer>(start, helper));
+			steps.add(new java_programs.HANOI.Pair<java.lang.Integer, java.lang.Integer>(start, end & end));



Patch 6
VARIANT_ID=8622
TIME=1350
VALIDATION=|true|0|7|[]|
GENERATION=4311
FOLDER_SOLUTION_CODE=/users2/cpca56132020/moliveira/folders/Figra_0_QUIXBUGS_HANOI/Figra_QuixBugs_HANOI_/./output_astor/AstorMain-HANOI-//src//variant-8622
--Patch Hunk #1
OPERATOR=ExpressionReplaceOperator

LOCATION=java_programs.HANOI

PATH=/users2/cpca56132020/moliveira/folders/Figra_0_QUIXBUGS_HANOI/Figra_QuixBugs_HANOI_/src/main/java/HANOI.java

MODIFIED_FILE_PATH=/users2/cpca56132020/moliveira/folders/Figra_0_QUIXBUGS_HANOI/Figra_QuixBugs_HANOI_/./output_astor/AstorMain-HANOI-//src//variant-8622/java_programs/HANOI.java

LINE=27

SUSPICIOUNESS=1

MP_RANKING=45

ORIGINAL_CODE=steps.add(new java_programs.HANOI.Pair<java.lang.Integer, java.lang.Integer>(start, helper))

BUGGY_CODE_TYPE=CtInvocationImpl|CtBlockImpl

PATCH_HUNK_CODE=steps.add(new java_programs.HANOI.Pair<java.lang.Integer, java.lang.Integer>(start, end))

PATCH_HUNK_TYPE=CtInvocationImpl|CtBlockImpl

INGREDIENT_SCOPE=-

INGREDIENT_PARENT=_ArrayList_0.add(new java_programs.HANOI.Pair<java.lang.Integer, java.lang.Integer>(_int_1, _int_2))

PATCH_DIFF_ORIG=--- /users2/cpca56132020/moliveira/folders/Figra_0_QUIXBUGS_HANOI/Figra_QuixBugs_HANOI_/src/main/java/HANOIjava
+++ /users2/cpca56132020/moliveira/folders/Figra_0_QUIXBUGS_HANOI/Figra_QuixBugs_HANOI_/src/main/java/HANOIjava
@@ -27 +27 @@
-			steps.add(new java_programs.HANOI.Pair<java.lang.Integer, java.lang.Integer>(start, helper));
+			steps.add(new java_programs.HANOI.Pair<java.lang.Integer, java.lang.Integer>(start, end));



Patch 7
VARIANT_ID=9908
TIME=1581
VALIDATION=|true|0|7|[]|
GENERATION=4954
FOLDER_SOLUTION_CODE=/users2/cpca56132020/moliveira/folders/Figra_0_QUIXBUGS_HANOI/Figra_QuixBugs_HANOI_/./output_astor/AstorMain-HANOI-//src//variant-9908
--Patch Hunk #1
OPERATOR=ExpressionReplaceOperator

LOCATION=java_programs.HANOI

PATH=/users2/cpca56132020/moliveira/folders/Figra_0_QUIXBUGS_HANOI/Figra_QuixBugs_HANOI_/src/main/java/HANOI.java

MODIFIED_FILE_PATH=/users2/cpca56132020/moliveira/folders/Figra_0_QUIXBUGS_HANOI/Figra_QuixBugs_HANOI_/./output_astor/AstorMain-HANOI-//src//variant-9908/java_programs/HANOI.java

LINE=27

SUSPICIOUNESS=1

MP_RANKING=43

ORIGINAL_CODE=helper

BUGGY_CODE_TYPE=CtVariableReadImpl|CtConstructorCallImpl

PATCH_HUNK_CODE=end | end

PATCH_HUNK_TYPE=CtBinaryOperatorImpl|CtConstructorCallImpl

INGREDIENT_SCOPE=-

INGREDIENT_PARENT=(_int_0 | _int_1)

PATCH_DIFF_ORIG=--- /users2/cpca56132020/moliveira/folders/Figra_0_QUIXBUGS_HANOI/Figra_QuixBugs_HANOI_/src/main/java/HANOIjava
+++ /users2/cpca56132020/moliveira/folders/Figra_0_QUIXBUGS_HANOI/Figra_QuixBugs_HANOI_/src/main/java/HANOIjava
@@ -27 +27 @@
-			steps.add(new java_programs.HANOI.Pair<java.lang.Integer, java.lang.Integer>(start, helper));
+			steps.add(new java_programs.HANOI.Pair<java.lang.Integer, java.lang.Integer>(start, end | end));




real	120m10.932s
user	115m59.130s
sys	3m0.100s
\n\nNode: hpc060.ncg.ingrid.pt\n
\n\nDate: Wed Apr  7 13:53:03 EDT 2021\n
