cd /users2/cpca56132020/moliveira/folders/Figra_5_QUIXBUGS_HANOI/Figra_QuixBugs_HANOI_;
export JAVA_TOOL_OPTIONS="-Dfile.encoding=UTF8 -Duser.language=en-US -Duser.country=US -Duser.language=en";
TZ="America/New_York"; export TZ;
export PATH="/usr/lib/jvm/java-1.8.0-openjdk/bin:$PATH";
export JAVA_HOME="/usr/lib/jvm/java-1.8.0-openjdk/bin";
time java -Xmx4g -Xms1g -cp /users2/cpca56132020/moliveira/RepairThemAll/script/../libs/jtestex7.jar:/users2/cpca56132020/moliveira/RepairThemAll/script/../repair_tools/astor.jar fr.inria.main.evolution.AstorMain \
	-mode figra \
	-location . \
	-id HANOI- \
	-failing java_testcases.junit.HANOI_Test \
	-jvm4testexecution /usr/lib/jvm/java-1.8.0-openjdk/bin \
	-jvm4evosuitetestexecution /usr/lib/jvm/java-1.8.0-openjdk/bin \
	-maxgen 1000000 \
	-maxtime 120 \
	-stopfirst false \
	-seed 5 \
	-scope package \
	-population 1 \
	-javacompliancelevel 8 \
	-srcjavafolder src/main/java \
	-srctestfolder src/test/java \
	-binjavafolder target/classes \
	-bintestfolder target/test-classes \
	-parameters x:x:maxCombinationVariableLimit:true:maxVarCombination:1000 \
	-dependencies /users2/cpca56132020/moliveira/.m2/repository/junit/junit/4.11/junit-4.11.jar:/users2/cpca56132020/moliveira/.m2/repository/org/hamcrest/hamcrest-core/1.3/hamcrest-core-1.3.jar;
	echo "\n\nNode: `hostname`\n";
	echo "\n\nDate: `date`\n";
Picked up JAVA_TOOL_OPTIONS: -Dfile.encoding=UTF8 -Duser.language=en-US -Duser.country=US -Duser.language=en
11:53:06.973 [main] ERROR fr.inria.astor.approaches.figra.ExpressionReplaceOperator - Replacement does not work for  modify crap_set to crap_set
11:53:07.414 [main] ERROR fr.inria.astor.approaches.figra.ExpressionReplaceOperator - Replacement does not work for  modify steps to steps
11:53:07.716 [main] ERROR fr.inria.astor.approaches.figra.ExpressionReplaceOperator - Replacement does not work for  modify steps to steps
11:53:09.157 [main] ERROR fr.inria.astor.approaches.figra.ExpressionReplaceOperator - Replacement does not work for  modify crap_set.add(3) to crap_set.add(3)
11:53:09.833 [main] ERROR fr.inria.astor.approaches.figra.ExpressionReplaceOperator - Replacement does not work for  modify steps to steps
11:53:10.164 [main] ERROR fr.inria.astor.approaches.figra.ExpressionReplaceOperator - Replacement does not work for  modify second to second
11:53:13.501 [main] ERROR fr.inria.astor.approaches.figra.ExpressionReplaceOperator - Replacement does not work for  modify crap_set to crap_set
11:53:14.254 [main] ERROR fr.inria.astor.approaches.figra.ExpressionReplaceOperator - Replacement does not work for  modify first to first
11:53:18.040 [main] ERROR fr.inria.astor.approaches.figra.ExpressionReplaceOperator - Replacement does not work for  modify java.lang.String.valueOf(first) to java.lang.String.valueOf(first)
11:53:19.339 [main] ERROR fr.inria.astor.approaches.figra.ExpressionReplaceOperator - Replacement does not work for  modify new java.util.PriorityQueue<java.lang.Integer>() to new java.util.PriorityQueue<java.lang.Integer>()
11:53:20.132 [main] ERROR fr.inria.astor.approaches.figra.ExpressionReplaceOperator - Replacement does not work for  modify new java_programs.HANOI.Pair<java.lang.Integer, java.lang.Integer>(start, helper) to new java_programs.HANOI.Pair<java.lang.Integer, java.lang.Integer>(start, helper)
11:53:20.683 [main] ERROR fr.inria.astor.approaches.figra.ExpressionReplaceOperator - Replacement does not work for  modify crap_set to crap_set
11:53:21.782 [main] ERROR fr.inria.astor.approaches.figra.ExpressionReplaceOperator - Replacement does not work for  modify crap_set to crap_set
11:53:22.709 [main] ERROR fr.inria.astor.approaches.figra.ExpressionReplaceOperator - Replacement does not work for  modify crap_set.poll() to crap_set.poll()
11:53:31.881 [main] ERROR fr.inria.astor.approaches.figra.ExpressionReplaceOperator - Replacement does not work for  modify new java.util.ArrayList<java_programs.HANOI.Pair<java.lang.Integer, java.lang.Integer>>() to new java.util.ArrayList<java_programs.HANOI.Pair<java.lang.Integer, java.lang.Integer>>()
11:53:33.120 [main] ERROR fr.inria.astor.approaches.figra.ExpressionReplaceOperator - Replacement does not work for  modify crap_set.add(2) to crap_set.add(2)
11:53:37.131 [main] ERROR fr.inria.astor.approaches.figra.ExpressionReplaceOperator - Replacement does not work for  modify crap_set to crap_set
11:53:39.319 [main] ERROR fr.inria.astor.approaches.figra.ExpressionReplaceOperator - Replacement does not work for  modify steps to steps
11:53:39.613 [main] ERROR fr.inria.astor.approaches.figra.ExpressionReplaceOperator - Replacement does not work for  modify start to start
11:53:41.020 [main] ERROR fr.inria.astor.approaches.figra.ExpressionReplaceOperator - Replacement does not work for  modify ((("(" + java.lang.String.valueOf(first)) + ", ") + java.lang.String.valueOf(second)) + ")" to ((("(" + java.lang.String.valueOf(first)) + ", ") + java.lang.String.valueOf(second)) + ")"
11:53:42.493 [main] ERROR fr.inria.astor.approaches.figra.ExpressionReplaceOperator - Replacement does not work for  modify 1 to 1
11:53:43.495 [main] ERROR fr.inria.astor.approaches.figra.ExpressionReplaceOperator - Replacement does not work for  modify ("(" + java.lang.String.valueOf(first)) to ("(" + java.lang.String.valueOf(first))
11:53:47.335 [main] ERROR fr.inria.astor.approaches.figra.ExpressionReplaceOperator - Replacement does not work for  modify java_programs.HANOI.hanoi(height - 1, start, helper) to java_programs.HANOI.hanoi(height - 1, start, helper)
11:53:48.498 [main] ERROR fr.inria.astor.approaches.figra.ExpressionReplaceOperator - Replacement does not work for  modify crap_set to crap_set
11:54:00.843 [main] ERROR fr.inria.astor.approaches.figra.ExpressionReplaceOperator - Replacement does not work for  modify height to height
11:54:13.198 [main] ERROR fr.inria.astor.approaches.figra.ExpressionReplaceOperator - Replacement does not work for  modify ", " to ", "
11:54:16.306 [main] ERROR fr.inria.astor.approaches.figra.ExpressionReplaceOperator - Replacement does not work for  modify 1 to 1
11:54:20.041 [main] ERROR fr.inria.astor.approaches.figra.ExpressionReplaceOperator - Replacement does not work for  modify "(" to "("
11:54:21.482 [main] ERROR fr.inria.astor.approaches.figra.ExpressionReplaceOperator - Replacement does not work for  modify (("(" + java.lang.String.valueOf(first)) + ", ") to (("(" + java.lang.String.valueOf(first)) + ", ")
11:54:31.911 [main] ERROR fr.inria.astor.approaches.figra.ExpressionReplaceOperator - Replacement does not work for  modify ((("(" + java.lang.String.valueOf(first)) + ", ") + java.lang.String.valueOf(second)) to ((("(" + java.lang.String.valueOf(first)) + ", ") + java.lang.String.valueOf(second))
11:54:32.989 [main] ERROR fr.inria.astor.approaches.figra.ExpressionReplaceOperator - Replacement does not work for  modify end to end
11:54:35.816 [main] ERROR fr.inria.astor.approaches.figra.ExpressionReplaceOperator - Replacement does not work for  modify java.lang.String.valueOf(second) to java.lang.String.valueOf(second)
11:54:52.002 [main] ERROR fr.inria.astor.approaches.figra.ExpressionReplaceOperator - Replacement does not work for  modify ((("(" + java.lang.String.valueOf(first)) + ", ") + java.lang.String.valueOf(second)) + ")" to ((("(" + java.lang.String.valueOf(first)) + ", ") + java.lang.String.valueOf(second)) + ")"
11:54:56.331 [main] ERROR fr.inria.astor.approaches.figra.ExpressionReplaceOperator - Replacement does not work for  modify 3 to 3
11:55:00.264 [main] ERROR fr.inria.astor.approaches.figra.ExpressionReplaceOperator - Replacement does not work for  modify crap_set.add(1) to crap_set.add(1)
11:55:03.166 [main] ERROR fr.inria.astor.approaches.figra.ExpressionReplaceOperator - Replacement does not work for  modify crap_set.remove(end) to crap_set.remove(end)
11:55:03.443 [main] ERROR fr.inria.astor.approaches.figra.ExpressionReplaceOperator - Replacement does not work for  modify 1 to 1
11:55:06.676 [main] ERROR fr.inria.astor.approaches.figra.ExpressionReplaceOperator - Replacement does not work for  modify ")" to ")"
11:55:17.137 [main] ERROR fr.inria.astor.approaches.figra.ExpressionReplaceOperator - Replacement does not work for  modify start to start
11:55:23.197 [main] ERROR fr.inria.astor.approaches.figra.ExpressionReplaceOperator - Replacement does not work for  modify height to height
11:55:33.212 [main] ERROR fr.inria.astor.approaches.figra.ExpressionReplaceOperator - Replacement does not work for  modify end to end
11:55:48.104 [main] ERROR fr.inria.astor.approaches.figra.ExpressionReplaceOperator - Replacement does not work for  modify helper to helper
11:55:54.100 [main] ERROR fr.inria.astor.approaches.figra.ExpressionReplaceOperator - Replacement does not work for  modify steps.add(new java_programs.HANOI.Pair<java.lang.Integer, java.lang.Integer>(start, helper)) to steps.add(new java_programs.HANOI.Pair<java.lang.Integer, java.lang.Integer>(start, helper))
11:56:20.629 [main] ERROR fr.inria.astor.approaches.figra.ExpressionReplaceOperator - Replacement does not work for  modify helper to helper
11:56:23.331 [main] ERROR fr.inria.astor.approaches.figra.ExpressionReplaceOperator - Replacement does not work for  modify java_programs.HANOI.hanoi(height - 1, helper, end) to java_programs.HANOI.hanoi(height - 1, helper, end)
11:56:33.900 [main] ERROR fr.inria.astor.approaches.figra.ExpressionReplaceOperator - Replacement does not work for  modify 0 to 0
11:56:52.974 [main] ERROR fr.inria.astor.approaches.figra.ExpressionReplaceOperator - Replacement does not work for  modify height - 1 to height - 1
11:57:46.095 [main] ERROR fr.inria.astor.approaches.figra.ExpressionReplaceOperator - Replacement does not work for  modify height > 0 to height > 0
11:58:32.753 [main] ERROR fr.inria.astor.approaches.figra.ExpressionReplaceOperator - Replacement does not work for  modify start to start
11:59:30.061 [main] ERROR fr.inria.astor.approaches.figra.ExpressionReplaceOperator - Replacement does not work for  modify steps.addAll(java_programs.HANOI.hanoi(height - 1, helper, end)) to steps.addAll(java_programs.HANOI.hanoi(height - 1, helper, end))
12:00:24.888 [main] ERROR fr.inria.astor.approaches.figra.ExpressionReplaceOperator - Replacement does not work for  modify height to height
12:00:56.861 [main] ERROR fr.inria.astor.approaches.figra.ExpressionReplaceOperator - Replacement does not work for  modify steps.addAll(java_programs.HANOI.hanoi(height - 1, start, helper)) to steps.addAll(java_programs.HANOI.hanoi(height - 1, start, helper))
12:00:57.221 [main] ERROR fr.inria.astor.approaches.figra.ExpressionReplaceOperator - Replacement does not work for  modify crap_set.remove(start) to crap_set.remove(start)
12:01:32.921 [main] ERROR fr.inria.astor.approaches.figra.ExpressionReplaceOperator - Replacement does not work for  modify helper to helper
12:01:51.682 [main] ERROR fr.inria.astor.approaches.figra.ExpressionReplaceOperator - Replacement does not work for  modify 2 to 2
12:05:10.776 [main] ERROR fr.inria.astor.approaches.figra.ExpressionReplaceOperator - Replacement does not work for  modify height - 1 to height - 1
12:06:30.092 [main] ERROR fr.inria.astor.approaches.figra.ExpressionReplaceOperator - Replacement does not work for  modify height - 1 to height - 1
12:08:44.071 [main] ERROR fr.inria.astor.approaches.figra.ExpressionReplaceOperator - Replacement does not work for  modify height - 1 to height - 1
Astor Output:

General stats:
EXECUTION_IDENTIFIER=HANOI-
TOTAL_TIME=7200.847
NR_GENERATIONS=5562
NR_RIGHT_COMPILATIONS=5062
NR_FAILLING_COMPILATIONS=500
NR_ERRONEOUS_VARIANCES=null
NR_FAILING_VALIDATION_PROCESS=null
OUTPUT_STATUS=TIME_OUT

Patch stats:

Patch 1
VARIANT_ID=976
TIME=144
VALIDATION=|true|0|7|[]|
GENERATION=488
FOLDER_SOLUTION_CODE=/users2/cpca56132020/moliveira/folders/Figra_5_QUIXBUGS_HANOI/Figra_QuixBugs_HANOI_/./output_astor/AstorMain-HANOI-//src//variant-976
--Patch Hunk #1
OPERATOR=ExpressionReplaceOperator

LOCATION=java_programs.HANOI

PATH=/users2/cpca56132020/moliveira/folders/Figra_5_QUIXBUGS_HANOI/Figra_QuixBugs_HANOI_/src/main/java/HANOI.java

MODIFIED_FILE_PATH=/users2/cpca56132020/moliveira/folders/Figra_5_QUIXBUGS_HANOI/Figra_QuixBugs_HANOI_/./output_astor/AstorMain-HANOI-//src//variant-976/java_programs/HANOI.java

LINE=27

SUSPICIOUNESS=1

MP_RANKING=44

ORIGINAL_CODE=new java_programs.HANOI.Pair<java.lang.Integer, java.lang.Integer>(start, helper)

BUGGY_CODE_TYPE=CtConstructorCallImpl|CtInvocationImpl

PATCH_HUNK_CODE=new java_programs.HANOI.Pair<java.lang.Integer, java.lang.Integer>(start, end)

PATCH_HUNK_TYPE=CtConstructorCallImpl|CtInvocationImpl

INGREDIENT_SCOPE=-

INGREDIENT_PARENT=new java_programs.HANOI.Pair<java.lang.Integer, java.lang.Integer>(_int_0, _int_1)

PATCH_DIFF_ORIG=--- /users2/cpca56132020/moliveira/folders/Figra_5_QUIXBUGS_HANOI/Figra_QuixBugs_HANOI_/src/main/java/HANOIjava
+++ /users2/cpca56132020/moliveira/folders/Figra_5_QUIXBUGS_HANOI/Figra_QuixBugs_HANOI_/src/main/java/HANOIjava
@@ -27 +27 @@
-			steps.add(new java_programs.HANOI.Pair<java.lang.Integer, java.lang.Integer>(start, helper));
+			steps.add(new java_programs.HANOI.Pair<java.lang.Integer, java.lang.Integer>(start, end));



Patch 2
VARIANT_ID=2782
TIME=421
VALIDATION=|true|0|7|[]|
GENERATION=1391
FOLDER_SOLUTION_CODE=/users2/cpca56132020/moliveira/folders/Figra_5_QUIXBUGS_HANOI/Figra_QuixBugs_HANOI_/./output_astor/AstorMain-HANOI-//src//variant-2782
--Patch Hunk #1
OPERATOR=ExpressionReplaceOperator

LOCATION=java_programs.HANOI

PATH=/users2/cpca56132020/moliveira/folders/Figra_5_QUIXBUGS_HANOI/Figra_QuixBugs_HANOI_/src/main/java/HANOI.java

MODIFIED_FILE_PATH=/users2/cpca56132020/moliveira/folders/Figra_5_QUIXBUGS_HANOI/Figra_QuixBugs_HANOI_/./output_astor/AstorMain-HANOI-//src//variant-2782/java_programs/HANOI.java

LINE=27

SUSPICIOUNESS=1

MP_RANKING=43

ORIGINAL_CODE=helper

BUGGY_CODE_TYPE=CtVariableReadImpl|CtConstructorCallImpl

PATCH_HUNK_CODE=end

PATCH_HUNK_TYPE=CtVariableReadImpl|CtInvocationImpl

INGREDIENT_SCOPE=-

INGREDIENT_PARENT=end

PATCH_DIFF_ORIG=--- /users2/cpca56132020/moliveira/folders/Figra_5_QUIXBUGS_HANOI/Figra_QuixBugs_HANOI_/src/main/java/HANOIjava
+++ /users2/cpca56132020/moliveira/folders/Figra_5_QUIXBUGS_HANOI/Figra_QuixBugs_HANOI_/src/main/java/HANOIjava
@@ -27 +27 @@
-			steps.add(new java_programs.HANOI.Pair<java.lang.Integer, java.lang.Integer>(start, helper));
+			steps.add(new java_programs.HANOI.Pair<java.lang.Integer, java.lang.Integer>(start, end));



Patch 3
VARIANT_ID=3976
TIME=623
VALIDATION=|true|0|7|[]|
GENERATION=1988
FOLDER_SOLUTION_CODE=/users2/cpca56132020/moliveira/folders/Figra_5_QUIXBUGS_HANOI/Figra_QuixBugs_HANOI_/./output_astor/AstorMain-HANOI-//src//variant-3976
--Patch Hunk #1
OPERATOR=ExpressionReplaceOperator

LOCATION=java_programs.HANOI

PATH=/users2/cpca56132020/moliveira/folders/Figra_5_QUIXBUGS_HANOI/Figra_QuixBugs_HANOI_/src/main/java/HANOI.java

MODIFIED_FILE_PATH=/users2/cpca56132020/moliveira/folders/Figra_5_QUIXBUGS_HANOI/Figra_QuixBugs_HANOI_/./output_astor/AstorMain-HANOI-//src//variant-3976/java_programs/HANOI.java

LINE=27

SUSPICIOUNESS=1

MP_RANKING=43

ORIGINAL_CODE=helper

BUGGY_CODE_TYPE=CtVariableReadImpl|CtConstructorCallImpl

PATCH_HUNK_CODE=end * 1

PATCH_HUNK_TYPE=CtBinaryOperatorImpl|CtConstructorCallImpl

INGREDIENT_SCOPE=-

INGREDIENT_PARENT=_int_0 * 1

PATCH_DIFF_ORIG=--- /users2/cpca56132020/moliveira/folders/Figra_5_QUIXBUGS_HANOI/Figra_QuixBugs_HANOI_/src/main/java/HANOIjava
+++ /users2/cpca56132020/moliveira/folders/Figra_5_QUIXBUGS_HANOI/Figra_QuixBugs_HANOI_/src/main/java/HANOIjava
@@ -27 +27 @@
-			steps.add(new java_programs.HANOI.Pair<java.lang.Integer, java.lang.Integer>(start, helper));
+			steps.add(new java_programs.HANOI.Pair<java.lang.Integer, java.lang.Integer>(start, end * 1));



Patch 4
VARIANT_ID=7270
TIME=1159
VALIDATION=|true|0|7|[]|
GENERATION=3635
FOLDER_SOLUTION_CODE=/users2/cpca56132020/moliveira/folders/Figra_5_QUIXBUGS_HANOI/Figra_QuixBugs_HANOI_/./output_astor/AstorMain-HANOI-//src//variant-7270
--Patch Hunk #1
OPERATOR=ExpressionReplaceOperator

LOCATION=java_programs.HANOI

PATH=/users2/cpca56132020/moliveira/folders/Figra_5_QUIXBUGS_HANOI/Figra_QuixBugs_HANOI_/src/main/java/HANOI.java

MODIFIED_FILE_PATH=/users2/cpca56132020/moliveira/folders/Figra_5_QUIXBUGS_HANOI/Figra_QuixBugs_HANOI_/./output_astor/AstorMain-HANOI-//src//variant-7270/java_programs/HANOI.java

LINE=27

SUSPICIOUNESS=1

MP_RANKING=43

ORIGINAL_CODE=helper

BUGGY_CODE_TYPE=CtVariableReadImpl|CtConstructorCallImpl

PATCH_HUNK_CODE=end / 1

PATCH_HUNK_TYPE=CtBinaryOperatorImpl|CtConstructorCallImpl

INGREDIENT_SCOPE=-

INGREDIENT_PARENT=_int_0 / 1

PATCH_DIFF_ORIG=--- /users2/cpca56132020/moliveira/folders/Figra_5_QUIXBUGS_HANOI/Figra_QuixBugs_HANOI_/src/main/java/HANOIjava
+++ /users2/cpca56132020/moliveira/folders/Figra_5_QUIXBUGS_HANOI/Figra_QuixBugs_HANOI_/src/main/java/HANOIjava
@@ -27 +27 @@
-			steps.add(new java_programs.HANOI.Pair<java.lang.Integer, java.lang.Integer>(start, helper));
+			steps.add(new java_programs.HANOI.Pair<java.lang.Integer, java.lang.Integer>(start, end / 1));



Patch 5
VARIANT_ID=7542
TIME=1203
VALIDATION=|true|0|7|[]|
GENERATION=3771
FOLDER_SOLUTION_CODE=/users2/cpca56132020/moliveira/folders/Figra_5_QUIXBUGS_HANOI/Figra_QuixBugs_HANOI_/./output_astor/AstorMain-HANOI-//src//variant-7542
--Patch Hunk #1
OPERATOR=ExpressionReplaceOperator

LOCATION=java_programs.HANOI

PATH=/users2/cpca56132020/moliveira/folders/Figra_5_QUIXBUGS_HANOI/Figra_QuixBugs_HANOI_/src/main/java/HANOI.java

MODIFIED_FILE_PATH=/users2/cpca56132020/moliveira/folders/Figra_5_QUIXBUGS_HANOI/Figra_QuixBugs_HANOI_/./output_astor/AstorMain-HANOI-//src//variant-7542/java_programs/HANOI.java

LINE=27

SUSPICIOUNESS=1

MP_RANKING=43

ORIGINAL_CODE=helper

BUGGY_CODE_TYPE=CtVariableReadImpl|CtConstructorCallImpl

PATCH_HUNK_CODE=end & end

PATCH_HUNK_TYPE=CtBinaryOperatorImpl|CtConstructorCallImpl

INGREDIENT_SCOPE=-

INGREDIENT_PARENT=(_int_0 & _int_1)

PATCH_DIFF_ORIG=--- /users2/cpca56132020/moliveira/folders/Figra_5_QUIXBUGS_HANOI/Figra_QuixBugs_HANOI_/src/main/java/HANOIjava
+++ /users2/cpca56132020/moliveira/folders/Figra_5_QUIXBUGS_HANOI/Figra_QuixBugs_HANOI_/src/main/java/HANOIjava
@@ -27 +27 @@
-			steps.add(new java_programs.HANOI.Pair<java.lang.Integer, java.lang.Integer>(start, helper));
+			steps.add(new java_programs.HANOI.Pair<java.lang.Integer, java.lang.Integer>(start, end & end));



Patch 6
VARIANT_ID=7932
TIME=1271
VALIDATION=|true|0|7|[]|
GENERATION=3966
FOLDER_SOLUTION_CODE=/users2/cpca56132020/moliveira/folders/Figra_5_QUIXBUGS_HANOI/Figra_QuixBugs_HANOI_/./output_astor/AstorMain-HANOI-//src//variant-7932
--Patch Hunk #1
OPERATOR=ExpressionReplaceOperator

LOCATION=java_programs.HANOI

PATH=/users2/cpca56132020/moliveira/folders/Figra_5_QUIXBUGS_HANOI/Figra_QuixBugs_HANOI_/src/main/java/HANOI.java

MODIFIED_FILE_PATH=/users2/cpca56132020/moliveira/folders/Figra_5_QUIXBUGS_HANOI/Figra_QuixBugs_HANOI_/./output_astor/AstorMain-HANOI-//src//variant-7932/java_programs/HANOI.java

LINE=27

SUSPICIOUNESS=1

MP_RANKING=43

ORIGINAL_CODE=helper

BUGGY_CODE_TYPE=CtVariableReadImpl|CtConstructorCallImpl

PATCH_HUNK_CODE=end | end

PATCH_HUNK_TYPE=CtBinaryOperatorImpl|CtConstructorCallImpl

INGREDIENT_SCOPE=-

INGREDIENT_PARENT=(_int_0 | _int_1)

PATCH_DIFF_ORIG=--- /users2/cpca56132020/moliveira/folders/Figra_5_QUIXBUGS_HANOI/Figra_QuixBugs_HANOI_/src/main/java/HANOIjava
+++ /users2/cpca56132020/moliveira/folders/Figra_5_QUIXBUGS_HANOI/Figra_QuixBugs_HANOI_/src/main/java/HANOIjava
@@ -27 +27 @@
-			steps.add(new java_programs.HANOI.Pair<java.lang.Integer, java.lang.Integer>(start, helper));
+			steps.add(new java_programs.HANOI.Pair<java.lang.Integer, java.lang.Integer>(start, end | end));



Patch 7
VARIANT_ID=9526
TIME=1568
VALIDATION=|true|0|7|[]|
GENERATION=4763
FOLDER_SOLUTION_CODE=/users2/cpca56132020/moliveira/folders/Figra_5_QUIXBUGS_HANOI/Figra_QuixBugs_HANOI_/./output_astor/AstorMain-HANOI-//src//variant-9526
--Patch Hunk #1
OPERATOR=ExpressionReplaceOperator

LOCATION=java_programs.HANOI

PATH=/users2/cpca56132020/moliveira/folders/Figra_5_QUIXBUGS_HANOI/Figra_QuixBugs_HANOI_/src/main/java/HANOI.java

MODIFIED_FILE_PATH=/users2/cpca56132020/moliveira/folders/Figra_5_QUIXBUGS_HANOI/Figra_QuixBugs_HANOI_/./output_astor/AstorMain-HANOI-//src//variant-9526/java_programs/HANOI.java

LINE=27

SUSPICIOUNESS=1

MP_RANKING=45

ORIGINAL_CODE=steps.add(new java_programs.HANOI.Pair<java.lang.Integer, java.lang.Integer>(start, helper))

BUGGY_CODE_TYPE=CtInvocationImpl|CtBlockImpl

PATCH_HUNK_CODE=steps.add(new java_programs.HANOI.Pair<java.lang.Integer, java.lang.Integer>(start, end))

PATCH_HUNK_TYPE=CtInvocationImpl|CtBlockImpl

INGREDIENT_SCOPE=-

INGREDIENT_PARENT=_ArrayList_0.add(new java_programs.HANOI.Pair<java.lang.Integer, java.lang.Integer>(_int_1, _int_2))

PATCH_DIFF_ORIG=--- /users2/cpca56132020/moliveira/folders/Figra_5_QUIXBUGS_HANOI/Figra_QuixBugs_HANOI_/src/main/java/HANOIjava
+++ /users2/cpca56132020/moliveira/folders/Figra_5_QUIXBUGS_HANOI/Figra_QuixBugs_HANOI_/src/main/java/HANOIjava
@@ -27 +27 @@
-			steps.add(new java_programs.HANOI.Pair<java.lang.Integer, java.lang.Integer>(start, helper));
+			steps.add(new java_programs.HANOI.Pair<java.lang.Integer, java.lang.Integer>(start, end));




real	120m11.293s
user	116m6.621s
sys	3m3.389s
\n\nNode: hpc060.ncg.ingrid.pt\n
\n\nDate: Wed Apr  7 13:53:04 EDT 2021\n
