cd /tmp/Figra_IntroClassJava_smallest_dedc2a7c919835ade6d92729cfb18fc71addf6dcdf36ce26ca8b1e3d3aea81bad974c61b96fd71537e95a6aac4582d5b08f9fd8057ce40fb18fb5df37d86b70d-000;
export JAVA_TOOL_OPTIONS="-Dfile.encoding=UTF8 -Duser.language=en-US -Duser.country=US -Duser.language=en";
TZ="America/New_York"; export TZ;
export PATH="/usr/lib/jvm/java-1.8.0-openjdk-amd64/bin/:$PATH";
export JAVA_HOME="/usr/lib/jvm/java-1.8.0-openjdk-amd64/bin/";
time java -Xmx4g -Xms1g -cp /home/moliveira/Tese/RepairThemAll/script/../libs/jtestex7.jar:/home/moliveira/Tese/RepairThemAll/script/../repair_tools/astor.jar fr.inria.main.evolution.AstorMain \
	-mode figra \
	-location . \
	-id smallest-dedc2a7c919835ade6d92729cfb18fc71addf6dcdf36ce26ca8b1e3d3aea81bad974c61b96fd71537e95a6aac4582d5b08f9fd8057ce40fb18fb5df37d86b70d-000 \
	-failing introclassJava.smallest_dedc2a7c_000BlackboxTest:introclassJava.smallest_dedc2a7c_000WhiteboxTest \
	-jvm4testexecution /usr/lib/jvm/jdk1.7.0_80/bin/ \
	-jvm4evosuitetestexecution /usr/lib/jvm/jdk1.7.0_80/bin/ \
	-maxgen 1000000 \
	-maxtime 120 \
	-stopfirst true \
	-seed 28 \
	-scope package \
	-population 1 \
	-javacompliancelevel 7 \
	-srcjavafolder src/main/java \
	-srctestfolder src/test/java \
	-binjavafolder target/classes \
	-bintestfolder target/test-classes \
	-parameters x:x:maxCombinationVariableLimit:true:maxVarCombination:1000:maxCombinationVariableLimit:true:maxVarCombination:1000:maxCombinationVariableLimit:true:maxVarCombination:1000:maxCombinationVariableLimit:true:maxVarCombination:1000:maxCombinationVariableLimit:true:maxVarCombination:1000:maxCombinationVariableLimit:true:maxVarCombination:1000:maxCombinationVariableLimit:true:maxVarCombination:1000:maxCombinationVariableLimit:true:maxVarCombination:1000:maxCombinationVariableLimit:true:maxVarCombination:1000:maxCombinationVariableLimit:true:maxVarCombination:1000:maxCombinationVariableLimit:true:maxVarCombination:1000:maxCombinationVariableLimit:true:maxVarCombination:1000:maxCombinationVariableLimit:true:maxVarCombination:1000:maxCombinationVariableLimit:true:maxVarCombination:1000:maxCombinationVariableLimit:true:maxVarCombination:1000:maxCombinationVariableLimit:true:maxVarCombination:1000:maxCombinationVariableLimit:true:maxVarCombination:1000:maxCombinationVariableLimit:true:maxVarCombination:1000:maxCombinationVariableLimit:true:maxVarCombination:1000:maxCombinationVariableLimit:true:maxVarCombination:1000:maxCombinationVariableLimit:true:maxVarCombination:1000:maxCombinationVariableLimit:true:maxVarCombination:1000:maxCombinationVariableLimit:true:maxVarCombination:1000:maxCombinationVariableLimit:true:maxVarCombination:1000:maxCombinationVariableLimit:true:maxVarCombination:1000:maxCombinationVariableLimit:true:maxVarCombination:1000:maxCombinationVariableLimit:true:maxVarCombination:1000:maxCombinationVariableLimit:true:maxVarCombination:1000:maxCombinationVariableLimit:true:maxVarCombination:1000:maxCombinationVariableLimit:true:maxVarCombination:1000:maxCombinationVariableLimit:true:maxVarCombination:1000:maxCombinationVariableLimit:true:maxVarCombination:1000:maxCombinationVariableLimit:true:maxVarCombination:1000:maxCombinationVariableLimit:true:maxVarCombination:1000:maxCombinationVariableLimit:true:maxVarCombination:1000:maxCombinationVariableLimit:true:maxVarCombination:1000:maxCombinationVariableLimit:true:maxVarCombination:1000:maxCombinationVariableLimit:true:maxVarCombination:1000:maxCombinationVariableLimit:true:maxVarCombination:1000:maxCombinationVariableLimit:true:maxVarCombination:1000:maxCombinationVariableLimit:true:maxVarCombination:1000:maxCombinationVariableLimit:true:maxVarCombination:1000:maxCombinationVariableLimit:true:maxVarCombination:1000:maxCombinationVariableLimit:true:maxVarCombination:1000:maxCombinationVariableLimit:true:maxVarCombination:1000:maxCombinationVariableLimit:true:maxVarCombination:1000:maxCombinationVariableLimit:true:maxVarCombination:1000:maxCombinationVariableLimit:true:maxVarCombination:1000:maxCombinationVariableLimit:true:maxVarCombination:1000:maxCombinationVariableLimit:true:maxVarCombination:1000:maxCombinationVariableLimit:true:maxVarCombination:1000:maxCombinationVariableLimit:true:maxVarCombination:1000:maxCombinationVariableLimit:true:maxVarCombination:1000:maxCombinationVariableLimit:true:maxVarCombination:1000:maxCombinationVariableLimit:true:maxVarCombination:1000:maxCombinationVariableLimit:true:maxVarCombination:1000:maxCombinationVariableLimit:true:maxVarCombination:1000:maxCombinationVariableLimit:true:maxVarCombination:1000:maxCombinationVariableLimit:true:maxVarCombination:1000:maxCombinationVariableLimit:true:maxVarCombination:1000:maxCombinationVariableLimit:true:maxVarCombination:1000:maxCombinationVariableLimit:true:maxVarCombination:1000:maxCombinationVariableLimit:true:maxVarCombination:1000:maxCombinationVariableLimit:true:maxVarCombination:1000:maxCombinationVariableLimit:true:maxVarCombination:1000:maxCombinationVariableLimit:true:maxVarCombination:1000:maxCombinationVariableLimit:true:maxVarCombination:1000:maxCombinationVariableLimit:true:maxVarCombination:1000:maxCombinationVariableLimit:true:maxVarCombination:1000:maxCombinationVariableLimit:true:maxVarCombination:1000:maxCombinationVariableLimit:true:maxVarCombination:1000:maxCombinationVariableLimit:true:maxVarCombination:1000:maxCombinationVariableLimit:true:maxVarCombination:1000:maxCombinationVariableLimit:true:maxVarCombination:1000:maxCombinationVariableLimit:true:maxVarCombination:1000:maxCombinationVariableLimit:true:maxVarCombination:1000:maxCombinationVariableLimit:true:maxVarCombination:1000:maxCombinationVariableLimit:true:maxVarCombination:1000:maxCombinationVariableLimit:true:maxVarCombination:1000:maxCombinationVariableLimit:true:maxVarCombination:1000:maxCombinationVariableLimit:true:maxVarCombination:1000:maxCombinationVariableLimit:true:maxVarCombination:1000:maxCombinationVariableLimit:true:maxVarCombination:1000:maxCombinationVariableLimit:true:maxVarCombination:1000:maxCombinationVariableLimit:true:maxVarCombination:1000:maxCombinationVariableLimit:true:maxVarCombination:1000:maxCombinationVariableLimit:true:maxVarCombination:1000:maxCombinationVariableLimit:true:maxVarCombination:1000:maxCombinationVariableLimit:true:maxVarCombination:1000:maxCombinationVariableLimit:true:maxVarCombination:1000:maxCombinationVariableLimit:true:maxVarCombination:1000:maxCombinationVariableLimit:true:maxVarCombination:1000:maxCombinationVariableLimit:true:maxVarCombination:1000:maxCombinationVariableLimit:true:maxVarCombination:1000:maxCombinationVariableLimit:true:maxVarCombination:1000:maxCombinationVariableLimit:true:maxVarCombination:1000:maxCombinationVariableLimit:true:maxVarCombination:1000:maxCombinationVariableLimit:true:maxVarCombination:1000:maxCombinationVariableLimit:true:maxVarCombination:1000:maxCombinationVariableLimit:true:maxVarCombination:1000:maxCombinationVariableLimit:true:maxVarCombination:1000:maxCombinationVariableLimit:true:maxVarCombination:1000 \
	-dependencies /home/moliveira/.m2/repository/junit/junit/4.11/junit-4.11.jar:/home/moliveira/.m2/repository/org/hamcrest/hamcrest-core/1.3/hamcrest-core-1.3.jar;
	echo "\n\nNode: `hostname`\n";
	echo "\n\nDate: `date`\n";
Picked up JAVA_TOOL_OPTIONS: -Dfile.encoding=UTF8 -Duser.language=en-US -Duser.country=US -Duser.language=en
06:53:15.631 [main] ERROR fr.inria.astor.approaches.figra.ExpressionReplaceOperator - Replacement does not work for  modify scanner.nextFloat() to scanner.nextFloat()
06:53:15.922 [main] ERROR fr.inria.astor.approaches.figra.ExpressionReplaceOperator - Replacement does not work for  modify c to c
06:53:16.212 [main] ERROR fr.inria.astor.approaches.figra.ExpressionReplaceOperator - Replacement does not work for  modify scanner.nextFloat() to scanner.nextFloat()
06:53:26.900 [main] ERROR fr.inria.astor.approaches.figra.ExpressionReplaceOperator - Replacement does not work for  modify scanner.nextFloat() to scanner.nextFloat()
Astor Output:

General stats:
EXECUTION_IDENTIFIER=smallest-dedc2a7c919835ade6d92729cfb18fc71addf6dcdf36ce26ca8b1e3d3aea81bad974c61b96fd71537e95a6aac4582d5b08f9fd8057ce40fb18fb5df37d86b70d-000
TOTAL_TIME=15.363
NR_GENERATIONS=15
NR_RIGHT_COMPILATIONS=12
NR_FAILLING_COMPILATIONS=3
NR_ERRONEOUS_VARIANCES=null
NR_FAILING_VALIDATION_PROCESS=null
OUTPUT_STATUS=STOP_BY_PATCH_FOUND

Patch stats:

Patch 1
VARIANT_ID=30
TIME=15
VALIDATION=|true|0|16|[]|
GENERATION=15
FOLDER_SOLUTION_CODE=/tmp/Figra_IntroClassJava_smallest_dedc2a7c919835ade6d92729cfb18fc71addf6dcdf36ce26ca8b1e3d3aea81bad974c61b96fd71537e95a6aac4582d5b08f9fd8057ce40fb18fb5df37d86b70d-000/./output_astor/AstorMain-smallest-dedc2a7c919835ade6d92729cfb18fc71addf6dcdf36ce26ca8b1e3d3aea81bad974c61b96fd71537e95a6aac4582d5b08f9fd8057ce40fb18fb5df37d86b70d-000//src//variant-30
--Patch Hunk #1
OPERATOR=ExpressionReplaceOperator

LOCATION=introclassJava.smallest_dedc2a7c_000

PATH=/tmp/Figra_IntroClassJava_smallest_dedc2a7c919835ade6d92729cfb18fc71addf6dcdf36ce26ca8b1e3d3aea81bad974c61b96fd71537e95a6aac4582d5b08f9fd8057ce40fb18fb5df37d86b70d-000/src/main/java/introclassJava/smallest_dedc2a7c_000.java

MODIFIED_FILE_PATH=/tmp/Figra_IntroClassJava_smallest_dedc2a7c919835ade6d92729cfb18fc71addf6dcdf36ce26ca8b1e3d3aea81bad974c61b96fd71537e95a6aac4582d5b08f9fd8057ce40fb18fb5df37d86b70d-000/./output_astor/AstorMain-smallest-dedc2a7c919835ade6d92729cfb18fc71addf6dcdf36ce26ca8b1e3d3aea81bad974c61b96fd71537e95a6aac4582d5b08f9fd8057ce40fb18fb5df37d86b70d-000//src//variant-30/introclassJava/smallest_dedc2a7c_000.java

LINE=68

SUSPICIOUNESS=0.433

MP_RANKING=48

ORIGINAL_CODE=((a.value < b.value) && (a.value < c.value))

BUGGY_CODE_TYPE=CtBinaryOperatorImpl|CtBinaryOperatorImpl

PATCH_HUNK_CODE=true

PATCH_HUNK_TYPE=CtLiteralImpl|CtBinaryOperatorImpl

INGREDIENT_SCOPE=-

INGREDIENT_PARENT=true

PATCH_DIFF_ORIG=--- /tmp/Figra_IntroClassJava_smallest_dedc2a7c919835ade6d92729cfb18fc71addf6dcdf36ce26ca8b1e3d3aea81bad974c61b96fd71537e95a6aac4582d5b08f9fd8057ce40fb18fb5df37d86b70d-000/src/main/java/introclassJava/smallest_dedc2a7c_000java
+++ /tmp/Figra_IntroClassJava_smallest_dedc2a7c919835ade6d92729cfb18fc71addf6dcdf36ce26ca8b1e3d3aea81bad974c61b96fd71537e95a6aac4582d5b08f9fd8057ce40fb18fb5df37d86b70d-000/src/main/java/introclassJava/smallest_dedc2a7c_000java
@@ -68,12 +68,12 @@
-		if (((a.value < b.value) && (a.value < c.value)) && (a.value < d.value)) {
-			output += java.lang.String.format("%.0f is the smallest\n", a.value);
-		} else if (((b.value < a.value) && (b.value < c.value)) && 
-		(b.value < d.value)) {
-			output += java.lang.String.format("%.0f is the smallest\n", b.value);
-		} else if (((c.value < a.value) && (c.value < b.value)) && 
-		(c.value < d.value)) {
-			output += java.lang.String.format("%.0f is the smallest\n", c.value);
-		} else {
-			output += java.lang.String.format("%.0f is the smallest\n", d.value);
-		}
-		if (true)
+		if (
+
+
+
+
+
+
+
+
+
+
+		true && (a.value < d.value)) { 			output += java.lang.String.format("%.0f is the smallest\n", a.value);} else if (((b.value < a.value) && (b.value < c.value)) && (b.value < d.value)) { 			output += java.lang.String.format("%.0f is the smallest\n", b.value);} else if (((c.value < a.value) && (c.value < b.value)) && (c.value < d.value)) { 			output += java.lang.String.format("%.0f is the smallest\n", c.value);} else { 			output += java.lang.String.format("%.0f is the smallest\n", d.value);} 		if (true)



31.19user 2.17system 0:22.22elapsed 150%CPU (0avgtext+0avgdata 705800maxresident)k
0inputs+8024outputs (0major+432343minor)pagefaults 0swaps


Node: franklin



Date: sáb 17 abr 2021 06:53:29 EDT

