cd /users2/cpca56132020/moliveira/folders/Figra_22_QUIXBUGS_LONGEST_COMMON_SUBSEQUENCE/Figra_QuixBugs_LONGEST_COMMON_SUBSEQUENCE_;
export JAVA_TOOL_OPTIONS="-Dfile.encoding=UTF8 -Duser.language=en-US -Duser.country=US -Duser.language=en";
TZ="America/New_York"; export TZ;
export PATH="/usr/lib/jvm/java-1.8.0-openjdk/bin:$PATH";
export JAVA_HOME="/usr/lib/jvm/java-1.8.0-openjdk/bin";
time java -Xmx4g -Xms1g -cp /users2/cpca56132020/moliveira/RepairThemAll/script/../libs/jtestex7.jar:/users2/cpca56132020/moliveira/RepairThemAll/script/../repair_tools/astor.jar fr.inria.main.evolution.AstorMain \
	-mode figra \
	-location . \
	-id LONGEST_COMMON_SUBSEQUENCE- \
	-failing java_testcases.junit.LONGEST_COMMON_SUBSEQUENCE_Test \
	-jvm4testexecution /usr/lib/jvm/java-1.8.0-openjdk/bin \
	-jvm4evosuitetestexecution /usr/lib/jvm/java-1.8.0-openjdk/bin \
	-maxgen 1000000 \
	-maxtime 120 \
	-stopfirst false \
	-seed 22 \
	-scope package \
	-population 1 \
	-javacompliancelevel 8 \
	-srcjavafolder src/main/java \
	-srctestfolder src/test/java \
	-binjavafolder target/classes \
	-bintestfolder target/test-classes \
	-parameters x:x:maxCombinationVariableLimit:true:maxVarCombination:1000 \
	-dependencies /users2/cpca56132020/moliveira/.m2/repository/junit/junit/4.11/junit-4.11.jar:/users2/cpca56132020/moliveira/.m2/repository/org/hamcrest/hamcrest-core/1.3/hamcrest-core-1.3.jar;
	echo "\n\nNode: `hostname`\n";
	echo "\n\nDate: `date`\n";
Picked up JAVA_TOOL_OPTIONS: -Dfile.encoding=UTF8 -Duser.language=en-US -Duser.country=US -Duser.language=en
07:31:32.288 [main] ERROR fr.inria.astor.approaches.figra.ExpressionReplaceOperator - Replacement does not work for  modify java_programs.LONGEST_COMMON_SUBSEQUENCE.longest_common_subsequence(a.substring(1), b) to java_programs.LONGEST_COMMON_SUBSEQUENCE.longest_common_subsequence(a.substring(1), b)
07:31:44.395 [main] ERROR fr.inria.astor.approaches.figra.ExpressionReplaceOperator - Replacement does not work for  modify fst.length() to fst.length()
07:31:46.763 [main] ERROR fr.inria.astor.approaches.figra.ExpressionReplaceOperator - Replacement does not work for  modify snd to snd
07:31:52.756 [main] ERROR fr.inria.astor.approaches.figra.ExpressionReplaceOperator - Replacement does not work for  modify 0 to 0
07:31:59.836 [main] ERROR fr.inria.astor.approaches.figra.ExpressionReplaceOperator - Replacement does not work for  modify b.substring(1) to b.substring(1)
07:32:01.920 [main] ERROR fr.inria.astor.approaches.figra.ExpressionReplaceOperator - Replacement does not work for  modify a to a
07:32:07.813 [main] ERROR fr.inria.astor.approaches.figra.ExpressionReplaceOperator - Replacement does not work for  modify 1 to 1
07:32:25.257 [main] ERROR fr.inria.astor.approaches.figra.ExpressionReplaceOperator - Replacement does not work for  modify 0 to 0
07:32:25.848 [main] ERROR fr.inria.astor.approaches.figra.ExpressionReplaceOperator - Replacement does not work for  modify a.substring(1) to a.substring(1)
07:32:30.570 [main] ERROR fr.inria.astor.approaches.figra.ExpressionReplaceOperator - Replacement does not work for  modify snd.length() to snd.length()
07:32:38.675 [main] ERROR fr.inria.astor.approaches.figra.ExpressionReplaceOperator - Replacement does not work for  modify 1 to 1
07:32:47.854 [main] ERROR fr.inria.astor.approaches.figra.ExpressionReplaceOperator - Replacement does not work for  modify b.charAt(0) to b.charAt(0)
07:32:51.014 [main] ERROR fr.inria.astor.approaches.figra.ExpressionReplaceOperator - Replacement does not work for  modify a.charAt(0) to a.charAt(0)
07:32:59.637 [main] ERROR fr.inria.astor.approaches.figra.ExpressionReplaceOperator - Replacement does not work for  modify 1 to 1
07:33:01.699 [main] ERROR fr.inria.astor.approaches.figra.ExpressionReplaceOperator - Replacement does not work for  modify a.charAt(0) to a.charAt(0)
07:33:02.450 [main] ERROR fr.inria.astor.approaches.figra.ExpressionReplaceOperator - Replacement does not work for  modify a to a
07:33:22.074 [main] ERROR fr.inria.astor.approaches.figra.ExpressionReplaceOperator - Replacement does not work for  modify b to b
07:33:28.410 [main] ERROR fr.inria.astor.approaches.figra.ExpressionReplaceOperator - Replacement does not work for  modify a to a
07:33:37.746 [main] ERROR fr.inria.astor.approaches.figra.ExpressionReplaceOperator - Replacement does not work for  modify a.isEmpty() || b.isEmpty() to a.isEmpty() || b.isEmpty()
07:33:50.332 [main] ERROR fr.inria.astor.approaches.figra.ExpressionReplaceOperator - Replacement does not work for  modify a to a
07:34:01.381 [main] ERROR fr.inria.astor.approaches.figra.ExpressionReplaceOperator - Replacement does not work for  modify "" to ""
07:34:09.372 [main] ERROR fr.inria.astor.approaches.figra.ExpressionReplaceOperator - Replacement does not work for  modify a.charAt(0) == b.charAt(0) to a.charAt(0) == b.charAt(0)
07:34:40.408 [main] ERROR fr.inria.astor.approaches.figra.ExpressionReplaceOperator - Replacement does not work for  modify fst.length() >= snd.length() to fst.length() >= snd.length()
07:35:11.284 [main] ERROR fr.inria.astor.approaches.figra.ExpressionReplaceOperator - Replacement does not work for  modify a.substring(1) to a.substring(1)
07:35:43.180 [main] ERROR fr.inria.astor.approaches.figra.ExpressionReplaceOperator - Replacement does not work for  modify b.isEmpty() to b.isEmpty()
07:36:16.036 [main] ERROR fr.inria.astor.approaches.figra.ExpressionReplaceOperator - Replacement does not work for  modify fst to fst
07:37:02.421 [main] ERROR fr.inria.astor.approaches.figra.ExpressionReplaceOperator - Replacement does not work for  modify b to b
07:37:03.499 [main] ERROR fr.inria.astor.approaches.figra.ExpressionReplaceOperator - Replacement does not work for  modify java_programs.LONGEST_COMMON_SUBSEQUENCE.longest_common_subsequence(a, b.substring(1)) to java_programs.LONGEST_COMMON_SUBSEQUENCE.longest_common_subsequence(a, b.substring(1))
07:37:03.923 [main] ERROR fr.inria.astor.approaches.figra.ExpressionReplaceOperator - Replacement does not work for  modify java_programs.LONGEST_COMMON_SUBSEQUENCE.longest_common_subsequence(a.substring(1), b) to java_programs.LONGEST_COMMON_SUBSEQUENCE.longest_common_subsequence(a.substring(1), b)
07:37:43.919 [main] ERROR fr.inria.astor.approaches.figra.ExpressionReplaceOperator - Replacement does not work for  modify a to a
07:37:48.706 [main] ERROR fr.inria.astor.approaches.figra.ExpressionReplaceOperator - Replacement does not work for  modify fst.length() >= snd.length() ? fst : snd to fst.length() >= snd.length() ? fst : snd
07:37:50.356 [main] ERROR fr.inria.astor.approaches.figra.ExpressionReplaceOperator - Replacement does not work for  modify b to b
07:38:27.123 [main] ERROR fr.inria.astor.approaches.figra.ExpressionReplaceOperator - Replacement does not work for  modify b to b
07:38:28.489 [main] ERROR fr.inria.astor.approaches.figra.ExpressionReplaceOperator - Replacement does not work for  modify b to b
07:39:11.337 [main] ERROR fr.inria.astor.approaches.figra.ExpressionReplaceOperator - Replacement does not work for  modify a.charAt(0) + java_programs.LONGEST_COMMON_SUBSEQUENCE.longest_common_subsequence(a.substring(1), b) to a.charAt(0) + java_programs.LONGEST_COMMON_SUBSEQUENCE.longest_common_subsequence(a.substring(1), b)
07:41:01.428 [main] ERROR fr.inria.astor.approaches.figra.ExpressionReplaceOperator - Replacement does not work for  modify a.isEmpty() to a.isEmpty()
Astor Output:

General stats:
EXECUTION_IDENTIFIER=LONGEST_COMMON_SUBSEQUENCE-
TOTAL_TIME=7200.444
NR_GENERATIONS=1255
NR_RIGHT_COMPILATIONS=1215
NR_FAILLING_COMPILATIONS=40
NR_ERRONEOUS_VARIANCES=null
NR_FAILING_VALIDATION_PROCESS=null
OUTPUT_STATUS=TIME_OUT

Patch stats:

Patch 1
VARIANT_ID=20
TIME=13
VALIDATION=|true|0|10|[]|
GENERATION=10
FOLDER_SOLUTION_CODE=/users2/cpca56132020/moliveira/folders/Figra_22_QUIXBUGS_LONGEST_COMMON_SUBSEQUENCE/Figra_QuixBugs_LONGEST_COMMON_SUBSEQUENCE_/./output_astor/AstorMain-LONGEST_COMMON_SUBSEQUENCE-//src//variant-20
--Patch Hunk #1
OPERATOR=ExpressionReplaceOperator

LOCATION=java_programs.LONGEST_COMMON_SUBSEQUENCE

PATH=/users2/cpca56132020/moliveira/folders/Figra_22_QUIXBUGS_LONGEST_COMMON_SUBSEQUENCE/Figra_QuixBugs_LONGEST_COMMON_SUBSEQUENCE_/src/main/java/LONGEST_COMMON_SUBSEQUENCE.java

MODIFIED_FILE_PATH=/users2/cpca56132020/moliveira/folders/Figra_22_QUIXBUGS_LONGEST_COMMON_SUBSEQUENCE/Figra_QuixBugs_LONGEST_COMMON_SUBSEQUENCE_/./output_astor/AstorMain-LONGEST_COMMON_SUBSEQUENCE-//src//variant-20/java_programs/LONGEST_COMMON_SUBSEQUENCE.java

LINE=18

SUSPICIOUNESS=0.632

MP_RANKING=17

ORIGINAL_CODE=b

BUGGY_CODE_TYPE=CtVariableReadImpl|CtInvocationImpl

PATCH_HUNK_CODE=b.substring(1)

PATCH_HUNK_TYPE=CtInvocationImpl|CtInvocationImpl

INGREDIENT_SCOPE=-

INGREDIENT_PARENT=_String_0.substring(1)

PATCH_DIFF_ORIG=--- /users2/cpca56132020/moliveira/folders/Figra_22_QUIXBUGS_LONGEST_COMMON_SUBSEQUENCE/Figra_QuixBugs_LONGEST_COMMON_SUBSEQUENCE_/src/main/java/LONGEST_COMMON_SUBSEQUENCEjava
+++ /users2/cpca56132020/moliveira/folders/Figra_22_QUIXBUGS_LONGEST_COMMON_SUBSEQUENCE/Figra_QuixBugs_LONGEST_COMMON_SUBSEQUENCE_/src/main/java/LONGEST_COMMON_SUBSEQUENCEjava
@@ -18 +18 @@
-			return a.charAt(0) + java_programs.LONGEST_COMMON_SUBSEQUENCE.longest_common_subsequence(a.substring(1), b);
+			return a.charAt(0) + java_programs.LONGEST_COMMON_SUBSEQUENCE.longest_common_subsequence(a.substring(1), b.substring(1));




real	120m9.665s
user	117m50.135s
sys	1m13.575s
\n\nNode: hpc063.ncg.ingrid.pt\n
\n\nDate: Fri Apr 16 09:31:31 EDT 2021\n
