cd /users2/cpca56132020/moliveira/folders/Figra_IntroClassJava_syllables-2af3c4163b40679ef94bbbbc863c4fa3785c6e164281f5e8850d9e4ffa387e5b162ceb37449ecca33961ff162d861c8d98ff702e723755b6c37c95d5cfaf1c40-003/Figra_IntroClassJava_syllables_2af3c4163b40679ef94bbbbc863c4fa3785c6e164281f5e8850d9e4ffa387e5b162ceb37449ecca33961ff162d861c8d98ff702e723755b6c37c95d5cfaf1c40-003;
export JAVA_TOOL_OPTIONS="-Dfile.encoding=UTF8 -Duser.language=en-US -Duser.country=US -Duser.language=en";
TZ="America/New_York"; export TZ;
export PATH="/usr/lib/jvm/java-1.8.0-openjdk/bin/:$PATH";
export JAVA_HOME="/usr/lib/jvm/java-1.8.0-openjdk/bin/";
time java -Xmx4g -Xms1g -cp /users2/cpca56132020/moliveira/RepairThemAll/script/../libs/jtestex7.jar:/users2/cpca56132020/moliveira/RepairThemAll/script/../repair_tools/astor.jar fr.inria.main.evolution.AstorMain \
	-mode figra \
	-location . \
	-id syllables-2af3c4163b40679ef94bbbbc863c4fa3785c6e164281f5e8850d9e4ffa387e5b162ceb37449ecca33961ff162d861c8d98ff702e723755b6c37c95d5cfaf1c40-003 \
	-failing introclassJava.syllables_2af3c416_003BlackboxTest:introclassJava.syllables_2af3c416_003WhiteboxTest \
	-jvm4testexecution /users2/cpca56132020/moliveira/jdk1.7.0_80/bin/ \
	-jvm4evosuitetestexecution /users2/cpca56132020/moliveira/jdk1.7.0_80/bin/ \
	-maxgen 1000000 \
	-maxtime 120 \
	-stopfirst false \
	-seed 28 \
	-scope package \
	-population 1 \
	-javacompliancelevel 7 \
	-srcjavafolder src/main/java \
	-srctestfolder src/test/java \
	-binjavafolder target/classes \
	-bintestfolder target/test-classes \
	-parameters x:x:maxCombinationVariableLimit:true:maxVarCombination:1000 \
	-dependencies /users2/cpca56132020/moliveira/.m2/repository/junit/junit/4.11/junit-4.11.jar:/users2/cpca56132020/moliveira/.m2/repository/org/hamcrest/hamcrest-core/1.3/hamcrest-core-1.3.jar;
	echo "\n\nNode: `hostname`\n";
	echo "\n\nDate: `date`\n";
Picked up JAVA_TOOL_OPTIONS: -Dfile.encoding=UTF8 -Duser.language=en-US -Duser.country=US -Duser.language=en
Picked up _JAVA_OPTIONS: -Xmx512m -Xms256m
06:11:06.288 [main] ERROR fr.inria.astor.approaches.figra.ExpressionReplaceOperator - Replacement does not work for  modify len to len
06:11:09.572 [main] ERROR fr.inria.astor.approaches.figra.ExpressionReplaceOperator - Replacement does not work for  modify 0 to 0
06:11:14.203 [main] ERROR fr.inria.astor.approaches.figra.ExpressionReplaceOperator - error to modify ++i.value to introclassJava.syllables_2af3c416_003.str_size << introclassJava.syllables_2af3c416_003.str_size
06:11:33.507 [main] ERROR fr.inria.astor.approaches.figra.ExpressionReplaceOperator - Replacement does not work for  modify scanner.next().toCharArray() to scanner.next().toCharArray()
06:13:09.549 [main] ERROR fr.inria.astor.approaches.figra.ExpressionReplaceOperator - Replacement does not work for  modify x to x
06:13:41.339 [main] ERROR fr.inria.astor.approaches.figra.ExpressionReplaceOperator - Replacement does not work for  modify x to x
06:14:42.240 [main] ERROR fr.inria.astor.approaches.figra.ExpressionReplaceOperator - Replacement does not work for  modify 'i' to 'i'
06:15:03.576 [main] ERROR fr.inria.astor.approaches.figra.ExpressionReplaceOperator - Replacement does not work for  modify vowels to vowels
06:15:34.588 [main] ERROR fr.inria.astor.approaches.figra.ExpressionReplaceOperator - Replacement does not work for  modify new introclassJava.IntObj() to new introclassJava.IntObj()
06:17:05.901 [main] ERROR fr.inria.astor.approaches.figra.ExpressionReplaceOperator - Replacement does not work for  modify i to i
06:17:16.061 [main] ERROR fr.inria.astor.approaches.figra.ExpressionReplaceOperator - Replacement does not work for  modify "Please enter a string > " to "Please enter a string > "
06:17:36.546 [main] ERROR fr.inria.astor.approaches.figra.ExpressionReplaceOperator - Replacement does not work for  modify "The number of syllables is %d.\n" to "The number of syllables is %d.\n"
06:20:15.500 [main] ERROR fr.inria.astor.approaches.figra.ExpressionReplaceOperator - Replacement does not work for  modify i to i
06:20:49.864 [main] ERROR fr.inria.astor.approaches.figra.ExpressionReplaceOperator - Replacement does not work for  modify scanner to scanner
06:22:12.189 [main] ERROR fr.inria.astor.approaches.figra.ExpressionReplaceOperator - Replacement does not work for  modify vowels to vowels
06:22:32.508 [main] ERROR fr.inria.astor.approaches.figra.ExpressionReplaceOperator - Replacement does not work for  modify vowels to vowels
06:23:39.929 [main] ERROR fr.inria.astor.approaches.figra.ExpressionReplaceOperator - Replacement does not work for  modify 'e' to 'e'
06:26:19.332 [main] ERROR fr.inria.astor.approaches.figra.ExpressionReplaceOperator - Replacement does not work for  modify 'a' to 'a'
06:28:18.427 [main] ERROR fr.inria.astor.approaches.figra.ExpressionReplaceOperator - Replacement does not work for  modify scanner.next() to scanner.next()
06:29:26.372 [main] ERROR fr.inria.astor.approaches.figra.ExpressionReplaceOperator - Replacement does not work for  modify len to len
06:31:21.187 [main] ERROR main - Error reading the validation process
 output: 
America/Los_Angeles
Picked up JAVA_TOOL_OPTIONS: -Dfile.encoding=UTF8 -Duser.language=en-US -Duser.country=US -Duser.language=en
Picked up _JAVA_OPTIONS: -Xmx512m -Xms256m

06:37:10.846 [main] ERROR fr.inria.astor.approaches.figra.ExpressionReplaceOperator - Replacement does not work for  modify java.lang.String.format("Please enter a string > ") to java.lang.String.format("Please enter a string > ")
06:51:01.633 [main] ERROR fr.inria.astor.approaches.figra.ExpressionReplaceOperator - Replacement does not work for  modify 1 to 1
06:55:10.061 [main] ERROR fr.inria.astor.approaches.figra.ExpressionReplaceOperator - Replacement does not work for  modify 0 to 0
06:59:25.259 [main] ERROR fr.inria.astor.approaches.figra.ExpressionReplaceOperator - Replacement does not work for  modify introclassJava.syllables_2af3c416_003.str_size to introclassJava.syllables_2af3c416_003.str_size
Astor Output:

General stats:
EXECUTION_IDENTIFIER=syllables-2af3c4163b40679ef94bbbbc863c4fa3785c6e164281f5e8850d9e4ffa387e5b162ceb37449ecca33961ff162d861c8d98ff702e723755b6c37c95d5cfaf1c40-003
TOTAL_TIME=7206.391
NR_GENERATIONS=667
NR_RIGHT_COMPILATIONS=606
NR_FAILLING_COMPILATIONS=61
NR_ERRONEOUS_VARIANCES=null
NR_FAILING_VALIDATION_PROCESS=null
OUTPUT_STATUS=TIME_OUT

Patch stats:


real	120m19.549s
user	67m19.032s
sys	0m24.136s
\n\nNode: hpc061.ncg.ingrid.pt\n
\n\nDate: Tue Apr 13 08:11:08 EDT 2021\n
