cd /tmp/figra_QuixBugs_BUCKETSORT_;
export JAVA_TOOL_OPTIONS="-Dfile.encoding=UTF8 -Duser.language=en-US -Duser.country=US -Duser.language=en";
TZ="America/New_York"; export TZ;
export PATH="/usr/lib/jvm/java-1.8.0-openjdk-amd64/bin/:$PATH";
export JAVA_HOME="/usr/lib/jvm/java-1.8.0-openjdk-amd64/bin/";
time java -Xmx4g -Xms1g -cp /home/maxoliveira/Tese/RepairThemAll/script/../libs/jtestex7.jar:/home/maxoliveira/Tese/RepairThemAll/script/../repair_tools/astor.jar fr.inria.main.evolution.AstorMain \
	-mode figra \
	-location . \
	-id BUCKETSORT- \
	-failing java_testcases.junit.BUCKETSORT_Test \
	-jvm4testexecution /usr/lib/jvm/java-1.8.0-openjdk-amd64/bin/ \
	-jvm4evosuitetestexecution /usr/lib/jvm/java-1.8.0-openjdk-amd64/bin/ \
	-maxgen 100000000 \
	-maxtime 180 \
	-stopfirst true \
	-seed 28 \
	-scope package \
	-population 1 \
	-javacompliancelevel 8 \
	-srcjavafolder src/main/java \
	-srctestfolder src/test/java \
	-binjavafolder target/classes \
	-bintestfolder target/test-classes \
	-parameters x:x:maxCombinationVariableLimit:true:maxVarCombination:1000:maxCombinationVariableLimit:true:maxVarCombination:1000:maxCombinationVariableLimit:true:maxVarCombination:1000:maxCombinationVariableLimit:true:maxVarCombination:1000:maxCombinationVariableLimit:true:maxVarCombination:1000:maxCombinationVariableLimit:true:maxVarCombination:1000:maxCombinationVariableLimit:true:maxVarCombination:1000:maxCombinationVariableLimit:true:maxVarCombination:1000:maxCombinationVariableLimit:true:maxVarCombination:1000:maxCombinationVariableLimit:true:maxVarCombination:1000:maxCombinationVariableLimit:true:maxVarCombination:1000:maxCombinationVariableLimit:true:maxVarCombination:1000:maxCombinationVariableLimit:true:maxVarCombination:1000:maxCombinationVariableLimit:true:maxVarCombination:1000:maxCombinationVariableLimit:true:maxVarCombination:1000:maxCombinationVariableLimit:true:maxVarCombination:1000:maxCombinationVariableLimit:true:maxVarCombination:1000:maxCombinationVariableLimit:true:maxVarCombination:1000:maxCombinationVariableLimit:true:maxVarCombination:1000:maxCombinationVariableLimit:true:maxVarCombination:1000:maxCombinationVariableLimit:true:maxVarCombination:1000 \
	-dependencies /home/maxoliveira/.m2/repository/junit/junit/4.11/junit-4.11.jar:/home/maxoliveira/.m2/repository/org/hamcrest/hamcrest-core/1.3/hamcrest-core-1.3.jar;
	echo "\n\nNode: `hostname`\n";
	echo "\n\nDate: `date`\n";
Picked up JAVA_TOOL_OPTIONS: -Dfile.encoding=UTF8 -Duser.language=en-US -Duser.country=US -Duser.language=en
17:40:15.806 [main] ERROR fr.inria.astor.approaches.figra.ExpressionReplaceOperator - Replacement does not work for  modify count to count
17:40:16.467 [main] ERROR fr.inria.astor.approaches.figra.ExpressionReplaceOperator - Replacement does not work for  modify java.util.Collections.nCopies(k, 0) to java.util.Collections.nCopies(k, 0)
17:40:19.764 [main] ERROR fr.inria.astor.approaches.figra.ExpressionReplaceOperator - Replacement does not work for  modify new java.util.ArrayList<java.lang.Integer>(java.util.Collections.nCopies(k, 0)) to new java.util.ArrayList<java.lang.Integer>(java.util.Collections.nCopies(k, 0))
Astor Output:

General stats:
EXECUTION_IDENTIFIER=BUCKETSORT-
TOTAL_TIME=6.646
NR_GENERATIONS=16
NR_RIGHT_COMPILATIONS=16
NR_FAILLING_COMPILATIONS=null
NR_ERRONEOUS_VARIANCES=null
NR_FAILING_VALIDATION_PROCESS=null
OUTPUT_STATUS=STOP_BY_PATCH_FOUND

Patch stats:

Patch 1
VARIANT_ID=32
TIME=6
VALIDATION=|true|0|6|[]|
GENERATION=16
FOLDER_SOLUTION_CODE=/tmp/figra_QuixBugs_BUCKETSORT_/./output_astor/AstorMain-BUCKETSORT-//src//variant-32
--Patch Hunk #1
OPERATOR=ExpressionReplaceOperator

LOCATION=java_programs.BUCKETSORT

PATH=/tmp/figra_QuixBugs_BUCKETSORT_/src/main/java/BUCKETSORT.java

MODIFIED_FILE_PATH=/tmp/figra_QuixBugs_BUCKETSORT_/./output_astor/AstorMain-BUCKETSORT-//src//variant-32/java_programs/BUCKETSORT.java

LINE=22

SUSPICIOUNESS=1

MP_RANKING=14

ORIGINAL_CODE=arr

BUGGY_CODE_TYPE=CtVariableReadImpl|CtForEachImpl

PATCH_HUNK_CODE=counts

PATCH_HUNK_TYPE=CtVariableReadImpl|CtForEachImpl

INGREDIENT_SCOPE=-

INGREDIENT_PARENT=counts

PATCH_DIFF_ORIG=--- /tmp/figra_QuixBugs_BUCKETSORT_/src/main/java/BUCKETSORTjava
+++ /tmp/figra_QuixBugs_BUCKETSORT_/src/main/java/BUCKETSORTjava
@@ -22 +22 @@
-		for (java.lang.Integer count : arr) {
+		for (java.lang.Integer count : counts) {



20.18user 2.57system 0:11.61elapsed 195%CPU (0avgtext+0avgdata 433324maxresident)k
0inputs+8416outputs (0major+272238minor)pagefaults 0swaps


Node: alcides-MS-7C60



Date: dom 14 mar 2021 17:40:21 EDT

