10:00:46.049 fr.inria.lille.repair.nopol.NoPol - Source files: [src/main/java]
10:00:46.052 fr.inria.lille.repair.nopol.NoPol - Classpath: [file:/users2/cpca56132020/moliveira/folders/Nopol_QUIXBUGS_DEPTH_FIRST_SEARCH/Nopol_QuixBugs_DEPTH_FIRST_SEARCH_/target/classes/, file:/users2/cpca56132020/moliveira/folders/Nopol_QUIXBUGS_DEPTH_FIRST_SEARCH/Nopol_QuixBugs_DEPTH_FIRST_SEARCH_/target/test-classes/, file:/users2/cpca56132020/moliveira/.m2/repository/junit/junit/4.11/junit-4.11.jar, file:/users2/cpca56132020/moliveira/.m2/repository/org/hamcrest/hamcrest-core/1.3/hamcrest-core-1.3.jar, file:/users2/cpca56132020/moliveira/RepairThemAll/script/../repair_tools/nopol.jar]
10:00:46.053 fr.inria.lille.repair.nopol.NoPol - Statement type: PRE_THEN_COND
10:00:46.053 fr.inria.lille.repair.nopol.NoPol - Args: [java_testcases.junit.DEPTH_FIRST_SEARCH_Test]
10:00:46.055 fr.inria.lille.repair.nopol.NoPol - Config: Config{synthesisDepth=3, collectStaticMethods=true, collectStaticFields=false, collectLiterals=false, onlyOneSynthesisResult=true, sortExpressions=true, maxLineInvocationPerTest=250, timeoutMethodInvocation=2000, dataCollectionTimeoutInSecondForSynthesis=900, addWeight=0.19478, subWeight=0.04554, mulWeight=0.0102, divWeight=0.00613, andWeight=0.10597, orWeight=0.05708, eqWeight=0.22798, nEqWeight=0.0, lessEqWeight=0.0255, lessWeight=0.0947, methodCallWeight=0.1, fieldAccessWeight=0.08099, constantWeight=0.14232, variableWeight=0.05195, mode=REPAIR, type=PRE_THEN_COND, synthesis=SMT, oracle=ANGELIC, solver=Z3, solverPath='/users2/cpca56132020/moliveira/RepairThemAll/script/../libs/z3/build/z3', projectSources=[src/main/java], projectClasspath='[Ljava.net.URL;@16c0663d', projectTests=[java_testcases.junit.DEPTH_FIRST_SEARCH_Test], complianceLevel=8, outputFolder=., json=true}
10:00:46.055 fr.inria.lille.repair.nopol.NoPol - Available processors (cores): 1
10:00:46.058 fr.inria.lille.repair.nopol.NoPol - Free memory: 968 MB
10:00:46.059 fr.inria.lille.repair.nopol.NoPol - Maximum memory: 3 GB
10:00:46.059 fr.inria.lille.repair.nopol.NoPol - Total memory available to JVM: 989 MB
10:00:46.059 fr.inria.lille.repair.nopol.NoPol - Java version: 1.8.0_272
10:00:46.065 fr.inria.lille.repair.nopol.NoPol - JAVA_HOME: /usr/lib/jvm/java-1.8.0-openjdk/bin
10:00:46.065 fr.inria.lille.repair.nopol.NoPol - PATH: /usr/lib/jvm/java-1.8.0-openjdk/bin:/users2/cpca56132020/moliveira/deps/Maven/apache-maven/bin:/users2/cpca56132020/moliveira/deps/Gradle/gradle-6.8.3/bin:/usr/condabin:/usr/local/bin:/usr/bin:/usr/local/sbin:/usr/sbin:/users2/cpca56132020/moliveira/.local/bin:/users2/cpca56132020/moliveira/bin
10:01:02.384 fr.inria.lille.repair.nopol.NoPol - statement #1
10:01:02.386 fr.inria.lille.repair.nopol.NoPol - Analysing SourceLocation java_programs.Node:51 which is executed by 1 tests
10:01:02.586 fr.inria.lille.repair.nopol.NoPol - statement #2
10:01:02.586 fr.inria.lille.repair.nopol.NoPol - Analysing SourceLocation java_programs.Node:50 which is executed by 1 tests
10:01:02.725 fr.inria.lille.repair.nopol.NoPol - looking with class fr.inria.lille.repair.nopol.spoon.smt.ConditionalAdder
10:01:03.817 f.i.l.r.n.synth.SMTNopolSynthesizer - Not enough specifications: 1. A trivial patch is "true" or "false", please write new tests specifying SourceLocation java_programs.Node:50.
10:01:03.817 fr.inria.lille.repair.nopol.NoPol - statement #3
10:01:03.817 fr.inria.lille.repair.nopol.NoPol - Analysing SourceLocation java_programs.DEPTH_FIRST_SEARCH$1Search:23 which is executed by 3 tests
10:01:03.887 fr.inria.lille.repair.nopol.NoPol - looking with class fr.inria.lille.repair.nopol.spoon.smt.ConditionalAdder
10:01:04.133 tests.output - Failing tests with false: 
[test5(java_testcases.junit.DEPTH_FIRST_SEARCH_Test): null]
10:01:04.133 tests.output - Failing tests with true: 
[test5(java_testcases.junit.DEPTH_FIRST_SEARCH_Test): null]
10:01:04.133 f.i.l.r.n.synth.SMTNopolSynthesizer - Not enough specifications: 0. A trivial patch is "true" or "false", please write new tests specifying SourceLocation java_programs.DEPTH_FIRST_SEARCH$1Search:23.
10:01:04.134 fr.inria.lille.repair.nopol.NoPol - statement #4
10:01:04.134 fr.inria.lille.repair.nopol.NoPol - Analysing SourceLocation java_programs.Node:62 which is executed by 4 tests
10:01:04.225 fr.inria.lille.repair.nopol.NoPol - statement #5
10:01:04.227 fr.inria.lille.repair.nopol.NoPol - Analysing SourceLocation java_programs.DEPTH_FIRST_SEARCH$1Search:22 which is executed by 4 tests
10:01:04.304 fr.inria.lille.repair.nopol.NoPol - looking with class fr.inria.lille.repair.nopol.spoon.smt.ConditionalAdder
10:01:04.575 tests.output - Failing tests with false: 
[test5(java_testcases.junit.DEPTH_FIRST_SEARCH_Test): expected:<Path []found!> but was:<Path [not ]found!>]
10:01:04.575 tests.output - Failing tests with true: 
[test5(java_testcases.junit.DEPTH_FIRST_SEARCH_Test): null]
10:01:04.575 f.i.l.r.n.synth.SMTNopolSynthesizer - Not enough specifications: 0. A trivial patch is "true" or "false", please write new tests specifying SourceLocation java_programs.DEPTH_FIRST_SEARCH$1Search:22.
10:01:04.575 fr.inria.lille.repair.nopol.NoPol - statement #6
10:01:04.575 fr.inria.lille.repair.nopol.NoPol - Analysing SourceLocation java_programs.DEPTH_FIRST_SEARCH:31 which is executed by 5 tests
10:01:04.647 fr.inria.lille.repair.nopol.NoPol - statement #7
10:01:04.647 fr.inria.lille.repair.nopol.NoPol - Analysing SourceLocation java_programs.DEPTH_FIRST_SEARCH:30 which is executed by 5 tests
10:01:04.717 fr.inria.lille.repair.nopol.NoPol - statement #8
10:01:04.717 fr.inria.lille.repair.nopol.NoPol - Analysing SourceLocation java_programs.DEPTH_FIRST_SEARCH:14 which is executed by 5 tests
10:01:04.781 fr.inria.lille.repair.nopol.NoPol - statement #9
10:01:04.782 fr.inria.lille.repair.nopol.NoPol - Analysing SourceLocation java_programs.DEPTH_FIRST_SEARCH$1Search:19 which is executed by 5 tests
10:01:04.844 fr.inria.lille.repair.nopol.NoPol - looking with class fr.inria.lille.repair.nopol.spoon.smt.ConditionalAdder
10:01:05.084 tests.output - Failing tests with false: 
[test5(java_testcases.junit.DEPTH_FIRST_SEARCH_Test): expected:<Path []found!> but was:<Path [not ]found!>]
10:01:05.084 tests.output - Failing tests with true: 
[test5(java_testcases.junit.DEPTH_FIRST_SEARCH_Test): null]
10:01:05.084 f.i.l.r.n.synth.SMTNopolSynthesizer - Not enough specifications: 0. A trivial patch is "true" or "false", please write new tests specifying SourceLocation java_programs.DEPTH_FIRST_SEARCH$1Search:19.
10:01:05.084 fr.inria.lille.repair.nopol.NoPol - looking with class fr.inria.lille.repair.nopol.spoon.smt.ConditionalReplacer
10:01:05.759 f.i.l.c.s.ConstraintBasedSynthesis - Operators:
10:01:05.848 f.i.l.c.s.ConstraintBasedSynthesis - Operators:
== of arity: 2
!= of arity: 2
< of arity: 2
<= of arity: 2
10:01:05.905 f.i.l.c.s.ConstraintBasedSynthesis - Operators:
== of arity: 2
!= of arity: 2
< of arity: 2
<= of arity: 2
! of arity: 1
|| of arity: 2
&& of arity: 2
10:01:06.026 f.i.l.c.s.ConstraintBasedSynthesis - Operators:
== of arity: 2
!= of arity: 2
< of arity: 2
<= of arity: 2
! of arity: 1
|| of arity: 2
&& of arity: 2
== of arity: 2
!= of arity: 2
< of arity: 2
<= of arity: 2
10:01:06.328 f.i.l.c.s.ConstraintBasedSynthesis - Operators:
== of arity: 2
!= of arity: 2
< of arity: 2
<= of arity: 2
! of arity: 1
|| of arity: 2
&& of arity: 2
== of arity: 2
!= of arity: 2
< of arity: 2
<= of arity: 2
! of arity: 1
|| of arity: 2
&& of arity: 2
10:01:16.195 f.i.l.c.s.ConstraintBasedSynthesis - Failed code synthesis, returning NullCodeGenesis
10:01:16.196 fr.inria.lille.repair.nopol.NoPol - statement #10
10:01:16.196 fr.inria.lille.repair.nopol.NoPol - Analysing SourceLocation java_programs.DEPTH_FIRST_SEARCH$1Search:17 which is executed by 5 tests
10:01:16.291 fr.inria.lille.repair.nopol.NoPol - looking with class fr.inria.lille.repair.nopol.spoon.smt.ConditionalAdder
10:01:16.570 tests.output - Failing tests with false: 
[test5(java_testcases.junit.DEPTH_FIRST_SEARCH_Test): expected:<Path []found!> but was:<Path [not ]found!>]
10:01:16.571 tests.output - Failing tests with true: 
[test5(java_testcases.junit.DEPTH_FIRST_SEARCH_Test): null]
10:01:16.571 f.i.l.r.n.synth.SMTNopolSynthesizer - Not enough specifications: 0. A trivial patch is "true" or "false", please write new tests specifying SourceLocation java_programs.DEPTH_FIRST_SEARCH$1Search:17.
10:01:16.571 fr.inria.lille.repair.nopol.NoPol - looking with class fr.inria.lille.repair.nopol.spoon.smt.ConditionalReplacer
10:04:36.846 xxl.java.junit.TestSuiteExecution - Timeout after 200 seconds. Infinite loop?
10:04:36.847 fr.inria.lille.repair.nopol.NoPol - Error ExecutionException java.util.concurrent.ExecutionException: java.lang.RuntimeException: java.util.concurrent.TimeoutException
10:04:36.847 fr.inria.lille.repair.nopol.NoPol - ----INFORMATION----
10:04:36.850 fr.inria.lille.repair.nopol.NoPol - Nb classes : 3
10:04:36.850 fr.inria.lille.repair.nopol.NoPol - Nb methods : 9
10:04:36.851 fr.inria.lille.repair.nopol.NoPol - Nb Statements Analyzed : 7
10:04:36.851 fr.inria.lille.repair.nopol.NoPol - Nb Statements with Angelic Value Found : 1
10:04:36.851 fr.inria.lille.repair.nopol.NoPol - Nb inputs in SMT : 0
10:04:36.851 fr.inria.lille.repair.nopol.NoPol - Nb SMT level: 5
10:04:36.851 fr.inria.lille.repair.nopol.NoPol - Nb SMT components: [14] [== of arity: 2, != of arity: 2, < of arity: 2, <= of arity: 2, ! of arity: 1, || of arity: 2, && of arity: 2, == of arity: 2, != of arity: 2, < of arity: 2, <= of arity: 2, ! of arity: 1, || of arity: 2, && of arity: 2]
10:04:36.851 fr.inria.lille.repair.nopol.NoPol -                   class java.lang.Boolean: 14
10:04:36.851 fr.inria.lille.repair.nopol.NoPol - Nb variables in SMT : 0
10:04:36.851 fr.inria.lille.repair.nopol.NoPol - NoPol Execution time : 230800ms
10:04:36.851 fr.inria.lille.repair.nopol.NoPol - 
