cd /users2/cpca56132020/moliveira/folders/Figra_QUIXBUGS_SHORTEST_PATH_LENGTHS/Figra_QuixBugs_SHORTEST_PATH_LENGTHS_;
export JAVA_TOOL_OPTIONS="-Dfile.encoding=UTF8 -Duser.language=en-US -Duser.country=US -Duser.language=en";
TZ="America/New_York"; export TZ;
export PATH="/usr/lib/jvm/java-1.8.0-openjdk/bin:$PATH";
export JAVA_HOME="/usr/lib/jvm/java-1.8.0-openjdk/bin";
time java -Xmx4g -Xms1g -cp /users2/cpca56132020/moliveira/RepairThemAll/script/../libs/jtestex7.jar:/users2/cpca56132020/moliveira/RepairThemAll/script/../repair_tools/astor.jar fr.inria.main.evolution.AstorMain \
	-mode figra \
	-location . \
	-id SHORTEST_PATH_LENGTHS- \
	-failing java_testcases.junit.SHORTEST_PATH_LENGTHS_Test \
	-jvm4testexecution /usr/lib/jvm/java-1.8.0-openjdk/bin \
	-jvm4evosuitetestexecution /usr/lib/jvm/java-1.8.0-openjdk/bin \
	-maxgen 1000000 \
	-maxtime 120 \
	-stopfirst false \
	-seed 28 \
	-scope package \
	-population 1 \
	-javacompliancelevel 8 \
	-srcjavafolder src/main/java \
	-srctestfolder src/test/java \
	-binjavafolder target/classes \
	-bintestfolder target/test-classes \
	-parameters x:x:maxCombinationVariableLimit:true:maxVarCombination:1000 \
	-dependencies /users2/cpca56132020/moliveira/.m2/repository/junit/junit/4.11/junit-4.11.jar:/users2/cpca56132020/moliveira/.m2/repository/org/hamcrest/hamcrest-core/1.3/hamcrest-core-1.3.jar;
	echo "\n\nNode: `hostname`\n";
	echo "\n\nDate: `date`\n";
Picked up JAVA_TOOL_OPTIONS: -Dfile.encoding=UTF8 -Duser.language=en-US -Duser.country=US -Duser.language=en
03:58:34.824 [main] ERROR fr.inria.astor.approaches.figra.ExpressionReplaceOperator - error to modify j++ to length_by_path.get(java.util.Arrays.asList(k, j)) % length_by_path.get(java.util.Arrays.asList(i, j))
03:58:35.219 [main] ERROR fr.inria.astor.approaches.figra.ExpressionReplaceOperator - Replacement does not work for  modify length_by_path.put(java.util.Arrays.asList(i, j), update_length) to length_by_path.put(java.util.Arrays.asList(i, j), update_length)
03:58:45.371 [main] ERROR fr.inria.astor.approaches.figra.ExpressionReplaceOperator - Replacement does not work for  modify length_by_path to length_by_path
03:58:55.625 [main] ERROR fr.inria.astor.approaches.figra.ExpressionReplaceOperator - Replacement does not work for  modify java.util.Arrays.asList(i, k) to java.util.Arrays.asList(i, k)
04:01:09.437 [main] ERROR fr.inria.astor.approaches.figra.ExpressionReplaceOperator - error to modify k++ to numNodes + 1
04:02:06.957 [main] ERROR fr.inria.astor.approaches.figra.ExpressionReplaceOperator - Replacement does not work for  modify length_by_path.get(java.util.Arrays.asList(i, j)) to length_by_path.get(java.util.Arrays.asList(i, j))

real	4m55.937s
user	0m17.655s
sys	0m5.053s
\n\nNode: hpc060.ncg.ingrid.pt\n
\n\nDate: Fri Apr  2 04:03:16 EDT 2021\n
