cd /users2/cpca56132020/moliveira/folders/Nopol_QUIXBUGS_HANOI/Nopol_QuixBugs_HANOI_;
export JAVA_TOOL_OPTIONS="-Dfile.encoding=UTF8 -Duser.language=en-US -Duser.country=US -Duser.language=en";
TZ="America/New_York"; export TZ;
export PATH="/users2/cpca56132020/moliveira/deps/jdk-8/bin:$PATH";
export JAVA_HOME="/users2/cpca56132020/moliveira/deps/jdk-8/bin";
time java -Xmx4g -Xms1g -cp /users2/cpca56132020/moliveira/RepairThemAll/script/../repair_tools/nopol.jar:/users2/cpca56132020/moliveira/deps/jdk-8/bin/../lib/tools.jar fr.inria.lille.repair.Main \
	--mode repair \
	--type pre_then_cond \
	--oracle angelic \
	--synthesis smt \
	--flocal gzoltar \
	--json \
	--solver z3 \
	--solver-path /users2/cpca56132020/moliveira/RepairThemAll/script/../libs/z3/build/z3 \
	--complianceLevel 8 \
	--source src/main/java \
	--classpath "target/classes:target/test-classes:/users2/cpca56132020/moliveira/.m2/repository/junit/junit/4.11/junit-4.11.jar:/users2/cpca56132020/moliveira/.m2/repository/org/hamcrest/hamcrest-core/1.3/hamcrest-core-1.3.jar:/users2/cpca56132020/moliveira/RepairThemAll/script/../repair_tools/nopol.jar";
	echo "\n\nNode: `hostname`\n";
	echo "\n\nDate: `date`\n";
Picked up JAVA_TOOL_OPTIONS: -Dfile.encoding=UTF8 -Duser.language=en-US -Duser.country=US -Duser.language=en
07:35:45.700 [main] INFO  fr.inria.lille.repair.nopol.NoPol - Source files: [src/main/java]
07:35:45.703 [main] INFO  fr.inria.lille.repair.nopol.NoPol - Classpath: [file:/users2/cpca56132020/moliveira/folders/Nopol_QUIXBUGS_HANOI/Nopol_QuixBugs_HANOI_/target/classes/, file:/users2/cpca56132020/moliveira/folders/Nopol_QUIXBUGS_HANOI/Nopol_QuixBugs_HANOI_/target/test-classes/, file:/users2/cpca56132020/moliveira/.m2/repository/junit/junit/4.11/junit-4.11.jar, file:/users2/cpca56132020/moliveira/.m2/repository/org/hamcrest/hamcrest-core/1.3/hamcrest-core-1.3.jar, file:/users2/cpca56132020/moliveira/RepairThemAll/script/../repair_tools/nopol.jar]
07:35:45.703 [main] INFO  fr.inria.lille.repair.nopol.NoPol - Statement type: PRE_THEN_COND
07:35:45.703 [main] INFO  fr.inria.lille.repair.nopol.NoPol - Args: [java_testcases.junit.HANOI_Test]
07:35:45.705 [main] INFO  fr.inria.lille.repair.nopol.NoPol - Config: Config{synthesisDepth=3, collectStaticMethods=true, collectStaticFields=false, collectLiterals=false, onlyOneSynthesisResult=true, sortExpressions=true, maxLineInvocationPerTest=250, timeoutMethodInvocation=2000, dataCollectionTimeoutInSecondForSynthesis=900, addWeight=0.19478, subWeight=0.04554, mulWeight=0.0102, divWeight=0.00613, andWeight=0.10597, orWeight=0.05708, eqWeight=0.22798, nEqWeight=0.0, lessEqWeight=0.0255, lessWeight=0.0947, methodCallWeight=0.1, fieldAccessWeight=0.08099, constantWeight=0.14232, variableWeight=0.05195, mode=REPAIR, type=PRE_THEN_COND, synthesis=SMT, oracle=ANGELIC, solver=Z3, solverPath='/users2/cpca56132020/moliveira/RepairThemAll/script/../libs/z3/build/z3', projectSources=[src/main/java], projectClasspath='[Ljava.net.URL;@16c0663d', projectTests=[java_testcases.junit.HANOI_Test], complianceLevel=8, outputFolder=., json=true}
07:35:45.706 [main] INFO  fr.inria.lille.repair.nopol.NoPol - Available processors (cores): 1
07:35:45.708 [main] INFO  fr.inria.lille.repair.nopol.NoPol - Free memory: 968 MB
07:35:45.709 [main] INFO  fr.inria.lille.repair.nopol.NoPol - Maximum memory: 3 GB
07:35:45.709 [main] INFO  fr.inria.lille.repair.nopol.NoPol - Total memory available to JVM: 989 MB
07:35:45.709 [main] INFO  fr.inria.lille.repair.nopol.NoPol - Java version: 1.8.0_282
07:35:45.712 [main] INFO  fr.inria.lille.repair.nopol.NoPol - JAVA_HOME: /users2/cpca56132020/moliveira/deps/jdk-8/bin
07:35:45.713 [main] INFO  fr.inria.lille.repair.nopol.NoPol - PATH: /users2/cpca56132020/moliveira/deps/jdk-8/bin:/users2/cpca56132020/moliveira/deps/Maven/apache-maven/bin:/users2/cpca56132020/moliveira/deps/Gradle/gradle-6.8.3/bin:/usr/condabin:/usr/local/bin:/usr/bin:/usr/local/sbin:/usr/sbin:/users2/cpca56132020/moliveira/.local/bin:/users2/cpca56132020/moliveira/bin
07:36:03.727 [pool-2-thread-1] DEBUG fr.inria.lille.repair.nopol.NoPol - statement #1
07:36:03.731 [pool-2-thread-1] DEBUG fr.inria.lille.repair.nopol.NoPol - Analysing SourceLocation java_programs.HANOI:31 which is executed by 7 tests
68507408
07:36:03.964 [pool-2-thread-1] DEBUG fr.inria.lille.repair.nopol.NoPol - statement #2
07:36:03.965 [pool-2-thread-1] DEBUG fr.inria.lille.repair.nopol.NoPol - Analysing SourceLocation java_programs.HANOI:28 which is executed by 7 tests
68507408
07:36:04.091 [pool-2-thread-1] DEBUG fr.inria.lille.repair.nopol.NoPol - looking with class fr.inria.lille.repair.nopol.spoon.smt.ConditionalAdder
07:36:05.516 [pool-3-thread-1] DEBUG tests.output - Failing tests with false: 
[test_2(java_testcases.junit.HANOI_Test): expected:<[[1,[3],[1,2],[3,2],[1,3],[2,1],[2,3],[1,3]]]> but was:<[[1,[2],[1,3],[1,2]]]>, test_3(java_testcases.junit.HANOI_Test): expected:<[[1,[2],[1,3],[2,3],[1,2],[3,1],[3,2],[1,2],[1,3],[2,3],[2,1],[3,1],[2,3],[1,2],[1,3],[2,3]]]> but was:<[[1,[3],[1,2],[1,3],[1,2]]]>, test_0(java_testcases.junit.HANOI_Test): expected:<[[1,[3]]]> but was:<[[1,[2]]]>, test_1(java_testcases.junit.HANOI_Test): expected:<[[1,[2],[1,3],[2,3]]]> but was:<[[1,[3],[1,2]]]>, test_6(java_testcases.junit.HANOI_Test): expected:<[[3,[2],[3,1],[2,1]]]> but was:<[[3,[1],[3,2]]]>, test_4(java_testcases.junit.HANOI_Test): expected:<[[1,[3],[1,2],[3,2]]]> but was:<[[1,[2],[1,3]]]>, test_5(java_testcases.junit.HANOI_Test): expected:<[[1,[2],[1,1],[2,1]]]> but was:<[[1,[3],[1,2]]]>]
07:36:05.517 [pool-3-thread-1] DEBUG tests.output - Failing tests with true: 
[test_2(java_testcases.junit.HANOI_Test): expected:<[[1,[3],[1,2],[3,2],[1,3],[2,1],[2,3],[1,3]]]> but was:<[[1,[2],[1,3],[3,1],[1,2],[2,3],[2,1],[1,2]]]>, test_3(java_testcases.junit.HANOI_Test): expected:<[[1,[2],[1,3],[2,3],[1,2],[3,1],[3,2],[1,2],[1,3],[2,3],[2,1],[3,1],[2,3],[1,2],[1,3],[2,3]]]> but was:<[[1,[3],[1,2],[2,1],[1,3],[3,2],[3,1],[1,3],[1,2],[2,1],[2,3],[3,2],[2,1],[1,3],[1,2],[2,1]]]>, test_0(java_testcases.junit.HANOI_Test): expected:<[[1,[3]]]> but was:<[[1,[2]]]>, test_1(java_testcases.junit.HANOI_Test): expected:<[[1,[2],[1,3],[2,3]]]> but was:<[[1,[3],[1,2],[2,1]]]>, test_6(java_testcases.junit.HANOI_Test): expected:<[[3,[2],[3,1],[2,1]]]> but was:<[[3,[1],[3,2],[2,3]]]>, test_4(java_testcases.junit.HANOI_Test): expected:<[[1,[3],[1,2],[3,2]]]> but was:<[[1,[2],[1,3],[3,1]]]>, test_5(java_testcases.junit.HANOI_Test): expected:<[[1,[2],[1,1],[2,1]]]> but was:<[[1,[3],[1,2],[2,3]]]>]
07:36:05.517 [pool-3-thread-1] INFO  f.i.l.r.n.synth.SMTNopolSynthesizer - Not enough specifications: 0. A trivial patch is "true" or "false", please write new tests specifying SourceLocation java_programs.HANOI:28.
07:36:05.518 [pool-2-thread-1] DEBUG fr.inria.lille.repair.nopol.NoPol - statement #3
07:36:05.518 [pool-2-thread-1] DEBUG fr.inria.lille.repair.nopol.NoPol - Analysing SourceLocation java_programs.HANOI:27 which is executed by 7 tests
68507408
07:36:05.606 [pool-2-thread-1] DEBUG fr.inria.lille.repair.nopol.NoPol - looking with class fr.inria.lille.repair.nopol.spoon.smt.ConditionalAdder
07:36:05.939 [pool-19-thread-1] DEBUG tests.output - Failing tests with false: 
[test_2(java_testcases.junit.HANOI_Test): expected:<[[[1,3],[1,2],[3,2],[1,3],[2,1],[2,3],[1,3]]]> but was:<[[]]>, test_3(java_testcases.junit.HANOI_Test): expected:<[[[1,2],[1,3],[2,3],[1,2],[3,1],[3,2],[1,2],[1,3],[2,3],[2,1],[3,1],[2,3],[1,2],[1,3],[2,3]]]> but was:<[[]]>, test_0(java_testcases.junit.HANOI_Test): expected:<[[[1,3]]]> but was:<[[]]>, test_1(java_testcases.junit.HANOI_Test): expected:<[[[1,2],[1,3],[2,3]]]> but was:<[[]]>, test_6(java_testcases.junit.HANOI_Test): expected:<[[[3,2],[3,1],[2,1]]]> but was:<[[]]>, test_4(java_testcases.junit.HANOI_Test): expected:<[[[1,3],[1,2],[3,2]]]> but was:<[[]]>, test_5(java_testcases.junit.HANOI_Test): expected:<[[[1,2],[1,1],[2,1]]]> but was:<[[]]>]
07:36:05.939 [pool-19-thread-1] DEBUG tests.output - Failing tests with true: 
[test_2(java_testcases.junit.HANOI_Test): expected:<[[1,[3],[1,2],[3,2],[1,3],[2,1],[2,3],[1,3]]]> but was:<[[1,[2],[1,3],[3,1],[1,2],[2,3],[2,1],[1,2]]]>, test_3(java_testcases.junit.HANOI_Test): expected:<[[1,[2],[1,3],[2,3],[1,2],[3,1],[3,2],[1,2],[1,3],[2,3],[2,1],[3,1],[2,3],[1,2],[1,3],[2,3]]]> but was:<[[1,[3],[1,2],[2,1],[1,3],[3,2],[3,1],[1,3],[1,2],[2,1],[2,3],[3,2],[2,1],[1,3],[1,2],[2,1]]]>, test_0(java_testcases.junit.HANOI_Test): expected:<[[1,[3]]]> but was:<[[1,[2]]]>, test_1(java_testcases.junit.HANOI_Test): expected:<[[1,[2],[1,3],[2,3]]]> but was:<[[1,[3],[1,2],[2,1]]]>, test_6(java_testcases.junit.HANOI_Test): expected:<[[3,[2],[3,1],[2,1]]]> but was:<[[3,[1],[3,2],[2,3]]]>, test_4(java_testcases.junit.HANOI_Test): expected:<[[1,[3],[1,2],[3,2]]]> but was:<[[1,[2],[1,3],[3,1]]]>, test_5(java_testcases.junit.HANOI_Test): expected:<[[1,[2],[1,1],[2,1]]]> but was:<[[1,[3],[1,2],[2,3]]]>]
07:36:05.940 [pool-19-thread-1] INFO  f.i.l.r.n.synth.SMTNopolSynthesizer - Not enough specifications: 0. A trivial patch is "true" or "false", please write new tests specifying SourceLocation java_programs.HANOI:27.
07:36:05.941 [pool-2-thread-1] DEBUG fr.inria.lille.repair.nopol.NoPol - statement #4
07:36:05.941 [pool-2-thread-1] DEBUG fr.inria.lille.repair.nopol.NoPol - Analysing SourceLocation java_programs.HANOI:26 which is executed by 7 tests
68507408
07:36:06.045 [pool-2-thread-1] DEBUG fr.inria.lille.repair.nopol.NoPol - looking with class fr.inria.lille.repair.nopol.spoon.smt.ConditionalAdder
07:36:06.647 [pool-35-thread-1] DEBUG tests.output - Failing tests with false: 
[test_2(java_testcases.junit.HANOI_Test): expected:<[[1,[3],[1,2],[3,2],[1,3],[2,1],[2,3],[1,3]]]> but was:<[[1,[2],[2,1],[1,2]]]>, test_3(java_testcases.junit.HANOI_Test): expected:<[[1,2],[[1,3],[2,3],[1,2],[3,1],[3,2],[1,2],[1,3],[2,3],[2,1],[3,1],[2,3],[1,2],[1,3],[2,3]]]> but was:<[[1,2],[[2,1],[1,2],[2,1]]]>, test_0(java_testcases.junit.HANOI_Test): expected:<[[1,[3]]]> but was:<[[1,[2]]]>, test_1(java_testcases.junit.HANOI_Test): expected:<[[1,2],[[1,3],[2,3]]]> but was:<[[1,2],[[2,1]]]>, test_6(java_testcases.junit.HANOI_Test): expected:<[[3,2],[[3,1],[2,1]]]> but was:<[[3,2],[[2,3]]]>, test_4(java_testcases.junit.HANOI_Test): expected:<[[1,3],[[1,2],[3,2]]]> but was:<[[1,3],[[3,1]]]>, test_5(java_testcases.junit.HANOI_Test): expected:<[[1,2],[[1,1],[2,1]]]> but was:<[[1,2],[[2,3]]]>]
07:36:06.647 [pool-35-thread-1] DEBUG tests.output - Failing tests with true: 
[test_2(java_testcases.junit.HANOI_Test): expected:<[[1,[3],[1,2],[3,2],[1,3],[2,1],[2,3],[1,3]]]> but was:<[[1,[2],[1,3],[3,1],[1,2],[2,3],[2,1],[1,2]]]>, test_3(java_testcases.junit.HANOI_Test): expected:<[[1,[2],[1,3],[2,3],[1,2],[3,1],[3,2],[1,2],[1,3],[2,3],[2,1],[3,1],[2,3],[1,2],[1,3],[2,3]]]> but was:<[[1,[3],[1,2],[2,1],[1,3],[3,2],[3,1],[1,3],[1,2],[2,1],[2,3],[3,2],[2,1],[1,3],[1,2],[2,1]]]>, test_0(java_testcases.junit.HANOI_Test): expected:<[[1,[3]]]> but was:<[[1,[2]]]>, test_1(java_testcases.junit.HANOI_Test): expected:<[[1,[2],[1,3],[2,3]]]> but was:<[[1,[3],[1,2],[2,1]]]>, test_6(java_testcases.junit.HANOI_Test): expected:<[[3,[2],[3,1],[2,1]]]> but was:<[[3,[1],[3,2],[2,3]]]>, test_4(java_testcases.junit.HANOI_Test): expected:<[[1,[3],[1,2],[3,2]]]> but was:<[[1,[2],[1,3],[3,1]]]>, test_5(java_testcases.junit.HANOI_Test): expected:<[[1,[2],[1,1],[2,1]]]> but was:<[[1,[3],[1,2],[2,3]]]>]
07:36:06.647 [pool-35-thread-1] INFO  f.i.l.r.n.synth.SMTNopolSynthesizer - Not enough specifications: 0. A trivial patch is "true" or "false", please write new tests specifying SourceLocation java_programs.HANOI:26.
07:36:06.648 [pool-2-thread-1] DEBUG fr.inria.lille.repair.nopol.NoPol - statement #5
07:36:06.648 [pool-2-thread-1] DEBUG fr.inria.lille.repair.nopol.NoPol - Analysing SourceLocation java_programs.HANOI:25 which is executed by 7 tests
68507408
07:36:06.727 [pool-2-thread-1] DEBUG fr.inria.lille.repair.nopol.NoPol - statement #6
07:36:06.727 [pool-2-thread-1] DEBUG fr.inria.lille.repair.nopol.NoPol - Analysing SourceLocation java_programs.HANOI:24 which is executed by 7 tests
68507408
07:36:06.809 [pool-2-thread-1] DEBUG fr.inria.lille.repair.nopol.NoPol - looking with class fr.inria.lille.repair.nopol.spoon.smt.ConditionalAdder
07:36:07.223 [pool-51-thread-1] DEBUG tests.output - Failing tests with false: 
[test_2(java_testcases.junit.HANOI_Test): expected:<[[1,[3],[1,2],[3,2],[1,3],[2,1],[2,3],[1,3]]]> but was:<[[1,[2],[1,2],[2,1],[1,2],[2,1],[2,1],[1,2]]]>, test_3(java_testcases.junit.HANOI_Test): expected:<[[1,2],[1,[3],[2,3],[1,2],[3,1],[3,2],[1,2],[1,3],[2,3],[2,1],[3,1],[2,3],[1,2],[1,3],[2,3]]]> but was:<[[1,2],[1,[2],[2,1],[1,2],[2,1],[2,1],[1,2],[1,2],[2,1],[2,1],[1,2],[2,1],[1,2],[1,2],[2,1]]]>, test_0(java_testcases.junit.HANOI_Test): expected:<[[1,[3]]]> but was:<[[1,[2]]]>, test_1(java_testcases.junit.HANOI_Test): expected:<[[1,2],[1,[3],[2,3]]]> but was:<[[1,2],[1,[2],[2,1]]]>, test_6(java_testcases.junit.HANOI_Test): expected:<[[3,[2],[3,1],[2,1]]]> but was:<[[3,[1],[3,1],[1,2]]]>, test_4(java_testcases.junit.HANOI_Test): expected:<[[1,[3],[1,2],[3,2]]]> but was:<[[1,[2],[1,2],[2,1]]]>, test_5(java_testcases.junit.HANOI_Test): expected:<[[1,2],[1,[1]],[2,1]]> but was:<[[1,2],[1,[2]],[2,1]]>]
07:36:07.224 [pool-51-thread-1] DEBUG tests.output - Failing tests with true: 
[test_2(java_testcases.junit.HANOI_Test): expected:<[[1,[3],[1,2],[3,2],[1,3],[2,1],[2,3],[1,3]]]> but was:<[[1,[2],[1,3],[3,1],[1,2],[2,3],[2,1],[1,2]]]>, test_3(java_testcases.junit.HANOI_Test): expected:<[[1,[2],[1,3],[2,3],[1,2],[3,1],[3,2],[1,2],[1,3],[2,3],[2,1],[3,1],[2,3],[1,2],[1,3],[2,3]]]> but was:<[[1,[3],[1,2],[2,1],[1,3],[3,2],[3,1],[1,3],[1,2],[2,1],[2,3],[3,2],[2,1],[1,3],[1,2],[2,1]]]>, test_0(java_testcases.junit.HANOI_Test): expected:<[[1,[3]]]> but was:<[[1,[2]]]>, test_1(java_testcases.junit.HANOI_Test): expected:<[[1,[2],[1,3],[2,3]]]> but was:<[[1,[3],[1,2],[2,1]]]>, test_6(java_testcases.junit.HANOI_Test): expected:<[[3,[2],[3,1],[2,1]]]> but was:<[[3,[1],[3,2],[2,3]]]>, test_4(java_testcases.junit.HANOI_Test): expected:<[[1,[3],[1,2],[3,2]]]> but was:<[[1,[2],[1,3],[3,1]]]>, test_5(java_testcases.junit.HANOI_Test): expected:<[[1,[2],[1,1],[2,1]]]> but was:<[[1,[3],[1,2],[2,3]]]>]
07:36:07.224 [pool-51-thread-1] INFO  f.i.l.r.n.synth.SMTNopolSynthesizer - Not enough specifications: 0. A trivial patch is "true" or "false", please write new tests specifying SourceLocation java_programs.HANOI:24.
07:36:07.224 [pool-2-thread-1] DEBUG fr.inria.lille.repair.nopol.NoPol - statement #7
07:36:07.224 [pool-2-thread-1] DEBUG fr.inria.lille.repair.nopol.NoPol - Analysing SourceLocation java_programs.HANOI:23 which is executed by 7 tests
68507408
07:36:07.315 [pool-2-thread-1] DEBUG fr.inria.lille.repair.nopol.NoPol - looking with class fr.inria.lille.repair.nopol.spoon.smt.ConditionalAdder
07:36:07.649 [pool-67-thread-1] DEBUG tests.output - Failing tests with false: 
[test_2(java_testcases.junit.HANOI_Test): expected:<[[1,[3],[1,2],[3,2],[1,3],[2,1],[2,3],[1,3]]]> but was:<[[1,[1],[1,2],[2,2],[1,1],[1,2],[1,1],[1,1]]]>, test_3(java_testcases.junit.HANOI_Test): expected:<[[1,2],[1,[3],[2,3],[1,2],[3,1],[3,2],[1,2],[1,3],[2,3],[2,1],[3,1],[2,3],[1,2],[1,3],[2,3]]]> but was:<[[1,2],[1,[1],[1,1],[1,2],[2,1],[2,2],[2,2],[1,1],[1,1],[1,2],[2,2],[1,1],[1,2],[1,1],[1,1]]]>, test_0(java_testcases.junit.HANOI_Test): expected:<[[1,[3]]]> but was:<[[1,[1]]]>, test_1(java_testcases.junit.HANOI_Test): expected:<[[1,2],[1,[3],[2,3]]]> but was:<[[1,2],[1,[1],[1,1]]]>, test_6(java_testcases.junit.HANOI_Test): expected:<[[3,[2],[3,1],[2,1]]]> but was:<[[3,[1],[3,2],[2,2]]]>, test_4(java_testcases.junit.HANOI_Test): expected:<[[1,[3],[1,2],[3,2]]]> but was:<[[1,[2],[1,1],[1,1]]]>, test_5(java_testcases.junit.HANOI_Test): expected:<[[1,[2],[1,1],[2,1]]]> but was:<[[1,[1],[1,2],[2,2]]]>]
07:36:07.649 [pool-67-thread-1] DEBUG tests.output - Failing tests with true: 
[test_2(java_testcases.junit.HANOI_Test): expected:<[[1,[3],[1,2],[3,2],[1,3],[2,1],[2,3],[1,3]]]> but was:<[[1,[2],[1,3],[3,1],[1,2],[2,3],[2,1],[1,2]]]>, test_3(java_testcases.junit.HANOI_Test): expected:<[[1,[2],[1,3],[2,3],[1,2],[3,1],[3,2],[1,2],[1,3],[2,3],[2,1],[3,1],[2,3],[1,2],[1,3],[2,3]]]> but was:<[[1,[3],[1,2],[2,1],[1,3],[3,2],[3,1],[1,3],[1,2],[2,1],[2,3],[3,2],[2,1],[1,3],[1,2],[2,1]]]>, test_0(java_testcases.junit.HANOI_Test): expected:<[[1,[3]]]> but was:<[[1,[2]]]>, test_1(java_testcases.junit.HANOI_Test): expected:<[[1,[2],[1,3],[2,3]]]> but was:<[[1,[3],[1,2],[2,1]]]>, test_6(java_testcases.junit.HANOI_Test): expected:<[[3,[2],[3,1],[2,1]]]> but was:<[[3,[1],[3,2],[2,3]]]>, test_4(java_testcases.junit.HANOI_Test): expected:<[[1,[3],[1,2],[3,2]]]> but was:<[[1,[2],[1,3],[3,1]]]>, test_5(java_testcases.junit.HANOI_Test): expected:<[[1,[2],[1,1],[2,1]]]> but was:<[[1,[3],[1,2],[2,3]]]>]
07:36:07.650 [pool-67-thread-1] INFO  f.i.l.r.n.synth.SMTNopolSynthesizer - Not enough specifications: 0. A trivial patch is "true" or "false", please write new tests specifying SourceLocation java_programs.HANOI:23.
07:36:07.650 [pool-2-thread-1] DEBUG fr.inria.lille.repair.nopol.NoPol - statement #8
07:36:07.650 [pool-2-thread-1] DEBUG fr.inria.lille.repair.nopol.NoPol - Analysing SourceLocation java_programs.HANOI:22 which is executed by 7 tests
68507408
07:36:07.733 [pool-2-thread-1] DEBUG fr.inria.lille.repair.nopol.NoPol - looking with class fr.inria.lille.repair.nopol.spoon.smt.ConditionalAdder
07:36:08.187 [pool-83-thread-1] DEBUG tests.output - Failing tests with false: 
[test_2(java_testcases.junit.HANOI_Test): null, test_3(java_testcases.junit.HANOI_Test): null, test_0(java_testcases.junit.HANOI_Test): expected:<[[1,[3]]]> but was:<[[1,[2]]]>, test_1(java_testcases.junit.HANOI_Test): null, test_6(java_testcases.junit.HANOI_Test): null, test_4(java_testcases.junit.HANOI_Test): null, test_5(java_testcases.junit.HANOI_Test): null]
07:36:08.188 [pool-83-thread-1] DEBUG tests.output - Failing tests with true: 
[test_2(java_testcases.junit.HANOI_Test): expected:<[[1,[3],[1,2],[3,2],[1,3],[2,1],[2,3],[1,3]]]> but was:<[[1,[2],[1,3],[3,1],[1,2],[2,3],[2,1],[1,2]]]>, test_3(java_testcases.junit.HANOI_Test): expected:<[[1,[2],[1,3],[2,3],[1,2],[3,1],[3,2],[1,2],[1,3],[2,3],[2,1],[3,1],[2,3],[1,2],[1,3],[2,3]]]> but was:<[[1,[3],[1,2],[2,1],[1,3],[3,2],[3,1],[1,3],[1,2],[2,1],[2,3],[3,2],[2,1],[1,3],[1,2],[2,1]]]>, test_0(java_testcases.junit.HANOI_Test): expected:<[[1,[3]]]> but was:<[[1,[2]]]>, test_1(java_testcases.junit.HANOI_Test): expected:<[[1,[2],[1,3],[2,3]]]> but was:<[[1,[3],[1,2],[2,1]]]>, test_6(java_testcases.junit.HANOI_Test): expected:<[[3,[2],[3,1],[2,1]]]> but was:<[[3,[1],[3,2],[2,3]]]>, test_4(java_testcases.junit.HANOI_Test): expected:<[[1,[3],[1,2],[3,2]]]> but was:<[[1,[2],[1,3],[3,1]]]>, test_5(java_testcases.junit.HANOI_Test): expected:<[[1,[2],[1,1],[2,1]]]> but was:<[[1,[3],[1,2],[2,3]]]>]
07:36:08.188 [pool-83-thread-1] INFO  f.i.l.r.n.synth.SMTNopolSynthesizer - Not enough specifications: 0. A trivial patch is "true" or "false", please write new tests specifying SourceLocation java_programs.HANOI:22.
07:36:08.193 [pool-2-thread-1] DEBUG fr.inria.lille.repair.nopol.NoPol - statement #9
07:36:08.193 [pool-2-thread-1] DEBUG fr.inria.lille.repair.nopol.NoPol - Analysing SourceLocation java_programs.HANOI:21 which is executed by 7 tests
68507408
07:36:08.278 [pool-2-thread-1] DEBUG fr.inria.lille.repair.nopol.NoPol - looking with class fr.inria.lille.repair.nopol.spoon.smt.ConditionalAdder
07:36:08.568 [pool-99-thread-1] DEBUG tests.output - Failing tests with false: 
[test_2(java_testcases.junit.HANOI_Test): null, test_3(java_testcases.junit.HANOI_Test): null, test_0(java_testcases.junit.HANOI_Test): null, test_1(java_testcases.junit.HANOI_Test): null, test_6(java_testcases.junit.HANOI_Test): null, test_4(java_testcases.junit.HANOI_Test): null, test_5(java_testcases.junit.HANOI_Test): null]
07:36:08.568 [pool-99-thread-1] DEBUG tests.output - Failing tests with true: 
[test_2(java_testcases.junit.HANOI_Test): expected:<[[1,[3],[1,2],[3,2],[1,3],[2,1],[2,3],[1,3]]]> but was:<[[1,[2],[1,3],[3,1],[1,2],[2,3],[2,1],[1,2]]]>, test_3(java_testcases.junit.HANOI_Test): expected:<[[1,[2],[1,3],[2,3],[1,2],[3,1],[3,2],[1,2],[1,3],[2,3],[2,1],[3,1],[2,3],[1,2],[1,3],[2,3]]]> but was:<[[1,[3],[1,2],[2,1],[1,3],[3,2],[3,1],[1,3],[1,2],[2,1],[2,3],[3,2],[2,1],[1,3],[1,2],[2,1]]]>, test_0(java_testcases.junit.HANOI_Test): expected:<[[1,[3]]]> but was:<[[1,[2]]]>, test_1(java_testcases.junit.HANOI_Test): expected:<[[1,[2],[1,3],[2,3]]]> but was:<[[1,[3],[1,2],[2,1]]]>, test_6(java_testcases.junit.HANOI_Test): expected:<[[3,[2],[3,1],[2,1]]]> but was:<[[3,[1],[3,2],[2,3]]]>, test_4(java_testcases.junit.HANOI_Test): expected:<[[1,[3],[1,2],[3,2]]]> but was:<[[1,[2],[1,3],[3,1]]]>, test_5(java_testcases.junit.HANOI_Test): expected:<[[1,[2],[1,1],[2,1]]]> but was:<[[1,[3],[1,2],[2,3]]]>]
07:36:08.568 [pool-99-thread-1] INFO  f.i.l.r.n.synth.SMTNopolSynthesizer - Not enough specifications: 0. A trivial patch is "true" or "false", please write new tests specifying SourceLocation java_programs.HANOI:21.
07:36:08.568 [pool-2-thread-1] DEBUG fr.inria.lille.repair.nopol.NoPol - statement #10
07:36:08.569 [pool-2-thread-1] DEBUG fr.inria.lille.repair.nopol.NoPol - Analysing SourceLocation java_programs.HANOI:20 which is executed by 7 tests
68507408
07:36:08.644 [pool-2-thread-1] DEBUG fr.inria.lille.repair.nopol.NoPol - looking with class fr.inria.lille.repair.nopol.spoon.smt.ConditionalAdder
07:36:08.927 [pool-115-thread-1] DEBUG tests.output - Failing tests with false: 
[test_2(java_testcases.junit.HANOI_Test): null, test_3(java_testcases.junit.HANOI_Test): null, test_0(java_testcases.junit.HANOI_Test): expected:<[[1,[3]]]> but was:<[[1,[2]]]>, test_1(java_testcases.junit.HANOI_Test): null, test_6(java_testcases.junit.HANOI_Test): null, test_4(java_testcases.junit.HANOI_Test): null, test_5(java_testcases.junit.HANOI_Test): expected:<[[1,[2],[1,1],[2,1]]]> but was:<[[1,[3],[1,2],[2,3]]]>]
07:36:08.927 [pool-115-thread-1] DEBUG tests.output - Failing tests with true: 
[test_2(java_testcases.junit.HANOI_Test): expected:<[[1,[3],[1,2],[3,2],[1,3],[2,1],[2,3],[1,3]]]> but was:<[[1,[2],[1,3],[3,1],[1,2],[2,3],[2,1],[1,2]]]>, test_3(java_testcases.junit.HANOI_Test): expected:<[[1,[2],[1,3],[2,3],[1,2],[3,1],[3,2],[1,2],[1,3],[2,3],[2,1],[3,1],[2,3],[1,2],[1,3],[2,3]]]> but was:<[[1,[3],[1,2],[2,1],[1,3],[3,2],[3,1],[1,3],[1,2],[2,1],[2,3],[3,2],[2,1],[1,3],[1,2],[2,1]]]>, test_0(java_testcases.junit.HANOI_Test): expected:<[[1,[3]]]> but was:<[[1,[2]]]>, test_1(java_testcases.junit.HANOI_Test): expected:<[[1,[2],[1,3],[2,3]]]> but was:<[[1,[3],[1,2],[2,1]]]>, test_6(java_testcases.junit.HANOI_Test): expected:<[[3,[2],[3,1],[2,1]]]> but was:<[[3,[1],[3,2],[2,3]]]>, test_4(java_testcases.junit.HANOI_Test): expected:<[[1,[3],[1,2],[3,2]]]> but was:<[[1,[2],[1,3],[3,1]]]>, test_5(java_testcases.junit.HANOI_Test): expected:<[[1,[2],[1,1],[2,1]]]> but was:<[[1,[3],[1,2],[2,3]]]>]
07:36:08.928 [pool-115-thread-1] INFO  f.i.l.r.n.synth.SMTNopolSynthesizer - Not enough specifications: 0. A trivial patch is "true" or "false", please write new tests specifying SourceLocation java_programs.HANOI:20.
07:36:08.928 [pool-2-thread-1] DEBUG fr.inria.lille.repair.nopol.NoPol - statement #11
07:36:08.929 [pool-2-thread-1] DEBUG fr.inria.lille.repair.nopol.NoPol - Analysing SourceLocation java_programs.HANOI:19 which is executed by 7 tests
68507408
07:36:08.984 [pool-2-thread-1] DEBUG fr.inria.lille.repair.nopol.NoPol - statement #12
07:36:08.984 [pool-2-thread-1] DEBUG fr.inria.lille.repair.nopol.NoPol - Analysing SourceLocation java_programs.HANOI:18 which is executed by 7 tests
68507408
07:36:09.062 [pool-2-thread-1] DEBUG fr.inria.lille.repair.nopol.NoPol - looking with class fr.inria.lille.repair.nopol.spoon.smt.ConditionalAdder
07:36:09.421 [pool-131-thread-1] DEBUG tests.output - Failing tests with false: 
[test_2(java_testcases.junit.HANOI_Test): expected:<[[[1,3],[1,2],[3,2],[1,3],[2,1],[2,3],[1,3]]]> but was:<[[]]>, test_3(java_testcases.junit.HANOI_Test): expected:<[[[1,2],[1,3],[2,3],[1,2],[3,1],[3,2],[1,2],[1,3],[2,3],[2,1],[3,1],[2,3],[1,2],[1,3],[2,3]]]> but was:<[[]]>, test_0(java_testcases.junit.HANOI_Test): expected:<[[[1,3]]]> but was:<[[]]>, test_1(java_testcases.junit.HANOI_Test): expected:<[[[1,2],[1,3],[2,3]]]> but was:<[[]]>, test_6(java_testcases.junit.HANOI_Test): expected:<[[[3,2],[3,1],[2,1]]]> but was:<[[]]>, test_4(java_testcases.junit.HANOI_Test): expected:<[[[1,3],[1,2],[3,2]]]> but was:<[[]]>, test_5(java_testcases.junit.HANOI_Test): expected:<[[[1,2],[1,1],[2,1]]]> but was:<[[]]>]
07:36:09.422 [pool-131-thread-1] DEBUG tests.output - Failing tests with true: 
[test_2(java_testcases.junit.HANOI_Test): expected:<[[1,[3],[1,2],[3,2],[1,3],[2,1],[2,3],[1,3]]]> but was:<[[1,[2],[1,3],[3,1],[1,2],[2,3],[2,1],[1,2]]]>, test_3(java_testcases.junit.HANOI_Test): expected:<[[1,[2],[1,3],[2,3],[1,2],[3,1],[3,2],[1,2],[1,3],[2,3],[2,1],[3,1],[2,3],[1,2],[1,3],[2,3]]]> but was:<[[1,[3],[1,2],[2,1],[1,3],[3,2],[3,1],[1,3],[1,2],[2,1],[2,3],[3,2],[2,1],[1,3],[1,2],[2,1]]]>, test_0(java_testcases.junit.HANOI_Test): expected:<[[1,[3]]]> but was:<[[1,[2]]]>, test_1(java_testcases.junit.HANOI_Test): expected:<[[1,[2],[1,3],[2,3]]]> but was:<[[1,[3],[1,2],[2,1]]]>, test_6(java_testcases.junit.HANOI_Test): expected:<[[3,[2],[3,1],[2,1]]]> but was:<[[3,[1],[3,2],[2,3]]]>, test_4(java_testcases.junit.HANOI_Test): expected:<[[1,[3],[1,2],[3,2]]]> but was:<[[1,[2],[1,3],[3,1]]]>, test_5(java_testcases.junit.HANOI_Test): expected:<[[1,[2],[1,1],[2,1]]]> but was:<[[1,[3],[1,2],[2,3]]]>]
07:36:09.422 [pool-131-thread-1] INFO  f.i.l.r.n.synth.SMTNopolSynthesizer - Not enough specifications: 0. A trivial patch is "true" or "false", please write new tests specifying SourceLocation java_programs.HANOI:18.
07:36:09.422 [pool-2-thread-1] DEBUG fr.inria.lille.repair.nopol.NoPol - looking with class fr.inria.lille.repair.nopol.spoon.smt.ConditionalReplacer
07:36:27.998 [pool-147-thread-1] DEBUG tests.output - Failing tests with false: 
[test_2(java_testcases.junit.HANOI_Test): expected:<[[[1,3],[1,2],[3,2],[1,3],[2,1],[2,3],[1,3]]]> but was:<[[]]>, test_3(java_testcases.junit.HANOI_Test): expected:<[[[1,2],[1,3],[2,3],[1,2],[3,1],[3,2],[1,2],[1,3],[2,3],[2,1],[3,1],[2,3],[1,2],[1,3],[2,3]]]> but was:<[[]]>, test_0(java_testcases.junit.HANOI_Test): expected:<[[[1,3]]]> but was:<[[]]>, test_1(java_testcases.junit.HANOI_Test): expected:<[[[1,2],[1,3],[2,3]]]> but was:<[[]]>, test_6(java_testcases.junit.HANOI_Test): expected:<[[[3,2],[3,1],[2,1]]]> but was:<[[]]>, test_4(java_testcases.junit.HANOI_Test): expected:<[[[1,3],[1,2],[3,2]]]> but was:<[[]]>, test_5(java_testcases.junit.HANOI_Test): expected:<[[[1,2],[1,1],[2,1]]]> but was:<[[]]>]
07:36:27.999 [pool-147-thread-1] DEBUG tests.output - Failing tests with true: 
[test_2(java_testcases.junit.HANOI_Test): null, test_3(java_testcases.junit.HANOI_Test): test timed out after 3000 milliseconds, test_0(java_testcases.junit.HANOI_Test): test timed out after 3000 milliseconds, test_1(java_testcases.junit.HANOI_Test): test timed out after 3000 milliseconds, test_6(java_testcases.junit.HANOI_Test): test timed out after 3000 milliseconds, test_4(java_testcases.junit.HANOI_Test): test timed out after 3000 milliseconds, test_5(java_testcases.junit.HANOI_Test): test timed out after 3000 milliseconds]
07:36:27.999 [pool-147-thread-1] INFO  f.i.l.r.n.synth.SMTNopolSynthesizer - Not enough specifications: 0. A trivial patch is "true" or "false", please write new tests specifying SourceLocation java_programs.HANOI:18.
07:36:27.999 [pool-2-thread-1] DEBUG fr.inria.lille.repair.nopol.NoPol - statement #13
07:36:27.999 [pool-2-thread-1] DEBUG fr.inria.lille.repair.nopol.NoPol - Analysing SourceLocation java_programs.HANOI:16 which is executed by 7 tests
68507408
07:36:28.267 [pool-2-thread-1] DEBUG fr.inria.lille.repair.nopol.NoPol - statement #14
07:36:28.268 [pool-2-thread-1] DEBUG fr.inria.lille.repair.nopol.NoPol - Analysing SourceLocation java_testcases.junit.QuixFixOracleHelper:44 which is executed by 7 tests
07:36:28.270 [pool-2-thread-1] DEBUG fr.inria.lille.repair.nopol.NoPol - cannot spoon SourceLocation java_testcases.junit.QuixFixOracleHelper:44
07:36:28.271 [pool-2-thread-1] DEBUG fr.inria.lille.repair.nopol.NoPol - statement #15
07:36:28.271 [pool-2-thread-1] DEBUG fr.inria.lille.repair.nopol.NoPol - Analysing SourceLocation java_testcases.junit.QuixFixOracleHelper:41 which is executed by 7 tests
07:36:28.271 [pool-2-thread-1] DEBUG fr.inria.lille.repair.nopol.NoPol - cannot spoon SourceLocation java_testcases.junit.QuixFixOracleHelper:41
07:36:28.271 [pool-2-thread-1] DEBUG fr.inria.lille.repair.nopol.NoPol - statement #16
07:36:28.271 [pool-2-thread-1] DEBUG fr.inria.lille.repair.nopol.NoPol - Analysing SourceLocation java_testcases.junit.QuixFixOracleHelper:38 which is executed by 7 tests
07:36:28.271 [pool-2-thread-1] DEBUG fr.inria.lille.repair.nopol.NoPol - cannot spoon SourceLocation java_testcases.junit.QuixFixOracleHelper:38
07:36:28.271 [pool-2-thread-1] DEBUG fr.inria.lille.repair.nopol.NoPol - statement #17
07:36:28.271 [pool-2-thread-1] DEBUG fr.inria.lille.repair.nopol.NoPol - Analysing SourceLocation java_testcases.junit.QuixFixOracleHelper:37 which is executed by 7 tests
07:36:28.271 [pool-2-thread-1] DEBUG fr.inria.lille.repair.nopol.NoPol - cannot spoon SourceLocation java_testcases.junit.QuixFixOracleHelper:37
07:36:28.271 [pool-2-thread-1] DEBUG fr.inria.lille.repair.nopol.NoPol - statement #18
07:36:28.271 [pool-2-thread-1] DEBUG fr.inria.lille.repair.nopol.NoPol - Analysing SourceLocation java_testcases.junit.QuixFixOracleHelper:35 which is executed by 7 tests
07:36:28.271 [pool-2-thread-1] DEBUG fr.inria.lille.repair.nopol.NoPol - cannot spoon SourceLocation java_testcases.junit.QuixFixOracleHelper:35
07:36:28.271 [pool-2-thread-1] DEBUG fr.inria.lille.repair.nopol.NoPol - statement #19
07:36:28.271 [pool-2-thread-1] DEBUG fr.inria.lille.repair.nopol.NoPol - Analysing SourceLocation java_testcases.junit.QuixFixOracleHelper:32 which is executed by 7 tests
07:36:28.271 [pool-2-thread-1] DEBUG fr.inria.lille.repair.nopol.NoPol - cannot spoon SourceLocation java_testcases.junit.QuixFixOracleHelper:32
07:36:28.271 [pool-2-thread-1] DEBUG fr.inria.lille.repair.nopol.NoPol - statement #20
07:36:28.271 [pool-2-thread-1] DEBUG fr.inria.lille.repair.nopol.NoPol - Analysing SourceLocation java_testcases.junit.QuixFixOracleHelper:31 which is executed by 7 tests
07:36:28.271 [pool-2-thread-1] DEBUG fr.inria.lille.repair.nopol.NoPol - cannot spoon SourceLocation java_testcases.junit.QuixFixOracleHelper:31
07:36:28.271 [pool-2-thread-1] DEBUG fr.inria.lille.repair.nopol.NoPol - statement #21
07:36:28.271 [pool-2-thread-1] DEBUG fr.inria.lille.repair.nopol.NoPol - Analysing SourceLocation java_testcases.junit.QuixFixOracleHelper:30 which is executed by 7 tests
07:36:28.271 [pool-2-thread-1] DEBUG fr.inria.lille.repair.nopol.NoPol - cannot spoon SourceLocation java_testcases.junit.QuixFixOracleHelper:30
07:36:28.271 [pool-2-thread-1] DEBUG fr.inria.lille.repair.nopol.NoPol - statement #22
07:36:28.271 [pool-2-thread-1] DEBUG fr.inria.lille.repair.nopol.NoPol - Analysing SourceLocation java_testcases.junit.QuixFixOracleHelper:29 which is executed by 7 tests
07:36:28.272 [pool-2-thread-1] DEBUG fr.inria.lille.repair.nopol.NoPol - cannot spoon SourceLocation java_testcases.junit.QuixFixOracleHelper:29
07:36:28.272 [pool-2-thread-1] DEBUG fr.inria.lille.repair.nopol.NoPol - statement #23
07:36:28.272 [pool-2-thread-1] DEBUG fr.inria.lille.repair.nopol.NoPol - Analysing SourceLocation java_testcases.junit.QuixFixOracleHelper:28 which is executed by 7 tests
07:36:28.272 [pool-2-thread-1] DEBUG fr.inria.lille.repair.nopol.NoPol - cannot spoon SourceLocation java_testcases.junit.QuixFixOracleHelper:28
07:36:28.272 [pool-2-thread-1] DEBUG fr.inria.lille.repair.nopol.NoPol - statement #24
07:36:28.272 [pool-2-thread-1] DEBUG fr.inria.lille.repair.nopol.NoPol - Analysing SourceLocation java_testcases.junit.QuixFixOracleHelper:27 which is executed by 7 tests
07:36:28.272 [pool-2-thread-1] DEBUG fr.inria.lille.repair.nopol.NoPol - cannot spoon SourceLocation java_testcases.junit.QuixFixOracleHelper:27
07:36:28.272 [pool-2-thread-1] DEBUG fr.inria.lille.repair.nopol.NoPol - statement #25
07:36:28.272 [pool-2-thread-1] DEBUG fr.inria.lille.repair.nopol.NoPol - Analysing SourceLocation java_testcases.junit.QuixFixOracleHelper:26 which is executed by 7 tests
07:36:28.272 [pool-2-thread-1] DEBUG fr.inria.lille.repair.nopol.NoPol - cannot spoon SourceLocation java_testcases.junit.QuixFixOracleHelper:26
07:36:28.272 [pool-2-thread-1] DEBUG fr.inria.lille.repair.nopol.NoPol - statement #26
07:36:28.272 [pool-2-thread-1] DEBUG fr.inria.lille.repair.nopol.NoPol - Analysing SourceLocation java_testcases.junit.QuixFixOracleHelper:22 which is executed by 7 tests
07:36:28.272 [pool-2-thread-1] DEBUG fr.inria.lille.repair.nopol.NoPol - cannot spoon SourceLocation java_testcases.junit.QuixFixOracleHelper:22
07:36:28.272 [pool-2-thread-1] DEBUG fr.inria.lille.repair.nopol.NoPol - statement #27
07:36:28.272 [pool-2-thread-1] DEBUG fr.inria.lille.repair.nopol.NoPol - Analysing SourceLocation java_testcases.junit.QuixFixOracleHelper:21 which is executed by 7 tests
07:36:28.272 [pool-2-thread-1] DEBUG fr.inria.lille.repair.nopol.NoPol - cannot spoon SourceLocation java_testcases.junit.QuixFixOracleHelper:21
07:36:28.272 [pool-2-thread-1] DEBUG fr.inria.lille.repair.nopol.NoPol - statement #28
07:36:28.272 [pool-2-thread-1] DEBUG fr.inria.lille.repair.nopol.NoPol - Analysing SourceLocation java_testcases.junit.QuixFixOracleHelper:16 which is executed by 7 tests
07:36:28.272 [pool-2-thread-1] DEBUG fr.inria.lille.repair.nopol.NoPol - cannot spoon SourceLocation java_testcases.junit.QuixFixOracleHelper:16
07:36:28.272 [pool-2-thread-1] DEBUG fr.inria.lille.repair.nopol.NoPol - statement #29
07:36:28.272 [pool-2-thread-1] DEBUG fr.inria.lille.repair.nopol.NoPol - Analysing SourceLocation java_testcases.junit.QuixFixOracleHelper:15 which is executed by 7 tests
07:36:28.272 [pool-2-thread-1] DEBUG fr.inria.lille.repair.nopol.NoPol - cannot spoon SourceLocation java_testcases.junit.QuixFixOracleHelper:15
07:36:28.272 [pool-2-thread-1] DEBUG fr.inria.lille.repair.nopol.NoPol - statement #30
07:36:28.272 [pool-2-thread-1] DEBUG fr.inria.lille.repair.nopol.NoPol - Analysing SourceLocation java_testcases.junit.QuixFixOracleHelper:14 which is executed by 7 tests
07:36:28.273 [pool-2-thread-1] DEBUG fr.inria.lille.repair.nopol.NoPol - cannot spoon SourceLocation java_testcases.junit.QuixFixOracleHelper:14
07:36:28.273 [pool-2-thread-1] DEBUG fr.inria.lille.repair.nopol.NoPol - statement #31
07:36:28.273 [pool-2-thread-1] DEBUG fr.inria.lille.repair.nopol.NoPol - Analysing SourceLocation java_programs.HANOI$Pair:62 which is executed by 7 tests
68507408
07:36:28.542 [pool-2-thread-1] INFO  fr.inria.lille.repair.nopol.NoPol - ----INFORMATION----
07:36:28.602 [pool-2-thread-1] INFO  fr.inria.lille.repair.nopol.NoPol - Nb classes : 3
07:36:28.602 [pool-2-thread-1] INFO  fr.inria.lille.repair.nopol.NoPol - Nb methods : 9
07:36:28.602 [pool-2-thread-1] INFO  fr.inria.lille.repair.nopol.NoPol - Nb Statements Analyzed : 10
07:36:28.602 [pool-2-thread-1] INFO  fr.inria.lille.repair.nopol.NoPol - Nb Statements with Angelic Value Found : 0
07:36:28.602 [pool-2-thread-1] INFO  fr.inria.lille.repair.nopol.NoPol - Nb inputs in SMT : 0
07:36:28.635 [pool-2-thread-1] INFO  fr.inria.lille.repair.nopol.NoPol - Nb SMT level: 0
07:36:28.636 [pool-2-thread-1] INFO  fr.inria.lille.repair.nopol.NoPol - Nb variables in SMT : 0
07:36:28.636 [pool-2-thread-1] INFO  fr.inria.lille.repair.nopol.NoPol - NoPol Execution time : 42844ms
07:36:28.636 [pool-2-thread-1] INFO  fr.inria.lille.repair.nopol.NoPol - 
NO_ANGELIC_VALUE

real	0m43.717s
user	0m27.294s
sys	0m11.517s
\n\nNode: hpc060.ncg.ingrid.pt\n
\n\nDate: Wed Mar 31 07:36:29 EDT 2021\n
