cd /users2/cpca56132020/moliveira/folders/Nopol_QUIXBUGS_SHORTEST_PATHS/Nopol_QuixBugs_SHORTEST_PATHS_;
export JAVA_TOOL_OPTIONS="-Dfile.encoding=UTF8 -Duser.language=en-US -Duser.country=US -Duser.language=en";
TZ="America/New_York"; export TZ;
export PATH="/users2/cpca56132020/moliveira/deps/jdk-8/bin:$PATH";
export JAVA_HOME="/users2/cpca56132020/moliveira/deps/jdk-8/bin";
time java -Xmx4g -Xms1g -cp /users2/cpca56132020/moliveira/RepairThemAll/script/../repair_tools/nopol.jar:/users2/cpca56132020/moliveira/deps/jdk-8/bin/../lib/tools.jar fr.inria.lille.repair.Main \
	--mode repair \
	--type pre_then_cond \
	--oracle angelic \
	--synthesis smt \
	--flocal gzoltar \
	--json \
	--solver z3 \
	--solver-path /users2/cpca56132020/moliveira/RepairThemAll/script/../libs/z3/build/z3 \
	--complianceLevel 8 \
	--source src/main/java \
	--classpath "target/classes:target/test-classes:/users2/cpca56132020/moliveira/.m2/repository/junit/junit/4.11/junit-4.11.jar:/users2/cpca56132020/moliveira/.m2/repository/org/hamcrest/hamcrest-core/1.3/hamcrest-core-1.3.jar:/users2/cpca56132020/moliveira/RepairThemAll/script/../repair_tools/nopol.jar";
	echo "\n\nNode: `hostname`\n";
	echo "\n\nDate: `date`\n";
Picked up JAVA_TOOL_OPTIONS: -Dfile.encoding=UTF8 -Duser.language=en-US -Duser.country=US -Duser.language=en
07:35:41.466 [main] INFO  fr.inria.lille.repair.nopol.NoPol - Source files: [src/main/java]
07:35:41.473 [main] INFO  fr.inria.lille.repair.nopol.NoPol - Classpath: [file:/users2/cpca56132020/moliveira/folders/Nopol_QUIXBUGS_SHORTEST_PATHS/Nopol_QuixBugs_SHORTEST_PATHS_/target/classes/, file:/users2/cpca56132020/moliveira/folders/Nopol_QUIXBUGS_SHORTEST_PATHS/Nopol_QuixBugs_SHORTEST_PATHS_/target/test-classes/, file:/users2/cpca56132020/moliveira/.m2/repository/junit/junit/4.11/junit-4.11.jar, file:/users2/cpca56132020/moliveira/.m2/repository/org/hamcrest/hamcrest-core/1.3/hamcrest-core-1.3.jar, file:/users2/cpca56132020/moliveira/RepairThemAll/script/../repair_tools/nopol.jar]
07:35:41.473 [main] INFO  fr.inria.lille.repair.nopol.NoPol - Statement type: PRE_THEN_COND
07:35:41.474 [main] INFO  fr.inria.lille.repair.nopol.NoPol - Args: [java_testcases.junit.SHORTEST_PATHS_Test]
07:35:41.476 [main] INFO  fr.inria.lille.repair.nopol.NoPol - Config: Config{synthesisDepth=3, collectStaticMethods=true, collectStaticFields=false, collectLiterals=false, onlyOneSynthesisResult=true, sortExpressions=true, maxLineInvocationPerTest=250, timeoutMethodInvocation=2000, dataCollectionTimeoutInSecondForSynthesis=900, addWeight=0.19478, subWeight=0.04554, mulWeight=0.0102, divWeight=0.00613, andWeight=0.10597, orWeight=0.05708, eqWeight=0.22798, nEqWeight=0.0, lessEqWeight=0.0255, lessWeight=0.0947, methodCallWeight=0.1, fieldAccessWeight=0.08099, constantWeight=0.14232, variableWeight=0.05195, mode=REPAIR, type=PRE_THEN_COND, synthesis=SMT, oracle=ANGELIC, solver=Z3, solverPath='/users2/cpca56132020/moliveira/RepairThemAll/script/../libs/z3/build/z3', projectSources=[src/main/java], projectClasspath='[Ljava.net.URL;@16c0663d', projectTests=[java_testcases.junit.SHORTEST_PATHS_Test], complianceLevel=8, outputFolder=., json=true}
07:35:41.476 [main] INFO  fr.inria.lille.repair.nopol.NoPol - Available processors (cores): 1
07:35:41.479 [main] INFO  fr.inria.lille.repair.nopol.NoPol - Free memory: 968 MB
07:35:41.479 [main] INFO  fr.inria.lille.repair.nopol.NoPol - Maximum memory: 3 GB
07:35:41.479 [main] INFO  fr.inria.lille.repair.nopol.NoPol - Total memory available to JVM: 989 MB
07:35:41.479 [main] INFO  fr.inria.lille.repair.nopol.NoPol - Java version: 1.8.0_282
07:35:41.483 [main] INFO  fr.inria.lille.repair.nopol.NoPol - JAVA_HOME: /users2/cpca56132020/moliveira/deps/jdk-8/bin
07:35:41.483 [main] INFO  fr.inria.lille.repair.nopol.NoPol - PATH: /users2/cpca56132020/moliveira/deps/jdk-8/bin:/users2/cpca56132020/moliveira/deps/Maven/apache-maven/bin:/users2/cpca56132020/moliveira/deps/Gradle/gradle-6.8.3/bin:/usr/condabin:/usr/local/bin:/usr/bin:/usr/local/sbin:/usr/sbin:/users2/cpca56132020/moliveira/.local/bin:/users2/cpca56132020/moliveira/bin
07:35:53.419 [pool-2-thread-1] DEBUG fr.inria.lille.repair.nopol.NoPol - statement #1
07:35:53.422 [pool-2-thread-1] DEBUG fr.inria.lille.repair.nopol.NoPol - Analysing SourceLocation java_programs.SHORTEST_PATHS:33 which is executed by 3 tests
797970394
07:35:53.705 [pool-2-thread-1] DEBUG fr.inria.lille.repair.nopol.NoPol - statement #2
07:35:53.705 [pool-2-thread-1] DEBUG fr.inria.lille.repair.nopol.NoPol - Analysing SourceLocation java_programs.SHORTEST_PATHS:31 which is executed by 3 tests
797970394
07:35:53.802 [pool-2-thread-1] DEBUG fr.inria.lille.repair.nopol.NoPol - statement #3
07:35:53.802 [pool-2-thread-1] DEBUG fr.inria.lille.repair.nopol.NoPol - Analysing SourceLocation java_programs.SHORTEST_PATHS:30 which is executed by 3 tests
797970394
07:35:53.909 [pool-2-thread-1] DEBUG fr.inria.lille.repair.nopol.NoPol - looking with class fr.inria.lille.repair.nopol.spoon.smt.ConditionalAdder
07:35:54.901 [pool-3-thread-1] DEBUG tests.output - Failing tests with false: 
[test3(java_testcases.junit.SHORTEST_PATHS_Test): expected:<(A,0)(B,[1)(C,3)(D,6)(E,5)(F,]9)> but was:<(A,0)(B,[99999)(C,99999)(D,99999)(E,99999)(F,9999]9)>, test2(java_testcases.junit.SHORTEST_PATHS_Test): expected:<(A,0)(B,[1)(C,3)(D,6)(E,5)(F,]9)> but was:<(A,0)(B,[99999)(C,99999)(D,99999)(E,99999)(F,9999]9)>, test1(java_testcases.junit.SHORTEST_PATHS_Test): expected:<(A,0)(B,[1)(C,3)(D,10)(E,5)(F,4])> but was:<(A,0)(B,[99999)(C,99999)(D,99999)(E,99999)(F,99999])>]
07:35:54.902 [pool-3-thread-1] DEBUG tests.output - Failing tests with true: 
[test3(java_testcases.junit.SHORTEST_PATHS_Test): expected:<(A,0)(B,[1)(C,3)(D,6)(E,5)(F,]9)> but was:<(A,0)(B,[99999)(C,99999)(D,99999)(E,99999)(F,9999]9)>, test2(java_testcases.junit.SHORTEST_PATHS_Test): expected:<(A,0)(B,[1)(C,3)(D,6)(E,5)(F,]9)> but was:<(A,0)(B,[99999)(C,99999)(D,99999)(E,99999)(F,9999]9)>, test1(java_testcases.junit.SHORTEST_PATHS_Test): expected:<(A,0)(B,[1)(C,3)(D,10)(E,5)(F,4])> but was:<(A,0)(B,[99999)(C,99999)(D,99999)(E,99999)(F,99999])>]
07:35:54.902 [pool-3-thread-1] INFO  f.i.l.r.n.synth.SMTNopolSynthesizer - Not enough specifications: 0. A trivial patch is "true" or "false", please write new tests specifying SourceLocation java_programs.SHORTEST_PATHS:30.
07:35:54.903 [pool-2-thread-1] DEBUG fr.inria.lille.repair.nopol.NoPol - statement #4
07:35:54.903 [pool-2-thread-1] DEBUG fr.inria.lille.repair.nopol.NoPol - Analysing SourceLocation java_programs.SHORTEST_PATHS:29 which is executed by 3 tests
797970394
07:35:54.993 [pool-2-thread-1] DEBUG fr.inria.lille.repair.nopol.NoPol - statement #5
07:35:54.993 [pool-2-thread-1] DEBUG fr.inria.lille.repair.nopol.NoPol - Analysing SourceLocation java_programs.SHORTEST_PATHS:28 which is executed by 3 tests
797970394
07:35:55.102 [pool-2-thread-1] DEBUG fr.inria.lille.repair.nopol.NoPol - statement #6
07:35:55.103 [pool-2-thread-1] DEBUG fr.inria.lille.repair.nopol.NoPol - Analysing SourceLocation java_programs.SHORTEST_PATHS:27 which is executed by 3 tests
797970394
07:35:55.184 [pool-2-thread-1] DEBUG fr.inria.lille.repair.nopol.NoPol - statement #7
07:35:55.187 [pool-2-thread-1] DEBUG fr.inria.lille.repair.nopol.NoPol - Analysing SourceLocation java_programs.SHORTEST_PATHS:26 which is executed by 3 tests
797970394
07:35:55.287 [pool-2-thread-1] DEBUG fr.inria.lille.repair.nopol.NoPol - statement #8
07:35:55.288 [pool-2-thread-1] DEBUG fr.inria.lille.repair.nopol.NoPol - Analysing SourceLocation java_programs.SHORTEST_PATHS:25 which is executed by 3 tests
797970394
07:35:55.384 [pool-2-thread-1] DEBUG fr.inria.lille.repair.nopol.NoPol - looking with class fr.inria.lille.repair.nopol.spoon.smt.ConditionalAdder
07:35:55.764 [pool-11-thread-1] DEBUG tests.output - Failing tests with false: 
[test3(java_testcases.junit.SHORTEST_PATHS_Test): expected:<(A,0)(B,[1)(C,3)(D,6)(E,5)(F,]9)> but was:<(A,0)(B,[99999)(C,99999)(D,99999)(E,99999)(F,9999]9)>, test2(java_testcases.junit.SHORTEST_PATHS_Test): expected:<(A,0)(B,[1)(C,3)(D,6)(E,5)(F,]9)> but was:<(A,0)(B,[99999)(C,99999)(D,99999)(E,99999)(F,9999]9)>, test1(java_testcases.junit.SHORTEST_PATHS_Test): expected:<(A,0)(B,[1)(C,3)(D,10)(E,5)(F,4])> but was:<(A,0)(B,[99999)(C,99999)(D,99999)(E,99999)(F,99999])>]
07:35:55.764 [pool-11-thread-1] DEBUG tests.output - Failing tests with true: 
[test3(java_testcases.junit.SHORTEST_PATHS_Test): expected:<(A,0)(B,[1)(C,3)(D,6)(E,5)(F,]9)> but was:<(A,0)(B,[99999)(C,99999)(D,99999)(E,99999)(F,9999]9)>, test2(java_testcases.junit.SHORTEST_PATHS_Test): expected:<(A,0)(B,[1)(C,3)(D,6)(E,5)(F,]9)> but was:<(A,0)(B,[99999)(C,99999)(D,99999)(E,99999)(F,9999]9)>, test1(java_testcases.junit.SHORTEST_PATHS_Test): expected:<(A,0)(B,[1)(C,3)(D,10)(E,5)(F,4])> but was:<(A,0)(B,[99999)(C,99999)(D,99999)(E,99999)(F,99999])>]
07:35:55.764 [pool-11-thread-1] INFO  f.i.l.r.n.synth.SMTNopolSynthesizer - Not enough specifications: 0. A trivial patch is "true" or "false", please write new tests specifying SourceLocation java_programs.SHORTEST_PATHS:25.
07:35:55.764 [pool-2-thread-1] DEBUG fr.inria.lille.repair.nopol.NoPol - statement #9
07:35:55.764 [pool-2-thread-1] DEBUG fr.inria.lille.repair.nopol.NoPol - Analysing SourceLocation java_programs.SHORTEST_PATHS:24 which is executed by 3 tests
797970394
07:35:55.853 [pool-2-thread-1] DEBUG fr.inria.lille.repair.nopol.NoPol - looking with class fr.inria.lille.repair.nopol.spoon.smt.ConditionalAdder
07:35:56.144 [pool-19-thread-1] DEBUG tests.output - Failing tests with false: 
[test3(java_testcases.junit.SHORTEST_PATHS_Test): expected:<(A,0)(B,[1)(C,3)(D,6)(E,5)(F,]9)> but was:<(A,0)(B,[99999)(C,99999)(D,99999)(E,99999)(F,9999]9)>, test2(java_testcases.junit.SHORTEST_PATHS_Test): expected:<(A,0)(B,[1)(C,3)(D,6)(E,5)(F,]9)> but was:<(A,0)(B,[99999)(C,99999)(D,99999)(E,99999)(F,9999]9)>, test1(java_testcases.junit.SHORTEST_PATHS_Test): expected:<(A,0)(B,[1)(C,3)(D,10)(E,5)(F,4])> but was:<(A,0)(B,[99999)(C,99999)(D,99999)(E,99999)(F,99999])>]
07:35:56.144 [pool-19-thread-1] DEBUG tests.output - Failing tests with true: 
[test3(java_testcases.junit.SHORTEST_PATHS_Test): expected:<(A,0)(B,[1)(C,3)(D,6)(E,5)(F,]9)> but was:<(A,0)(B,[99999)(C,99999)(D,99999)(E,99999)(F,9999]9)>, test2(java_testcases.junit.SHORTEST_PATHS_Test): expected:<(A,0)(B,[1)(C,3)(D,6)(E,5)(F,]9)> but was:<(A,0)(B,[99999)(C,99999)(D,99999)(E,99999)(F,9999]9)>, test1(java_testcases.junit.SHORTEST_PATHS_Test): expected:<(A,0)(B,[1)(C,3)(D,10)(E,5)(F,4])> but was:<(A,0)(B,[99999)(C,99999)(D,99999)(E,99999)(F,99999])>]
07:35:56.144 [pool-19-thread-1] INFO  f.i.l.r.n.synth.SMTNopolSynthesizer - Not enough specifications: 0. A trivial patch is "true" or "false", please write new tests specifying SourceLocation java_programs.SHORTEST_PATHS:24.
07:35:56.144 [pool-2-thread-1] DEBUG fr.inria.lille.repair.nopol.NoPol - statement #10
07:35:56.145 [pool-2-thread-1] DEBUG fr.inria.lille.repair.nopol.NoPol - Analysing SourceLocation java_programs.SHORTEST_PATHS:23 which is executed by 3 tests
797970394
07:35:56.239 [pool-2-thread-1] DEBUG fr.inria.lille.repair.nopol.NoPol - looking with class fr.inria.lille.repair.nopol.spoon.smt.ConditionalAdder
07:35:56.542 [pool-27-thread-1] DEBUG tests.output - Failing tests with false: 
[test3(java_testcases.junit.SHORTEST_PATHS_Test): expected:<(A,[0)(B,1)(C,3)(D,6)(E,5)(F,]9)> but was:<(A,[99999)(B,99999)(C,99999)(D,99999)(E,99999)(F,9999]9)>, test2(java_testcases.junit.SHORTEST_PATHS_Test): expected:<(A,[0)(B,1)(C,3)(D,6)(E,5)(F,]9)> but was:<(A,[99999)(B,99999)(C,99999)(D,99999)(E,99999)(F,9999]9)>, test1(java_testcases.junit.SHORTEST_PATHS_Test): expected:<(A,[0)(B,1)(C,3)(D,10)(E,5)(F,4])> but was:<(A,[99999)(B,99999)(C,99999)(D,99999)(E,99999)(F,99999])>]
07:35:56.542 [pool-27-thread-1] DEBUG tests.output - Failing tests with true: 
[test3(java_testcases.junit.SHORTEST_PATHS_Test): expected:<(A,0)(B,[1)(C,3)(D,6)(E,5)(F,]9)> but was:<(A,0)(B,[99999)(C,99999)(D,99999)(E,99999)(F,9999]9)>, test2(java_testcases.junit.SHORTEST_PATHS_Test): expected:<(A,0)(B,[1)(C,3)(D,6)(E,5)(F,]9)> but was:<(A,0)(B,[99999)(C,99999)(D,99999)(E,99999)(F,9999]9)>, test1(java_testcases.junit.SHORTEST_PATHS_Test): expected:<(A,0)(B,[1)(C,3)(D,10)(E,5)(F,4])> but was:<(A,0)(B,[99999)(C,99999)(D,99999)(E,99999)(F,99999])>]
07:35:56.542 [pool-27-thread-1] INFO  f.i.l.r.n.synth.SMTNopolSynthesizer - Not enough specifications: 0. A trivial patch is "true" or "false", please write new tests specifying SourceLocation java_programs.SHORTEST_PATHS:23.
07:35:56.542 [pool-2-thread-1] DEBUG fr.inria.lille.repair.nopol.NoPol - statement #11
07:35:56.543 [pool-2-thread-1] DEBUG fr.inria.lille.repair.nopol.NoPol - Analysing SourceLocation java_programs.SHORTEST_PATHS:21 which is executed by 3 tests
797970394
07:35:56.622 [pool-2-thread-1] DEBUG fr.inria.lille.repair.nopol.NoPol - statement #12
07:35:56.623 [pool-2-thread-1] DEBUG fr.inria.lille.repair.nopol.NoPol - Analysing SourceLocation java_programs.SHORTEST_PATHS:20 which is executed by 3 tests
797970394
07:35:56.704 [pool-2-thread-1] DEBUG fr.inria.lille.repair.nopol.NoPol - looking with class fr.inria.lille.repair.nopol.spoon.smt.ConditionalAdder
07:35:56.977 [pool-35-thread-1] DEBUG tests.output - Failing tests with false: 
[test3(java_testcases.junit.SHORTEST_PATHS_Test): expected:<(A,0)(B,[1)(C,3)(D,6)(E,5)(F,]9)> but was:<(A,0)(B,[99999)(C,99999)(D,99999)(E,99999)(F,9999]9)>, test2(java_testcases.junit.SHORTEST_PATHS_Test): expected:<(A,0)(B,[1)(C,3)(D,6)(E,5)(F,]9)> but was:<(A,0)(B,[99999)(C,99999)(D,99999)(E,99999)(F,9999]9)>, test1(java_testcases.junit.SHORTEST_PATHS_Test): expected:<(A,0)(B,[1)(C,3)(D,10)(E,5)(F,4])> but was:<(A,0)(B,[99999)(C,99999)(D,99999)(E,99999)(F,99999])>]
07:35:56.977 [pool-35-thread-1] DEBUG tests.output - Failing tests with true: 
[test3(java_testcases.junit.SHORTEST_PATHS_Test): expected:<(A,0)(B,[1)(C,3)(D,6)(E,5)(F,]9)> but was:<(A,0)(B,[99999)(C,99999)(D,99999)(E,99999)(F,9999]9)>, test2(java_testcases.junit.SHORTEST_PATHS_Test): expected:<(A,0)(B,[1)(C,3)(D,6)(E,5)(F,]9)> but was:<(A,0)(B,[99999)(C,99999)(D,99999)(E,99999)(F,9999]9)>, test1(java_testcases.junit.SHORTEST_PATHS_Test): expected:<(A,0)(B,[1)(C,3)(D,10)(E,5)(F,4])> but was:<(A,0)(B,[99999)(C,99999)(D,99999)(E,99999)(F,99999])>]
07:35:56.977 [pool-35-thread-1] INFO  f.i.l.r.n.synth.SMTNopolSynthesizer - Not enough specifications: 0. A trivial patch is "true" or "false", please write new tests specifying SourceLocation java_programs.SHORTEST_PATHS:20.
07:35:56.977 [pool-2-thread-1] DEBUG fr.inria.lille.repair.nopol.NoPol - statement #13
07:35:56.977 [pool-2-thread-1] DEBUG fr.inria.lille.repair.nopol.NoPol - Analysing SourceLocation java_programs.SHORTEST_PATHS:19 which is executed by 3 tests
797970394
07:35:57.076 [pool-2-thread-1] DEBUG fr.inria.lille.repair.nopol.NoPol - looking with class fr.inria.lille.repair.nopol.spoon.smt.ConditionalAdder
07:35:57.341 [pool-43-thread-1] DEBUG tests.output - Failing tests with false: 
[test3(java_testcases.junit.SHORTEST_PATHS_Test): null, test2(java_testcases.junit.SHORTEST_PATHS_Test): null, test1(java_testcases.junit.SHORTEST_PATHS_Test): null]
07:35:57.342 [pool-43-thread-1] DEBUG tests.output - Failing tests with true: 
[test3(java_testcases.junit.SHORTEST_PATHS_Test): expected:<(A,0)(B,[1)(C,3)(D,6)(E,5)(F,]9)> but was:<(A,0)(B,[99999)(C,99999)(D,99999)(E,99999)(F,9999]9)>, test2(java_testcases.junit.SHORTEST_PATHS_Test): expected:<(A,0)(B,[1)(C,3)(D,6)(E,5)(F,]9)> but was:<(A,0)(B,[99999)(C,99999)(D,99999)(E,99999)(F,9999]9)>, test1(java_testcases.junit.SHORTEST_PATHS_Test): expected:<(A,0)(B,[1)(C,3)(D,10)(E,5)(F,4])> but was:<(A,0)(B,[99999)(C,99999)(D,99999)(E,99999)(F,99999])>]
07:35:57.342 [pool-43-thread-1] INFO  f.i.l.r.n.synth.SMTNopolSynthesizer - Not enough specifications: 0. A trivial patch is "true" or "false", please write new tests specifying SourceLocation java_programs.SHORTEST_PATHS:19.
07:35:57.342 [pool-2-thread-1] DEBUG fr.inria.lille.repair.nopol.NoPol - statement #14
07:35:57.342 [pool-2-thread-1] DEBUG fr.inria.lille.repair.nopol.NoPol - Analysing SourceLocation java_programs.SHORTEST_PATHS:18 which is executed by 3 tests
797970394
07:35:57.408 [pool-2-thread-1] DEBUG fr.inria.lille.repair.nopol.NoPol - looking with class fr.inria.lille.repair.nopol.spoon.smt.ConditionalAdder
07:35:57.669 [pool-51-thread-1] DEBUG tests.output - Failing tests with false: 
[test3(java_testcases.junit.SHORTEST_PATHS_Test): null, test2(java_testcases.junit.SHORTEST_PATHS_Test): null, test1(java_testcases.junit.SHORTEST_PATHS_Test): null]
07:35:57.669 [pool-51-thread-1] DEBUG tests.output - Failing tests with true: 
[test3(java_testcases.junit.SHORTEST_PATHS_Test): expected:<(A,0)(B,[1)(C,3)(D,6)(E,5)(F,]9)> but was:<(A,0)(B,[99999)(C,99999)(D,99999)(E,99999)(F,9999]9)>, test2(java_testcases.junit.SHORTEST_PATHS_Test): expected:<(A,0)(B,[1)(C,3)(D,6)(E,5)(F,]9)> but was:<(A,0)(B,[99999)(C,99999)(D,99999)(E,99999)(F,9999]9)>, test1(java_testcases.junit.SHORTEST_PATHS_Test): expected:<(A,0)(B,[1)(C,3)(D,10)(E,5)(F,4])> but was:<(A,0)(B,[99999)(C,99999)(D,99999)(E,99999)(F,99999])>]
07:35:57.669 [pool-51-thread-1] INFO  f.i.l.r.n.synth.SMTNopolSynthesizer - Not enough specifications: 0. A trivial patch is "true" or "false", please write new tests specifying SourceLocation java_programs.SHORTEST_PATHS:18.
07:35:57.669 [pool-2-thread-1] DEBUG fr.inria.lille.repair.nopol.NoPol - statement #15
07:35:57.669 [pool-2-thread-1] DEBUG fr.inria.lille.repair.nopol.NoPol - Analysing SourceLocation java_programs.SHORTEST_PATHS:17 which is executed by 3 tests
797970394
07:35:57.738 [pool-2-thread-1] INFO  fr.inria.lille.repair.nopol.NoPol - ----INFORMATION----
07:35:57.757 [pool-2-thread-1] INFO  fr.inria.lille.repair.nopol.NoPol - Nb classes : 3
07:35:57.757 [pool-2-thread-1] INFO  fr.inria.lille.repair.nopol.NoPol - Nb methods : 10
07:35:57.757 [pool-2-thread-1] INFO  fr.inria.lille.repair.nopol.NoPol - Nb Statements Analyzed : 7
07:35:57.757 [pool-2-thread-1] INFO  fr.inria.lille.repair.nopol.NoPol - Nb Statements with Angelic Value Found : 0
07:35:57.757 [pool-2-thread-1] INFO  fr.inria.lille.repair.nopol.NoPol - Nb inputs in SMT : 0
07:35:57.758 [pool-2-thread-1] INFO  fr.inria.lille.repair.nopol.NoPol - Nb SMT level: 0
07:35:57.758 [pool-2-thread-1] INFO  fr.inria.lille.repair.nopol.NoPol - Nb variables in SMT : 0
07:35:57.758 [pool-2-thread-1] INFO  fr.inria.lille.repair.nopol.NoPol - NoPol Execution time : 16274ms
07:35:57.758 [pool-2-thread-1] INFO  fr.inria.lille.repair.nopol.NoPol - 
NO_ANGELIC_VALUE

real	0m17.068s
user	0m7.158s
sys	0m9.373s
\n\nNode: hpc060.ncg.ingrid.pt\n
\n\nDate: Wed Mar 31 07:35:58 EDT 2021\n
