cd /users2/cpca56132020/moliveira/folders/Figra_QUIXBUGS_SHORTEST_PATH_LENGTHS/Figra_QuixBugs_SHORTEST_PATH_LENGTHS_;
export JAVA_TOOL_OPTIONS="-Dfile.encoding=UTF8 -Duser.language=en-US -Duser.country=US -Duser.language=en";
TZ="America/New_York"; export TZ;
export PATH="/usr/lib/jvm/java-1.8.0-openjdk/bin/:$PATH";
export JAVA_HOME="/usr/lib/jvm/java-1.8.0-openjdk/bin/";
time java -Xmx4g -Xms1g -cp /users2/cpca56132020/moliveira/RepairThemAll/script/../libs/jtestex7.jar:/users2/cpca56132020/moliveira/RepairThemAll/script/../repair_tools/astor.jar fr.inria.main.evolution.AstorMain \
	-mode figra \
	-location . \
	-id SHORTEST_PATH_LENGTHS- \
	-failing java_testcases.junit.SHORTEST_PATH_LENGTHS_Test \
	-jvm4testexecution /usr/lib/jvm/java-1.8.0-openjdk/bin/ \
	-jvm4evosuitetestexecution /usr/lib/jvm/java-1.8.0-openjdk/bin/ \
	-maxgen 1000000 \
	-maxtime 180 \
	-stopfirst false \
	-seed 28 \
	-scope package \
	-population 1 \
	-javacompliancelevel 8 \
	-srcjavafolder src/main/java \
	-srctestfolder src/test/java \
	-binjavafolder target/classes \
	-bintestfolder target/test-classes \
	-parameters x:x:maxCombinationVariableLimit:true:maxVarCombination:1000 \
	-dependencies /users2/cpca56132020/moliveira/.m2/repository/junit/junit/4.11/junit-4.11.jar:/users2/cpca56132020/moliveira/.m2/repository/org/hamcrest/hamcrest-core/1.3/hamcrest-core-1.3.jar;
	echo "\n\nNode: `hostname`\n";
	echo "\n\nDate: `date`\n";
Picked up JAVA_TOOL_OPTIONS: -Dfile.encoding=UTF8 -Duser.language=en-US -Duser.country=US -Duser.language=en
05:45:32.552 [main] ERROR fr.inria.astor.approaches.figra.ExpressionReplaceOperator - Replacement does not work for  modify new java.util.HashMap<>() to new java.util.HashMap<>()
05:45:39.227 [main] ERROR fr.inria.astor.approaches.figra.ExpressionReplaceOperator - Replacement does not work for  modify new java.util.ArrayList<>(java.util.Arrays.asList(i, j)) to new java.util.ArrayList<>(java.util.Arrays.asList(i, j))
05:45:41.718 [main] ERROR fr.inria.astor.approaches.figra.ExpressionReplaceOperator - error to modify k++ to length_by_path.get(java.util.Arrays.asList(numNodes, k)) & length_by_path.get(java.util.Arrays.asList(numNodes, k))
05:45:51.833 [main] ERROR fr.inria.astor.approaches.figra.ExpressionReplaceOperator - Replacement does not work for  modify length_by_edge to length_by_edge
05:46:39.027 [main] ERROR fr.inria.astor.approaches.figra.ExpressionReplaceOperator - error to modify j++ to java_programs.SHORTEST_PATH_LENGTHS.INF
05:47:32.640 [main] ERROR fr.inria.astor.approaches.figra.ExpressionReplaceOperator - Replacement does not work for  modify length_by_path.get(java.util.Arrays.asList(i, k)) to length_by_path.get(java.util.Arrays.asList(i, k))
05:48:40.846 [main] ERROR fr.inria.astor.approaches.figra.ExpressionReplaceOperator - Replacement does not work for  modify length_by_edge to length_by_edge
05:55:34.560 [main] ERROR fr.inria.astor.approaches.figra.ExpressionReplaceOperator - Replacement does not work for  modify length_by_path.put(edge, java_programs.SHORTEST_PATH_LENGTHS.INF) to length_by_path.put(edge, java_programs.SHORTEST_PATH_LENGTHS.INF)
05:56:24.296 [main] ERROR fr.inria.astor.approaches.figra.ExpressionReplaceOperator - Replacement does not work for  modify length_by_path to length_by_path
06:00:19.211 [main] ERROR fr.inria.astor.approaches.figra.ExpressionReplaceOperator - Replacement does not work for  modify length_by_path to length_by_path
06:00:44.169 [main] ERROR fr.inria.astor.approaches.figra.ExpressionReplaceOperator - Replacement does not work for  modify 0 to 0
06:04:41.702 [main] ERROR fr.inria.astor.approaches.figra.ExpressionReplaceOperator - error to modify i++ to length_by_path.get(java.util.Arrays.asList(k, k)) & length_by_path.get(java.util.Arrays.asList(i, k))
06:04:43.451 [main] ERROR fr.inria.astor.approaches.figra.ExpressionReplaceOperator - Replacement does not work for  modify length_by_path.put(edge, 0) to length_by_path.put(edge, 0)
06:08:38.782 [main] ERROR fr.inria.astor.approaches.figra.ExpressionReplaceOperator - Replacement does not work for  modify java.util.Arrays.asList(i, j) to java.util.Arrays.asList(i, j)
06:10:21.846 [main] ERROR fr.inria.astor.approaches.figra.ExpressionReplaceOperator - Replacement does not work for  modify length_by_path to length_by_path
/bin/sh: line 24: 30924 Killed                  java -Xmx4g -Xms1g -cp /users2/cpca56132020/moliveira/RepairThemAll/script/../libs/jtestex7.jar:/users2/cpca56132020/moliveira/RepairThemAll/script/../repair_tools/astor.jar fr.inria.main.evolution.AstorMain -mode figra -location . -id SHORTEST_PATH_LENGTHS- -failing java_testcases.junit.SHORTEST_PATH_LENGTHS_Test -jvm4testexecution /usr/lib/jvm/java-1.8.0-openjdk/bin/ -jvm4evosuitetestexecution /usr/lib/jvm/java-1.8.0-openjdk/bin/ -maxgen 1000000 -maxtime 180 -stopfirst false -seed 28 -scope package -population 1 -javacompliancelevel 8 -srcjavafolder src/main/java -srctestfolder src/test/java -binjavafolder target/classes -bintestfolder target/test-classes -parameters x:x:maxCombinationVariableLimit:true:maxVarCombination:1000 -dependencies /users2/cpca56132020/moliveira/.m2/repository/junit/junit/4.11/junit-4.11.jar:/users2/cpca56132020/moliveira/.m2/repository/org/hamcrest/hamcrest-core/1.3/hamcrest-core-1.3.jar

real	37m26.592s
user	0m50.157s
sys	0m9.509s
\n\nNode: hpc063.ncg.ingrid.pt\n
\n\nDate: Thu Apr 22 06:22:38 EDT 2021\n
