cd /users2/cpca56132020/moliveira/folders/Figra_IntroClassJava_syllables-ca5057661022789c0b40bc1574ab8b0826b3d22f70de1a10b2d2122137774c6aec73fe789a94b2362628481da623120033956bd376b41b825a72dbd8b50aff2f-003/Figra_IntroClassJava_syllables_ca5057661022789c0b40bc1574ab8b0826b3d22f70de1a10b2d2122137774c6aec73fe789a94b2362628481da623120033956bd376b41b825a72dbd8b50aff2f-003;
export JAVA_TOOL_OPTIONS="-Dfile.encoding=UTF8 -Duser.language=en-US -Duser.country=US -Duser.language=en";
TZ="America/New_York"; export TZ;
export PATH="/usr/lib/jvm/java-1.8.0-openjdk/bin/:$PATH";
export JAVA_HOME="/usr/lib/jvm/java-1.8.0-openjdk/bin/";
time java -Xmx4g -Xms1g -cp /users2/cpca56132020/moliveira/RepairThemAll/script/../libs/jtestex7.jar:/users2/cpca56132020/moliveira/RepairThemAll/script/../repair_tools/astor.jar fr.inria.main.evolution.AstorMain \
	-mode figra \
	-location . \
	-id syllables-ca5057661022789c0b40bc1574ab8b0826b3d22f70de1a10b2d2122137774c6aec73fe789a94b2362628481da623120033956bd376b41b825a72dbd8b50aff2f-003 \
	-failing introclassJava.syllables_ca505766_003BlackboxTest:introclassJava.syllables_ca505766_003WhiteboxTest \
	-jvm4testexecution /users2/cpca56132020/moliveira/jdk1.7.0_80/bin/ \
	-jvm4evosuitetestexecution /users2/cpca56132020/moliveira/jdk1.7.0_80/bin/ \
	-maxgen 1000000 \
	-maxtime 120 \
	-stopfirst false \
	-seed 28 \
	-scope package \
	-population 1 \
	-javacompliancelevel 7 \
	-srcjavafolder src/main/java \
	-srctestfolder src/test/java \
	-binjavafolder target/classes \
	-bintestfolder target/test-classes \
	-parameters x:x:maxCombinationVariableLimit:true:maxVarCombination:1000 \
	-dependencies /users2/cpca56132020/moliveira/.m2/repository/junit/junit/4.11/junit-4.11.jar:/users2/cpca56132020/moliveira/.m2/repository/org/hamcrest/hamcrest-core/1.3/hamcrest-core-1.3.jar;
	echo "\n\nNode: `hostname`\n";
	echo "\n\nDate: `date`\n";
Picked up JAVA_TOOL_OPTIONS: -Dfile.encoding=UTF8 -Duser.language=en-US -Duser.country=US -Duser.language=en
Picked up _JAVA_OPTIONS: -Xmx512m -Xms256m
06:11:01.347 [main] ERROR fr.inria.astor.approaches.figra.ExpressionReplaceOperator - Replacement does not work for  modify vowels to vowels
06:11:03.007 [main] ERROR fr.inria.astor.approaches.figra.ExpressionReplaceOperator - Replacement does not work for  modify scanner.nextLine().toCharArray() to scanner.nextLine().toCharArray()
06:11:05.180 [main] ERROR fr.inria.astor.approaches.figra.ExpressionReplaceOperator - Replacement does not work for  modify temp to temp
06:11:08.094 [main] ERROR fr.inria.astor.approaches.figra.ExpressionReplaceOperator - Replacement does not work for  modify 'o' to 'o'
06:11:09.184 [main] ERROR fr.inria.astor.approaches.figra.ExpressionReplaceOperator - error to modify j.value++ to 6
06:12:08.616 [main] ERROR fr.inria.astor.approaches.figra.ExpressionReplaceOperator - Replacement does not work for  modify syl to syl
06:14:54.741 [main] ERROR fr.inria.astor.approaches.figra.ExpressionReplaceOperator - Replacement does not work for  modify j to j
06:15:05.029 [main] ERROR fr.inria.astor.approaches.figra.ExpressionReplaceOperator - Replacement does not work for  modify k to k
06:15:39.087 [main] ERROR main - Error reading the validation process
 output: 
America/Los_Angeles
Picked up JAVA_TOOL_OPTIONS: -Dfile.encoding=UTF8 -Duser.language=en-US -Duser.country=US -Duser.language=en
Picked up _JAVA_OPTIONS: -Xmx512m -Xms256m
#
# A fatal error has been detected by the Java Runtime Environment:
#
#  SIGSEGV (0xb) at pc=0x00007ffff6928445, pid=71633, tid=140732725573376
#
# JRE version: Java(TM) SE Runtime Environment (7.0_80-b15) (build 1.7.0_80-b15)
# Java VM: Java HotSpot(TM) 64-Bit Server VM (24.80-b11 mixed mode linux-amd64 compressed oops)
# Problematic frame:
# V  [libjvm.so+0x3ca445]  PhaseChaitin::gather_lrg_masks(bool)+0x465
#
# Core dump written. Default location: /users2/cpca56132020/moliveira/folders/Figra_IntroClassJava_syllables-ca5057661022789c0b40bc1574ab8b0826b3d22f70de1a10b2d2122137774c6aec73fe789a94b2362628481da623120033956bd376b41b825a72dbd8b50aff2f-003/Figra_IntroClassJava_syllables_ca5057661022789c0b40bc1574ab8b0826b3d22f70de1a10b2d2122137774c6aec73fe789a94b2362628481da623120033956bd376b41b825a72dbd8b50aff2f-003/core or core.71633
#
# An error report file with more information is saved as:
# /users2/cpca56132020/moliveira/folders/Figra_IntroClassJava_syllables-ca5057661022789c0b40bc1574ab8b0826b3d22f70de1a10b2d2122137774c6aec73fe789a94b2362628481da623120033956bd376b41b825a72dbd8b50aff2f-003/Figra_IntroClassJava_syllables_ca5057661022789c0b40bc1574ab8b0826b3d22f70de1a10b2d2122137774c6aec73fe789a94b2362628481da623120033956bd376b41b825a72dbd8b50aff2f-003/hs_err_pid71633.log
#
# If you would like to submit a bug report, please visit:
#   http://bugreport.java.com/bugreport/crash.jsp
#
/bin/bash: line 4: 71633 Aborted                 (core dumped) /users2/cpca56132020/moliveira/jdk1.7.0_80/bin//java -Xmx2048m -Dmutnumber_0=null -cp /users2/cpca56132020/moliveira/folders/Figra_IntroClassJava_syllables-ca5057661022789c0b40bc1574ab8b0826b3d22f70de1a10b2d2122137774c6aec73fe789a94b2362628481da623120033956bd376b41b825a72dbd8b50aff2f-003/Figra_IntroClassJava_syllables_ca5057661022789c0b40bc1574ab8b0826b3d22f70de1a10b2d2122137774c6aec73fe789a94b2362628481da623120033956bd376b41b825a72dbd8b50aff2f-003/./lib/jtestex7.jar:"/users2/cpca56132020/moliveira/folders/Figra_IntroClassJava_syllables-ca5057661022789c0b40bc1574ab8b0826b3d22f70de1a10b2d2122137774c6aec73fe789a94b2362628481da623120033956bd376b41b825a72dbd8b50aff2f-003/Figra_IntroClassJava_syllables_ca5057661022789c0b40bc1574ab8b0826b3d22f70de1a10b2d2122137774c6aec73fe789a94b2362628481da623120033956bd376b41b825a72dbd8b50aff2f-003/./lib/com.gzoltar-0.1.1-jar-with-dependencies.jar":"/users2/cpca56132020/moliveira/folders/Figra_IntroClassJava_syllables-ca5057661022789c0b40bc1574ab8b0826b3d22f70de1a10b2d2122137774c6aec73fe789a94b2362628481da623120033956bd376b41b825a72dbd8b50aff2f-003/Figra_IntroClassJava_syllables_ca5057661022789c0b40bc1574ab8b0826b3d22f70de1a10b2d2122137774c6aec73fe789a94b2362628481da623120033956bd376b41b825a72dbd8b50aff2f-003/./output_astor/AstorMain-syllables-ca5057661022789c0b40bc1574ab8b0826b3d22f70de1a10b2d2122137774c6aec73fe789a94b2362628481da623120033956bd376b41b825a72dbd8b50aff2f-003/bin/variant-126/":"/users2/cpca56132020/moliveira/.m2/repository/junit/junit/4.11/junit-4.11.jar":"/users2/cpca56132020/moliveira/.m2/repository/org/hamcrest/hamcrest-core/1.3/hamcrest-core-1.3.jar":"/users2/cpca56132020/moliveira/folders/Figra_IntroClassJava_syllables-ca5057661022789c0b40bc1574ab8b0826b3d22f70de1a10b2d2122137774c6aec73fe789a94b2362628481da623120033956bd376b41b825a72dbd8b50aff2f-003/Figra_IntroClassJava_syllables_ca5057661022789c0b40bc1574ab8b0826b3d22f70de1a10b2d2122137774c6aec73fe789a94b2362628481da623120033956bd376b41b825a72dbd8b50aff2f-003/./output_astor/AstorMain-syllables-ca5057661022789c0b40bc1574ab8b0826b3d22f70de1a10b2d2122137774c6aec73fe789a94b2362628481da623120033956bd376b41b825a72dbd8b50aff2f-003/bin/default/":"/users2/cpca56132020/moliveira/RepairThemAll/script/../libs/jtestex7.jar":"/users2/cpca56132020/moliveira/RepairThemAll/script/../repair_tools/astor.jar": fr.inria.astor.core.validation.junit.JUnitNologExternalExecutor introclassJava.syllables_ca505766_003BlackboxTest introclassJava.syllables_ca505766_003WhiteboxTest

06:15:39.626 [main] ERROR fr.inria.astor.approaches.figra.ExpressionReplaceOperator - Replacement does not work for  modify 0 to 0
06:16:42.362 [main] ERROR fr.inria.astor.approaches.figra.ExpressionReplaceOperator - Replacement does not work for  modify vowels to vowels
06:17:13.498 [main] ERROR fr.inria.astor.approaches.figra.ExpressionReplaceOperator - Replacement does not work for  modify new introclassJava.CharObj() to new introclassJava.CharObj()
06:17:45.779 [main] ERROR fr.inria.astor.approaches.figra.ExpressionReplaceOperator - Replacement does not work for  modify vowels to vowels
06:18:22.950 [main] ERROR fr.inria.astor.approaches.figra.ExpressionReplaceOperator - Replacement does not work for  modify scanner to scanner
06:19:04.099 [main] ERROR fr.inria.astor.approaches.figra.ExpressionReplaceOperator - Replacement does not work for  modify "Please enter a string > " to "Please enter a string > "
06:19:24.483 [main] ERROR fr.inria.astor.approaches.figra.ExpressionReplaceOperator - error to modify k.value++ to 20
06:19:24.494 [main] ERROR fr.inria.astor.approaches.figra.ExpressionReplaceOperator - Replacement does not work for  modify j to j
06:19:45.169 [main] ERROR fr.inria.astor.approaches.figra.ExpressionReplaceOperator - Replacement does not work for  modify 'u' to 'u'
06:20:05.674 [main] ERROR fr.inria.astor.approaches.figra.ExpressionReplaceOperator - Replacement does not work for  modify 'e' to 'e'
06:20:57.902 [main] ERROR fr.inria.astor.approaches.figra.ExpressionReplaceOperator - Replacement does not work for  modify vowels to vowels
06:22:52.100 [main] ERROR fr.inria.astor.approaches.figra.ExpressionReplaceOperator - Replacement does not work for  modify inputString to inputString
06:23:22.710 [main] ERROR fr.inria.astor.approaches.figra.ExpressionReplaceOperator - Replacement does not work for  modify j to j
06:24:47.907 [main] ERROR fr.inria.astor.approaches.figra.ExpressionReplaceOperator - Replacement does not work for  modify vowels to vowels
06:25:08.727 [main] ERROR fr.inria.astor.approaches.figra.ExpressionReplaceOperator - Replacement does not work for  modify temp to temp
06:25:21.616 [main] ERROR fr.inria.astor.approaches.figra.ExpressionReplaceOperator - Replacement does not work for  modify 3 to 3
06:25:41.938 [main] ERROR fr.inria.astor.approaches.figra.ExpressionReplaceOperator - Replacement does not work for  modify java.lang.String.format("Please enter a string > ") to java.lang.String.format("Please enter a string > ")
06:27:04.162 [main] ERROR fr.inria.astor.approaches.figra.ExpressionReplaceOperator - Replacement does not work for  modify length to length
06:28:17.574 [main] ERROR fr.inria.astor.approaches.figra.ExpressionReplaceOperator - Replacement does not work for  modify new introclassJava.IntObj() to new introclassJava.IntObj()
06:29:39.540 [main] ERROR fr.inria.astor.approaches.figra.ExpressionReplaceOperator - Replacement does not work for  modify 5 to 5
06:30:41.450 [main] ERROR fr.inria.astor.approaches.figra.ExpressionReplaceOperator - Replacement does not work for  modify syl to syl
06:31:23.633 [main] ERROR fr.inria.astor.approaches.figra.ExpressionReplaceOperator - Replacement does not work for  modify vowels to vowels
06:35:13.053 [main] ERROR fr.inria.astor.approaches.figra.ExpressionReplaceOperator - Replacement does not work for  modify 'a' to 'a'
06:36:14.812 [main] ERROR fr.inria.astor.approaches.figra.ExpressionReplaceOperator - Replacement does not work for  modify 20 to 20
06:36:24.901 [main] ERROR fr.inria.astor.approaches.figra.ExpressionReplaceOperator - Replacement does not work for  modify k to k
06:37:22.412 [main] ERROR fr.inria.astor.approaches.figra.ExpressionReplaceOperator - Replacement does not work for  modify 1 to 1
06:42:33.233 [main] ERROR fr.inria.astor.approaches.figra.ExpressionReplaceOperator - Replacement does not work for  modify inputString to inputString
06:43:34.820 [main] ERROR fr.inria.astor.approaches.figra.ExpressionReplaceOperator - Replacement does not work for  modify 1 to 1
06:44:25.903 [main] ERROR fr.inria.astor.approaches.figra.ExpressionReplaceOperator - Replacement does not work for  modify vowels to vowels
06:47:10.603 [main] ERROR fr.inria.astor.approaches.figra.ExpressionReplaceOperator - Replacement does not work for  modify 6 to 6
06:47:51.387 [main] ERROR fr.inria.astor.approaches.figra.ExpressionReplaceOperator - Replacement does not work for  modify 'i' to 'i'
06:48:54.816 [main] ERROR fr.inria.astor.approaches.figra.ExpressionReplaceOperator - Replacement does not work for  modify length to length
06:49:15.676 [main] ERROR fr.inria.astor.approaches.figra.ExpressionReplaceOperator - Replacement does not work for  modify syl to syl
06:51:31.942 [main] ERROR fr.inria.astor.approaches.figra.ExpressionReplaceOperator - Replacement does not work for  modify 5 to 5
06:52:24.131 [main] ERROR fr.inria.astor.approaches.figra.ExpressionReplaceOperator - Replacement does not work for  modify 0 to 0
06:52:45.046 [main] ERROR fr.inria.astor.approaches.figra.ExpressionReplaceOperator - Replacement does not work for  modify j to j
06:54:18.432 [main] ERROR fr.inria.astor.approaches.figra.ExpressionReplaceOperator - Replacement does not work for  modify 5 to 5
06:56:34.566 [main] ERROR fr.inria.astor.approaches.figra.ExpressionReplaceOperator - Replacement does not work for  modify 4 to 4
06:57:36.881 [main] ERROR fr.inria.astor.approaches.figra.ExpressionReplaceOperator - Replacement does not work for  modify 'y' to 'y'
06:58:28.621 [main] ERROR fr.inria.astor.approaches.figra.ExpressionReplaceOperator - Replacement does not work for  modify scanner.nextLine() to scanner.nextLine()
07:01:47.642 [main] ERROR fr.inria.astor.approaches.figra.ExpressionReplaceOperator - Replacement does not work for  modify 0 to 0
07:02:39.070 [main] ERROR fr.inria.astor.approaches.figra.ExpressionReplaceOperator - Replacement does not work for  modify 0 to 0
07:04:13.885 [main] ERROR fr.inria.astor.approaches.figra.ExpressionReplaceOperator - Replacement does not work for  modify 0 to 0
07:04:36.938 [main] ERROR fr.inria.astor.approaches.figra.ExpressionReplaceOperator - Replacement does not work for  modify "The number of syllables is %d." to "The number of syllables is %d."
07:05:52.173 [main] ERROR fr.inria.astor.approaches.figra.ExpressionReplaceOperator - Replacement does not work for  modify 0 to 0
07:06:02.883 [main] ERROR fr.inria.astor.approaches.figra.ExpressionReplaceOperator - Replacement does not work for  modify 2 to 2
07:06:25.439 [main] ERROR fr.inria.astor.approaches.figra.ExpressionReplaceOperator - Replacement does not work for  modify k to k
Astor Output:

General stats:
EXECUTION_IDENTIFIER=syllables-ca5057661022789c0b40bc1574ab8b0826b3d22f70de1a10b2d2122137774c6aec73fe789a94b2362628481da623120033956bd376b41b825a72dbd8b50aff2f-003
TOTAL_TIME=7201.851
NR_GENERATIONS=450
NR_RIGHT_COMPILATIONS=395
NR_FAILLING_COMPILATIONS=55
NR_ERRONEOUS_VARIANCES=null
NR_FAILING_VALIDATION_PROCESS=null
OUTPUT_STATUS=TIME_OUT

Patch stats:


real	120m12.229s
user	65m1.171s
sys	0m14.183s
\n\nNode: hpc061.ncg.ingrid.pt\n
\n\nDate: Tue Apr 13 08:10:45 EDT 2021\n
