cd /users2/cpca56132020/moliveira/folders/Figra_11_QUIXBUGS_LEVENSHTEIN/Figra_QuixBugs_LEVENSHTEIN_;
export JAVA_TOOL_OPTIONS="-Dfile.encoding=UTF8 -Duser.language=en-US -Duser.country=US -Duser.language=en";
TZ="America/New_York"; export TZ;
export PATH="/usr/lib/jvm/java-1.8.0-openjdk/bin:$PATH";
export JAVA_HOME="/usr/lib/jvm/java-1.8.0-openjdk/bin";
time java -Xmx4g -Xms1g -cp /users2/cpca56132020/moliveira/RepairThemAll/script/../libs/jtestex7.jar:/users2/cpca56132020/moliveira/RepairThemAll/script/../repair_tools/astor.jar fr.inria.main.evolution.AstorMain \
	-mode figra \
	-location . \
	-id LEVENSHTEIN- \
	-failing java_testcases.junit.LEVENSHTEIN_Test \
	-jvm4testexecution /usr/lib/jvm/java-1.8.0-openjdk/bin \
	-jvm4evosuitetestexecution /usr/lib/jvm/java-1.8.0-openjdk/bin \
	-maxgen 1000000 \
	-maxtime 120 \
	-stopfirst false \
	-seed 11 \
	-scope package \
	-population 1 \
	-javacompliancelevel 8 \
	-srcjavafolder src/main/java \
	-srctestfolder src/test/java \
	-binjavafolder target/classes \
	-bintestfolder target/test-classes \
	-parameters x:x:maxCombinationVariableLimit:true:maxVarCombination:1000 \
	-dependencies /users2/cpca56132020/moliveira/.m2/repository/junit/junit/4.11/junit-4.11.jar:/users2/cpca56132020/moliveira/.m2/repository/org/hamcrest/hamcrest-core/1.3/hamcrest-core-1.3.jar;
	echo "\n\nNode: `hostname`\n";
	echo "\n\nDate: `date`\n";
Picked up JAVA_TOOL_OPTIONS: -Dfile.encoding=UTF8 -Duser.language=en-US -Duser.country=US -Duser.language=en
11:53:59.109 [main] ERROR fr.inria.astor.approaches.figra.ExpressionReplaceOperator - Replacement does not work for  modify target.charAt(0) to target.charAt(0)
11:54:16.134 [main] ERROR fr.inria.astor.approaches.figra.ExpressionReplaceOperator - Replacement does not work for  modify target.substring(1) to target.substring(1)
11:54:19.959 [main] ERROR fr.inria.astor.approaches.figra.ExpressionReplaceOperator - Replacement does not work for  modify target to target
11:54:25.557 [main] ERROR fr.inria.astor.approaches.figra.ExpressionReplaceOperator - Replacement does not work for  modify source to source
11:54:36.456 [main] ERROR fr.inria.astor.approaches.figra.ExpressionReplaceOperator - Replacement does not work for  modify source.isEmpty() to source.isEmpty()
11:54:40.651 [main] ERROR fr.inria.astor.approaches.figra.ExpressionReplaceOperator - Replacement does not work for  modify target.substring(1) to target.substring(1)
11:54:52.510 [main] ERROR fr.inria.astor.approaches.figra.ExpressionReplaceOperator - Replacement does not work for  modify target to target
11:55:07.934 [main] ERROR fr.inria.astor.approaches.figra.ExpressionReplaceOperator - Replacement does not work for  modify source.charAt(0) to source.charAt(0)
11:55:21.757 [main] ERROR fr.inria.astor.approaches.figra.ExpressionReplaceOperator - Replacement does not work for  modify source.charAt(0) == target.charAt(0) to source.charAt(0) == target.charAt(0)
11:55:27.767 [main] ERROR fr.inria.astor.approaches.figra.ExpressionReplaceOperator - Replacement does not work for  modify source.substring(1) to source.substring(1)
11:55:29.185 [main] ERROR fr.inria.astor.approaches.figra.ExpressionReplaceOperator - Replacement does not work for  modify source to source
11:55:43.568 [main] ERROR fr.inria.astor.approaches.figra.ExpressionReplaceOperator - Replacement does not work for  modify source to source
11:56:21.792 [main] ERROR fr.inria.astor.approaches.figra.ExpressionReplaceOperator - Replacement does not work for  modify source to source
11:56:23.202 [main] ERROR fr.inria.astor.approaches.figra.ExpressionReplaceOperator - Replacement does not work for  modify target.substring(1) to target.substring(1)
11:56:29.847 [main] ERROR fr.inria.astor.approaches.figra.ExpressionReplaceOperator - Replacement does not work for  modify target to target
11:56:32.469 [main] ERROR fr.inria.astor.approaches.figra.ExpressionReplaceOperator - Replacement does not work for  modify source to source
11:56:35.307 [main] ERROR fr.inria.astor.approaches.figra.ExpressionReplaceOperator - Replacement does not work for  modify target to target
11:56:56.297 [main] ERROR fr.inria.astor.approaches.figra.ExpressionReplaceOperator - Replacement does not work for  modify java_programs.LEVENSHTEIN.levenshtein(source.substring(1), target.substring(1)) to java_programs.LEVENSHTEIN.levenshtein(source.substring(1), target.substring(1))
11:56:57.025 [main] ERROR fr.inria.astor.approaches.figra.ExpressionReplaceOperator - Replacement does not work for  modify target to target
11:57:01.422 [main] ERROR fr.inria.astor.approaches.figra.ExpressionReplaceOperator - Replacement does not work for  modify 1 + java_programs.LEVENSHTEIN.levenshtein(source.substring(1), target.substring(1)) to 1 + java_programs.LEVENSHTEIN.levenshtein(source.substring(1), target.substring(1))
11:57:14.080 [main] ERROR fr.inria.astor.approaches.figra.ExpressionReplaceOperator - Replacement does not work for  modify source.substring(1) to source.substring(1)
11:57:15.818 [main] ERROR fr.inria.astor.approaches.figra.ExpressionReplaceOperator - Replacement does not work for  modify 1 to 1
11:57:17.843 [main] ERROR fr.inria.astor.approaches.figra.ExpressionReplaceOperator - Replacement does not work for  modify target to target
11:57:28.125 [main] ERROR fr.inria.astor.approaches.figra.ExpressionReplaceOperator - Replacement does not work for  modify source.isEmpty() || target.isEmpty() to source.isEmpty() || target.isEmpty()
11:57:34.064 [main] ERROR fr.inria.astor.approaches.figra.ExpressionReplaceOperator - Replacement does not work for  modify source to source
11:57:34.958 [main] ERROR fr.inria.astor.approaches.figra.ExpressionReplaceOperator - Replacement does not work for  modify java.lang.Math.min(java.lang.Math.min(
java_programs.LEVENSHTEIN.levenshtein(source, target.substring(1)), 
java_programs.LEVENSHTEIN.levenshtein(source.substring(1), target.substring(1))), 
java_programs.LEVENSHTEIN.levenshtein(source.substring(1), target)) to java.lang.Math.min(java.lang.Math.min(
java_programs.LEVENSHTEIN.levenshtein(source, target.substring(1)), 
java_programs.LEVENSHTEIN.levenshtein(source.substring(1), target.substring(1))), 
java_programs.LEVENSHTEIN.levenshtein(source.substring(1), target))
11:57:52.048 [main] ERROR fr.inria.astor.approaches.figra.ExpressionReplaceOperator - Replacement does not work for  modify source.substring(1) to source.substring(1)
11:57:56.202 [main] ERROR fr.inria.astor.approaches.figra.ExpressionReplaceOperator - Replacement does not work for  modify source to source
11:58:01.128 [main] ERROR fr.inria.astor.approaches.figra.ExpressionReplaceOperator - Replacement does not work for  modify target to target
11:58:50.632 [main] ERROR fr.inria.astor.approaches.figra.ExpressionReplaceOperator - Replacement does not work for  modify source.charAt(0) == target.charAt(0) to source.charAt(0) == target.charAt(0)
11:59:03.683 [main] ERROR fr.inria.astor.approaches.figra.ExpressionReplaceOperator - Replacement does not work for  modify java_programs.LEVENSHTEIN.levenshtein(source.substring(1), target) to java_programs.LEVENSHTEIN.levenshtein(source.substring(1), target)
12:00:52.855 [main] ERROR fr.inria.astor.approaches.figra.ExpressionReplaceOperator - Replacement does not work for  modify java.lang.Math.min(java_programs.LEVENSHTEIN.levenshtein(source, target.substring(1)), java_programs.LEVENSHTEIN.levenshtein(source.substring(1), target.substring(1))) to java.lang.Math.min(java_programs.LEVENSHTEIN.levenshtein(source, target.substring(1)), java_programs.LEVENSHTEIN.levenshtein(source.substring(1), target.substring(1)))
12:00:58.441 [main] ERROR fr.inria.astor.approaches.figra.ExpressionReplaceOperator - Replacement does not work for  modify source.isEmpty() to source.isEmpty()
12:02:38.626 [main] ERROR fr.inria.astor.approaches.figra.ExpressionReplaceOperator - Replacement does not work for  modify target.isEmpty() to target.isEmpty()
12:07:16.842 [main] ERROR fr.inria.astor.approaches.figra.ExpressionReplaceOperator - Replacement does not work for  modify 1 to 1
12:08:36.210 [main] ERROR fr.inria.astor.approaches.figra.ExpressionReplaceOperator - Replacement does not work for  modify 1 to 1
12:10:22.611 [main] ERROR fr.inria.astor.approaches.figra.ExpressionReplaceOperator - Replacement does not work for  modify java.lang.Math.min(java.lang.Math.min(java_programs.LEVENSHTEIN.levenshtein(source, target.substring(1)), java_programs.LEVENSHTEIN.levenshtein(source.substring(1), target.substring(1))), java_programs.LEVENSHTEIN.levenshtein(source.substring(1), target)) to java.lang.Math.min(java.lang.Math.min(java_programs.LEVENSHTEIN.levenshtein(source, target.substring(1)), java_programs.LEVENSHTEIN.levenshtein(source.substring(1), target.substring(1))), java_programs.LEVENSHTEIN.levenshtein(source.substring(1), target))
12:11:31.715 [main] ERROR fr.inria.astor.approaches.figra.ExpressionReplaceOperator - Replacement does not work for  modify java_programs.LEVENSHTEIN.levenshtein(source.substring(1), target.substring(1)) to java_programs.LEVENSHTEIN.levenshtein(source.substring(1), target.substring(1))
12:12:23.032 [main] ERROR fr.inria.astor.approaches.figra.ExpressionReplaceOperator - Replacement does not work for  modify source.isEmpty() ? target.length() : source.length() to source.isEmpty() ? target.length() : source.length()
12:15:04.964 [main] ERROR fr.inria.astor.approaches.figra.ExpressionReplaceOperator - Replacement does not work for  modify java_programs.LEVENSHTEIN.levenshtein(source, target.substring(1)) to java_programs.LEVENSHTEIN.levenshtein(source, target.substring(1))
12:17:41.731 [main] ERROR fr.inria.astor.approaches.figra.ExpressionReplaceOperator - Replacement does not work for  modify 0 to 0
12:32:41.898 [main] ERROR fr.inria.astor.approaches.figra.ExpressionReplaceOperator - Replacement does not work for  modify 1 to 1
12:39:32.883 [main] ERROR fr.inria.astor.approaches.figra.ExpressionReplaceOperator - Replacement does not work for  modify 1 + java.lang.Math.min(java.lang.Math.min(java_programs.LEVENSHTEIN.levenshtein(source, target.substring(1)), java_programs.LEVENSHTEIN.levenshtein(source.substring(1), target.substring(1))), java_programs.LEVENSHTEIN.levenshtein(source.substring(1), target)) to 1 + java.lang.Math.min(java.lang.Math.min(java_programs.LEVENSHTEIN.levenshtein(source, target.substring(1)), java_programs.LEVENSHTEIN.levenshtein(source.substring(1), target.substring(1))), java_programs.LEVENSHTEIN.levenshtein(source.substring(1), target))
12:42:45.643 [main] ERROR fr.inria.astor.approaches.figra.ExpressionReplaceOperator - Replacement does not work for  modify 1 to 1
12:48:13.205 [main] ERROR fr.inria.astor.approaches.figra.ExpressionReplaceOperator - Replacement does not work for  modify 1 + java.lang.Math.min(java.lang.Math.min(java_programs.LEVENSHTEIN.levenshtein(source, target.substring(1)), java_programs.LEVENSHTEIN.levenshtein(source.substring(1), target.substring(1))), java_programs.LEVENSHTEIN.levenshtein(source.substring(1), target)) to 1 + java.lang.Math.min(java.lang.Math.min(java_programs.LEVENSHTEIN.levenshtein(source, target.substring(1)), java_programs.LEVENSHTEIN.levenshtein(source.substring(1), target.substring(1))), java_programs.LEVENSHTEIN.levenshtein(source.substring(1), target))
Astor Output:

General stats:
EXECUTION_IDENTIFIER=LEVENSHTEIN-
TOTAL_TIME=7211.894
NR_GENERATIONS=2304
NR_RIGHT_COMPILATIONS=2257
NR_FAILLING_COMPILATIONS=47
NR_ERRONEOUS_VARIANCES=null
NR_FAILING_VALIDATION_PROCESS=null
OUTPUT_STATUS=TIME_OUT

Patch stats:

Patch 1
VARIANT_ID=470
TIME=226
VALIDATION=|true|0|6|[]|
GENERATION=235
FOLDER_SOLUTION_CODE=/users2/cpca56132020/moliveira/folders/Figra_11_QUIXBUGS_LEVENSHTEIN/Figra_QuixBugs_LEVENSHTEIN_/./output_astor/AstorMain-LEVENSHTEIN-//src//variant-470
--Patch Hunk #1
OPERATOR=ExpressionReplaceOperator

LOCATION=java_programs.LEVENSHTEIN

PATH=/users2/cpca56132020/moliveira/folders/Figra_11_QUIXBUGS_LEVENSHTEIN/Figra_QuixBugs_LEVENSHTEIN_/src/main/java/LEVENSHTEIN.java

MODIFIED_FILE_PATH=/users2/cpca56132020/moliveira/folders/Figra_11_QUIXBUGS_LEVENSHTEIN/Figra_QuixBugs_LEVENSHTEIN_/./output_astor/AstorMain-LEVENSHTEIN-//src//variant-470/java_programs/LEVENSHTEIN.java

LINE=17

SUSPICIOUNESS=1

MP_RANKING=12

ORIGINAL_CODE=1 + java_programs.LEVENSHTEIN.levenshtein(source.substring(1), target.substring(1))

BUGGY_CODE_TYPE=CtBinaryOperatorImpl|CtReturnImpl

PATCH_HUNK_CODE=java_programs.LEVENSHTEIN.levenshtein(target.substring(1), source.substring(1))

PATCH_HUNK_TYPE=CtInvocationImpl|CtInvocationImpl

INGREDIENT_SCOPE=-

INGREDIENT_PARENT=java_programs.LEVENSHTEIN.levenshtein(target.substring(1), source.substring(1))

PATCH_DIFF_ORIG=--- /users2/cpca56132020/moliveira/folders/Figra_11_QUIXBUGS_LEVENSHTEIN/Figra_QuixBugs_LEVENSHTEIN_/src/main/java/LEVENSHTEINjava
+++ /users2/cpca56132020/moliveira/folders/Figra_11_QUIXBUGS_LEVENSHTEIN/Figra_QuixBugs_LEVENSHTEIN_/src/main/java/LEVENSHTEINjava
@@ -17 +17 @@
-			return 1 + java_programs.LEVENSHTEIN.levenshtein(source.substring(1), target.substring(1));
+			return java_programs.LEVENSHTEIN.levenshtein(target.substring(1), source.substring(1));



Patch 2
VARIANT_ID=758
TIME=430
VALIDATION=|true|0|6|[]|
GENERATION=379
FOLDER_SOLUTION_CODE=/users2/cpca56132020/moliveira/folders/Figra_11_QUIXBUGS_LEVENSHTEIN/Figra_QuixBugs_LEVENSHTEIN_/./output_astor/AstorMain-LEVENSHTEIN-//src//variant-758
--Patch Hunk #1
OPERATOR=ExpressionReplaceOperator

LOCATION=java_programs.LEVENSHTEIN

PATH=/users2/cpca56132020/moliveira/folders/Figra_11_QUIXBUGS_LEVENSHTEIN/Figra_QuixBugs_LEVENSHTEIN_/src/main/java/LEVENSHTEIN.java

MODIFIED_FILE_PATH=/users2/cpca56132020/moliveira/folders/Figra_11_QUIXBUGS_LEVENSHTEIN/Figra_QuixBugs_LEVENSHTEIN_/./output_astor/AstorMain-LEVENSHTEIN-//src//variant-758/java_programs/LEVENSHTEIN.java

LINE=17

SUSPICIOUNESS=1

MP_RANKING=12

ORIGINAL_CODE=1 + java_programs.LEVENSHTEIN.levenshtein(source.substring(1), target.substring(1))

BUGGY_CODE_TYPE=CtBinaryOperatorImpl|CtReturnImpl

PATCH_HUNK_CODE=java_programs.LEVENSHTEIN.levenshtein(source.substring(1), target.substring(1))

PATCH_HUNK_TYPE=CtInvocationImpl|CtInvocationImpl

INGREDIENT_SCOPE=-

INGREDIENT_PARENT=java_programs.LEVENSHTEIN.levenshtein(source.substring(1), target.substring(1))

PATCH_DIFF_ORIG=--- /users2/cpca56132020/moliveira/folders/Figra_11_QUIXBUGS_LEVENSHTEIN/Figra_QuixBugs_LEVENSHTEIN_/src/main/java/LEVENSHTEINjava
+++ /users2/cpca56132020/moliveira/folders/Figra_11_QUIXBUGS_LEVENSHTEIN/Figra_QuixBugs_LEVENSHTEIN_/src/main/java/LEVENSHTEINjava
@@ -17 +17 @@
-			return 1 + java_programs.LEVENSHTEIN.levenshtein(source.substring(1), target.substring(1));
+			return java_programs.LEVENSHTEIN.levenshtein(source.substring(1), target.substring(1));



Patch 3
VARIANT_ID=1632
TIME=1100
VALIDATION=|true|0|6|[]|
GENERATION=816
FOLDER_SOLUTION_CODE=/users2/cpca56132020/moliveira/folders/Figra_11_QUIXBUGS_LEVENSHTEIN/Figra_QuixBugs_LEVENSHTEIN_/./output_astor/AstorMain-LEVENSHTEIN-//src//variant-1632
--Patch Hunk #1
OPERATOR=ExpressionReplaceOperator

LOCATION=java_programs.LEVENSHTEIN

PATH=/users2/cpca56132020/moliveira/folders/Figra_11_QUIXBUGS_LEVENSHTEIN/Figra_QuixBugs_LEVENSHTEIN_/src/main/java/LEVENSHTEIN.java

MODIFIED_FILE_PATH=/users2/cpca56132020/moliveira/folders/Figra_11_QUIXBUGS_LEVENSHTEIN/Figra_QuixBugs_LEVENSHTEIN_/./output_astor/AstorMain-LEVENSHTEIN-//src//variant-1632/java_programs/LEVENSHTEIN.java

LINE=17

SUSPICIOUNESS=1

MP_RANKING=12

ORIGINAL_CODE=1 + java_programs.LEVENSHTEIN.levenshtein(source.substring(1), target.substring(1))

BUGGY_CODE_TYPE=CtBinaryOperatorImpl|CtReturnImpl

PATCH_HUNK_CODE=java.lang.Math.min(
java_programs.LEVENSHTEIN.levenshtein(target, source.substring(1)), 
java_programs.LEVENSHTEIN.levenshtein(target.substring(1), source.substring(1)))

PATCH_HUNK_TYPE=CtInvocationImpl|CtReturnImpl

INGREDIENT_SCOPE=-

INGREDIENT_PARENT=java.lang.Math.min(
java_programs.LEVENSHTEIN.levenshtein(_String_0, _String_1.substring(1)), 
java_programs.LEVENSHTEIN.levenshtein(_String_0.substring(1), _String_1.substring(1)))

PATCH_DIFF_ORIG=--- /users2/cpca56132020/moliveira/folders/Figra_11_QUIXBUGS_LEVENSHTEIN/Figra_QuixBugs_LEVENSHTEIN_/src/main/java/LEVENSHTEINjava
+++ /users2/cpca56132020/moliveira/folders/Figra_11_QUIXBUGS_LEVENSHTEIN/Figra_QuixBugs_LEVENSHTEIN_/src/main/java/LEVENSHTEINjava
@@ -17,5 +17,5 @@
-			return 1 + java_programs.LEVENSHTEIN.levenshtein(source.substring(1), target.substring(1));
-		} else {
-			return 1 + java.lang.Math.min(java.lang.Math.min(
-			java_programs.LEVENSHTEIN.levenshtein(source, target.substring(1)), 
-			java_programs.LEVENSHTEIN.levenshtein(source.substring(1), target.substring(1))), 
+			return 
+
+			java.lang.Math.min(
+			java_programs.LEVENSHTEIN.levenshtein(target, source.substring(1)), 
+			java_programs.LEVENSHTEIN.levenshtein(target.substring(1), source.substring(1)));} else { 			return 1 + java.lang.Math.min(java.lang.Math.min(java_programs.LEVENSHTEIN.levenshtein(source, target.substring(1)), java_programs.LEVENSHTEIN.levenshtein(source.substring(1), target.substring(1))), 



Patch 4
VARIANT_ID=1766
TIME=1252
VALIDATION=|true|0|6|[]|
GENERATION=883
FOLDER_SOLUTION_CODE=/users2/cpca56132020/moliveira/folders/Figra_11_QUIXBUGS_LEVENSHTEIN/Figra_QuixBugs_LEVENSHTEIN_/./output_astor/AstorMain-LEVENSHTEIN-//src//variant-1766
--Patch Hunk #1
OPERATOR=ExpressionReplaceOperator

LOCATION=java_programs.LEVENSHTEIN

PATH=/users2/cpca56132020/moliveira/folders/Figra_11_QUIXBUGS_LEVENSHTEIN/Figra_QuixBugs_LEVENSHTEIN_/src/main/java/LEVENSHTEIN.java

MODIFIED_FILE_PATH=/users2/cpca56132020/moliveira/folders/Figra_11_QUIXBUGS_LEVENSHTEIN/Figra_QuixBugs_LEVENSHTEIN_/./output_astor/AstorMain-LEVENSHTEIN-//src//variant-1766/java_programs/LEVENSHTEIN.java

LINE=17

SUSPICIOUNESS=1

MP_RANKING=12

ORIGINAL_CODE=1 + java_programs.LEVENSHTEIN.levenshtein(source.substring(1), target.substring(1))

BUGGY_CODE_TYPE=CtBinaryOperatorImpl|CtReturnImpl

PATCH_HUNK_CODE=1 * java_programs.LEVENSHTEIN.levenshtein(target.substring(1), source.substring(1))

PATCH_HUNK_TYPE=CtBinaryOperatorImpl|CtReturnImpl

INGREDIENT_SCOPE=-

INGREDIENT_PARENT=1 * java_programs.LEVENSHTEIN.levenshtein(_String_0.substring(1), _String_1.substring(1))

PATCH_DIFF_ORIG=--- /users2/cpca56132020/moliveira/folders/Figra_11_QUIXBUGS_LEVENSHTEIN/Figra_QuixBugs_LEVENSHTEIN_/src/main/java/LEVENSHTEINjava
+++ /users2/cpca56132020/moliveira/folders/Figra_11_QUIXBUGS_LEVENSHTEIN/Figra_QuixBugs_LEVENSHTEIN_/src/main/java/LEVENSHTEINjava
@@ -17 +17 @@
-			return 1 + java_programs.LEVENSHTEIN.levenshtein(source.substring(1), target.substring(1));
+			return 1 * java_programs.LEVENSHTEIN.levenshtein(target.substring(1), source.substring(1));



Patch 5
VARIANT_ID=2018
TIME=1458
VALIDATION=|true|0|6|[]|
GENERATION=1009
FOLDER_SOLUTION_CODE=/users2/cpca56132020/moliveira/folders/Figra_11_QUIXBUGS_LEVENSHTEIN/Figra_QuixBugs_LEVENSHTEIN_/./output_astor/AstorMain-LEVENSHTEIN-//src//variant-2018
--Patch Hunk #1
OPERATOR=ExpressionReplaceOperator

LOCATION=java_programs.LEVENSHTEIN

PATH=/users2/cpca56132020/moliveira/folders/Figra_11_QUIXBUGS_LEVENSHTEIN/Figra_QuixBugs_LEVENSHTEIN_/src/main/java/LEVENSHTEIN.java

MODIFIED_FILE_PATH=/users2/cpca56132020/moliveira/folders/Figra_11_QUIXBUGS_LEVENSHTEIN/Figra_QuixBugs_LEVENSHTEIN_/./output_astor/AstorMain-LEVENSHTEIN-//src//variant-2018/java_programs/LEVENSHTEIN.java

LINE=17

SUSPICIOUNESS=1

MP_RANKING=12

ORIGINAL_CODE=1 + java_programs.LEVENSHTEIN.levenshtein(source.substring(1), target.substring(1))

BUGGY_CODE_TYPE=CtBinaryOperatorImpl|CtReturnImpl

PATCH_HUNK_CODE=1 * java_programs.LEVENSHTEIN.levenshtein(source.substring(1), target.substring(1))

PATCH_HUNK_TYPE=CtBinaryOperatorImpl|CtReturnImpl

INGREDIENT_SCOPE=-

INGREDIENT_PARENT=1 * java_programs.LEVENSHTEIN.levenshtein(_String_0.substring(1), _String_1.substring(1))

PATCH_DIFF_ORIG=--- /users2/cpca56132020/moliveira/folders/Figra_11_QUIXBUGS_LEVENSHTEIN/Figra_QuixBugs_LEVENSHTEIN_/src/main/java/LEVENSHTEINjava
+++ /users2/cpca56132020/moliveira/folders/Figra_11_QUIXBUGS_LEVENSHTEIN/Figra_QuixBugs_LEVENSHTEIN_/src/main/java/LEVENSHTEINjava
@@ -17 +17 @@
-			return 1 + java_programs.LEVENSHTEIN.levenshtein(source.substring(1), target.substring(1));
+			return 1 * java_programs.LEVENSHTEIN.levenshtein(source.substring(1), target.substring(1));



Patch 6
VARIANT_ID=2058
TIME=1491
VALIDATION=|true|0|6|[]|
GENERATION=1029
FOLDER_SOLUTION_CODE=/users2/cpca56132020/moliveira/folders/Figra_11_QUIXBUGS_LEVENSHTEIN/Figra_QuixBugs_LEVENSHTEIN_/./output_astor/AstorMain-LEVENSHTEIN-//src//variant-2058
--Patch Hunk #1
OPERATOR=ExpressionReplaceOperator

LOCATION=java_programs.LEVENSHTEIN

PATH=/users2/cpca56132020/moliveira/folders/Figra_11_QUIXBUGS_LEVENSHTEIN/Figra_QuixBugs_LEVENSHTEIN_/src/main/java/LEVENSHTEIN.java

MODIFIED_FILE_PATH=/users2/cpca56132020/moliveira/folders/Figra_11_QUIXBUGS_LEVENSHTEIN/Figra_QuixBugs_LEVENSHTEIN_/./output_astor/AstorMain-LEVENSHTEIN-//src//variant-2058/java_programs/LEVENSHTEIN.java

LINE=17

SUSPICIOUNESS=1

MP_RANKING=6

ORIGINAL_CODE=1

BUGGY_CODE_TYPE=CtLiteralImpl|CtBinaryOperatorImpl

PATCH_HUNK_CODE=(1 * java_programs.LEVENSHTEIN.levenshtein(target.substring(1), target.substring(1)))

PATCH_HUNK_TYPE=CtBinaryOperatorImpl|CtBinaryOperatorImpl

INGREDIENT_SCOPE=-

INGREDIENT_PARENT=1 * java_programs.LEVENSHTEIN.levenshtein(_String_0.substring(1), _String_1.substring(1))

PATCH_DIFF_ORIG=--- /users2/cpca56132020/moliveira/folders/Figra_11_QUIXBUGS_LEVENSHTEIN/Figra_QuixBugs_LEVENSHTEIN_/src/main/java/LEVENSHTEINjava
+++ /users2/cpca56132020/moliveira/folders/Figra_11_QUIXBUGS_LEVENSHTEIN/Figra_QuixBugs_LEVENSHTEIN_/src/main/java/LEVENSHTEINjava
@@ -17 +17 @@
-			return 1 + java_programs.LEVENSHTEIN.levenshtein(source.substring(1), target.substring(1));
+			return (1 * java_programs.LEVENSHTEIN.levenshtein(target.substring(1), target.substring(1))) + java_programs.LEVENSHTEIN.levenshtein(source.substring(1), target.substring(1));



Patch 7
VARIANT_ID=2136
TIME=1557
VALIDATION=|true|0|6|[]|
GENERATION=1068
FOLDER_SOLUTION_CODE=/users2/cpca56132020/moliveira/folders/Figra_11_QUIXBUGS_LEVENSHTEIN/Figra_QuixBugs_LEVENSHTEIN_/./output_astor/AstorMain-LEVENSHTEIN-//src//variant-2136
--Patch Hunk #1
OPERATOR=ExpressionReplaceOperator

LOCATION=java_programs.LEVENSHTEIN

PATH=/users2/cpca56132020/moliveira/folders/Figra_11_QUIXBUGS_LEVENSHTEIN/Figra_QuixBugs_LEVENSHTEIN_/src/main/java/LEVENSHTEIN.java

MODIFIED_FILE_PATH=/users2/cpca56132020/moliveira/folders/Figra_11_QUIXBUGS_LEVENSHTEIN/Figra_QuixBugs_LEVENSHTEIN_/./output_astor/AstorMain-LEVENSHTEIN-//src//variant-2136/java_programs/LEVENSHTEIN.java

LINE=17

SUSPICIOUNESS=1

MP_RANKING=12

ORIGINAL_CODE=1 + java_programs.LEVENSHTEIN.levenshtein(source.substring(1), target.substring(1))

BUGGY_CODE_TYPE=CtBinaryOperatorImpl|CtReturnImpl

PATCH_HUNK_CODE=java.lang.Math.min(
java_programs.LEVENSHTEIN.levenshtein(source, target.substring(1)), 
java_programs.LEVENSHTEIN.levenshtein(source.substring(1), target.substring(1)))

PATCH_HUNK_TYPE=CtInvocationImpl|CtInvocationImpl

INGREDIENT_SCOPE=-

INGREDIENT_PARENT=java.lang.Math.min(
java_programs.LEVENSHTEIN.levenshtein(source, target.substring(1)), 
java_programs.LEVENSHTEIN.levenshtein(source.substring(1), target.substring(1)))

PATCH_DIFF_ORIG=--- /users2/cpca56132020/moliveira/folders/Figra_11_QUIXBUGS_LEVENSHTEIN/Figra_QuixBugs_LEVENSHTEIN_/src/main/java/LEVENSHTEINjava
+++ /users2/cpca56132020/moliveira/folders/Figra_11_QUIXBUGS_LEVENSHTEIN/Figra_QuixBugs_LEVENSHTEIN_/src/main/java/LEVENSHTEINjava
@@ -17,3 +17,3 @@
-			return 1 + java_programs.LEVENSHTEIN.levenshtein(source.substring(1), target.substring(1));
-		} else {
-			return 1 + java.lang.Math.min(java.lang.Math.min(
+			return 
+
+			java.lang.Math.min(
@@ -21 +21 @@
-			java_programs.LEVENSHTEIN.levenshtein(source.substring(1), target.substring(1))), 
+			java_programs.LEVENSHTEIN.levenshtein(source.substring(1), target.substring(1)));} else { 			return 1 + java.lang.Math.min(java.lang.Math.min(java_programs.LEVENSHTEIN.levenshtein(source, target.substring(1)), java_programs.LEVENSHTEIN.levenshtein(source.substring(1), target.substring(1))), 



Patch 8
VARIANT_ID=2166
TIME=1584
VALIDATION=|true|0|6|[]|
GENERATION=1083
FOLDER_SOLUTION_CODE=/users2/cpca56132020/moliveira/folders/Figra_11_QUIXBUGS_LEVENSHTEIN/Figra_QuixBugs_LEVENSHTEIN_/./output_astor/AstorMain-LEVENSHTEIN-//src//variant-2166
--Patch Hunk #1
OPERATOR=ExpressionReplaceOperator

LOCATION=java_programs.LEVENSHTEIN

PATH=/users2/cpca56132020/moliveira/folders/Figra_11_QUIXBUGS_LEVENSHTEIN/Figra_QuixBugs_LEVENSHTEIN_/src/main/java/LEVENSHTEIN.java

MODIFIED_FILE_PATH=/users2/cpca56132020/moliveira/folders/Figra_11_QUIXBUGS_LEVENSHTEIN/Figra_QuixBugs_LEVENSHTEIN_/./output_astor/AstorMain-LEVENSHTEIN-//src//variant-2166/java_programs/LEVENSHTEIN.java

LINE=17

SUSPICIOUNESS=1

MP_RANKING=6

ORIGINAL_CODE=1

BUGGY_CODE_TYPE=CtLiteralImpl|CtBinaryOperatorImpl

PATCH_HUNK_CODE=(1 * java_programs.LEVENSHTEIN.levenshtein(source.substring(1), source.substring(1)))

PATCH_HUNK_TYPE=CtBinaryOperatorImpl|CtBinaryOperatorImpl

INGREDIENT_SCOPE=-

INGREDIENT_PARENT=1 * java_programs.LEVENSHTEIN.levenshtein(_String_0.substring(1), _String_1.substring(1))

PATCH_DIFF_ORIG=--- /users2/cpca56132020/moliveira/folders/Figra_11_QUIXBUGS_LEVENSHTEIN/Figra_QuixBugs_LEVENSHTEIN_/src/main/java/LEVENSHTEINjava
+++ /users2/cpca56132020/moliveira/folders/Figra_11_QUIXBUGS_LEVENSHTEIN/Figra_QuixBugs_LEVENSHTEIN_/src/main/java/LEVENSHTEINjava
@@ -17 +17 @@
-			return 1 + java_programs.LEVENSHTEIN.levenshtein(source.substring(1), target.substring(1));
+			return (1 * java_programs.LEVENSHTEIN.levenshtein(source.substring(1), source.substring(1))) + java_programs.LEVENSHTEIN.levenshtein(source.substring(1), target.substring(1));



Patch 9
VARIANT_ID=2218
TIME=1645
VALIDATION=|true|0|6|[]|
GENERATION=1109
FOLDER_SOLUTION_CODE=/users2/cpca56132020/moliveira/folders/Figra_11_QUIXBUGS_LEVENSHTEIN/Figra_QuixBugs_LEVENSHTEIN_/./output_astor/AstorMain-LEVENSHTEIN-//src//variant-2218
--Patch Hunk #1
OPERATOR=ExpressionReplaceOperator

LOCATION=java_programs.LEVENSHTEIN

PATH=/users2/cpca56132020/moliveira/folders/Figra_11_QUIXBUGS_LEVENSHTEIN/Figra_QuixBugs_LEVENSHTEIN_/src/main/java/LEVENSHTEIN.java

MODIFIED_FILE_PATH=/users2/cpca56132020/moliveira/folders/Figra_11_QUIXBUGS_LEVENSHTEIN/Figra_QuixBugs_LEVENSHTEIN_/./output_astor/AstorMain-LEVENSHTEIN-//src//variant-2218/java_programs/LEVENSHTEIN.java

LINE=17

SUSPICIOUNESS=1

MP_RANKING=12

ORIGINAL_CODE=1 + java_programs.LEVENSHTEIN.levenshtein(source.substring(1), target.substring(1))

BUGGY_CODE_TYPE=CtBinaryOperatorImpl|CtReturnImpl

PATCH_HUNK_CODE=java.lang.Math.min(

java_programs.LEVENSHTEIN.levenshtein(source.substring(1), target.substring(1)), java_programs.LEVENSHTEIN.levenshtein(source, target.substring(1)))

PATCH_HUNK_TYPE=CtInvocationImpl|CtReturnImpl

INGREDIENT_SCOPE=-

INGREDIENT_PARENT=java.lang.Math.min(

java_programs.LEVENSHTEIN.levenshtein(source.substring(1), target.substring(1)), java_programs.LEVENSHTEIN.levenshtein(source, target.substring(1)))

PATCH_DIFF_ORIG=--- /users2/cpca56132020/moliveira/folders/Figra_11_QUIXBUGS_LEVENSHTEIN/Figra_QuixBugs_LEVENSHTEIN_/src/main/java/LEVENSHTEINjava
+++ /users2/cpca56132020/moliveira/folders/Figra_11_QUIXBUGS_LEVENSHTEIN/Figra_QuixBugs_LEVENSHTEIN_/src/main/java/LEVENSHTEINjava
@@ -17,5 +17,5 @@
-			return 1 + java_programs.LEVENSHTEIN.levenshtein(source.substring(1), target.substring(1));
-		} else {
-			return 1 + java.lang.Math.min(java.lang.Math.min(
-			java_programs.LEVENSHTEIN.levenshtein(source, target.substring(1)), 
-			java_programs.LEVENSHTEIN.levenshtein(source.substring(1), target.substring(1))), 
+			return 
+
+			java.lang.Math.min(
+
+			java_programs.LEVENSHTEIN.levenshtein(source.substring(1), target.substring(1)), java_programs.LEVENSHTEIN.levenshtein(source, target.substring(1)));} else { 			return 1 + java.lang.Math.min(java.lang.Math.min(java_programs.LEVENSHTEIN.levenshtein(source, target.substring(1)), java_programs.LEVENSHTEIN.levenshtein(source.substring(1), target.substring(1))), 



Patch 10
VARIANT_ID=2956
TIME=2343
VALIDATION=|true|0|6|[]|
GENERATION=1478
FOLDER_SOLUTION_CODE=/users2/cpca56132020/moliveira/folders/Figra_11_QUIXBUGS_LEVENSHTEIN/Figra_QuixBugs_LEVENSHTEIN_/./output_astor/AstorMain-LEVENSHTEIN-//src//variant-2956
--Patch Hunk #1
OPERATOR=ExpressionReplaceOperator

LOCATION=java_programs.LEVENSHTEIN

PATH=/users2/cpca56132020/moliveira/folders/Figra_11_QUIXBUGS_LEVENSHTEIN/Figra_QuixBugs_LEVENSHTEIN_/src/main/java/LEVENSHTEIN.java

MODIFIED_FILE_PATH=/users2/cpca56132020/moliveira/folders/Figra_11_QUIXBUGS_LEVENSHTEIN/Figra_QuixBugs_LEVENSHTEIN_/./output_astor/AstorMain-LEVENSHTEIN-//src//variant-2956/java_programs/LEVENSHTEIN.java

LINE=17

SUSPICIOUNESS=1

MP_RANKING=12

ORIGINAL_CODE=1 + java_programs.LEVENSHTEIN.levenshtein(source.substring(1), target.substring(1))

BUGGY_CODE_TYPE=CtBinaryOperatorImpl|CtReturnImpl

PATCH_HUNK_CODE=java.lang.Math.min(

java_programs.LEVENSHTEIN.levenshtein(target.substring(1), source.substring(1)), java_programs.LEVENSHTEIN.levenshtein(target, source.substring(1)))

PATCH_HUNK_TYPE=CtInvocationImpl|CtReturnImpl

INGREDIENT_SCOPE=-

INGREDIENT_PARENT=java.lang.Math.min(

java_programs.LEVENSHTEIN.levenshtein(_String_0.substring(1), _String_1.substring(1)), java_programs.LEVENSHTEIN.levenshtein(_String_0, _String_1.substring(1)))

PATCH_DIFF_ORIG=--- /users2/cpca56132020/moliveira/folders/Figra_11_QUIXBUGS_LEVENSHTEIN/Figra_QuixBugs_LEVENSHTEIN_/src/main/java/LEVENSHTEINjava
+++ /users2/cpca56132020/moliveira/folders/Figra_11_QUIXBUGS_LEVENSHTEIN/Figra_QuixBugs_LEVENSHTEIN_/src/main/java/LEVENSHTEINjava
@@ -17,5 +17,5 @@
-			return 1 + java_programs.LEVENSHTEIN.levenshtein(source.substring(1), target.substring(1));
-		} else {
-			return 1 + java.lang.Math.min(java.lang.Math.min(
-			java_programs.LEVENSHTEIN.levenshtein(source, target.substring(1)), 
-			java_programs.LEVENSHTEIN.levenshtein(source.substring(1), target.substring(1))), 
+			return 
+
+			java.lang.Math.min(
+
+			java_programs.LEVENSHTEIN.levenshtein(target.substring(1), source.substring(1)), java_programs.LEVENSHTEIN.levenshtein(target, source.substring(1)));} else { 			return 1 + java.lang.Math.min(java.lang.Math.min(java_programs.LEVENSHTEIN.levenshtein(source, target.substring(1)), java_programs.LEVENSHTEIN.levenshtein(source.substring(1), target.substring(1))), 



Patch 11
VARIANT_ID=3300
TIME=2681
VALIDATION=|true|0|6|[]|
GENERATION=1650
FOLDER_SOLUTION_CODE=/users2/cpca56132020/moliveira/folders/Figra_11_QUIXBUGS_LEVENSHTEIN/Figra_QuixBugs_LEVENSHTEIN_/./output_astor/AstorMain-LEVENSHTEIN-//src//variant-3300
--Patch Hunk #1
OPERATOR=ExpressionReplaceOperator

LOCATION=java_programs.LEVENSHTEIN

PATH=/users2/cpca56132020/moliveira/folders/Figra_11_QUIXBUGS_LEVENSHTEIN/Figra_QuixBugs_LEVENSHTEIN_/src/main/java/LEVENSHTEIN.java

MODIFIED_FILE_PATH=/users2/cpca56132020/moliveira/folders/Figra_11_QUIXBUGS_LEVENSHTEIN/Figra_QuixBugs_LEVENSHTEIN_/./output_astor/AstorMain-LEVENSHTEIN-//src//variant-3300/java_programs/LEVENSHTEIN.java

LINE=17

SUSPICIOUNESS=1

MP_RANKING=6

ORIGINAL_CODE=1

BUGGY_CODE_TYPE=CtLiteralImpl|CtBinaryOperatorImpl

PATCH_HUNK_CODE=0

PATCH_HUNK_TYPE=CtLiteralImpl|CtInvocationImpl

INGREDIENT_SCOPE=-

INGREDIENT_PARENT=0

PATCH_DIFF_ORIG=--- /users2/cpca56132020/moliveira/folders/Figra_11_QUIXBUGS_LEVENSHTEIN/Figra_QuixBugs_LEVENSHTEIN_/src/main/java/LEVENSHTEINjava
+++ /users2/cpca56132020/moliveira/folders/Figra_11_QUIXBUGS_LEVENSHTEIN/Figra_QuixBugs_LEVENSHTEIN_/src/main/java/LEVENSHTEINjava
@@ -17 +17 @@
-			return 1 + java_programs.LEVENSHTEIN.levenshtein(source.substring(1), target.substring(1));
+			return 0 + java_programs.LEVENSHTEIN.levenshtein(source.substring(1), target.substring(1));



Patch 12
VARIANT_ID=3334
TIME=2714
VALIDATION=|true|0|6|[]|
GENERATION=1667
FOLDER_SOLUTION_CODE=/users2/cpca56132020/moliveira/folders/Figra_11_QUIXBUGS_LEVENSHTEIN/Figra_QuixBugs_LEVENSHTEIN_/./output_astor/AstorMain-LEVENSHTEIN-//src//variant-3334
--Patch Hunk #1
OPERATOR=ExpressionReplaceOperator

LOCATION=java_programs.LEVENSHTEIN

PATH=/users2/cpca56132020/moliveira/folders/Figra_11_QUIXBUGS_LEVENSHTEIN/Figra_QuixBugs_LEVENSHTEIN_/src/main/java/LEVENSHTEIN.java

MODIFIED_FILE_PATH=/users2/cpca56132020/moliveira/folders/Figra_11_QUIXBUGS_LEVENSHTEIN/Figra_QuixBugs_LEVENSHTEIN_/./output_astor/AstorMain-LEVENSHTEIN-//src//variant-3334/java_programs/LEVENSHTEIN.java

LINE=17

SUSPICIOUNESS=1

MP_RANKING=6

ORIGINAL_CODE=1

BUGGY_CODE_TYPE=CtLiteralImpl|CtBinaryOperatorImpl

PATCH_HUNK_CODE=java_programs.LEVENSHTEIN.levenshtein(target.substring(1), target.substring(1))

PATCH_HUNK_TYPE=CtInvocationImpl|CtBinaryOperatorImpl

INGREDIENT_SCOPE=-

INGREDIENT_PARENT=java_programs.LEVENSHTEIN.levenshtein(_String_0.substring(1), _String_1.substring(1))

PATCH_DIFF_ORIG=--- /users2/cpca56132020/moliveira/folders/Figra_11_QUIXBUGS_LEVENSHTEIN/Figra_QuixBugs_LEVENSHTEIN_/src/main/java/LEVENSHTEINjava
+++ /users2/cpca56132020/moliveira/folders/Figra_11_QUIXBUGS_LEVENSHTEIN/Figra_QuixBugs_LEVENSHTEIN_/src/main/java/LEVENSHTEINjava
@@ -17 +17 @@
-			return 1 + java_programs.LEVENSHTEIN.levenshtein(source.substring(1), target.substring(1));
+			return java_programs.LEVENSHTEIN.levenshtein(target.substring(1), target.substring(1)) + java_programs.LEVENSHTEIN.levenshtein(source.substring(1), target.substring(1));



Patch 13
VARIANT_ID=3392
TIME=2764
VALIDATION=|true|0|6|[]|
GENERATION=1696
FOLDER_SOLUTION_CODE=/users2/cpca56132020/moliveira/folders/Figra_11_QUIXBUGS_LEVENSHTEIN/Figra_QuixBugs_LEVENSHTEIN_/./output_astor/AstorMain-LEVENSHTEIN-//src//variant-3392
--Patch Hunk #1
OPERATOR=ExpressionReplaceOperator

LOCATION=java_programs.LEVENSHTEIN

PATH=/users2/cpca56132020/moliveira/folders/Figra_11_QUIXBUGS_LEVENSHTEIN/Figra_QuixBugs_LEVENSHTEIN_/src/main/java/LEVENSHTEIN.java

MODIFIED_FILE_PATH=/users2/cpca56132020/moliveira/folders/Figra_11_QUIXBUGS_LEVENSHTEIN/Figra_QuixBugs_LEVENSHTEIN_/./output_astor/AstorMain-LEVENSHTEIN-//src//variant-3392/java_programs/LEVENSHTEIN.java

LINE=17

SUSPICIOUNESS=1

MP_RANKING=6

ORIGINAL_CODE=1

BUGGY_CODE_TYPE=CtLiteralImpl|CtBinaryOperatorImpl

PATCH_HUNK_CODE=(1 & java_programs.LEVENSHTEIN.levenshtein(target.substring(1), target.substring(1)))

PATCH_HUNK_TYPE=CtBinaryOperatorImpl|CtBinaryOperatorImpl

INGREDIENT_SCOPE=-

INGREDIENT_PARENT=1 & java_programs.LEVENSHTEIN.levenshtein(_String_0.substring(1), _String_1.substring(1))

PATCH_DIFF_ORIG=--- /users2/cpca56132020/moliveira/folders/Figra_11_QUIXBUGS_LEVENSHTEIN/Figra_QuixBugs_LEVENSHTEIN_/src/main/java/LEVENSHTEINjava
+++ /users2/cpca56132020/moliveira/folders/Figra_11_QUIXBUGS_LEVENSHTEIN/Figra_QuixBugs_LEVENSHTEIN_/src/main/java/LEVENSHTEINjava
@@ -17 +17 @@
-			return 1 + java_programs.LEVENSHTEIN.levenshtein(source.substring(1), target.substring(1));
+			return (1 & java_programs.LEVENSHTEIN.levenshtein(target.substring(1), target.substring(1))) + java_programs.LEVENSHTEIN.levenshtein(source.substring(1), target.substring(1));



Patch 14
VARIANT_ID=3494
TIME=2862
VALIDATION=|true|0|6|[]|
GENERATION=1747
FOLDER_SOLUTION_CODE=/users2/cpca56132020/moliveira/folders/Figra_11_QUIXBUGS_LEVENSHTEIN/Figra_QuixBugs_LEVENSHTEIN_/./output_astor/AstorMain-LEVENSHTEIN-//src//variant-3494
--Patch Hunk #1
OPERATOR=ExpressionReplaceOperator

LOCATION=java_programs.LEVENSHTEIN

PATH=/users2/cpca56132020/moliveira/folders/Figra_11_QUIXBUGS_LEVENSHTEIN/Figra_QuixBugs_LEVENSHTEIN_/src/main/java/LEVENSHTEIN.java

MODIFIED_FILE_PATH=/users2/cpca56132020/moliveira/folders/Figra_11_QUIXBUGS_LEVENSHTEIN/Figra_QuixBugs_LEVENSHTEIN_/./output_astor/AstorMain-LEVENSHTEIN-//src//variant-3494/java_programs/LEVENSHTEIN.java

LINE=17

SUSPICIOUNESS=1

MP_RANKING=6

ORIGINAL_CODE=1

BUGGY_CODE_TYPE=CtLiteralImpl|CtBinaryOperatorImpl

PATCH_HUNK_CODE=(1 & java_programs.LEVENSHTEIN.levenshtein(source.substring(1), source.substring(1)))

PATCH_HUNK_TYPE=CtBinaryOperatorImpl|CtBinaryOperatorImpl

INGREDIENT_SCOPE=-

INGREDIENT_PARENT=1 & java_programs.LEVENSHTEIN.levenshtein(_String_0.substring(1), _String_1.substring(1))

PATCH_DIFF_ORIG=--- /users2/cpca56132020/moliveira/folders/Figra_11_QUIXBUGS_LEVENSHTEIN/Figra_QuixBugs_LEVENSHTEIN_/src/main/java/LEVENSHTEINjava
+++ /users2/cpca56132020/moliveira/folders/Figra_11_QUIXBUGS_LEVENSHTEIN/Figra_QuixBugs_LEVENSHTEIN_/src/main/java/LEVENSHTEINjava
@@ -17 +17 @@
-			return 1 + java_programs.LEVENSHTEIN.levenshtein(source.substring(1), target.substring(1));
+			return (1 & java_programs.LEVENSHTEIN.levenshtein(source.substring(1), source.substring(1))) + java_programs.LEVENSHTEIN.levenshtein(source.substring(1), target.substring(1));



Patch 15
VARIANT_ID=4104
TIME=3418
VALIDATION=|true|0|6|[]|
GENERATION=2052
FOLDER_SOLUTION_CODE=/users2/cpca56132020/moliveira/folders/Figra_11_QUIXBUGS_LEVENSHTEIN/Figra_QuixBugs_LEVENSHTEIN_/./output_astor/AstorMain-LEVENSHTEIN-//src//variant-4104
--Patch Hunk #1
OPERATOR=ExpressionReplaceOperator

LOCATION=java_programs.LEVENSHTEIN

PATH=/users2/cpca56132020/moliveira/folders/Figra_11_QUIXBUGS_LEVENSHTEIN/Figra_QuixBugs_LEVENSHTEIN_/src/main/java/LEVENSHTEIN.java

MODIFIED_FILE_PATH=/users2/cpca56132020/moliveira/folders/Figra_11_QUIXBUGS_LEVENSHTEIN/Figra_QuixBugs_LEVENSHTEIN_/./output_astor/AstorMain-LEVENSHTEIN-//src//variant-4104/java_programs/LEVENSHTEIN.java

LINE=17

SUSPICIOUNESS=1

MP_RANKING=6

ORIGINAL_CODE=1

BUGGY_CODE_TYPE=CtLiteralImpl|CtBinaryOperatorImpl

PATCH_HUNK_CODE=java_programs.LEVENSHTEIN.levenshtein(source.substring(1), source.substring(1))

PATCH_HUNK_TYPE=CtInvocationImpl|CtBinaryOperatorImpl

INGREDIENT_SCOPE=-

INGREDIENT_PARENT=java_programs.LEVENSHTEIN.levenshtein(_String_0.substring(1), _String_1.substring(1))

PATCH_DIFF_ORIG=--- /users2/cpca56132020/moliveira/folders/Figra_11_QUIXBUGS_LEVENSHTEIN/Figra_QuixBugs_LEVENSHTEIN_/src/main/java/LEVENSHTEINjava
+++ /users2/cpca56132020/moliveira/folders/Figra_11_QUIXBUGS_LEVENSHTEIN/Figra_QuixBugs_LEVENSHTEIN_/src/main/java/LEVENSHTEINjava
@@ -17 +17 @@
-			return 1 + java_programs.LEVENSHTEIN.levenshtein(source.substring(1), target.substring(1));
+			return java_programs.LEVENSHTEIN.levenshtein(source.substring(1), source.substring(1)) + java_programs.LEVENSHTEIN.levenshtein(source.substring(1), target.substring(1));




real	120m32.269s
user	118m5.912s
sys	1m57.148s
\n\nNode: hpc061.ncg.ingrid.pt\n
\n\nDate: Wed Apr  7 13:54:04 EDT 2021\n
