cd /users2/cpca56132020/moliveira/folders/Nopol_QUIXBUGS_SHORTEST_PATH_LENGTHS/Nopol_QuixBugs_SHORTEST_PATH_LENGTHS_;
export JAVA_TOOL_OPTIONS="-Dfile.encoding=UTF8 -Duser.language=en-US -Duser.country=US -Duser.language=en";
TZ="America/New_York"; export TZ;
export PATH="/users2/cpca56132020/moliveira/deps/jdk-8/bin:$PATH";
export JAVA_HOME="/users2/cpca56132020/moliveira/deps/jdk-8/bin";
time java -Xmx4g -Xms1g -cp /users2/cpca56132020/moliveira/RepairThemAll/script/../repair_tools/nopol.jar:/users2/cpca56132020/moliveira/deps/jdk-8/bin/../lib/tools.jar fr.inria.lille.repair.Main \
	--mode repair \
	--type pre_then_cond \
	--oracle angelic \
	--synthesis smt \
	--flocal gzoltar \
	--json \
	--solver z3 \
	--solver-path /users2/cpca56132020/moliveira/RepairThemAll/script/../libs/z3/build/z3 \
	--complianceLevel 8 \
	--source src/main/java \
	--classpath "target/classes:target/test-classes:/users2/cpca56132020/moliveira/.m2/repository/junit/junit/4.11/junit-4.11.jar:/users2/cpca56132020/moliveira/.m2/repository/org/hamcrest/hamcrest-core/1.3/hamcrest-core-1.3.jar:/users2/cpca56132020/moliveira/RepairThemAll/script/../repair_tools/nopol.jar";
	echo "\n\nNode: `hostname`\n";
	echo "\n\nDate: `date`\n";
Picked up JAVA_TOOL_OPTIONS: -Dfile.encoding=UTF8 -Duser.language=en-US -Duser.country=US -Duser.language=en
07:35:41.710 [main] INFO  fr.inria.lille.repair.nopol.NoPol - Source files: [src/main/java]
07:35:41.713 [main] INFO  fr.inria.lille.repair.nopol.NoPol - Classpath: [file:/users2/cpca56132020/moliveira/folders/Nopol_QUIXBUGS_SHORTEST_PATH_LENGTHS/Nopol_QuixBugs_SHORTEST_PATH_LENGTHS_/target/classes/, file:/users2/cpca56132020/moliveira/folders/Nopol_QUIXBUGS_SHORTEST_PATH_LENGTHS/Nopol_QuixBugs_SHORTEST_PATH_LENGTHS_/target/test-classes/, file:/users2/cpca56132020/moliveira/.m2/repository/junit/junit/4.11/junit-4.11.jar, file:/users2/cpca56132020/moliveira/.m2/repository/org/hamcrest/hamcrest-core/1.3/hamcrest-core-1.3.jar, file:/users2/cpca56132020/moliveira/RepairThemAll/script/../repair_tools/nopol.jar]
07:35:41.713 [main] INFO  fr.inria.lille.repair.nopol.NoPol - Statement type: PRE_THEN_COND
07:35:41.714 [main] INFO  fr.inria.lille.repair.nopol.NoPol - Args: [java_testcases.junit.SHORTEST_PATH_LENGTHS_Test]
07:35:41.716 [main] INFO  fr.inria.lille.repair.nopol.NoPol - Config: Config{synthesisDepth=3, collectStaticMethods=true, collectStaticFields=false, collectLiterals=false, onlyOneSynthesisResult=true, sortExpressions=true, maxLineInvocationPerTest=250, timeoutMethodInvocation=2000, dataCollectionTimeoutInSecondForSynthesis=900, addWeight=0.19478, subWeight=0.04554, mulWeight=0.0102, divWeight=0.00613, andWeight=0.10597, orWeight=0.05708, eqWeight=0.22798, nEqWeight=0.0, lessEqWeight=0.0255, lessWeight=0.0947, methodCallWeight=0.1, fieldAccessWeight=0.08099, constantWeight=0.14232, variableWeight=0.05195, mode=REPAIR, type=PRE_THEN_COND, synthesis=SMT, oracle=ANGELIC, solver=Z3, solverPath='/users2/cpca56132020/moliveira/RepairThemAll/script/../libs/z3/build/z3', projectSources=[src/main/java], projectClasspath='[Ljava.net.URL;@16c0663d', projectTests=[java_testcases.junit.SHORTEST_PATH_LENGTHS_Test], complianceLevel=8, outputFolder=., json=true}
07:35:41.716 [main] INFO  fr.inria.lille.repair.nopol.NoPol - Available processors (cores): 1
07:35:41.719 [main] INFO  fr.inria.lille.repair.nopol.NoPol - Free memory: 968 MB
07:35:41.719 [main] INFO  fr.inria.lille.repair.nopol.NoPol - Maximum memory: 3 GB
07:35:41.719 [main] INFO  fr.inria.lille.repair.nopol.NoPol - Total memory available to JVM: 989 MB
07:35:41.719 [main] INFO  fr.inria.lille.repair.nopol.NoPol - Java version: 1.8.0_282
07:35:41.725 [main] INFO  fr.inria.lille.repair.nopol.NoPol - JAVA_HOME: /users2/cpca56132020/moliveira/deps/jdk-8/bin
07:35:41.725 [main] INFO  fr.inria.lille.repair.nopol.NoPol - PATH: /users2/cpca56132020/moliveira/deps/jdk-8/bin:/users2/cpca56132020/moliveira/deps/Maven/apache-maven/bin:/users2/cpca56132020/moliveira/deps/Gradle/gradle-6.8.3/bin:/usr/condabin:/usr/local/bin:/usr/bin:/usr/local/sbin:/usr/sbin:/users2/cpca56132020/moliveira/.local/bin:/users2/cpca56132020/moliveira/bin
07:35:51.472 [pool-2-thread-1] DEBUG fr.inria.lille.repair.nopol.NoPol - statement #1
07:35:51.474 [pool-2-thread-1] DEBUG fr.inria.lille.repair.nopol.NoPol - Analysing SourceLocation java_programs.SHORTEST_PATH_LENGTHS:41 which is executed by 4 tests
2063786665
07:35:51.799 [pool-2-thread-1] DEBUG fr.inria.lille.repair.nopol.NoPol - statement #2
07:35:51.800 [pool-2-thread-1] DEBUG fr.inria.lille.repair.nopol.NoPol - Analysing SourceLocation java_programs.SHORTEST_PATH_LENGTHS:37 which is executed by 4 tests
2063786665
07:35:51.912 [pool-2-thread-1] DEBUG fr.inria.lille.repair.nopol.NoPol - looking with class fr.inria.lille.repair.nopol.spoon.smt.ConditionalAdder
07:35:53.081 [pool-3-thread-1] DEBUG tests.output - Failing tests with false: 
[test4s(java_testcases.junit.SHORTEST_PATH_LENGTHS_Test): expected:<2> but was:<99999>, test2(java_testcases.junit.SHORTEST_PATH_LENGTHS_Test): expected:<10> but was:<99999>]
07:35:53.081 [pool-3-thread-1] DEBUG tests.output - Failing tests with true: 
[test4s(java_testcases.junit.SHORTEST_PATH_LENGTHS_Test): expected:<2> but was:<1>, test1(java_testcases.junit.SHORTEST_PATH_LENGTHS_Test): expected:<0> but was:<-10>, test2(java_testcases.junit.SHORTEST_PATH_LENGTHS_Test): expected:<10> but was:<99999>, test3(java_testcases.junit.SHORTEST_PATH_LENGTHS_Test): expected:<99999> but was:<3>]
07:35:53.081 [pool-3-thread-1] INFO  f.i.l.r.n.synth.SMTNopolSynthesizer - Not enough specifications: 0. A trivial patch is "true" or "false", please write new tests specifying SourceLocation java_programs.SHORTEST_PATH_LENGTHS:37.
07:35:53.081 [pool-2-thread-1] DEBUG fr.inria.lille.repair.nopol.NoPol - statement #3
07:35:53.081 [pool-2-thread-1] DEBUG fr.inria.lille.repair.nopol.NoPol - Analysing SourceLocation java_programs.SHORTEST_PATH_LENGTHS:36 which is executed by 4 tests
2063786665
07:35:53.210 [pool-2-thread-1] DEBUG fr.inria.lille.repair.nopol.NoPol - statement #4
07:35:53.210 [pool-2-thread-1] DEBUG fr.inria.lille.repair.nopol.NoPol - Analysing SourceLocation java_programs.SHORTEST_PATH_LENGTHS:35 which is executed by 4 tests
2063786665
07:35:53.364 [pool-2-thread-1] DEBUG fr.inria.lille.repair.nopol.NoPol - statement #5
07:35:53.365 [pool-2-thread-1] DEBUG fr.inria.lille.repair.nopol.NoPol - Analysing SourceLocation java_programs.SHORTEST_PATH_LENGTHS:34 which is executed by 4 tests
2063786665
07:35:53.506 [pool-2-thread-1] DEBUG fr.inria.lille.repair.nopol.NoPol - looking with class fr.inria.lille.repair.nopol.spoon.smt.ConditionalAdder
07:35:54.185 [pool-13-thread-1] DEBUG tests.output - Failing tests with false: 
[test4s(java_testcases.junit.SHORTEST_PATH_LENGTHS_Test): expected:<2> but was:<99999>, test2(java_testcases.junit.SHORTEST_PATH_LENGTHS_Test): expected:<10> but was:<99999>]
07:35:54.186 [pool-13-thread-1] DEBUG tests.output - Failing tests with true: 
[test4s(java_testcases.junit.SHORTEST_PATH_LENGTHS_Test): expected:<2> but was:<1>, test1(java_testcases.junit.SHORTEST_PATH_LENGTHS_Test): expected:<0> but was:<-10>, test2(java_testcases.junit.SHORTEST_PATH_LENGTHS_Test): expected:<10> but was:<99999>, test3(java_testcases.junit.SHORTEST_PATH_LENGTHS_Test): expected:<99999> but was:<3>]
07:35:54.186 [pool-13-thread-1] INFO  f.i.l.r.n.synth.SMTNopolSynthesizer - Not enough specifications: 0. A trivial patch is "true" or "false", please write new tests specifying SourceLocation java_programs.SHORTEST_PATH_LENGTHS:34.
07:35:54.186 [pool-2-thread-1] DEBUG fr.inria.lille.repair.nopol.NoPol - statement #6
07:35:54.186 [pool-2-thread-1] DEBUG fr.inria.lille.repair.nopol.NoPol - Analysing SourceLocation java_programs.SHORTEST_PATH_LENGTHS:33 which is executed by 4 tests
2063786665
07:35:54.328 [pool-2-thread-1] DEBUG fr.inria.lille.repair.nopol.NoPol - looking with class fr.inria.lille.repair.nopol.spoon.smt.ConditionalAdder
07:35:54.854 [pool-23-thread-1] DEBUG tests.output - Failing tests with false: 
[test4s(java_testcases.junit.SHORTEST_PATH_LENGTHS_Test): expected:<2> but was:<99999>, test2(java_testcases.junit.SHORTEST_PATH_LENGTHS_Test): expected:<10> but was:<99999>]
07:35:54.855 [pool-23-thread-1] DEBUG tests.output - Failing tests with true: 
[test4s(java_testcases.junit.SHORTEST_PATH_LENGTHS_Test): expected:<2> but was:<1>, test1(java_testcases.junit.SHORTEST_PATH_LENGTHS_Test): expected:<0> but was:<-10>, test2(java_testcases.junit.SHORTEST_PATH_LENGTHS_Test): expected:<10> but was:<99999>, test3(java_testcases.junit.SHORTEST_PATH_LENGTHS_Test): expected:<99999> but was:<3>]
07:35:54.855 [pool-23-thread-1] INFO  f.i.l.r.n.synth.SMTNopolSynthesizer - Not enough specifications: 0. A trivial patch is "true" or "false", please write new tests specifying SourceLocation java_programs.SHORTEST_PATH_LENGTHS:33.
07:35:54.855 [pool-2-thread-1] DEBUG fr.inria.lille.repair.nopol.NoPol - statement #7
07:35:54.855 [pool-2-thread-1] DEBUG fr.inria.lille.repair.nopol.NoPol - Analysing SourceLocation java_programs.SHORTEST_PATH_LENGTHS:32 which is executed by 4 tests
2063786665
07:35:54.959 [pool-2-thread-1] DEBUG fr.inria.lille.repair.nopol.NoPol - looking with class fr.inria.lille.repair.nopol.spoon.smt.ConditionalAdder
07:35:55.420 [pool-33-thread-1] DEBUG tests.output - Failing tests with false: 
[test4s(java_testcases.junit.SHORTEST_PATH_LENGTHS_Test): expected:<2> but was:<99999>, test2(java_testcases.junit.SHORTEST_PATH_LENGTHS_Test): expected:<10> but was:<99999>]
07:35:55.420 [pool-33-thread-1] DEBUG tests.output - Failing tests with true: 
[test4s(java_testcases.junit.SHORTEST_PATH_LENGTHS_Test): expected:<2> but was:<1>, test1(java_testcases.junit.SHORTEST_PATH_LENGTHS_Test): expected:<0> but was:<-10>, test2(java_testcases.junit.SHORTEST_PATH_LENGTHS_Test): expected:<10> but was:<99999>, test3(java_testcases.junit.SHORTEST_PATH_LENGTHS_Test): expected:<99999> but was:<3>]
07:35:55.421 [pool-33-thread-1] INFO  f.i.l.r.n.synth.SMTNopolSynthesizer - Not enough specifications: 0. A trivial patch is "true" or "false", please write new tests specifying SourceLocation java_programs.SHORTEST_PATH_LENGTHS:32.
07:35:55.421 [pool-2-thread-1] DEBUG fr.inria.lille.repair.nopol.NoPol - statement #8
07:35:55.421 [pool-2-thread-1] DEBUG fr.inria.lille.repair.nopol.NoPol - Analysing SourceLocation java_programs.SHORTEST_PATH_LENGTHS:28 which is executed by 4 tests
2063786665
07:35:55.515 [pool-2-thread-1] DEBUG fr.inria.lille.repair.nopol.NoPol - looking with class fr.inria.lille.repair.nopol.spoon.smt.ConditionalAdder
07:35:55.922 [pool-43-thread-1] DEBUG tests.output - Failing tests with false: 
[test4s(java_testcases.junit.SHORTEST_PATH_LENGTHS_Test): null, test1(java_testcases.junit.SHORTEST_PATH_LENGTHS_Test): null, test2(java_testcases.junit.SHORTEST_PATH_LENGTHS_Test): null, test3(java_testcases.junit.SHORTEST_PATH_LENGTHS_Test): null]
07:35:55.922 [pool-43-thread-1] DEBUG tests.output - Failing tests with true: 
[test4s(java_testcases.junit.SHORTEST_PATH_LENGTHS_Test): expected:<2> but was:<1>, test1(java_testcases.junit.SHORTEST_PATH_LENGTHS_Test): expected:<0> but was:<-10>, test2(java_testcases.junit.SHORTEST_PATH_LENGTHS_Test): expected:<10> but was:<99999>, test3(java_testcases.junit.SHORTEST_PATH_LENGTHS_Test): expected:<99999> but was:<3>]
07:35:55.922 [pool-43-thread-1] INFO  f.i.l.r.n.synth.SMTNopolSynthesizer - Not enough specifications: 0. A trivial patch is "true" or "false", please write new tests specifying SourceLocation java_programs.SHORTEST_PATH_LENGTHS:28.
07:35:55.922 [pool-2-thread-1] DEBUG fr.inria.lille.repair.nopol.NoPol - statement #9
07:35:55.922 [pool-2-thread-1] DEBUG fr.inria.lille.repair.nopol.NoPol - Analysing SourceLocation java_programs.SHORTEST_PATH_LENGTHS:26 which is executed by 4 tests
2063786665
07:35:55.994 [pool-2-thread-1] DEBUG fr.inria.lille.repair.nopol.NoPol - looking with class fr.inria.lille.repair.nopol.spoon.smt.ConditionalAdder
07:35:56.375 [pool-53-thread-1] DEBUG tests.output - Failing tests with false: 
[test4s(java_testcases.junit.SHORTEST_PATH_LENGTHS_Test): null, test1(java_testcases.junit.SHORTEST_PATH_LENGTHS_Test): null, test2(java_testcases.junit.SHORTEST_PATH_LENGTHS_Test): null, test3(java_testcases.junit.SHORTEST_PATH_LENGTHS_Test): null]
07:35:56.376 [pool-53-thread-1] DEBUG tests.output - Failing tests with true: 
[test4s(java_testcases.junit.SHORTEST_PATH_LENGTHS_Test): expected:<2> but was:<1>, test1(java_testcases.junit.SHORTEST_PATH_LENGTHS_Test): expected:<0> but was:<-10>, test2(java_testcases.junit.SHORTEST_PATH_LENGTHS_Test): expected:<10> but was:<99999>, test3(java_testcases.junit.SHORTEST_PATH_LENGTHS_Test): expected:<99999> but was:<3>]
07:35:56.376 [pool-53-thread-1] INFO  f.i.l.r.n.synth.SMTNopolSynthesizer - Not enough specifications: 0. A trivial patch is "true" or "false", please write new tests specifying SourceLocation java_programs.SHORTEST_PATH_LENGTHS:26.
07:35:56.377 [pool-2-thread-1] DEBUG fr.inria.lille.repair.nopol.NoPol - statement #10
07:35:56.377 [pool-2-thread-1] DEBUG fr.inria.lille.repair.nopol.NoPol - Analysing SourceLocation java_programs.SHORTEST_PATH_LENGTHS:25 which is executed by 4 tests
2063786665
07:35:56.479 [pool-2-thread-1] DEBUG fr.inria.lille.repair.nopol.NoPol - looking with class fr.inria.lille.repair.nopol.spoon.smt.ConditionalAdder
07:35:56.855 [pool-63-thread-1] DEBUG tests.output - Failing tests with false: 
[test4s(java_testcases.junit.SHORTEST_PATH_LENGTHS_Test): null, test1(java_testcases.junit.SHORTEST_PATH_LENGTHS_Test): null, test2(java_testcases.junit.SHORTEST_PATH_LENGTHS_Test): null, test3(java_testcases.junit.SHORTEST_PATH_LENGTHS_Test): null]
07:35:56.855 [pool-63-thread-1] DEBUG tests.output - Failing tests with true: 
[test4s(java_testcases.junit.SHORTEST_PATH_LENGTHS_Test): expected:<2> but was:<1>, test1(java_testcases.junit.SHORTEST_PATH_LENGTHS_Test): expected:<0> but was:<-10>, test2(java_testcases.junit.SHORTEST_PATH_LENGTHS_Test): expected:<10> but was:<99999>, test3(java_testcases.junit.SHORTEST_PATH_LENGTHS_Test): expected:<99999> but was:<3>]
07:35:56.855 [pool-63-thread-1] INFO  f.i.l.r.n.synth.SMTNopolSynthesizer - Not enough specifications: 0. A trivial patch is "true" or "false", please write new tests specifying SourceLocation java_programs.SHORTEST_PATH_LENGTHS:25.
07:35:56.859 [pool-2-thread-1] DEBUG fr.inria.lille.repair.nopol.NoPol - looking with class fr.inria.lille.repair.nopol.spoon.smt.ConditionalReplacer
07:35:57.172 [pool-73-thread-1] DEBUG tests.output - Failing tests with false: 
[test4s(java_testcases.junit.SHORTEST_PATH_LENGTHS_Test): expected:<2> but was:<99999>, test2(java_testcases.junit.SHORTEST_PATH_LENGTHS_Test): expected:<10> but was:<99999>]
07:35:57.173 [pool-73-thread-1] DEBUG tests.output - Failing tests with true: 
[test4s(java_testcases.junit.SHORTEST_PATH_LENGTHS_Test): null, test1(java_testcases.junit.SHORTEST_PATH_LENGTHS_Test): null, test2(java_testcases.junit.SHORTEST_PATH_LENGTHS_Test): null, test3(java_testcases.junit.SHORTEST_PATH_LENGTHS_Test): null]
07:35:57.173 [pool-73-thread-1] INFO  f.i.l.r.n.synth.SMTNopolSynthesizer - Not enough specifications: 0. A trivial patch is "true" or "false", please write new tests specifying SourceLocation java_programs.SHORTEST_PATH_LENGTHS:25.
07:35:57.173 [pool-2-thread-1] DEBUG fr.inria.lille.repair.nopol.NoPol - statement #11
07:35:57.173 [pool-2-thread-1] DEBUG fr.inria.lille.repair.nopol.NoPol - Analysing SourceLocation java_programs.SHORTEST_PATH_LENGTHS:23 which is executed by 4 tests
2063786665
07:35:57.252 [pool-2-thread-1] DEBUG fr.inria.lille.repair.nopol.NoPol - looking with class fr.inria.lille.repair.nopol.spoon.smt.ConditionalAdder
07:35:57.511 [pool-83-thread-1] DEBUG tests.output - Failing tests with false: 
[test4s(java_testcases.junit.SHORTEST_PATH_LENGTHS_Test): null, test1(java_testcases.junit.SHORTEST_PATH_LENGTHS_Test): null, test2(java_testcases.junit.SHORTEST_PATH_LENGTHS_Test): null, test3(java_testcases.junit.SHORTEST_PATH_LENGTHS_Test): null]
07:35:57.511 [pool-83-thread-1] DEBUG tests.output - Failing tests with true: 
[test4s(java_testcases.junit.SHORTEST_PATH_LENGTHS_Test): expected:<2> but was:<1>, test1(java_testcases.junit.SHORTEST_PATH_LENGTHS_Test): expected:<0> but was:<-10>, test2(java_testcases.junit.SHORTEST_PATH_LENGTHS_Test): expected:<10> but was:<99999>, test3(java_testcases.junit.SHORTEST_PATH_LENGTHS_Test): expected:<99999> but was:<3>]
07:35:57.511 [pool-83-thread-1] INFO  f.i.l.r.n.synth.SMTNopolSynthesizer - Not enough specifications: 0. A trivial patch is "true" or "false", please write new tests specifying SourceLocation java_programs.SHORTEST_PATH_LENGTHS:23.
07:35:57.511 [pool-2-thread-1] DEBUG fr.inria.lille.repair.nopol.NoPol - statement #12
07:35:57.512 [pool-2-thread-1] DEBUG fr.inria.lille.repair.nopol.NoPol - Analysing SourceLocation java_programs.SHORTEST_PATH_LENGTHS:22 which is executed by 4 tests
2063786665
07:35:57.592 [pool-2-thread-1] DEBUG fr.inria.lille.repair.nopol.NoPol - looking with class fr.inria.lille.repair.nopol.spoon.smt.ConditionalAdder
07:35:57.918 [pool-93-thread-1] DEBUG tests.output - Failing tests with false: 
[test4s(java_testcases.junit.SHORTEST_PATH_LENGTHS_Test): null, test1(java_testcases.junit.SHORTEST_PATH_LENGTHS_Test): null, test2(java_testcases.junit.SHORTEST_PATH_LENGTHS_Test): null, test3(java_testcases.junit.SHORTEST_PATH_LENGTHS_Test): null]
07:35:57.918 [pool-93-thread-1] DEBUG tests.output - Failing tests with true: 
[test4s(java_testcases.junit.SHORTEST_PATH_LENGTHS_Test): expected:<2> but was:<1>, test1(java_testcases.junit.SHORTEST_PATH_LENGTHS_Test): expected:<0> but was:<-10>, test2(java_testcases.junit.SHORTEST_PATH_LENGTHS_Test): expected:<10> but was:<99999>, test3(java_testcases.junit.SHORTEST_PATH_LENGTHS_Test): expected:<99999> but was:<3>]
07:35:57.918 [pool-93-thread-1] INFO  f.i.l.r.n.synth.SMTNopolSynthesizer - Not enough specifications: 0. A trivial patch is "true" or "false", please write new tests specifying SourceLocation java_programs.SHORTEST_PATH_LENGTHS:22.
07:35:57.918 [pool-2-thread-1] DEBUG fr.inria.lille.repair.nopol.NoPol - looking with class fr.inria.lille.repair.nopol.spoon.smt.ConditionalReplacer
07:35:58.232 [pool-103-thread-1] DEBUG tests.output - Failing tests with false: 
[test4s(java_testcases.junit.SHORTEST_PATH_LENGTHS_Test): expected:<2> but was:<1>, test1(java_testcases.junit.SHORTEST_PATH_LENGTHS_Test): expected:<0> but was:<-10>, test2(java_testcases.junit.SHORTEST_PATH_LENGTHS_Test): expected:<10> but was:<99999>]
07:35:58.232 [pool-103-thread-1] DEBUG tests.output - Failing tests with true: 
[test4s(java_testcases.junit.SHORTEST_PATH_LENGTHS_Test): expected:<2> but was:<0>, test2(java_testcases.junit.SHORTEST_PATH_LENGTHS_Test): expected:<10> but was:<0>, test3(java_testcases.junit.SHORTEST_PATH_LENGTHS_Test): expected:<99999> but was:<0>]
07:35:58.233 [pool-103-thread-1] INFO  f.i.l.r.n.synth.SMTNopolSynthesizer - Not enough specifications: 0. A trivial patch is "true" or "false", please write new tests specifying SourceLocation java_programs.SHORTEST_PATH_LENGTHS:22.
07:35:58.233 [pool-2-thread-1] DEBUG fr.inria.lille.repair.nopol.NoPol - statement #13
07:35:58.233 [pool-2-thread-1] DEBUG fr.inria.lille.repair.nopol.NoPol - Analysing SourceLocation java_programs.SHORTEST_PATH_LENGTHS:21 which is executed by 4 tests
2063786665
07:35:58.306 [pool-2-thread-1] DEBUG fr.inria.lille.repair.nopol.NoPol - statement #14
07:35:58.306 [pool-2-thread-1] DEBUG fr.inria.lille.repair.nopol.NoPol - Analysing SourceLocation java_programs.SHORTEST_PATH_LENGTHS:20 which is executed by 4 tests
2063786665
07:35:58.402 [pool-2-thread-1] DEBUG fr.inria.lille.repair.nopol.NoPol - looking with class fr.inria.lille.repair.nopol.spoon.smt.ConditionalAdder
07:35:58.708 [pool-113-thread-1] DEBUG tests.output - Failing tests with false: 
[test4s(java_testcases.junit.SHORTEST_PATH_LENGTHS_Test): null, test1(java_testcases.junit.SHORTEST_PATH_LENGTHS_Test): null, test2(java_testcases.junit.SHORTEST_PATH_LENGTHS_Test): null, test3(java_testcases.junit.SHORTEST_PATH_LENGTHS_Test): null]
07:35:58.708 [pool-113-thread-1] DEBUG tests.output - Failing tests with true: 
[test4s(java_testcases.junit.SHORTEST_PATH_LENGTHS_Test): expected:<2> but was:<1>, test1(java_testcases.junit.SHORTEST_PATH_LENGTHS_Test): expected:<0> but was:<-10>, test2(java_testcases.junit.SHORTEST_PATH_LENGTHS_Test): expected:<10> but was:<99999>, test3(java_testcases.junit.SHORTEST_PATH_LENGTHS_Test): expected:<99999> but was:<3>]
07:35:58.708 [pool-113-thread-1] INFO  f.i.l.r.n.synth.SMTNopolSynthesizer - Not enough specifications: 0. A trivial patch is "true" or "false", please write new tests specifying SourceLocation java_programs.SHORTEST_PATH_LENGTHS:20.
07:35:58.709 [pool-2-thread-1] DEBUG fr.inria.lille.repair.nopol.NoPol - statement #15
07:35:58.709 [pool-2-thread-1] DEBUG fr.inria.lille.repair.nopol.NoPol - Analysing SourceLocation java_programs.SHORTEST_PATH_LENGTHS:19 which is executed by 4 tests
2063786665
07:35:58.803 [pool-2-thread-1] DEBUG fr.inria.lille.repair.nopol.NoPol - looking with class fr.inria.lille.repair.nopol.spoon.smt.ConditionalAdder
07:35:59.057 [pool-123-thread-1] DEBUG tests.output - Failing tests with false: 
[test4s(java_testcases.junit.SHORTEST_PATH_LENGTHS_Test): null, test1(java_testcases.junit.SHORTEST_PATH_LENGTHS_Test): null, test2(java_testcases.junit.SHORTEST_PATH_LENGTHS_Test): null, test3(java_testcases.junit.SHORTEST_PATH_LENGTHS_Test): null]
07:35:59.057 [pool-123-thread-1] DEBUG tests.output - Failing tests with true: 
[test4s(java_testcases.junit.SHORTEST_PATH_LENGTHS_Test): expected:<2> but was:<1>, test1(java_testcases.junit.SHORTEST_PATH_LENGTHS_Test): expected:<0> but was:<-10>, test2(java_testcases.junit.SHORTEST_PATH_LENGTHS_Test): expected:<10> but was:<99999>, test3(java_testcases.junit.SHORTEST_PATH_LENGTHS_Test): expected:<99999> but was:<3>]
07:35:59.058 [pool-123-thread-1] INFO  f.i.l.r.n.synth.SMTNopolSynthesizer - Not enough specifications: 0. A trivial patch is "true" or "false", please write new tests specifying SourceLocation java_programs.SHORTEST_PATH_LENGTHS:19.
07:35:59.058 [pool-2-thread-1] DEBUG fr.inria.lille.repair.nopol.NoPol - statement #16
07:35:59.058 [pool-2-thread-1] DEBUG fr.inria.lille.repair.nopol.NoPol - Analysing SourceLocation java_programs.SHORTEST_PATH_LENGTHS:18 which is executed by 4 tests
2063786665
07:35:59.127 [pool-2-thread-1] INFO  fr.inria.lille.repair.nopol.NoPol - ----INFORMATION----
07:35:59.147 [pool-2-thread-1] INFO  fr.inria.lille.repair.nopol.NoPol - Nb classes : 3
07:35:59.148 [pool-2-thread-1] INFO  fr.inria.lille.repair.nopol.NoPol - Nb methods : 9
07:35:59.148 [pool-2-thread-1] INFO  fr.inria.lille.repair.nopol.NoPol - Nb Statements Analyzed : 13
07:35:59.148 [pool-2-thread-1] INFO  fr.inria.lille.repair.nopol.NoPol - Nb Statements with Angelic Value Found : 0
07:35:59.148 [pool-2-thread-1] INFO  fr.inria.lille.repair.nopol.NoPol - Nb inputs in SMT : 0
07:35:59.149 [pool-2-thread-1] INFO  fr.inria.lille.repair.nopol.NoPol - Nb SMT level: 0
07:35:59.149 [pool-2-thread-1] INFO  fr.inria.lille.repair.nopol.NoPol - Nb variables in SMT : 0
07:35:59.149 [pool-2-thread-1] INFO  fr.inria.lille.repair.nopol.NoPol - NoPol Execution time : 17418ms
07:35:59.149 [pool-2-thread-1] INFO  fr.inria.lille.repair.nopol.NoPol - 
NO_ANGELIC_VALUE

real	0m18.121s
user	0m10.501s
sys	0m7.003s
\n\nNode: hpc061.ncg.ingrid.pt\n
\n\nDate: Wed Mar 31 07:35:59 EDT 2021\n
