cd /users2/cpca56132020/moliveira/folders/Figra_9_QUIXBUGS_DEPTH_FIRST_SEARCH/Figra_QuixBugs_DEPTH_FIRST_SEARCH_;
export JAVA_TOOL_OPTIONS="-Dfile.encoding=UTF8 -Duser.language=en-US -Duser.country=US -Duser.language=en";
TZ="America/New_York"; export TZ;
export PATH="/usr/lib/jvm/java-1.8.0-openjdk/bin:$PATH";
export JAVA_HOME="/usr/lib/jvm/java-1.8.0-openjdk/bin";
time java -Xmx4g -Xms1g -cp /users2/cpca56132020/moliveira/RepairThemAll/script/../libs/jtestex7.jar:/users2/cpca56132020/moliveira/RepairThemAll/script/../repair_tools/astor.jar fr.inria.main.evolution.AstorMain \
	-mode figra \
	-location . \
	-id DEPTH_FIRST_SEARCH- \
	-failing java_testcases.junit.DEPTH_FIRST_SEARCH_Test \
	-jvm4testexecution /usr/lib/jvm/java-1.8.0-openjdk/bin \
	-jvm4evosuitetestexecution /usr/lib/jvm/java-1.8.0-openjdk/bin \
	-maxgen 1000000 \
	-maxtime 120 \
	-stopfirst false \
	-seed 9 \
	-scope package \
	-population 1 \
	-javacompliancelevel 8 \
	-srcjavafolder src/main/java \
	-srctestfolder src/test/java \
	-binjavafolder target/classes \
	-bintestfolder target/test-classes \
	-parameters x:x:maxCombinationVariableLimit:true:maxVarCombination:1000 \
	-dependencies /users2/cpca56132020/moliveira/.m2/repository/junit/junit/4.11/junit-4.11.jar:/users2/cpca56132020/moliveira/.m2/repository/org/hamcrest/hamcrest-core/1.3/hamcrest-core-1.3.jar;
	echo "\n\nNode: `hostname`\n";
	echo "\n\nDate: `date`\n";
Picked up JAVA_TOOL_OPTIONS: -Dfile.encoding=UTF8 -Duser.language=en-US -Duser.country=US -Duser.language=en
11:53:04.237 [main] ERROR fr.inria.astor.approaches.figra.ExpressionReplaceOperator - Replacement does not work for  modify successors to successors
11:53:05.248 [main] ERROR fr.inria.astor.approaches.figra.ExpressionReplaceOperator - Replacement does not work for  modify new Search() to new Search()
11:53:05.639 [main] ERROR fr.inria.astor.approaches.figra.ExpressionReplaceOperator - Replacement does not work for  modify this to this
11:53:05.990 [main] ERROR fr.inria.astor.approaches.figra.ExpressionReplaceOperator - Replacement does not work for  modify node.getSuccessors() to node.getSuccessors()
11:53:06.531 [main] ERROR fr.inria.astor.approaches.figra.ExpressionReplaceOperator - Replacement does not work for  modify nodesvisited to nodesvisited
11:53:07.617 [main] ERROR fr.inria.astor.approaches.figra.ExpressionReplaceOperator - Replacement does not work for  modify new java.util.HashSet<>() to new java.util.HashSet<>()
11:53:09.991 [main] ERROR fr.inria.astor.approaches.figra.ExpressionReplaceOperator - Replacement does not work for  modify node to node
11:53:10.590 [main] ERROR fr.inria.astor.approaches.figra.ExpressionReplaceOperator - Replacement does not work for  modify successors to successors
11:53:14.811 [main] ERROR fr.inria.astor.approaches.figra.ExpressionReplaceOperator - Replacement does not work for  modify successornodes to successornodes
11:53:15.093 [main] ERROR fr.inria.astor.approaches.figra.ExpressionReplaceOperator - Replacement does not work for  modify node to node
11:53:15.724 [main] ERROR fr.inria.astor.approaches.figra.ExpressionReplaceOperator - Replacement does not work for  modify nodesvisited.contains(node) to nodesvisited.contains(node)
11:53:16.521 [main] ERROR fr.inria.astor.approaches.figra.ExpressionReplaceOperator - Replacement does not work for  modify startnode to startnode
11:53:17.474 [main] ERROR fr.inria.astor.approaches.figra.ExpressionReplaceOperator - Replacement does not work for  modify s to s
11:53:19.729 [main] ERROR fr.inria.astor.approaches.figra.ExpressionReplaceOperator - Replacement does not work for  modify s.search(startnode) to s.search(startnode)
11:53:22.219 [main] ERROR fr.inria.astor.approaches.figra.ExpressionReplaceOperator - Replacement does not work for  modify goalnode to goalnode
11:53:27.786 [main] ERROR fr.inria.astor.approaches.figra.ExpressionReplaceOperator - Replacement does not work for  modify search(successornodes) to search(successornodes)
11:53:29.515 [main] ERROR fr.inria.astor.approaches.figra.ExpressionReplaceOperator - Replacement does not work for  modify node to node
11:53:32.142 [main] ERROR fr.inria.astor.approaches.figra.ExpressionReplaceOperator - Replacement does not work for  modify node == goalnode to node == goalnode
11:53:34.103 [main] ERROR fr.inria.astor.approaches.figra.ExpressionReplaceOperator - Replacement does not work for  modify true to true
Astor Output:

General stats:
EXECUTION_IDENTIFIER=DEPTH_FIRST_SEARCH-
TOTAL_TIME=7200.019
NR_GENERATIONS=278
NR_RIGHT_COMPILATIONS=163
NR_FAILLING_COMPILATIONS=115
NR_ERRONEOUS_VARIANCES=null
NR_FAILING_VALIDATION_PROCESS=null
OUTPUT_STATUS=TIME_OUT

Patch stats:

Patch 1
VARIANT_ID=8
TIME=2
VALIDATION=|true|0|5|[]|
GENERATION=4
FOLDER_SOLUTION_CODE=/users2/cpca56132020/moliveira/folders/Figra_9_QUIXBUGS_DEPTH_FIRST_SEARCH/Figra_QuixBugs_DEPTH_FIRST_SEARCH_/./output_astor/AstorMain-DEPTH_FIRST_SEARCH-//src//variant-8
--Patch Hunk #1
OPERATOR=ExpressionReplaceOperator

LOCATION=java_programs.Node

PATH=/users2/cpca56132020/moliveira/folders/Figra_9_QUIXBUGS_DEPTH_FIRST_SEARCH/Figra_QuixBugs_DEPTH_FIRST_SEARCH_/src/main/java/Node.java

MODIFIED_FILE_PATH=/users2/cpca56132020/moliveira/folders/Figra_9_QUIXBUGS_DEPTH_FIRST_SEARCH/Figra_QuixBugs_DEPTH_FIRST_SEARCH_/./output_astor/AstorMain-DEPTH_FIRST_SEARCH-//src//variant-8/java_programs/Node.java

LINE=50

SUSPICIOUNESS=1

MP_RANKING=1

ORIGINAL_CODE=successors

BUGGY_CODE_TYPE=CtVariableReadImpl|CtAssignmentImpl

PATCH_HUNK_CODE=predecessors

PATCH_HUNK_TYPE=CtVariableReadImpl|CtReturnImpl

INGREDIENT_SCOPE=-

INGREDIENT_PARENT=predecessors

PATCH_DIFF_ORIG=--- /users2/cpca56132020/moliveira/folders/Figra_9_QUIXBUGS_DEPTH_FIRST_SEARCH/Figra_QuixBugs_DEPTH_FIRST_SEARCH_/src/main/java/Nodejava
+++ /users2/cpca56132020/moliveira/folders/Figra_9_QUIXBUGS_DEPTH_FIRST_SEARCH/Figra_QuixBugs_DEPTH_FIRST_SEARCH_/src/main/java/Nodejava
@@ -50 +50 @@
-		this.successors = successors;
+		this.successors = predecessors;



Patch 2
VARIANT_ID=60
TIME=9
VALIDATION=|true|0|5|[]|
GENERATION=30
FOLDER_SOLUTION_CODE=/users2/cpca56132020/moliveira/folders/Figra_9_QUIXBUGS_DEPTH_FIRST_SEARCH/Figra_QuixBugs_DEPTH_FIRST_SEARCH_/./output_astor/AstorMain-DEPTH_FIRST_SEARCH-//src//variant-60
--Patch Hunk #1
OPERATOR=ExpressionReplaceOperator

LOCATION=java_programs.Node

PATH=/users2/cpca56132020/moliveira/folders/Figra_9_QUIXBUGS_DEPTH_FIRST_SEARCH/Figra_QuixBugs_DEPTH_FIRST_SEARCH_/src/main/java/Node.java

MODIFIED_FILE_PATH=/users2/cpca56132020/moliveira/folders/Figra_9_QUIXBUGS_DEPTH_FIRST_SEARCH/Figra_QuixBugs_DEPTH_FIRST_SEARCH_/./output_astor/AstorMain-DEPTH_FIRST_SEARCH-//src//variant-60/java_programs/Node.java

LINE=50

SUSPICIOUNESS=1

MP_RANKING=1

ORIGINAL_CODE=successors

BUGGY_CODE_TYPE=CtVariableReadImpl|CtAssignmentImpl

PATCH_HUNK_CODE=new java.util.ArrayList<java_programs.Node>()

PATCH_HUNK_TYPE=CtConstructorCallImpl|CtReturnImpl

INGREDIENT_SCOPE=-

INGREDIENT_PARENT=new java.util.ArrayList<java_programs.Node>()

PATCH_DIFF_ORIG=--- /users2/cpca56132020/moliveira/folders/Figra_9_QUIXBUGS_DEPTH_FIRST_SEARCH/Figra_QuixBugs_DEPTH_FIRST_SEARCH_/src/main/java/Nodejava
+++ /users2/cpca56132020/moliveira/folders/Figra_9_QUIXBUGS_DEPTH_FIRST_SEARCH/Figra_QuixBugs_DEPTH_FIRST_SEARCH_/src/main/java/Nodejava
@@ -50 +50 @@
-		this.successors = successors;
+		this.successors = new java.util.ArrayList<java_programs.Node>();



Patch 3
VARIANT_ID=74
TIME=11
VALIDATION=|true|0|5|[]|
GENERATION=37
FOLDER_SOLUTION_CODE=/users2/cpca56132020/moliveira/folders/Figra_9_QUIXBUGS_DEPTH_FIRST_SEARCH/Figra_QuixBugs_DEPTH_FIRST_SEARCH_/./output_astor/AstorMain-DEPTH_FIRST_SEARCH-//src//variant-74
--Patch Hunk #1
OPERATOR=ExpressionReplaceOperator

LOCATION=java_programs.DEPTH_FIRST_SEARCH

PATH=/users2/cpca56132020/moliveira/folders/Figra_9_QUIXBUGS_DEPTH_FIRST_SEARCH/Figra_QuixBugs_DEPTH_FIRST_SEARCH_/src/main/java/DEPTH_FIRST_SEARCH.java

MODIFIED_FILE_PATH=/users2/cpca56132020/moliveira/folders/Figra_9_QUIXBUGS_DEPTH_FIRST_SEARCH/Figra_QuixBugs_DEPTH_FIRST_SEARCH_/./output_astor/AstorMain-DEPTH_FIRST_SEARCH-//src//variant-74/java_programs/DEPTH_FIRST_SEARCH.java

LINE=23

SUSPICIOUNESS=0.577

MP_RANKING=2

ORIGINAL_CODE=successornodes

BUGGY_CODE_TYPE=CtVariableReadImpl|CtInvocationImpl

PATCH_HUNK_CODE=goalnode

PATCH_HUNK_TYPE=CtVariableReadImpl|CtInvocationImpl

INGREDIENT_SCOPE=-

INGREDIENT_PARENT=goalnode

PATCH_DIFF_ORIG=--- /users2/cpca56132020/moliveira/folders/Figra_9_QUIXBUGS_DEPTH_FIRST_SEARCH/Figra_QuixBugs_DEPTH_FIRST_SEARCH_/src/main/java/DEPTH_FIRST_SEARCHjava
+++ /users2/cpca56132020/moliveira/folders/Figra_9_QUIXBUGS_DEPTH_FIRST_SEARCH/Figra_QuixBugs_DEPTH_FIRST_SEARCH_/src/main/java/DEPTH_FIRST_SEARCHjava
@@ -23 +23 @@
-						if (search(successornodes)) { 							return true;}
+						if (search(goalnode)) { 							return true;}



Patch 4
VARIANT_ID=90
TIME=13
VALIDATION=|true|0|5|[]|
GENERATION=45
FOLDER_SOLUTION_CODE=/users2/cpca56132020/moliveira/folders/Figra_9_QUIXBUGS_DEPTH_FIRST_SEARCH/Figra_QuixBugs_DEPTH_FIRST_SEARCH_/./output_astor/AstorMain-DEPTH_FIRST_SEARCH-//src//variant-90
--Patch Hunk #1
OPERATOR=ExpressionReplaceOperator

LOCATION=java_programs.DEPTH_FIRST_SEARCH

PATH=/users2/cpca56132020/moliveira/folders/Figra_9_QUIXBUGS_DEPTH_FIRST_SEARCH/Figra_QuixBugs_DEPTH_FIRST_SEARCH_/src/main/java/DEPTH_FIRST_SEARCH.java

MODIFIED_FILE_PATH=/users2/cpca56132020/moliveira/folders/Figra_9_QUIXBUGS_DEPTH_FIRST_SEARCH/Figra_QuixBugs_DEPTH_FIRST_SEARCH_/./output_astor/AstorMain-DEPTH_FIRST_SEARCH-//src//variant-90/java_programs/DEPTH_FIRST_SEARCH.java

LINE=23

SUSPICIOUNESS=0.577

MP_RANKING=3

ORIGINAL_CODE=search(successornodes)

BUGGY_CODE_TYPE=CtInvocationImpl|CtIfImpl

PATCH_HUNK_CODE=true

PATCH_HUNK_TYPE=CtLiteralImpl|CtIfImpl

INGREDIENT_SCOPE=-

INGREDIENT_PARENT=true

PATCH_DIFF_ORIG=--- /users2/cpca56132020/moliveira/folders/Figra_9_QUIXBUGS_DEPTH_FIRST_SEARCH/Figra_QuixBugs_DEPTH_FIRST_SEARCH_/src/main/java/DEPTH_FIRST_SEARCHjava
+++ /users2/cpca56132020/moliveira/folders/Figra_9_QUIXBUGS_DEPTH_FIRST_SEARCH/Figra_QuixBugs_DEPTH_FIRST_SEARCH_/src/main/java/DEPTH_FIRST_SEARCHjava
@@ -23 +23 @@
-						if (search(successornodes)) { 							return true;}
+						if (true) { 							return true;}



Patch 5
VARIANT_ID=110
TIME=17
VALIDATION=|true|0|5|[]|
GENERATION=55
FOLDER_SOLUTION_CODE=/users2/cpca56132020/moliveira/folders/Figra_9_QUIXBUGS_DEPTH_FIRST_SEARCH/Figra_QuixBugs_DEPTH_FIRST_SEARCH_/./output_astor/AstorMain-DEPTH_FIRST_SEARCH-//src//variant-110
--Patch Hunk #1
OPERATOR=ExpressionReplaceOperator

LOCATION=java_programs.DEPTH_FIRST_SEARCH

PATH=/users2/cpca56132020/moliveira/folders/Figra_9_QUIXBUGS_DEPTH_FIRST_SEARCH/Figra_QuixBugs_DEPTH_FIRST_SEARCH_/src/main/java/DEPTH_FIRST_SEARCH.java

MODIFIED_FILE_PATH=/users2/cpca56132020/moliveira/folders/Figra_9_QUIXBUGS_DEPTH_FIRST_SEARCH/Figra_QuixBugs_DEPTH_FIRST_SEARCH_/./output_astor/AstorMain-DEPTH_FIRST_SEARCH-//src//variant-110/java_programs/DEPTH_FIRST_SEARCH.java

LINE=23

SUSPICIOUNESS=0.577

MP_RANKING=3

ORIGINAL_CODE=search(successornodes)

BUGGY_CODE_TYPE=CtInvocationImpl|CtIfImpl

PATCH_HUNK_CODE=!nodesvisited.contains(node)

PATCH_HUNK_TYPE=CtUnaryOperatorImpl|CtIfImpl

INGREDIENT_SCOPE=-

INGREDIENT_PARENT=!nodesvisited.contains(node)

PATCH_DIFF_ORIG=--- /users2/cpca56132020/moliveira/folders/Figra_9_QUIXBUGS_DEPTH_FIRST_SEARCH/Figra_QuixBugs_DEPTH_FIRST_SEARCH_/src/main/java/DEPTH_FIRST_SEARCHjava
+++ /users2/cpca56132020/moliveira/folders/Figra_9_QUIXBUGS_DEPTH_FIRST_SEARCH/Figra_QuixBugs_DEPTH_FIRST_SEARCH_/src/main/java/DEPTH_FIRST_SEARCHjava
@@ -23 +23 @@
-						if (search(successornodes)) { 							return true;}
+						if (!nodesvisited.contains(node)) { 							return true;}



Patch 6
VARIANT_ID=230
TIME=33
VALIDATION=|true|0|5|[]|
GENERATION=115
FOLDER_SOLUTION_CODE=/users2/cpca56132020/moliveira/folders/Figra_9_QUIXBUGS_DEPTH_FIRST_SEARCH/Figra_QuixBugs_DEPTH_FIRST_SEARCH_/./output_astor/AstorMain-DEPTH_FIRST_SEARCH-//src//variant-230
--Patch Hunk #1
OPERATOR=ExpressionReplaceOperator

LOCATION=java_programs.DEPTH_FIRST_SEARCH

PATH=/users2/cpca56132020/moliveira/folders/Figra_9_QUIXBUGS_DEPTH_FIRST_SEARCH/Figra_QuixBugs_DEPTH_FIRST_SEARCH_/src/main/java/DEPTH_FIRST_SEARCH.java

MODIFIED_FILE_PATH=/users2/cpca56132020/moliveira/folders/Figra_9_QUIXBUGS_DEPTH_FIRST_SEARCH/Figra_QuixBugs_DEPTH_FIRST_SEARCH_/./output_astor/AstorMain-DEPTH_FIRST_SEARCH-//src//variant-230/java_programs/DEPTH_FIRST_SEARCH.java

LINE=23

SUSPICIOUNESS=0.577

MP_RANKING=3

ORIGINAL_CODE=search(successornodes)

BUGGY_CODE_TYPE=CtInvocationImpl|CtIfImpl

PATCH_HUNK_CODE=node == node

PATCH_HUNK_TYPE=CtBinaryOperatorImpl|CtIfImpl

INGREDIENT_SCOPE=-

INGREDIENT_PARENT=_Node_0 == _Node_1

PATCH_DIFF_ORIG=--- /users2/cpca56132020/moliveira/folders/Figra_9_QUIXBUGS_DEPTH_FIRST_SEARCH/Figra_QuixBugs_DEPTH_FIRST_SEARCH_/src/main/java/DEPTH_FIRST_SEARCHjava
+++ /users2/cpca56132020/moliveira/folders/Figra_9_QUIXBUGS_DEPTH_FIRST_SEARCH/Figra_QuixBugs_DEPTH_FIRST_SEARCH_/src/main/java/DEPTH_FIRST_SEARCHjava
@@ -23 +23 @@
-						if (search(successornodes)) { 							return true;}
+						if (node == node) { 							return true;}



Patch 7
VARIANT_ID=246
TIME=34
VALIDATION=|true|0|5|[]|
GENERATION=123
FOLDER_SOLUTION_CODE=/users2/cpca56132020/moliveira/folders/Figra_9_QUIXBUGS_DEPTH_FIRST_SEARCH/Figra_QuixBugs_DEPTH_FIRST_SEARCH_/./output_astor/AstorMain-DEPTH_FIRST_SEARCH-//src//variant-246
--Patch Hunk #1
OPERATOR=ExpressionReplaceOperator

LOCATION=java_programs.DEPTH_FIRST_SEARCH

PATH=/users2/cpca56132020/moliveira/folders/Figra_9_QUIXBUGS_DEPTH_FIRST_SEARCH/Figra_QuixBugs_DEPTH_FIRST_SEARCH_/src/main/java/DEPTH_FIRST_SEARCH.java

MODIFIED_FILE_PATH=/users2/cpca56132020/moliveira/folders/Figra_9_QUIXBUGS_DEPTH_FIRST_SEARCH/Figra_QuixBugs_DEPTH_FIRST_SEARCH_/./output_astor/AstorMain-DEPTH_FIRST_SEARCH-//src//variant-246/java_programs/DEPTH_FIRST_SEARCH.java

LINE=23

SUSPICIOUNESS=0.577

MP_RANKING=3

ORIGINAL_CODE=search(successornodes)

BUGGY_CODE_TYPE=CtInvocationImpl|CtIfImpl

PATCH_HUNK_CODE=successornodes == successornodes

PATCH_HUNK_TYPE=CtBinaryOperatorImpl|CtIfImpl

INGREDIENT_SCOPE=-

INGREDIENT_PARENT=_Node_0 == _Node_1

PATCH_DIFF_ORIG=--- /users2/cpca56132020/moliveira/folders/Figra_9_QUIXBUGS_DEPTH_FIRST_SEARCH/Figra_QuixBugs_DEPTH_FIRST_SEARCH_/src/main/java/DEPTH_FIRST_SEARCHjava
+++ /users2/cpca56132020/moliveira/folders/Figra_9_QUIXBUGS_DEPTH_FIRST_SEARCH/Figra_QuixBugs_DEPTH_FIRST_SEARCH_/src/main/java/DEPTH_FIRST_SEARCHjava
@@ -23 +23 @@
-						if (search(successornodes)) { 							return true;}
+						if (successornodes == successornodes) { 							return true;}



Patch 8
VARIANT_ID=252
TIME=36
VALIDATION=|true|0|5|[]|
GENERATION=126
FOLDER_SOLUTION_CODE=/users2/cpca56132020/moliveira/folders/Figra_9_QUIXBUGS_DEPTH_FIRST_SEARCH/Figra_QuixBugs_DEPTH_FIRST_SEARCH_/./output_astor/AstorMain-DEPTH_FIRST_SEARCH-//src//variant-252
--Patch Hunk #1
OPERATOR=ExpressionReplaceOperator

LOCATION=java_programs.DEPTH_FIRST_SEARCH

PATH=/users2/cpca56132020/moliveira/folders/Figra_9_QUIXBUGS_DEPTH_FIRST_SEARCH/Figra_QuixBugs_DEPTH_FIRST_SEARCH_/src/main/java/DEPTH_FIRST_SEARCH.java

MODIFIED_FILE_PATH=/users2/cpca56132020/moliveira/folders/Figra_9_QUIXBUGS_DEPTH_FIRST_SEARCH/Figra_QuixBugs_DEPTH_FIRST_SEARCH_/./output_astor/AstorMain-DEPTH_FIRST_SEARCH-//src//variant-252/java_programs/DEPTH_FIRST_SEARCH.java

LINE=23

SUSPICIOUNESS=0.577

MP_RANKING=3

ORIGINAL_CODE=search(successornodes)

BUGGY_CODE_TYPE=CtInvocationImpl|CtIfImpl

PATCH_HUNK_CODE=!nodesvisited.contains(successornodes)

PATCH_HUNK_TYPE=CtUnaryOperatorImpl|CtIfImpl

INGREDIENT_SCOPE=-

INGREDIENT_PARENT=!_Set_0.contains(_Node_1)

PATCH_DIFF_ORIG=--- /users2/cpca56132020/moliveira/folders/Figra_9_QUIXBUGS_DEPTH_FIRST_SEARCH/Figra_QuixBugs_DEPTH_FIRST_SEARCH_/src/main/java/DEPTH_FIRST_SEARCHjava
+++ /users2/cpca56132020/moliveira/folders/Figra_9_QUIXBUGS_DEPTH_FIRST_SEARCH/Figra_QuixBugs_DEPTH_FIRST_SEARCH_/src/main/java/DEPTH_FIRST_SEARCHjava
@@ -23 +23 @@
-						if (search(successornodes)) { 							return true;}
+						if (!nodesvisited.contains(successornodes)) { 							return true;}



Patch 9
VARIANT_ID=354
TIME=45
VALIDATION=|true|0|5|[]|
GENERATION=177
FOLDER_SOLUTION_CODE=/users2/cpca56132020/moliveira/folders/Figra_9_QUIXBUGS_DEPTH_FIRST_SEARCH/Figra_QuixBugs_DEPTH_FIRST_SEARCH_/./output_astor/AstorMain-DEPTH_FIRST_SEARCH-//src//variant-354
--Patch Hunk #1
OPERATOR=ExpressionReplaceOperator

LOCATION=java_programs.DEPTH_FIRST_SEARCH

PATH=/users2/cpca56132020/moliveira/folders/Figra_9_QUIXBUGS_DEPTH_FIRST_SEARCH/Figra_QuixBugs_DEPTH_FIRST_SEARCH_/src/main/java/DEPTH_FIRST_SEARCH.java

MODIFIED_FILE_PATH=/users2/cpca56132020/moliveira/folders/Figra_9_QUIXBUGS_DEPTH_FIRST_SEARCH/Figra_QuixBugs_DEPTH_FIRST_SEARCH_/./output_astor/AstorMain-DEPTH_FIRST_SEARCH-//src//variant-354/java_programs/DEPTH_FIRST_SEARCH.java

LINE=23

SUSPICIOUNESS=0.577

MP_RANKING=3

ORIGINAL_CODE=search(successornodes)

BUGGY_CODE_TYPE=CtInvocationImpl|CtIfImpl

PATCH_HUNK_CODE=!nodesvisited.contains(startnode)

PATCH_HUNK_TYPE=CtUnaryOperatorImpl|CtIfImpl

INGREDIENT_SCOPE=-

INGREDIENT_PARENT=!_Set_0.contains(_Node_1)

PATCH_DIFF_ORIG=--- /users2/cpca56132020/moliveira/folders/Figra_9_QUIXBUGS_DEPTH_FIRST_SEARCH/Figra_QuixBugs_DEPTH_FIRST_SEARCH_/src/main/java/DEPTH_FIRST_SEARCHjava
+++ /users2/cpca56132020/moliveira/folders/Figra_9_QUIXBUGS_DEPTH_FIRST_SEARCH/Figra_QuixBugs_DEPTH_FIRST_SEARCH_/src/main/java/DEPTH_FIRST_SEARCHjava
@@ -23 +23 @@
-						if (search(successornodes)) { 							return true;}
+						if (!nodesvisited.contains(startnode)) { 							return true;}



Patch 10
VARIANT_ID=392
TIME=49
VALIDATION=|true|0|5|[]|
GENERATION=196
FOLDER_SOLUTION_CODE=/users2/cpca56132020/moliveira/folders/Figra_9_QUIXBUGS_DEPTH_FIRST_SEARCH/Figra_QuixBugs_DEPTH_FIRST_SEARCH_/./output_astor/AstorMain-DEPTH_FIRST_SEARCH-//src//variant-392
--Patch Hunk #1
OPERATOR=ExpressionReplaceOperator

LOCATION=java_programs.DEPTH_FIRST_SEARCH

PATH=/users2/cpca56132020/moliveira/folders/Figra_9_QUIXBUGS_DEPTH_FIRST_SEARCH/Figra_QuixBugs_DEPTH_FIRST_SEARCH_/src/main/java/DEPTH_FIRST_SEARCH.java

MODIFIED_FILE_PATH=/users2/cpca56132020/moliveira/folders/Figra_9_QUIXBUGS_DEPTH_FIRST_SEARCH/Figra_QuixBugs_DEPTH_FIRST_SEARCH_/./output_astor/AstorMain-DEPTH_FIRST_SEARCH-//src//variant-392/java_programs/DEPTH_FIRST_SEARCH.java

LINE=23

SUSPICIOUNESS=0.577

MP_RANKING=3

ORIGINAL_CODE=search(successornodes)

BUGGY_CODE_TYPE=CtInvocationImpl|CtIfImpl

PATCH_HUNK_CODE=startnode == startnode

PATCH_HUNK_TYPE=CtBinaryOperatorImpl|CtIfImpl

INGREDIENT_SCOPE=-

INGREDIENT_PARENT=_Node_0 == _Node_1

PATCH_DIFF_ORIG=--- /users2/cpca56132020/moliveira/folders/Figra_9_QUIXBUGS_DEPTH_FIRST_SEARCH/Figra_QuixBugs_DEPTH_FIRST_SEARCH_/src/main/java/DEPTH_FIRST_SEARCHjava
+++ /users2/cpca56132020/moliveira/folders/Figra_9_QUIXBUGS_DEPTH_FIRST_SEARCH/Figra_QuixBugs_DEPTH_FIRST_SEARCH_/src/main/java/DEPTH_FIRST_SEARCHjava
@@ -23 +23 @@
-						if (search(successornodes)) { 							return true;}
+						if (startnode == startnode) { 							return true;}



Patch 11
VARIANT_ID=420
TIME=51
VALIDATION=|true|0|5|[]|
GENERATION=210
FOLDER_SOLUTION_CODE=/users2/cpca56132020/moliveira/folders/Figra_9_QUIXBUGS_DEPTH_FIRST_SEARCH/Figra_QuixBugs_DEPTH_FIRST_SEARCH_/./output_astor/AstorMain-DEPTH_FIRST_SEARCH-//src//variant-420
--Patch Hunk #1
OPERATOR=ExpressionReplaceOperator

LOCATION=java_programs.DEPTH_FIRST_SEARCH

PATH=/users2/cpca56132020/moliveira/folders/Figra_9_QUIXBUGS_DEPTH_FIRST_SEARCH/Figra_QuixBugs_DEPTH_FIRST_SEARCH_/src/main/java/DEPTH_FIRST_SEARCH.java

MODIFIED_FILE_PATH=/users2/cpca56132020/moliveira/folders/Figra_9_QUIXBUGS_DEPTH_FIRST_SEARCH/Figra_QuixBugs_DEPTH_FIRST_SEARCH_/./output_astor/AstorMain-DEPTH_FIRST_SEARCH-//src//variant-420/java_programs/DEPTH_FIRST_SEARCH.java

LINE=23

SUSPICIOUNESS=0.577

MP_RANKING=3

ORIGINAL_CODE=search(successornodes)

BUGGY_CODE_TYPE=CtInvocationImpl|CtIfImpl

PATCH_HUNK_CODE=search(goalnode)

PATCH_HUNK_TYPE=CtInvocationImpl|CtIfImpl

INGREDIENT_SCOPE=-

INGREDIENT_PARENT=search(_Node_0)

PATCH_DIFF_ORIG=--- /users2/cpca56132020/moliveira/folders/Figra_9_QUIXBUGS_DEPTH_FIRST_SEARCH/Figra_QuixBugs_DEPTH_FIRST_SEARCH_/src/main/java/DEPTH_FIRST_SEARCHjava
+++ /users2/cpca56132020/moliveira/folders/Figra_9_QUIXBUGS_DEPTH_FIRST_SEARCH/Figra_QuixBugs_DEPTH_FIRST_SEARCH_/src/main/java/DEPTH_FIRST_SEARCHjava
@@ -23 +23 @@
-						if (search(successornodes)) { 							return true;}
+						if (search(goalnode)) { 							return true;}



Patch 12
VARIANT_ID=454
TIME=55
VALIDATION=|true|0|5|[]|
GENERATION=227
FOLDER_SOLUTION_CODE=/users2/cpca56132020/moliveira/folders/Figra_9_QUIXBUGS_DEPTH_FIRST_SEARCH/Figra_QuixBugs_DEPTH_FIRST_SEARCH_/./output_astor/AstorMain-DEPTH_FIRST_SEARCH-//src//variant-454
--Patch Hunk #1
OPERATOR=ExpressionReplaceOperator

LOCATION=java_programs.DEPTH_FIRST_SEARCH

PATH=/users2/cpca56132020/moliveira/folders/Figra_9_QUIXBUGS_DEPTH_FIRST_SEARCH/Figra_QuixBugs_DEPTH_FIRST_SEARCH_/src/main/java/DEPTH_FIRST_SEARCH.java

MODIFIED_FILE_PATH=/users2/cpca56132020/moliveira/folders/Figra_9_QUIXBUGS_DEPTH_FIRST_SEARCH/Figra_QuixBugs_DEPTH_FIRST_SEARCH_/./output_astor/AstorMain-DEPTH_FIRST_SEARCH-//src//variant-454/java_programs/DEPTH_FIRST_SEARCH.java

LINE=23

SUSPICIOUNESS=0.577

MP_RANKING=3

ORIGINAL_CODE=search(successornodes)

BUGGY_CODE_TYPE=CtInvocationImpl|CtIfImpl

PATCH_HUNK_CODE=goalnode == goalnode

PATCH_HUNK_TYPE=CtBinaryOperatorImpl|CtIfImpl

INGREDIENT_SCOPE=-

INGREDIENT_PARENT=_Node_0 == _Node_1

PATCH_DIFF_ORIG=--- /users2/cpca56132020/moliveira/folders/Figra_9_QUIXBUGS_DEPTH_FIRST_SEARCH/Figra_QuixBugs_DEPTH_FIRST_SEARCH_/src/main/java/DEPTH_FIRST_SEARCHjava
+++ /users2/cpca56132020/moliveira/folders/Figra_9_QUIXBUGS_DEPTH_FIRST_SEARCH/Figra_QuixBugs_DEPTH_FIRST_SEARCH_/src/main/java/DEPTH_FIRST_SEARCHjava
@@ -23 +23 @@
-						if (search(successornodes)) { 							return true;}
+						if (goalnode == goalnode) { 							return true;}



Patch 13
VARIANT_ID=458
TIME=56
VALIDATION=|true|0|5|[]|
GENERATION=229
FOLDER_SOLUTION_CODE=/users2/cpca56132020/moliveira/folders/Figra_9_QUIXBUGS_DEPTH_FIRST_SEARCH/Figra_QuixBugs_DEPTH_FIRST_SEARCH_/./output_astor/AstorMain-DEPTH_FIRST_SEARCH-//src//variant-458
--Patch Hunk #1
OPERATOR=ExpressionReplaceOperator

LOCATION=java_programs.DEPTH_FIRST_SEARCH

PATH=/users2/cpca56132020/moliveira/folders/Figra_9_QUIXBUGS_DEPTH_FIRST_SEARCH/Figra_QuixBugs_DEPTH_FIRST_SEARCH_/src/main/java/DEPTH_FIRST_SEARCH.java

MODIFIED_FILE_PATH=/users2/cpca56132020/moliveira/folders/Figra_9_QUIXBUGS_DEPTH_FIRST_SEARCH/Figra_QuixBugs_DEPTH_FIRST_SEARCH_/./output_astor/AstorMain-DEPTH_FIRST_SEARCH-//src//variant-458/java_programs/DEPTH_FIRST_SEARCH.java

LINE=23

SUSPICIOUNESS=0.577

MP_RANKING=3

ORIGINAL_CODE=search(successornodes)

BUGGY_CODE_TYPE=CtInvocationImpl|CtIfImpl

PATCH_HUNK_CODE=!nodesvisited.contains(goalnode)

PATCH_HUNK_TYPE=CtUnaryOperatorImpl|CtIfImpl

INGREDIENT_SCOPE=-

INGREDIENT_PARENT=!_Set_0.contains(_Node_1)

PATCH_DIFF_ORIG=--- /users2/cpca56132020/moliveira/folders/Figra_9_QUIXBUGS_DEPTH_FIRST_SEARCH/Figra_QuixBugs_DEPTH_FIRST_SEARCH_/src/main/java/DEPTH_FIRST_SEARCHjava
+++ /users2/cpca56132020/moliveira/folders/Figra_9_QUIXBUGS_DEPTH_FIRST_SEARCH/Figra_QuixBugs_DEPTH_FIRST_SEARCH_/src/main/java/DEPTH_FIRST_SEARCHjava
@@ -23 +23 @@
-						if (search(successornodes)) { 							return true;}
+						if (!nodesvisited.contains(goalnode)) { 							return true;}



Patch 14
VARIANT_ID=538
TIME=63
VALIDATION=|true|0|5|[]|
GENERATION=269
FOLDER_SOLUTION_CODE=/users2/cpca56132020/moliveira/folders/Figra_9_QUIXBUGS_DEPTH_FIRST_SEARCH/Figra_QuixBugs_DEPTH_FIRST_SEARCH_/./output_astor/AstorMain-DEPTH_FIRST_SEARCH-//src//variant-538
--Patch Hunk #1
OPERATOR=ExpressionReplaceOperator

LOCATION=java_programs.DEPTH_FIRST_SEARCH

PATH=/users2/cpca56132020/moliveira/folders/Figra_9_QUIXBUGS_DEPTH_FIRST_SEARCH/Figra_QuixBugs_DEPTH_FIRST_SEARCH_/src/main/java/DEPTH_FIRST_SEARCH.java

MODIFIED_FILE_PATH=/users2/cpca56132020/moliveira/folders/Figra_9_QUIXBUGS_DEPTH_FIRST_SEARCH/Figra_QuixBugs_DEPTH_FIRST_SEARCH_/./output_astor/AstorMain-DEPTH_FIRST_SEARCH-//src//variant-538/java_programs/DEPTH_FIRST_SEARCH.java

LINE=23

SUSPICIOUNESS=0.577

MP_RANKING=3

ORIGINAL_CODE=search(successornodes)

BUGGY_CODE_TYPE=CtInvocationImpl|CtIfImpl

PATCH_HUNK_CODE=startnode == node

PATCH_HUNK_TYPE=CtBinaryOperatorImpl|CtIfImpl

INGREDIENT_SCOPE=-

INGREDIENT_PARENT=_Node_0 == _Node_1

PATCH_DIFF_ORIG=--- /users2/cpca56132020/moliveira/folders/Figra_9_QUIXBUGS_DEPTH_FIRST_SEARCH/Figra_QuixBugs_DEPTH_FIRST_SEARCH_/src/main/java/DEPTH_FIRST_SEARCHjava
+++ /users2/cpca56132020/moliveira/folders/Figra_9_QUIXBUGS_DEPTH_FIRST_SEARCH/Figra_QuixBugs_DEPTH_FIRST_SEARCH_/src/main/java/DEPTH_FIRST_SEARCHjava
@@ -23 +23 @@
-						if (search(successornodes)) { 							return true;}
+						if (startnode == node) { 							return true;}



Patch 15
VARIANT_ID=544
TIME=64
VALIDATION=|true|0|5|[]|
GENERATION=272
FOLDER_SOLUTION_CODE=/users2/cpca56132020/moliveira/folders/Figra_9_QUIXBUGS_DEPTH_FIRST_SEARCH/Figra_QuixBugs_DEPTH_FIRST_SEARCH_/./output_astor/AstorMain-DEPTH_FIRST_SEARCH-//src//variant-544
--Patch Hunk #1
OPERATOR=ExpressionReplaceOperator

LOCATION=java_programs.DEPTH_FIRST_SEARCH

PATH=/users2/cpca56132020/moliveira/folders/Figra_9_QUIXBUGS_DEPTH_FIRST_SEARCH/Figra_QuixBugs_DEPTH_FIRST_SEARCH_/src/main/java/DEPTH_FIRST_SEARCH.java

MODIFIED_FILE_PATH=/users2/cpca56132020/moliveira/folders/Figra_9_QUIXBUGS_DEPTH_FIRST_SEARCH/Figra_QuixBugs_DEPTH_FIRST_SEARCH_/./output_astor/AstorMain-DEPTH_FIRST_SEARCH-//src//variant-544/java_programs/DEPTH_FIRST_SEARCH.java

LINE=23

SUSPICIOUNESS=0.577

MP_RANKING=3

ORIGINAL_CODE=search(successornodes)

BUGGY_CODE_TYPE=CtInvocationImpl|CtIfImpl

PATCH_HUNK_CODE=node == startnode

PATCH_HUNK_TYPE=CtBinaryOperatorImpl|CtIfImpl

INGREDIENT_SCOPE=-

INGREDIENT_PARENT=_Node_0 == _Node_1

PATCH_DIFF_ORIG=--- /users2/cpca56132020/moliveira/folders/Figra_9_QUIXBUGS_DEPTH_FIRST_SEARCH/Figra_QuixBugs_DEPTH_FIRST_SEARCH_/src/main/java/DEPTH_FIRST_SEARCHjava
+++ /users2/cpca56132020/moliveira/folders/Figra_9_QUIXBUGS_DEPTH_FIRST_SEARCH/Figra_QuixBugs_DEPTH_FIRST_SEARCH_/src/main/java/DEPTH_FIRST_SEARCHjava
@@ -23 +23 @@
-						if (search(successornodes)) { 							return true;}
+						if (node == startnode) { 							return true;}




real	120m9.630s
user	119m54.172s
sys	0m11.665s
\n\nNode: hpc060.ncg.ingrid.pt\n
\n\nDate: Wed Apr  7 13:53:03 EDT 2021\n
