cd /users2/cpca56132020/moliveira/folders/Figra_IntroClassJava_digits-c9d718f379a877bd04e4544ee830a1c4c256bb4f104f214afd1ccaf81e7b25dea689895678bb1e6f817d8b0939eb175f8e847130f30a9a22e980d38125933516-001/Figra_IntroClassJava_digits_c9d718f379a877bd04e4544ee830a1c4c256bb4f104f214afd1ccaf81e7b25dea689895678bb1e6f817d8b0939eb175f8e847130f30a9a22e980d38125933516-001;
export JAVA_TOOL_OPTIONS="-Dfile.encoding=UTF8 -Duser.language=en-US -Duser.country=US -Duser.language=en";
TZ="America/New_York"; export TZ;
export PATH="/usr/lib/jvm/java-1.8.0-openjdk/bin/:$PATH";
export JAVA_HOME="/usr/lib/jvm/java-1.8.0-openjdk/bin/";
time java -Xmx4g -Xms1g -cp /users2/cpca56132020/moliveira/RepairThemAll/script/../libs/jtestex7.jar:/users2/cpca56132020/moliveira/RepairThemAll/script/../repair_tools/astor.jar fr.inria.main.evolution.AstorMain \
	-mode figra \
	-location . \
	-id digits-c9d718f379a877bd04e4544ee830a1c4c256bb4f104f214afd1ccaf81e7b25dea689895678bb1e6f817d8b0939eb175f8e847130f30a9a22e980d38125933516-001 \
	-failing introclassJava.digits_c9d718f3_001BlackboxTest:introclassJava.digits_c9d718f3_001WhiteboxTest \
	-jvm4testexecution /users2/cpca56132020/moliveira/jdk1.7.0_80/bin/ \
	-jvm4evosuitetestexecution /users2/cpca56132020/moliveira/jdk1.7.0_80/bin/ \
	-maxgen 1000000 \
	-maxtime 120 \
	-stopfirst false \
	-seed 28 \
	-scope package \
	-population 1 \
	-javacompliancelevel 7 \
	-srcjavafolder src/main/java \
	-srctestfolder src/test/java \
	-binjavafolder target/classes \
	-bintestfolder target/test-classes \
	-parameters x:x:maxCombinationVariableLimit:true:maxVarCombination:1000 \
	-dependencies /users2/cpca56132020/moliveira/.m2/repository/junit/junit/4.11/junit-4.11.jar:/users2/cpca56132020/moliveira/.m2/repository/org/hamcrest/hamcrest-core/1.3/hamcrest-core-1.3.jar;
	echo "\n\nNode: `hostname`\n";
	echo "\n\nDate: `date`\n";
Picked up JAVA_TOOL_OPTIONS: -Dfile.encoding=UTF8 -Duser.language=en-US -Duser.country=US -Duser.language=en
Picked up _JAVA_OPTIONS: -Xmx512m -Xms256m
06:10:41.910 [main] ERROR fr.inria.astor.approaches.figra.ExpressionReplaceOperator - Replacement does not work for  modify value.value to value.value
06:10:43.116 [main] ERROR fr.inria.astor.approaches.figra.ExpressionReplaceOperator - Replacement does not work for  modify value.value to value.value
06:11:05.111 [main] ERROR fr.inria.astor.approaches.figra.ExpressionReplaceOperator - Replacement does not work for  modify value to value
06:11:14.509 [main] ERROR fr.inria.astor.approaches.figra.ExpressionReplaceOperator - Replacement does not work for  modify "That\'s all, have a nice day!\n" to "That\'s all, have a nice day!\n"
06:11:35.095 [main] ERROR fr.inria.astor.approaches.figra.ExpressionReplaceOperator - Replacement does not work for  modify value to value
06:11:45.287 [main] ERROR fr.inria.astor.approaches.figra.ExpressionReplaceOperator - Replacement does not work for  modify value.value % 10 to value.value % 10
06:12:03.802 [main] ERROR fr.inria.astor.approaches.figra.ExpressionReplaceOperator - Replacement does not work for  modify value to value
06:12:05.279 [main] ERROR fr.inria.astor.approaches.figra.ExpressionReplaceOperator - Replacement does not work for  modify value.value < 0 to value.value < 0
06:12:07.052 [main] ERROR fr.inria.astor.approaches.figra.ExpressionReplaceOperator - Replacement does not work for  modify java.lang.String.format("That\'s all, have a nice day!\n") to java.lang.String.format("That\'s all, have a nice day!\n")
06:12:08.317 [main] ERROR fr.inria.astor.approaches.figra.ExpressionReplaceOperator - Replacement does not work for  modify value to value
06:12:11.610 [main] ERROR fr.inria.astor.approaches.figra.ExpressionReplaceOperator - Replacement does not work for  modify java.lang.String.format("\n") to java.lang.String.format("\n")
06:12:37.014 [main] ERROR fr.inria.astor.approaches.figra.ExpressionReplaceOperator - Replacement does not work for  modify digit to digit
06:12:40.026 [main] ERROR fr.inria.astor.approaches.figra.ExpressionReplaceOperator - Replacement does not work for  modify value to value
06:12:41.553 [main] ERROR fr.inria.astor.approaches.figra.ExpressionReplaceOperator - Replacement does not work for  modify value.value to value.value
06:12:42.620 [main] ERROR fr.inria.astor.approaches.figra.ExpressionReplaceOperator - Replacement does not work for  modify new introclassJava.IntObj() to new introclassJava.IntObj()
06:12:56.884 [main] ERROR fr.inria.astor.approaches.figra.ExpressionReplaceOperator - Replacement does not work for  modify value to value
06:13:09.868 [main] ERROR fr.inria.astor.approaches.figra.ExpressionReplaceOperator - Replacement does not work for  modify digit to digit
06:13:14.840 [main] ERROR fr.inria.astor.approaches.figra.ExpressionReplaceOperator - Replacement does not work for  modify "%d\n" to "%d\n"
06:13:18.616 [main] ERROR fr.inria.astor.approaches.figra.ExpressionReplaceOperator - Replacement does not work for  modify value to value
06:13:35.072 [main] ERROR fr.inria.astor.approaches.figra.ExpressionReplaceOperator - Replacement does not work for  modify digit to digit
06:13:37.808 [main] ERROR fr.inria.astor.approaches.figra.ExpressionReplaceOperator - Replacement does not work for  modify value.value == 0 to value.value == 0
06:13:55.431 [main] ERROR fr.inria.astor.approaches.figra.ExpressionReplaceOperator - Replacement does not work for  modify value to value
06:14:02.443 [main] ERROR fr.inria.astor.approaches.figra.ExpressionReplaceOperator - Replacement does not work for  modify value.value / 10 to value.value / 10
06:14:04.270 [main] ERROR fr.inria.astor.approaches.figra.ExpressionReplaceOperator - Replacement does not work for  modify scanner to scanner
06:14:31.511 [main] ERROR fr.inria.astor.approaches.figra.ExpressionReplaceOperator - Replacement does not work for  modify digit to digit
06:16:04.366 [main] ERROR fr.inria.astor.approaches.figra.ExpressionReplaceOperator - Replacement does not work for  modify "\nEnter an integer > " to "\nEnter an integer > "
06:16:37.078 [main] ERROR fr.inria.astor.approaches.figra.ExpressionReplaceOperator - Replacement does not work for  modify java.lang.String.format("\nEnter an integer > ") to java.lang.String.format("\nEnter an integer > ")
06:16:43.119 [main] ERROR fr.inria.astor.approaches.figra.ExpressionReplaceOperator - Replacement does not work for  modify value.value to value.value
06:16:44.926 [main] ERROR fr.inria.astor.approaches.figra.ExpressionReplaceOperator - Replacement does not work for  modify value.value != 0 to value.value != 0
06:16:45.279 [main] ERROR fr.inria.astor.approaches.figra.ExpressionReplaceOperator - Replacement does not work for  modify value.value to value.value
06:17:14.028 [main] ERROR fr.inria.astor.approaches.figra.ExpressionReplaceOperator - Replacement does not work for  modify 10 to 10
06:17:58.223 [main] ERROR fr.inria.astor.approaches.figra.ExpressionReplaceOperator - Replacement does not work for  modify scanner.nextInt() to scanner.nextInt()
06:18:22.996 [main] ERROR fr.inria.astor.approaches.figra.ExpressionReplaceOperator - Replacement does not work for  modify 10 to 10
06:18:53.001 [main] ERROR fr.inria.astor.approaches.figra.ExpressionReplaceOperator - Replacement does not work for  modify "%d\n" to "%d\n"
06:19:16.887 [main] ERROR fr.inria.astor.approaches.figra.ExpressionReplaceOperator - Replacement does not work for  modify "\n" to "\n"
06:19:43.730 [main] ERROR fr.inria.astor.approaches.figra.ExpressionReplaceOperator - Replacement does not work for  modify 0 to 0
06:19:47.024 [main] ERROR fr.inria.astor.approaches.figra.ExpressionReplaceOperator - Replacement does not work for  modify value.value > 0 to value.value > 0
06:19:47.722 [main] ERROR fr.inria.astor.approaches.figra.ExpressionReplaceOperator - Replacement does not work for  modify 0 to 0
06:20:17.644 [main] ERROR fr.inria.astor.approaches.figra.ExpressionReplaceOperator - Replacement does not work for  modify 0 to 0
06:20:21.403 [main] ERROR fr.inria.astor.approaches.figra.ExpressionReplaceOperator - Replacement does not work for  modify value.value to value.value
06:20:24.424 [main] ERROR fr.inria.astor.approaches.figra.ExpressionReplaceOperator - Replacement does not work for  modify value.value to value.value
06:20:25.881 [main] ERROR fr.inria.astor.approaches.figra.ExpressionReplaceOperator - Replacement does not work for  modify 0 to 0
Astor Output:

General stats:
EXECUTION_IDENTIFIER=digits-c9d718f379a877bd04e4544ee830a1c4c256bb4f104f214afd1ccaf81e7b25dea689895678bb1e6f817d8b0939eb175f8e847130f30a9a22e980d38125933516-001
TOTAL_TIME=7200.212
NR_GENERATIONS=510
NR_RIGHT_COMPILATIONS=465
NR_FAILLING_COMPILATIONS=45
NR_ERRONEOUS_VARIANCES=null
NR_FAILING_VALIDATION_PROCESS=null
OUTPUT_STATUS=TIME_OUT

Patch stats:

Patch 1
VARIANT_ID=28
TIME=17
VALIDATION=|true|0|16|[]|
GENERATION=14
FOLDER_SOLUTION_CODE=/users2/cpca56132020/moliveira/folders/Figra_IntroClassJava_digits-c9d718f379a877bd04e4544ee830a1c4c256bb4f104f214afd1ccaf81e7b25dea689895678bb1e6f817d8b0939eb175f8e847130f30a9a22e980d38125933516-001/Figra_IntroClassJava_digits_c9d718f379a877bd04e4544ee830a1c4c256bb4f104f214afd1ccaf81e7b25dea689895678bb1e6f817d8b0939eb175f8e847130f30a9a22e980d38125933516-001/./output_astor/AstorMain-digits-c9d718f379a877bd04e4544ee830a1c4c256bb4f104f214afd1ccaf81e7b25dea689895678bb1e6f817d8b0939eb175f8e847130f30a9a22e980d38125933516-001//src//variant-28
--Patch Hunk #1
OPERATOR=ExpressionReplaceOperator

LOCATION=introclassJava.digits_c9d718f3_001

PATH=/users2/cpca56132020/moliveira/folders/Figra_IntroClassJava_digits-c9d718f379a877bd04e4544ee830a1c4c256bb4f104f214afd1ccaf81e7b25dea689895678bb1e6f817d8b0939eb175f8e847130f30a9a22e980d38125933516-001/Figra_IntroClassJava_digits_c9d718f379a877bd04e4544ee830a1c4c256bb4f104f214afd1ccaf81e7b25dea689895678bb1e6f817d8b0939eb175f8e847130f30a9a22e980d38125933516-001/src/main/java/introclassJava/digits_c9d718f3_001.java

MODIFIED_FILE_PATH=/users2/cpca56132020/moliveira/folders/Figra_IntroClassJava_digits-c9d718f379a877bd04e4544ee830a1c4c256bb4f104f214afd1ccaf81e7b25dea689895678bb1e6f817d8b0939eb175f8e847130f30a9a22e980d38125933516-001/Figra_IntroClassJava_digits_c9d718f379a877bd04e4544ee830a1c4c256bb4f104f214afd1ccaf81e7b25dea689895678bb1e6f817d8b0939eb175f8e847130f30a9a22e980d38125933516-001/./output_astor/AstorMain-digits-c9d718f379a877bd04e4544ee830a1c4c256bb4f104f214afd1ccaf81e7b25dea689895678bb1e6f817d8b0939eb175f8e847130f30a9a22e980d38125933516-001//src//variant-28/introclassJava/digits_c9d718f3_001.java

LINE=81

SUSPICIOUNESS=0.935

MP_RANKING=40

ORIGINAL_CODE=value

BUGGY_CODE_TYPE=CtVariableReadImpl|CtFieldReadImpl

PATCH_HUNK_CODE=digit

PATCH_HUNK_TYPE=CtVariableReadImpl|CtFieldWriteImpl

INGREDIENT_SCOPE=-

INGREDIENT_PARENT=digit

PATCH_DIFF_ORIG=--- /users2/cpca56132020/moliveira/folders/Figra_IntroClassJava_digits-c9d718f379a877bd04e4544ee830a1c4c256bb4f104f214afd1ccaf81e7b25dea689895678bb1e6f817d8b0939eb175f8e847130f30a9a22e980d38125933516-001/Figra_IntroClassJava_digits_c9d718f379a877bd04e4544ee830a1c4c256bb4f104f214afd1ccaf81e7b25dea689895678bb1e6f817d8b0939eb175f8e847130f30a9a22e980d38125933516-001/src/main/java/introclassJava/digits_c9d718f3_001java
+++ /users2/cpca56132020/moliveira/folders/Figra_IntroClassJava_digits-c9d718f379a877bd04e4544ee830a1c4c256bb4f104f214afd1ccaf81e7b25dea689895678bb1e6f817d8b0939eb175f8e847130f30a9a22e980d38125933516-001/Figra_IntroClassJava_digits_c9d718f379a877bd04e4544ee830a1c4c256bb4f104f214afd1ccaf81e7b25dea689895678bb1e6f817d8b0939eb175f8e847130f30a9a22e980d38125933516-001/src/main/java/introclassJava/digits_c9d718f3_001java
@@ -81 +81 @@
-		if (value.value == 0) {
+		if (digit.value == 0) {




real	120m11.171s
user	112m14.140s
sys	0m33.904s
\n\nNode: hpc060.ncg.ingrid.pt\n
\n\nDate: Tue Apr 13 08:10:42 EDT 2021\n
