cd /users2/cpca56132020/moliveira/folders/Figra_15_QUIXBUGS_FIND_FIRST_IN_SORTED/Figra_QuixBugs_FIND_FIRST_IN_SORTED_;
export JAVA_TOOL_OPTIONS="-Dfile.encoding=UTF8 -Duser.language=en-US -Duser.country=US -Duser.language=en";
TZ="America/New_York"; export TZ;
export PATH="/usr/lib/jvm/java-1.8.0-openjdk/bin:$PATH";
export JAVA_HOME="/usr/lib/jvm/java-1.8.0-openjdk/bin";
time java -Xmx4g -Xms1g -cp /users2/cpca56132020/moliveira/RepairThemAll/script/../libs/jtestex7.jar:/users2/cpca56132020/moliveira/RepairThemAll/script/../repair_tools/astor.jar fr.inria.main.evolution.AstorMain \
	-mode figra \
	-location . \
	-id FIND_FIRST_IN_SORTED- \
	-failing java_testcases.junit.FIND_FIRST_IN_SORTED_Test \
	-jvm4testexecution /usr/lib/jvm/java-1.8.0-openjdk/bin \
	-jvm4evosuitetestexecution /usr/lib/jvm/java-1.8.0-openjdk/bin \
	-maxgen 1000000 \
	-maxtime 120 \
	-stopfirst false \
	-seed 15 \
	-scope package \
	-population 1 \
	-javacompliancelevel 8 \
	-srcjavafolder src/main/java \
	-srctestfolder src/test/java \
	-binjavafolder target/classes \
	-bintestfolder target/test-classes \
	-parameters x:x:maxCombinationVariableLimit:true:maxVarCombination:1000 \
	-dependencies /users2/cpca56132020/moliveira/.m2/repository/junit/junit/4.11/junit-4.11.jar:/users2/cpca56132020/moliveira/.m2/repository/org/hamcrest/hamcrest-core/1.3/hamcrest-core-1.3.jar;
	echo "\n\nNode: `hostname`\n";
	echo "\n\nDate: `date`\n";
Picked up JAVA_TOOL_OPTIONS: -Dfile.encoding=UTF8 -Duser.language=en-US -Duser.country=US -Duser.language=en
07:32:17.548 [main] ERROR fr.inria.astor.approaches.figra.ExpressionReplaceOperator - Replacement does not work for  modify arr to arr
07:33:28.059 [main] ERROR fr.inria.astor.approaches.figra.ExpressionReplaceOperator - Replacement does not work for  modify arr to arr
07:35:44.808 [main] ERROR fr.inria.astor.approaches.figra.ExpressionReplaceOperator - Replacement does not work for  modify 0 to 0
