cd /users2/cpca56132020/moliveira/folders/Figra_QUIXBUGS_LONGEST_COMMON_SUBSEQUENCE/Figra_QuixBugs_LONGEST_COMMON_SUBSEQUENCE_;
export JAVA_TOOL_OPTIONS="-Dfile.encoding=UTF8 -Duser.language=en-US -Duser.country=US -Duser.language=en";
TZ="America/New_York"; export TZ;
export PATH="/usr/lib/jvm/java-1.8.0-openjdk/bin/:$PATH";
export JAVA_HOME="/usr/lib/jvm/java-1.8.0-openjdk/bin/";
time java -Xmx4g -Xms1g -cp /users2/cpca56132020/moliveira/RepairThemAll/script/../libs/jtestex7.jar:/users2/cpca56132020/moliveira/RepairThemAll/script/../repair_tools/astor.jar fr.inria.main.evolution.AstorMain \
	-mode figra \
	-location . \
	-id LONGEST_COMMON_SUBSEQUENCE- \
	-failing java_testcases.junit.LONGEST_COMMON_SUBSEQUENCE_Test \
	-jvm4testexecution /usr/lib/jvm/java-1.8.0-openjdk/bin/ \
	-jvm4evosuitetestexecution /usr/lib/jvm/java-1.8.0-openjdk/bin/ \
	-maxgen 1000000 \
	-maxtime 180 \
	-stopfirst false \
	-seed 28 \
	-scope package \
	-population 1 \
	-javacompliancelevel 8 \
	-srcjavafolder src/main/java \
	-srctestfolder src/test/java \
	-binjavafolder target/classes \
	-bintestfolder target/test-classes \
	-parameters x:x:maxCombinationVariableLimit:true:maxVarCombination:1000 \
	-dependencies /users2/cpca56132020/moliveira/.m2/repository/junit/junit/4.11/junit-4.11.jar:/users2/cpca56132020/moliveira/.m2/repository/org/hamcrest/hamcrest-core/1.3/hamcrest-core-1.3.jar;
	echo "\n\nNode: `hostname`\n";
	echo "\n\nDate: `date`\n";
Picked up JAVA_TOOL_OPTIONS: -Dfile.encoding=UTF8 -Duser.language=en-US -Duser.country=US -Duser.language=en
05:45:36.387 [main] ERROR fr.inria.astor.approaches.figra.ExpressionReplaceOperator - Replacement does not work for  modify b.charAt(0) to b.charAt(0)
05:45:38.022 [main] ERROR fr.inria.astor.approaches.figra.ExpressionReplaceOperator - Replacement does not work for  modify b to b
05:45:49.583 [main] ERROR fr.inria.astor.approaches.figra.ExpressionReplaceOperator - Replacement does not work for  modify a.charAt(0) to a.charAt(0)
05:45:49.990 [main] ERROR fr.inria.astor.approaches.figra.ExpressionReplaceOperator - Replacement does not work for  modify 1 to 1
05:45:51.353 [main] ERROR fr.inria.astor.approaches.figra.ExpressionReplaceOperator - Replacement does not work for  modify snd to snd
05:46:23.992 [main] ERROR fr.inria.astor.approaches.figra.ExpressionReplaceOperator - Replacement does not work for  modify 0 to 0
05:46:24.962 [main] ERROR fr.inria.astor.approaches.figra.ExpressionReplaceOperator - Replacement does not work for  modify 0 to 0
05:46:31.672 [main] ERROR fr.inria.astor.approaches.figra.ExpressionReplaceOperator - Replacement does not work for  modify a.substring(1) to a.substring(1)
05:46:32.070 [main] ERROR fr.inria.astor.approaches.figra.ExpressionReplaceOperator - Replacement does not work for  modify a.charAt(0) to a.charAt(0)
05:46:48.220 [main] ERROR fr.inria.astor.approaches.figra.ExpressionReplaceOperator - Replacement does not work for  modify 1 to 1
05:46:50.026 [main] ERROR fr.inria.astor.approaches.figra.ExpressionReplaceOperator - Replacement does not work for  modify fst.length() >= snd.length() ? fst : snd to fst.length() >= snd.length() ? fst : snd
05:46:52.666 [main] ERROR fr.inria.astor.approaches.figra.ExpressionReplaceOperator - Replacement does not work for  modify b.substring(1) to b.substring(1)
05:46:55.549 [main] ERROR fr.inria.astor.approaches.figra.ExpressionReplaceOperator - Replacement does not work for  modify fst.length() to fst.length()
05:47:03.090 [main] ERROR fr.inria.astor.approaches.figra.ExpressionReplaceOperator - Replacement does not work for  modify a.isEmpty() to a.isEmpty()
05:47:16.518 [main] ERROR fr.inria.astor.approaches.figra.ExpressionReplaceOperator - Replacement does not work for  modify a to a
05:47:27.803 [main] ERROR fr.inria.astor.approaches.figra.ExpressionReplaceOperator - Replacement does not work for  modify java_programs.LONGEST_COMMON_SUBSEQUENCE.longest_common_subsequence(a.substring(1), b) to java_programs.LONGEST_COMMON_SUBSEQUENCE.longest_common_subsequence(a.substring(1), b)
05:47:56.751 [main] ERROR fr.inria.astor.approaches.figra.ExpressionReplaceOperator - Replacement does not work for  modify b.isEmpty() to b.isEmpty()
05:48:29.902 [main] ERROR fr.inria.astor.approaches.figra.ExpressionReplaceOperator - Replacement does not work for  modify snd.length() to snd.length()
05:48:35.850 [main] ERROR fr.inria.astor.approaches.figra.ExpressionReplaceOperator - Replacement does not work for  modify a to a
05:48:39.485 [main] ERROR fr.inria.astor.approaches.figra.ExpressionReplaceOperator - Replacement does not work for  modify b to b
05:48:41.507 [main] ERROR fr.inria.astor.approaches.figra.ExpressionReplaceOperator - Replacement does not work for  modify java_programs.LONGEST_COMMON_SUBSEQUENCE.longest_common_subsequence(a.substring(1), b) to java_programs.LONGEST_COMMON_SUBSEQUENCE.longest_common_subsequence(a.substring(1), b)
05:48:42.801 [main] ERROR fr.inria.astor.approaches.figra.ExpressionReplaceOperator - Replacement does not work for  modify a.charAt(0) == b.charAt(0) to a.charAt(0) == b.charAt(0)
05:48:44.297 [main] ERROR fr.inria.astor.approaches.figra.ExpressionReplaceOperator - Replacement does not work for  modify a to a
05:48:44.695 [main] ERROR fr.inria.astor.approaches.figra.ExpressionReplaceOperator - Replacement does not work for  modify 1 to 1
05:48:48.351 [main] ERROR fr.inria.astor.approaches.figra.ExpressionReplaceOperator - Replacement does not work for  modify a.isEmpty() || b.isEmpty() to a.isEmpty() || b.isEmpty()
05:48:58.562 [main] ERROR fr.inria.astor.approaches.figra.ExpressionReplaceOperator - Replacement does not work for  modify a.substring(1) to a.substring(1)
05:48:59.992 [main] ERROR fr.inria.astor.approaches.figra.ExpressionReplaceOperator - Replacement does not work for  modify a to a
05:49:02.398 [main] ERROR fr.inria.astor.approaches.figra.ExpressionReplaceOperator - Replacement does not work for  modify a to a
05:49:23.676 [main] ERROR fr.inria.astor.approaches.figra.ExpressionReplaceOperator - Replacement does not work for  modify a.charAt(0) + java_programs.LONGEST_COMMON_SUBSEQUENCE.longest_common_subsequence(a.substring(1), b) to a.charAt(0) + java_programs.LONGEST_COMMON_SUBSEQUENCE.longest_common_subsequence(a.substring(1), b)
05:49:49.279 [main] ERROR fr.inria.astor.approaches.figra.ExpressionReplaceOperator - Replacement does not work for  modify b to b
05:49:58.046 [main] ERROR fr.inria.astor.approaches.figra.ExpressionReplaceOperator - Replacement does not work for  modify "" to ""
05:51:05.042 [main] ERROR fr.inria.astor.approaches.figra.ExpressionReplaceOperator - Replacement does not work for  modify b to b
05:51:46.454 [main] ERROR fr.inria.astor.approaches.figra.ExpressionReplaceOperator - Replacement does not work for  modify java_programs.LONGEST_COMMON_SUBSEQUENCE.longest_common_subsequence(a, b.substring(1)) to java_programs.LONGEST_COMMON_SUBSEQUENCE.longest_common_subsequence(a, b.substring(1))
05:52:08.271 [main] ERROR fr.inria.astor.approaches.figra.ExpressionReplaceOperator - Replacement does not work for  modify fst to fst
05:53:16.750 [main] ERROR fr.inria.astor.approaches.figra.ExpressionReplaceOperator - Replacement does not work for  modify b to b
05:54:54.222 [main] ERROR fr.inria.astor.approaches.figra.ExpressionReplaceOperator - Replacement does not work for  modify fst.length() >= snd.length() to fst.length() >= snd.length()
Astor Output:

General stats:
EXECUTION_IDENTIFIER=LONGEST_COMMON_SUBSEQUENCE-
TOTAL_TIME=10800.062
NR_GENERATIONS=1261
NR_RIGHT_COMPILATIONS=1221
NR_FAILLING_COMPILATIONS=40
NR_ERRONEOUS_VARIANCES=null
NR_FAILING_VALIDATION_PROCESS=null
OUTPUT_STATUS=TIME_OUT

Patch stats:

Patch 1
VARIANT_ID=684
TIME=224
VALIDATION=|true|0|10|[]|
GENERATION=342
FOLDER_SOLUTION_CODE=/users2/cpca56132020/moliveira/folders/Figra_QUIXBUGS_LONGEST_COMMON_SUBSEQUENCE/Figra_QuixBugs_LONGEST_COMMON_SUBSEQUENCE_/./output_astor/AstorMain-LONGEST_COMMON_SUBSEQUENCE-//src//variant-684
--Patch Hunk #1
OPERATOR=ExpressionReplaceOperator

LOCATION=java_programs.LONGEST_COMMON_SUBSEQUENCE

PATH=/users2/cpca56132020/moliveira/folders/Figra_QUIXBUGS_LONGEST_COMMON_SUBSEQUENCE/Figra_QuixBugs_LONGEST_COMMON_SUBSEQUENCE_/src/main/java/LONGEST_COMMON_SUBSEQUENCE.java

MODIFIED_FILE_PATH=/users2/cpca56132020/moliveira/folders/Figra_QUIXBUGS_LONGEST_COMMON_SUBSEQUENCE/Figra_QuixBugs_LONGEST_COMMON_SUBSEQUENCE_/./output_astor/AstorMain-LONGEST_COMMON_SUBSEQUENCE-//src//variant-684/java_programs/LONGEST_COMMON_SUBSEQUENCE.java

LINE=18

SUSPICIOUNESS=0.632

MP_RANKING=17

ORIGINAL_CODE=b

BUGGY_CODE_TYPE=CtVariableReadImpl|CtInvocationImpl

PATCH_HUNK_CODE=b.substring(1)

PATCH_HUNK_TYPE=CtInvocationImpl|CtInvocationImpl

INGREDIENT_SCOPE=-

INGREDIENT_PARENT=_String_0.substring(1)

PATCH_DIFF_ORIG=--- /users2/cpca56132020/moliveira/folders/Figra_QUIXBUGS_LONGEST_COMMON_SUBSEQUENCE/Figra_QuixBugs_LONGEST_COMMON_SUBSEQUENCE_/src/main/java/LONGEST_COMMON_SUBSEQUENCEjava
+++ /users2/cpca56132020/moliveira/folders/Figra_QUIXBUGS_LONGEST_COMMON_SUBSEQUENCE/Figra_QuixBugs_LONGEST_COMMON_SUBSEQUENCE_/src/main/java/LONGEST_COMMON_SUBSEQUENCEjava
@@ -18 +18 @@
-			return a.charAt(0) + java_programs.LONGEST_COMMON_SUBSEQUENCE.longest_common_subsequence(a.substring(1), b);
+			return a.charAt(0) + java_programs.LONGEST_COMMON_SUBSEQUENCE.longest_common_subsequence(a.substring(1), b.substring(1));




real	180m8.611s
user	178m8.390s
sys	1m5.772s
\n\nNode: hpc063.ncg.ingrid.pt\n
\n\nDate: Thu Apr 22 08:45:23 EDT 2021\n
