cd /users2/cpca56132020/moliveira/folders/Figra_IntroClassJava_digits-1b31fa5c50f7725ce468ebf24282f2d080a83aed87e4ee35522ae7710c8e0136bc263cc460b8ec7bf2c3519cb59af4a138e114d36541515b2609ab56ad2b8ee9-000/Figra_IntroClassJava_digits_1b31fa5c50f7725ce468ebf24282f2d080a83aed87e4ee35522ae7710c8e0136bc263cc460b8ec7bf2c3519cb59af4a138e114d36541515b2609ab56ad2b8ee9-000;
export JAVA_TOOL_OPTIONS="-Dfile.encoding=UTF8 -Duser.language=en-US -Duser.country=US -Duser.language=en";
TZ="America/New_York"; export TZ;
export PATH="/usr/lib/jvm/java-1.8.0-openjdk/bin/:$PATH";
export JAVA_HOME="/usr/lib/jvm/java-1.8.0-openjdk/bin/";
time java -Xmx4g -Xms1g -cp /users2/cpca56132020/moliveira/RepairThemAll/script/../libs/jtestex7.jar:/users2/cpca56132020/moliveira/RepairThemAll/script/../repair_tools/astor.jar fr.inria.main.evolution.AstorMain \
	-mode figra \
	-location . \
	-id digits-1b31fa5c50f7725ce468ebf24282f2d080a83aed87e4ee35522ae7710c8e0136bc263cc460b8ec7bf2c3519cb59af4a138e114d36541515b2609ab56ad2b8ee9-000 \
	-failing introclassJava.digits_1b31fa5c_000BlackboxTest:introclassJava.digits_1b31fa5c_000WhiteboxTest \
	-jvm4testexecution /users2/cpca56132020/moliveira/jdk1.7.0_80/bin/ \
	-jvm4evosuitetestexecution /users2/cpca56132020/moliveira/jdk1.7.0_80/bin/ \
	-maxgen 1000000 \
	-maxtime 120 \
	-stopfirst false \
	-seed 28 \
	-scope package \
	-population 1 \
	-javacompliancelevel 7 \
	-srcjavafolder src/main/java \
	-srctestfolder src/test/java \
	-binjavafolder target/classes \
	-bintestfolder target/test-classes \
	-parameters x:x:maxCombinationVariableLimit:true:maxVarCombination:1000 \
	-dependencies /users2/cpca56132020/moliveira/.m2/repository/junit/junit/4.11/junit-4.11.jar:/users2/cpca56132020/moliveira/.m2/repository/org/hamcrest/hamcrest-core/1.3/hamcrest-core-1.3.jar;
	echo "\n\nNode: `hostname`\n";
	echo "\n\nDate: `date`\n";
Picked up JAVA_TOOL_OPTIONS: -Dfile.encoding=UTF8 -Duser.language=en-US -Duser.country=US -Duser.language=en
Picked up _JAVA_OPTIONS: -Xmx512m -Xms256m
06:11:03.109 [main] ERROR fr.inria.astor.approaches.figra.ExpressionReplaceOperator - Replacement does not work for  modify "Enter an integer > " to "Enter an integer > "
06:11:14.419 [main] ERROR fr.inria.astor.approaches.figra.ExpressionReplaceOperator - Replacement does not work for  modify 0 to 0
06:11:18.917 [main] ERROR fr.inria.astor.approaches.figra.ExpressionReplaceOperator - Replacement does not work for  modify test to test
06:11:20.291 [main] ERROR fr.inria.astor.approaches.figra.ExpressionReplaceOperator - Replacement does not work for  modify status to status
06:11:25.260 [main] ERROR fr.inria.astor.approaches.figra.ExpressionReplaceOperator - Replacement does not work for  modify "\n" to "\n"
06:11:27.116 [main] ERROR fr.inria.astor.approaches.figra.ExpressionReplaceOperator - Replacement does not work for  modify java.lang.String.format("\n") to java.lang.String.format("\n")
06:11:28.405 [main] ERROR fr.inria.astor.approaches.figra.ExpressionReplaceOperator - Replacement does not work for  modify status to status
06:11:29.042 [main] ERROR fr.inria.astor.approaches.figra.ExpressionReplaceOperator - Replacement does not work for  modify scanner.nextInt() to scanner.nextInt()
06:11:29.566 [main] ERROR fr.inria.astor.approaches.figra.ExpressionReplaceOperator - Replacement does not work for  modify new introclassJava.IntObj() to new introclassJava.IntObj()
06:11:30.028 [main] ERROR fr.inria.astor.approaches.figra.ExpressionReplaceOperator - Replacement does not work for  modify 0 to 0
06:11:52.203 [main] ERROR fr.inria.astor.approaches.figra.ExpressionReplaceOperator - Replacement does not work for  modify n to n
06:12:07.268 [main] ERROR fr.inria.astor.approaches.figra.ExpressionReplaceOperator - Replacement does not work for  modify scanner to scanner
06:12:45.763 [main] ERROR fr.inria.astor.approaches.figra.ExpressionReplaceOperator - Replacement does not work for  modify n to n
06:12:46.634 [main] ERROR fr.inria.astor.approaches.figra.ExpressionReplaceOperator - Replacement does not work for  modify test to test
06:12:58.981 [main] ERROR fr.inria.astor.approaches.figra.ExpressionReplaceOperator - Replacement does not work for  modify n to n
06:13:06.616 [main] ERROR fr.inria.astor.approaches.figra.ExpressionReplaceOperator - Replacement does not work for  modify java.lang.String.format("That\'s all, have a nice day!\n") to java.lang.String.format("That\'s all, have a nice day!\n")
06:13:08.722 [main] ERROR fr.inria.astor.approaches.figra.ExpressionReplaceOperator - Replacement does not work for  modify "That\'s all, have a nice day!\n" to "That\'s all, have a nice day!\n"
06:13:22.757 [main] ERROR fr.inria.astor.approaches.figra.ExpressionReplaceOperator - Replacement does not work for  modify java.lang.String.format("Enter an integer > ") to java.lang.String.format("Enter an integer > ")
Astor Output:

General stats:
EXECUTION_IDENTIFIER=digits-1b31fa5c50f7725ce468ebf24282f2d080a83aed87e4ee35522ae7710c8e0136bc263cc460b8ec7bf2c3519cb59af4a138e114d36541515b2609ab56ad2b8ee9-000
TOTAL_TIME=7201.277
NR_GENERATIONS=151
NR_RIGHT_COMPILATIONS=121
NR_FAILLING_COMPILATIONS=30
NR_ERRONEOUS_VARIANCES=null
NR_FAILING_VALIDATION_PROCESS=null
OUTPUT_STATUS=TIME_OUT

Patch stats:

Patch 1
VARIANT_ID=4
TIME=2
VALIDATION=|true|0|16|[]|
GENERATION=2
FOLDER_SOLUTION_CODE=/users2/cpca56132020/moliveira/folders/Figra_IntroClassJava_digits-1b31fa5c50f7725ce468ebf24282f2d080a83aed87e4ee35522ae7710c8e0136bc263cc460b8ec7bf2c3519cb59af4a138e114d36541515b2609ab56ad2b8ee9-000/Figra_IntroClassJava_digits_1b31fa5c50f7725ce468ebf24282f2d080a83aed87e4ee35522ae7710c8e0136bc263cc460b8ec7bf2c3519cb59af4a138e114d36541515b2609ab56ad2b8ee9-000/./output_astor/AstorMain-digits-1b31fa5c50f7725ce468ebf24282f2d080a83aed87e4ee35522ae7710c8e0136bc263cc460b8ec7bf2c3519cb59af4a138e114d36541515b2609ab56ad2b8ee9-000//src//variant-4
--Patch Hunk #1
OPERATOR=ExpressionReplaceOperator

LOCATION=introclassJava.digits_1b31fa5c_000

PATH=/users2/cpca56132020/moliveira/folders/Figra_IntroClassJava_digits-1b31fa5c50f7725ce468ebf24282f2d080a83aed87e4ee35522ae7710c8e0136bc263cc460b8ec7bf2c3519cb59af4a138e114d36541515b2609ab56ad2b8ee9-000/Figra_IntroClassJava_digits_1b31fa5c50f7725ce468ebf24282f2d080a83aed87e4ee35522ae7710c8e0136bc263cc460b8ec7bf2c3519cb59af4a138e114d36541515b2609ab56ad2b8ee9-000/src/main/java/introclassJava/digits_1b31fa5c_000.java

MODIFIED_FILE_PATH=/users2/cpca56132020/moliveira/folders/Figra_IntroClassJava_digits-1b31fa5c50f7725ce468ebf24282f2d080a83aed87e4ee35522ae7710c8e0136bc263cc460b8ec7bf2c3519cb59af4a138e114d36541515b2609ab56ad2b8ee9-000/Figra_IntroClassJava_digits_1b31fa5c50f7725ce468ebf24282f2d080a83aed87e4ee35522ae7710c8e0136bc263cc460b8ec7bf2c3519cb59af4a138e114d36541515b2609ab56ad2b8ee9-000/./output_astor/AstorMain-digits-1b31fa5c50f7725ce468ebf24282f2d080a83aed87e4ee35522ae7710c8e0136bc263cc460b8ec7bf2c3519cb59af4a138e114d36541515b2609ab56ad2b8ee9-000//src//variant-4/introclassJava/digits_1b31fa5c_000.java

LINE=65

SUSPICIOUNESS=0.25

MP_RANKING=12

ORIGINAL_CODE=status.value

BUGGY_CODE_TYPE=CtFieldReadImpl|CtAssignmentImpl

PATCH_HUNK_CODE=(-1)

PATCH_HUNK_TYPE=CtUnaryOperatorImpl|CtBinaryOperatorImpl

INGREDIENT_SCOPE=-

INGREDIENT_PARENT=(-1)

PATCH_DIFF_ORIG=--- /users2/cpca56132020/moliveira/folders/Figra_IntroClassJava_digits-1b31fa5c50f7725ce468ebf24282f2d080a83aed87e4ee35522ae7710c8e0136bc263cc460b8ec7bf2c3519cb59af4a138e114d36541515b2609ab56ad2b8ee9-000/Figra_IntroClassJava_digits_1b31fa5c50f7725ce468ebf24282f2d080a83aed87e4ee35522ae7710c8e0136bc263cc460b8ec7bf2c3519cb59af4a138e114d36541515b2609ab56ad2b8ee9-000/src/main/java/introclassJava/digits_1b31fa5c_000java
+++ /users2/cpca56132020/moliveira/folders/Figra_IntroClassJava_digits-1b31fa5c50f7725ce468ebf24282f2d080a83aed87e4ee35522ae7710c8e0136bc263cc460b8ec7bf2c3519cb59af4a138e114d36541515b2609ab56ad2b8ee9-000/Figra_IntroClassJava_digits_1b31fa5c50f7725ce468ebf24282f2d080a83aed87e4ee35522ae7710c8e0136bc263cc460b8ec7bf2c3519cb59af4a138e114d36541515b2609ab56ad2b8ee9-000/src/main/java/introclassJava/digits_1b31fa5c_000java
@@ -65,4 +65,4 @@
-		test.value = status.value;
-		output += java.lang.String.format("\n");
-		if (n.value < 0) {
-			n.value = n.value * (-1);
+		test.value = 
+
+
+		-1; 		output += java.lang.String.format("\n"); 		if (n.value < 0) { 			n.value = n.value * (-1);



Patch 2
VARIANT_ID=24
TIME=6
VALIDATION=|true|0|16|[]|
GENERATION=12
FOLDER_SOLUTION_CODE=/users2/cpca56132020/moliveira/folders/Figra_IntroClassJava_digits-1b31fa5c50f7725ce468ebf24282f2d080a83aed87e4ee35522ae7710c8e0136bc263cc460b8ec7bf2c3519cb59af4a138e114d36541515b2609ab56ad2b8ee9-000/Figra_IntroClassJava_digits_1b31fa5c50f7725ce468ebf24282f2d080a83aed87e4ee35522ae7710c8e0136bc263cc460b8ec7bf2c3519cb59af4a138e114d36541515b2609ab56ad2b8ee9-000/./output_astor/AstorMain-digits-1b31fa5c50f7725ce468ebf24282f2d080a83aed87e4ee35522ae7710c8e0136bc263cc460b8ec7bf2c3519cb59af4a138e114d36541515b2609ab56ad2b8ee9-000//src//variant-24
--Patch Hunk #1
OPERATOR=ExpressionReplaceOperator

LOCATION=introclassJava.digits_1b31fa5c_000

PATH=/users2/cpca56132020/moliveira/folders/Figra_IntroClassJava_digits-1b31fa5c50f7725ce468ebf24282f2d080a83aed87e4ee35522ae7710c8e0136bc263cc460b8ec7bf2c3519cb59af4a138e114d36541515b2609ab56ad2b8ee9-000/Figra_IntroClassJava_digits_1b31fa5c50f7725ce468ebf24282f2d080a83aed87e4ee35522ae7710c8e0136bc263cc460b8ec7bf2c3519cb59af4a138e114d36541515b2609ab56ad2b8ee9-000/src/main/java/introclassJava/digits_1b31fa5c_000.java

MODIFIED_FILE_PATH=/users2/cpca56132020/moliveira/folders/Figra_IntroClassJava_digits-1b31fa5c50f7725ce468ebf24282f2d080a83aed87e4ee35522ae7710c8e0136bc263cc460b8ec7bf2c3519cb59af4a138e114d36541515b2609ab56ad2b8ee9-000/Figra_IntroClassJava_digits_1b31fa5c50f7725ce468ebf24282f2d080a83aed87e4ee35522ae7710c8e0136bc263cc460b8ec7bf2c3519cb59af4a138e114d36541515b2609ab56ad2b8ee9-000/./output_astor/AstorMain-digits-1b31fa5c50f7725ce468ebf24282f2d080a83aed87e4ee35522ae7710c8e0136bc263cc460b8ec7bf2c3519cb59af4a138e114d36541515b2609ab56ad2b8ee9-000//src//variant-24/introclassJava/digits_1b31fa5c_000.java

LINE=65

SUSPICIOUNESS=0.25

MP_RANKING=12

ORIGINAL_CODE=status.value

BUGGY_CODE_TYPE=CtFieldReadImpl|CtAssignmentImpl

PATCH_HUNK_CODE=10

PATCH_HUNK_TYPE=CtLiteralImpl|CtBinaryOperatorImpl

INGREDIENT_SCOPE=-

INGREDIENT_PARENT=10

PATCH_DIFF_ORIG=--- /users2/cpca56132020/moliveira/folders/Figra_IntroClassJava_digits-1b31fa5c50f7725ce468ebf24282f2d080a83aed87e4ee35522ae7710c8e0136bc263cc460b8ec7bf2c3519cb59af4a138e114d36541515b2609ab56ad2b8ee9-000/Figra_IntroClassJava_digits_1b31fa5c50f7725ce468ebf24282f2d080a83aed87e4ee35522ae7710c8e0136bc263cc460b8ec7bf2c3519cb59af4a138e114d36541515b2609ab56ad2b8ee9-000/src/main/java/introclassJava/digits_1b31fa5c_000java
+++ /users2/cpca56132020/moliveira/folders/Figra_IntroClassJava_digits-1b31fa5c50f7725ce468ebf24282f2d080a83aed87e4ee35522ae7710c8e0136bc263cc460b8ec7bf2c3519cb59af4a138e114d36541515b2609ab56ad2b8ee9-000/Figra_IntroClassJava_digits_1b31fa5c50f7725ce468ebf24282f2d080a83aed87e4ee35522ae7710c8e0136bc263cc460b8ec7bf2c3519cb59af4a138e114d36541515b2609ab56ad2b8ee9-000/src/main/java/introclassJava/digits_1b31fa5c_000java
@@ -65,7 +65,7 @@
-		test.value = status.value;
-		output += java.lang.String.format("\n");
-		if (n.value < 0) {
-			n.value = n.value * (-1);
-		}
-		while (test.value != 0) {
-			remainder.value = n.value % 10;
+		test.value = 
+
+
+
+
+
+		10; 		output += java.lang.String.format("\n"); 		if (n.value < 0) { 			n.value = n.value * (-1);} 		while (test.value != 0) { 			remainder.value = n.value % 10;



Patch 3
VARIANT_ID=40
TIME=10
VALIDATION=|true|0|16|[]|
GENERATION=20
FOLDER_SOLUTION_CODE=/users2/cpca56132020/moliveira/folders/Figra_IntroClassJava_digits-1b31fa5c50f7725ce468ebf24282f2d080a83aed87e4ee35522ae7710c8e0136bc263cc460b8ec7bf2c3519cb59af4a138e114d36541515b2609ab56ad2b8ee9-000/Figra_IntroClassJava_digits_1b31fa5c50f7725ce468ebf24282f2d080a83aed87e4ee35522ae7710c8e0136bc263cc460b8ec7bf2c3519cb59af4a138e114d36541515b2609ab56ad2b8ee9-000/./output_astor/AstorMain-digits-1b31fa5c50f7725ce468ebf24282f2d080a83aed87e4ee35522ae7710c8e0136bc263cc460b8ec7bf2c3519cb59af4a138e114d36541515b2609ab56ad2b8ee9-000//src//variant-40
--Patch Hunk #1
OPERATOR=ExpressionReplaceOperator

LOCATION=introclassJava.digits_1b31fa5c_000

PATH=/users2/cpca56132020/moliveira/folders/Figra_IntroClassJava_digits-1b31fa5c50f7725ce468ebf24282f2d080a83aed87e4ee35522ae7710c8e0136bc263cc460b8ec7bf2c3519cb59af4a138e114d36541515b2609ab56ad2b8ee9-000/Figra_IntroClassJava_digits_1b31fa5c50f7725ce468ebf24282f2d080a83aed87e4ee35522ae7710c8e0136bc263cc460b8ec7bf2c3519cb59af4a138e114d36541515b2609ab56ad2b8ee9-000/src/main/java/introclassJava/digits_1b31fa5c_000.java

MODIFIED_FILE_PATH=/users2/cpca56132020/moliveira/folders/Figra_IntroClassJava_digits-1b31fa5c50f7725ce468ebf24282f2d080a83aed87e4ee35522ae7710c8e0136bc263cc460b8ec7bf2c3519cb59af4a138e114d36541515b2609ab56ad2b8ee9-000/Figra_IntroClassJava_digits_1b31fa5c50f7725ce468ebf24282f2d080a83aed87e4ee35522ae7710c8e0136bc263cc460b8ec7bf2c3519cb59af4a138e114d36541515b2609ab56ad2b8ee9-000/./output_astor/AstorMain-digits-1b31fa5c50f7725ce468ebf24282f2d080a83aed87e4ee35522ae7710c8e0136bc263cc460b8ec7bf2c3519cb59af4a138e114d36541515b2609ab56ad2b8ee9-000//src//variant-40/introclassJava/digits_1b31fa5c_000.java

LINE=65

SUSPICIOUNESS=0.25

MP_RANKING=12

ORIGINAL_CODE=status.value

BUGGY_CODE_TYPE=CtFieldReadImpl|CtAssignmentImpl

PATCH_HUNK_CODE=1

PATCH_HUNK_TYPE=CtLiteralImpl|CtBinaryOperatorImpl

INGREDIENT_SCOPE=-

INGREDIENT_PARENT=1

PATCH_DIFF_ORIG=--- /users2/cpca56132020/moliveira/folders/Figra_IntroClassJava_digits-1b31fa5c50f7725ce468ebf24282f2d080a83aed87e4ee35522ae7710c8e0136bc263cc460b8ec7bf2c3519cb59af4a138e114d36541515b2609ab56ad2b8ee9-000/Figra_IntroClassJava_digits_1b31fa5c50f7725ce468ebf24282f2d080a83aed87e4ee35522ae7710c8e0136bc263cc460b8ec7bf2c3519cb59af4a138e114d36541515b2609ab56ad2b8ee9-000/src/main/java/introclassJava/digits_1b31fa5c_000java
+++ /users2/cpca56132020/moliveira/folders/Figra_IntroClassJava_digits-1b31fa5c50f7725ce468ebf24282f2d080a83aed87e4ee35522ae7710c8e0136bc263cc460b8ec7bf2c3519cb59af4a138e114d36541515b2609ab56ad2b8ee9-000/Figra_IntroClassJava_digits_1b31fa5c50f7725ce468ebf24282f2d080a83aed87e4ee35522ae7710c8e0136bc263cc460b8ec7bf2c3519cb59af4a138e114d36541515b2609ab56ad2b8ee9-000/src/main/java/introclassJava/digits_1b31fa5c_000java
@@ -65,4 +65,4 @@
-		test.value = status.value;
-		output += java.lang.String.format("\n");
-		if (n.value < 0) {
-			n.value = n.value * (-1);
+		test.value = 
+
+
+		1; 		output += java.lang.String.format("\n"); 		if (n.value < 0) { 			n.value = n.value * (-1);




real	120m22.644s
user	118m38.224s
sys	0m28.714s
\n\nNode: hpc060.ncg.ingrid.pt\n
\n\nDate: Tue Apr 13 08:11:01 EDT 2021\n
