cd /users2/cpca56132020/moliveira/folders/Figra_24_QUIXBUGS_LEVENSHTEIN/Figra_QuixBugs_LEVENSHTEIN_;
export JAVA_TOOL_OPTIONS="-Dfile.encoding=UTF8 -Duser.language=en-US -Duser.country=US -Duser.language=en";
TZ="America/New_York"; export TZ;
export PATH="/usr/lib/jvm/java-1.8.0-openjdk/bin:$PATH";
export JAVA_HOME="/usr/lib/jvm/java-1.8.0-openjdk/bin";
time java -Xmx4g -Xms1g -cp /users2/cpca56132020/moliveira/RepairThemAll/script/../libs/jtestex7.jar:/users2/cpca56132020/moliveira/RepairThemAll/script/../repair_tools/astor.jar fr.inria.main.evolution.AstorMain \
	-mode figra \
	-location . \
	-id LEVENSHTEIN- \
	-failing java_testcases.junit.LEVENSHTEIN_Test \
	-jvm4testexecution /usr/lib/jvm/java-1.8.0-openjdk/bin \
	-jvm4evosuitetestexecution /usr/lib/jvm/java-1.8.0-openjdk/bin \
	-maxgen 1000000 \
	-maxtime 120 \
	-stopfirst false \
	-seed 24 \
	-scope package \
	-population 1 \
	-javacompliancelevel 8 \
	-srcjavafolder src/main/java \
	-srctestfolder src/test/java \
	-binjavafolder target/classes \
	-bintestfolder target/test-classes \
	-parameters x:x:maxCombinationVariableLimit:true:maxVarCombination:1000 \
	-dependencies /users2/cpca56132020/moliveira/.m2/repository/junit/junit/4.11/junit-4.11.jar:/users2/cpca56132020/moliveira/.m2/repository/org/hamcrest/hamcrest-core/1.3/hamcrest-core-1.3.jar;
	echo "\n\nNode: `hostname`\n";
	echo "\n\nDate: `date`\n";
Picked up JAVA_TOOL_OPTIONS: -Dfile.encoding=UTF8 -Duser.language=en-US -Duser.country=US -Duser.language=en
12:02:12.372 [main] ERROR fr.inria.astor.approaches.figra.ExpressionReplaceOperator - Replacement does not work for  modify source to source
12:02:13.222 [main] ERROR fr.inria.astor.approaches.figra.ExpressionReplaceOperator - Replacement does not work for  modify target to target
12:02:28.795 [main] ERROR fr.inria.astor.approaches.figra.ExpressionReplaceOperator - Replacement does not work for  modify target to target
12:02:31.661 [main] ERROR fr.inria.astor.approaches.figra.ExpressionReplaceOperator - Replacement does not work for  modify target.substring(1) to target.substring(1)
12:02:50.471 [main] ERROR fr.inria.astor.approaches.figra.ExpressionReplaceOperator - Replacement does not work for  modify target to target
12:02:57.863 [main] ERROR fr.inria.astor.approaches.figra.ExpressionReplaceOperator - Replacement does not work for  modify 1 + java_programs.LEVENSHTEIN.levenshtein(source.substring(1), target.substring(1)) to 1 + java_programs.LEVENSHTEIN.levenshtein(source.substring(1), target.substring(1))
12:03:00.080 [main] ERROR fr.inria.astor.approaches.figra.ExpressionReplaceOperator - Replacement does not work for  modify source to source
12:03:01.670 [main] ERROR fr.inria.astor.approaches.figra.ExpressionReplaceOperator - Replacement does not work for  modify target to target
12:03:02.840 [main] ERROR fr.inria.astor.approaches.figra.ExpressionReplaceOperator - Replacement does not work for  modify target.charAt(0) to target.charAt(0)
12:03:06.179 [main] ERROR fr.inria.astor.approaches.figra.ExpressionReplaceOperator - Replacement does not work for  modify source.substring(1) to source.substring(1)
12:03:14.631 [main] ERROR fr.inria.astor.approaches.figra.ExpressionReplaceOperator - Replacement does not work for  modify target to target
12:03:25.913 [main] ERROR fr.inria.astor.approaches.figra.ExpressionReplaceOperator - Replacement does not work for  modify source.substring(1) to source.substring(1)
12:03:40.685 [main] ERROR fr.inria.astor.approaches.figra.ExpressionReplaceOperator - Replacement does not work for  modify source to source
12:03:52.112 [main] ERROR fr.inria.astor.approaches.figra.ExpressionReplaceOperator - Replacement does not work for  modify target.substring(1) to target.substring(1)
12:03:57.324 [main] ERROR fr.inria.astor.approaches.figra.ExpressionReplaceOperator - Replacement does not work for  modify source.charAt(0) to source.charAt(0)
12:03:59.285 [main] ERROR fr.inria.astor.approaches.figra.ExpressionReplaceOperator - Replacement does not work for  modify source.substring(1) to source.substring(1)
12:04:10.377 [main] ERROR fr.inria.astor.approaches.figra.ExpressionReplaceOperator - Replacement does not work for  modify target to target
12:04:26.175 [main] ERROR fr.inria.astor.approaches.figra.ExpressionReplaceOperator - Replacement does not work for  modify source.isEmpty() to source.isEmpty()
12:04:34.848 [main] ERROR fr.inria.astor.approaches.figra.ExpressionReplaceOperator - Replacement does not work for  modify source to source
12:04:35.886 [main] ERROR fr.inria.astor.approaches.figra.ExpressionReplaceOperator - Replacement does not work for  modify source to source
12:04:51.370 [main] ERROR fr.inria.astor.approaches.figra.ExpressionReplaceOperator - Replacement does not work for  modify target.isEmpty() to target.isEmpty()
12:04:53.412 [main] ERROR fr.inria.astor.approaches.figra.ExpressionReplaceOperator - Replacement does not work for  modify source to source
12:04:59.010 [main] ERROR fr.inria.astor.approaches.figra.ExpressionReplaceOperator - Replacement does not work for  modify source to source
12:05:08.256 [main] ERROR fr.inria.astor.approaches.figra.ExpressionReplaceOperator - Replacement does not work for  modify target.substring(1) to target.substring(1)
12:06:18.654 [main] ERROR fr.inria.astor.approaches.figra.ExpressionReplaceOperator - Replacement does not work for  modify target to target
12:06:40.829 [main] ERROR fr.inria.astor.approaches.figra.ExpressionReplaceOperator - Replacement does not work for  modify 1 to 1
12:07:02.736 [main] ERROR fr.inria.astor.approaches.figra.ExpressionReplaceOperator - Replacement does not work for  modify source.isEmpty() || target.isEmpty() to source.isEmpty() || target.isEmpty()
12:07:45.770 [main] ERROR fr.inria.astor.approaches.figra.ExpressionReplaceOperator - Replacement does not work for  modify 0 to 0
12:08:07.390 [main] ERROR fr.inria.astor.approaches.figra.ExpressionReplaceOperator - Replacement does not work for  modify source.isEmpty() to source.isEmpty()
12:08:15.616 [main] ERROR fr.inria.astor.approaches.figra.ExpressionReplaceOperator - Replacement does not work for  modify java.lang.Math.min(java.lang.Math.min(java_programs.LEVENSHTEIN.levenshtein(source, target.substring(1)), java_programs.LEVENSHTEIN.levenshtein(source.substring(1), target.substring(1))), java_programs.LEVENSHTEIN.levenshtein(source.substring(1), target)) to java.lang.Math.min(java.lang.Math.min(java_programs.LEVENSHTEIN.levenshtein(source, target.substring(1)), java_programs.LEVENSHTEIN.levenshtein(source.substring(1), target.substring(1))), java_programs.LEVENSHTEIN.levenshtein(source.substring(1), target))
12:08:29.995 [main] ERROR fr.inria.astor.approaches.figra.ExpressionReplaceOperator - Replacement does not work for  modify java_programs.LEVENSHTEIN.levenshtein(source, target.substring(1)) to java_programs.LEVENSHTEIN.levenshtein(source, target.substring(1))
12:08:36.905 [main] ERROR fr.inria.astor.approaches.figra.ExpressionReplaceOperator - Replacement does not work for  modify java.lang.Math.min(java_programs.LEVENSHTEIN.levenshtein(source, target.substring(1)), java_programs.LEVENSHTEIN.levenshtein(source.substring(1), target.substring(1))) to java.lang.Math.min(java_programs.LEVENSHTEIN.levenshtein(source, target.substring(1)), java_programs.LEVENSHTEIN.levenshtein(source.substring(1), target.substring(1)))
12:10:28.863 [main] ERROR fr.inria.astor.approaches.figra.ExpressionReplaceOperator - Replacement does not work for  modify source.isEmpty() || target.isEmpty() to source.isEmpty() || target.isEmpty()
12:10:55.898 [main] ERROR fr.inria.astor.approaches.figra.ExpressionReplaceOperator - Replacement does not work for  modify java_programs.LEVENSHTEIN.levenshtein(source.substring(1), target.substring(1)) to java_programs.LEVENSHTEIN.levenshtein(source.substring(1), target.substring(1))
12:11:50.008 [main] ERROR fr.inria.astor.approaches.figra.ExpressionReplaceOperator - Replacement does not work for  modify source.charAt(0) == target.charAt(0) to source.charAt(0) == target.charAt(0)
12:17:43.655 [main] ERROR fr.inria.astor.approaches.figra.ExpressionReplaceOperator - Replacement does not work for  modify 1 to 1
12:20:18.749 [main] ERROR fr.inria.astor.approaches.figra.ExpressionReplaceOperator - Replacement does not work for  modify source.isEmpty() ? target.length() : source.length() to source.isEmpty() ? target.length() : source.length()
12:20:44.444 [main] ERROR fr.inria.astor.approaches.figra.ExpressionReplaceOperator - Replacement does not work for  modify java_programs.LEVENSHTEIN.levenshtein(source.substring(1), target) to java_programs.LEVENSHTEIN.levenshtein(source.substring(1), target)
12:25:09.706 [main] ERROR fr.inria.astor.approaches.figra.ExpressionReplaceOperator - Replacement does not work for  modify 1 to 1
12:32:31.722 [main] ERROR fr.inria.astor.approaches.figra.ExpressionReplaceOperator - Replacement does not work for  modify 1 + java.lang.Math.min(java.lang.Math.min(java_programs.LEVENSHTEIN.levenshtein(source, target.substring(1)), java_programs.LEVENSHTEIN.levenshtein(source.substring(1), target.substring(1))), java_programs.LEVENSHTEIN.levenshtein(source.substring(1), target)) to 1 + java.lang.Math.min(java.lang.Math.min(java_programs.LEVENSHTEIN.levenshtein(source, target.substring(1)), java_programs.LEVENSHTEIN.levenshtein(source.substring(1), target.substring(1))), java_programs.LEVENSHTEIN.levenshtein(source.substring(1), target))
12:33:59.622 [main] ERROR fr.inria.astor.approaches.figra.ExpressionReplaceOperator - Replacement does not work for  modify 1 to 1
12:35:15.162 [main] ERROR fr.inria.astor.approaches.figra.ExpressionReplaceOperator - Replacement does not work for  modify 1 to 1
12:36:49.790 [main] ERROR fr.inria.astor.approaches.figra.ExpressionReplaceOperator - Replacement does not work for  modify java_programs.LEVENSHTEIN.levenshtein(source.substring(1), target.substring(1)) to java_programs.LEVENSHTEIN.levenshtein(source.substring(1), target.substring(1))
Astor Output:

General stats:
EXECUTION_IDENTIFIER=LEVENSHTEIN-
TOTAL_TIME=7202.997
NR_GENERATIONS=2261
NR_RIGHT_COMPILATIONS=2216
NR_FAILLING_COMPILATIONS=45
NR_ERRONEOUS_VARIANCES=null
NR_FAILING_VALIDATION_PROCESS=null
OUTPUT_STATUS=TIME_OUT

Patch stats:

Patch 1
VARIANT_ID=84
TIME=63
VALIDATION=|true|0|6|[]|
GENERATION=42
FOLDER_SOLUTION_CODE=/users2/cpca56132020/moliveira/folders/Figra_24_QUIXBUGS_LEVENSHTEIN/Figra_QuixBugs_LEVENSHTEIN_/./output_astor/AstorMain-LEVENSHTEIN-//src//variant-84
--Patch Hunk #1
OPERATOR=ExpressionReplaceOperator

LOCATION=java_programs.LEVENSHTEIN

PATH=/users2/cpca56132020/moliveira/folders/Figra_24_QUIXBUGS_LEVENSHTEIN/Figra_QuixBugs_LEVENSHTEIN_/src/main/java/LEVENSHTEIN.java

MODIFIED_FILE_PATH=/users2/cpca56132020/moliveira/folders/Figra_24_QUIXBUGS_LEVENSHTEIN/Figra_QuixBugs_LEVENSHTEIN_/./output_astor/AstorMain-LEVENSHTEIN-//src//variant-84/java_programs/LEVENSHTEIN.java

LINE=17

SUSPICIOUNESS=1

MP_RANKING=12

ORIGINAL_CODE=1 + java_programs.LEVENSHTEIN.levenshtein(source.substring(1), target.substring(1))

BUGGY_CODE_TYPE=CtBinaryOperatorImpl|CtReturnImpl

PATCH_HUNK_CODE=1 * java_programs.LEVENSHTEIN.levenshtein(source.substring(1), target.substring(1))

PATCH_HUNK_TYPE=CtBinaryOperatorImpl|CtInvocationImpl

INGREDIENT_SCOPE=-

INGREDIENT_PARENT=1 * java_programs.LEVENSHTEIN.levenshtein(source.substring(1), target.substring(1))

PATCH_DIFF_ORIG=--- /users2/cpca56132020/moliveira/folders/Figra_24_QUIXBUGS_LEVENSHTEIN/Figra_QuixBugs_LEVENSHTEIN_/src/main/java/LEVENSHTEINjava
+++ /users2/cpca56132020/moliveira/folders/Figra_24_QUIXBUGS_LEVENSHTEIN/Figra_QuixBugs_LEVENSHTEIN_/src/main/java/LEVENSHTEINjava
@@ -17 +17 @@
-			return 1 + java_programs.LEVENSHTEIN.levenshtein(source.substring(1), target.substring(1));
+			return 1 * java_programs.LEVENSHTEIN.levenshtein(source.substring(1), target.substring(1));



Patch 2
VARIANT_ID=104
TIME=72
VALIDATION=|true|0|6|[]|
GENERATION=52
FOLDER_SOLUTION_CODE=/users2/cpca56132020/moliveira/folders/Figra_24_QUIXBUGS_LEVENSHTEIN/Figra_QuixBugs_LEVENSHTEIN_/./output_astor/AstorMain-LEVENSHTEIN-//src//variant-104
--Patch Hunk #1
OPERATOR=ExpressionReplaceOperator

LOCATION=java_programs.LEVENSHTEIN

PATH=/users2/cpca56132020/moliveira/folders/Figra_24_QUIXBUGS_LEVENSHTEIN/Figra_QuixBugs_LEVENSHTEIN_/src/main/java/LEVENSHTEIN.java

MODIFIED_FILE_PATH=/users2/cpca56132020/moliveira/folders/Figra_24_QUIXBUGS_LEVENSHTEIN/Figra_QuixBugs_LEVENSHTEIN_/./output_astor/AstorMain-LEVENSHTEIN-//src//variant-104/java_programs/LEVENSHTEIN.java

LINE=17

SUSPICIOUNESS=1

MP_RANKING=12

ORIGINAL_CODE=1 + java_programs.LEVENSHTEIN.levenshtein(source.substring(1), target.substring(1))

BUGGY_CODE_TYPE=CtBinaryOperatorImpl|CtReturnImpl

PATCH_HUNK_CODE=java_programs.LEVENSHTEIN.levenshtein(target.substring(1), source.substring(1))

PATCH_HUNK_TYPE=CtInvocationImpl|CtReturnImpl

INGREDIENT_SCOPE=-

INGREDIENT_PARENT=java_programs.LEVENSHTEIN.levenshtein(_String_0.substring(1), _String_1.substring(1))

PATCH_DIFF_ORIG=--- /users2/cpca56132020/moliveira/folders/Figra_24_QUIXBUGS_LEVENSHTEIN/Figra_QuixBugs_LEVENSHTEIN_/src/main/java/LEVENSHTEINjava
+++ /users2/cpca56132020/moliveira/folders/Figra_24_QUIXBUGS_LEVENSHTEIN/Figra_QuixBugs_LEVENSHTEIN_/src/main/java/LEVENSHTEINjava
@@ -17 +17 @@
-			return 1 + java_programs.LEVENSHTEIN.levenshtein(source.substring(1), target.substring(1));
+			return java_programs.LEVENSHTEIN.levenshtein(target.substring(1), source.substring(1));



Patch 3
VARIANT_ID=590
TIME=300
VALIDATION=|true|0|6|[]|
GENERATION=295
FOLDER_SOLUTION_CODE=/users2/cpca56132020/moliveira/folders/Figra_24_QUIXBUGS_LEVENSHTEIN/Figra_QuixBugs_LEVENSHTEIN_/./output_astor/AstorMain-LEVENSHTEIN-//src//variant-590
--Patch Hunk #1
OPERATOR=ExpressionReplaceOperator

LOCATION=java_programs.LEVENSHTEIN

PATH=/users2/cpca56132020/moliveira/folders/Figra_24_QUIXBUGS_LEVENSHTEIN/Figra_QuixBugs_LEVENSHTEIN_/src/main/java/LEVENSHTEIN.java

MODIFIED_FILE_PATH=/users2/cpca56132020/moliveira/folders/Figra_24_QUIXBUGS_LEVENSHTEIN/Figra_QuixBugs_LEVENSHTEIN_/./output_astor/AstorMain-LEVENSHTEIN-//src//variant-590/java_programs/LEVENSHTEIN.java

LINE=17

SUSPICIOUNESS=1

MP_RANKING=12

ORIGINAL_CODE=1 + java_programs.LEVENSHTEIN.levenshtein(source.substring(1), target.substring(1))

BUGGY_CODE_TYPE=CtBinaryOperatorImpl|CtReturnImpl

PATCH_HUNK_CODE=1 * java_programs.LEVENSHTEIN.levenshtein(target.substring(1), source.substring(1))

PATCH_HUNK_TYPE=CtBinaryOperatorImpl|CtReturnImpl

INGREDIENT_SCOPE=-

INGREDIENT_PARENT=1 * java_programs.LEVENSHTEIN.levenshtein(_String_0.substring(1), _String_1.substring(1))

PATCH_DIFF_ORIG=--- /users2/cpca56132020/moliveira/folders/Figra_24_QUIXBUGS_LEVENSHTEIN/Figra_QuixBugs_LEVENSHTEIN_/src/main/java/LEVENSHTEINjava
+++ /users2/cpca56132020/moliveira/folders/Figra_24_QUIXBUGS_LEVENSHTEIN/Figra_QuixBugs_LEVENSHTEIN_/src/main/java/LEVENSHTEINjava
@@ -17 +17 @@
-			return 1 + java_programs.LEVENSHTEIN.levenshtein(source.substring(1), target.substring(1));
+			return 1 * java_programs.LEVENSHTEIN.levenshtein(target.substring(1), source.substring(1));



Patch 4
VARIANT_ID=1738
TIME=1122
VALIDATION=|true|0|6|[]|
GENERATION=869
FOLDER_SOLUTION_CODE=/users2/cpca56132020/moliveira/folders/Figra_24_QUIXBUGS_LEVENSHTEIN/Figra_QuixBugs_LEVENSHTEIN_/./output_astor/AstorMain-LEVENSHTEIN-//src//variant-1738
--Patch Hunk #1
OPERATOR=ExpressionReplaceOperator

LOCATION=java_programs.LEVENSHTEIN

PATH=/users2/cpca56132020/moliveira/folders/Figra_24_QUIXBUGS_LEVENSHTEIN/Figra_QuixBugs_LEVENSHTEIN_/src/main/java/LEVENSHTEIN.java

MODIFIED_FILE_PATH=/users2/cpca56132020/moliveira/folders/Figra_24_QUIXBUGS_LEVENSHTEIN/Figra_QuixBugs_LEVENSHTEIN_/./output_astor/AstorMain-LEVENSHTEIN-//src//variant-1738/java_programs/LEVENSHTEIN.java

LINE=17

SUSPICIOUNESS=1

MP_RANKING=12

ORIGINAL_CODE=1 + java_programs.LEVENSHTEIN.levenshtein(source.substring(1), target.substring(1))

BUGGY_CODE_TYPE=CtBinaryOperatorImpl|CtReturnImpl

PATCH_HUNK_CODE=java_programs.LEVENSHTEIN.levenshtein(source.substring(1), target.substring(1))

PATCH_HUNK_TYPE=CtInvocationImpl|CtReturnImpl

INGREDIENT_SCOPE=-

INGREDIENT_PARENT=java_programs.LEVENSHTEIN.levenshtein(_String_0.substring(1), _String_1.substring(1))

PATCH_DIFF_ORIG=--- /users2/cpca56132020/moliveira/folders/Figra_24_QUIXBUGS_LEVENSHTEIN/Figra_QuixBugs_LEVENSHTEIN_/src/main/java/LEVENSHTEINjava
+++ /users2/cpca56132020/moliveira/folders/Figra_24_QUIXBUGS_LEVENSHTEIN/Figra_QuixBugs_LEVENSHTEIN_/src/main/java/LEVENSHTEINjava
@@ -17 +17 @@
-			return 1 + java_programs.LEVENSHTEIN.levenshtein(source.substring(1), target.substring(1));
+			return java_programs.LEVENSHTEIN.levenshtein(source.substring(1), target.substring(1));



Patch 5
VARIANT_ID=1952
TIME=1312
VALIDATION=|true|0|6|[]|
GENERATION=976
FOLDER_SOLUTION_CODE=/users2/cpca56132020/moliveira/folders/Figra_24_QUIXBUGS_LEVENSHTEIN/Figra_QuixBugs_LEVENSHTEIN_/./output_astor/AstorMain-LEVENSHTEIN-//src//variant-1952
--Patch Hunk #1
OPERATOR=ExpressionReplaceOperator

LOCATION=java_programs.LEVENSHTEIN

PATH=/users2/cpca56132020/moliveira/folders/Figra_24_QUIXBUGS_LEVENSHTEIN/Figra_QuixBugs_LEVENSHTEIN_/src/main/java/LEVENSHTEIN.java

MODIFIED_FILE_PATH=/users2/cpca56132020/moliveira/folders/Figra_24_QUIXBUGS_LEVENSHTEIN/Figra_QuixBugs_LEVENSHTEIN_/./output_astor/AstorMain-LEVENSHTEIN-//src//variant-1952/java_programs/LEVENSHTEIN.java

LINE=17

SUSPICIOUNESS=1

MP_RANKING=12

ORIGINAL_CODE=1 + java_programs.LEVENSHTEIN.levenshtein(source.substring(1), target.substring(1))

BUGGY_CODE_TYPE=CtBinaryOperatorImpl|CtReturnImpl

PATCH_HUNK_CODE=java.lang.Math.min(
java_programs.LEVENSHTEIN.levenshtein(target, source.substring(1)), 
java_programs.LEVENSHTEIN.levenshtein(target.substring(1), source.substring(1)))

PATCH_HUNK_TYPE=CtInvocationImpl|CtReturnImpl

INGREDIENT_SCOPE=-

INGREDIENT_PARENT=java.lang.Math.min(
java_programs.LEVENSHTEIN.levenshtein(_String_0, _String_1.substring(1)), 
java_programs.LEVENSHTEIN.levenshtein(_String_0.substring(1), _String_1.substring(1)))

PATCH_DIFF_ORIG=--- /users2/cpca56132020/moliveira/folders/Figra_24_QUIXBUGS_LEVENSHTEIN/Figra_QuixBugs_LEVENSHTEIN_/src/main/java/LEVENSHTEINjava
+++ /users2/cpca56132020/moliveira/folders/Figra_24_QUIXBUGS_LEVENSHTEIN/Figra_QuixBugs_LEVENSHTEIN_/src/main/java/LEVENSHTEINjava
@@ -17,5 +17,5 @@
-			return 1 + java_programs.LEVENSHTEIN.levenshtein(source.substring(1), target.substring(1));
-		} else {
-			return 1 + java.lang.Math.min(java.lang.Math.min(
-			java_programs.LEVENSHTEIN.levenshtein(source, target.substring(1)), 
-			java_programs.LEVENSHTEIN.levenshtein(source.substring(1), target.substring(1))), 
+			return 
+
+			java.lang.Math.min(
+			java_programs.LEVENSHTEIN.levenshtein(target, source.substring(1)), 
+			java_programs.LEVENSHTEIN.levenshtein(target.substring(1), source.substring(1)));} else { 			return 1 + java.lang.Math.min(java.lang.Math.min(java_programs.LEVENSHTEIN.levenshtein(source, target.substring(1)), java_programs.LEVENSHTEIN.levenshtein(source.substring(1), target.substring(1))), 



Patch 6
VARIANT_ID=2290
TIME=1626
VALIDATION=|true|0|6|[]|
GENERATION=1145
FOLDER_SOLUTION_CODE=/users2/cpca56132020/moliveira/folders/Figra_24_QUIXBUGS_LEVENSHTEIN/Figra_QuixBugs_LEVENSHTEIN_/./output_astor/AstorMain-LEVENSHTEIN-//src//variant-2290
--Patch Hunk #1
OPERATOR=ExpressionReplaceOperator

LOCATION=java_programs.LEVENSHTEIN

PATH=/users2/cpca56132020/moliveira/folders/Figra_24_QUIXBUGS_LEVENSHTEIN/Figra_QuixBugs_LEVENSHTEIN_/src/main/java/LEVENSHTEIN.java

MODIFIED_FILE_PATH=/users2/cpca56132020/moliveira/folders/Figra_24_QUIXBUGS_LEVENSHTEIN/Figra_QuixBugs_LEVENSHTEIN_/./output_astor/AstorMain-LEVENSHTEIN-//src//variant-2290/java_programs/LEVENSHTEIN.java

LINE=17

SUSPICIOUNESS=1

MP_RANKING=12

ORIGINAL_CODE=1 + java_programs.LEVENSHTEIN.levenshtein(source.substring(1), target.substring(1))

BUGGY_CODE_TYPE=CtBinaryOperatorImpl|CtReturnImpl

PATCH_HUNK_CODE=java.lang.Math.min(

java_programs.LEVENSHTEIN.levenshtein(source.substring(1), target.substring(1)), java_programs.LEVENSHTEIN.levenshtein(source, target.substring(1)))

PATCH_HUNK_TYPE=CtInvocationImpl|CtReturnImpl

INGREDIENT_SCOPE=-

INGREDIENT_PARENT=java.lang.Math.min(

java_programs.LEVENSHTEIN.levenshtein(source.substring(1), target.substring(1)), java_programs.LEVENSHTEIN.levenshtein(source, target.substring(1)))

PATCH_DIFF_ORIG=--- /users2/cpca56132020/moliveira/folders/Figra_24_QUIXBUGS_LEVENSHTEIN/Figra_QuixBugs_LEVENSHTEIN_/src/main/java/LEVENSHTEINjava
+++ /users2/cpca56132020/moliveira/folders/Figra_24_QUIXBUGS_LEVENSHTEIN/Figra_QuixBugs_LEVENSHTEIN_/src/main/java/LEVENSHTEINjava
@@ -17,5 +17,5 @@
-			return 1 + java_programs.LEVENSHTEIN.levenshtein(source.substring(1), target.substring(1));
-		} else {
-			return 1 + java.lang.Math.min(java.lang.Math.min(
-			java_programs.LEVENSHTEIN.levenshtein(source, target.substring(1)), 
-			java_programs.LEVENSHTEIN.levenshtein(source.substring(1), target.substring(1))), 
+			return 
+
+			java.lang.Math.min(
+
+			java_programs.LEVENSHTEIN.levenshtein(source.substring(1), target.substring(1)), java_programs.LEVENSHTEIN.levenshtein(source, target.substring(1)));} else { 			return 1 + java.lang.Math.min(java.lang.Math.min(java_programs.LEVENSHTEIN.levenshtein(source, target.substring(1)), java_programs.LEVENSHTEIN.levenshtein(source.substring(1), target.substring(1))), 



Patch 7
VARIANT_ID=2518
TIME=1827
VALIDATION=|true|0|6|[]|
GENERATION=1259
FOLDER_SOLUTION_CODE=/users2/cpca56132020/moliveira/folders/Figra_24_QUIXBUGS_LEVENSHTEIN/Figra_QuixBugs_LEVENSHTEIN_/./output_astor/AstorMain-LEVENSHTEIN-//src//variant-2518
--Patch Hunk #1
OPERATOR=ExpressionReplaceOperator

LOCATION=java_programs.LEVENSHTEIN

PATH=/users2/cpca56132020/moliveira/folders/Figra_24_QUIXBUGS_LEVENSHTEIN/Figra_QuixBugs_LEVENSHTEIN_/src/main/java/LEVENSHTEIN.java

MODIFIED_FILE_PATH=/users2/cpca56132020/moliveira/folders/Figra_24_QUIXBUGS_LEVENSHTEIN/Figra_QuixBugs_LEVENSHTEIN_/./output_astor/AstorMain-LEVENSHTEIN-//src//variant-2518/java_programs/LEVENSHTEIN.java

LINE=17

SUSPICIOUNESS=1

MP_RANKING=6

ORIGINAL_CODE=1

BUGGY_CODE_TYPE=CtLiteralImpl|CtBinaryOperatorImpl

PATCH_HUNK_CODE=java_programs.LEVENSHTEIN.levenshtein(target.substring(1), target.substring(1))

PATCH_HUNK_TYPE=CtInvocationImpl|CtBinaryOperatorImpl

INGREDIENT_SCOPE=-

INGREDIENT_PARENT=java_programs.LEVENSHTEIN.levenshtein(_String_0.substring(1), _String_1.substring(1))

PATCH_DIFF_ORIG=--- /users2/cpca56132020/moliveira/folders/Figra_24_QUIXBUGS_LEVENSHTEIN/Figra_QuixBugs_LEVENSHTEIN_/src/main/java/LEVENSHTEINjava
+++ /users2/cpca56132020/moliveira/folders/Figra_24_QUIXBUGS_LEVENSHTEIN/Figra_QuixBugs_LEVENSHTEIN_/src/main/java/LEVENSHTEINjava
@@ -17 +17 @@
-			return 1 + java_programs.LEVENSHTEIN.levenshtein(source.substring(1), target.substring(1));
+			return java_programs.LEVENSHTEIN.levenshtein(target.substring(1), target.substring(1)) + java_programs.LEVENSHTEIN.levenshtein(source.substring(1), target.substring(1));



Patch 8
VARIANT_ID=2760
TIME=2064
VALIDATION=|true|0|6|[]|
GENERATION=1380
FOLDER_SOLUTION_CODE=/users2/cpca56132020/moliveira/folders/Figra_24_QUIXBUGS_LEVENSHTEIN/Figra_QuixBugs_LEVENSHTEIN_/./output_astor/AstorMain-LEVENSHTEIN-//src//variant-2760
--Patch Hunk #1
OPERATOR=ExpressionReplaceOperator

LOCATION=java_programs.LEVENSHTEIN

PATH=/users2/cpca56132020/moliveira/folders/Figra_24_QUIXBUGS_LEVENSHTEIN/Figra_QuixBugs_LEVENSHTEIN_/src/main/java/LEVENSHTEIN.java

MODIFIED_FILE_PATH=/users2/cpca56132020/moliveira/folders/Figra_24_QUIXBUGS_LEVENSHTEIN/Figra_QuixBugs_LEVENSHTEIN_/./output_astor/AstorMain-LEVENSHTEIN-//src//variant-2760/java_programs/LEVENSHTEIN.java

LINE=17

SUSPICIOUNESS=1

MP_RANKING=6

ORIGINAL_CODE=1

BUGGY_CODE_TYPE=CtLiteralImpl|CtBinaryOperatorImpl

PATCH_HUNK_CODE=0

PATCH_HUNK_TYPE=CtLiteralImpl|CtInvocationImpl

INGREDIENT_SCOPE=-

INGREDIENT_PARENT=0

PATCH_DIFF_ORIG=--- /users2/cpca56132020/moliveira/folders/Figra_24_QUIXBUGS_LEVENSHTEIN/Figra_QuixBugs_LEVENSHTEIN_/src/main/java/LEVENSHTEINjava
+++ /users2/cpca56132020/moliveira/folders/Figra_24_QUIXBUGS_LEVENSHTEIN/Figra_QuixBugs_LEVENSHTEIN_/src/main/java/LEVENSHTEINjava
@@ -17 +17 @@
-			return 1 + java_programs.LEVENSHTEIN.levenshtein(source.substring(1), target.substring(1));
+			return 0 + java_programs.LEVENSHTEIN.levenshtein(source.substring(1), target.substring(1));



Patch 9
VARIANT_ID=3024
TIME=2307
VALIDATION=|true|0|6|[]|
GENERATION=1512
FOLDER_SOLUTION_CODE=/users2/cpca56132020/moliveira/folders/Figra_24_QUIXBUGS_LEVENSHTEIN/Figra_QuixBugs_LEVENSHTEIN_/./output_astor/AstorMain-LEVENSHTEIN-//src//variant-3024
--Patch Hunk #1
OPERATOR=ExpressionReplaceOperator

LOCATION=java_programs.LEVENSHTEIN

PATH=/users2/cpca56132020/moliveira/folders/Figra_24_QUIXBUGS_LEVENSHTEIN/Figra_QuixBugs_LEVENSHTEIN_/src/main/java/LEVENSHTEIN.java

MODIFIED_FILE_PATH=/users2/cpca56132020/moliveira/folders/Figra_24_QUIXBUGS_LEVENSHTEIN/Figra_QuixBugs_LEVENSHTEIN_/./output_astor/AstorMain-LEVENSHTEIN-//src//variant-3024/java_programs/LEVENSHTEIN.java

LINE=17

SUSPICIOUNESS=1

MP_RANKING=6

ORIGINAL_CODE=1

BUGGY_CODE_TYPE=CtLiteralImpl|CtBinaryOperatorImpl

PATCH_HUNK_CODE=(1 & java_programs.LEVENSHTEIN.levenshtein(target.substring(1), target.substring(1)))

PATCH_HUNK_TYPE=CtBinaryOperatorImpl|CtBinaryOperatorImpl

INGREDIENT_SCOPE=-

INGREDIENT_PARENT=1 & java_programs.LEVENSHTEIN.levenshtein(_String_0.substring(1), _String_1.substring(1))

PATCH_DIFF_ORIG=--- /users2/cpca56132020/moliveira/folders/Figra_24_QUIXBUGS_LEVENSHTEIN/Figra_QuixBugs_LEVENSHTEIN_/src/main/java/LEVENSHTEINjava
+++ /users2/cpca56132020/moliveira/folders/Figra_24_QUIXBUGS_LEVENSHTEIN/Figra_QuixBugs_LEVENSHTEIN_/src/main/java/LEVENSHTEINjava
@@ -17 +17 @@
-			return 1 + java_programs.LEVENSHTEIN.levenshtein(source.substring(1), target.substring(1));
+			return (1 & java_programs.LEVENSHTEIN.levenshtein(target.substring(1), target.substring(1))) + java_programs.LEVENSHTEIN.levenshtein(source.substring(1), target.substring(1));



Patch 10
VARIANT_ID=3118
TIME=2420
VALIDATION=|true|0|6|[]|
GENERATION=1559
FOLDER_SOLUTION_CODE=/users2/cpca56132020/moliveira/folders/Figra_24_QUIXBUGS_LEVENSHTEIN/Figra_QuixBugs_LEVENSHTEIN_/./output_astor/AstorMain-LEVENSHTEIN-//src//variant-3118
--Patch Hunk #1
OPERATOR=ExpressionReplaceOperator

LOCATION=java_programs.LEVENSHTEIN

PATH=/users2/cpca56132020/moliveira/folders/Figra_24_QUIXBUGS_LEVENSHTEIN/Figra_QuixBugs_LEVENSHTEIN_/src/main/java/LEVENSHTEIN.java

MODIFIED_FILE_PATH=/users2/cpca56132020/moliveira/folders/Figra_24_QUIXBUGS_LEVENSHTEIN/Figra_QuixBugs_LEVENSHTEIN_/./output_astor/AstorMain-LEVENSHTEIN-//src//variant-3118/java_programs/LEVENSHTEIN.java

LINE=17

SUSPICIOUNESS=1

MP_RANKING=12

ORIGINAL_CODE=1 + java_programs.LEVENSHTEIN.levenshtein(source.substring(1), target.substring(1))

BUGGY_CODE_TYPE=CtBinaryOperatorImpl|CtReturnImpl

PATCH_HUNK_CODE=java.lang.Math.min(

java_programs.LEVENSHTEIN.levenshtein(target.substring(1), source.substring(1)), java_programs.LEVENSHTEIN.levenshtein(target, source.substring(1)))

PATCH_HUNK_TYPE=CtInvocationImpl|CtReturnImpl

INGREDIENT_SCOPE=-

INGREDIENT_PARENT=java.lang.Math.min(

java_programs.LEVENSHTEIN.levenshtein(_String_0.substring(1), _String_1.substring(1)), java_programs.LEVENSHTEIN.levenshtein(_String_0, _String_1.substring(1)))

PATCH_DIFF_ORIG=--- /users2/cpca56132020/moliveira/folders/Figra_24_QUIXBUGS_LEVENSHTEIN/Figra_QuixBugs_LEVENSHTEIN_/src/main/java/LEVENSHTEINjava
+++ /users2/cpca56132020/moliveira/folders/Figra_24_QUIXBUGS_LEVENSHTEIN/Figra_QuixBugs_LEVENSHTEIN_/src/main/java/LEVENSHTEINjava
@@ -17,5 +17,5 @@
-			return 1 + java_programs.LEVENSHTEIN.levenshtein(source.substring(1), target.substring(1));
-		} else {
-			return 1 + java.lang.Math.min(java.lang.Math.min(
-			java_programs.LEVENSHTEIN.levenshtein(source, target.substring(1)), 
-			java_programs.LEVENSHTEIN.levenshtein(source.substring(1), target.substring(1))), 
+			return 
+
+			java.lang.Math.min(
+
+			java_programs.LEVENSHTEIN.levenshtein(target.substring(1), source.substring(1)), java_programs.LEVENSHTEIN.levenshtein(target, source.substring(1)));} else { 			return 1 + java.lang.Math.min(java.lang.Math.min(java_programs.LEVENSHTEIN.levenshtein(source, target.substring(1)), java_programs.LEVENSHTEIN.levenshtein(source.substring(1), target.substring(1))), 



Patch 11
VARIANT_ID=3130
TIME=2434
VALIDATION=|true|0|6|[]|
GENERATION=1565
FOLDER_SOLUTION_CODE=/users2/cpca56132020/moliveira/folders/Figra_24_QUIXBUGS_LEVENSHTEIN/Figra_QuixBugs_LEVENSHTEIN_/./output_astor/AstorMain-LEVENSHTEIN-//src//variant-3130
--Patch Hunk #1
OPERATOR=ExpressionReplaceOperator

LOCATION=java_programs.LEVENSHTEIN

PATH=/users2/cpca56132020/moliveira/folders/Figra_24_QUIXBUGS_LEVENSHTEIN/Figra_QuixBugs_LEVENSHTEIN_/src/main/java/LEVENSHTEIN.java

MODIFIED_FILE_PATH=/users2/cpca56132020/moliveira/folders/Figra_24_QUIXBUGS_LEVENSHTEIN/Figra_QuixBugs_LEVENSHTEIN_/./output_astor/AstorMain-LEVENSHTEIN-//src//variant-3130/java_programs/LEVENSHTEIN.java

LINE=17

SUSPICIOUNESS=1

MP_RANKING=6

ORIGINAL_CODE=1

BUGGY_CODE_TYPE=CtLiteralImpl|CtBinaryOperatorImpl

PATCH_HUNK_CODE=java_programs.LEVENSHTEIN.levenshtein(source.substring(1), source.substring(1))

PATCH_HUNK_TYPE=CtInvocationImpl|CtBinaryOperatorImpl

INGREDIENT_SCOPE=-

INGREDIENT_PARENT=java_programs.LEVENSHTEIN.levenshtein(_String_0.substring(1), _String_1.substring(1))

PATCH_DIFF_ORIG=--- /users2/cpca56132020/moliveira/folders/Figra_24_QUIXBUGS_LEVENSHTEIN/Figra_QuixBugs_LEVENSHTEIN_/src/main/java/LEVENSHTEINjava
+++ /users2/cpca56132020/moliveira/folders/Figra_24_QUIXBUGS_LEVENSHTEIN/Figra_QuixBugs_LEVENSHTEIN_/src/main/java/LEVENSHTEINjava
@@ -17 +17 @@
-			return 1 + java_programs.LEVENSHTEIN.levenshtein(source.substring(1), target.substring(1));
+			return java_programs.LEVENSHTEIN.levenshtein(source.substring(1), source.substring(1)) + java_programs.LEVENSHTEIN.levenshtein(source.substring(1), target.substring(1));



Patch 12
VARIANT_ID=3464
TIME=2811
VALIDATION=|true|0|6|[]|
GENERATION=1732
FOLDER_SOLUTION_CODE=/users2/cpca56132020/moliveira/folders/Figra_24_QUIXBUGS_LEVENSHTEIN/Figra_QuixBugs_LEVENSHTEIN_/./output_astor/AstorMain-LEVENSHTEIN-//src//variant-3464
--Patch Hunk #1
OPERATOR=ExpressionReplaceOperator

LOCATION=java_programs.LEVENSHTEIN

PATH=/users2/cpca56132020/moliveira/folders/Figra_24_QUIXBUGS_LEVENSHTEIN/Figra_QuixBugs_LEVENSHTEIN_/src/main/java/LEVENSHTEIN.java

MODIFIED_FILE_PATH=/users2/cpca56132020/moliveira/folders/Figra_24_QUIXBUGS_LEVENSHTEIN/Figra_QuixBugs_LEVENSHTEIN_/./output_astor/AstorMain-LEVENSHTEIN-//src//variant-3464/java_programs/LEVENSHTEIN.java

LINE=17

SUSPICIOUNESS=1

MP_RANKING=6

ORIGINAL_CODE=1

BUGGY_CODE_TYPE=CtLiteralImpl|CtBinaryOperatorImpl

PATCH_HUNK_CODE=(1 * java_programs.LEVENSHTEIN.levenshtein(target.substring(1), target.substring(1)))

PATCH_HUNK_TYPE=CtBinaryOperatorImpl|CtBinaryOperatorImpl

INGREDIENT_SCOPE=-

INGREDIENT_PARENT=1 * java_programs.LEVENSHTEIN.levenshtein(_String_0.substring(1), _String_1.substring(1))

PATCH_DIFF_ORIG=--- /users2/cpca56132020/moliveira/folders/Figra_24_QUIXBUGS_LEVENSHTEIN/Figra_QuixBugs_LEVENSHTEIN_/src/main/java/LEVENSHTEINjava
+++ /users2/cpca56132020/moliveira/folders/Figra_24_QUIXBUGS_LEVENSHTEIN/Figra_QuixBugs_LEVENSHTEIN_/src/main/java/LEVENSHTEINjava
@@ -17 +17 @@
-			return 1 + java_programs.LEVENSHTEIN.levenshtein(source.substring(1), target.substring(1));
+			return (1 * java_programs.LEVENSHTEIN.levenshtein(target.substring(1), target.substring(1))) + java_programs.LEVENSHTEIN.levenshtein(source.substring(1), target.substring(1));



Patch 13
VARIANT_ID=3582
TIME=2918
VALIDATION=|true|0|6|[]|
GENERATION=1791
FOLDER_SOLUTION_CODE=/users2/cpca56132020/moliveira/folders/Figra_24_QUIXBUGS_LEVENSHTEIN/Figra_QuixBugs_LEVENSHTEIN_/./output_astor/AstorMain-LEVENSHTEIN-//src//variant-3582
--Patch Hunk #1
OPERATOR=ExpressionReplaceOperator

LOCATION=java_programs.LEVENSHTEIN

PATH=/users2/cpca56132020/moliveira/folders/Figra_24_QUIXBUGS_LEVENSHTEIN/Figra_QuixBugs_LEVENSHTEIN_/src/main/java/LEVENSHTEIN.java

MODIFIED_FILE_PATH=/users2/cpca56132020/moliveira/folders/Figra_24_QUIXBUGS_LEVENSHTEIN/Figra_QuixBugs_LEVENSHTEIN_/./output_astor/AstorMain-LEVENSHTEIN-//src//variant-3582/java_programs/LEVENSHTEIN.java

LINE=17

SUSPICIOUNESS=1

MP_RANKING=6

ORIGINAL_CODE=1

BUGGY_CODE_TYPE=CtLiteralImpl|CtBinaryOperatorImpl

PATCH_HUNK_CODE=(1 & java_programs.LEVENSHTEIN.levenshtein(source.substring(1), source.substring(1)))

PATCH_HUNK_TYPE=CtBinaryOperatorImpl|CtBinaryOperatorImpl

INGREDIENT_SCOPE=-

INGREDIENT_PARENT=1 & java_programs.LEVENSHTEIN.levenshtein(_String_0.substring(1), _String_1.substring(1))

PATCH_DIFF_ORIG=--- /users2/cpca56132020/moliveira/folders/Figra_24_QUIXBUGS_LEVENSHTEIN/Figra_QuixBugs_LEVENSHTEIN_/src/main/java/LEVENSHTEINjava
+++ /users2/cpca56132020/moliveira/folders/Figra_24_QUIXBUGS_LEVENSHTEIN/Figra_QuixBugs_LEVENSHTEIN_/src/main/java/LEVENSHTEINjava
@@ -17 +17 @@
-			return 1 + java_programs.LEVENSHTEIN.levenshtein(source.substring(1), target.substring(1));
+			return (1 & java_programs.LEVENSHTEIN.levenshtein(source.substring(1), source.substring(1))) + java_programs.LEVENSHTEIN.levenshtein(source.substring(1), target.substring(1));



Patch 14
VARIANT_ID=3638
TIME=2970
VALIDATION=|true|0|6|[]|
GENERATION=1819
FOLDER_SOLUTION_CODE=/users2/cpca56132020/moliveira/folders/Figra_24_QUIXBUGS_LEVENSHTEIN/Figra_QuixBugs_LEVENSHTEIN_/./output_astor/AstorMain-LEVENSHTEIN-//src//variant-3638
--Patch Hunk #1
OPERATOR=ExpressionReplaceOperator

LOCATION=java_programs.LEVENSHTEIN

PATH=/users2/cpca56132020/moliveira/folders/Figra_24_QUIXBUGS_LEVENSHTEIN/Figra_QuixBugs_LEVENSHTEIN_/src/main/java/LEVENSHTEIN.java

MODIFIED_FILE_PATH=/users2/cpca56132020/moliveira/folders/Figra_24_QUIXBUGS_LEVENSHTEIN/Figra_QuixBugs_LEVENSHTEIN_/./output_astor/AstorMain-LEVENSHTEIN-//src//variant-3638/java_programs/LEVENSHTEIN.java

LINE=17

SUSPICIOUNESS=1

MP_RANKING=12

ORIGINAL_CODE=1 + java_programs.LEVENSHTEIN.levenshtein(source.substring(1), target.substring(1))

BUGGY_CODE_TYPE=CtBinaryOperatorImpl|CtReturnImpl

PATCH_HUNK_CODE=java.lang.Math.min(
java_programs.LEVENSHTEIN.levenshtein(source, target.substring(1)), 
java_programs.LEVENSHTEIN.levenshtein(source.substring(1), target.substring(1)))

PATCH_HUNK_TYPE=CtInvocationImpl|CtReturnImpl

INGREDIENT_SCOPE=-

INGREDIENT_PARENT=java.lang.Math.min(
java_programs.LEVENSHTEIN.levenshtein(_String_0, _String_1.substring(1)), 
java_programs.LEVENSHTEIN.levenshtein(_String_0.substring(1), _String_1.substring(1)))

PATCH_DIFF_ORIG=--- /users2/cpca56132020/moliveira/folders/Figra_24_QUIXBUGS_LEVENSHTEIN/Figra_QuixBugs_LEVENSHTEIN_/src/main/java/LEVENSHTEINjava
+++ /users2/cpca56132020/moliveira/folders/Figra_24_QUIXBUGS_LEVENSHTEIN/Figra_QuixBugs_LEVENSHTEIN_/src/main/java/LEVENSHTEINjava
@@ -17,3 +17,3 @@
-			return 1 + java_programs.LEVENSHTEIN.levenshtein(source.substring(1), target.substring(1));
-		} else {
-			return 1 + java.lang.Math.min(java.lang.Math.min(
+			return 
+
+			java.lang.Math.min(
@@ -21 +21 @@
-			java_programs.LEVENSHTEIN.levenshtein(source.substring(1), target.substring(1))), 
+			java_programs.LEVENSHTEIN.levenshtein(source.substring(1), target.substring(1)));} else { 			return 1 + java.lang.Math.min(java.lang.Math.min(java_programs.LEVENSHTEIN.levenshtein(source, target.substring(1)), java_programs.LEVENSHTEIN.levenshtein(source.substring(1), target.substring(1))), 



Patch 15
VARIANT_ID=3884
TIME=3183
VALIDATION=|true|0|6|[]|
GENERATION=1942
FOLDER_SOLUTION_CODE=/users2/cpca56132020/moliveira/folders/Figra_24_QUIXBUGS_LEVENSHTEIN/Figra_QuixBugs_LEVENSHTEIN_/./output_astor/AstorMain-LEVENSHTEIN-//src//variant-3884
--Patch Hunk #1
OPERATOR=ExpressionReplaceOperator

LOCATION=java_programs.LEVENSHTEIN

PATH=/users2/cpca56132020/moliveira/folders/Figra_24_QUIXBUGS_LEVENSHTEIN/Figra_QuixBugs_LEVENSHTEIN_/src/main/java/LEVENSHTEIN.java

MODIFIED_FILE_PATH=/users2/cpca56132020/moliveira/folders/Figra_24_QUIXBUGS_LEVENSHTEIN/Figra_QuixBugs_LEVENSHTEIN_/./output_astor/AstorMain-LEVENSHTEIN-//src//variant-3884/java_programs/LEVENSHTEIN.java

LINE=17

SUSPICIOUNESS=1

MP_RANKING=6

ORIGINAL_CODE=1

BUGGY_CODE_TYPE=CtLiteralImpl|CtBinaryOperatorImpl

PATCH_HUNK_CODE=(1 * java_programs.LEVENSHTEIN.levenshtein(source.substring(1), source.substring(1)))

PATCH_HUNK_TYPE=CtBinaryOperatorImpl|CtBinaryOperatorImpl

INGREDIENT_SCOPE=-

INGREDIENT_PARENT=1 * java_programs.LEVENSHTEIN.levenshtein(_String_0.substring(1), _String_1.substring(1))

PATCH_DIFF_ORIG=--- /users2/cpca56132020/moliveira/folders/Figra_24_QUIXBUGS_LEVENSHTEIN/Figra_QuixBugs_LEVENSHTEIN_/src/main/java/LEVENSHTEINjava
+++ /users2/cpca56132020/moliveira/folders/Figra_24_QUIXBUGS_LEVENSHTEIN/Figra_QuixBugs_LEVENSHTEIN_/src/main/java/LEVENSHTEINjava
@@ -17 +17 @@
-			return 1 + java_programs.LEVENSHTEIN.levenshtein(source.substring(1), target.substring(1));
+			return (1 * java_programs.LEVENSHTEIN.levenshtein(source.substring(1), source.substring(1))) + java_programs.LEVENSHTEIN.levenshtein(source.substring(1), target.substring(1));




real	120m25.388s
user	117m55.332s
sys	1m57.029s
\n\nNode: hpc063.ncg.ingrid.pt\n
\n\nDate: Wed Apr  7 14:01:44 EDT 2021\n
