cd /users2/cpca56132020/moliveira/folders/Figra_18_QUIXBUGS_HANOI/Figra_QuixBugs_HANOI_;
export JAVA_TOOL_OPTIONS="-Dfile.encoding=UTF8 -Duser.language=en-US -Duser.country=US -Duser.language=en";
TZ="America/New_York"; export TZ;
export PATH="/usr/lib/jvm/java-1.8.0-openjdk/bin:$PATH";
export JAVA_HOME="/usr/lib/jvm/java-1.8.0-openjdk/bin";
time java -Xmx4g -Xms1g -cp /users2/cpca56132020/moliveira/RepairThemAll/script/../libs/jtestex7.jar:/users2/cpca56132020/moliveira/RepairThemAll/script/../repair_tools/astor.jar fr.inria.main.evolution.AstorMain \
	-mode figra \
	-location . \
	-id HANOI- \
	-failing java_testcases.junit.HANOI_Test \
	-jvm4testexecution /usr/lib/jvm/java-1.8.0-openjdk/bin \
	-jvm4evosuitetestexecution /usr/lib/jvm/java-1.8.0-openjdk/bin \
	-maxgen 1000000 \
	-maxtime 120 \
	-stopfirst false \
	-seed 18 \
	-scope package \
	-population 1 \
	-javacompliancelevel 8 \
	-srcjavafolder src/main/java \
	-srctestfolder src/test/java \
	-binjavafolder target/classes \
	-bintestfolder target/test-classes \
	-parameters x:x:maxCombinationVariableLimit:true:maxVarCombination:1000 \
	-dependencies /users2/cpca56132020/moliveira/.m2/repository/junit/junit/4.11/junit-4.11.jar:/users2/cpca56132020/moliveira/.m2/repository/org/hamcrest/hamcrest-core/1.3/hamcrest-core-1.3.jar;
	echo "\n\nNode: `hostname`\n";
	echo "\n\nDate: `date`\n";
Picked up JAVA_TOOL_OPTIONS: -Dfile.encoding=UTF8 -Duser.language=en-US -Duser.country=US -Duser.language=en
11:53:43.751 [main] ERROR fr.inria.astor.approaches.figra.ExpressionReplaceOperator - Replacement does not work for  modify ((("(" + java.lang.String.valueOf(first)) + ", ") + java.lang.String.valueOf(second)) + ")" to ((("(" + java.lang.String.valueOf(first)) + ", ") + java.lang.String.valueOf(second)) + ")"
11:53:45.502 [main] ERROR fr.inria.astor.approaches.figra.ExpressionReplaceOperator - Replacement does not work for  modify ")" to ")"
11:53:45.909 [main] ERROR fr.inria.astor.approaches.figra.ExpressionReplaceOperator - Replacement does not work for  modify first to first
11:53:46.978 [main] ERROR fr.inria.astor.approaches.figra.ExpressionReplaceOperator - Replacement does not work for  modify new java.util.PriorityQueue<java.lang.Integer>() to new java.util.PriorityQueue<java.lang.Integer>()
11:53:47.716 [main] ERROR fr.inria.astor.approaches.figra.ExpressionReplaceOperator - Replacement does not work for  modify ", " to ", "
11:53:49.272 [main] ERROR fr.inria.astor.approaches.figra.ExpressionReplaceOperator - Replacement does not work for  modify steps to steps
11:53:49.612 [main] ERROR fr.inria.astor.approaches.figra.ExpressionReplaceOperator - Replacement does not work for  modify crap_set to crap_set
11:53:50.510 [main] ERROR fr.inria.astor.approaches.figra.ExpressionReplaceOperator - Replacement does not work for  modify java.lang.String.valueOf(first) to java.lang.String.valueOf(first)
11:53:51.137 [main] ERROR fr.inria.astor.approaches.figra.ExpressionReplaceOperator - Replacement does not work for  modify 3 to 3
11:53:51.478 [main] ERROR fr.inria.astor.approaches.figra.ExpressionReplaceOperator - Replacement does not work for  modify second to second
11:53:52.543 [main] ERROR fr.inria.astor.approaches.figra.ExpressionReplaceOperator - Replacement does not work for  modify new java_programs.HANOI.Pair<java.lang.Integer, java.lang.Integer>(start, helper) to new java_programs.HANOI.Pair<java.lang.Integer, java.lang.Integer>(start, helper)
11:53:54.580 [main] ERROR fr.inria.astor.approaches.figra.ExpressionReplaceOperator - Replacement does not work for  modify new java.util.ArrayList<java_programs.HANOI.Pair<java.lang.Integer, java.lang.Integer>>() to new java.util.ArrayList<java_programs.HANOI.Pair<java.lang.Integer, java.lang.Integer>>()
11:53:55.876 [main] ERROR fr.inria.astor.approaches.figra.ExpressionReplaceOperator - Replacement does not work for  modify crap_set to crap_set
11:53:56.516 [main] ERROR fr.inria.astor.approaches.figra.ExpressionReplaceOperator - Replacement does not work for  modify crap_set.poll() to crap_set.poll()
11:53:58.328 [main] ERROR fr.inria.astor.approaches.figra.ExpressionReplaceOperator - Replacement does not work for  modify crap_set to crap_set
11:53:58.644 [main] ERROR fr.inria.astor.approaches.figra.ExpressionReplaceOperator - Replacement does not work for  modify start to start
11:54:00.434 [main] ERROR fr.inria.astor.approaches.figra.ExpressionReplaceOperator - Replacement does not work for  modify steps to steps
11:54:02.723 [main] ERROR fr.inria.astor.approaches.figra.ExpressionReplaceOperator - Replacement does not work for  modify ("(" + java.lang.String.valueOf(first)) to ("(" + java.lang.String.valueOf(first))
11:54:03.860 [main] ERROR fr.inria.astor.approaches.figra.ExpressionReplaceOperator - Replacement does not work for  modify steps to steps
11:54:07.464 [main] ERROR fr.inria.astor.approaches.figra.ExpressionReplaceOperator - Replacement does not work for  modify crap_set to crap_set
11:54:07.790 [main] ERROR fr.inria.astor.approaches.figra.ExpressionReplaceOperator - Replacement does not work for  modify crap_set to crap_set
11:54:08.603 [main] ERROR fr.inria.astor.approaches.figra.ExpressionReplaceOperator - Replacement does not work for  modify crap_set to crap_set
11:54:39.453 [main] ERROR fr.inria.astor.approaches.figra.ExpressionReplaceOperator - Replacement does not work for  modify "(" to "("
11:54:41.048 [main] ERROR fr.inria.astor.approaches.figra.ExpressionReplaceOperator - Replacement does not work for  modify java.lang.String.valueOf(second) to java.lang.String.valueOf(second)
11:54:44.208 [main] ERROR fr.inria.astor.approaches.figra.ExpressionReplaceOperator - Replacement does not work for  modify steps.addAll(java_programs.HANOI.hanoi(height - 1, helper, end)) to steps.addAll(java_programs.HANOI.hanoi(height - 1, helper, end))
11:54:45.176 [main] ERROR fr.inria.astor.approaches.figra.ExpressionReplaceOperator - Replacement does not work for  modify steps to steps
11:54:58.409 [main] ERROR fr.inria.astor.approaches.figra.ExpressionReplaceOperator - Replacement does not work for  modify crap_set.add(1) to crap_set.add(1)
11:55:24.384 [main] ERROR fr.inria.astor.approaches.figra.ExpressionReplaceOperator - Replacement does not work for  modify (("(" + java.lang.String.valueOf(first)) + ", ") to (("(" + java.lang.String.valueOf(first)) + ", ")
11:55:34.137 [main] ERROR fr.inria.astor.approaches.figra.ExpressionReplaceOperator - Replacement does not work for  modify 1 to 1
11:55:36.008 [main] ERROR fr.inria.astor.approaches.figra.ExpressionReplaceOperator - Replacement does not work for  modify ((("(" + java.lang.String.valueOf(first)) + ", ") + java.lang.String.valueOf(second)) to ((("(" + java.lang.String.valueOf(first)) + ", ") + java.lang.String.valueOf(second))
11:55:40.159 [main] ERROR fr.inria.astor.approaches.figra.ExpressionReplaceOperator - Replacement does not work for  modify java_programs.HANOI.hanoi(height - 1, helper, end) to java_programs.HANOI.hanoi(height - 1, helper, end)
11:56:15.489 [main] ERROR fr.inria.astor.approaches.figra.ExpressionReplaceOperator - Replacement does not work for  modify height - 1 to height - 1
11:56:16.471 [main] ERROR fr.inria.astor.approaches.figra.ExpressionReplaceOperator - Replacement does not work for  modify java_programs.HANOI.hanoi(height - 1, start, helper) to java_programs.HANOI.hanoi(height - 1, start, helper)
11:56:34.292 [main] ERROR fr.inria.astor.approaches.figra.ExpressionReplaceOperator - Replacement does not work for  modify helper to helper
11:56:35.668 [main] ERROR fr.inria.astor.approaches.figra.ExpressionReplaceOperator - Replacement does not work for  modify 1 to 1
11:56:51.926 [main] ERROR fr.inria.astor.approaches.figra.ExpressionReplaceOperator - Replacement does not work for  modify height to height
11:56:54.324 [main] ERROR fr.inria.astor.approaches.figra.ExpressionReplaceOperator - Replacement does not work for  modify crap_set.add(3) to crap_set.add(3)
11:57:01.725 [main] ERROR fr.inria.astor.approaches.figra.ExpressionReplaceOperator - Replacement does not work for  modify crap_set.remove(end) to crap_set.remove(end)
11:57:07.437 [main] ERROR fr.inria.astor.approaches.figra.ExpressionReplaceOperator - Replacement does not work for  modify crap_set.remove(start) to crap_set.remove(start)
11:57:16.136 [main] ERROR fr.inria.astor.approaches.figra.ExpressionReplaceOperator - Replacement does not work for  modify crap_set.add(2) to crap_set.add(2)
11:57:25.854 [main] ERROR fr.inria.astor.approaches.figra.ExpressionReplaceOperator - Replacement does not work for  modify start to start
11:57:30.405 [main] ERROR fr.inria.astor.approaches.figra.ExpressionReplaceOperator - Replacement does not work for  modify helper to helper
11:57:36.825 [main] ERROR fr.inria.astor.approaches.figra.ExpressionReplaceOperator - Replacement does not work for  modify height to height
11:57:41.393 [main] ERROR fr.inria.astor.approaches.figra.ExpressionReplaceOperator - Replacement does not work for  modify steps.add(new java_programs.HANOI.Pair<java.lang.Integer, java.lang.Integer>(start, helper)) to steps.add(new java_programs.HANOI.Pair<java.lang.Integer, java.lang.Integer>(start, helper))
11:57:58.856 [main] ERROR fr.inria.astor.approaches.figra.ExpressionReplaceOperator - Replacement does not work for  modify 1 to 1
11:58:24.467 [main] ERROR fr.inria.astor.approaches.figra.ExpressionReplaceOperator - Replacement does not work for  modify end to end
11:59:20.143 [main] ERROR fr.inria.astor.approaches.figra.ExpressionReplaceOperator - Replacement does not work for  modify start to start
11:59:24.578 [main] ERROR fr.inria.astor.approaches.figra.ExpressionReplaceOperator - Replacement does not work for  modify 2 to 2
11:59:52.841 [main] ERROR fr.inria.astor.approaches.figra.ExpressionReplaceOperator - Replacement does not work for  modify height > 0 to height > 0
11:59:56.968 [main] ERROR fr.inria.astor.approaches.figra.ExpressionReplaceOperator - Replacement does not work for  modify height - 1 to height - 1
12:00:00.257 [main] ERROR fr.inria.astor.approaches.figra.ExpressionReplaceOperator - Replacement does not work for  modify height - 1 to height - 1
12:00:46.072 [main] ERROR fr.inria.astor.approaches.figra.ExpressionReplaceOperator - Replacement does not work for  modify height to height
12:00:57.053 [main] ERROR fr.inria.astor.approaches.figra.ExpressionReplaceOperator - Replacement does not work for  modify end to end
12:02:02.097 [main] ERROR fr.inria.astor.approaches.figra.ExpressionReplaceOperator - Replacement does not work for  modify steps.addAll(java_programs.HANOI.hanoi(height - 1, start, helper)) to steps.addAll(java_programs.HANOI.hanoi(height - 1, start, helper))
12:02:59.644 [main] ERROR fr.inria.astor.approaches.figra.ExpressionReplaceOperator - Replacement does not work for  modify 0 to 0
12:03:45.257 [main] ERROR fr.inria.astor.approaches.figra.ExpressionReplaceOperator - Replacement does not work for  modify helper to helper
12:08:23.686 [main] ERROR fr.inria.astor.approaches.figra.ExpressionReplaceOperator - Replacement does not work for  modify height - 1 to height - 1
Astor Output:

General stats:
EXECUTION_IDENTIFIER=HANOI-
TOTAL_TIME=7200.972
NR_GENERATIONS=4789
NR_RIGHT_COMPILATIONS=4289
NR_FAILLING_COMPILATIONS=500
NR_ERRONEOUS_VARIANCES=null
NR_FAILING_VALIDATION_PROCESS=null
OUTPUT_STATUS=TIME_OUT

Patch stats:

Patch 1
VARIANT_ID=820
TIME=129
VALIDATION=|true|0|7|[]|
GENERATION=410
FOLDER_SOLUTION_CODE=/users2/cpca56132020/moliveira/folders/Figra_18_QUIXBUGS_HANOI/Figra_QuixBugs_HANOI_/./output_astor/AstorMain-HANOI-//src//variant-820
--Patch Hunk #1
OPERATOR=ExpressionReplaceOperator

LOCATION=java_programs.HANOI

PATH=/users2/cpca56132020/moliveira/folders/Figra_18_QUIXBUGS_HANOI/Figra_QuixBugs_HANOI_/src/main/java/HANOI.java

MODIFIED_FILE_PATH=/users2/cpca56132020/moliveira/folders/Figra_18_QUIXBUGS_HANOI/Figra_QuixBugs_HANOI_/./output_astor/AstorMain-HANOI-//src//variant-820/java_programs/HANOI.java

LINE=27

SUSPICIOUNESS=1

MP_RANKING=44

ORIGINAL_CODE=new java_programs.HANOI.Pair<java.lang.Integer, java.lang.Integer>(start, helper)

BUGGY_CODE_TYPE=CtConstructorCallImpl|CtInvocationImpl

PATCH_HUNK_CODE=new java_programs.HANOI.Pair<java.lang.Integer, java.lang.Integer>(start, end)

PATCH_HUNK_TYPE=CtConstructorCallImpl|CtInvocationImpl

INGREDIENT_SCOPE=-

INGREDIENT_PARENT=new java_programs.HANOI.Pair<java.lang.Integer, java.lang.Integer>(_int_0, _int_1)

PATCH_DIFF_ORIG=--- /users2/cpca56132020/moliveira/folders/Figra_18_QUIXBUGS_HANOI/Figra_QuixBugs_HANOI_/src/main/java/HANOIjava
+++ /users2/cpca56132020/moliveira/folders/Figra_18_QUIXBUGS_HANOI/Figra_QuixBugs_HANOI_/src/main/java/HANOIjava
@@ -27 +27 @@
-			steps.add(new java_programs.HANOI.Pair<java.lang.Integer, java.lang.Integer>(start, helper));
+			steps.add(new java_programs.HANOI.Pair<java.lang.Integer, java.lang.Integer>(start, end));



Patch 2
VARIANT_ID=2370
TIME=363
VALIDATION=|true|0|7|[]|
GENERATION=1185
FOLDER_SOLUTION_CODE=/users2/cpca56132020/moliveira/folders/Figra_18_QUIXBUGS_HANOI/Figra_QuixBugs_HANOI_/./output_astor/AstorMain-HANOI-//src//variant-2370
--Patch Hunk #1
OPERATOR=ExpressionReplaceOperator

LOCATION=java_programs.HANOI

PATH=/users2/cpca56132020/moliveira/folders/Figra_18_QUIXBUGS_HANOI/Figra_QuixBugs_HANOI_/src/main/java/HANOI.java

MODIFIED_FILE_PATH=/users2/cpca56132020/moliveira/folders/Figra_18_QUIXBUGS_HANOI/Figra_QuixBugs_HANOI_/./output_astor/AstorMain-HANOI-//src//variant-2370/java_programs/HANOI.java

LINE=27

SUSPICIOUNESS=1

MP_RANKING=43

ORIGINAL_CODE=helper

BUGGY_CODE_TYPE=CtVariableReadImpl|CtConstructorCallImpl

PATCH_HUNK_CODE=end

PATCH_HUNK_TYPE=CtVariableReadImpl|CtBinaryOperatorImpl

INGREDIENT_SCOPE=-

INGREDIENT_PARENT=end

PATCH_DIFF_ORIG=--- /users2/cpca56132020/moliveira/folders/Figra_18_QUIXBUGS_HANOI/Figra_QuixBugs_HANOI_/src/main/java/HANOIjava
+++ /users2/cpca56132020/moliveira/folders/Figra_18_QUIXBUGS_HANOI/Figra_QuixBugs_HANOI_/src/main/java/HANOIjava
@@ -27 +27 @@
-			steps.add(new java_programs.HANOI.Pair<java.lang.Integer, java.lang.Integer>(start, helper));
+			steps.add(new java_programs.HANOI.Pair<java.lang.Integer, java.lang.Integer>(start, end));



Patch 3
VARIANT_ID=2804
TIME=434
VALIDATION=|true|0|7|[]|
GENERATION=1402
FOLDER_SOLUTION_CODE=/users2/cpca56132020/moliveira/folders/Figra_18_QUIXBUGS_HANOI/Figra_QuixBugs_HANOI_/./output_astor/AstorMain-HANOI-//src//variant-2804
--Patch Hunk #1
OPERATOR=ExpressionReplaceOperator

LOCATION=java_programs.HANOI

PATH=/users2/cpca56132020/moliveira/folders/Figra_18_QUIXBUGS_HANOI/Figra_QuixBugs_HANOI_/src/main/java/HANOI.java

MODIFIED_FILE_PATH=/users2/cpca56132020/moliveira/folders/Figra_18_QUIXBUGS_HANOI/Figra_QuixBugs_HANOI_/./output_astor/AstorMain-HANOI-//src//variant-2804/java_programs/HANOI.java

LINE=27

SUSPICIOUNESS=1

MP_RANKING=43

ORIGINAL_CODE=helper

BUGGY_CODE_TYPE=CtVariableReadImpl|CtConstructorCallImpl

PATCH_HUNK_CODE=end / 1

PATCH_HUNK_TYPE=CtBinaryOperatorImpl|CtConstructorCallImpl

INGREDIENT_SCOPE=-

INGREDIENT_PARENT=_int_0 / 1

PATCH_DIFF_ORIG=--- /users2/cpca56132020/moliveira/folders/Figra_18_QUIXBUGS_HANOI/Figra_QuixBugs_HANOI_/src/main/java/HANOIjava
+++ /users2/cpca56132020/moliveira/folders/Figra_18_QUIXBUGS_HANOI/Figra_QuixBugs_HANOI_/src/main/java/HANOIjava
@@ -27 +27 @@
-			steps.add(new java_programs.HANOI.Pair<java.lang.Integer, java.lang.Integer>(start, helper));
+			steps.add(new java_programs.HANOI.Pair<java.lang.Integer, java.lang.Integer>(start, end / 1));



Patch 4
VARIANT_ID=3834
TIME=605
VALIDATION=|true|0|7|[]|
GENERATION=1917
FOLDER_SOLUTION_CODE=/users2/cpca56132020/moliveira/folders/Figra_18_QUIXBUGS_HANOI/Figra_QuixBugs_HANOI_/./output_astor/AstorMain-HANOI-//src//variant-3834
--Patch Hunk #1
OPERATOR=ExpressionReplaceOperator

LOCATION=java_programs.HANOI

PATH=/users2/cpca56132020/moliveira/folders/Figra_18_QUIXBUGS_HANOI/Figra_QuixBugs_HANOI_/src/main/java/HANOI.java

MODIFIED_FILE_PATH=/users2/cpca56132020/moliveira/folders/Figra_18_QUIXBUGS_HANOI/Figra_QuixBugs_HANOI_/./output_astor/AstorMain-HANOI-//src//variant-3834/java_programs/HANOI.java

LINE=27

SUSPICIOUNESS=1

MP_RANKING=43

ORIGINAL_CODE=helper

BUGGY_CODE_TYPE=CtVariableReadImpl|CtConstructorCallImpl

PATCH_HUNK_CODE=end * 1

PATCH_HUNK_TYPE=CtBinaryOperatorImpl|CtConstructorCallImpl

INGREDIENT_SCOPE=-

INGREDIENT_PARENT=_int_0 * 1

PATCH_DIFF_ORIG=--- /users2/cpca56132020/moliveira/folders/Figra_18_QUIXBUGS_HANOI/Figra_QuixBugs_HANOI_/src/main/java/HANOIjava
+++ /users2/cpca56132020/moliveira/folders/Figra_18_QUIXBUGS_HANOI/Figra_QuixBugs_HANOI_/src/main/java/HANOIjava
@@ -27 +27 @@
-			steps.add(new java_programs.HANOI.Pair<java.lang.Integer, java.lang.Integer>(start, helper));
+			steps.add(new java_programs.HANOI.Pair<java.lang.Integer, java.lang.Integer>(start, end * 1));



Patch 5
VARIANT_ID=8452
TIME=1385
VALIDATION=|true|0|7|[]|
GENERATION=4226
FOLDER_SOLUTION_CODE=/users2/cpca56132020/moliveira/folders/Figra_18_QUIXBUGS_HANOI/Figra_QuixBugs_HANOI_/./output_astor/AstorMain-HANOI-//src//variant-8452
--Patch Hunk #1
OPERATOR=ExpressionReplaceOperator

LOCATION=java_programs.HANOI

PATH=/users2/cpca56132020/moliveira/folders/Figra_18_QUIXBUGS_HANOI/Figra_QuixBugs_HANOI_/src/main/java/HANOI.java

MODIFIED_FILE_PATH=/users2/cpca56132020/moliveira/folders/Figra_18_QUIXBUGS_HANOI/Figra_QuixBugs_HANOI_/./output_astor/AstorMain-HANOI-//src//variant-8452/java_programs/HANOI.java

LINE=27

SUSPICIOUNESS=1

MP_RANKING=45

ORIGINAL_CODE=steps.add(new java_programs.HANOI.Pair<java.lang.Integer, java.lang.Integer>(start, helper))

BUGGY_CODE_TYPE=CtInvocationImpl|CtBlockImpl

PATCH_HUNK_CODE=steps.add(new java_programs.HANOI.Pair<java.lang.Integer, java.lang.Integer>(start, end))

PATCH_HUNK_TYPE=CtInvocationImpl|CtBlockImpl

INGREDIENT_SCOPE=-

INGREDIENT_PARENT=_ArrayList_0.add(new java_programs.HANOI.Pair<java.lang.Integer, java.lang.Integer>(_int_1, _int_2))

PATCH_DIFF_ORIG=--- /users2/cpca56132020/moliveira/folders/Figra_18_QUIXBUGS_HANOI/Figra_QuixBugs_HANOI_/src/main/java/HANOIjava
+++ /users2/cpca56132020/moliveira/folders/Figra_18_QUIXBUGS_HANOI/Figra_QuixBugs_HANOI_/src/main/java/HANOIjava
@@ -27 +27 @@
-			steps.add(new java_programs.HANOI.Pair<java.lang.Integer, java.lang.Integer>(start, helper));
+			steps.add(new java_programs.HANOI.Pair<java.lang.Integer, java.lang.Integer>(start, end));




real	120m16.685s
user	116m37.498s
sys	2m41.277s
\n\nNode: hpc061.ncg.ingrid.pt\n
\n\nDate: Wed Apr  7 13:53:45 EDT 2021\n
