cd /users2/cpca56132020/moliveira/folders/Nopol_QUIXBUGS_FIND_IN_SORTED/Nopol_QuixBugs_FIND_IN_SORTED_;
export JAVA_TOOL_OPTIONS="-Dfile.encoding=UTF8 -Duser.language=en-US -Duser.country=US -Duser.language=en";
TZ="America/New_York"; export TZ;
export PATH="/usr/lib/jvm/java-1.8.0-openjdk/bin:$PATH";
export JAVA_HOME="/usr/lib/jvm/java-1.8.0-openjdk/bin";
time java -Xmx4g -Xms1g -cp /users2/cpca56132020/moliveira/RepairThemAll/script/../repair_tools/nopol.jar:/usr/lib/jvm/java-1.8.0-openjdk/bin/../lib/tools.jar fr.inria.lille.repair.Main \
	--mode repair \
	--type pre_then_cond \
	--oracle angelic \
	--synthesis smt \
	--flocal gzoltar \
	--json \
	--solver z3 \
	--solver-path /users2/cpca56132020/moliveira/RepairThemAll/script/../libs/z3/build/z3 \
	--complianceLevel 8 \
	--source src/main/java \
	--classpath "target/classes:target/test-classes:/users2/cpca56132020/moliveira/.m2/repository/junit/junit/4.11/junit-4.11.jar:/users2/cpca56132020/moliveira/.m2/repository/org/hamcrest/hamcrest-core/1.3/hamcrest-core-1.3.jar:/users2/cpca56132020/moliveira/RepairThemAll/script/../repair_tools/nopol.jar";
	echo "\n\nNode: `hostname`\n";
	echo "\n\nDate: `date`\n";
Picked up JAVA_TOOL_OPTIONS: -Dfile.encoding=UTF8 -Duser.language=en-US -Duser.country=US -Duser.language=en
10:00:43.680 [main] INFO  fr.inria.lille.repair.nopol.NoPol - Source files: [src/main/java]
10:00:43.683 [main] INFO  fr.inria.lille.repair.nopol.NoPol - Classpath: [file:/users2/cpca56132020/moliveira/folders/Nopol_QUIXBUGS_FIND_IN_SORTED/Nopol_QuixBugs_FIND_IN_SORTED_/target/classes/, file:/users2/cpca56132020/moliveira/folders/Nopol_QUIXBUGS_FIND_IN_SORTED/Nopol_QuixBugs_FIND_IN_SORTED_/target/test-classes/, file:/users2/cpca56132020/moliveira/.m2/repository/junit/junit/4.11/junit-4.11.jar, file:/users2/cpca56132020/moliveira/.m2/repository/org/hamcrest/hamcrest-core/1.3/hamcrest-core-1.3.jar, file:/users2/cpca56132020/moliveira/RepairThemAll/script/../repair_tools/nopol.jar]
10:00:43.683 [main] INFO  fr.inria.lille.repair.nopol.NoPol - Statement type: PRE_THEN_COND
10:00:43.683 [main] INFO  fr.inria.lille.repair.nopol.NoPol - Args: [java_testcases.junit.FIND_IN_SORTED_Test]
10:00:43.685 [main] INFO  fr.inria.lille.repair.nopol.NoPol - Config: Config{synthesisDepth=3, collectStaticMethods=true, collectStaticFields=false, collectLiterals=false, onlyOneSynthesisResult=true, sortExpressions=true, maxLineInvocationPerTest=250, timeoutMethodInvocation=2000, dataCollectionTimeoutInSecondForSynthesis=900, addWeight=0.19478, subWeight=0.04554, mulWeight=0.0102, divWeight=0.00613, andWeight=0.10597, orWeight=0.05708, eqWeight=0.22798, nEqWeight=0.0, lessEqWeight=0.0255, lessWeight=0.0947, methodCallWeight=0.1, fieldAccessWeight=0.08099, constantWeight=0.14232, variableWeight=0.05195, mode=REPAIR, type=PRE_THEN_COND, synthesis=SMT, oracle=ANGELIC, solver=Z3, solverPath='/users2/cpca56132020/moliveira/RepairThemAll/script/../libs/z3/build/z3', projectSources=[src/main/java], projectClasspath='[Ljava.net.URL;@16c0663d', projectTests=[java_testcases.junit.FIND_IN_SORTED_Test], complianceLevel=8, outputFolder=., json=true}
10:00:43.686 [main] INFO  fr.inria.lille.repair.nopol.NoPol - Available processors (cores): 1
10:00:43.689 [main] INFO  fr.inria.lille.repair.nopol.NoPol - Free memory: 968 MB
10:00:43.689 [main] INFO  fr.inria.lille.repair.nopol.NoPol - Maximum memory: 3 GB
10:00:43.689 [main] INFO  fr.inria.lille.repair.nopol.NoPol - Total memory available to JVM: 989 MB
10:00:43.689 [main] INFO  fr.inria.lille.repair.nopol.NoPol - Java version: 1.8.0_272
10:00:43.695 [main] INFO  fr.inria.lille.repair.nopol.NoPol - JAVA_HOME: /usr/lib/jvm/java-1.8.0-openjdk/bin
10:00:43.695 [main] INFO  fr.inria.lille.repair.nopol.NoPol - PATH: /usr/lib/jvm/java-1.8.0-openjdk/bin:/users2/cpca56132020/moliveira/deps/Maven/apache-maven/bin:/users2/cpca56132020/moliveira/deps/Gradle/gradle-6.8.3/bin:/usr/condabin:/usr/local/bin:/usr/bin:/usr/local/sbin:/usr/sbin:/users2/cpca56132020/moliveira/.local/bin:/users2/cpca56132020/moliveira/bin
10:00:51.529 [pool-2-thread-1] DEBUG fr.inria.lille.repair.nopol.NoPol - statement #1
10:00:51.531 [pool-2-thread-1] DEBUG fr.inria.lille.repair.nopol.NoPol - Analysing SourceLocation java_programs.FIND_IN_SORTED:20 which is executed by 3 tests
1943284754
10:00:51.706 [pool-2-thread-1] DEBUG fr.inria.lille.repair.nopol.NoPol - looking with class fr.inria.lille.repair.nopol.spoon.smt.ConditionalAdder
10:00:52.687 [pool-3-thread-1] ERROR x.java.compiler.DynamicClassCompiler - [Compilation errors]
FIND_IN_SORTED.java:35: error: missing return statement
    }
    ^
10:00:52.711 [pool-3-thread-1] ERROR f.i.l.r.n.s.ConstraintModelBuilder - Unable to compile the change: 
public class FIND_IN_SORTED {
    public static int binsearch(int[] arr, int x, int start, int end) {
        if (start == end) {
            return -1;
        }
        int mid = start + ((end - start) / 2);
        if (x < arr[mid]) {
            return java_programs.FIND_IN_SORTED.binsearch(arr, x, start, mid);
        } else
            if (x > arr[mid]) {
                boolean spoonDefaultValue = false;
                try {
                    spoonDefaultValue = true;
                } catch (java.lang.Exception __NopolProcessorException) {
                }
                boolean runtimeAngelicValue = fr.inria.lille.repair.nopol.synth.AngelicExecution.angelicValue(spoonDefaultValue);
                if (fr.inria.lille.commons.trace.RuntimeValues.instance(0).isEnabled()) {
                    fr.inria.lille.commons.trace.RuntimeValues.instance(0).collectionStarts();
                    try{fr.inria.lille.commons.trace.RuntimeValues.instance(0).collectInput("x",x);} catch (Exception ex1) {ex1.printStackTrace();};
                    try{fr.inria.lille.commons.trace.RuntimeValues.instance(0).collectInput("start",start);} catch (Exception ex1) {ex1.printStackTrace();};
                    try{fr.inria.lille.commons.trace.RuntimeValues.instance(0).collectInput("arr",arr);} catch (Exception ex1) {ex1.printStackTrace();};
                    try{fr.inria.lille.commons.trace.RuntimeValues.instance(0).collectInput("mid",mid);} catch (Exception ex1) {ex1.printStackTrace();};
                    try{fr.inria.lille.commons.trace.RuntimeValues.instance(0).collectInput("end",end);} catch (Exception ex1) {ex1.printStackTrace();};
                    fr.inria.lille.commons.trace.RuntimeValues.instance(0).collectOutput(runtimeAngelicValue);
                    fr.inria.lille.commons.trace.RuntimeValues.instance(0).collectionEnds();
                }
                if (runtimeAngelicValue)
                    return java_programs.FIND_IN_SORTED.binsearch(arr, x, mid, end);

            } else {
                return mid;
            }

    }

    public static int find_in_sorted(int[] arr, int x) {
        return java_programs.FIND_IN_SORTED.binsearch(arr, x, 0, arr.length);
    }
}
10:00:52.711 [pool-2-thread-1] ERROR fr.inria.lille.repair.nopol.NoPol - Error ExecutionException java.util.concurrent.ExecutionException: xxl.java.compiler.DynamicCompilationException: Aborting: dynamic compilation failed
10:00:52.711 [pool-2-thread-1] DEBUG fr.inria.lille.repair.nopol.NoPol - statement #2
10:00:52.711 [pool-2-thread-1] DEBUG fr.inria.lille.repair.nopol.NoPol - Analysing SourceLocation java_programs.FIND_IN_SORTED:19 which is executed by 6 tests
1943284754
10:00:52.776 [pool-2-thread-1] DEBUG fr.inria.lille.repair.nopol.NoPol - looking with class fr.inria.lille.repair.nopol.spoon.smt.ConditionalAdder
10:00:53.203 [pool-5-thread-1] ERROR x.java.compiler.DynamicClassCompiler - [Compilation errors]
FIND_IN_SORTED.java:35: error: missing return statement
    }
    ^
10:00:53.211 [pool-5-thread-1] ERROR f.i.l.r.n.s.ConstraintModelBuilder - Unable to compile the change: 
public class FIND_IN_SORTED {
    public static int binsearch(int[] arr, int x, int start, int end) {
        if (start == end) {
            return -1;
        }
        int mid = start + ((end - start) / 2);
        if (x < arr[mid]) {
            return java_programs.FIND_IN_SORTED.binsearch(arr, x, start, mid);
        } else {
            boolean spoonDefaultValue = false;
            try {
                spoonDefaultValue = true;
            } catch (java.lang.Exception __NopolProcessorException) {
            }
            boolean runtimeAngelicValue = fr.inria.lille.repair.nopol.synth.AngelicExecution.angelicValue(spoonDefaultValue);
            if (fr.inria.lille.commons.trace.RuntimeValues.instance(1).isEnabled()) {
                fr.inria.lille.commons.trace.RuntimeValues.instance(1).collectionStarts();
                try{fr.inria.lille.commons.trace.RuntimeValues.instance(1).collectInput("arr",arr);} catch (Exception ex1) {ex1.printStackTrace();};
                try{fr.inria.lille.commons.trace.RuntimeValues.instance(1).collectInput("x > arr[mid]",x > arr[mid]);} catch (Exception ex1) {ex1.printStackTrace();};
                try{fr.inria.lille.commons.trace.RuntimeValues.instance(1).collectInput("x",x);} catch (Exception ex1) {ex1.printStackTrace();};
                try{fr.inria.lille.commons.trace.RuntimeValues.instance(1).collectInput("start",start);} catch (Exception ex1) {ex1.printStackTrace();};
                try{fr.inria.lille.commons.trace.RuntimeValues.instance(1).collectInput("mid",mid);} catch (Exception ex1) {ex1.printStackTrace();};
                try{fr.inria.lille.commons.trace.RuntimeValues.instance(1).collectInput("arr[mid]",arr[mid]);} catch (Exception ex1) {ex1.printStackTrace();};
                try{fr.inria.lille.commons.trace.RuntimeValues.instance(1).collectInput("end",end);} catch (Exception ex1) {ex1.printStackTrace();};
                fr.inria.lille.commons.trace.RuntimeValues.instance(1).collectOutput(runtimeAngelicValue);
                fr.inria.lille.commons.trace.RuntimeValues.instance(1).collectionEnds();
            }
            if (runtimeAngelicValue) if (x > arr[mid]) {
                return java_programs.FIND_IN_SORTED.binsearch(arr, x, mid, end);
            } else {
                return mid;
            }
        }
    }

    public static int find_in_sorted(int[] arr, int x) {
        return java_programs.FIND_IN_SORTED.binsearch(arr, x, 0, arr.length);
    }
}
10:00:53.217 [pool-2-thread-1] ERROR fr.inria.lille.repair.nopol.NoPol - Error ExecutionException java.util.concurrent.ExecutionException: xxl.java.compiler.DynamicCompilationException: Aborting: dynamic compilation failed
10:00:53.217 [pool-2-thread-1] DEBUG fr.inria.lille.repair.nopol.NoPol - looking with class fr.inria.lille.repair.nopol.spoon.smt.ConditionalReplacer
10:00:56.730 [pool-7-thread-1] DEBUG tests.output - Failing tests with false: 
[test_1(java_testcases.junit.FIND_IN_SORTED_Test): expected:<-1> but was:<3>, test_6(java_testcases.junit.FIND_IN_SORTED_Test): expected:<-1> but was:<2>]
10:00:56.730 [pool-7-thread-1] DEBUG tests.output - Failing tests with true: 
[test_1(java_testcases.junit.FIND_IN_SORTED_Test): null, test_6(java_testcases.junit.FIND_IN_SORTED_Test): test timed out after 3000 milliseconds]
10:00:56.731 [pool-7-thread-1] INFO  f.i.l.r.n.synth.SMTNopolSynthesizer - Not enough specifications: 0. A trivial patch is "true" or "false", please write new tests specifying SourceLocation java_programs.FIND_IN_SORTED:19.
10:00:56.731 [pool-2-thread-1] DEBUG fr.inria.lille.repair.nopol.NoPol - statement #3
10:00:56.731 [pool-2-thread-1] DEBUG fr.inria.lille.repair.nopol.NoPol - Analysing SourceLocation java_programs.FIND_IN_SORTED:27 which is executed by 7 tests
1943284754
10:00:56.809 [pool-2-thread-1] DEBUG fr.inria.lille.repair.nopol.NoPol - statement #4
10:00:56.810 [pool-2-thread-1] DEBUG fr.inria.lille.repair.nopol.NoPol - Analysing SourceLocation java_programs.FIND_IN_SORTED:17 which is executed by 7 tests
1943284754
10:00:56.884 [pool-2-thread-1] DEBUG fr.inria.lille.repair.nopol.NoPol - looking with class fr.inria.lille.repair.nopol.spoon.smt.ConditionalReplacer
10:01:03.950 [pool-13-thread-1] DEBUG tests.output - Failing tests with false: 
[test_1(java_testcases.junit.FIND_IN_SORTED_Test): expected:<-1> but was:<5>, test_6(java_testcases.junit.FIND_IN_SORTED_Test): null]
10:01:03.951 [pool-13-thread-1] DEBUG tests.output - Failing tests with true: 
[test_1(java_testcases.junit.FIND_IN_SORTED_Test): test timed out after 3000 milliseconds, test_6(java_testcases.junit.FIND_IN_SORTED_Test): test timed out after 3000 milliseconds]
10:01:03.951 [pool-13-thread-1] INFO  f.i.l.r.n.synth.SMTNopolSynthesizer - Not enough specifications: 0. A trivial patch is "true" or "false", please write new tests specifying SourceLocation java_programs.FIND_IN_SORTED:17.
10:01:03.951 [pool-2-thread-1] DEBUG fr.inria.lille.repair.nopol.NoPol - statement #5
10:01:03.951 [pool-2-thread-1] DEBUG fr.inria.lille.repair.nopol.NoPol - Analysing SourceLocation java_programs.FIND_IN_SORTED:16 which is executed by 7 tests
1943284754
10:01:04.048 [pool-2-thread-1] DEBUG fr.inria.lille.repair.nopol.NoPol - statement #6
10:01:04.048 [pool-2-thread-1] DEBUG fr.inria.lille.repair.nopol.NoPol - Analysing SourceLocation java_programs.FIND_IN_SORTED:13 which is executed by 7 tests
1943284754
10:01:04.198 [pool-2-thread-1] DEBUG fr.inria.lille.repair.nopol.NoPol - looking with class fr.inria.lille.repair.nopol.spoon.smt.ConditionalAdder
10:01:15.013 [pool-19-thread-1] DEBUG tests.output - Failing tests with false: 
[test_1(java_testcases.junit.FIND_IN_SORTED_Test): null, test_6(java_testcases.junit.FIND_IN_SORTED_Test): test timed out after 3000 milliseconds]
10:01:15.014 [pool-19-thread-1] DEBUG tests.output - Failing tests with true: 
[test_1(java_testcases.junit.FIND_IN_SORTED_Test): test timed out after 3000 milliseconds, test_6(java_testcases.junit.FIND_IN_SORTED_Test): test timed out after 3000 milliseconds]
10:01:15.014 [pool-19-thread-1] INFO  f.i.l.r.n.synth.SMTNopolSynthesizer - Not enough specifications: 0. A trivial patch is "true" or "false", please write new tests specifying SourceLocation java_programs.FIND_IN_SORTED:13.
10:01:15.014 [pool-2-thread-1] DEBUG fr.inria.lille.repair.nopol.NoPol - looking with class fr.inria.lille.repair.nopol.spoon.smt.ConditionalReplacer
10:01:27.520 [pool-25-thread-1] DEBUG tests.output - Failing tests with false: 
[test_1(java_testcases.junit.FIND_IN_SORTED_Test): null, test_6(java_testcases.junit.FIND_IN_SORTED_Test): test timed out after 3000 milliseconds]
10:01:27.522 [pool-25-thread-1] DEBUG tests.output - Failing tests with true: 
[test_1(java_testcases.junit.FIND_IN_SORTED_Test): test timed out after 3000 milliseconds, test_6(java_testcases.junit.FIND_IN_SORTED_Test): test timed out after 3000 milliseconds]
10:01:27.522 [pool-25-thread-1] INFO  f.i.l.r.n.synth.SMTNopolSynthesizer - Not enough specifications: 0. A trivial patch is "true" or "false", please write new tests specifying SourceLocation java_programs.FIND_IN_SORTED:13.
10:01:27.523 [pool-2-thread-1] DEBUG fr.inria.lille.repair.nopol.NoPol - statement #7
10:01:27.523 [pool-2-thread-1] DEBUG fr.inria.lille.repair.nopol.NoPol - Analysing SourceLocation java_programs.FIND_IN_SORTED:18 which is executed by 2 tests
1943284754
10:01:27.765 [pool-2-thread-1] DEBUG fr.inria.lille.repair.nopol.NoPol - looking with class fr.inria.lille.repair.nopol.spoon.smt.ConditionalAdder
10:01:30.428 [pool-31-thread-1] ERROR x.java.compiler.DynamicClassCompiler - [Compilation errors]
FIND_IN_SORTED.java:35: error: missing return statement
    }
    ^
10:01:30.441 [pool-31-thread-1] ERROR f.i.l.r.n.s.ConstraintModelBuilder - Unable to compile the change: 
public class FIND_IN_SORTED {
    public static int binsearch(int[] arr, int x, int start, int end) {
        if (start == end) {
            return -1;
        }
        int mid = start + ((end - start) / 2);
        if (x < arr[mid]) {
            boolean spoonDefaultValue = false;
            try {
                spoonDefaultValue = true;
            } catch (java.lang.Exception __NopolProcessorException) {
            }
            boolean runtimeAngelicValue = fr.inria.lille.repair.nopol.synth.AngelicExecution.angelicValue(spoonDefaultValue);
            if (fr.inria.lille.commons.trace.RuntimeValues.instance(6).isEnabled()) {
                fr.inria.lille.commons.trace.RuntimeValues.instance(6).collectionStarts();
                try{fr.inria.lille.commons.trace.RuntimeValues.instance(6).collectInput("x",x);} catch (Exception ex1) {ex1.printStackTrace();};
                try{fr.inria.lille.commons.trace.RuntimeValues.instance(6).collectInput("start",start);} catch (Exception ex1) {ex1.printStackTrace();};
                try{fr.inria.lille.commons.trace.RuntimeValues.instance(6).collectInput("arr",arr);} catch (Exception ex1) {ex1.printStackTrace();};
                try{fr.inria.lille.commons.trace.RuntimeValues.instance(6).collectInput("mid",mid);} catch (Exception ex1) {ex1.printStackTrace();};
                try{fr.inria.lille.commons.trace.RuntimeValues.instance(6).collectInput("end",end);} catch (Exception ex1) {ex1.printStackTrace();};
                fr.inria.lille.commons.trace.RuntimeValues.instance(6).collectOutput(runtimeAngelicValue);
                fr.inria.lille.commons.trace.RuntimeValues.instance(6).collectionEnds();
            }
            if (runtimeAngelicValue)
                return java_programs.FIND_IN_SORTED.binsearch(arr, x, start, mid);

        } else
            if (x > arr[mid]) {
                return java_programs.FIND_IN_SORTED.binsearch(arr, x, mid, end);
            } else {
                return mid;
            }

    }

    public static int find_in_sorted(int[] arr, int x) {
        return java_programs.FIND_IN_SORTED.binsearch(arr, x, 0, arr.length);
    }
}
10:01:30.445 [pool-2-thread-1] ERROR fr.inria.lille.repair.nopol.NoPol - Error ExecutionException java.util.concurrent.ExecutionException: xxl.java.compiler.DynamicCompilationException: Aborting: dynamic compilation failed
10:01:30.445 [pool-2-thread-1] INFO  fr.inria.lille.repair.nopol.NoPol - ----INFORMATION----
10:01:30.446 [pool-2-thread-1] INFO  fr.inria.lille.repair.nopol.NoPol - Nb classes : 3
10:01:30.447 [pool-2-thread-1] INFO  fr.inria.lille.repair.nopol.NoPol - Nb methods : 10
10:01:30.447 [pool-2-thread-1] INFO  fr.inria.lille.repair.nopol.NoPol - Nb Statements Analyzed : 7
10:01:30.447 [pool-2-thread-1] INFO  fr.inria.lille.repair.nopol.NoPol - Nb Statements with Angelic Value Found : 0
10:01:30.447 [pool-2-thread-1] INFO  fr.inria.lille.repair.nopol.NoPol - Nb inputs in SMT : 0
10:01:30.463 [pool-2-thread-1] INFO  fr.inria.lille.repair.nopol.NoPol - Nb SMT level: 0
10:01:30.485 [pool-2-thread-1] INFO  fr.inria.lille.repair.nopol.NoPol - Nb variables in SMT : 0
10:01:30.485 [pool-2-thread-1] INFO  fr.inria.lille.repair.nopol.NoPol - NoPol Execution time : 46771ms
10:01:30.485 [pool-2-thread-1] INFO  fr.inria.lille.repair.nopol.NoPol - 
NO_ANGELIC_VALUE

real	0m47.615s
user	0m41.595s
sys	0m5.454s
\n\nNode: hpc060.ncg.ingrid.pt\n
\n\nDate: Sat Apr  3 10:01:30 EDT 2021\n
