cd /users2/cpca56132020/moliveira/folders/Figra_IntroClassJava_median-1bf73a9ca02e8d64fd54aaf8de9ad5d029ebfff775224c3f5b010db80793ea8698863524436d122a100abc08c3486a795eb1caf39f78fc55d3948124861669ac-003/Figra_IntroClassJava_median_1bf73a9ca02e8d64fd54aaf8de9ad5d029ebfff775224c3f5b010db80793ea8698863524436d122a100abc08c3486a795eb1caf39f78fc55d3948124861669ac-003;
export JAVA_TOOL_OPTIONS="-Dfile.encoding=UTF8 -Duser.language=en-US -Duser.country=US -Duser.language=en";
TZ="America/New_York"; export TZ;
export PATH="/usr/lib/jvm/java-1.8.0-openjdk/bin/:$PATH";
export JAVA_HOME="/usr/lib/jvm/java-1.8.0-openjdk/bin/";
time java -Xmx4g -Xms1g -cp /users2/cpca56132020/moliveira/RepairThemAll/script/../libs/jtestex7.jar:/users2/cpca56132020/moliveira/RepairThemAll/script/../repair_tools/astor.jar fr.inria.main.evolution.AstorMain \
	-mode figra \
	-location . \
	-id median-1bf73a9ca02e8d64fd54aaf8de9ad5d029ebfff775224c3f5b010db80793ea8698863524436d122a100abc08c3486a795eb1caf39f78fc55d3948124861669ac-003 \
	-failing introclassJava.median_1bf73a9c_003BlackboxTest:introclassJava.median_1bf73a9c_003WhiteboxTest \
	-jvm4testexecution /users2/cpca56132020/moliveira/jdk1.7.0_80/bin/ \
	-jvm4evosuitetestexecution /users2/cpca56132020/moliveira/jdk1.7.0_80/bin/ \
	-maxgen 1000000 \
	-maxtime 120 \
	-stopfirst false \
	-seed 28 \
	-scope package \
	-population 1 \
	-javacompliancelevel 7 \
	-srcjavafolder src/main/java \
	-srctestfolder src/test/java \
	-binjavafolder target/classes \
	-bintestfolder target/test-classes \
	-parameters x:x:maxCombinationVariableLimit:true:maxVarCombination:1000 \
	-dependencies /users2/cpca56132020/moliveira/.m2/repository/junit/junit/4.11/junit-4.11.jar:/users2/cpca56132020/moliveira/.m2/repository/org/hamcrest/hamcrest-core/1.3/hamcrest-core-1.3.jar;
	echo "\n\nNode: `hostname`\n";
	echo "\n\nDate: `date`\n";
Picked up JAVA_TOOL_OPTIONS: -Dfile.encoding=UTF8 -Duser.language=en-US -Duser.country=US -Duser.language=en
Picked up _JAVA_OPTIONS: -Xmx512m -Xms256m
06:11:02.280 [main] ERROR fr.inria.astor.approaches.figra.ExpressionReplaceOperator - Replacement does not work for  modify second to second
06:11:06.813 [main] ERROR fr.inria.astor.approaches.figra.ExpressionReplaceOperator - Replacement does not work for  modify ans to ans
06:11:07.478 [main] ERROR fr.inria.astor.approaches.figra.ExpressionReplaceOperator - Replacement does not work for  modify new introclassJava.IntObj() to new introclassJava.IntObj()
06:11:08.142 [main] ERROR fr.inria.astor.approaches.figra.ExpressionReplaceOperator - Replacement does not work for  modify scanner.nextInt() to scanner.nextInt()
06:11:08.470 [main] ERROR fr.inria.astor.approaches.figra.ExpressionReplaceOperator - Replacement does not work for  modify second to second
06:11:20.555 [main] ERROR fr.inria.astor.approaches.figra.ExpressionReplaceOperator - Replacement does not work for  modify third to third
06:11:24.459 [main] ERROR fr.inria.astor.approaches.figra.ExpressionReplaceOperator - Replacement does not work for  modify scanner to scanner
06:11:24.834 [main] ERROR fr.inria.astor.approaches.figra.ExpressionReplaceOperator - Replacement does not work for  modify scanner to scanner
06:11:26.033 [main] ERROR fr.inria.astor.approaches.figra.ExpressionReplaceOperator - Replacement does not work for  modify scanner.nextInt() to scanner.nextInt()
06:11:26.329 [main] ERROR fr.inria.astor.approaches.figra.ExpressionReplaceOperator - Replacement does not work for  modify first to first
06:11:26.612 [main] ERROR fr.inria.astor.approaches.figra.ExpressionReplaceOperator - Replacement does not work for  modify first to first
06:11:28.300 [main] ERROR fr.inria.astor.approaches.figra.ExpressionReplaceOperator - Replacement does not work for  modify ans to ans
06:11:32.503 [main] ERROR fr.inria.astor.approaches.figra.ExpressionReplaceOperator - Replacement does not work for  modify first to first
06:11:57.025 [main] ERROR fr.inria.astor.approaches.figra.ExpressionReplaceOperator - Replacement does not work for  modify java.lang.String.format("Please enter 3 numbers separated by spaces > ") to java.lang.String.format("Please enter 3 numbers separated by spaces > ")
06:12:00.669 [main] ERROR fr.inria.astor.approaches.figra.ExpressionReplaceOperator - Replacement does not work for  modify scanner.nextInt() to scanner.nextInt()
06:12:02.126 [main] ERROR fr.inria.astor.approaches.figra.ExpressionReplaceOperator - Replacement does not work for  modify second to second
06:12:03.221 [main] ERROR fr.inria.astor.approaches.figra.ExpressionReplaceOperator - Replacement does not work for  modify third to third
06:12:03.973 [main] ERROR fr.inria.astor.approaches.figra.ExpressionReplaceOperator - Replacement does not work for  modify scanner to scanner
06:12:08.569 [main] ERROR fr.inria.astor.approaches.figra.ExpressionReplaceOperator - Replacement does not work for  modify "Please enter 3 numbers separated by spaces > " to "Please enter 3 numbers separated by spaces > "
06:12:09.973 [main] ERROR fr.inria.astor.approaches.figra.ExpressionReplaceOperator - Replacement does not work for  modify "%d is the median\n" to "%d is the median\n"
06:12:11.927 [main] ERROR fr.inria.astor.approaches.figra.ExpressionReplaceOperator - Replacement does not work for  modify third to third
06:12:33.656 [main] ERROR fr.inria.astor.approaches.figra.ExpressionReplaceOperator - Replacement does not work for  modify third to third
Astor Output:

General stats:
EXECUTION_IDENTIFIER=median-1bf73a9ca02e8d64fd54aaf8de9ad5d029ebfff775224c3f5b010db80793ea8698863524436d122a100abc08c3486a795eb1caf39f78fc55d3948124861669ac-003
TOTAL_TIME=7201.183
NR_GENERATIONS=180
NR_RIGHT_COMPILATIONS=116
NR_FAILLING_COMPILATIONS=64
NR_ERRONEOUS_VARIANCES=null
NR_FAILING_VALIDATION_PROCESS=null
OUTPUT_STATUS=TIME_OUT

Patch stats:

Patch 1
VARIANT_ID=108
TIME=29
VALIDATION=|true|0|13|[]|
GENERATION=54
FOLDER_SOLUTION_CODE=/users2/cpca56132020/moliveira/folders/Figra_IntroClassJava_median-1bf73a9ca02e8d64fd54aaf8de9ad5d029ebfff775224c3f5b010db80793ea8698863524436d122a100abc08c3486a795eb1caf39f78fc55d3948124861669ac-003/Figra_IntroClassJava_median_1bf73a9ca02e8d64fd54aaf8de9ad5d029ebfff775224c3f5b010db80793ea8698863524436d122a100abc08c3486a795eb1caf39f78fc55d3948124861669ac-003/./output_astor/AstorMain-median-1bf73a9ca02e8d64fd54aaf8de9ad5d029ebfff775224c3f5b010db80793ea8698863524436d122a100abc08c3486a795eb1caf39f78fc55d3948124861669ac-003//src//variant-108
--Patch Hunk #1
OPERATOR=ExpressionReplaceOperator

LOCATION=introclassJava.median_1bf73a9c_003

PATH=/users2/cpca56132020/moliveira/folders/Figra_IntroClassJava_median-1bf73a9ca02e8d64fd54aaf8de9ad5d029ebfff775224c3f5b010db80793ea8698863524436d122a100abc08c3486a795eb1caf39f78fc55d3948124861669ac-003/Figra_IntroClassJava_median_1bf73a9ca02e8d64fd54aaf8de9ad5d029ebfff775224c3f5b010db80793ea8698863524436d122a100abc08c3486a795eb1caf39f78fc55d3948124861669ac-003/src/main/java/introclassJava/median_1bf73a9c_003.java

MODIFIED_FILE_PATH=/users2/cpca56132020/moliveira/folders/Figra_IntroClassJava_median-1bf73a9ca02e8d64fd54aaf8de9ad5d029ebfff775224c3f5b010db80793ea8698863524436d122a100abc08c3486a795eb1caf39f78fc55d3948124861669ac-003/Figra_IntroClassJava_median_1bf73a9ca02e8d64fd54aaf8de9ad5d029ebfff775224c3f5b010db80793ea8698863524436d122a100abc08c3486a795eb1caf39f78fc55d3948124861669ac-003/./output_astor/AstorMain-median-1bf73a9ca02e8d64fd54aaf8de9ad5d029ebfff775224c3f5b010db80793ea8698863524436d122a100abc08c3486a795eb1caf39f78fc55d3948124861669ac-003//src//variant-108/introclassJava/median_1bf73a9c_003.java

LINE=70

SUSPICIOUNESS=0.302

MP_RANKING=3

ORIGINAL_CODE=second

BUGGY_CODE_TYPE=CtVariableReadImpl|CtFieldReadImpl

PATCH_HUNK_CODE=third

PATCH_HUNK_TYPE=CtVariableReadImpl|CtFieldWriteImpl

INGREDIENT_SCOPE=-

INGREDIENT_PARENT=third

PATCH_DIFF_ORIG=--- /users2/cpca56132020/moliveira/folders/Figra_IntroClassJava_median-1bf73a9ca02e8d64fd54aaf8de9ad5d029ebfff775224c3f5b010db80793ea8698863524436d122a100abc08c3486a795eb1caf39f78fc55d3948124861669ac-003/Figra_IntroClassJava_median_1bf73a9ca02e8d64fd54aaf8de9ad5d029ebfff775224c3f5b010db80793ea8698863524436d122a100abc08c3486a795eb1caf39f78fc55d3948124861669ac-003/src/main/java/introclassJava/median_1bf73a9c_003java
+++ /users2/cpca56132020/moliveira/folders/Figra_IntroClassJava_median-1bf73a9ca02e8d64fd54aaf8de9ad5d029ebfff775224c3f5b010db80793ea8698863524436d122a100abc08c3486a795eb1caf39f78fc55d3948124861669ac-003/Figra_IntroClassJava_median_1bf73a9ca02e8d64fd54aaf8de9ad5d029ebfff775224c3f5b010db80793ea8698863524436d122a100abc08c3486a795eb1caf39f78fc55d3948124861669ac-003/src/main/java/introclassJava/median_1bf73a9c_003java
@@ -70 +70 @@
-		} else if (((second.value > first.value) && (second.value < third.value)) || 
+		} else if (((third.value > first.value) && (second.value < third.value)) || 




real	120m18.641s
user	119m22.634s
sys	0m22.811s
\n\nNode: hpc060.ncg.ingrid.pt\n
\n\nDate: Tue Apr 13 08:11:03 EDT 2021\n
