cd /users2/cpca56132020/moliveira/folders/Figra_25_QUIXBUGS_GET_FACTORS/Figra_QuixBugs_GET_FACTORS_;
export JAVA_TOOL_OPTIONS="-Dfile.encoding=UTF8 -Duser.language=en-US -Duser.country=US -Duser.language=en";
TZ="America/New_York"; export TZ;
export PATH="/usr/lib/jvm/java-1.8.0-openjdk/bin:$PATH";
export JAVA_HOME="/usr/lib/jvm/java-1.8.0-openjdk/bin";
time java -Xmx4g -Xms1g -cp /users2/cpca56132020/moliveira/RepairThemAll/script/../libs/jtestex7.jar:/users2/cpca56132020/moliveira/RepairThemAll/script/../repair_tools/astor.jar fr.inria.main.evolution.AstorMain \
	-mode figra \
	-location . \
	-id GET_FACTORS- \
	-failing java_testcases.junit.GET_FACTORS_Test \
	-jvm4testexecution /usr/lib/jvm/java-1.8.0-openjdk/bin \
	-jvm4evosuitetestexecution /usr/lib/jvm/java-1.8.0-openjdk/bin \
	-maxgen 1000000 \
	-maxtime 120 \
	-stopfirst false \
	-seed 25 \
	-scope package \
	-population 1 \
	-javacompliancelevel 8 \
	-srcjavafolder src/main/java \
	-srctestfolder src/test/java \
	-binjavafolder target/classes \
	-bintestfolder target/test-classes \
	-parameters x:x:maxCombinationVariableLimit:true:maxVarCombination:1000 \
	-dependencies /users2/cpca56132020/moliveira/.m2/repository/junit/junit/4.11/junit-4.11.jar:/users2/cpca56132020/moliveira/.m2/repository/org/hamcrest/hamcrest-core/1.3/hamcrest-core-1.3.jar;
	echo "\n\nNode: `hostname`\n";
	echo "\n\nDate: `date`\n";
Picked up JAVA_TOOL_OPTIONS: -Dfile.encoding=UTF8 -Duser.language=en-US -Duser.country=US -Duser.language=en
12:01:39.105 [main] ERROR fr.inria.astor.approaches.figra.ExpressionReplaceOperator - Replacement does not work for  modify prepend to prepend
12:01:43.821 [main] ERROR fr.inria.astor.approaches.figra.ExpressionReplaceOperator - Replacement does not work for  modify java_programs.GET_FACTORS.get_factors(n / i) to java_programs.GET_FACTORS.get_factors(n / i)
12:01:46.315 [main] ERROR fr.inria.astor.approaches.figra.ExpressionReplaceOperator - Replacement does not work for  modify ((int) (java.lang.Math.sqrt(n) + 1.0)) to ((int) (java.lang.Math.sqrt(n) + 1.0))
12:01:56.211 [main] ERROR fr.inria.astor.approaches.figra.ExpressionReplaceOperator - error to modify i++ to n - n
12:03:18.381 [main] ERROR fr.inria.astor.approaches.figra.ExpressionReplaceOperator - Replacement does not work for  modify java.lang.Math.sqrt(n) to java.lang.Math.sqrt(n)
12:03:55.118 [main] ERROR fr.inria.astor.approaches.figra.ExpressionReplaceOperator - Replacement does not work for  modify 1.0 to 1.0
12:08:17.480 [main] ERROR fr.inria.astor.approaches.figra.ExpressionReplaceOperator - Replacement does not work for  modify n to n
12:08:27.883 [main] ERROR fr.inria.astor.approaches.figra.ExpressionReplaceOperator - Replacement does not work for  modify n to n
12:09:42.207 [main] ERROR fr.inria.astor.approaches.figra.ExpressionReplaceOperator - Replacement does not work for  modify prepend to prepend
12:10:23.221 [main] ERROR fr.inria.astor.approaches.figra.ExpressionReplaceOperator - Replacement does not work for  modify i to i
12:10:56.379 [main] ERROR fr.inria.astor.approaches.figra.ExpressionReplaceOperator - Replacement does not work for  modify prepend to prepend
12:11:27.085 [main] ERROR fr.inria.astor.approaches.figra.ExpressionReplaceOperator - Replacement does not work for  modify (n % i) == 0 to (n % i) == 0
12:13:19.476 [main] ERROR fr.inria.astor.approaches.figra.ExpressionReplaceOperator - Replacement does not work for  modify 0 to 0
12:15:34.062 [main] ERROR fr.inria.astor.approaches.figra.ExpressionReplaceOperator - Replacement does not work for  modify n to n
12:16:07.109 [main] ERROR fr.inria.astor.approaches.figra.ExpressionReplaceOperator - Replacement does not work for  modify n / i to n / i
12:19:47.206 [main] ERROR fr.inria.astor.approaches.figra.ExpressionReplaceOperator - Replacement does not work for  modify prepend.addAll(java_programs.GET_FACTORS.get_factors(n / i)) to prepend.addAll(java_programs.GET_FACTORS.get_factors(n / i))
12:20:55.182 [main] ERROR fr.inria.astor.approaches.figra.ExpressionReplaceOperator - Replacement does not work for  modify n / i to n / i
12:23:47.942 [main] ERROR fr.inria.astor.approaches.figra.ExpressionReplaceOperator - Replacement does not work for  modify new java.util.ArrayList<java.lang.Integer>(0) to new java.util.ArrayList<java.lang.Integer>(0)
12:24:13.286 [main] ERROR fr.inria.astor.approaches.figra.ExpressionReplaceOperator - Replacement does not work for  modify new java.util.ArrayList<java.lang.Integer>() to new java.util.ArrayList<java.lang.Integer>()
12:26:59.011 [main] ERROR fr.inria.astor.approaches.figra.ExpressionReplaceOperator - Replacement does not work for  modify n == 1 to n == 1
12:38:38.730 [main] ERROR fr.inria.astor.approaches.figra.ExpressionReplaceOperator - Replacement does not work for  modify i to i
12:44:53.022 [main] ERROR fr.inria.astor.approaches.figra.ExpressionReplaceOperator - Replacement does not work for  modify i < max to i < max
13:07:46.329 [main] ERROR fr.inria.astor.approaches.figra.ExpressionReplaceOperator - Replacement does not work for  modify i to i
13:09:01.361 [main] ERROR fr.inria.astor.approaches.figra.ExpressionReplaceOperator - Replacement does not work for  modify prepend.add(i) to prepend.add(i)
13:15:56.950 [main] ERROR fr.inria.astor.approaches.figra.ExpressionReplaceOperator - Replacement does not work for  modify (n % i) to (n % i)
13:18:00.644 [main] ERROR fr.inria.astor.approaches.figra.ExpressionReplaceOperator - Replacement does not work for  modify i++ to i++
13:22:37.049 [main] ERROR fr.inria.astor.approaches.figra.ExpressionReplaceOperator - Replacement does not work for  modify 1 to 1
13:27:48.583 [main] ERROR fr.inria.astor.approaches.figra.ExpressionReplaceOperator - Replacement does not work for  modify max to max
13:49:07.844 [main] ERROR fr.inria.astor.approaches.figra.ExpressionReplaceOperator - Replacement does not work for  modify i to i
Astor Output:

General stats:
EXECUTION_IDENTIFIER=GET_FACTORS-
TOTAL_TIME=7201.64
NR_GENERATIONS=965
NR_RIGHT_COMPILATIONS=942
NR_FAILLING_COMPILATIONS=23
NR_ERRONEOUS_VARIANCES=null
NR_FAILING_VALIDATION_PROCESS=null
OUTPUT_STATUS=TIME_OUT

Patch stats:

Patch 1
VARIANT_ID=46
TIME=8
VALIDATION=|true|0|11|[]|
GENERATION=23
FOLDER_SOLUTION_CODE=/users2/cpca56132020/moliveira/folders/Figra_25_QUIXBUGS_GET_FACTORS/Figra_QuixBugs_GET_FACTORS_/./output_astor/AstorMain-GET_FACTORS-//src//variant-46
--Patch Hunk #1
OPERATOR=ExpressionReplaceOperator

LOCATION=java_programs.GET_FACTORS

PATH=/users2/cpca56132020/moliveira/folders/Figra_25_QUIXBUGS_GET_FACTORS/Figra_QuixBugs_GET_FACTORS_/src/main/java/GET_FACTORS.java

MODIFIED_FILE_PATH=/users2/cpca56132020/moliveira/folders/Figra_25_QUIXBUGS_GET_FACTORS/Figra_QuixBugs_GET_FACTORS_/./output_astor/AstorMain-GET_FACTORS-//src//variant-46/java_programs/GET_FACTORS.java

LINE=19

SUSPICIOUNESS=1

MP_RANKING=7

ORIGINAL_CODE=i < max

BUGGY_CODE_TYPE=CtBinaryOperatorImpl|CtForImpl

PATCH_HUNK_CODE=(n % i) >= 0

PATCH_HUNK_TYPE=CtBinaryOperatorImpl|CtForImpl

INGREDIENT_SCOPE=-

INGREDIENT_PARENT=(n % i) >= 0

PATCH_DIFF_ORIG=--- /users2/cpca56132020/moliveira/folders/Figra_25_QUIXBUGS_GET_FACTORS/Figra_QuixBugs_GET_FACTORS_/src/main/java/GET_FACTORSjava
+++ /users2/cpca56132020/moliveira/folders/Figra_25_QUIXBUGS_GET_FACTORS/Figra_QuixBugs_GET_FACTORS_/src/main/java/GET_FACTORSjava
@@ -19,2 +19,2 @@
-		for (int i = 2; i < max;) {
-			if ((n % i) == 0) {
+		for (int i = 2; 
+		(n % i) >= 0; i++) { 			if ((n % i) == 0) {



Patch 2
VARIANT_ID=92
TIME=15
VALIDATION=|true|0|11|[]|
GENERATION=46
FOLDER_SOLUTION_CODE=/users2/cpca56132020/moliveira/folders/Figra_25_QUIXBUGS_GET_FACTORS/Figra_QuixBugs_GET_FACTORS_/./output_astor/AstorMain-GET_FACTORS-//src//variant-92
--Patch Hunk #1
OPERATOR=ExpressionReplaceOperator

LOCATION=java_programs.GET_FACTORS

PATH=/users2/cpca56132020/moliveira/folders/Figra_25_QUIXBUGS_GET_FACTORS/Figra_QuixBugs_GET_FACTORS_/src/main/java/GET_FACTORS.java

MODIFIED_FILE_PATH=/users2/cpca56132020/moliveira/folders/Figra_25_QUIXBUGS_GET_FACTORS/Figra_QuixBugs_GET_FACTORS_/./output_astor/AstorMain-GET_FACTORS-//src//variant-92/java_programs/GET_FACTORS.java

LINE=19

SUSPICIOUNESS=1

MP_RANKING=6

ORIGINAL_CODE=max

BUGGY_CODE_TYPE=CtVariableReadImpl|CtBinaryOperatorImpl

PATCH_HUNK_CODE=n + i

PATCH_HUNK_TYPE=CtBinaryOperatorImpl|CtInvocationImpl

INGREDIENT_SCOPE=-

INGREDIENT_PARENT=n + i

PATCH_DIFF_ORIG=--- /users2/cpca56132020/moliveira/folders/Figra_25_QUIXBUGS_GET_FACTORS/Figra_QuixBugs_GET_FACTORS_/src/main/java/GET_FACTORSjava
+++ /users2/cpca56132020/moliveira/folders/Figra_25_QUIXBUGS_GET_FACTORS/Figra_QuixBugs_GET_FACTORS_/src/main/java/GET_FACTORSjava
@@ -19,5 +19,5 @@
-		for (int i = 2; i < max;) {
-			if ((n % i) == 0) {
-				java.util.ArrayList<java.lang.Integer> prepend = new java.util.ArrayList<java.lang.Integer>(0);
-				prepend.add(i);
-				prepend.addAll(java_programs.GET_FACTORS.get_factors(n / i));
+		for (int i = 2; i < 
+
+
+
+		(n + i); i++) { 			if ((n % i) == 0) { 				java.util.ArrayList<java.lang.Integer> prepend = new java.util.ArrayList<java.lang.Integer>(0); 				prepend.add(i); 				prepend.addAll(java_programs.GET_FACTORS.get_factors(n / i));




real	120m16.476s
user	3m28.431s
sys	0m22.925s
\n\nNode: hpc063.ncg.ingrid.pt\n
\n\nDate: Wed Apr  7 14:01:41 EDT 2021\n
