07:53:14.423 fr.inria.lille.repair.nopol.NoPol - Source files: [src/main/java]
07:53:14.426 fr.inria.lille.repair.nopol.NoPol - Classpath: [file:/users2/cpca56132020/moliveira/folders/Nopol_QUIXBUGS_SQRT/Nopol_QuixBugs_SQRT_/target/classes/, file:/users2/cpca56132020/moliveira/folders/Nopol_QUIXBUGS_SQRT/Nopol_QuixBugs_SQRT_/target/test-classes/, file:/users2/cpca56132020/moliveira/.m2/repository/junit/junit/4.11/junit-4.11.jar, file:/users2/cpca56132020/moliveira/.m2/repository/org/hamcrest/hamcrest-core/1.3/hamcrest-core-1.3.jar, file:/users2/cpca56132020/moliveira/RepairThemAll/script/../repair_tools/nopol.jar]
07:53:14.426 fr.inria.lille.repair.nopol.NoPol - Statement type: PRE_THEN_COND
07:53:14.426 fr.inria.lille.repair.nopol.NoPol - Args: [java_testcases.junit.SQRT_Test]
07:53:14.428 fr.inria.lille.repair.nopol.NoPol - Config: Config{synthesisDepth=3, collectStaticMethods=true, collectStaticFields=false, collectLiterals=false, onlyOneSynthesisResult=true, sortExpressions=true, maxLineInvocationPerTest=250, timeoutMethodInvocation=2000, dataCollectionTimeoutInSecondForSynthesis=900, addWeight=0.19478, subWeight=0.04554, mulWeight=0.0102, divWeight=0.00613, andWeight=0.10597, orWeight=0.05708, eqWeight=0.22798, nEqWeight=0.0, lessEqWeight=0.0255, lessWeight=0.0947, methodCallWeight=0.1, fieldAccessWeight=0.08099, constantWeight=0.14232, variableWeight=0.05195, mode=REPAIR, type=PRE_THEN_COND, synthesis=SMT, oracle=ANGELIC, solver=Z3, solverPath='/users2/cpca56132020/moliveira/RepairThemAll/script/../libs/z3/build/z3', projectSources=[src/main/java], projectClasspath='[Ljava.net.URL;@16c0663d', projectTests=[java_testcases.junit.SQRT_Test], complianceLevel=8, outputFolder=., json=true}
07:53:14.429 fr.inria.lille.repair.nopol.NoPol - Available processors (cores): 1
07:53:14.432 fr.inria.lille.repair.nopol.NoPol - Free memory: 968 MB
07:53:14.432 fr.inria.lille.repair.nopol.NoPol - Maximum memory: 3 GB
07:53:14.432 fr.inria.lille.repair.nopol.NoPol - Total memory available to JVM: 989 MB
07:53:14.432 fr.inria.lille.repair.nopol.NoPol - Java version: 1.8.0_282
07:53:14.435 fr.inria.lille.repair.nopol.NoPol - JAVA_HOME: /users2/cpca56132020/moliveira/deps/jdk-8/bin
07:53:14.435 fr.inria.lille.repair.nopol.NoPol - PATH: /users2/cpca56132020/moliveira/deps/jdk-8/bin:/users2/cpca56132020/moliveira/deps/Maven/apache-maven/bin:/users2/cpca56132020/moliveira/deps/Gradle/gradle-6.8.3/bin:/usr/condabin:/usr/local/bin:/usr/bin:/usr/local/sbin:/usr/sbin:/users2/cpca56132020/moliveira/.local/bin:/users2/cpca56132020/moliveira/bin
07:53:47.613 fr.inria.lille.repair.nopol.NoPol - statement #1
07:53:47.615 fr.inria.lille.repair.nopol.NoPol - Analysing SourceLocation java_programs.SQRT:17 which is executed by 7 tests
07:53:47.741 fr.inria.lille.repair.nopol.NoPol - looking with class fr.inria.lille.repair.nopol.spoon.smt.ConditionalAdder
07:56:42.138 tests.output - Failing tests with false: 
[test_0(java_testcases.junit.SQRT_Test): test timed out after 3000 milliseconds, test_2(java_testcases.junit.SQRT_Test): test timed out after 3000 milliseconds, test_3(java_testcases.junit.SQRT_Test): test timed out after 3000 milliseconds, test_4(java_testcases.junit.SQRT_Test): test timed out after 3000 milliseconds, test_5(java_testcases.junit.SQRT_Test): test timed out after 3000 milliseconds, test_6(java_testcases.junit.SQRT_Test): test timed out after 3000 milliseconds]
07:56:42.138 tests.output - Failing tests with true: 
[test_0(java_testcases.junit.SQRT_Test): test timed out after 3000 milliseconds, test_2(java_testcases.junit.SQRT_Test): test timed out after 3000 milliseconds, test_3(java_testcases.junit.SQRT_Test): test timed out after 3000 milliseconds, test_4(java_testcases.junit.SQRT_Test): test timed out after 3000 milliseconds, test_5(java_testcases.junit.SQRT_Test): test timed out after 3000 milliseconds, test_6(java_testcases.junit.SQRT_Test): test timed out after 3000 milliseconds]
07:56:42.138 f.i.l.r.n.synth.SMTNopolSynthesizer - Not enough specifications: 0. A trivial patch is "true" or "false", please write new tests specifying SourceLocation java_programs.SQRT:17.
07:56:42.139 fr.inria.lille.repair.nopol.NoPol - statement #2
07:56:42.139 fr.inria.lille.repair.nopol.NoPol - Analysing SourceLocation java_programs.SQRT:16 which is executed by 7 tests
07:56:43.526 fr.inria.lille.repair.nopol.NoPol - looking with class fr.inria.lille.repair.nopol.spoon.smt.ConditionalAdder
07:58:03.402 fr.inria.lille.repair.nopol.NoPol - Error ExecutionException java.util.concurrent.ExecutionException: java.lang.OutOfMemoryError
07:58:03.402 fr.inria.lille.repair.nopol.NoPol - statement #3
07:58:03.402 fr.inria.lille.repair.nopol.NoPol - Analysing SourceLocation java_programs.SQRT:15 which is executed by 7 tests
